[0.189s] DEBUG:colcon:Command line arguments: ['/usr/bin/colcon', 'build']
[0.189s] DEBUG:colcon:Parsed command line arguments: Namespace(ament_cmake_args=None, base_paths=['.'], build_base='build', catkin_cmake_args=None, catkin_skip_building_tests=False, cmake_args=None, cmake_clean_cache=False, cmake_clean_first=False, cmake_force_configure=False, cmake_target=None, cmake_target_skip_unavailable=False, continue_on_error=False, event_handlers=None, executor='parallel', ignore_user_meta=False, install_base='install', log_base=None, log_level=None, main=<bound method BuildVerb.main of <colcon_core.verb.build.BuildVerb object at 0x7fc467b99070>>, merge_install=False, metas=['./colcon.meta'], mixin=None, mixin_files=None, mixin_verb=('build',), packages_above=None, packages_above_and_dependencies=None, packages_above_depth=None, packages_end=None, packages_ignore=None, packages_ignore_regex=None, packages_select=None, packages_select_build_failed=False, packages_select_by_dep=None, packages_select_regex=None, packages_select_test_failures=False, packages_skip=None, packages_skip_build_finished=False, packages_skip_by_dep=None, packages_skip_regex=None, packages_skip_test_passed=False, packages_skip_up_to=None, packages_start=None, packages_up_to=None, packages_up_to_regex=None, parallel_workers=12, paths=None, symlink_install=False, test_result_base=None, verb_extension=<colcon_core.verb.build.BuildVerb object at 0x7fc467b99070>, verb_name='build', verb_parser=<colcon_mixin.mixin.mixin_argument.MixinArgumentDecorator object at 0x7fc467b996d0>)
[0.218s] Level 1:colcon.colcon_core.package_discovery:discover_packages(colcon_meta) check parameters
[0.219s] INFO:colcon.colcon_metadata.package_discovery.colcon_meta:Using configuration from '/root/.colcon/metadata/default/Gazebo.meta'
[0.220s] INFO:colcon.colcon_metadata.package_discovery.colcon_meta:Using configuration from '/root/.colcon/metadata/default/fastrtps.meta'
[0.220s] Level 1:colcon.colcon_core.package_discovery:discover_packages(recursive) check parameters
[0.220s] Level 1:colcon.colcon_core.package_discovery:discover_packages(ignore) check parameters
[0.220s] Level 1:colcon.colcon_core.package_discovery:discover_packages(path) check parameters
[0.220s] Level 1:colcon.colcon_core.package_discovery:discover_packages(colcon_meta) discover
[0.220s] Level 1:colcon.colcon_core.package_discovery:discover_packages(recursive) discover
[0.221s] INFO:colcon.colcon_core.package_discovery:Crawling recursively for packages in '/home/dev_ws'
[0.221s] Level 1:colcon.colcon_core.package_identification:_identify(.) by extensions ['ignore', 'ignore_ament_install']
[0.221s] Level 1:colcon.colcon_core.package_identification:_identify(.) by extension 'ignore'
[0.221s] Level 1:colcon.colcon_core.package_identification:_identify(.) by extension 'ignore_ament_install'
[0.221s] Level 1:colcon.colcon_core.package_identification:_identify(.) by extensions ['colcon_pkg']
[0.221s] Level 1:colcon.colcon_core.package_identification:_identify(.) by extension 'colcon_pkg'
[0.221s] Level 1:colcon.colcon_core.package_identification:_identify(.) by extensions ['colcon_meta']
[0.221s] Level 1:colcon.colcon_core.package_identification:_identify(.) by extension 'colcon_meta'
[0.222s] Level 1:colcon.colcon_core.package_identification:_identify(.) by extensions ['ros']
[0.222s] Level 1:colcon.colcon_core.package_identification:_identify(.) by extension 'ros'
[0.236s] Level 1:colcon.colcon_core.package_identification:_identify(.) by extensions ['cmake', 'python']
[0.236s] Level 1:colcon.colcon_core.package_identification:_identify(.) by extension 'cmake'
[0.236s] Level 1:colcon.colcon_core.package_identification:_identify(.) by extension 'python'
[0.236s] Level 1:colcon.colcon_core.package_identification:_identify(.) by extensions ['python_setup_py']
[0.236s] Level 1:colcon.colcon_core.package_identification:_identify(.) by extension 'python_setup_py'
[0.237s] Level 1:colcon.colcon_core.package_identification:_identify(build) by extensions ['ignore', 'ignore_ament_install']
[0.237s] Level 1:colcon.colcon_core.package_identification:_identify(build) by extension 'ignore'
[0.237s] Level 1:colcon.colcon_core.package_identification:_identify(build) ignored
[0.237s] Level 1:colcon.colcon_core.package_identification:_identify(install) by extensions ['ignore', 'ignore_ament_install']
[0.237s] Level 1:colcon.colcon_core.package_identification:_identify(install) by extension 'ignore'
[0.237s] Level 1:colcon.colcon_core.package_identification:_identify(install) ignored
[0.237s] Level 1:colcon.colcon_core.package_identification:_identify(log) by extensions ['ignore', 'ignore_ament_install']
[0.238s] Level 1:colcon.colcon_core.package_identification:_identify(log) by extension 'ignore'
[0.238s] Level 1:colcon.colcon_core.package_identification:_identify(log) ignored
[0.238s] Level 1:colcon.colcon_core.package_identification:_identify(rm) by extensions ['ignore', 'ignore_ament_install']
[0.238s] Level 1:colcon.colcon_core.package_identification:_identify(rm) by extension 'ignore'
[0.238s] Level 1:colcon.colcon_core.package_identification:_identify(rm) by extension 'ignore_ament_install'
[0.238s] Level 1:colcon.colcon_core.package_identification:_identify(rm) by extensions ['colcon_pkg']
[0.238s] Level 1:colcon.colcon_core.package_identification:_identify(rm) by extension 'colcon_pkg'
[0.238s] Level 1:colcon.colcon_core.package_identification:_identify(rm) by extensions ['colcon_meta']
[0.238s] Level 1:colcon.colcon_core.package_identification:_identify(rm) by extension 'colcon_meta'
[0.238s] Level 1:colcon.colcon_core.package_identification:_identify(rm) by extensions ['ros']
[0.238s] Level 1:colcon.colcon_core.package_identification:_identify(rm) by extension 'ros'
[0.239s] Level 1:colcon.colcon_core.package_identification:_identify(rm) by extensions ['cmake', 'python']
[0.239s] Level 1:colcon.colcon_core.package_identification:_identify(rm) by extension 'cmake'
[0.239s] Level 1:colcon.colcon_core.package_identification:_identify(rm) by extension 'python'
[0.239s] Level 1:colcon.colcon_core.package_identification:_identify(rm) by extensions ['python_setup_py']
[0.239s] Level 1:colcon.colcon_core.package_identification:_identify(rm) by extension 'python_setup_py'
[0.239s] Level 1:colcon.colcon_core.package_identification:_identify(src) by extensions ['ignore', 'ignore_ament_install']
[0.239s] Level 1:colcon.colcon_core.package_identification:_identify(src) by extension 'ignore'
[0.239s] Level 1:colcon.colcon_core.package_identification:_identify(src) by extension 'ignore_ament_install'
[0.239s] Level 1:colcon.colcon_core.package_identification:_identify(src) by extensions ['colcon_pkg']
[0.239s] Level 1:colcon.colcon_core.package_identification:_identify(src) by extension 'colcon_pkg'
[0.239s] Level 1:colcon.colcon_core.package_identification:_identify(src) by extensions ['colcon_meta']
[0.239s] Level 1:colcon.colcon_core.package_identification:_identify(src) by extension 'colcon_meta'
[0.240s] Level 1:colcon.colcon_core.package_identification:_identify(src) by extensions ['ros']
[0.240s] Level 1:colcon.colcon_core.package_identification:_identify(src) by extension 'ros'
[0.240s] Level 1:colcon.colcon_core.package_identification:_identify(src) by extensions ['cmake', 'python']
[0.240s] Level 1:colcon.colcon_core.package_identification:_identify(src) by extension 'cmake'
[0.240s] Level 1:colcon.colcon_core.package_identification:_identify(src) by extension 'python'
[0.240s] Level 1:colcon.colcon_core.package_identification:_identify(src) by extensions ['python_setup_py']
[0.240s] Level 1:colcon.colcon_core.package_identification:_identify(src) by extension 'python_setup_py'
[0.240s] Level 1:colcon.colcon_core.package_identification:_identify(src/audio) by extensions ['ignore', 'ignore_ament_install']
[0.240s] Level 1:colcon.colcon_core.package_identification:_identify(src/audio) by extension 'ignore'
[0.241s] Level 1:colcon.colcon_core.package_identification:_identify(src/audio) by extension 'ignore_ament_install'
[0.241s] Level 1:colcon.colcon_core.package_identification:_identify(src/audio) by extensions ['colcon_pkg']
[0.241s] Level 1:colcon.colcon_core.package_identification:_identify(src/audio) by extension 'colcon_pkg'
[0.241s] Level 1:colcon.colcon_core.package_identification:_identify(src/audio) by extensions ['colcon_meta']
[0.241s] Level 1:colcon.colcon_core.package_identification:_identify(src/audio) by extension 'colcon_meta'
[0.241s] Level 1:colcon.colcon_core.package_identification:_identify(src/audio) by extensions ['ros']
[0.241s] Level 1:colcon.colcon_core.package_identification:_identify(src/audio) by extension 'ros'
[0.244s] DEBUG:colcon.colcon_core.package_identification:Package 'src/audio' with type 'ros.ament_python' and name 'audio'
[0.244s] Level 1:colcon.colcon_core.package_identification:_identify(src/build) by extensions ['ignore', 'ignore_ament_install']
[0.244s] Level 1:colcon.colcon_core.package_identification:_identify(src/build) by extension 'ignore'
[0.244s] Level 1:colcon.colcon_core.package_identification:_identify(src/build) ignored
[0.244s] Level 1:colcon.colcon_core.package_identification:_identify(src/face_controller) by extensions ['ignore', 'ignore_ament_install']
[0.244s] Level 1:colcon.colcon_core.package_identification:_identify(src/face_controller) by extension 'ignore'
[0.245s] Level 1:colcon.colcon_core.package_identification:_identify(src/face_controller) by extension 'ignore_ament_install'
[0.245s] Level 1:colcon.colcon_core.package_identification:_identify(src/face_controller) by extensions ['colcon_pkg']
[0.245s] Level 1:colcon.colcon_core.package_identification:_identify(src/face_controller) by extension 'colcon_pkg'
[0.245s] Level 1:colcon.colcon_core.package_identification:_identify(src/face_controller) by extensions ['colcon_meta']
[0.245s] Level 1:colcon.colcon_core.package_identification:_identify(src/face_controller) by extension 'colcon_meta'
[0.245s] Level 1:colcon.colcon_core.package_identification:_identify(src/face_controller) by extensions ['ros']
[0.245s] Level 1:colcon.colcon_core.package_identification:_identify(src/face_controller) by extension 'ros'
[0.246s] DEBUG:colcon.colcon_core.package_identification:Package 'src/face_controller' with type 'ros.ament_python' and name 'face_controller'
[0.246s] Level 1:colcon.colcon_core.package_identification:_identify(src/install) by extensions ['ignore', 'ignore_ament_install']
[0.246s] Level 1:colcon.colcon_core.package_identification:_identify(src/install) by extension 'ignore'
[0.246s] Level 1:colcon.colcon_core.package_identification:_identify(src/install) ignored
[0.246s] Level 1:colcon.colcon_core.package_identification:_identify(src/log) by extensions ['ignore', 'ignore_ament_install']
[0.246s] Level 1:colcon.colcon_core.package_identification:_identify(src/log) by extension 'ignore'
[0.246s] Level 1:colcon.colcon_core.package_identification:_identify(src/log) ignored
[0.247s] Level 1:colcon.colcon_core.package_identification:_identify(src/manipulation) by extensions ['ignore', 'ignore_ament_install']
[0.247s] Level 1:colcon.colcon_core.package_identification:_identify(src/manipulation) by extension 'ignore'
[0.247s] Level 1:colcon.colcon_core.package_identification:_identify(src/manipulation) by extension 'ignore_ament_install'
[0.247s] Level 1:colcon.colcon_core.package_identification:_identify(src/manipulation) by extensions ['colcon_pkg']
[0.247s] Level 1:colcon.colcon_core.package_identification:_identify(src/manipulation) by extension 'colcon_pkg'
[0.247s] Level 1:colcon.colcon_core.package_identification:_identify(src/manipulation) by extensions ['colcon_meta']
[0.247s] Level 1:colcon.colcon_core.package_identification:_identify(src/manipulation) by extension 'colcon_meta'
[0.247s] Level 1:colcon.colcon_core.package_identification:_identify(src/manipulation) by extensions ['ros']
[0.247s] Level 1:colcon.colcon_core.package_identification:_identify(src/manipulation) by extension 'ros'
[0.248s] DEBUG:colcon.colcon_core.package_identification:Package 'src/manipulation' with type 'ros.ament_python' and name 'manipulation'
[0.248s] Level 1:colcon.colcon_core.package_identification:_identify(src/ros_tcp_endpoint) by extensions ['ignore', 'ignore_ament_install']
[0.248s] Level 1:colcon.colcon_core.package_identification:_identify(src/ros_tcp_endpoint) by extension 'ignore'
[0.248s] Level 1:colcon.colcon_core.package_identification:_identify(src/ros_tcp_endpoint) by extension 'ignore_ament_install'
[0.248s] Level 1:colcon.colcon_core.package_identification:_identify(src/ros_tcp_endpoint) by extensions ['colcon_pkg']
[0.248s] Level 1:colcon.colcon_core.package_identification:_identify(src/ros_tcp_endpoint) by extension 'colcon_pkg'
[0.248s] Level 1:colcon.colcon_core.package_identification:_identify(src/ros_tcp_endpoint) by extensions ['colcon_meta']
[0.249s] Level 1:colcon.colcon_core.package_identification:_identify(src/ros_tcp_endpoint) by extension 'colcon_meta'
[0.249s] Level 1:colcon.colcon_core.package_identification:_identify(src/ros_tcp_endpoint) by extensions ['ros']
[0.249s] Level 1:colcon.colcon_core.package_identification:_identify(src/ros_tcp_endpoint) by extension 'ros'
[0.249s] DEBUG:colcon.colcon_core.package_identification:Package 'src/ros_tcp_endpoint' with type 'ros.ament_python' and name 'ros_tcp_endpoint'
[0.249s] Level 1:colcon.colcon_core.package_identification:_identify(src/unity_robotics_demo) by extensions ['ignore', 'ignore_ament_install']
[0.250s] Level 1:colcon.colcon_core.package_identification:_identify(src/unity_robotics_demo) by extension 'ignore'
[0.250s] Level 1:colcon.colcon_core.package_identification:_identify(src/unity_robotics_demo) by extension 'ignore_ament_install'
[0.250s] Level 1:colcon.colcon_core.package_identification:_identify(src/unity_robotics_demo) by extensions ['colcon_pkg']
[0.250s] Level 1:colcon.colcon_core.package_identification:_identify(src/unity_robotics_demo) by extension 'colcon_pkg'
[0.250s] Level 1:colcon.colcon_core.package_identification:_identify(src/unity_robotics_demo) by extensions ['colcon_meta']
[0.250s] Level 1:colcon.colcon_core.package_identification:_identify(src/unity_robotics_demo) by extension 'colcon_meta'
[0.250s] Level 1:colcon.colcon_core.package_identification:_identify(src/unity_robotics_demo) by extensions ['ros']
[0.250s] Level 1:colcon.colcon_core.package_identification:_identify(src/unity_robotics_demo) by extension 'ros'
[0.251s] DEBUG:colcon.colcon_core.package_identification:Package 'src/unity_robotics_demo' with type 'ros.ament_python' and name 'unity_robotics_demo'
[0.251s] Level 1:colcon.colcon_core.package_identification:_identify(src/unity_robotics_demo_msgs) by extensions ['ignore', 'ignore_ament_install']
[0.251s] Level 1:colcon.colcon_core.package_identification:_identify(src/unity_robotics_demo_msgs) by extension 'ignore'
[0.251s] Level 1:colcon.colcon_core.package_identification:_identify(src/unity_robotics_demo_msgs) by extension 'ignore_ament_install'
[0.251s] Level 1:colcon.colcon_core.package_identification:_identify(src/unity_robotics_demo_msgs) by extensions ['colcon_pkg']
[0.252s] Level 1:colcon.colcon_core.package_identification:_identify(src/unity_robotics_demo_msgs) by extension 'colcon_pkg'
[0.252s] Level 1:colcon.colcon_core.package_identification:_identify(src/unity_robotics_demo_msgs) by extensions ['colcon_meta']
[0.252s] Level 1:colcon.colcon_core.package_identification:_identify(src/unity_robotics_demo_msgs) by extension 'colcon_meta'
[0.252s] Level 1:colcon.colcon_core.package_identification:_identify(src/unity_robotics_demo_msgs) by extensions ['ros']
[0.252s] Level 1:colcon.colcon_core.package_identification:_identify(src/unity_robotics_demo_msgs) by extension 'ros'
[0.252s] DEBUG:colcon.colcon_core.package_identification:Package 'src/unity_robotics_demo_msgs' with type 'ros.ament_cmake' and name 'unity_robotics_demo_msgs'
[0.253s] Level 1:colcon.colcon_core.package_identification:_identify(src/utils) by extensions ['ignore', 'ignore_ament_install']
[0.253s] Level 1:colcon.colcon_core.package_identification:_identify(src/utils) by extension 'ignore'
[0.253s] Level 1:colcon.colcon_core.package_identification:_identify(src/utils) by extension 'ignore_ament_install'
[0.253s] Level 1:colcon.colcon_core.package_identification:_identify(src/utils) by extensions ['colcon_pkg']
[0.253s] Level 1:colcon.colcon_core.package_identification:_identify(src/utils) by extension 'colcon_pkg'
[0.253s] Level 1:colcon.colcon_core.package_identification:_identify(src/utils) by extensions ['colcon_meta']
[0.253s] Level 1:colcon.colcon_core.package_identification:_identify(src/utils) by extension 'colcon_meta'
[0.253s] Level 1:colcon.colcon_core.package_identification:_identify(src/utils) by extensions ['ros']
[0.253s] Level 1:colcon.colcon_core.package_identification:_identify(src/utils) by extension 'ros'
[0.254s] DEBUG:colcon.colcon_core.package_identification:Package 'src/utils' with type 'ros.ament_python' and name 'utils'
[0.254s] Level 1:colcon.colcon_core.package_identification:_identify(src/vision) by extensions ['ignore', 'ignore_ament_install']
[0.254s] Level 1:colcon.colcon_core.package_identification:_identify(src/vision) by extension 'ignore'
[0.254s] Level 1:colcon.colcon_core.package_identification:_identify(src/vision) by extension 'ignore_ament_install'
[0.254s] Level 1:colcon.colcon_core.package_identification:_identify(src/vision) by extensions ['colcon_pkg']
[0.254s] Level 1:colcon.colcon_core.package_identification:_identify(src/vision) by extension 'colcon_pkg'
[0.255s] Level 1:colcon.colcon_core.package_identification:_identify(src/vision) by extensions ['colcon_meta']
[0.255s] Level 1:colcon.colcon_core.package_identification:_identify(src/vision) by extension 'colcon_meta'
[0.255s] Level 1:colcon.colcon_core.package_identification:_identify(src/vision) by extensions ['ros']
[0.255s] Level 1:colcon.colcon_core.package_identification:_identify(src/vision) by extension 'ros'
[0.255s] DEBUG:colcon.colcon_core.package_identification:Package 'src/vision' with type 'ros.ament_python' and name 'vision'
[0.255s] Level 1:colcon.colcon_core.package_discovery:discover_packages(recursive) using defaults
[0.255s] Level 1:colcon.colcon_core.package_discovery:discover_packages(ignore) discover
[0.255s] Level 1:colcon.colcon_core.package_discovery:discover_packages(ignore) using defaults
[0.256s] Level 1:colcon.colcon_core.package_discovery:discover_packages(path) discover
[0.256s] Level 1:colcon.colcon_core.package_discovery:discover_packages(path) using defaults
[0.280s] Level 5:colcon.colcon_core.verb:set package 'audio' build argument 'cmake_args' from command line to 'None'
[0.280s] Level 5:colcon.colcon_core.verb:set package 'audio' build argument 'cmake_target' from command line to 'None'
[0.280s] Level 5:colcon.colcon_core.verb:set package 'audio' build argument 'cmake_target_skip_unavailable' from command line to 'False'
[0.280s] Level 5:colcon.colcon_core.verb:set package 'audio' build argument 'cmake_clean_cache' from command line to 'False'
[0.280s] Level 5:colcon.colcon_core.verb:set package 'audio' build argument 'cmake_clean_first' from command line to 'False'
[0.280s] Level 5:colcon.colcon_core.verb:set package 'audio' build argument 'cmake_force_configure' from command line to 'False'
[0.281s] Level 5:colcon.colcon_core.verb:set package 'audio' build argument 'ament_cmake_args' from command line to 'None'
[0.281s] Level 5:colcon.colcon_core.verb:set package 'audio' build argument 'catkin_cmake_args' from command line to 'None'
[0.281s] Level 5:colcon.colcon_core.verb:set package 'audio' build argument 'catkin_skip_building_tests' from command line to 'False'
[0.281s] DEBUG:colcon.colcon_core.verb:Building package 'audio' with the following arguments: {'ament_cmake_args': None, 'build_base': '/home/dev_ws/build/audio', 'catkin_cmake_args': None, 'catkin_skip_building_tests': False, 'cmake_args': None, 'cmake_clean_cache': False, 'cmake_clean_first': False, 'cmake_force_configure': False, 'cmake_target': None, 'cmake_target_skip_unavailable': False, 'install_base': '/home/dev_ws/install/audio', 'merge_install': False, 'path': '/home/dev_ws/src/audio', 'symlink_install': False, 'test_result_base': None}
[0.282s] Level 5:colcon.colcon_core.verb:set package 'face_controller' build argument 'cmake_args' from command line to 'None'
[0.282s] Level 5:colcon.colcon_core.verb:set package 'face_controller' build argument 'cmake_target' from command line to 'None'
[0.282s] Level 5:colcon.colcon_core.verb:set package 'face_controller' build argument 'cmake_target_skip_unavailable' from command line to 'False'
[0.282s] Level 5:colcon.colcon_core.verb:set package 'face_controller' build argument 'cmake_clean_cache' from command line to 'False'
[0.282s] Level 5:colcon.colcon_core.verb:set package 'face_controller' build argument 'cmake_clean_first' from command line to 'False'
[0.282s] Level 5:colcon.colcon_core.verb:set package 'face_controller' build argument 'cmake_force_configure' from command line to 'False'
[0.282s] Level 5:colcon.colcon_core.verb:set package 'face_controller' build argument 'ament_cmake_args' from command line to 'None'
[0.282s] Level 5:colcon.colcon_core.verb:set package 'face_controller' build argument 'catkin_cmake_args' from command line to 'None'
[0.282s] Level 5:colcon.colcon_core.verb:set package 'face_controller' build argument 'catkin_skip_building_tests' from command line to 'False'
[0.282s] DEBUG:colcon.colcon_core.verb:Building package 'face_controller' with the following arguments: {'ament_cmake_args': None, 'build_base': '/home/dev_ws/build/face_controller', 'catkin_cmake_args': None, 'catkin_skip_building_tests': False, 'cmake_args': None, 'cmake_clean_cache': False, 'cmake_clean_first': False, 'cmake_force_configure': False, 'cmake_target': None, 'cmake_target_skip_unavailable': False, 'install_base': '/home/dev_ws/install/face_controller', 'merge_install': False, 'path': '/home/dev_ws/src/face_controller', 'symlink_install': False, 'test_result_base': None}
[0.283s] Level 5:colcon.colcon_core.verb:set package 'manipulation' build argument 'cmake_args' from command line to 'None'
[0.283s] Level 5:colcon.colcon_core.verb:set package 'manipulation' build argument 'cmake_target' from command line to 'None'
[0.283s] Level 5:colcon.colcon_core.verb:set package 'manipulation' build argument 'cmake_target_skip_unavailable' from command line to 'False'
[0.283s] Level 5:colcon.colcon_core.verb:set package 'manipulation' build argument 'cmake_clean_cache' from command line to 'False'
[0.283s] Level 5:colcon.colcon_core.verb:set package 'manipulation' build argument 'cmake_clean_first' from command line to 'False'
[0.283s] Level 5:colcon.colcon_core.verb:set package 'manipulation' build argument 'cmake_force_configure' from command line to 'False'
[0.283s] Level 5:colcon.colcon_core.verb:set package 'manipulation' build argument 'ament_cmake_args' from command line to 'None'
[0.283s] Level 5:colcon.colcon_core.verb:set package 'manipulation' build argument 'catkin_cmake_args' from command line to 'None'
[0.283s] Level 5:colcon.colcon_core.verb:set package 'manipulation' build argument 'catkin_skip_building_tests' from command line to 'False'
[0.283s] DEBUG:colcon.colcon_core.verb:Building package 'manipulation' with the following arguments: {'ament_cmake_args': None, 'build_base': '/home/dev_ws/build/manipulation', 'catkin_cmake_args': None, 'catkin_skip_building_tests': False, 'cmake_args': None, 'cmake_clean_cache': False, 'cmake_clean_first': False, 'cmake_force_configure': False, 'cmake_target': None, 'cmake_target_skip_unavailable': False, 'install_base': '/home/dev_ws/install/manipulation', 'merge_install': False, 'path': '/home/dev_ws/src/manipulation', 'symlink_install': False, 'test_result_base': None}
[0.284s] Level 5:colcon.colcon_core.verb:set package 'ros_tcp_endpoint' build argument 'cmake_args' from command line to 'None'
[0.285s] Level 5:colcon.colcon_core.verb:set package 'ros_tcp_endpoint' build argument 'cmake_target' from command line to 'None'
[0.285s] Level 5:colcon.colcon_core.verb:set package 'ros_tcp_endpoint' build argument 'cmake_target_skip_unavailable' from command line to 'False'
[0.285s] Level 5:colcon.colcon_core.verb:set package 'ros_tcp_endpoint' build argument 'cmake_clean_cache' from command line to 'False'
[0.285s] Level 5:colcon.colcon_core.verb:set package 'ros_tcp_endpoint' build argument 'cmake_clean_first' from command line to 'False'
[0.285s] Level 5:colcon.colcon_core.verb:set package 'ros_tcp_endpoint' build argument 'cmake_force_configure' from command line to 'False'
[0.285s] Level 5:colcon.colcon_core.verb:set package 'ros_tcp_endpoint' build argument 'ament_cmake_args' from command line to 'None'
[0.285s] Level 5:colcon.colcon_core.verb:set package 'ros_tcp_endpoint' build argument 'catkin_cmake_args' from command line to 'None'
[0.285s] Level 5:colcon.colcon_core.verb:set package 'ros_tcp_endpoint' build argument 'catkin_skip_building_tests' from command line to 'False'
[0.285s] DEBUG:colcon.colcon_core.verb:Building package 'ros_tcp_endpoint' with the following arguments: {'ament_cmake_args': None, 'build_base': '/home/dev_ws/build/ros_tcp_endpoint', 'catkin_cmake_args': None, 'catkin_skip_building_tests': False, 'cmake_args': None, 'cmake_clean_cache': False, 'cmake_clean_first': False, 'cmake_force_configure': False, 'cmake_target': None, 'cmake_target_skip_unavailable': False, 'install_base': '/home/dev_ws/install/ros_tcp_endpoint', 'merge_install': False, 'path': '/home/dev_ws/src/ros_tcp_endpoint', 'symlink_install': False, 'test_result_base': None}
[0.286s] Level 5:colcon.colcon_core.verb:set package 'unity_robotics_demo' build argument 'cmake_args' from command line to 'None'
[0.286s] Level 5:colcon.colcon_core.verb:set package 'unity_robotics_demo' build argument 'cmake_target' from command line to 'None'
[0.286s] Level 5:colcon.colcon_core.verb:set package 'unity_robotics_demo' build argument 'cmake_target_skip_unavailable' from command line to 'False'
[0.286s] Level 5:colcon.colcon_core.verb:set package 'unity_robotics_demo' build argument 'cmake_clean_cache' from command line to 'False'
[0.286s] Level 5:colcon.colcon_core.verb:set package 'unity_robotics_demo' build argument 'cmake_clean_first' from command line to 'False'
[0.286s] Level 5:colcon.colcon_core.verb:set package 'unity_robotics_demo' build argument 'cmake_force_configure' from command line to 'False'
[0.286s] Level 5:colcon.colcon_core.verb:set package 'unity_robotics_demo' build argument 'ament_cmake_args' from command line to 'None'
[0.286s] Level 5:colcon.colcon_core.verb:set package 'unity_robotics_demo' build argument 'catkin_cmake_args' from command line to 'None'
[0.286s] Level 5:colcon.colcon_core.verb:set package 'unity_robotics_demo' build argument 'catkin_skip_building_tests' from command line to 'False'
[0.286s] DEBUG:colcon.colcon_core.verb:Building package 'unity_robotics_demo' with the following arguments: {'ament_cmake_args': None, 'build_base': '/home/dev_ws/build/unity_robotics_demo', 'catkin_cmake_args': None, 'catkin_skip_building_tests': False, 'cmake_args': None, 'cmake_clean_cache': False, 'cmake_clean_first': False, 'cmake_force_configure': False, 'cmake_target': None, 'cmake_target_skip_unavailable': False, 'install_base': '/home/dev_ws/install/unity_robotics_demo', 'merge_install': False, 'path': '/home/dev_ws/src/unity_robotics_demo', 'symlink_install': False, 'test_result_base': None}
[0.287s] Level 5:colcon.colcon_core.verb:set package 'unity_robotics_demo_msgs' build argument 'cmake_args' from command line to 'None'
[0.287s] Level 5:colcon.colcon_core.verb:set package 'unity_robotics_demo_msgs' build argument 'cmake_target' from command line to 'None'
[0.287s] Level 5:colcon.colcon_core.verb:set package 'unity_robotics_demo_msgs' build argument 'cmake_target_skip_unavailable' from command line to 'False'
[0.287s] Level 5:colcon.colcon_core.verb:set package 'unity_robotics_demo_msgs' build argument 'cmake_clean_cache' from command line to 'False'
[0.287s] Level 5:colcon.colcon_core.verb:set package 'unity_robotics_demo_msgs' build argument 'cmake_clean_first' from command line to 'False'
[0.287s] Level 5:colcon.colcon_core.verb:set package 'unity_robotics_demo_msgs' build argument 'cmake_force_configure' from command line to 'False'
[0.287s] Level 5:colcon.colcon_core.verb:set package 'unity_robotics_demo_msgs' build argument 'ament_cmake_args' from command line to 'None'
[0.288s] Level 5:colcon.colcon_core.verb:set package 'unity_robotics_demo_msgs' build argument 'catkin_cmake_args' from command line to 'None'
[0.288s] Level 5:colcon.colcon_core.verb:set package 'unity_robotics_demo_msgs' build argument 'catkin_skip_building_tests' from command line to 'False'
[0.288s] DEBUG:colcon.colcon_core.verb:Building package 'unity_robotics_demo_msgs' with the following arguments: {'ament_cmake_args': None, 'build_base': '/home/dev_ws/build/unity_robotics_demo_msgs', 'catkin_cmake_args': None, 'catkin_skip_building_tests': False, 'cmake_args': None, 'cmake_clean_cache': False, 'cmake_clean_first': False, 'cmake_force_configure': False, 'cmake_target': None, 'cmake_target_skip_unavailable': False, 'install_base': '/home/dev_ws/install/unity_robotics_demo_msgs', 'merge_install': False, 'path': '/home/dev_ws/src/unity_robotics_demo_msgs', 'symlink_install': False, 'test_result_base': None}
[0.288s] Level 5:colcon.colcon_core.verb:set package 'utils' build argument 'cmake_args' from command line to 'None'
[0.289s] Level 5:colcon.colcon_core.verb:set package 'utils' build argument 'cmake_target' from command line to 'None'
[0.289s] Level 5:colcon.colcon_core.verb:set package 'utils' build argument 'cmake_target_skip_unavailable' from command line to 'False'
[0.289s] Level 5:colcon.colcon_core.verb:set package 'utils' build argument 'cmake_clean_cache' from command line to 'False'
[0.289s] Level 5:colcon.colcon_core.verb:set package 'utils' build argument 'cmake_clean_first' from command line to 'False'
[0.289s] Level 5:colcon.colcon_core.verb:set package 'utils' build argument 'cmake_force_configure' from command line to 'False'
[0.289s] Level 5:colcon.colcon_core.verb:set package 'utils' build argument 'ament_cmake_args' from command line to 'None'
[0.289s] Level 5:colcon.colcon_core.verb:set package 'utils' build argument 'catkin_cmake_args' from command line to 'None'
[0.289s] Level 5:colcon.colcon_core.verb:set package 'utils' build argument 'catkin_skip_building_tests' from command line to 'False'
[0.289s] DEBUG:colcon.colcon_core.verb:Building package 'utils' with the following arguments: {'ament_cmake_args': None, 'build_base': '/home/dev_ws/build/utils', 'catkin_cmake_args': None, 'catkin_skip_building_tests': False, 'cmake_args': None, 'cmake_clean_cache': False, 'cmake_clean_first': False, 'cmake_force_configure': False, 'cmake_target': None, 'cmake_target_skip_unavailable': False, 'install_base': '/home/dev_ws/install/utils', 'merge_install': False, 'path': '/home/dev_ws/src/utils', 'symlink_install': False, 'test_result_base': None}
[0.290s] Level 5:colcon.colcon_core.verb:set package 'vision' build argument 'cmake_args' from command line to 'None'
[0.290s] Level 5:colcon.colcon_core.verb:set package 'vision' build argument 'cmake_target' from command line to 'None'
[0.290s] Level 5:colcon.colcon_core.verb:set package 'vision' build argument 'cmake_target_skip_unavailable' from command line to 'False'
[0.290s] Level 5:colcon.colcon_core.verb:set package 'vision' build argument 'cmake_clean_cache' from command line to 'False'
[0.290s] Level 5:colcon.colcon_core.verb:set package 'vision' build argument 'cmake_clean_first' from command line to 'False'
[0.290s] Level 5:colcon.colcon_core.verb:set package 'vision' build argument 'cmake_force_configure' from command line to 'False'
[0.290s] Level 5:colcon.colcon_core.verb:set package 'vision' build argument 'ament_cmake_args' from command line to 'None'
[0.290s] Level 5:colcon.colcon_core.verb:set package 'vision' build argument 'catkin_cmake_args' from command line to 'None'
[0.290s] Level 5:colcon.colcon_core.verb:set package 'vision' build argument 'catkin_skip_building_tests' from command line to 'False'
[0.290s] DEBUG:colcon.colcon_core.verb:Building package 'vision' with the following arguments: {'ament_cmake_args': None, 'build_base': '/home/dev_ws/build/vision', 'catkin_cmake_args': None, 'catkin_skip_building_tests': False, 'cmake_args': None, 'cmake_clean_cache': False, 'cmake_clean_first': False, 'cmake_force_configure': False, 'cmake_target': None, 'cmake_target_skip_unavailable': False, 'install_base': '/home/dev_ws/install/vision', 'merge_install': False, 'path': '/home/dev_ws/src/vision', 'symlink_install': False, 'test_result_base': None}
[0.291s] INFO:colcon.colcon_core.executor:Executing jobs using 'parallel' executor
[0.293s] DEBUG:colcon.colcon_parallel_executor.executor.parallel:run_until_complete
[0.294s] INFO:colcon.colcon_ros.task.ament_python.build:Building ROS package in '/home/dev_ws/src/audio' with build type 'ament_python'
[0.294s] Level 1:colcon.colcon_core.shell:create_environment_hook('audio', 'ament_prefix_path')
[0.301s] INFO:colcon.colcon_core.plugin_system:Skipping extension 'colcon_core.shell.bat': Not used on non-Windows systems
[0.301s] INFO:colcon.colcon_core.shell:Creating environment hook '/home/dev_ws/install/audio/share/audio/hook/ament_prefix_path.ps1'
[0.302s] INFO:colcon.colcon_core.shell:Creating environment descriptor '/home/dev_ws/install/audio/share/audio/hook/ament_prefix_path.dsv'
[0.303s] INFO:colcon.colcon_core.shell:Creating environment hook '/home/dev_ws/install/audio/share/audio/hook/ament_prefix_path.sh'
[0.304s] INFO:colcon.colcon_core.shell:Skip shell extension 'powershell' for command environment: Not usable outside of PowerShell
[0.305s] DEBUG:colcon.colcon_core.shell:Skip shell extension 'dsv' for command environment
[0.313s] INFO:colcon.colcon_ros.task.ament_python.build:Building ROS package in '/home/dev_ws/src/face_controller' with build type 'ament_python'
[0.313s] Level 1:colcon.colcon_core.shell:create_environment_hook('face_controller', 'ament_prefix_path')
[0.314s] INFO:colcon.colcon_core.shell:Creating environment hook '/home/dev_ws/install/face_controller/share/face_controller/hook/ament_prefix_path.ps1'
[0.316s] INFO:colcon.colcon_core.shell:Creating environment descriptor '/home/dev_ws/install/face_controller/share/face_controller/hook/ament_prefix_path.dsv'
[0.317s] INFO:colcon.colcon_core.shell:Creating environment hook '/home/dev_ws/install/face_controller/share/face_controller/hook/ament_prefix_path.sh'
[0.318s] INFO:colcon.colcon_core.shell:Skip shell extension 'powershell' for command environment: Not usable outside of PowerShell
[0.318s] DEBUG:colcon.colcon_core.shell:Skip shell extension 'dsv' for command environment
[0.326s] INFO:colcon.colcon_ros.task.ament_python.build:Building ROS package in '/home/dev_ws/src/manipulation' with build type 'ament_python'
[0.326s] Level 1:colcon.colcon_core.shell:create_environment_hook('manipulation', 'ament_prefix_path')
[0.327s] INFO:colcon.colcon_core.shell:Creating environment hook '/home/dev_ws/install/manipulation/share/manipulation/hook/ament_prefix_path.ps1'
[0.328s] INFO:colcon.colcon_core.shell:Creating environment descriptor '/home/dev_ws/install/manipulation/share/manipulation/hook/ament_prefix_path.dsv'
[0.329s] INFO:colcon.colcon_core.shell:Creating environment hook '/home/dev_ws/install/manipulation/share/manipulation/hook/ament_prefix_path.sh'
[0.331s] INFO:colcon.colcon_core.shell:Skip shell extension 'powershell' for command environment: Not usable outside of PowerShell
[0.332s] DEBUG:colcon.colcon_core.shell:Skip shell extension 'dsv' for command environment
[0.342s] INFO:colcon.colcon_ros.task.ament_python.build:Building ROS package in '/home/dev_ws/src/ros_tcp_endpoint' with build type 'ament_python'
[0.343s] Level 1:colcon.colcon_core.shell:create_environment_hook('ros_tcp_endpoint', 'ament_prefix_path')
[0.344s] INFO:colcon.colcon_core.shell:Creating environment hook '/home/dev_ws/install/ros_tcp_endpoint/share/ros_tcp_endpoint/hook/ament_prefix_path.ps1'
[0.345s] INFO:colcon.colcon_core.shell:Creating environment descriptor '/home/dev_ws/install/ros_tcp_endpoint/share/ros_tcp_endpoint/hook/ament_prefix_path.dsv'
[0.346s] INFO:colcon.colcon_core.shell:Creating environment hook '/home/dev_ws/install/ros_tcp_endpoint/share/ros_tcp_endpoint/hook/ament_prefix_path.sh'
[0.348s] INFO:colcon.colcon_core.shell:Skip shell extension 'powershell' for command environment: Not usable outside of PowerShell
[0.348s] DEBUG:colcon.colcon_core.shell:Skip shell extension 'dsv' for command environment
[0.355s] INFO:colcon.colcon_ros.task.ament_python.build:Building ROS package in '/home/dev_ws/src/unity_robotics_demo' with build type 'ament_python'
[0.357s] Level 1:colcon.colcon_core.shell:create_environment_hook('unity_robotics_demo', 'ament_prefix_path')
[0.357s] INFO:colcon.colcon_core.shell:Creating environment hook '/home/dev_ws/install/unity_robotics_demo/share/unity_robotics_demo/hook/ament_prefix_path.ps1'
[0.359s] INFO:colcon.colcon_core.shell:Creating environment descriptor '/home/dev_ws/install/unity_robotics_demo/share/unity_robotics_demo/hook/ament_prefix_path.dsv'
[0.360s] INFO:colcon.colcon_core.shell:Creating environment hook '/home/dev_ws/install/unity_robotics_demo/share/unity_robotics_demo/hook/ament_prefix_path.sh'
[0.363s] INFO:colcon.colcon_core.shell:Skip shell extension 'powershell' for command environment: Not usable outside of PowerShell
[0.363s] DEBUG:colcon.colcon_core.shell:Skip shell extension 'dsv' for command environment
[0.371s] INFO:colcon.colcon_ros.task.ament_cmake.build:Building ROS package in '/home/dev_ws/src/unity_robotics_demo_msgs' with build type 'ament_cmake'
[0.373s] INFO:colcon.colcon_cmake.task.cmake.build:Building CMake package in '/home/dev_ws/src/unity_robotics_demo_msgs'
[0.374s] INFO:colcon.colcon_core.shell:Skip shell extension 'powershell' for command environment: Not usable outside of PowerShell
[0.375s] DEBUG:colcon.colcon_core.shell:Skip shell extension 'dsv' for command environment
[0.382s] INFO:colcon.colcon_ros.task.ament_python.build:Building ROS package in '/home/dev_ws/src/utils' with build type 'ament_python'
[0.383s] Level 1:colcon.colcon_core.shell:create_environment_hook('utils', 'ament_prefix_path')
[0.383s] INFO:colcon.colcon_core.shell:Creating environment hook '/home/dev_ws/install/utils/share/utils/hook/ament_prefix_path.ps1'
[0.385s] INFO:colcon.colcon_core.shell:Creating environment descriptor '/home/dev_ws/install/utils/share/utils/hook/ament_prefix_path.dsv'
[0.386s] INFO:colcon.colcon_core.shell:Creating environment hook '/home/dev_ws/install/utils/share/utils/hook/ament_prefix_path.sh'
[0.387s] INFO:colcon.colcon_core.shell:Skip shell extension 'powershell' for command environment: Not usable outside of PowerShell
[0.387s] DEBUG:colcon.colcon_core.shell:Skip shell extension 'dsv' for command environment
[0.396s] INFO:colcon.colcon_ros.task.ament_python.build:Building ROS package in '/home/dev_ws/src/vision' with build type 'ament_python'
[0.396s] Level 1:colcon.colcon_core.shell:create_environment_hook('vision', 'ament_prefix_path')
[0.397s] INFO:colcon.colcon_core.shell:Creating environment hook '/home/dev_ws/install/vision/share/vision/hook/ament_prefix_path.ps1'
[0.399s] INFO:colcon.colcon_core.shell:Creating environment descriptor '/home/dev_ws/install/vision/share/vision/hook/ament_prefix_path.dsv'
[0.399s] INFO:colcon.colcon_core.shell:Creating environment hook '/home/dev_ws/install/vision/share/vision/hook/ament_prefix_path.sh'
[0.400s] INFO:colcon.colcon_core.shell:Skip shell extension 'powershell' for command environment: Not usable outside of PowerShell
[0.400s] DEBUG:colcon.colcon_core.shell:Skip shell extension 'dsv' for command environment
[0.653s] INFO:colcon.colcon_core.task.python.build:Building Python package in '/home/dev_ws/src/audio'
[0.655s] INFO:colcon.colcon_core.shell:Skip shell extension 'powershell' for command environment: Not usable outside of PowerShell
[0.655s] DEBUG:colcon.colcon_core.shell:Skip shell extension 'dsv' for command environment
[0.896s] INFO:colcon.colcon_core.task.python.build:Building Python package in '/home/dev_ws/src/face_controller'
[0.898s] INFO:colcon.colcon_core.shell:Skip shell extension 'powershell' for command environment: Not usable outside of PowerShell
[0.898s] DEBUG:colcon.colcon_core.shell:Skip shell extension 'dsv' for command environment
[1.155s] INFO:colcon.colcon_core.task.python.build:Building Python package in '/home/dev_ws/src/manipulation'
[1.157s] INFO:colcon.colcon_core.shell:Skip shell extension 'powershell' for command environment: Not usable outside of PowerShell
[1.157s] DEBUG:colcon.colcon_core.shell:Skip shell extension 'dsv' for command environment
[1.402s] INFO:colcon.colcon_core.task.python.build:Building Python package in '/home/dev_ws/src/ros_tcp_endpoint'
[1.403s] INFO:colcon.colcon_core.shell:Skip shell extension 'powershell' for command environment: Not usable outside of PowerShell
[1.403s] DEBUG:colcon.colcon_core.shell:Skip shell extension 'dsv' for command environment
[1.649s] INFO:colcon.colcon_core.task.python.build:Building Python package in '/home/dev_ws/src/unity_robotics_demo'
[1.650s] INFO:colcon.colcon_core.shell:Skip shell extension 'powershell' for command environment: Not usable outside of PowerShell
[1.650s] DEBUG:colcon.colcon_core.shell:Skip shell extension 'dsv' for command environment
[1.667s] DEBUG:colcon.colcon_core.event_handler.log_command:Invoking command in '/home/dev_ws/build/unity_robotics_demo_msgs': CMAKE_PREFIX_PATH=${CMAKE_PREFIX_PATH}:/opt/ros/foxy:/home/dev_ws/install/vision:/home/dev_ws/install/utils:/home/dev_ws/install/unity_robotics_demo:/home/dev_ws/install/ros_tcp_endpoint:/home/dev_ws/install/manipulation:/home/dev_ws/install/face_controller:/home/dev_ws/install/audio /usr/bin/cmake --build /home/dev_ws/build/unity_robotics_demo_msgs -- -j12 -l12
[1.918s] INFO:colcon.colcon_core.task.python.build:Building Python package in '/home/dev_ws/src/utils'
[1.919s] INFO:colcon.colcon_core.shell:Skip shell extension 'powershell' for command environment: Not usable outside of PowerShell
[1.919s] DEBUG:colcon.colcon_core.shell:Skip shell extension 'dsv' for command environment
[2.158s] INFO:colcon.colcon_core.task.python.build:Building Python package in '/home/dev_ws/src/vision'
[2.159s] INFO:colcon.colcon_core.shell:Skip shell extension 'powershell' for command environment: Not usable outside of PowerShell
[2.159s] DEBUG:colcon.colcon_core.shell:Skip shell extension 'dsv' for command environment
[2.183s] DEBUG:colcon.colcon_core.event_handler.log_command:Invoked command in '/home/dev_ws/build/unity_robotics_demo_msgs' returned '0': CMAKE_PREFIX_PATH=${CMAKE_PREFIX_PATH}:/opt/ros/foxy:/home/dev_ws/install/vision:/home/dev_ws/install/utils:/home/dev_ws/install/unity_robotics_demo:/home/dev_ws/install/ros_tcp_endpoint:/home/dev_ws/install/manipulation:/home/dev_ws/install/face_controller:/home/dev_ws/install/audio /usr/bin/cmake --build /home/dev_ws/build/unity_robotics_demo_msgs -- -j12 -l12
[2.482s] DEBUG:colcon.colcon_core.event_handler.log_command:Invoking command in '/home/dev_ws/build/unity_robotics_demo_msgs': CMAKE_PREFIX_PATH=${CMAKE_PREFIX_PATH}:/opt/ros/foxy:/home/dev_ws/install/vision:/home/dev_ws/install/utils:/home/dev_ws/install/unity_robotics_demo:/home/dev_ws/install/ros_tcp_endpoint:/home/dev_ws/install/manipulation:/home/dev_ws/install/face_controller:/home/dev_ws/install/audio /usr/bin/cmake --install /home/dev_ws/build/unity_robotics_demo_msgs
[2.623s] Level 1:colcon.colcon_core.environment:create_environment_scripts_only(unity_robotics_demo_msgs)
[2.640s] Level 1:colcon.colcon_core.environment:checking '/home/dev_ws/install/unity_robotics_demo_msgs' for CMake module files
[2.642s] DEBUG:colcon.colcon_core.event_handler.log_command:Invoked command in '/home/dev_ws/build/unity_robotics_demo_msgs' returned '0': CMAKE_PREFIX_PATH=${CMAKE_PREFIX_PATH}:/opt/ros/foxy:/home/dev_ws/install/vision:/home/dev_ws/install/utils:/home/dev_ws/install/unity_robotics_demo:/home/dev_ws/install/ros_tcp_endpoint:/home/dev_ws/install/manipulation:/home/dev_ws/install/face_controller:/home/dev_ws/install/audio /usr/bin/cmake --install /home/dev_ws/build/unity_robotics_demo_msgs
[2.643s] Level 1:colcon.colcon_core.environment:checking '/home/dev_ws/install/unity_robotics_demo_msgs' for CMake config files
[2.644s] Level 1:colcon.colcon_core.shell:create_environment_hook('unity_robotics_demo_msgs', 'cmake_prefix_path')
[2.646s] INFO:colcon.colcon_core.shell:Creating environment hook '/home/dev_ws/install/unity_robotics_demo_msgs/share/unity_robotics_demo_msgs/hook/cmake_prefix_path.ps1'
[2.649s] INFO:colcon.colcon_core.shell:Creating environment descriptor '/home/dev_ws/install/unity_robotics_demo_msgs/share/unity_robotics_demo_msgs/hook/cmake_prefix_path.dsv'
[2.650s] INFO:colcon.colcon_core.shell:Creating environment hook '/home/dev_ws/install/unity_robotics_demo_msgs/share/unity_robotics_demo_msgs/hook/cmake_prefix_path.sh'
[2.651s] Level 1:colcon.colcon_core.environment:checking '/home/dev_ws/install/unity_robotics_demo_msgs/lib'
[2.652s] Level 1:colcon.colcon_core.shell:create_environment_hook('unity_robotics_demo_msgs', 'ld_library_path_lib')
[2.653s] INFO:colcon.colcon_core.shell:Creating environment hook '/home/dev_ws/install/unity_robotics_demo_msgs/share/unity_robotics_demo_msgs/hook/ld_library_path_lib.ps1'
[2.655s] INFO:colcon.colcon_core.shell:Creating environment descriptor '/home/dev_ws/install/unity_robotics_demo_msgs/share/unity_robotics_demo_msgs/hook/ld_library_path_lib.dsv'
[2.656s] INFO:colcon.colcon_core.shell:Creating environment hook '/home/dev_ws/install/unity_robotics_demo_msgs/share/unity_robotics_demo_msgs/hook/ld_library_path_lib.sh'
[2.657s] Level 1:colcon.colcon_core.environment:checking '/home/dev_ws/install/unity_robotics_demo_msgs/bin'
[2.657s] Level 1:colcon.colcon_core.environment:checking '/home/dev_ws/install/unity_robotics_demo_msgs/lib/pkgconfig/unity_robotics_demo_msgs.pc'
[2.657s] Level 1:colcon.colcon_core.environment:checking '/home/dev_ws/install/unity_robotics_demo_msgs/lib/python3.8/site-packages'
[2.657s] Level 1:colcon.colcon_core.shell:create_environment_hook('unity_robotics_demo_msgs', 'pythonpath')
[2.658s] INFO:colcon.colcon_core.shell:Creating environment hook '/home/dev_ws/install/unity_robotics_demo_msgs/share/unity_robotics_demo_msgs/hook/pythonpath.ps1'
[2.659s] INFO:colcon.colcon_core.shell:Creating environment descriptor '/home/dev_ws/install/unity_robotics_demo_msgs/share/unity_robotics_demo_msgs/hook/pythonpath.dsv'
[2.659s] INFO:colcon.colcon_core.shell:Creating environment hook '/home/dev_ws/install/unity_robotics_demo_msgs/share/unity_robotics_demo_msgs/hook/pythonpath.sh'
[2.661s] Level 1:colcon.colcon_core.environment:checking '/home/dev_ws/install/unity_robotics_demo_msgs/bin'
[2.661s] INFO:colcon.colcon_core.shell:Creating package script '/home/dev_ws/install/unity_robotics_demo_msgs/share/unity_robotics_demo_msgs/package.ps1'
[2.663s] INFO:colcon.colcon_core.shell:Creating package descriptor '/home/dev_ws/install/unity_robotics_demo_msgs/share/unity_robotics_demo_msgs/package.dsv'
[2.665s] INFO:colcon.colcon_core.shell:Creating package script '/home/dev_ws/install/unity_robotics_demo_msgs/share/unity_robotics_demo_msgs/package.sh'
[2.667s] INFO:colcon.colcon_core.shell:Creating package script '/home/dev_ws/install/unity_robotics_demo_msgs/share/unity_robotics_demo_msgs/package.bash'
[2.668s] INFO:colcon.colcon_core.shell:Creating package script '/home/dev_ws/install/unity_robotics_demo_msgs/share/unity_robotics_demo_msgs/package.zsh'
[2.672s] Level 1:colcon.colcon_core.environment:create_file_with_runtime_dependencies(/home/dev_ws/install/unity_robotics_demo_msgs/share/colcon-core/packages/unity_robotics_demo_msgs)
[2.947s] DEBUG:colcon.colcon_core.event_handler.log_command:Invoking command in '/home/dev_ws/src/face_controller': PYTHONPATH=/home/dev_ws/install/face_controller/lib/python3.8/site-packages:${PYTHONPATH} /usr/bin/python3 setup.py egg_info --egg-base ../../build/face_controller build --build-base /home/dev_ws/build/face_controller/build install --prefix /home/dev_ws/install/face_controller --record /home/dev_ws/build/face_controller/install.log --single-version-externally-managed
[2.962s] DEBUG:colcon.colcon_core.event_handler.log_command:Invoking command in '/home/dev_ws/src/audio': PYTHONPATH=/home/dev_ws/install/audio/lib/python3.8/site-packages:${PYTHONPATH} /usr/bin/python3 setup.py egg_info --egg-base ../../build/audio build --build-base /home/dev_ws/build/audio/build install --prefix /home/dev_ws/install/audio --record /home/dev_ws/build/audio/install.log --single-version-externally-managed
[2.983s] DEBUG:colcon.colcon_core.event_handler.log_command:Invoking command in '/home/dev_ws/src/manipulation': PYTHONPATH=/home/dev_ws/install/manipulation/lib/python3.8/site-packages:${PYTHONPATH} /usr/bin/python3 setup.py egg_info --egg-base ../../build/manipulation build --build-base /home/dev_ws/build/manipulation/build install --prefix /home/dev_ws/install/manipulation --record /home/dev_ws/build/manipulation/install.log --single-version-externally-managed
[2.991s] DEBUG:colcon.colcon_core.event_handler.log_command:Invoking command in '/home/dev_ws/src/unity_robotics_demo': PYTHONPATH=/home/dev_ws/install/unity_robotics_demo/lib/python3.8/site-packages:${PYTHONPATH} /usr/bin/python3 setup.py egg_info --egg-base ../../build/unity_robotics_demo build --build-base /home/dev_ws/build/unity_robotics_demo/build install --prefix /home/dev_ws/install/unity_robotics_demo --record /home/dev_ws/build/unity_robotics_demo/install.log --single-version-externally-managed
[2.999s] DEBUG:colcon.colcon_core.event_handler.log_command:Invoking command in '/home/dev_ws/src/ros_tcp_endpoint': PYTHONPATH=/home/dev_ws/install/ros_tcp_endpoint/lib/python3.8/site-packages:${PYTHONPATH} /usr/bin/python3 setup.py egg_info --egg-base ../../build/ros_tcp_endpoint build --build-base /home/dev_ws/build/ros_tcp_endpoint/build install --prefix /home/dev_ws/install/ros_tcp_endpoint --record /home/dev_ws/build/ros_tcp_endpoint/install.log --single-version-externally-managed
[3.038s] DEBUG:colcon.colcon_core.event_handler.log_command:Invoking command in '/home/dev_ws/src/utils': PYTHONPATH=/home/dev_ws/install/utils/lib/python3.8/site-packages:${PYTHONPATH} /usr/bin/python3 setup.py egg_info --egg-base ../../build/utils build --build-base /home/dev_ws/build/utils/build install --prefix /home/dev_ws/install/utils --record /home/dev_ws/build/utils/install.log --single-version-externally-managed
[3.048s] DEBUG:colcon.colcon_core.event_handler.log_command:Invoking command in '/home/dev_ws/src/vision': PYTHONPATH=/home/dev_ws/install/vision/lib/python3.8/site-packages:${PYTHONPATH} /usr/bin/python3 setup.py egg_info --egg-base ../../build/vision build --build-base /home/dev_ws/build/vision/build install --prefix /home/dev_ws/install/vision --record /home/dev_ws/build/vision/install.log --single-version-externally-managed
[3.076s] Level 1:colcon.colcon_core.environment:create_environment_scripts_only(unity_robotics_demo_msgs)
[3.079s] Level 1:colcon.colcon_core.environment:checking '/home/dev_ws/install/unity_robotics_demo_msgs' for CMake module files
[3.081s] Level 1:colcon.colcon_core.environment:checking '/home/dev_ws/install/unity_robotics_demo_msgs' for CMake config files
[3.083s] Level 1:colcon.colcon_core.shell:create_environment_hook('unity_robotics_demo_msgs', 'cmake_prefix_path')
[3.084s] INFO:colcon.colcon_core.shell:Creating environment hook '/home/dev_ws/install/unity_robotics_demo_msgs/share/unity_robotics_demo_msgs/hook/cmake_prefix_path.ps1'
[3.087s] INFO:colcon.colcon_core.shell:Creating environment descriptor '/home/dev_ws/install/unity_robotics_demo_msgs/share/unity_robotics_demo_msgs/hook/cmake_prefix_path.dsv'
[3.088s] INFO:colcon.colcon_core.shell:Creating environment hook '/home/dev_ws/install/unity_robotics_demo_msgs/share/unity_robotics_demo_msgs/hook/cmake_prefix_path.sh'
[3.090s] Level 1:colcon.colcon_core.environment:checking '/home/dev_ws/install/unity_robotics_demo_msgs/lib'
[3.090s] Level 1:colcon.colcon_core.shell:create_environment_hook('unity_robotics_demo_msgs', 'ld_library_path_lib')
[3.091s] INFO:colcon.colcon_core.shell:Creating environment hook '/home/dev_ws/install/unity_robotics_demo_msgs/share/unity_robotics_demo_msgs/hook/ld_library_path_lib.ps1'
[3.091s] INFO:colcon.colcon_core.shell:Creating environment descriptor '/home/dev_ws/install/unity_robotics_demo_msgs/share/unity_robotics_demo_msgs/hook/ld_library_path_lib.dsv'
[3.092s] INFO:colcon.colcon_core.shell:Creating environment hook '/home/dev_ws/install/unity_robotics_demo_msgs/share/unity_robotics_demo_msgs/hook/ld_library_path_lib.sh'
[3.093s] Level 1:colcon.colcon_core.environment:checking '/home/dev_ws/install/unity_robotics_demo_msgs/bin'
[3.094s] Level 1:colcon.colcon_core.environment:checking '/home/dev_ws/install/unity_robotics_demo_msgs/lib/pkgconfig/unity_robotics_demo_msgs.pc'
[3.094s] Level 1:colcon.colcon_core.environment:checking '/home/dev_ws/install/unity_robotics_demo_msgs/lib/python3.8/site-packages'
[3.094s] Level 1:colcon.colcon_core.shell:create_environment_hook('unity_robotics_demo_msgs', 'pythonpath')
[3.096s] INFO:colcon.colcon_core.shell:Creating environment hook '/home/dev_ws/install/unity_robotics_demo_msgs/share/unity_robotics_demo_msgs/hook/pythonpath.ps1'
[3.098s] INFO:colcon.colcon_core.shell:Creating environment descriptor '/home/dev_ws/install/unity_robotics_demo_msgs/share/unity_robotics_demo_msgs/hook/pythonpath.dsv'
[3.099s] INFO:colcon.colcon_core.shell:Creating environment hook '/home/dev_ws/install/unity_robotics_demo_msgs/share/unity_robotics_demo_msgs/hook/pythonpath.sh'
[3.100s] Level 1:colcon.colcon_core.environment:checking '/home/dev_ws/install/unity_robotics_demo_msgs/bin'
[3.102s] INFO:colcon.colcon_core.shell:Creating package script '/home/dev_ws/install/unity_robotics_demo_msgs/share/unity_robotics_demo_msgs/package.ps1'
[3.106s] INFO:colcon.colcon_core.shell:Creating package descriptor '/home/dev_ws/install/unity_robotics_demo_msgs/share/unity_robotics_demo_msgs/package.dsv'
[3.108s] INFO:colcon.colcon_core.shell:Creating package script '/home/dev_ws/install/unity_robotics_demo_msgs/share/unity_robotics_demo_msgs/package.sh'
[3.109s] INFO:colcon.colcon_core.shell:Creating package script '/home/dev_ws/install/unity_robotics_demo_msgs/share/unity_robotics_demo_msgs/package.bash'
[3.110s] INFO:colcon.colcon_core.shell:Creating package script '/home/dev_ws/install/unity_robotics_demo_msgs/share/unity_robotics_demo_msgs/package.zsh'
[3.111s] Level 1:colcon.colcon_core.environment:create_file_with_runtime_dependencies(/home/dev_ws/install/unity_robotics_demo_msgs/share/colcon-core/packages/unity_robotics_demo_msgs)
[3.576s] Level 1:colcon.colcon_core.environment:checking '/home/dev_ws/install/face_controller' for CMake module files
[3.583s] DEBUG:colcon.colcon_core.event_handler.log_command:Invoked command in '/home/dev_ws/src/face_controller' returned '0': PYTHONPATH=/home/dev_ws/install/face_controller/lib/python3.8/site-packages:${PYTHONPATH} /usr/bin/python3 setup.py egg_info --egg-base ../../build/face_controller build --build-base /home/dev_ws/build/face_controller/build install --prefix /home/dev_ws/install/face_controller --record /home/dev_ws/build/face_controller/install.log --single-version-externally-managed
[3.584s] Level 1:colcon.colcon_core.environment:checking '/home/dev_ws/install/face_controller' for CMake config files
[3.593s] Level 1:colcon.colcon_core.environment:checking '/home/dev_ws/install/face_controller/lib'
[3.594s] Level 1:colcon.colcon_core.environment:checking '/home/dev_ws/install/face_controller/bin'
[3.595s] Level 1:colcon.colcon_core.environment:checking '/home/dev_ws/install/face_controller/lib/pkgconfig/face_controller.pc'
[3.596s] Level 1:colcon.colcon_core.environment:checking '/home/dev_ws/install/face_controller/lib/python3.8/site-packages'
[3.596s] Level 1:colcon.colcon_core.shell:create_environment_hook('face_controller', 'pythonpath')
[3.597s] INFO:colcon.colcon_core.shell:Creating environment hook '/home/dev_ws/install/face_controller/share/face_controller/hook/pythonpath.ps1'
[3.601s] INFO:colcon.colcon_core.shell:Creating environment descriptor '/home/dev_ws/install/face_controller/share/face_controller/hook/pythonpath.dsv'
[3.602s] INFO:colcon.colcon_core.shell:Creating environment hook '/home/dev_ws/install/face_controller/share/face_controller/hook/pythonpath.sh'
[3.605s] Level 1:colcon.colcon_core.environment:checking '/home/dev_ws/install/face_controller/bin'
[3.606s] Level 1:colcon.colcon_core.environment:create_environment_scripts_only(face_controller)
[3.608s] INFO:colcon.colcon_core.shell:Creating package script '/home/dev_ws/install/face_controller/share/face_controller/package.ps1'
[3.610s] INFO:colcon.colcon_core.shell:Creating package descriptor '/home/dev_ws/install/face_controller/share/face_controller/package.dsv'
[3.612s] INFO:colcon.colcon_core.shell:Creating package script '/home/dev_ws/install/face_controller/share/face_controller/package.sh'
[3.613s] INFO:colcon.colcon_core.shell:Creating package script '/home/dev_ws/install/face_controller/share/face_controller/package.bash'
[3.615s] INFO:colcon.colcon_core.shell:Creating package script '/home/dev_ws/install/face_controller/share/face_controller/package.zsh'
[3.617s] Level 1:colcon.colcon_core.environment:create_file_with_runtime_dependencies(/home/dev_ws/install/face_controller/share/colcon-core/packages/face_controller)
[3.624s] Level 1:colcon.colcon_core.environment:checking '/home/dev_ws/install/audio' for CMake module files
[3.627s] DEBUG:colcon.colcon_core.event_handler.log_command:Invoked command in '/home/dev_ws/src/audio' returned '0': PYTHONPATH=/home/dev_ws/install/audio/lib/python3.8/site-packages:${PYTHONPATH} /usr/bin/python3 setup.py egg_info --egg-base ../../build/audio build --build-base /home/dev_ws/build/audio/build install --prefix /home/dev_ws/install/audio --record /home/dev_ws/build/audio/install.log --single-version-externally-managed
[3.627s] Level 1:colcon.colcon_core.environment:checking '/home/dev_ws/install/audio' for CMake config files
[3.629s] Level 1:colcon.colcon_core.environment:checking '/home/dev_ws/install/audio/lib'
[3.629s] Level 1:colcon.colcon_core.environment:checking '/home/dev_ws/install/audio/bin'
[3.630s] Level 1:colcon.colcon_core.environment:checking '/home/dev_ws/install/audio/lib/pkgconfig/audio.pc'
[3.631s] Level 1:colcon.colcon_core.environment:checking '/home/dev_ws/install/audio/lib/python3.8/site-packages'
[3.631s] Level 1:colcon.colcon_core.shell:create_environment_hook('audio', 'pythonpath')
[3.633s] INFO:colcon.colcon_core.shell:Creating environment hook '/home/dev_ws/install/audio/share/audio/hook/pythonpath.ps1'
[3.634s] INFO:colcon.colcon_core.shell:Creating environment descriptor '/home/dev_ws/install/audio/share/audio/hook/pythonpath.dsv'
[3.636s] INFO:colcon.colcon_core.shell:Creating environment hook '/home/dev_ws/install/audio/share/audio/hook/pythonpath.sh'
[3.638s] Level 1:colcon.colcon_core.environment:checking '/home/dev_ws/install/audio/bin'
[3.638s] Level 1:colcon.colcon_core.environment:create_environment_scripts_only(audio)
[3.639s] INFO:colcon.colcon_core.shell:Creating package script '/home/dev_ws/install/audio/share/audio/package.ps1'
[3.641s] INFO:colcon.colcon_core.shell:Creating package descriptor '/home/dev_ws/install/audio/share/audio/package.dsv'
[3.642s] INFO:colcon.colcon_core.shell:Creating package script '/home/dev_ws/install/audio/share/audio/package.sh'
[3.643s] INFO:colcon.colcon_core.shell:Creating package script '/home/dev_ws/install/audio/share/audio/package.bash'
[3.645s] INFO:colcon.colcon_core.shell:Creating package script '/home/dev_ws/install/audio/share/audio/package.zsh'
[3.649s] Level 1:colcon.colcon_core.environment:create_file_with_runtime_dependencies(/home/dev_ws/install/audio/share/colcon-core/packages/audio)
[3.656s] Level 1:colcon.colcon_core.environment:checking '/home/dev_ws/install/manipulation' for CMake module files
[3.658s] DEBUG:colcon.colcon_core.event_handler.log_command:Invoked command in '/home/dev_ws/src/manipulation' returned '0': PYTHONPATH=/home/dev_ws/install/manipulation/lib/python3.8/site-packages:${PYTHONPATH} /usr/bin/python3 setup.py egg_info --egg-base ../../build/manipulation build --build-base /home/dev_ws/build/manipulation/build install --prefix /home/dev_ws/install/manipulation --record /home/dev_ws/build/manipulation/install.log --single-version-externally-managed
[3.659s] Level 1:colcon.colcon_core.environment:checking '/home/dev_ws/install/manipulation' for CMake config files
[3.660s] Level 1:colcon.colcon_core.environment:checking '/home/dev_ws/install/manipulation/lib'
[3.660s] Level 1:colcon.colcon_core.environment:checking '/home/dev_ws/install/manipulation/bin'
[3.660s] Level 1:colcon.colcon_core.environment:checking '/home/dev_ws/install/manipulation/lib/pkgconfig/manipulation.pc'
[3.660s] Level 1:colcon.colcon_core.environment:checking '/home/dev_ws/install/manipulation/lib/python3.8/site-packages'
[3.660s] Level 1:colcon.colcon_core.shell:create_environment_hook('manipulation', 'pythonpath')
[3.662s] INFO:colcon.colcon_core.shell:Creating environment hook '/home/dev_ws/install/manipulation/share/manipulation/hook/pythonpath.ps1'
[3.663s] INFO:colcon.colcon_core.shell:Creating environment descriptor '/home/dev_ws/install/manipulation/share/manipulation/hook/pythonpath.dsv'
[3.663s] INFO:colcon.colcon_core.shell:Creating environment hook '/home/dev_ws/install/manipulation/share/manipulation/hook/pythonpath.sh'
[3.664s] Level 1:colcon.colcon_core.environment:checking '/home/dev_ws/install/manipulation/bin'
[3.664s] Level 1:colcon.colcon_core.environment:create_environment_scripts_only(manipulation)
[3.665s] INFO:colcon.colcon_core.shell:Creating package script '/home/dev_ws/install/manipulation/share/manipulation/package.ps1'
[3.666s] INFO:colcon.colcon_core.shell:Creating package descriptor '/home/dev_ws/install/manipulation/share/manipulation/package.dsv'
[3.667s] INFO:colcon.colcon_core.shell:Creating package script '/home/dev_ws/install/manipulation/share/manipulation/package.sh'
[3.667s] INFO:colcon.colcon_core.shell:Creating package script '/home/dev_ws/install/manipulation/share/manipulation/package.bash'
[3.668s] INFO:colcon.colcon_core.shell:Creating package script '/home/dev_ws/install/manipulation/share/manipulation/package.zsh'
[3.668s] Level 1:colcon.colcon_core.environment:create_file_with_runtime_dependencies(/home/dev_ws/install/manipulation/share/colcon-core/packages/manipulation)
[3.673s] Level 1:colcon.colcon_core.environment:checking '/home/dev_ws/install/ros_tcp_endpoint' for CMake module files
[3.675s] DEBUG:colcon.colcon_core.event_handler.log_command:Invoked command in '/home/dev_ws/src/ros_tcp_endpoint' returned '0': PYTHONPATH=/home/dev_ws/install/ros_tcp_endpoint/lib/python3.8/site-packages:${PYTHONPATH} /usr/bin/python3 setup.py egg_info --egg-base ../../build/ros_tcp_endpoint build --build-base /home/dev_ws/build/ros_tcp_endpoint/build install --prefix /home/dev_ws/install/ros_tcp_endpoint --record /home/dev_ws/build/ros_tcp_endpoint/install.log --single-version-externally-managed
[3.676s] Level 1:colcon.colcon_core.environment:checking '/home/dev_ws/install/ros_tcp_endpoint' for CMake config files
[3.677s] Level 1:colcon.colcon_core.environment:checking '/home/dev_ws/install/ros_tcp_endpoint/lib'
[3.677s] Level 1:colcon.colcon_core.environment:checking '/home/dev_ws/install/ros_tcp_endpoint/bin'
[3.677s] Level 1:colcon.colcon_core.environment:checking '/home/dev_ws/install/ros_tcp_endpoint/lib/pkgconfig/ros_tcp_endpoint.pc'
[3.677s] Level 1:colcon.colcon_core.environment:checking '/home/dev_ws/install/ros_tcp_endpoint/lib/python3.8/site-packages'
[3.678s] Level 1:colcon.colcon_core.shell:create_environment_hook('ros_tcp_endpoint', 'pythonpath')
[3.678s] INFO:colcon.colcon_core.shell:Creating environment hook '/home/dev_ws/install/ros_tcp_endpoint/share/ros_tcp_endpoint/hook/pythonpath.ps1'
[3.679s] INFO:colcon.colcon_core.shell:Creating environment descriptor '/home/dev_ws/install/ros_tcp_endpoint/share/ros_tcp_endpoint/hook/pythonpath.dsv'
[3.680s] INFO:colcon.colcon_core.shell:Creating environment hook '/home/dev_ws/install/ros_tcp_endpoint/share/ros_tcp_endpoint/hook/pythonpath.sh'
[3.680s] Level 1:colcon.colcon_core.environment:checking '/home/dev_ws/install/ros_tcp_endpoint/bin'
[3.680s] Level 1:colcon.colcon_core.environment:create_environment_scripts_only(ros_tcp_endpoint)
[3.681s] INFO:colcon.colcon_core.shell:Creating package script '/home/dev_ws/install/ros_tcp_endpoint/share/ros_tcp_endpoint/package.ps1'
[3.682s] INFO:colcon.colcon_core.shell:Creating package descriptor '/home/dev_ws/install/ros_tcp_endpoint/share/ros_tcp_endpoint/package.dsv'
[3.683s] INFO:colcon.colcon_core.shell:Creating package script '/home/dev_ws/install/ros_tcp_endpoint/share/ros_tcp_endpoint/package.sh'
[3.683s] INFO:colcon.colcon_core.shell:Creating package script '/home/dev_ws/install/ros_tcp_endpoint/share/ros_tcp_endpoint/package.bash'
[3.684s] INFO:colcon.colcon_core.shell:Creating package script '/home/dev_ws/install/ros_tcp_endpoint/share/ros_tcp_endpoint/package.zsh'
[3.685s] Level 1:colcon.colcon_core.environment:create_file_with_runtime_dependencies(/home/dev_ws/install/ros_tcp_endpoint/share/colcon-core/packages/ros_tcp_endpoint)
[3.687s] Level 1:colcon.colcon_core.environment:checking '/home/dev_ws/install/unity_robotics_demo' for CMake module files
[3.689s] DEBUG:colcon.colcon_core.event_handler.log_command:Invoked command in '/home/dev_ws/src/unity_robotics_demo' returned '0': PYTHONPATH=/home/dev_ws/install/unity_robotics_demo/lib/python3.8/site-packages:${PYTHONPATH} /usr/bin/python3 setup.py egg_info --egg-base ../../build/unity_robotics_demo build --build-base /home/dev_ws/build/unity_robotics_demo/build install --prefix /home/dev_ws/install/unity_robotics_demo --record /home/dev_ws/build/unity_robotics_demo/install.log --single-version-externally-managed
[3.689s] Level 1:colcon.colcon_core.environment:checking '/home/dev_ws/install/unity_robotics_demo' for CMake config files
[3.690s] Level 1:colcon.colcon_core.environment:checking '/home/dev_ws/install/unity_robotics_demo/lib'
[3.690s] Level 1:colcon.colcon_core.environment:checking '/home/dev_ws/install/unity_robotics_demo/bin'
[3.690s] Level 1:colcon.colcon_core.environment:checking '/home/dev_ws/install/unity_robotics_demo/lib/pkgconfig/unity_robotics_demo.pc'
[3.691s] Level 1:colcon.colcon_core.environment:checking '/home/dev_ws/install/unity_robotics_demo/lib/python3.8/site-packages'
[3.691s] Level 1:colcon.colcon_core.shell:create_environment_hook('unity_robotics_demo', 'pythonpath')
[3.691s] INFO:colcon.colcon_core.shell:Creating environment hook '/home/dev_ws/install/unity_robotics_demo/share/unity_robotics_demo/hook/pythonpath.ps1'
[3.692s] INFO:colcon.colcon_core.shell:Creating environment descriptor '/home/dev_ws/install/unity_robotics_demo/share/unity_robotics_demo/hook/pythonpath.dsv'
[3.693s] INFO:colcon.colcon_core.shell:Creating environment hook '/home/dev_ws/install/unity_robotics_demo/share/unity_robotics_demo/hook/pythonpath.sh'
[3.694s] Level 1:colcon.colcon_core.environment:checking '/home/dev_ws/install/unity_robotics_demo/bin'
[3.694s] Level 1:colcon.colcon_core.environment:create_environment_scripts_only(unity_robotics_demo)
[3.695s] INFO:colcon.colcon_core.shell:Creating package script '/home/dev_ws/install/unity_robotics_demo/share/unity_robotics_demo/package.ps1'
[3.695s] INFO:colcon.colcon_core.shell:Creating package descriptor '/home/dev_ws/install/unity_robotics_demo/share/unity_robotics_demo/package.dsv'
[3.696s] INFO:colcon.colcon_core.shell:Creating package script '/home/dev_ws/install/unity_robotics_demo/share/unity_robotics_demo/package.sh'
[3.696s] INFO:colcon.colcon_core.shell:Creating package script '/home/dev_ws/install/unity_robotics_demo/share/unity_robotics_demo/package.bash'
[3.697s] INFO:colcon.colcon_core.shell:Creating package script '/home/dev_ws/install/unity_robotics_demo/share/unity_robotics_demo/package.zsh'
[3.697s] Level 1:colcon.colcon_core.environment:create_file_with_runtime_dependencies(/home/dev_ws/install/unity_robotics_demo/share/colcon-core/packages/unity_robotics_demo)
[3.700s] Level 1:colcon.colcon_core.environment:checking '/home/dev_ws/install/utils' for CMake module files
[3.703s] DEBUG:colcon.colcon_core.event_handler.log_command:Invoked command in '/home/dev_ws/src/utils' returned '0': PYTHONPATH=/home/dev_ws/install/utils/lib/python3.8/site-packages:${PYTHONPATH} /usr/bin/python3 setup.py egg_info --egg-base ../../build/utils build --build-base /home/dev_ws/build/utils/build install --prefix /home/dev_ws/install/utils --record /home/dev_ws/build/utils/install.log --single-version-externally-managed
[3.704s] Level 1:colcon.colcon_core.environment:checking '/home/dev_ws/install/utils' for CMake config files
[3.705s] Level 1:colcon.colcon_core.environment:checking '/home/dev_ws/install/utils/lib'
[3.705s] Level 1:colcon.colcon_core.environment:checking '/home/dev_ws/install/utils/bin'
[3.705s] Level 1:colcon.colcon_core.environment:checking '/home/dev_ws/install/utils/lib/pkgconfig/utils.pc'
[3.705s] Level 1:colcon.colcon_core.environment:checking '/home/dev_ws/install/utils/lib/python3.8/site-packages'
[3.705s] Level 1:colcon.colcon_core.shell:create_environment_hook('utils', 'pythonpath')
[3.706s] INFO:colcon.colcon_core.shell:Creating environment hook '/home/dev_ws/install/utils/share/utils/hook/pythonpath.ps1'
[3.706s] INFO:colcon.colcon_core.shell:Creating environment descriptor '/home/dev_ws/install/utils/share/utils/hook/pythonpath.dsv'
[3.707s] INFO:colcon.colcon_core.shell:Creating environment hook '/home/dev_ws/install/utils/share/utils/hook/pythonpath.sh'
[3.707s] Level 1:colcon.colcon_core.environment:checking '/home/dev_ws/install/utils/bin'
[3.708s] Level 1:colcon.colcon_core.environment:create_environment_scripts_only(utils)
[3.709s] INFO:colcon.colcon_core.shell:Creating package script '/home/dev_ws/install/utils/share/utils/package.ps1'
[3.710s] INFO:colcon.colcon_core.shell:Creating package descriptor '/home/dev_ws/install/utils/share/utils/package.dsv'
[3.710s] INFO:colcon.colcon_core.shell:Creating package script '/home/dev_ws/install/utils/share/utils/package.sh'
[3.711s] INFO:colcon.colcon_core.shell:Creating package script '/home/dev_ws/install/utils/share/utils/package.bash'
[3.711s] INFO:colcon.colcon_core.shell:Creating package script '/home/dev_ws/install/utils/share/utils/package.zsh'
[3.712s] Level 1:colcon.colcon_core.environment:create_file_with_runtime_dependencies(/home/dev_ws/install/utils/share/colcon-core/packages/utils)
[3.714s] Level 1:colcon.colcon_core.environment:checking '/home/dev_ws/install/vision' for CMake module files
[3.716s] DEBUG:colcon.colcon_core.event_handler.log_command:Invoked command in '/home/dev_ws/src/vision' returned '0': PYTHONPATH=/home/dev_ws/install/vision/lib/python3.8/site-packages:${PYTHONPATH} /usr/bin/python3 setup.py egg_info --egg-base ../../build/vision build --build-base /home/dev_ws/build/vision/build install --prefix /home/dev_ws/install/vision --record /home/dev_ws/build/vision/install.log --single-version-externally-managed
[3.716s] Level 1:colcon.colcon_core.environment:checking '/home/dev_ws/install/vision' for CMake config files
[3.718s] Level 1:colcon.colcon_core.environment:checking '/home/dev_ws/install/vision/lib'
[3.718s] Level 1:colcon.colcon_core.environment:checking '/home/dev_ws/install/vision/bin'
[3.718s] Level 1:colcon.colcon_core.environment:checking '/home/dev_ws/install/vision/lib/pkgconfig/vision.pc'
[3.718s] Level 1:colcon.colcon_core.environment:checking '/home/dev_ws/install/vision/lib/python3.8/site-packages'
[3.719s] Level 1:colcon.colcon_core.shell:create_environment_hook('vision', 'pythonpath')
[3.720s] INFO:colcon.colcon_core.shell:Creating environment hook '/home/dev_ws/install/vision/share/vision/hook/pythonpath.ps1'
[3.721s] INFO:colcon.colcon_core.shell:Creating environment descriptor '/home/dev_ws/install/vision/share/vision/hook/pythonpath.dsv'
[3.721s] INFO:colcon.colcon_core.shell:Creating environment hook '/home/dev_ws/install/vision/share/vision/hook/pythonpath.sh'
[3.722s] Level 1:colcon.colcon_core.environment:checking '/home/dev_ws/install/vision/bin'
[3.722s] Level 1:colcon.colcon_core.environment:create_environment_scripts_only(vision)
[3.723s] INFO:colcon.colcon_core.shell:Creating package script '/home/dev_ws/install/vision/share/vision/package.ps1'
[3.724s] INFO:colcon.colcon_core.shell:Creating package descriptor '/home/dev_ws/install/vision/share/vision/package.dsv'
[3.725s] INFO:colcon.colcon_core.shell:Creating package script '/home/dev_ws/install/vision/share/vision/package.sh'
[3.726s] INFO:colcon.colcon_core.shell:Creating package script '/home/dev_ws/install/vision/share/vision/package.bash'
[3.726s] INFO:colcon.colcon_core.shell:Creating package script '/home/dev_ws/install/vision/share/vision/package.zsh'
[3.726s] Level 1:colcon.colcon_core.environment:create_file_with_runtime_dependencies(/home/dev_ws/install/vision/share/colcon-core/packages/vision)
[3.727s] DEBUG:colcon.colcon_parallel_executor.executor.parallel:closing loop
[3.728s] DEBUG:colcon.colcon_parallel_executor.executor.parallel:loop closed
[3.728s] DEBUG:colcon.colcon_parallel_executor.executor.parallel:run_until_complete finished with '0'
[3.729s] DEBUG:colcon.colcon_core.event_reactor:joining thread
[3.741s] INFO:colcon.colcon_core.plugin_system:Skipping extension 'colcon_notification.desktop_notification.notify_send': Could not find 'notify-send'
[3.741s] INFO:colcon.colcon_core.plugin_system:Skipping extension 'colcon_notification.desktop_notification.terminal_notifier': Not used on non-Darwin systems
[3.742s] INFO:colcon.colcon_core.plugin_system:Skipping extension 'colcon_notification.desktop_notification.win32': Not used on non-Windows systems
[3.742s] INFO:colcon.colcon_notification.desktop_notification:Sending desktop notification using 'notify2'
[3.742s] DEBUG:colcon.colcon_notification.desktop_notification.notify2:Failed to initialize notify2: org.freedesktop.DBus.Error.NotSupported: Unable to autolaunch a dbus-daemon without a $DISPLAY for X11
[3.742s] DEBUG:colcon.colcon_core.event_reactor:joined thread
[3.743s] INFO:colcon.colcon_core.shell:Creating prefix script '/home/dev_ws/install/local_setup.ps1'
[3.744s] INFO:colcon.colcon_core.shell:Creating prefix util module '/home/dev_ws/install/_local_setup_util_ps1.py'
[3.746s] INFO:colcon.colcon_core.shell:Creating prefix chain script '/home/dev_ws/install/setup.ps1'
[3.748s] INFO:colcon.colcon_core.shell:Creating prefix script '/home/dev_ws/install/local_setup.sh'
[3.749s] INFO:colcon.colcon_core.shell:Creating prefix util module '/home/dev_ws/install/_local_setup_util_sh.py'
[3.749s] INFO:colcon.colcon_core.shell:Creating prefix chain script '/home/dev_ws/install/setup.sh'
[3.751s] INFO:colcon.colcon_core.shell:Creating prefix script '/home/dev_ws/install/local_setup.bash'
[3.753s] INFO:colcon.colcon_core.shell:Creating prefix chain script '/home/dev_ws/install/setup.bash'
[3.756s] INFO:colcon.colcon_core.shell:Creating prefix script '/home/dev_ws/install/local_setup.zsh'
[3.757s] INFO:colcon.colcon_core.shell:Creating prefix chain script '/home/dev_ws/install/setup.zsh'
