[5.116s] Invoking command in '/home/dev_ws/src/vision': PYTHONPATH=/home/dev_ws/install/vision/lib/python3.8/site-packages:${PYTHONPATH} /usr/bin/python3 setup.py egg_info --egg-base ../../build/vision build --build-base /home/dev_ws/build/vision/build install --prefix /home/dev_ws/install/vision --record /home/dev_ws/build/vision/install.log --single-version-externally-managed
[5.948s] running egg_info
[5.954s] writing ../../build/vision/vision.egg-info/PKG-INFO
[5.963s] writing dependency_links to ../../build/vision/vision.egg-info/dependency_links.txt
[5.964s] writing entry points to ../../build/vision/vision.egg-info/entry_points.txt
[5.964s] writing requirements to ../../build/vision/vision.egg-info/requires.txt
[5.965s] writing top-level names to ../../build/vision/vision.egg-info/top_level.txt
[6.119s] reading manifest file '../../build/vision/vision.egg-info/SOURCES.txt'
[6.123s] writing manifest file '../../build/vision/vision.egg-info/SOURCES.txt'
[6.131s] running build
[6.133s] running build_py
[6.135s] running install
[6.136s] running install_lib
[6.146s] running install_data
[6.148s] running install_egg_info
[6.149s] removing '/home/dev_ws/install/vision/lib/python3.8/site-packages/vision-0.0.0-py3.8.egg-info' (and everything under it)
[6.151s] Copying ../../build/vision/vision.egg-info to /home/dev_ws/install/vision/lib/python3.8/site-packages/vision-0.0.0-py3.8.egg-info
[6.152s] running install_scripts
[6.248s] Installing color_detector script to /home/dev_ws/install/vision/lib/vision
[6.250s] Installing face_detector script to /home/dev_ws/install/vision/lib/vision
[6.251s] Installing face_recognizer script to /home/dev_ws/install/vision/lib/vision
[6.251s] Installing facial_expression_detector script to /home/dev_ws/install/vision/lib/vision
[6.252s] writing list of installed files to '/home/dev_ws/build/vision/install.log'
[6.415s] Invoked command in '/home/dev_ws/src/vision' returned '0': PYTHONPATH=/home/dev_ws/install/vision/lib/python3.8/site-packages:${PYTHONPATH} /usr/bin/python3 setup.py egg_info --egg-base ../../build/vision build --build-base /home/dev_ws/build/vision/build install --prefix /home/dev_ws/install/vision --record /home/dev_ws/build/vision/install.log --single-version-externally-managed
