[5.956s] Invoking command in '/home/dev_ws/src/vision': PYTHONPATH=/home/dev_ws/install/vision/lib/python3.8/site-packages:${PYTHONPATH} /usr/bin/python3 setup.py egg_info --egg-base ../../build/vision build --build-base /home/dev_ws/build/vision/build install --prefix /home/dev_ws/install/vision --record /home/dev_ws/build/vision/install.log --single-version-externally-managed
[7.071s] running egg_info
[7.073s] writing ../../build/vision/vision.egg-info/PKG-INFO
[7.074s] writing dependency_links to ../../build/vision/vision.egg-info/dependency_links.txt
[7.078s] writing entry points to ../../build/vision/vision.egg-info/entry_points.txt
[7.079s] writing requirements to ../../build/vision/vision.egg-info/requires.txt
[7.079s] writing top-level names to ../../build/vision/vision.egg-info/top_level.txt
[7.289s] reading manifest file '../../build/vision/vision.egg-info/SOURCES.txt'
[7.294s] writing manifest file '../../build/vision/vision.egg-info/SOURCES.txt'
[7.296s] running build
[7.298s] running build_py
[7.298s] running install
[7.300s] running install_lib
[7.308s] running install_data
[7.309s] running install_egg_info
[7.334s] removing '/home/dev_ws/install/vision/lib/python3.8/site-packages/vision-0.0.0-py3.8.egg-info' (and everything under it)
[7.335s] Copying ../../build/vision/vision.egg-info to /home/dev_ws/install/vision/lib/python3.8/site-packages/vision-0.0.0-py3.8.egg-info
[7.337s] running install_scripts
[7.461s] Installing color_detector script to /home/dev_ws/install/vision/lib/vision
[7.462s] Installing face_detector script to /home/dev_ws/install/vision/lib/vision
[7.464s] Installing face_recognizer script to /home/dev_ws/install/vision/lib/vision
[7.468s] Installing facial_expression_detector script to /home/dev_ws/install/vision/lib/vision
[7.469s] writing list of installed files to '/home/dev_ws/build/vision/install.log'
[7.710s] Invoked command in '/home/dev_ws/src/vision' returned '0': PYTHONPATH=/home/dev_ws/install/vision/lib/python3.8/site-packages:${PYTHONPATH} /usr/bin/python3 setup.py egg_info --egg-base ../../build/vision build --build-base /home/dev_ws/build/vision/build install --prefix /home/dev_ws/install/vision --record /home/dev_ws/build/vision/install.log --single-version-externally-managed
