[2.666s] Invoking command in '/home/dev_ws/src/face_controller': PYTHONPATH=/home/dev_ws/install/face_controller/lib/python3.8/site-packages:${PYTHONPATH} /usr/bin/python3 setup.py egg_info --egg-base ../../build/face_controller build --build-base /home/dev_ws/build/face_controller/build install --prefix /home/dev_ws/install/face_controller --record /home/dev_ws/build/face_controller/install.log --single-version-externally-managed
[3.028s] running egg_info
[3.030s] writing ../../build/face_controller/face_controller.egg-info/PKG-INFO
[3.031s] writing dependency_links to ../../build/face_controller/face_controller.egg-info/dependency_links.txt
[3.031s] writing entry points to ../../build/face_controller/face_controller.egg-info/entry_points.txt
[3.031s] writing requirements to ../../build/face_controller/face_controller.egg-info/requires.txt
[3.031s] writing top-level names to ../../build/face_controller/face_controller.egg-info/top_level.txt
[3.112s] reading manifest file '../../build/face_controller/face_controller.egg-info/SOURCES.txt'
[3.114s] writing manifest file '../../build/face_controller/face_controller.egg-info/SOURCES.txt'
[3.115s] running build
[3.115s] running build_py
[3.116s] running install
[3.117s] running install_lib
[3.122s] running install_data
[3.122s] running install_egg_info
[3.125s] removing '/home/dev_ws/install/face_controller/lib/python3.8/site-packages/face_controller-0.0.0-py3.8.egg-info' (and everything under it)
[3.126s] Copying ../../build/face_controller/face_controller.egg-info to /home/dev_ws/install/face_controller/lib/python3.8/site-packages/face_controller-0.0.0-py3.8.egg-info
[3.129s] running install_scripts
[3.175s] Installing facial_expression script to /home/dev_ws/install/face_controller/lib/face_controller
[3.177s] writing list of installed files to '/home/dev_ws/build/face_controller/install.log'
[3.356s] Invoked command in '/home/dev_ws/src/face_controller' returned '0': PYTHONPATH=/home/dev_ws/install/face_controller/lib/python3.8/site-packages:${PYTHONPATH} /usr/bin/python3 setup.py egg_info --egg-base ../../build/face_controller build --build-base /home/dev_ws/build/face_controller/build install --prefix /home/dev_ws/install/face_controller --record /home/dev_ws/build/face_controller/install.log --single-version-externally-managed
