[5.483s] Invoking command in '/home/dev_ws/src/vision': PYTHONPATH=/home/dev_ws/install/vision/lib/python3.8/site-packages:${PYTHONPATH} /usr/bin/python3 setup.py egg_info --egg-base ../../build/vision build --build-base /home/dev_ws/build/vision/build install --prefix /home/dev_ws/install/vision --record /home/dev_ws/build/vision/install.log --single-version-externally-managed
[6.332s] running egg_info
[6.332s] writing ../../build/vision/vision.egg-info/PKG-INFO
[6.333s] writing dependency_links to ../../build/vision/vision.egg-info/dependency_links.txt
[6.333s] writing entry points to ../../build/vision/vision.egg-info/entry_points.txt
[6.333s] writing requirements to ../../build/vision/vision.egg-info/requires.txt
[6.333s] writing top-level names to ../../build/vision/vision.egg-info/top_level.txt
[6.520s] reading manifest file '../../build/vision/vision.egg-info/SOURCES.txt'
[6.531s] writing manifest file '../../build/vision/vision.egg-info/SOURCES.txt'
[6.534s] running build
[6.536s] running build_py
[6.537s] running install
[6.541s] running install_lib
[6.550s] running install_data
[6.551s] running install_egg_info
[6.563s] removing '/home/dev_ws/install/vision/lib/python3.8/site-packages/vision-0.0.0-py3.8.egg-info' (and everything under it)
[6.564s] Copying ../../build/vision/vision.egg-info to /home/dev_ws/install/vision/lib/python3.8/site-packages/vision-0.0.0-py3.8.egg-info
[6.567s] running install_scripts
[6.693s] Installing color_detector script to /home/dev_ws/install/vision/lib/vision
[6.694s] Installing face_detector script to /home/dev_ws/install/vision/lib/vision
[6.694s] Installing face_recognizer script to /home/dev_ws/install/vision/lib/vision
[6.694s] Installing facial_expression_detector script to /home/dev_ws/install/vision/lib/vision
[6.694s] writing list of installed files to '/home/dev_ws/build/vision/install.log'
[6.934s] Invoked command in '/home/dev_ws/src/vision' returned '0': PYTHONPATH=/home/dev_ws/install/vision/lib/python3.8/site-packages:${PYTHONPATH} /usr/bin/python3 setup.py egg_info --egg-base ../../build/vision build --build-base /home/dev_ws/build/vision/build install --prefix /home/dev_ws/install/vision --record /home/dev_ws/build/vision/install.log --single-version-externally-managed
