[4.840s] Invoking command in '/home/dev_ws/src/face_controller': PYTHONPATH=/home/dev_ws/install/face_controller/lib/python3.8/site-packages:${PYTHONPATH} /usr/bin/python3 setup.py egg_info --egg-base ../../build/face_controller build --build-base /home/dev_ws/build/face_controller/build install --prefix /home/dev_ws/install/face_controller --record /home/dev_ws/build/face_controller/install.log --single-version-externally-managed
[5.586s] running egg_info
[5.589s] writing ../../build/face_controller/face_controller.egg-info/PKG-INFO
[5.592s] writing dependency_links to ../../build/face_controller/face_controller.egg-info/dependency_links.txt
[5.593s] writing entry points to ../../build/face_controller/face_controller.egg-info/entry_points.txt
[5.594s] writing requirements to ../../build/face_controller/face_controller.egg-info/requires.txt
[5.595s] writing top-level names to ../../build/face_controller/face_controller.egg-info/top_level.txt
[5.790s] reading manifest file '../../build/face_controller/face_controller.egg-info/SOURCES.txt'
[5.794s] writing manifest file '../../build/face_controller/face_controller.egg-info/SOURCES.txt'
[5.795s] running build
[5.796s] running build_py
[5.797s] running install
[5.799s] running install_lib
[5.804s] running install_data
[5.806s] running install_egg_info
[5.813s] removing '/home/dev_ws/install/face_controller/lib/python3.8/site-packages/face_controller-0.0.0-py3.8.egg-info' (and everything under it)
[5.817s] Copying ../../build/face_controller/face_controller.egg-info to /home/dev_ws/install/face_controller/lib/python3.8/site-packages/face_controller-0.0.0-py3.8.egg-info
[5.827s] running install_scripts
[5.901s] Installing facial_expression script to /home/dev_ws/install/face_controller/lib/face_controller
[5.903s] writing list of installed files to '/home/dev_ws/build/face_controller/install.log'
[6.085s] Invoked command in '/home/dev_ws/src/face_controller' returned '0': PYTHONPATH=/home/dev_ws/install/face_controller/lib/python3.8/site-packages:${PYTHONPATH} /usr/bin/python3 setup.py egg_info --egg-base ../../build/face_controller build --build-base /home/dev_ws/build/face_controller/build install --prefix /home/dev_ws/install/face_controller --record /home/dev_ws/build/face_controller/install.log --single-version-externally-managed
