[3.705s] Invoking command in '/home/dev_ws/src/unity_robotics_demo': PYTHONPATH=/home/dev_ws/install/unity_robotics_demo/lib/python3.8/site-packages:${PYTHONPATH} /usr/bin/python3 setup.py egg_info --egg-base ../../build/unity_robotics_demo build --build-base /home/dev_ws/build/unity_robotics_demo/build install --prefix /home/dev_ws/install/unity_robotics_demo --record /home/dev_ws/build/unity_robotics_demo/install.log --single-version-externally-managed
[4.443s] running egg_info
[4.445s] writing ../../build/unity_robotics_demo/unity_robotics_demo.egg-info/PKG-INFO
[4.446s] writing dependency_links to ../../build/unity_robotics_demo/unity_robotics_demo.egg-info/dependency_links.txt
[4.447s] writing entry points to ../../build/unity_robotics_demo/unity_robotics_demo.egg-info/entry_points.txt
[4.449s] writing requirements to ../../build/unity_robotics_demo/unity_robotics_demo.egg-info/requires.txt
[4.449s] writing top-level names to ../../build/unity_robotics_demo/unity_robotics_demo.egg-info/top_level.txt
[4.579s] reading manifest file '../../build/unity_robotics_demo/unity_robotics_demo.egg-info/SOURCES.txt'
[4.582s] writing manifest file '../../build/unity_robotics_demo/unity_robotics_demo.egg-info/SOURCES.txt'
[4.583s] running build
[4.583s] running build_py
[4.584s] running install
[4.587s] running install_lib
[4.591s] running install_data
[4.592s] running install_egg_info
[4.597s] removing '/home/dev_ws/install/unity_robotics_demo/lib/python3.8/site-packages/unity_robotics_demo-0.0.1-py3.8.egg-info' (and everything under it)
[4.600s] Copying ../../build/unity_robotics_demo/unity_robotics_demo.egg-info to /home/dev_ws/install/unity_robotics_demo/lib/python3.8/site-packages/unity_robotics_demo-0.0.1-py3.8.egg-info
[4.605s] running install_scripts
[4.682s] Installing color_publisher script to /home/dev_ws/install/unity_robotics_demo/lib/unity_robotics_demo
[4.683s] Installing position_service script to /home/dev_ws/install/unity_robotics_demo/lib/unity_robotics_demo
[4.691s] writing list of installed files to '/home/dev_ws/build/unity_robotics_demo/install.log'
[4.889s] Invoked command in '/home/dev_ws/src/unity_robotics_demo' returned '0': PYTHONPATH=/home/dev_ws/install/unity_robotics_demo/lib/python3.8/site-packages:${PYTHONPATH} /usr/bin/python3 setup.py egg_info --egg-base ../../build/unity_robotics_demo build --build-base /home/dev_ws/build/unity_robotics_demo/build install --prefix /home/dev_ws/install/unity_robotics_demo --record /home/dev_ws/build/unity_robotics_demo/install.log --single-version-externally-managed
