[3.644s] Invoking command in '/home/dev_ws/src/vision': PYTHONPATH=/home/dev_ws/src/install/vision/lib/python3.8/site-packages:${PYTHONPATH} /usr/bin/python3 setup.py egg_info --egg-base ../build/vision build --build-base /home/dev_ws/src/build/vision/build install --prefix /home/dev_ws/src/install/vision --record /home/dev_ws/src/build/vision/install.log --single-version-externally-managed
[4.282s] running egg_info
[4.283s] writing ../build/vision/vision.egg-info/PKG-INFO
[4.284s] writing dependency_links to ../build/vision/vision.egg-info/dependency_links.txt
[4.285s] writing entry points to ../build/vision/vision.egg-info/entry_points.txt
[4.285s] writing requirements to ../build/vision/vision.egg-info/requires.txt
[4.286s] writing top-level names to ../build/vision/vision.egg-info/top_level.txt
[4.413s] reading manifest file '../build/vision/vision.egg-info/SOURCES.txt'
[4.419s] writing manifest file '../build/vision/vision.egg-info/SOURCES.txt'
[4.419s] running build
[4.419s] running build_py
[4.420s] running install
[4.424s] running install_lib
[4.429s] running install_data
[4.431s] running install_egg_info
[4.443s] removing '/home/dev_ws/src/install/vision/lib/python3.8/site-packages/vision-0.0.0-py3.8.egg-info' (and everything under it)
[4.443s] Copying ../build/vision/vision.egg-info to /home/dev_ws/src/install/vision/lib/python3.8/site-packages/vision-0.0.0-py3.8.egg-info
[4.451s] running install_scripts
[4.534s] Installing color_detector script to /home/dev_ws/src/install/vision/lib/vision
[4.535s] writing list of installed files to '/home/dev_ws/src/build/vision/install.log'
[4.666s] Invoked command in '/home/dev_ws/src/vision' returned '0': PYTHONPATH=/home/dev_ws/src/install/vision/lib/python3.8/site-packages:${PYTHONPATH} /usr/bin/python3 setup.py egg_info --egg-base ../build/vision build --build-base /home/dev_ws/src/build/vision/build install --prefix /home/dev_ws/src/install/vision --record /home/dev_ws/src/build/vision/install.log --single-version-externally-managed
