[3.411s] Invoking command in '/home/dev_ws/src/face_controller': PYTHONPATH=/home/dev_ws/src/install/face_controller/lib/python3.8/site-packages:${PYTHONPATH} /usr/bin/python3 setup.py egg_info --egg-base ../build/face_controller build --build-base /home/dev_ws/src/build/face_controller/build install --prefix /home/dev_ws/src/install/face_controller --record /home/dev_ws/src/build/face_controller/install.log --single-version-externally-managed
[4.059s] running egg_info
[4.061s] writing ../build/face_controller/face_controller.egg-info/PKG-INFO
[4.062s] writing dependency_links to ../build/face_controller/face_controller.egg-info/dependency_links.txt
[4.062s] writing entry points to ../build/face_controller/face_controller.egg-info/entry_points.txt
[4.063s] writing requirements to ../build/face_controller/face_controller.egg-info/requires.txt
[4.064s] writing top-level names to ../build/face_controller/face_controller.egg-info/top_level.txt
[4.178s] reading manifest file '../build/face_controller/face_controller.egg-info/SOURCES.txt'
[4.180s] writing manifest file '../build/face_controller/face_controller.egg-info/SOURCES.txt'
[4.180s] running build
[4.181s] running build_py
[4.181s] running install
[4.184s] running install_lib
[4.187s] running install_data
[4.191s] running install_egg_info
[4.195s] removing '/home/dev_ws/src/install/face_controller/lib/python3.8/site-packages/face_controller-0.0.0-py3.8.egg-info' (and everything under it)
[4.196s] Copying ../build/face_controller/face_controller.egg-info to /home/dev_ws/src/install/face_controller/lib/python3.8/site-packages/face_controller-0.0.0-py3.8.egg-info
[4.199s] running install_scripts
[4.256s] Installing facial_expression script to /home/dev_ws/src/install/face_controller/lib/face_controller
[4.266s] writing list of installed files to '/home/dev_ws/src/build/face_controller/install.log'
[4.374s] Invoked command in '/home/dev_ws/src/face_controller' returned '0': PYTHONPATH=/home/dev_ws/src/install/face_controller/lib/python3.8/site-packages:${PYTHONPATH} /usr/bin/python3 setup.py egg_info --egg-base ../build/face_controller build --build-base /home/dev_ws/src/build/face_controller/build install --prefix /home/dev_ws/src/install/face_controller --record /home/dev_ws/src/build/face_controller/install.log --single-version-externally-managed
