[4.807s] Invoking command in '/home/dev_ws/src/utils': PYTHONPATH=/home/dev_ws/install/utils/lib/python3.8/site-packages:${PYTHONPATH} /usr/bin/python3 setup.py egg_info --egg-base ../../build/utils build --build-base /home/dev_ws/build/utils/build install --prefix /home/dev_ws/install/utils --record /home/dev_ws/build/utils/install.log --single-version-externally-managed
[5.133s] /usr/local/lib/python3.8/dist-packages/setuptools/dist.py:755: SetuptoolsDeprecationWarning: Invalid dash-separated options
[5.133s] !!
[5.134s] 
[5.134s]         ********************************************************************************
[5.134s]         Usage of dash-separated 'script-dir' will not be supported in future
[5.134s]         versions. Please use the underscore name 'script_dir' instead.
[5.135s] 
[5.136s]         By 2023-Sep-26, you need to update your project and remove deprecated calls
[5.136s]         or your builds will no longer be supported.
[5.136s] 
[5.136s]         See https://setuptools.pypa.io/en/latest/userguide/declarative_config.html for details.
[5.137s]         ********************************************************************************
[5.137s] 
[5.137s] !!
[5.137s]   opt = self.warn_dash_deprecation(opt, section)
[5.138s] /usr/local/lib/python3.8/dist-packages/setuptools/dist.py:755: SetuptoolsDeprecationWarning: Invalid dash-separated options
[5.138s] !!
[5.138s] 
[5.139s]         ********************************************************************************
[5.139s]         Usage of dash-separated 'install-scripts' will not be supported in future
[5.139s]         versions. Please use the underscore name 'install_scripts' instead.
[5.139s] 
[5.139s]         By 2023-Sep-26, you need to update your project and remove deprecated calls
[5.140s]         or your builds will no longer be supported.
[5.140s] 
[5.141s]         See https://setuptools.pypa.io/en/latest/userguide/declarative_config.html for details.
[5.141s]         ********************************************************************************
[5.141s] 
[5.142s] !!
[5.142s]   opt = self.warn_dash_deprecation(opt, section)
[5.413s] running egg_info
[5.458s] writing ../../build/utils/utils.egg-info/PKG-INFO
[5.458s] writing dependency_links to ../../build/utils/utils.egg-info/dependency_links.txt
[5.459s] writing entry points to ../../build/utils/utils.egg-info/entry_points.txt
[5.460s] writing requirements to ../../build/utils/utils.egg-info/requires.txt
[5.460s] writing top-level names to ../../build/utils/utils.egg-info/top_level.txt
[5.833s] reading manifest file '../../build/utils/utils.egg-info/SOURCES.txt'
[5.833s] writing manifest file '../../build/utils/utils.egg-info/SOURCES.txt'
[5.834s] running build
[5.834s] running build_py
[5.834s] running install
[5.834s] /usr/local/lib/python3.8/dist-packages/setuptools/_distutils/cmd.py:66: SetuptoolsDeprecationWarning: setup.py install is deprecated.
[5.834s] !!
[5.835s] 
[5.835s]         ********************************************************************************
[5.835s]         Please avoid running ``setup.py`` directly.
[5.835s]         Instead, use pypa/build, pypa/installer, pypa/build or
[5.836s]         other standards-based tools.
[5.836s] 
[5.836s]         See https://blog.ganssle.io/articles/2021/10/setup-py-deprecated.html for details.
[5.836s]         ********************************************************************************
[5.836s] 
[5.837s] !!
[5.846s]   self.initialize_options()
[5.853s] running install_lib
[5.890s] running install_data
[5.931s] running install_egg_info
[5.983s] removing '/home/dev_ws/install/utils/lib/python3.8/site-packages/utils-0.0.0-py3.8.egg-info' (and everything under it)
[5.985s] Copying ../../build/utils/utils.egg-info to /home/dev_ws/install/utils/lib/python3.8/site-packages/utils-0.0.0-py3.8.egg-info
[5.990s] running install_scripts
[6.177s] Installing utils script to /home/dev_ws/install/utils/lib/utils
[6.178s] writing list of installed files to '/home/dev_ws/build/utils/install.log'
[6.309s] Invoked command in '/home/dev_ws/src/utils' returned '0': PYTHONPATH=/home/dev_ws/install/utils/lib/python3.8/site-packages:${PYTHONPATH} /usr/bin/python3 setup.py egg_info --egg-base ../../build/utils build --build-base /home/dev_ws/build/utils/build install --prefix /home/dev_ws/install/utils --record /home/dev_ws/build/utils/install.log --single-version-externally-managed
