[3.178s] Invoking command in '/home/dev_ws/src/audio': PYTHONPATH=/home/dev_ws/install/audio/lib/python3.8/site-packages:${PYTHONPATH} /usr/bin/python3 setup.py egg_info --egg-base ../../build/audio build --build-base /home/dev_ws/build/audio/build install --prefix /home/dev_ws/install/audio --record /home/dev_ws/build/audio/install.log --single-version-externally-managed
[3.655s] running egg_info
[3.656s] writing ../../build/audio/audio.egg-info/PKG-INFO
[3.657s] writing dependency_links to ../../build/audio/audio.egg-info/dependency_links.txt
[3.657s] writing entry points to ../../build/audio/audio.egg-info/entry_points.txt
[3.658s] writing requirements to ../../build/audio/audio.egg-info/requires.txt
[3.659s] writing top-level names to ../../build/audio/audio.egg-info/top_level.txt
[3.763s] reading manifest file '../../build/audio/audio.egg-info/SOURCES.txt'
[3.766s] writing manifest file '../../build/audio/audio.egg-info/SOURCES.txt'
[3.767s] running build
[3.767s] running build_py
[3.768s] copying audio/speech_to_text.py -> /home/dev_ws/build/audio/build/lib/audio
[3.768s] running install
[3.771s] running install_lib
[3.774s] copying /home/dev_ws/build/audio/build/lib/audio/speech_to_text.py -> /home/dev_ws/install/audio/lib/python3.8/site-packages/audio
[3.776s] byte-compiling /home/dev_ws/install/audio/lib/python3.8/site-packages/audio/speech_to_text.py to speech_to_text.cpython-38.pyc
[3.782s] running install_data
[3.783s] running install_egg_info
[3.787s] removing '/home/dev_ws/install/audio/lib/python3.8/site-packages/audio-0.0.0-py3.8.egg-info' (and everything under it)
[3.788s] Copying ../../build/audio/audio.egg-info to /home/dev_ws/install/audio/lib/python3.8/site-packages/audio-0.0.0-py3.8.egg-info
[3.792s] running install_scripts
[3.851s] Installing speech_to_text script to /home/dev_ws/install/audio/lib/audio
[3.853s] writing list of installed files to '/home/dev_ws/build/audio/install.log'
[3.981s] Invoked command in '/home/dev_ws/src/audio' returned '0': PYTHONPATH=/home/dev_ws/install/audio/lib/python3.8/site-packages:${PYTHONPATH} /usr/bin/python3 setup.py egg_info --egg-base ../../build/audio build --build-base /home/dev_ws/build/audio/build install --prefix /home/dev_ws/install/audio --record /home/dev_ws/build/audio/install.log --single-version-externally-managed
