running egg_info
creating ../build/audio/audio.egg-info
writing ../build/audio/audio.egg-info/PKG-INFO
writing dependency_links to ../build/audio/audio.egg-info/dependency_links.txt
writing entry points to ../build/audio/audio.egg-info/entry_points.txt
writing requirements to ../build/audio/audio.egg-info/requires.txt
writing top-level names to ../build/audio/audio.egg-info/top_level.txt
writing manifest file '../build/audio/audio.egg-info/SOURCES.txt'
reading manifest file '../build/audio/audio.egg-info/SOURCES.txt'
writing manifest file '../build/audio/audio.egg-info/SOURCES.txt'
running build
running build_py
creating /home/dev_ws/src/build/audio/build
creating /home/dev_ws/src/build/audio/build/lib
creating /home/dev_ws/src/build/audio/build/lib/audio
copying audio/speech_to_text.py -> /home/dev_ws/src/build/audio/build/lib/audio
copying audio/__init__.py -> /home/dev_ws/src/build/audio/build/lib/audio
running install
running install_lib
creating /home/dev_ws/src/install/audio/lib/python3.8/site-packages/audio
copying /home/dev_ws/src/build/audio/build/lib/audio/speech_to_text.py -> /home/dev_ws/src/install/audio/lib/python3.8/site-packages/audio
copying /home/dev_ws/src/build/audio/build/lib/audio/__init__.py -> /home/dev_ws/src/install/audio/lib/python3.8/site-packages/audio
byte-compiling /home/dev_ws/src/install/audio/lib/python3.8/site-packages/audio/speech_to_text.py to speech_to_text.cpython-38.pyc
byte-compiling /home/dev_ws/src/install/audio/lib/python3.8/site-packages/audio/__init__.py to __init__.cpython-38.pyc
running install_data
creating /home/dev_ws/src/install/audio/share/ament_index
creating /home/dev_ws/src/install/audio/share/ament_index/resource_index
creating /home/dev_ws/src/install/audio/share/ament_index/resource_index/packages
copying resource/audio -> /home/dev_ws/src/install/audio/share/ament_index/resource_index/packages
copying package.xml -> /home/dev_ws/src/install/audio/share/audio
running install_egg_info
Copying ../build/audio/audio.egg-info to /home/dev_ws/src/install/audio/lib/python3.8/site-packages/audio-0.0.0-py3.8.egg-info
running install_scripts
Installing speech_to_text script to /home/dev_ws/src/install/audio/lib/audio
writing list of installed files to '/home/dev_ws/src/build/audio/install.log'
