[5.444s] Invoking command in '/home/dev_ws/src/audio': PYTHONPATH=/home/dev_ws/src/install/audio/lib/python3.8/site-packages:${PYTHONPATH} /usr/bin/python3 setup.py egg_info --egg-base ../build/audio build --build-base /home/dev_ws/src/build/audio/build install --prefix /home/dev_ws/src/install/audio --record /home/dev_ws/src/build/audio/install.log --single-version-externally-managed
[6.379s] running egg_info
[6.380s] creating ../build/audio/audio.egg-info
[6.381s] writing ../build/audio/audio.egg-info/PKG-INFO
[6.382s] writing dependency_links to ../build/audio/audio.egg-info/dependency_links.txt
[6.382s] writing entry points to ../build/audio/audio.egg-info/entry_points.txt
[6.382s] writing requirements to ../build/audio/audio.egg-info/requires.txt
[6.383s] writing top-level names to ../build/audio/audio.egg-info/top_level.txt
[6.385s] writing manifest file '../build/audio/audio.egg-info/SOURCES.txt'
[6.552s] reading manifest file '../build/audio/audio.egg-info/SOURCES.txt'
[6.565s] writing manifest file '../build/audio/audio.egg-info/SOURCES.txt'
[6.566s] running build
[6.566s] running build_py
[6.568s] creating /home/dev_ws/src/build/audio/build
[6.571s] creating /home/dev_ws/src/build/audio/build/lib
[6.571s] creating /home/dev_ws/src/build/audio/build/lib/audio
[6.577s] copying audio/speech_to_text.py -> /home/dev_ws/src/build/audio/build/lib/audio
[6.578s] copying audio/__init__.py -> /home/dev_ws/src/build/audio/build/lib/audio
[6.581s] running install
[6.587s] running install_lib
[6.597s] creating /home/dev_ws/src/install/audio/lib/python3.8/site-packages/audio
[6.597s] copying /home/dev_ws/src/build/audio/build/lib/audio/speech_to_text.py -> /home/dev_ws/src/install/audio/lib/python3.8/site-packages/audio
[6.598s] copying /home/dev_ws/src/build/audio/build/lib/audio/__init__.py -> /home/dev_ws/src/install/audio/lib/python3.8/site-packages/audio
[6.607s] byte-compiling /home/dev_ws/src/install/audio/lib/python3.8/site-packages/audio/speech_to_text.py to speech_to_text.cpython-38.pyc
[6.608s] byte-compiling /home/dev_ws/src/install/audio/lib/python3.8/site-packages/audio/__init__.py to __init__.cpython-38.pyc
[6.609s] running install_data
[6.610s] creating /home/dev_ws/src/install/audio/share/ament_index
[6.610s] creating /home/dev_ws/src/install/audio/share/ament_index/resource_index
[6.611s] creating /home/dev_ws/src/install/audio/share/ament_index/resource_index/packages
[6.611s] copying resource/audio -> /home/dev_ws/src/install/audio/share/ament_index/resource_index/packages
[6.612s] copying package.xml -> /home/dev_ws/src/install/audio/share/audio
[6.613s] running install_egg_info
[6.619s] Copying ../build/audio/audio.egg-info to /home/dev_ws/src/install/audio/lib/python3.8/site-packages/audio-0.0.0-py3.8.egg-info
[6.621s] running install_scripts
[6.672s] Installing speech_to_text script to /home/dev_ws/src/install/audio/lib/audio
[6.673s] writing list of installed files to '/home/dev_ws/src/build/audio/install.log'
[6.901s] Invoked command in '/home/dev_ws/src/audio' returned '0': PYTHONPATH=/home/dev_ws/src/install/audio/lib/python3.8/site-packages:${PYTHONPATH} /usr/bin/python3 setup.py egg_info --egg-base ../build/audio build --build-base /home/dev_ws/src/build/audio/build install --prefix /home/dev_ws/src/install/audio --record /home/dev_ws/src/build/audio/install.log --single-version-externally-managed
