[2.247s] Invoking command in '/home/dev_ws/src/utils': PYTHONPATH=/home/dev_ws/install/utils/lib/python3.8/site-packages:${PYTHONPATH} /usr/bin/python3 setup.py egg_info --egg-base ../../build/utils build --build-base /home/dev_ws/build/utils/build install --prefix /home/dev_ws/install/utils --record /home/dev_ws/build/utils/install.log --single-version-externally-managed
[2.652s] running egg_info
[2.653s] writing ../../build/utils/utils.egg-info/PKG-INFO
[2.653s] writing dependency_links to ../../build/utils/utils.egg-info/dependency_links.txt
[2.654s] writing entry points to ../../build/utils/utils.egg-info/entry_points.txt
[2.654s] writing requirements to ../../build/utils/utils.egg-info/requires.txt
[2.654s] writing top-level names to ../../build/utils/utils.egg-info/top_level.txt
[2.717s] reading manifest file '../../build/utils/utils.egg-info/SOURCES.txt'
[2.719s] writing manifest file '../../build/utils/utils.egg-info/SOURCES.txt'
[2.719s] running build
[2.720s] running build_py
[2.720s] running install
[2.721s] running install_lib
[2.725s] running install_data
[2.725s] running install_egg_info
[2.729s] removing '/home/dev_ws/install/utils/lib/python3.8/site-packages/utils-0.0.0-py3.8.egg-info' (and everything under it)
[2.730s] Copying ../../build/utils/utils.egg-info to /home/dev_ws/install/utils/lib/python3.8/site-packages/utils-0.0.0-py3.8.egg-info
[2.733s] running install_scripts
[2.777s] Installing utils script to /home/dev_ws/install/utils/lib/utils
[2.778s] writing list of installed files to '/home/dev_ws/build/utils/install.log'
[2.889s] Invoked command in '/home/dev_ws/src/utils' returned '0': PYTHONPATH=/home/dev_ws/install/utils/lib/python3.8/site-packages:${PYTHONPATH} /usr/bin/python3 setup.py egg_info --egg-base ../../build/utils build --build-base /home/dev_ws/build/utils/build install --prefix /home/dev_ws/install/utils --record /home/dev_ws/build/utils/install.log --single-version-externally-managed
