[3.129s] Invoking command in '/home/dev_ws/src/vision': PYTHONPATH=/home/dev_ws/install/vision/lib/python3.8/site-packages:${PYTHONPATH} /usr/bin/python3 setup.py egg_info --egg-base ../../build/vision build --build-base /home/dev_ws/build/vision/build install --prefix /home/dev_ws/install/vision --record /home/dev_ws/build/vision/install.log --single-version-externally-managed
[3.703s] running egg_info
[3.704s] writing ../../build/vision/vision.egg-info/PKG-INFO
[3.704s] writing dependency_links to ../../build/vision/vision.egg-info/dependency_links.txt
[3.705s] writing entry points to ../../build/vision/vision.egg-info/entry_points.txt
[3.705s] writing requirements to ../../build/vision/vision.egg-info/requires.txt
[3.705s] writing top-level names to ../../build/vision/vision.egg-info/top_level.txt
[3.833s] reading manifest file '../../build/vision/vision.egg-info/SOURCES.txt'
[3.836s] writing manifest file '../../build/vision/vision.egg-info/SOURCES.txt'
[3.837s] running build
[3.837s] running build_py
[3.839s] copying vision/color_detector.py -> /home/dev_ws/build/vision/build/lib/vision
[3.840s] running install
[3.842s] running install_lib
[3.845s] copying /home/dev_ws/build/vision/build/lib/vision/color_detector.py -> /home/dev_ws/install/vision/lib/python3.8/site-packages/vision
[3.847s] byte-compiling /home/dev_ws/install/vision/lib/python3.8/site-packages/vision/color_detector.py to color_detector.cpython-38.pyc
[3.853s] running install_data
[3.855s] running install_egg_info
[3.858s] removing '/home/dev_ws/install/vision/lib/python3.8/site-packages/vision-0.0.0-py3.8.egg-info' (and everything under it)
[3.861s] Copying ../../build/vision/vision.egg-info to /home/dev_ws/install/vision/lib/python3.8/site-packages/vision-0.0.0-py3.8.egg-info
[3.865s] running install_scripts
[3.932s] Installing color_detector script to /home/dev_ws/install/vision/lib/vision
[3.934s] writing list of installed files to '/home/dev_ws/build/vision/install.log'
[4.049s] Invoked command in '/home/dev_ws/src/vision' returned '0': PYTHONPATH=/home/dev_ws/install/vision/lib/python3.8/site-packages:${PYTHONPATH} /usr/bin/python3 setup.py egg_info --egg-base ../../build/vision build --build-base /home/dev_ws/build/vision/build install --prefix /home/dev_ws/install/vision --record /home/dev_ws/build/vision/install.log --single-version-externally-managed
