[3.109s] Invoking command in '/home/dev_ws/src/vision': PYTHONPATH=/home/dev_ws/install/vision/lib/python3.8/site-packages:${PYTHONPATH} /usr/bin/python3 setup.py egg_info --egg-base ../../build/vision build --build-base /home/dev_ws/build/vision/build install --prefix /home/dev_ws/install/vision --record /home/dev_ws/build/vision/install.log --single-version-externally-managed
[3.580s] running egg_info
[3.581s] writing ../../build/vision/vision.egg-info/PKG-INFO
[3.583s] writing dependency_links to ../../build/vision/vision.egg-info/dependency_links.txt
[3.584s] writing entry points to ../../build/vision/vision.egg-info/entry_points.txt
[3.585s] writing requirements to ../../build/vision/vision.egg-info/requires.txt
[3.587s] writing top-level names to ../../build/vision/vision.egg-info/top_level.txt
[3.682s] reading manifest file '../../build/vision/vision.egg-info/SOURCES.txt'
[3.685s] writing manifest file '../../build/vision/vision.egg-info/SOURCES.txt'
[3.685s] running build
[3.686s] running build_py
[3.688s] copying vision/facial_expression_detector.py -> /home/dev_ws/build/vision/build/lib/vision
[3.690s] copying vision/face_recognizer.py -> /home/dev_ws/build/vision/build/lib/vision
[3.690s] copying vision/face_detector.py -> /home/dev_ws/build/vision/build/lib/vision
[3.691s] copying vision/color_detector.py -> /home/dev_ws/build/vision/build/lib/vision
[3.692s] running install
[3.693s] running install_lib
[3.695s] copying /home/dev_ws/build/vision/build/lib/vision/facial_expression_detector.py -> /home/dev_ws/install/vision/lib/python3.8/site-packages/vision
[3.695s] copying /home/dev_ws/build/vision/build/lib/vision/face_recognizer.py -> /home/dev_ws/install/vision/lib/python3.8/site-packages/vision
[3.696s] copying /home/dev_ws/build/vision/build/lib/vision/face_detector.py -> /home/dev_ws/install/vision/lib/python3.8/site-packages/vision
[3.696s] copying /home/dev_ws/build/vision/build/lib/vision/color_detector.py -> /home/dev_ws/install/vision/lib/python3.8/site-packages/vision
[3.699s] byte-compiling /home/dev_ws/install/vision/lib/python3.8/site-packages/vision/facial_expression_detector.py to facial_expression_detector.cpython-38.pyc
[3.703s] byte-compiling /home/dev_ws/install/vision/lib/python3.8/site-packages/vision/face_recognizer.py to face_recognizer.cpython-38.pyc
[3.704s] byte-compiling /home/dev_ws/install/vision/lib/python3.8/site-packages/vision/face_detector.py to face_detector.cpython-38.pyc
[3.707s] byte-compiling /home/dev_ws/install/vision/lib/python3.8/site-packages/vision/color_detector.py to color_detector.cpython-38.pyc
[3.710s] running install_data
[3.711s] running install_egg_info
[3.716s] removing '/home/dev_ws/install/vision/lib/python3.8/site-packages/vision-0.0.0-py3.8.egg-info' (and everything under it)
[3.718s] Copying ../../build/vision/vision.egg-info to /home/dev_ws/install/vision/lib/python3.8/site-packages/vision-0.0.0-py3.8.egg-info
[3.722s] running install_scripts
[3.780s] Installing color_detector script to /home/dev_ws/install/vision/lib/vision
[3.782s] Installing face_detector script to /home/dev_ws/install/vision/lib/vision
[3.783s] Installing facial_expression_detector script to /home/dev_ws/install/vision/lib/vision
[3.785s] writing list of installed files to '/home/dev_ws/build/vision/install.log'
[3.967s] Invoked command in '/home/dev_ws/src/vision' returned '0': PYTHONPATH=/home/dev_ws/install/vision/lib/python3.8/site-packages:${PYTHONPATH} /usr/bin/python3 setup.py egg_info --egg-base ../../build/vision build --build-base /home/dev_ws/build/vision/build install --prefix /home/dev_ws/install/vision --record /home/dev_ws/build/vision/install.log --single-version-externally-managed
