[0.159s] DEBUG:colcon:Command line arguments: ['/usr/bin/colcon', 'build']
[0.160s] DEBUG:colcon:Parsed command line arguments: Namespace(ament_cmake_args=None, base_paths=['.'], build_base='build', catkin_cmake_args=None, catkin_skip_building_tests=False, cmake_args=None, cmake_clean_cache=False, cmake_clean_first=False, cmake_force_configure=False, cmake_target=None, cmake_target_skip_unavailable=False, continue_on_error=False, event_handlers=None, executor='parallel', ignore_user_meta=False, install_base='install', log_base=None, log_level=None, main=<bound method BuildVerb.main of <colcon_core.verb.build.BuildVerb object at 0x7f04a6295820>>, merge_install=False, metas=['./colcon.meta'], mixin=None, mixin_files=None, mixin_verb=('build',), packages_above=None, packages_above_and_dependencies=None, packages_above_depth=None, packages_end=None, packages_ignore=None, packages_ignore_regex=None, packages_select=None, packages_select_build_failed=False, packages_select_by_dep=None, packages_select_regex=None, packages_select_test_failures=False, packages_skip=None, packages_skip_build_finished=False, packages_skip_by_dep=None, packages_skip_regex=None, packages_skip_test_passed=False, packages_skip_up_to=None, packages_start=None, packages_up_to=None, packages_up_to_regex=None, parallel_workers=12, paths=None, symlink_install=False, test_result_base=None, verb_extension=<colcon_core.verb.build.BuildVerb object at 0x7f04a6295820>, verb_name='build', verb_parser=<colcon_mixin.mixin.mixin_argument.MixinArgumentDecorator object at 0x7f04a6295df0>)
[0.187s] Level 1:colcon.colcon_core.package_discovery:discover_packages(colcon_meta) check parameters
[0.188s] INFO:colcon.colcon_metadata.package_discovery.colcon_meta:Using configuration from '/root/.colcon/metadata/default/Gazebo.meta'
[0.189s] INFO:colcon.colcon_metadata.package_discovery.colcon_meta:Using configuration from '/root/.colcon/metadata/default/fastrtps.meta'
[0.189s] Level 1:colcon.colcon_core.package_discovery:discover_packages(recursive) check parameters
[0.189s] Level 1:colcon.colcon_core.package_discovery:discover_packages(ignore) check parameters
[0.189s] Level 1:colcon.colcon_core.package_discovery:discover_packages(path) check parameters
[0.189s] Level 1:colcon.colcon_core.package_discovery:discover_packages(colcon_meta) discover
[0.189s] Level 1:colcon.colcon_core.package_discovery:discover_packages(recursive) discover
[0.189s] INFO:colcon.colcon_core.package_discovery:Crawling recursively for packages in '/home/dev_ws'
[0.189s] Level 1:colcon.colcon_core.package_identification:_identify(.) by extensions ['ignore', 'ignore_ament_install']
[0.189s] Level 1:colcon.colcon_core.package_identification:_identify(.) by extension 'ignore'
[0.189s] Level 1:colcon.colcon_core.package_identification:_identify(.) by extension 'ignore_ament_install'
[0.190s] Level 1:colcon.colcon_core.package_identification:_identify(.) by extensions ['colcon_pkg']
[0.190s] Level 1:colcon.colcon_core.package_identification:_identify(.) by extension 'colcon_pkg'
[0.190s] Level 1:colcon.colcon_core.package_identification:_identify(.) by extensions ['colcon_meta']
[0.190s] Level 1:colcon.colcon_core.package_identification:_identify(.) by extension 'colcon_meta'
[0.190s] Level 1:colcon.colcon_core.package_identification:_identify(.) by extensions ['ros']
[0.190s] Level 1:colcon.colcon_core.package_identification:_identify(.) by extension 'ros'
[0.203s] Level 1:colcon.colcon_core.package_identification:_identify(.) by extensions ['cmake', 'python']
[0.203s] Level 1:colcon.colcon_core.package_identification:_identify(.) by extension 'cmake'
[0.203s] Level 1:colcon.colcon_core.package_identification:_identify(.) by extension 'python'
[0.203s] Level 1:colcon.colcon_core.package_identification:_identify(.) by extensions ['python_setup_py']
[0.203s] Level 1:colcon.colcon_core.package_identification:_identify(.) by extension 'python_setup_py'
[0.203s] Level 1:colcon.colcon_core.package_identification:_identify(build) by extensions ['ignore', 'ignore_ament_install']
[0.203s] Level 1:colcon.colcon_core.package_identification:_identify(build) by extension 'ignore'
[0.204s] Level 1:colcon.colcon_core.package_identification:_identify(build) ignored
[0.204s] Level 1:colcon.colcon_core.package_identification:_identify(install) by extensions ['ignore', 'ignore_ament_install']
[0.204s] Level 1:colcon.colcon_core.package_identification:_identify(install) by extension 'ignore'
[0.204s] Level 1:colcon.colcon_core.package_identification:_identify(install) ignored
[0.204s] Level 1:colcon.colcon_core.package_identification:_identify(log) by extensions ['ignore', 'ignore_ament_install']
[0.204s] Level 1:colcon.colcon_core.package_identification:_identify(log) by extension 'ignore'
[0.204s] Level 1:colcon.colcon_core.package_identification:_identify(log) ignored
[0.204s] Level 1:colcon.colcon_core.package_identification:_identify(media) by extensions ['ignore', 'ignore_ament_install']
[0.204s] Level 1:colcon.colcon_core.package_identification:_identify(media) by extension 'ignore'
[0.204s] Level 1:colcon.colcon_core.package_identification:_identify(media) by extension 'ignore_ament_install'
[0.204s] Level 1:colcon.colcon_core.package_identification:_identify(media) by extensions ['colcon_pkg']
[0.205s] Level 1:colcon.colcon_core.package_identification:_identify(media) by extension 'colcon_pkg'
[0.205s] Level 1:colcon.colcon_core.package_identification:_identify(media) by extensions ['colcon_meta']
[0.205s] Level 1:colcon.colcon_core.package_identification:_identify(media) by extension 'colcon_meta'
[0.205s] Level 1:colcon.colcon_core.package_identification:_identify(media) by extensions ['ros']
[0.205s] Level 1:colcon.colcon_core.package_identification:_identify(media) by extension 'ros'
[0.205s] Level 1:colcon.colcon_core.package_identification:_identify(media) by extensions ['cmake', 'python']
[0.205s] Level 1:colcon.colcon_core.package_identification:_identify(media) by extension 'cmake'
[0.205s] Level 1:colcon.colcon_core.package_identification:_identify(media) by extension 'python'
[0.205s] Level 1:colcon.colcon_core.package_identification:_identify(media) by extensions ['python_setup_py']
[0.205s] Level 1:colcon.colcon_core.package_identification:_identify(media) by extension 'python_setup_py'
[0.205s] Level 1:colcon.colcon_core.package_identification:_identify(src) by extensions ['ignore', 'ignore_ament_install']
[0.205s] Level 1:colcon.colcon_core.package_identification:_identify(src) by extension 'ignore'
[0.205s] Level 1:colcon.colcon_core.package_identification:_identify(src) by extension 'ignore_ament_install'
[0.205s] Level 1:colcon.colcon_core.package_identification:_identify(src) by extensions ['colcon_pkg']
[0.205s] Level 1:colcon.colcon_core.package_identification:_identify(src) by extension 'colcon_pkg'
[0.205s] Level 1:colcon.colcon_core.package_identification:_identify(src) by extensions ['colcon_meta']
[0.205s] Level 1:colcon.colcon_core.package_identification:_identify(src) by extension 'colcon_meta'
[0.205s] Level 1:colcon.colcon_core.package_identification:_identify(src) by extensions ['ros']
[0.205s] Level 1:colcon.colcon_core.package_identification:_identify(src) by extension 'ros'
[0.206s] Level 1:colcon.colcon_core.package_identification:_identify(src) by extensions ['cmake', 'python']
[0.206s] Level 1:colcon.colcon_core.package_identification:_identify(src) by extension 'cmake'
[0.206s] Level 1:colcon.colcon_core.package_identification:_identify(src) by extension 'python'
[0.206s] Level 1:colcon.colcon_core.package_identification:_identify(src) by extensions ['python_setup_py']
[0.206s] Level 1:colcon.colcon_core.package_identification:_identify(src) by extension 'python_setup_py'
[0.206s] Level 1:colcon.colcon_core.package_identification:_identify(src/audio) by extensions ['ignore', 'ignore_ament_install']
[0.206s] Level 1:colcon.colcon_core.package_identification:_identify(src/audio) by extension 'ignore'
[0.206s] Level 1:colcon.colcon_core.package_identification:_identify(src/audio) by extension 'ignore_ament_install'
[0.206s] Level 1:colcon.colcon_core.package_identification:_identify(src/audio) by extensions ['colcon_pkg']
[0.206s] Level 1:colcon.colcon_core.package_identification:_identify(src/audio) by extension 'colcon_pkg'
[0.206s] Level 1:colcon.colcon_core.package_identification:_identify(src/audio) by extensions ['colcon_meta']
[0.206s] Level 1:colcon.colcon_core.package_identification:_identify(src/audio) by extension 'colcon_meta'
[0.206s] Level 1:colcon.colcon_core.package_identification:_identify(src/audio) by extensions ['ros']
[0.206s] Level 1:colcon.colcon_core.package_identification:_identify(src/audio) by extension 'ros'
[0.209s] DEBUG:colcon.colcon_core.package_identification:Package 'src/audio' with type 'ros.ament_python' and name 'audio'
[0.209s] Level 1:colcon.colcon_core.package_identification:_identify(src/build) by extensions ['ignore', 'ignore_ament_install']
[0.209s] Level 1:colcon.colcon_core.package_identification:_identify(src/build) by extension 'ignore'
[0.209s] Level 1:colcon.colcon_core.package_identification:_identify(src/build) ignored
[0.209s] Level 1:colcon.colcon_core.package_identification:_identify(src/face_controller) by extensions ['ignore', 'ignore_ament_install']
[0.209s] Level 1:colcon.colcon_core.package_identification:_identify(src/face_controller) by extension 'ignore'
[0.209s] Level 1:colcon.colcon_core.package_identification:_identify(src/face_controller) by extension 'ignore_ament_install'
[0.209s] Level 1:colcon.colcon_core.package_identification:_identify(src/face_controller) by extensions ['colcon_pkg']
[0.209s] Level 1:colcon.colcon_core.package_identification:_identify(src/face_controller) by extension 'colcon_pkg'
[0.210s] Level 1:colcon.colcon_core.package_identification:_identify(src/face_controller) by extensions ['colcon_meta']
[0.210s] Level 1:colcon.colcon_core.package_identification:_identify(src/face_controller) by extension 'colcon_meta'
[0.210s] Level 1:colcon.colcon_core.package_identification:_identify(src/face_controller) by extensions ['ros']
[0.210s] Level 1:colcon.colcon_core.package_identification:_identify(src/face_controller) by extension 'ros'
[0.210s] DEBUG:colcon.colcon_core.package_identification:Package 'src/face_controller' with type 'ros.ament_python' and name 'face_controller'
[0.210s] Level 1:colcon.colcon_core.package_identification:_identify(src/install) by extensions ['ignore', 'ignore_ament_install']
[0.210s] Level 1:colcon.colcon_core.package_identification:_identify(src/install) by extension 'ignore'
[0.210s] Level 1:colcon.colcon_core.package_identification:_identify(src/install) ignored
[0.211s] Level 1:colcon.colcon_core.package_identification:_identify(src/log) by extensions ['ignore', 'ignore_ament_install']
[0.211s] Level 1:colcon.colcon_core.package_identification:_identify(src/log) by extension 'ignore'
[0.211s] Level 1:colcon.colcon_core.package_identification:_identify(src/log) ignored
[0.211s] Level 1:colcon.colcon_core.package_identification:_identify(src/manipulation) by extensions ['ignore', 'ignore_ament_install']
[0.211s] Level 1:colcon.colcon_core.package_identification:_identify(src/manipulation) by extension 'ignore'
[0.211s] Level 1:colcon.colcon_core.package_identification:_identify(src/manipulation) by extension 'ignore_ament_install'
[0.211s] Level 1:colcon.colcon_core.package_identification:_identify(src/manipulation) by extensions ['colcon_pkg']
[0.211s] Level 1:colcon.colcon_core.package_identification:_identify(src/manipulation) by extension 'colcon_pkg'
[0.211s] Level 1:colcon.colcon_core.package_identification:_identify(src/manipulation) by extensions ['colcon_meta']
[0.211s] Level 1:colcon.colcon_core.package_identification:_identify(src/manipulation) by extension 'colcon_meta'
[0.211s] Level 1:colcon.colcon_core.package_identification:_identify(src/manipulation) by extensions ['ros']
[0.211s] Level 1:colcon.colcon_core.package_identification:_identify(src/manipulation) by extension 'ros'
[0.212s] DEBUG:colcon.colcon_core.package_identification:Package 'src/manipulation' with type 'ros.ament_python' and name 'manipulation'
[0.212s] Level 1:colcon.colcon_core.package_identification:_identify(src/ros_tcp_endpoint) by extensions ['ignore', 'ignore_ament_install']
[0.212s] Level 1:colcon.colcon_core.package_identification:_identify(src/ros_tcp_endpoint) by extension 'ignore'
[0.212s] Level 1:colcon.colcon_core.package_identification:_identify(src/ros_tcp_endpoint) by extension 'ignore_ament_install'
[0.212s] Level 1:colcon.colcon_core.package_identification:_identify(src/ros_tcp_endpoint) by extensions ['colcon_pkg']
[0.212s] Level 1:colcon.colcon_core.package_identification:_identify(src/ros_tcp_endpoint) by extension 'colcon_pkg'
[0.212s] Level 1:colcon.colcon_core.package_identification:_identify(src/ros_tcp_endpoint) by extensions ['colcon_meta']
[0.212s] Level 1:colcon.colcon_core.package_identification:_identify(src/ros_tcp_endpoint) by extension 'colcon_meta'
[0.212s] Level 1:colcon.colcon_core.package_identification:_identify(src/ros_tcp_endpoint) by extensions ['ros']
[0.212s] Level 1:colcon.colcon_core.package_identification:_identify(src/ros_tcp_endpoint) by extension 'ros'
[0.212s] Level 1:colcon.colcon_core.package_identification:_identify(src/ros_tcp_endpoint) by extensions ['cmake', 'python']
[0.212s] Level 1:colcon.colcon_core.package_identification:_identify(src/ros_tcp_endpoint) by extension 'cmake'
[0.212s] Level 1:colcon.colcon_core.package_identification:_identify(src/ros_tcp_endpoint) by extension 'python'
[0.212s] Level 1:colcon.colcon_core.package_identification:_identify(src/ros_tcp_endpoint) by extensions ['python_setup_py']
[0.212s] Level 1:colcon.colcon_core.package_identification:_identify(src/ros_tcp_endpoint) by extension 'python_setup_py'
[0.213s] Level 1:colcon.colcon_core.package_identification:_identify(src/unity_robotics_demo) by extensions ['ignore', 'ignore_ament_install']
[0.213s] Level 1:colcon.colcon_core.package_identification:_identify(src/unity_robotics_demo) by extension 'ignore'
[0.213s] Level 1:colcon.colcon_core.package_identification:_identify(src/unity_robotics_demo) by extension 'ignore_ament_install'
[0.213s] Level 1:colcon.colcon_core.package_identification:_identify(src/unity_robotics_demo) by extensions ['colcon_pkg']
[0.213s] Level 1:colcon.colcon_core.package_identification:_identify(src/unity_robotics_demo) by extension 'colcon_pkg'
[0.213s] Level 1:colcon.colcon_core.package_identification:_identify(src/unity_robotics_demo) by extensions ['colcon_meta']
[0.213s] Level 1:colcon.colcon_core.package_identification:_identify(src/unity_robotics_demo) by extension 'colcon_meta'
[0.213s] Level 1:colcon.colcon_core.package_identification:_identify(src/unity_robotics_demo) by extensions ['ros']
[0.213s] Level 1:colcon.colcon_core.package_identification:_identify(src/unity_robotics_demo) by extension 'ros'
[0.214s] DEBUG:colcon.colcon_core.package_identification:Package 'src/unity_robotics_demo' with type 'ros.ament_python' and name 'unity_robotics_demo'
[0.214s] Level 1:colcon.colcon_core.package_identification:_identify(src/unity_robotics_demo_msgs) by extensions ['ignore', 'ignore_ament_install']
[0.214s] Level 1:colcon.colcon_core.package_identification:_identify(src/unity_robotics_demo_msgs) by extension 'ignore'
[0.214s] Level 1:colcon.colcon_core.package_identification:_identify(src/unity_robotics_demo_msgs) by extension 'ignore_ament_install'
[0.214s] Level 1:colcon.colcon_core.package_identification:_identify(src/unity_robotics_demo_msgs) by extensions ['colcon_pkg']
[0.214s] Level 1:colcon.colcon_core.package_identification:_identify(src/unity_robotics_demo_msgs) by extension 'colcon_pkg'
[0.214s] Level 1:colcon.colcon_core.package_identification:_identify(src/unity_robotics_demo_msgs) by extensions ['colcon_meta']
[0.214s] Level 1:colcon.colcon_core.package_identification:_identify(src/unity_robotics_demo_msgs) by extension 'colcon_meta'
[0.214s] Level 1:colcon.colcon_core.package_identification:_identify(src/unity_robotics_demo_msgs) by extensions ['ros']
[0.214s] Level 1:colcon.colcon_core.package_identification:_identify(src/unity_robotics_demo_msgs) by extension 'ros'
[0.215s] DEBUG:colcon.colcon_core.package_identification:Package 'src/unity_robotics_demo_msgs' with type 'ros.ament_cmake' and name 'unity_robotics_demo_msgs'
[0.215s] Level 1:colcon.colcon_core.package_identification:_identify(src/utils) by extensions ['ignore', 'ignore_ament_install']
[0.215s] Level 1:colcon.colcon_core.package_identification:_identify(src/utils) by extension 'ignore'
[0.215s] Level 1:colcon.colcon_core.package_identification:_identify(src/utils) by extension 'ignore_ament_install'
[0.215s] Level 1:colcon.colcon_core.package_identification:_identify(src/utils) by extensions ['colcon_pkg']
[0.215s] Level 1:colcon.colcon_core.package_identification:_identify(src/utils) by extension 'colcon_pkg'
[0.215s] Level 1:colcon.colcon_core.package_identification:_identify(src/utils) by extensions ['colcon_meta']
[0.215s] Level 1:colcon.colcon_core.package_identification:_identify(src/utils) by extension 'colcon_meta'
[0.215s] Level 1:colcon.colcon_core.package_identification:_identify(src/utils) by extensions ['ros']
[0.215s] Level 1:colcon.colcon_core.package_identification:_identify(src/utils) by extension 'ros'
[0.216s] DEBUG:colcon.colcon_core.package_identification:Package 'src/utils' with type 'ros.ament_python' and name 'utils'
[0.216s] Level 1:colcon.colcon_core.package_identification:_identify(src/vision) by extensions ['ignore', 'ignore_ament_install']
[0.216s] Level 1:colcon.colcon_core.package_identification:_identify(src/vision) by extension 'ignore'
[0.216s] Level 1:colcon.colcon_core.package_identification:_identify(src/vision) by extension 'ignore_ament_install'
[0.216s] Level 1:colcon.colcon_core.package_identification:_identify(src/vision) by extensions ['colcon_pkg']
[0.216s] Level 1:colcon.colcon_core.package_identification:_identify(src/vision) by extension 'colcon_pkg'
[0.216s] Level 1:colcon.colcon_core.package_identification:_identify(src/vision) by extensions ['colcon_meta']
[0.216s] Level 1:colcon.colcon_core.package_identification:_identify(src/vision) by extension 'colcon_meta'
[0.216s] Level 1:colcon.colcon_core.package_identification:_identify(src/vision) by extensions ['ros']
[0.216s] Level 1:colcon.colcon_core.package_identification:_identify(src/vision) by extension 'ros'
[0.217s] DEBUG:colcon.colcon_core.package_identification:Package 'src/vision' with type 'ros.ament_python' and name 'vision'
[0.217s] Level 1:colcon.colcon_core.package_discovery:discover_packages(recursive) using defaults
[0.217s] Level 1:colcon.colcon_core.package_discovery:discover_packages(ignore) discover
[0.217s] Level 1:colcon.colcon_core.package_discovery:discover_packages(ignore) using defaults
[0.217s] Level 1:colcon.colcon_core.package_discovery:discover_packages(path) discover
[0.217s] Level 1:colcon.colcon_core.package_discovery:discover_packages(path) using defaults
[0.238s] Level 5:colcon.colcon_core.verb:set package 'audio' build argument 'cmake_args' from command line to 'None'
[0.238s] Level 5:colcon.colcon_core.verb:set package 'audio' build argument 'cmake_target' from command line to 'None'
[0.238s] Level 5:colcon.colcon_core.verb:set package 'audio' build argument 'cmake_target_skip_unavailable' from command line to 'False'
[0.238s] Level 5:colcon.colcon_core.verb:set package 'audio' build argument 'cmake_clean_cache' from command line to 'False'
[0.238s] Level 5:colcon.colcon_core.verb:set package 'audio' build argument 'cmake_clean_first' from command line to 'False'
[0.238s] Level 5:colcon.colcon_core.verb:set package 'audio' build argument 'cmake_force_configure' from command line to 'False'
[0.238s] Level 5:colcon.colcon_core.verb:set package 'audio' build argument 'ament_cmake_args' from command line to 'None'
[0.238s] Level 5:colcon.colcon_core.verb:set package 'audio' build argument 'catkin_cmake_args' from command line to 'None'
[0.238s] Level 5:colcon.colcon_core.verb:set package 'audio' build argument 'catkin_skip_building_tests' from command line to 'False'
[0.238s] DEBUG:colcon.colcon_core.verb:Building package 'audio' with the following arguments: {'ament_cmake_args': None, 'build_base': '/home/dev_ws/build/audio', 'catkin_cmake_args': None, 'catkin_skip_building_tests': False, 'cmake_args': None, 'cmake_clean_cache': False, 'cmake_clean_first': False, 'cmake_force_configure': False, 'cmake_target': None, 'cmake_target_skip_unavailable': False, 'install_base': '/home/dev_ws/install/audio', 'merge_install': False, 'path': '/home/dev_ws/src/audio', 'symlink_install': False, 'test_result_base': None}
[0.239s] Level 5:colcon.colcon_core.verb:set package 'face_controller' build argument 'cmake_args' from command line to 'None'
[0.239s] Level 5:colcon.colcon_core.verb:set package 'face_controller' build argument 'cmake_target' from command line to 'None'
[0.239s] Level 5:colcon.colcon_core.verb:set package 'face_controller' build argument 'cmake_target_skip_unavailable' from command line to 'False'
[0.239s] Level 5:colcon.colcon_core.verb:set package 'face_controller' build argument 'cmake_clean_cache' from command line to 'False'
[0.239s] Level 5:colcon.colcon_core.verb:set package 'face_controller' build argument 'cmake_clean_first' from command line to 'False'
[0.239s] Level 5:colcon.colcon_core.verb:set package 'face_controller' build argument 'cmake_force_configure' from command line to 'False'
[0.239s] Level 5:colcon.colcon_core.verb:set package 'face_controller' build argument 'ament_cmake_args' from command line to 'None'
[0.239s] Level 5:colcon.colcon_core.verb:set package 'face_controller' build argument 'catkin_cmake_args' from command line to 'None'
[0.239s] Level 5:colcon.colcon_core.verb:set package 'face_controller' build argument 'catkin_skip_building_tests' from command line to 'False'
[0.239s] DEBUG:colcon.colcon_core.verb:Building package 'face_controller' with the following arguments: {'ament_cmake_args': None, 'build_base': '/home/dev_ws/build/face_controller', 'catkin_cmake_args': None, 'catkin_skip_building_tests': False, 'cmake_args': None, 'cmake_clean_cache': False, 'cmake_clean_first': False, 'cmake_force_configure': False, 'cmake_target': None, 'cmake_target_skip_unavailable': False, 'install_base': '/home/dev_ws/install/face_controller', 'merge_install': False, 'path': '/home/dev_ws/src/face_controller', 'symlink_install': False, 'test_result_base': None}
[0.240s] Level 5:colcon.colcon_core.verb:set package 'manipulation' build argument 'cmake_args' from command line to 'None'
[0.240s] Level 5:colcon.colcon_core.verb:set package 'manipulation' build argument 'cmake_target' from command line to 'None'
[0.240s] Level 5:colcon.colcon_core.verb:set package 'manipulation' build argument 'cmake_target_skip_unavailable' from command line to 'False'
[0.240s] Level 5:colcon.colcon_core.verb:set package 'manipulation' build argument 'cmake_clean_cache' from command line to 'False'
[0.240s] Level 5:colcon.colcon_core.verb:set package 'manipulation' build argument 'cmake_clean_first' from command line to 'False'
[0.240s] Level 5:colcon.colcon_core.verb:set package 'manipulation' build argument 'cmake_force_configure' from command line to 'False'
[0.240s] Level 5:colcon.colcon_core.verb:set package 'manipulation' build argument 'ament_cmake_args' from command line to 'None'
[0.240s] Level 5:colcon.colcon_core.verb:set package 'manipulation' build argument 'catkin_cmake_args' from command line to 'None'
[0.240s] Level 5:colcon.colcon_core.verb:set package 'manipulation' build argument 'catkin_skip_building_tests' from command line to 'False'
[0.240s] DEBUG:colcon.colcon_core.verb:Building package 'manipulation' with the following arguments: {'ament_cmake_args': None, 'build_base': '/home/dev_ws/build/manipulation', 'catkin_cmake_args': None, 'catkin_skip_building_tests': False, 'cmake_args': None, 'cmake_clean_cache': False, 'cmake_clean_first': False, 'cmake_force_configure': False, 'cmake_target': None, 'cmake_target_skip_unavailable': False, 'install_base': '/home/dev_ws/install/manipulation', 'merge_install': False, 'path': '/home/dev_ws/src/manipulation', 'symlink_install': False, 'test_result_base': None}
[0.241s] Level 5:colcon.colcon_core.verb:set package 'unity_robotics_demo' build argument 'cmake_args' from command line to 'None'
[0.241s] Level 5:colcon.colcon_core.verb:set package 'unity_robotics_demo' build argument 'cmake_target' from command line to 'None'
[0.241s] Level 5:colcon.colcon_core.verb:set package 'unity_robotics_demo' build argument 'cmake_target_skip_unavailable' from command line to 'False'
[0.241s] Level 5:colcon.colcon_core.verb:set package 'unity_robotics_demo' build argument 'cmake_clean_cache' from command line to 'False'
[0.241s] Level 5:colcon.colcon_core.verb:set package 'unity_robotics_demo' build argument 'cmake_clean_first' from command line to 'False'
[0.241s] Level 5:colcon.colcon_core.verb:set package 'unity_robotics_demo' build argument 'cmake_force_configure' from command line to 'False'
[0.241s] Level 5:colcon.colcon_core.verb:set package 'unity_robotics_demo' build argument 'ament_cmake_args' from command line to 'None'
[0.241s] Level 5:colcon.colcon_core.verb:set package 'unity_robotics_demo' build argument 'catkin_cmake_args' from command line to 'None'
[0.241s] Level 5:colcon.colcon_core.verb:set package 'unity_robotics_demo' build argument 'catkin_skip_building_tests' from command line to 'False'
[0.242s] DEBUG:colcon.colcon_core.verb:Building package 'unity_robotics_demo' with the following arguments: {'ament_cmake_args': None, 'build_base': '/home/dev_ws/build/unity_robotics_demo', 'catkin_cmake_args': None, 'catkin_skip_building_tests': False, 'cmake_args': None, 'cmake_clean_cache': False, 'cmake_clean_first': False, 'cmake_force_configure': False, 'cmake_target': None, 'cmake_target_skip_unavailable': False, 'install_base': '/home/dev_ws/install/unity_robotics_demo', 'merge_install': False, 'path': '/home/dev_ws/src/unity_robotics_demo', 'symlink_install': False, 'test_result_base': None}
[0.242s] Level 5:colcon.colcon_core.verb:set package 'unity_robotics_demo_msgs' build argument 'cmake_args' from command line to 'None'
[0.242s] Level 5:colcon.colcon_core.verb:set package 'unity_robotics_demo_msgs' build argument 'cmake_target' from command line to 'None'
[0.242s] Level 5:colcon.colcon_core.verb:set package 'unity_robotics_demo_msgs' build argument 'cmake_target_skip_unavailable' from command line to 'False'
[0.242s] Level 5:colcon.colcon_core.verb:set package 'unity_robotics_demo_msgs' build argument 'cmake_clean_cache' from command line to 'False'
[0.242s] Level 5:colcon.colcon_core.verb:set package 'unity_robotics_demo_msgs' build argument 'cmake_clean_first' from command line to 'False'
[0.242s] Level 5:colcon.colcon_core.verb:set package 'unity_robotics_demo_msgs' build argument 'cmake_force_configure' from command line to 'False'
[0.242s] Level 5:colcon.colcon_core.verb:set package 'unity_robotics_demo_msgs' build argument 'ament_cmake_args' from command line to 'None'
[0.242s] Level 5:colcon.colcon_core.verb:set package 'unity_robotics_demo_msgs' build argument 'catkin_cmake_args' from command line to 'None'
[0.242s] Level 5:colcon.colcon_core.verb:set package 'unity_robotics_demo_msgs' build argument 'catkin_skip_building_tests' from command line to 'False'
[0.242s] DEBUG:colcon.colcon_core.verb:Building package 'unity_robotics_demo_msgs' with the following arguments: {'ament_cmake_args': None, 'build_base': '/home/dev_ws/build/unity_robotics_demo_msgs', 'catkin_cmake_args': None, 'catkin_skip_building_tests': False, 'cmake_args': None, 'cmake_clean_cache': False, 'cmake_clean_first': False, 'cmake_force_configure': False, 'cmake_target': None, 'cmake_target_skip_unavailable': False, 'install_base': '/home/dev_ws/install/unity_robotics_demo_msgs', 'merge_install': False, 'path': '/home/dev_ws/src/unity_robotics_demo_msgs', 'symlink_install': False, 'test_result_base': None}
[0.243s] Level 5:colcon.colcon_core.verb:set package 'utils' build argument 'cmake_args' from command line to 'None'
[0.243s] Level 5:colcon.colcon_core.verb:set package 'utils' build argument 'cmake_target' from command line to 'None'
[0.243s] Level 5:colcon.colcon_core.verb:set package 'utils' build argument 'cmake_target_skip_unavailable' from command line to 'False'
[0.243s] Level 5:colcon.colcon_core.verb:set package 'utils' build argument 'cmake_clean_cache' from command line to 'False'
[0.243s] Level 5:colcon.colcon_core.verb:set package 'utils' build argument 'cmake_clean_first' from command line to 'False'
[0.243s] Level 5:colcon.colcon_core.verb:set package 'utils' build argument 'cmake_force_configure' from command line to 'False'
[0.243s] Level 5:colcon.colcon_core.verb:set package 'utils' build argument 'ament_cmake_args' from command line to 'None'
[0.243s] Level 5:colcon.colcon_core.verb:set package 'utils' build argument 'catkin_cmake_args' from command line to 'None'
[0.243s] Level 5:colcon.colcon_core.verb:set package 'utils' build argument 'catkin_skip_building_tests' from command line to 'False'
[0.243s] DEBUG:colcon.colcon_core.verb:Building package 'utils' with the following arguments: {'ament_cmake_args': None, 'build_base': '/home/dev_ws/build/utils', 'catkin_cmake_args': None, 'catkin_skip_building_tests': False, 'cmake_args': None, 'cmake_clean_cache': False, 'cmake_clean_first': False, 'cmake_force_configure': False, 'cmake_target': None, 'cmake_target_skip_unavailable': False, 'install_base': '/home/dev_ws/install/utils', 'merge_install': False, 'path': '/home/dev_ws/src/utils', 'symlink_install': False, 'test_result_base': None}
[0.244s] Level 5:colcon.colcon_core.verb:set package 'vision' build argument 'cmake_args' from command line to 'None'
[0.244s] Level 5:colcon.colcon_core.verb:set package 'vision' build argument 'cmake_target' from command line to 'None'
[0.244s] Level 5:colcon.colcon_core.verb:set package 'vision' build argument 'cmake_target_skip_unavailable' from command line to 'False'
[0.244s] Level 5:colcon.colcon_core.verb:set package 'vision' build argument 'cmake_clean_cache' from command line to 'False'
[0.244s] Level 5:colcon.colcon_core.verb:set package 'vision' build argument 'cmake_clean_first' from command line to 'False'
[0.244s] Level 5:colcon.colcon_core.verb:set package 'vision' build argument 'cmake_force_configure' from command line to 'False'
[0.244s] Level 5:colcon.colcon_core.verb:set package 'vision' build argument 'ament_cmake_args' from command line to 'None'
[0.244s] Level 5:colcon.colcon_core.verb:set package 'vision' build argument 'catkin_cmake_args' from command line to 'None'
[0.244s] Level 5:colcon.colcon_core.verb:set package 'vision' build argument 'catkin_skip_building_tests' from command line to 'False'
[0.244s] DEBUG:colcon.colcon_core.verb:Building package 'vision' with the following arguments: {'ament_cmake_args': None, 'build_base': '/home/dev_ws/build/vision', 'catkin_cmake_args': None, 'catkin_skip_building_tests': False, 'cmake_args': None, 'cmake_clean_cache': False, 'cmake_clean_first': False, 'cmake_force_configure': False, 'cmake_target': None, 'cmake_target_skip_unavailable': False, 'install_base': '/home/dev_ws/install/vision', 'merge_install': False, 'path': '/home/dev_ws/src/vision', 'symlink_install': False, 'test_result_base': None}
[0.245s] INFO:colcon.colcon_core.executor:Executing jobs using 'parallel' executor
[0.247s] DEBUG:colcon.colcon_parallel_executor.executor.parallel:run_until_complete
[0.247s] INFO:colcon.colcon_ros.task.ament_python.build:Building ROS package in '/home/dev_ws/src/audio' with build type 'ament_python'
[0.248s] Level 1:colcon.colcon_core.shell:create_environment_hook('audio', 'ament_prefix_path')
[0.253s] INFO:colcon.colcon_core.plugin_system:Skipping extension 'colcon_core.shell.bat': Not used on non-Windows systems
[0.254s] INFO:colcon.colcon_core.shell:Creating environment hook '/home/dev_ws/install/audio/share/audio/hook/ament_prefix_path.ps1'
[0.254s] INFO:colcon.colcon_core.shell:Creating environment descriptor '/home/dev_ws/install/audio/share/audio/hook/ament_prefix_path.dsv'
[0.255s] INFO:colcon.colcon_core.shell:Creating environment hook '/home/dev_ws/install/audio/share/audio/hook/ament_prefix_path.sh'
[0.256s] INFO:colcon.colcon_core.shell:Skip shell extension 'powershell' for command environment: Not usable outside of PowerShell
[0.256s] DEBUG:colcon.colcon_core.shell:Skip shell extension 'dsv' for command environment
[0.257s] WARNING:colcon.colcon_core.prefix_path.colcon:The path '/home/jubileo/install' in the environment variable COLCON_PREFIX_PATH doesn't exist
[0.257s] WARNING:colcon.colcon_ros.prefix_path.ament:The path '/home/jubileo/install/vision' in the environment variable AMENT_PREFIX_PATH doesn't exist
[0.257s] WARNING:colcon.colcon_ros.prefix_path.ament:The path '/home/jubileo/install/utils' in the environment variable AMENT_PREFIX_PATH doesn't exist
[0.257s] WARNING:colcon.colcon_ros.prefix_path.ament:The path '/home/jubileo/install/unity_robotics_demo_msgs' in the environment variable AMENT_PREFIX_PATH doesn't exist
[0.257s] WARNING:colcon.colcon_ros.prefix_path.ament:The path '/home/jubileo/install/unity_robotics_demo' in the environment variable AMENT_PREFIX_PATH doesn't exist
[0.258s] WARNING:colcon.colcon_ros.prefix_path.ament:The path '/home/jubileo/install/ros_tcp_endpoint' in the environment variable AMENT_PREFIX_PATH doesn't exist
[0.258s] WARNING:colcon.colcon_ros.prefix_path.ament:The path '/home/jubileo/install/manipulation' in the environment variable AMENT_PREFIX_PATH doesn't exist
[0.258s] WARNING:colcon.colcon_ros.prefix_path.ament:The path '/home/jubileo/install/face_controller' in the environment variable AMENT_PREFIX_PATH doesn't exist
[0.258s] WARNING:colcon.colcon_ros.prefix_path.ament:The path '/home/jubileo/install/audio' in the environment variable AMENT_PREFIX_PATH doesn't exist
[0.258s] WARNING:colcon.colcon_ros.prefix_path.catkin:The path '/home/jubileo/install/unity_robotics_demo_msgs' in the environment variable CMAKE_PREFIX_PATH doesn't exist
[0.263s] INFO:colcon.colcon_ros.task.ament_python.build:Building ROS package in '/home/dev_ws/src/face_controller' with build type 'ament_python'
[0.264s] Level 1:colcon.colcon_core.shell:create_environment_hook('face_controller', 'ament_prefix_path')
[0.265s] INFO:colcon.colcon_core.shell:Creating environment hook '/home/dev_ws/install/face_controller/share/face_controller/hook/ament_prefix_path.ps1'
[0.267s] INFO:colcon.colcon_core.shell:Creating environment descriptor '/home/dev_ws/install/face_controller/share/face_controller/hook/ament_prefix_path.dsv'
[0.268s] INFO:colcon.colcon_core.shell:Creating environment hook '/home/dev_ws/install/face_controller/share/face_controller/hook/ament_prefix_path.sh'
[0.269s] INFO:colcon.colcon_core.shell:Skip shell extension 'powershell' for command environment: Not usable outside of PowerShell
[0.269s] DEBUG:colcon.colcon_core.shell:Skip shell extension 'dsv' for command environment
[0.275s] INFO:colcon.colcon_ros.task.ament_python.build:Building ROS package in '/home/dev_ws/src/manipulation' with build type 'ament_python'
[0.275s] Level 1:colcon.colcon_core.shell:create_environment_hook('manipulation', 'ament_prefix_path')
[0.276s] INFO:colcon.colcon_core.shell:Creating environment hook '/home/dev_ws/install/manipulation/share/manipulation/hook/ament_prefix_path.ps1'
[0.277s] INFO:colcon.colcon_core.shell:Creating environment descriptor '/home/dev_ws/install/manipulation/share/manipulation/hook/ament_prefix_path.dsv'
[0.277s] INFO:colcon.colcon_core.shell:Creating environment hook '/home/dev_ws/install/manipulation/share/manipulation/hook/ament_prefix_path.sh'
[0.278s] INFO:colcon.colcon_core.shell:Skip shell extension 'powershell' for command environment: Not usable outside of PowerShell
[0.279s] DEBUG:colcon.colcon_core.shell:Skip shell extension 'dsv' for command environment
[0.285s] INFO:colcon.colcon_ros.task.ament_python.build:Building ROS package in '/home/dev_ws/src/unity_robotics_demo' with build type 'ament_python'
[0.285s] Level 1:colcon.colcon_core.shell:create_environment_hook('unity_robotics_demo', 'ament_prefix_path')
[0.288s] INFO:colcon.colcon_core.shell:Creating environment hook '/home/dev_ws/install/unity_robotics_demo/share/unity_robotics_demo/hook/ament_prefix_path.ps1'
[0.290s] INFO:colcon.colcon_core.shell:Creating environment descriptor '/home/dev_ws/install/unity_robotics_demo/share/unity_robotics_demo/hook/ament_prefix_path.dsv'
[0.291s] INFO:colcon.colcon_core.shell:Creating environment hook '/home/dev_ws/install/unity_robotics_demo/share/unity_robotics_demo/hook/ament_prefix_path.sh'
[0.292s] INFO:colcon.colcon_core.shell:Skip shell extension 'powershell' for command environment: Not usable outside of PowerShell
[0.292s] DEBUG:colcon.colcon_core.shell:Skip shell extension 'dsv' for command environment
[0.296s] INFO:colcon.colcon_ros.task.ament_cmake.build:Building ROS package in '/home/dev_ws/src/unity_robotics_demo_msgs' with build type 'ament_cmake'
[0.297s] INFO:colcon.colcon_cmake.task.cmake.build:Building CMake package in '/home/dev_ws/src/unity_robotics_demo_msgs'
[0.297s] INFO:colcon.colcon_core.shell:Skip shell extension 'powershell' for command environment: Not usable outside of PowerShell
[0.298s] DEBUG:colcon.colcon_core.shell:Skip shell extension 'dsv' for command environment
[0.307s] INFO:colcon.colcon_ros.task.ament_python.build:Building ROS package in '/home/dev_ws/src/utils' with build type 'ament_python'
[0.307s] Level 1:colcon.colcon_core.shell:create_environment_hook('utils', 'ament_prefix_path')
[0.308s] INFO:colcon.colcon_core.shell:Creating environment hook '/home/dev_ws/install/utils/share/utils/hook/ament_prefix_path.ps1'
[0.310s] INFO:colcon.colcon_core.shell:Creating environment descriptor '/home/dev_ws/install/utils/share/utils/hook/ament_prefix_path.dsv'
[0.310s] INFO:colcon.colcon_core.shell:Creating environment hook '/home/dev_ws/install/utils/share/utils/hook/ament_prefix_path.sh'
[0.311s] INFO:colcon.colcon_core.shell:Skip shell extension 'powershell' for command environment: Not usable outside of PowerShell
[0.311s] DEBUG:colcon.colcon_core.shell:Skip shell extension 'dsv' for command environment
[0.319s] INFO:colcon.colcon_ros.task.ament_python.build:Building ROS package in '/home/dev_ws/src/vision' with build type 'ament_python'
[0.321s] Level 1:colcon.colcon_core.shell:create_environment_hook('vision', 'ament_prefix_path')
[0.322s] INFO:colcon.colcon_core.shell:Creating environment hook '/home/dev_ws/install/vision/share/vision/hook/ament_prefix_path.ps1'
[0.322s] INFO:colcon.colcon_core.shell:Creating environment descriptor '/home/dev_ws/install/vision/share/vision/hook/ament_prefix_path.dsv'
[0.323s] INFO:colcon.colcon_core.shell:Creating environment hook '/home/dev_ws/install/vision/share/vision/hook/ament_prefix_path.sh'
[0.324s] INFO:colcon.colcon_core.shell:Skip shell extension 'powershell' for command environment: Not usable outside of PowerShell
[0.324s] DEBUG:colcon.colcon_core.shell:Skip shell extension 'dsv' for command environment
[0.563s] INFO:colcon.colcon_core.task.python.build:Building Python package in '/home/dev_ws/src/audio'
[0.564s] INFO:colcon.colcon_core.shell:Skip shell extension 'powershell' for command environment: Not usable outside of PowerShell
[0.564s] DEBUG:colcon.colcon_core.shell:Skip shell extension 'dsv' for command environment
[0.779s] INFO:colcon.colcon_core.task.python.build:Building Python package in '/home/dev_ws/src/face_controller'
[0.780s] INFO:colcon.colcon_core.shell:Skip shell extension 'powershell' for command environment: Not usable outside of PowerShell
[0.780s] DEBUG:colcon.colcon_core.shell:Skip shell extension 'dsv' for command environment
[0.996s] INFO:colcon.colcon_core.task.python.build:Building Python package in '/home/dev_ws/src/manipulation'
[0.997s] INFO:colcon.colcon_core.shell:Skip shell extension 'powershell' for command environment: Not usable outside of PowerShell
[0.997s] DEBUG:colcon.colcon_core.shell:Skip shell extension 'dsv' for command environment
[1.220s] INFO:colcon.colcon_core.task.python.build:Building Python package in '/home/dev_ws/src/unity_robotics_demo'
[1.221s] INFO:colcon.colcon_core.shell:Skip shell extension 'powershell' for command environment: Not usable outside of PowerShell
[1.221s] DEBUG:colcon.colcon_core.shell:Skip shell extension 'dsv' for command environment
[1.235s] DEBUG:colcon.colcon_core.event_handler.log_command:Invoking command in '/home/dev_ws/build/unity_robotics_demo_msgs': CMAKE_PREFIX_PATH=${CMAKE_PREFIX_PATH}:/opt/ros/foxy:/home/dev_ws/install/manipulation:/home/jubileo/install/vision:/home/jubileo/install/utils:/home/jubileo/install/unity_robotics_demo:/home/jubileo/install/ros_tcp_endpoint:/home/jubileo/install/manipulation:/home/jubileo/install/face_controller:/home/jubileo/install/audio:/home/dev_ws/install/vision:/home/dev_ws/install/utils:/home/dev_ws/install/unity_robotics_demo:/home/dev_ws/install/ros_tcp_endpoint:/home/dev_ws/install/face_controller:/home/dev_ws/install/audio /usr/bin/cmake --build /home/dev_ws/build/unity_robotics_demo_msgs -- -j12 -l12
[1.502s] INFO:colcon.colcon_core.task.python.build:Building Python package in '/home/dev_ws/src/utils'
[1.503s] INFO:colcon.colcon_core.shell:Skip shell extension 'powershell' for command environment: Not usable outside of PowerShell
[1.503s] DEBUG:colcon.colcon_core.shell:Skip shell extension 'dsv' for command environment
[1.775s] INFO:colcon.colcon_core.task.python.build:Building Python package in '/home/dev_ws/src/vision'
[1.776s] INFO:colcon.colcon_core.shell:Skip shell extension 'powershell' for command environment: Not usable outside of PowerShell
[1.784s] DEBUG:colcon.colcon_core.shell:Skip shell extension 'dsv' for command environment
[2.440s] DEBUG:colcon.colcon_core.event_handler.log_command:Invoking command in '/home/dev_ws/src/face_controller': PYTHONPATH=/home/dev_ws/install/face_controller/lib/python3.8/site-packages:${PYTHONPATH} /usr/bin/python3 setup.py egg_info --egg-base ../../build/face_controller build --build-base /home/dev_ws/build/face_controller/build install --prefix /home/dev_ws/install/face_controller --record /home/dev_ws/build/face_controller/install.log --single-version-externally-managed
[2.472s] DEBUG:colcon.colcon_core.event_handler.log_command:Invoking command in '/home/dev_ws/src/audio': PYTHONPATH=/home/dev_ws/install/audio/lib/python3.8/site-packages:${PYTHONPATH} /usr/bin/python3 setup.py egg_info --egg-base ../../build/audio build --build-base /home/dev_ws/build/audio/build install --prefix /home/dev_ws/install/audio --record /home/dev_ws/build/audio/install.log --single-version-externally-managed
[2.547s] DEBUG:colcon.colcon_core.event_handler.log_command:Invoking command in '/home/dev_ws/src/utils': PYTHONPATH=/home/dev_ws/install/utils/lib/python3.8/site-packages:${PYTHONPATH} /usr/bin/python3 setup.py egg_info --egg-base ../../build/utils build --build-base /home/dev_ws/build/utils/build install --prefix /home/dev_ws/install/utils --record /home/dev_ws/build/utils/install.log --single-version-externally-managed
[2.558s] DEBUG:colcon.colcon_core.event_handler.log_command:Invoking command in '/home/dev_ws/src/vision': PYTHONPATH=/home/dev_ws/install/vision/lib/python3.8/site-packages:${PYTHONPATH} /usr/bin/python3 setup.py egg_info --egg-base ../../build/vision build --build-base /home/dev_ws/build/vision/build install --prefix /home/dev_ws/install/vision --record /home/dev_ws/build/vision/install.log --single-version-externally-managed
[2.569s] DEBUG:colcon.colcon_core.event_handler.log_command:Invoking command in '/home/dev_ws/src/unity_robotics_demo': PYTHONPATH=/home/dev_ws/install/unity_robotics_demo/lib/python3.8/site-packages:${PYTHONPATH} /usr/bin/python3 setup.py egg_info --egg-base ../../build/unity_robotics_demo build --build-base /home/dev_ws/build/unity_robotics_demo/build install --prefix /home/dev_ws/install/unity_robotics_demo --record /home/dev_ws/build/unity_robotics_demo/install.log --single-version-externally-managed
[2.577s] DEBUG:colcon.colcon_core.event_handler.log_command:Invoking command in '/home/dev_ws/src/manipulation': PYTHONPATH=/home/dev_ws/install/manipulation/lib/python3.8/site-packages:${PYTHONPATH} /usr/bin/python3 setup.py egg_info --egg-base ../../build/manipulation build --build-base /home/dev_ws/build/manipulation/build install --prefix /home/dev_ws/install/manipulation --record /home/dev_ws/build/manipulation/install.log --single-version-externally-managed
[3.094s] DEBUG:colcon.colcon_core.event_handler.log_command:Invoked command in '/home/dev_ws/src/face_controller' returned '0': PYTHONPATH=/home/dev_ws/install/face_controller/lib/python3.8/site-packages:${PYTHONPATH} /usr/bin/python3 setup.py egg_info --egg-base ../../build/face_controller build --build-base /home/dev_ws/build/face_controller/build install --prefix /home/dev_ws/install/face_controller --record /home/dev_ws/build/face_controller/install.log --single-version-externally-managed
[3.113s] Level 1:colcon.colcon_core.environment:checking '/home/dev_ws/install/face_controller' for CMake module files
[3.115s] Level 1:colcon.colcon_core.environment:checking '/home/dev_ws/install/face_controller' for CMake config files
[3.118s] Level 1:colcon.colcon_core.environment:checking '/home/dev_ws/install/face_controller/lib'
[3.118s] Level 1:colcon.colcon_core.environment:checking '/home/dev_ws/install/face_controller/bin'
[3.119s] Level 1:colcon.colcon_core.environment:checking '/home/dev_ws/install/face_controller/lib/pkgconfig/face_controller.pc'
[3.120s] Level 1:colcon.colcon_core.environment:checking '/home/dev_ws/install/face_controller/lib/python3.8/site-packages'
[3.120s] Level 1:colcon.colcon_core.shell:create_environment_hook('face_controller', 'pythonpath')
[3.123s] INFO:colcon.colcon_core.shell:Creating environment hook '/home/dev_ws/install/face_controller/share/face_controller/hook/pythonpath.ps1'
[3.124s] INFO:colcon.colcon_core.shell:Creating environment descriptor '/home/dev_ws/install/face_controller/share/face_controller/hook/pythonpath.dsv'
[3.127s] INFO:colcon.colcon_core.shell:Creating environment hook '/home/dev_ws/install/face_controller/share/face_controller/hook/pythonpath.sh'
[3.128s] Level 1:colcon.colcon_core.environment:checking '/home/dev_ws/install/face_controller/bin'
[3.129s] Level 1:colcon.colcon_core.environment:create_environment_scripts_only(face_controller)
[3.131s] INFO:colcon.colcon_core.shell:Creating package script '/home/dev_ws/install/face_controller/share/face_controller/package.ps1'
[3.137s] INFO:colcon.colcon_core.shell:Creating package descriptor '/home/dev_ws/install/face_controller/share/face_controller/package.dsv'
[3.142s] INFO:colcon.colcon_core.shell:Creating package script '/home/dev_ws/install/face_controller/share/face_controller/package.sh'
[3.145s] INFO:colcon.colcon_core.shell:Creating package script '/home/dev_ws/install/face_controller/share/face_controller/package.bash'
[3.149s] INFO:colcon.colcon_core.shell:Creating package script '/home/dev_ws/install/face_controller/share/face_controller/package.zsh'
[3.153s] Level 1:colcon.colcon_core.environment:create_file_with_runtime_dependencies(/home/dev_ws/install/face_controller/share/colcon-core/packages/face_controller)
[3.159s] Level 1:colcon.colcon_core.environment:checking '/home/dev_ws/install/audio' for CMake module files
[3.161s] Level 1:colcon.colcon_core.environment:checking '/home/dev_ws/install/audio' for CMake config files
[3.161s] DEBUG:colcon.colcon_core.event_handler.log_command:Invoked command in '/home/dev_ws/src/audio' returned '0': PYTHONPATH=/home/dev_ws/install/audio/lib/python3.8/site-packages:${PYTHONPATH} /usr/bin/python3 setup.py egg_info --egg-base ../../build/audio build --build-base /home/dev_ws/build/audio/build install --prefix /home/dev_ws/install/audio --record /home/dev_ws/build/audio/install.log --single-version-externally-managed
[3.164s] Level 1:colcon.colcon_core.environment:checking '/home/dev_ws/install/audio/lib'
[3.165s] Level 1:colcon.colcon_core.environment:checking '/home/dev_ws/install/audio/bin'
[3.165s] Level 1:colcon.colcon_core.environment:checking '/home/dev_ws/install/audio/lib/pkgconfig/audio.pc'
[3.165s] Level 1:colcon.colcon_core.environment:checking '/home/dev_ws/install/audio/lib/python3.8/site-packages'
[3.166s] Level 1:colcon.colcon_core.shell:create_environment_hook('audio', 'pythonpath')
[3.167s] INFO:colcon.colcon_core.shell:Creating environment hook '/home/dev_ws/install/audio/share/audio/hook/pythonpath.ps1'
[3.168s] INFO:colcon.colcon_core.shell:Creating environment descriptor '/home/dev_ws/install/audio/share/audio/hook/pythonpath.dsv'
[3.169s] INFO:colcon.colcon_core.shell:Creating environment hook '/home/dev_ws/install/audio/share/audio/hook/pythonpath.sh'
[3.170s] Level 1:colcon.colcon_core.environment:checking '/home/dev_ws/install/audio/bin'
[3.171s] Level 1:colcon.colcon_core.environment:create_environment_scripts_only(audio)
[3.171s] INFO:colcon.colcon_core.shell:Creating package script '/home/dev_ws/install/audio/share/audio/package.ps1'
[3.173s] INFO:colcon.colcon_core.shell:Creating package descriptor '/home/dev_ws/install/audio/share/audio/package.dsv'
[3.175s] INFO:colcon.colcon_core.shell:Creating package script '/home/dev_ws/install/audio/share/audio/package.sh'
[3.176s] INFO:colcon.colcon_core.shell:Creating package script '/home/dev_ws/install/audio/share/audio/package.bash'
[3.177s] INFO:colcon.colcon_core.shell:Creating package script '/home/dev_ws/install/audio/share/audio/package.zsh'
[3.178s] Level 1:colcon.colcon_core.environment:create_file_with_runtime_dependencies(/home/dev_ws/install/audio/share/colcon-core/packages/audio)
[3.199s] Level 1:colcon.colcon_core.environment:checking '/home/dev_ws/install/utils' for CMake module files
[3.201s] DEBUG:colcon.colcon_core.event_handler.log_command:Invoked command in '/home/dev_ws/src/utils' returned '0': PYTHONPATH=/home/dev_ws/install/utils/lib/python3.8/site-packages:${PYTHONPATH} /usr/bin/python3 setup.py egg_info --egg-base ../../build/utils build --build-base /home/dev_ws/build/utils/build install --prefix /home/dev_ws/install/utils --record /home/dev_ws/build/utils/install.log --single-version-externally-managed
[3.202s] Level 1:colcon.colcon_core.environment:checking '/home/dev_ws/install/utils' for CMake config files
[3.204s] Level 1:colcon.colcon_core.environment:checking '/home/dev_ws/install/utils/lib'
[3.206s] Level 1:colcon.colcon_core.environment:checking '/home/dev_ws/install/utils/bin'
[3.207s] Level 1:colcon.colcon_core.environment:checking '/home/dev_ws/install/utils/lib/pkgconfig/utils.pc'
[3.207s] Level 1:colcon.colcon_core.environment:checking '/home/dev_ws/install/utils/lib/python3.8/site-packages'
[3.208s] Level 1:colcon.colcon_core.shell:create_environment_hook('utils', 'pythonpath')
[3.209s] INFO:colcon.colcon_core.shell:Creating environment hook '/home/dev_ws/install/utils/share/utils/hook/pythonpath.ps1'
[3.210s] INFO:colcon.colcon_core.shell:Creating environment descriptor '/home/dev_ws/install/utils/share/utils/hook/pythonpath.dsv'
[3.211s] INFO:colcon.colcon_core.shell:Creating environment hook '/home/dev_ws/install/utils/share/utils/hook/pythonpath.sh'
[3.213s] Level 1:colcon.colcon_core.environment:checking '/home/dev_ws/install/utils/bin'
[3.214s] Level 1:colcon.colcon_core.environment:create_environment_scripts_only(utils)
[3.215s] INFO:colcon.colcon_core.shell:Creating package script '/home/dev_ws/install/utils/share/utils/package.ps1'
[3.217s] INFO:colcon.colcon_core.shell:Creating package descriptor '/home/dev_ws/install/utils/share/utils/package.dsv'
[3.219s] INFO:colcon.colcon_core.shell:Creating package script '/home/dev_ws/install/utils/share/utils/package.sh'
[3.222s] INFO:colcon.colcon_core.shell:Creating package script '/home/dev_ws/install/utils/share/utils/package.bash'
[3.223s] INFO:colcon.colcon_core.shell:Creating package script '/home/dev_ws/install/utils/share/utils/package.zsh'
[3.224s] Level 1:colcon.colcon_core.environment:create_file_with_runtime_dependencies(/home/dev_ws/install/utils/share/colcon-core/packages/utils)
[3.238s] Level 1:colcon.colcon_core.environment:checking '/home/dev_ws/install/unity_robotics_demo' for CMake module files
[3.238s] DEBUG:colcon.colcon_core.event_handler.log_command:Invoked command in '/home/dev_ws/src/unity_robotics_demo' returned '0': PYTHONPATH=/home/dev_ws/install/unity_robotics_demo/lib/python3.8/site-packages:${PYTHONPATH} /usr/bin/python3 setup.py egg_info --egg-base ../../build/unity_robotics_demo build --build-base /home/dev_ws/build/unity_robotics_demo/build install --prefix /home/dev_ws/install/unity_robotics_demo --record /home/dev_ws/build/unity_robotics_demo/install.log --single-version-externally-managed
[3.239s] Level 1:colcon.colcon_core.environment:checking '/home/dev_ws/install/unity_robotics_demo' for CMake config files
[3.240s] Level 1:colcon.colcon_core.environment:checking '/home/dev_ws/install/unity_robotics_demo/lib'
[3.240s] Level 1:colcon.colcon_core.environment:checking '/home/dev_ws/install/unity_robotics_demo/bin'
[3.240s] Level 1:colcon.colcon_core.environment:checking '/home/dev_ws/install/unity_robotics_demo/lib/pkgconfig/unity_robotics_demo.pc'
[3.240s] Level 1:colcon.colcon_core.environment:checking '/home/dev_ws/install/unity_robotics_demo/lib/python3.8/site-packages'
[3.240s] Level 1:colcon.colcon_core.shell:create_environment_hook('unity_robotics_demo', 'pythonpath')
[3.241s] INFO:colcon.colcon_core.shell:Creating environment hook '/home/dev_ws/install/unity_robotics_demo/share/unity_robotics_demo/hook/pythonpath.ps1'
[3.241s] INFO:colcon.colcon_core.shell:Creating environment descriptor '/home/dev_ws/install/unity_robotics_demo/share/unity_robotics_demo/hook/pythonpath.dsv'
[3.242s] INFO:colcon.colcon_core.shell:Creating environment hook '/home/dev_ws/install/unity_robotics_demo/share/unity_robotics_demo/hook/pythonpath.sh'
[3.242s] Level 1:colcon.colcon_core.environment:checking '/home/dev_ws/install/unity_robotics_demo/bin'
[3.242s] Level 1:colcon.colcon_core.environment:create_environment_scripts_only(unity_robotics_demo)
[3.243s] INFO:colcon.colcon_core.shell:Creating package script '/home/dev_ws/install/unity_robotics_demo/share/unity_robotics_demo/package.ps1'
[3.243s] INFO:colcon.colcon_core.shell:Creating package descriptor '/home/dev_ws/install/unity_robotics_demo/share/unity_robotics_demo/package.dsv'
[3.244s] INFO:colcon.colcon_core.shell:Creating package script '/home/dev_ws/install/unity_robotics_demo/share/unity_robotics_demo/package.sh'
[3.244s] INFO:colcon.colcon_core.shell:Creating package script '/home/dev_ws/install/unity_robotics_demo/share/unity_robotics_demo/package.bash'
[3.245s] INFO:colcon.colcon_core.shell:Creating package script '/home/dev_ws/install/unity_robotics_demo/share/unity_robotics_demo/package.zsh'
[3.245s] Level 1:colcon.colcon_core.environment:create_file_with_runtime_dependencies(/home/dev_ws/install/unity_robotics_demo/share/colcon-core/packages/unity_robotics_demo)
[3.251s] Level 1:colcon.colcon_core.environment:checking '/home/dev_ws/install/manipulation' for CMake module files
[3.255s] DEBUG:colcon.colcon_core.event_handler.log_command:Invoked command in '/home/dev_ws/src/manipulation' returned '0': PYTHONPATH=/home/dev_ws/install/manipulation/lib/python3.8/site-packages:${PYTHONPATH} /usr/bin/python3 setup.py egg_info --egg-base ../../build/manipulation build --build-base /home/dev_ws/build/manipulation/build install --prefix /home/dev_ws/install/manipulation --record /home/dev_ws/build/manipulation/install.log --single-version-externally-managed
[3.255s] Level 1:colcon.colcon_core.environment:checking '/home/dev_ws/install/manipulation' for CMake config files
[3.256s] Level 1:colcon.colcon_core.environment:checking '/home/dev_ws/install/manipulation/lib'
[3.256s] Level 1:colcon.colcon_core.environment:checking '/home/dev_ws/install/manipulation/bin'
[3.256s] Level 1:colcon.colcon_core.environment:checking '/home/dev_ws/install/manipulation/lib/pkgconfig/manipulation.pc'
[3.256s] Level 1:colcon.colcon_core.environment:checking '/home/dev_ws/install/manipulation/lib/python3.8/site-packages'
[3.257s] Level 1:colcon.colcon_core.shell:create_environment_hook('manipulation', 'pythonpath')
[3.257s] INFO:colcon.colcon_core.shell:Creating environment hook '/home/dev_ws/install/manipulation/share/manipulation/hook/pythonpath.ps1'
[3.259s] INFO:colcon.colcon_core.shell:Creating environment descriptor '/home/dev_ws/install/manipulation/share/manipulation/hook/pythonpath.dsv'
[3.259s] INFO:colcon.colcon_core.shell:Creating environment hook '/home/dev_ws/install/manipulation/share/manipulation/hook/pythonpath.sh'
[3.260s] Level 1:colcon.colcon_core.environment:checking '/home/dev_ws/install/manipulation/bin'
[3.260s] Level 1:colcon.colcon_core.environment:create_environment_scripts_only(manipulation)
[3.260s] INFO:colcon.colcon_core.shell:Creating package script '/home/dev_ws/install/manipulation/share/manipulation/package.ps1'
[3.261s] INFO:colcon.colcon_core.shell:Creating package descriptor '/home/dev_ws/install/manipulation/share/manipulation/package.dsv'
[3.262s] INFO:colcon.colcon_core.shell:Creating package script '/home/dev_ws/install/manipulation/share/manipulation/package.sh'
[3.263s] INFO:colcon.colcon_core.shell:Creating package script '/home/dev_ws/install/manipulation/share/manipulation/package.bash'
[3.265s] INFO:colcon.colcon_core.shell:Creating package script '/home/dev_ws/install/manipulation/share/manipulation/package.zsh'
[3.267s] Level 1:colcon.colcon_core.environment:create_file_with_runtime_dependencies(/home/dev_ws/install/manipulation/share/colcon-core/packages/manipulation)
[3.270s] Level 1:colcon.colcon_core.environment:checking '/home/dev_ws/install/vision' for CMake module files
[3.273s] Level 1:colcon.colcon_core.environment:checking '/home/dev_ws/install/vision' for CMake config files
[3.273s] DEBUG:colcon.colcon_core.event_handler.log_command:Invoked command in '/home/dev_ws/src/vision' returned '0': PYTHONPATH=/home/dev_ws/install/vision/lib/python3.8/site-packages:${PYTHONPATH} /usr/bin/python3 setup.py egg_info --egg-base ../../build/vision build --build-base /home/dev_ws/build/vision/build install --prefix /home/dev_ws/install/vision --record /home/dev_ws/build/vision/install.log --single-version-externally-managed
[3.274s] Level 1:colcon.colcon_core.environment:checking '/home/dev_ws/install/vision/lib'
[3.274s] Level 1:colcon.colcon_core.environment:checking '/home/dev_ws/install/vision/bin'
[3.274s] Level 1:colcon.colcon_core.environment:checking '/home/dev_ws/install/vision/lib/pkgconfig/vision.pc'
[3.274s] Level 1:colcon.colcon_core.environment:checking '/home/dev_ws/install/vision/lib/python3.8/site-packages'
[3.274s] Level 1:colcon.colcon_core.shell:create_environment_hook('vision', 'pythonpath')
[3.275s] INFO:colcon.colcon_core.shell:Creating environment hook '/home/dev_ws/install/vision/share/vision/hook/pythonpath.ps1'
[3.275s] INFO:colcon.colcon_core.shell:Creating environment descriptor '/home/dev_ws/install/vision/share/vision/hook/pythonpath.dsv'
[3.276s] INFO:colcon.colcon_core.shell:Creating environment hook '/home/dev_ws/install/vision/share/vision/hook/pythonpath.sh'
[3.276s] Level 1:colcon.colcon_core.environment:checking '/home/dev_ws/install/vision/bin'
[3.277s] Level 1:colcon.colcon_core.environment:create_environment_scripts_only(vision)
[3.277s] INFO:colcon.colcon_core.shell:Creating package script '/home/dev_ws/install/vision/share/vision/package.ps1'
[3.278s] INFO:colcon.colcon_core.shell:Creating package descriptor '/home/dev_ws/install/vision/share/vision/package.dsv'
[3.282s] INFO:colcon.colcon_core.shell:Creating package script '/home/dev_ws/install/vision/share/vision/package.sh'
[3.284s] INFO:colcon.colcon_core.shell:Creating package script '/home/dev_ws/install/vision/share/vision/package.bash'
[3.286s] INFO:colcon.colcon_core.shell:Creating package script '/home/dev_ws/install/vision/share/vision/package.zsh'
[3.287s] Level 1:colcon.colcon_core.environment:create_file_with_runtime_dependencies(/home/dev_ws/install/vision/share/colcon-core/packages/vision)
[3.727s] DEBUG:colcon.colcon_core.event_handler.log_command:Invoked command in '/home/dev_ws/build/unity_robotics_demo_msgs' returned '0': CMAKE_PREFIX_PATH=${CMAKE_PREFIX_PATH}:/opt/ros/foxy:/home/dev_ws/install/manipulation:/home/jubileo/install/vision:/home/jubileo/install/utils:/home/jubileo/install/unity_robotics_demo:/home/jubileo/install/ros_tcp_endpoint:/home/jubileo/install/manipulation:/home/jubileo/install/face_controller:/home/jubileo/install/audio:/home/dev_ws/install/vision:/home/dev_ws/install/utils:/home/dev_ws/install/unity_robotics_demo:/home/dev_ws/install/ros_tcp_endpoint:/home/dev_ws/install/face_controller:/home/dev_ws/install/audio /usr/bin/cmake --build /home/dev_ws/build/unity_robotics_demo_msgs -- -j12 -l12
[3.927s] DEBUG:colcon.colcon_core.event_handler.log_command:Invoking command in '/home/dev_ws/build/unity_robotics_demo_msgs': CMAKE_PREFIX_PATH=${CMAKE_PREFIX_PATH}:/opt/ros/foxy:/home/dev_ws/install/manipulation:/home/jubileo/install/vision:/home/jubileo/install/utils:/home/jubileo/install/unity_robotics_demo:/home/jubileo/install/ros_tcp_endpoint:/home/jubileo/install/manipulation:/home/jubileo/install/face_controller:/home/jubileo/install/audio:/home/dev_ws/install/vision:/home/dev_ws/install/utils:/home/dev_ws/install/unity_robotics_demo:/home/dev_ws/install/ros_tcp_endpoint:/home/dev_ws/install/face_controller:/home/dev_ws/install/audio /usr/bin/cmake --install /home/dev_ws/build/unity_robotics_demo_msgs
[4.029s] Level 1:colcon.colcon_core.environment:create_environment_scripts_only(unity_robotics_demo_msgs)
[4.031s] Level 1:colcon.colcon_core.environment:checking '/home/dev_ws/install/unity_robotics_demo_msgs' for CMake module files
[4.032s] DEBUG:colcon.colcon_core.event_handler.log_command:Invoked command in '/home/dev_ws/build/unity_robotics_demo_msgs' returned '0': CMAKE_PREFIX_PATH=${CMAKE_PREFIX_PATH}:/opt/ros/foxy:/home/dev_ws/install/manipulation:/home/jubileo/install/vision:/home/jubileo/install/utils:/home/jubileo/install/unity_robotics_demo:/home/jubileo/install/ros_tcp_endpoint:/home/jubileo/install/manipulation:/home/jubileo/install/face_controller:/home/jubileo/install/audio:/home/dev_ws/install/vision:/home/dev_ws/install/utils:/home/dev_ws/install/unity_robotics_demo:/home/dev_ws/install/ros_tcp_endpoint:/home/dev_ws/install/face_controller:/home/dev_ws/install/audio /usr/bin/cmake --install /home/dev_ws/build/unity_robotics_demo_msgs
[4.032s] Level 1:colcon.colcon_core.environment:checking '/home/dev_ws/install/unity_robotics_demo_msgs' for CMake config files
[4.033s] Level 1:colcon.colcon_core.shell:create_environment_hook('unity_robotics_demo_msgs', 'cmake_prefix_path')
[4.033s] INFO:colcon.colcon_core.shell:Creating environment hook '/home/dev_ws/install/unity_robotics_demo_msgs/share/unity_robotics_demo_msgs/hook/cmake_prefix_path.ps1'
[4.034s] INFO:colcon.colcon_core.shell:Creating environment descriptor '/home/dev_ws/install/unity_robotics_demo_msgs/share/unity_robotics_demo_msgs/hook/cmake_prefix_path.dsv'
[4.034s] INFO:colcon.colcon_core.shell:Creating environment hook '/home/dev_ws/install/unity_robotics_demo_msgs/share/unity_robotics_demo_msgs/hook/cmake_prefix_path.sh'
[4.035s] Level 1:colcon.colcon_core.environment:checking '/home/dev_ws/install/unity_robotics_demo_msgs/lib'
[4.035s] Level 1:colcon.colcon_core.shell:create_environment_hook('unity_robotics_demo_msgs', 'ld_library_path_lib')
[4.036s] INFO:colcon.colcon_core.shell:Creating environment hook '/home/dev_ws/install/unity_robotics_demo_msgs/share/unity_robotics_demo_msgs/hook/ld_library_path_lib.ps1'
[4.036s] INFO:colcon.colcon_core.shell:Creating environment descriptor '/home/dev_ws/install/unity_robotics_demo_msgs/share/unity_robotics_demo_msgs/hook/ld_library_path_lib.dsv'
[4.036s] INFO:colcon.colcon_core.shell:Creating environment hook '/home/dev_ws/install/unity_robotics_demo_msgs/share/unity_robotics_demo_msgs/hook/ld_library_path_lib.sh'
[4.037s] Level 1:colcon.colcon_core.environment:checking '/home/dev_ws/install/unity_robotics_demo_msgs/bin'
[4.037s] Level 1:colcon.colcon_core.environment:checking '/home/dev_ws/install/unity_robotics_demo_msgs/lib/pkgconfig/unity_robotics_demo_msgs.pc'
[4.037s] Level 1:colcon.colcon_core.environment:checking '/home/dev_ws/install/unity_robotics_demo_msgs/lib/python3.8/site-packages'
[4.037s] Level 1:colcon.colcon_core.shell:create_environment_hook('unity_robotics_demo_msgs', 'pythonpath')
[4.038s] INFO:colcon.colcon_core.shell:Creating environment hook '/home/dev_ws/install/unity_robotics_demo_msgs/share/unity_robotics_demo_msgs/hook/pythonpath.ps1'
[4.038s] INFO:colcon.colcon_core.shell:Creating environment descriptor '/home/dev_ws/install/unity_robotics_demo_msgs/share/unity_robotics_demo_msgs/hook/pythonpath.dsv'
[4.038s] INFO:colcon.colcon_core.shell:Creating environment hook '/home/dev_ws/install/unity_robotics_demo_msgs/share/unity_robotics_demo_msgs/hook/pythonpath.sh'
[4.039s] Level 1:colcon.colcon_core.environment:checking '/home/dev_ws/install/unity_robotics_demo_msgs/bin'
[4.039s] INFO:colcon.colcon_core.shell:Creating package script '/home/dev_ws/install/unity_robotics_demo_msgs/share/unity_robotics_demo_msgs/package.ps1'
[4.040s] INFO:colcon.colcon_core.shell:Creating package descriptor '/home/dev_ws/install/unity_robotics_demo_msgs/share/unity_robotics_demo_msgs/package.dsv'
[4.040s] INFO:colcon.colcon_core.shell:Creating package script '/home/dev_ws/install/unity_robotics_demo_msgs/share/unity_robotics_demo_msgs/package.sh'
[4.041s] INFO:colcon.colcon_core.shell:Creating package script '/home/dev_ws/install/unity_robotics_demo_msgs/share/unity_robotics_demo_msgs/package.bash'
[4.041s] INFO:colcon.colcon_core.shell:Creating package script '/home/dev_ws/install/unity_robotics_demo_msgs/share/unity_robotics_demo_msgs/package.zsh'
[4.042s] Level 1:colcon.colcon_core.environment:create_file_with_runtime_dependencies(/home/dev_ws/install/unity_robotics_demo_msgs/share/colcon-core/packages/unity_robotics_demo_msgs)
[4.226s] Level 1:colcon.colcon_core.environment:create_environment_scripts_only(unity_robotics_demo_msgs)
[4.227s] Level 1:colcon.colcon_core.environment:checking '/home/dev_ws/install/unity_robotics_demo_msgs' for CMake module files
[4.228s] Level 1:colcon.colcon_core.environment:checking '/home/dev_ws/install/unity_robotics_demo_msgs' for CMake config files
[4.229s] Level 1:colcon.colcon_core.shell:create_environment_hook('unity_robotics_demo_msgs', 'cmake_prefix_path')
[4.229s] INFO:colcon.colcon_core.shell:Creating environment hook '/home/dev_ws/install/unity_robotics_demo_msgs/share/unity_robotics_demo_msgs/hook/cmake_prefix_path.ps1'
[4.231s] INFO:colcon.colcon_core.shell:Creating environment descriptor '/home/dev_ws/install/unity_robotics_demo_msgs/share/unity_robotics_demo_msgs/hook/cmake_prefix_path.dsv'
[4.231s] INFO:colcon.colcon_core.shell:Creating environment hook '/home/dev_ws/install/unity_robotics_demo_msgs/share/unity_robotics_demo_msgs/hook/cmake_prefix_path.sh'
[4.232s] Level 1:colcon.colcon_core.environment:checking '/home/dev_ws/install/unity_robotics_demo_msgs/lib'
[4.232s] Level 1:colcon.colcon_core.shell:create_environment_hook('unity_robotics_demo_msgs', 'ld_library_path_lib')
[4.232s] INFO:colcon.colcon_core.shell:Creating environment hook '/home/dev_ws/install/unity_robotics_demo_msgs/share/unity_robotics_demo_msgs/hook/ld_library_path_lib.ps1'
[4.233s] INFO:colcon.colcon_core.shell:Creating environment descriptor '/home/dev_ws/install/unity_robotics_demo_msgs/share/unity_robotics_demo_msgs/hook/ld_library_path_lib.dsv'
[4.233s] INFO:colcon.colcon_core.shell:Creating environment hook '/home/dev_ws/install/unity_robotics_demo_msgs/share/unity_robotics_demo_msgs/hook/ld_library_path_lib.sh'
[4.234s] Level 1:colcon.colcon_core.environment:checking '/home/dev_ws/install/unity_robotics_demo_msgs/bin'
[4.234s] Level 1:colcon.colcon_core.environment:checking '/home/dev_ws/install/unity_robotics_demo_msgs/lib/pkgconfig/unity_robotics_demo_msgs.pc'
[4.234s] Level 1:colcon.colcon_core.environment:checking '/home/dev_ws/install/unity_robotics_demo_msgs/lib/python3.8/site-packages'
[4.234s] Level 1:colcon.colcon_core.shell:create_environment_hook('unity_robotics_demo_msgs', 'pythonpath')
[4.235s] INFO:colcon.colcon_core.shell:Creating environment hook '/home/dev_ws/install/unity_robotics_demo_msgs/share/unity_robotics_demo_msgs/hook/pythonpath.ps1'
[4.235s] INFO:colcon.colcon_core.shell:Creating environment descriptor '/home/dev_ws/install/unity_robotics_demo_msgs/share/unity_robotics_demo_msgs/hook/pythonpath.dsv'
[4.235s] INFO:colcon.colcon_core.shell:Creating environment hook '/home/dev_ws/install/unity_robotics_demo_msgs/share/unity_robotics_demo_msgs/hook/pythonpath.sh'
[4.236s] Level 1:colcon.colcon_core.environment:checking '/home/dev_ws/install/unity_robotics_demo_msgs/bin'
[4.236s] INFO:colcon.colcon_core.shell:Creating package script '/home/dev_ws/install/unity_robotics_demo_msgs/share/unity_robotics_demo_msgs/package.ps1'
[4.237s] INFO:colcon.colcon_core.shell:Creating package descriptor '/home/dev_ws/install/unity_robotics_demo_msgs/share/unity_robotics_demo_msgs/package.dsv'
[4.237s] INFO:colcon.colcon_core.shell:Creating package script '/home/dev_ws/install/unity_robotics_demo_msgs/share/unity_robotics_demo_msgs/package.sh'
[4.238s] INFO:colcon.colcon_core.shell:Creating package script '/home/dev_ws/install/unity_robotics_demo_msgs/share/unity_robotics_demo_msgs/package.bash'
[4.238s] INFO:colcon.colcon_core.shell:Creating package script '/home/dev_ws/install/unity_robotics_demo_msgs/share/unity_robotics_demo_msgs/package.zsh'
[4.239s] Level 1:colcon.colcon_core.environment:create_file_with_runtime_dependencies(/home/dev_ws/install/unity_robotics_demo_msgs/share/colcon-core/packages/unity_robotics_demo_msgs)
[4.239s] DEBUG:colcon.colcon_parallel_executor.executor.parallel:closing loop
[4.239s] DEBUG:colcon.colcon_parallel_executor.executor.parallel:loop closed
[4.239s] DEBUG:colcon.colcon_parallel_executor.executor.parallel:run_until_complete finished with '0'
[4.240s] DEBUG:colcon.colcon_core.event_reactor:joining thread
[4.248s] INFO:colcon.colcon_core.plugin_system:Skipping extension 'colcon_notification.desktop_notification.notify_send': Could not find 'notify-send'
[4.248s] INFO:colcon.colcon_core.plugin_system:Skipping extension 'colcon_notification.desktop_notification.terminal_notifier': Not used on non-Darwin systems
[4.248s] INFO:colcon.colcon_core.plugin_system:Skipping extension 'colcon_notification.desktop_notification.win32': Not used on non-Windows systems
[4.248s] INFO:colcon.colcon_notification.desktop_notification:Sending desktop notification using 'notify2'
[4.248s] DEBUG:colcon.colcon_notification.desktop_notification.notify2:Failed to initialize notify2: org.freedesktop.DBus.Error.NotSupported: Unable to autolaunch a dbus-daemon without a $DISPLAY for X11
[4.249s] DEBUG:colcon.colcon_core.event_reactor:joined thread
[4.249s] INFO:colcon.colcon_core.shell:Creating prefix script '/home/dev_ws/install/local_setup.ps1'
[4.250s] INFO:colcon.colcon_core.shell:Creating prefix util module '/home/dev_ws/install/_local_setup_util_ps1.py'
[4.252s] INFO:colcon.colcon_core.shell:Creating prefix chain script '/home/dev_ws/install/setup.ps1'
[4.253s] INFO:colcon.colcon_core.shell:Creating prefix script '/home/dev_ws/install/local_setup.sh'
[4.253s] INFO:colcon.colcon_core.shell:Creating prefix util module '/home/dev_ws/install/_local_setup_util_sh.py'
[4.254s] INFO:colcon.colcon_core.shell:Creating prefix chain script '/home/dev_ws/install/setup.sh'
[4.255s] INFO:colcon.colcon_core.shell:Creating prefix script '/home/dev_ws/install/local_setup.bash'
[4.256s] INFO:colcon.colcon_core.shell:Creating prefix chain script '/home/dev_ws/install/setup.bash'
[4.257s] INFO:colcon.colcon_core.shell:Creating prefix script '/home/dev_ws/install/local_setup.zsh'
[4.258s] INFO:colcon.colcon_core.shell:Creating prefix chain script '/home/dev_ws/install/setup.zsh'
