[2.238s] Invoking command in '/home/dev_ws/src/vision': PYTHONPATH=/home/dev_ws/install/vision/lib/python3.8/site-packages:${PYTHONPATH} /usr/bin/python3 setup.py egg_info --egg-base ../../build/vision build --build-base /home/dev_ws/build/vision/build install --prefix /home/dev_ws/install/vision --record /home/dev_ws/build/vision/install.log --single-version-externally-managed
[2.656s] running egg_info
[2.658s] writing ../../build/vision/vision.egg-info/PKG-INFO
[2.658s] writing dependency_links to ../../build/vision/vision.egg-info/dependency_links.txt
[2.660s] writing entry points to ../../build/vision/vision.egg-info/entry_points.txt
[2.660s] writing requirements to ../../build/vision/vision.egg-info/requires.txt
[2.661s] writing top-level names to ../../build/vision/vision.egg-info/top_level.txt
[2.753s] reading manifest file '../../build/vision/vision.egg-info/SOURCES.txt'
[2.754s] writing manifest file '../../build/vision/vision.egg-info/SOURCES.txt'
[2.755s] running build
[2.755s] running build_py
[2.756s] running install
[2.758s] running install_lib
[2.764s] running install_data
[2.766s] running install_egg_info
[2.770s] removing '/home/dev_ws/install/vision/lib/python3.8/site-packages/vision-0.0.0-py3.8.egg-info' (and everything under it)
[2.771s] Copying ../../build/vision/vision.egg-info to /home/dev_ws/install/vision/lib/python3.8/site-packages/vision-0.0.0-py3.8.egg-info
[2.775s] running install_scripts
[2.830s] Installing color_detector script to /home/dev_ws/install/vision/lib/vision
[2.833s] Installing face_detector script to /home/dev_ws/install/vision/lib/vision
[2.833s] Installing face_recognizer script to /home/dev_ws/install/vision/lib/vision
[2.833s] Installing facial_expression_detector script to /home/dev_ws/install/vision/lib/vision
[2.834s] writing list of installed files to '/home/dev_ws/build/vision/install.log'
[2.953s] Invoked command in '/home/dev_ws/src/vision' returned '0': PYTHONPATH=/home/dev_ws/install/vision/lib/python3.8/site-packages:${PYTHONPATH} /usr/bin/python3 setup.py egg_info --egg-base ../../build/vision build --build-base /home/dev_ws/build/vision/build install --prefix /home/dev_ws/install/vision --record /home/dev_ws/build/vision/install.log --single-version-externally-managed
