[4.482s] Invoking command in '/home/dev_ws/src/vision': PYTHONPATH=/home/dev_ws/install/vision/lib/python3.8/site-packages:${PYTHONPATH} /usr/bin/python3 setup.py egg_info --egg-base ../../build/vision build --build-base /home/dev_ws/build/vision/build install --prefix /home/dev_ws/install/vision --record /home/dev_ws/build/vision/install.log --single-version-externally-managed
[5.187s] running egg_info
[5.190s] writing ../../build/vision/vision.egg-info/PKG-INFO
[5.191s] writing dependency_links to ../../build/vision/vision.egg-info/dependency_links.txt
[5.191s] writing entry points to ../../build/vision/vision.egg-info/entry_points.txt
[5.192s] writing requirements to ../../build/vision/vision.egg-info/requires.txt
[5.193s] writing top-level names to ../../build/vision/vision.egg-info/top_level.txt
[5.353s] reading manifest file '../../build/vision/vision.egg-info/SOURCES.txt'
[5.370s] writing manifest file '../../build/vision/vision.egg-info/SOURCES.txt'
[5.370s] running build
[5.371s] running build_py
[5.372s] running install
[5.372s] running install_lib
[5.373s] running install_data
[5.374s] running install_egg_info
[5.377s] removing '/home/dev_ws/install/vision/lib/python3.8/site-packages/vision-0.0.0-py3.8.egg-info' (and everything under it)
[5.379s] Copying ../../build/vision/vision.egg-info to /home/dev_ws/install/vision/lib/python3.8/site-packages/vision-0.0.0-py3.8.egg-info
[5.388s] running install_scripts
[5.468s] Installing color_detector script to /home/dev_ws/install/vision/lib/vision
[5.481s] Installing face_detector script to /home/dev_ws/install/vision/lib/vision
[5.481s] Installing face_recognizer script to /home/dev_ws/install/vision/lib/vision
[5.481s] Installing facial_expression_detector script to /home/dev_ws/install/vision/lib/vision
[5.482s] writing list of installed files to '/home/dev_ws/build/vision/install.log'
[5.710s] Invoked command in '/home/dev_ws/src/vision' returned '0': PYTHONPATH=/home/dev_ws/install/vision/lib/python3.8/site-packages:${PYTHONPATH} /usr/bin/python3 setup.py egg_info --egg-base ../../build/vision build --build-base /home/dev_ws/build/vision/build install --prefix /home/dev_ws/install/vision --record /home/dev_ws/build/vision/install.log --single-version-externally-managed
