[3.893s] Invoking command in '/home/dev_ws/src/vision': PYTHONPATH=/home/dev_ws/install/vision/lib/python3.8/site-packages:${PYTHONPATH} /usr/bin/python3 setup.py egg_info --egg-base ../../build/vision build --build-base /home/dev_ws/build/vision/build install --prefix /home/dev_ws/install/vision --record /home/dev_ws/build/vision/install.log --single-version-externally-managed
[4.648s] running egg_info
[4.650s] writing ../../build/vision/vision.egg-info/PKG-INFO
[4.652s] writing dependency_links to ../../build/vision/vision.egg-info/dependency_links.txt
[4.654s] writing entry points to ../../build/vision/vision.egg-info/entry_points.txt
[4.654s] writing requirements to ../../build/vision/vision.egg-info/requires.txt
[4.654s] writing top-level names to ../../build/vision/vision.egg-info/top_level.txt
[4.930s] reading manifest file '../../build/vision/vision.egg-info/SOURCES.txt'
[4.930s] writing manifest file '../../build/vision/vision.egg-info/SOURCES.txt'
[4.931s] running build
[4.931s] running build_py
[4.931s] copying vision/color_detector.py -> /home/dev_ws/build/vision/build/lib/vision
[4.931s] running install
[4.938s] running install_lib
[4.943s] copying /home/dev_ws/build/vision/build/lib/vision/color_detector.py -> /home/dev_ws/install/vision/lib/python3.8/site-packages/vision
[4.949s] byte-compiling /home/dev_ws/install/vision/lib/python3.8/site-packages/vision/color_detector.py to color_detector.cpython-38.pyc
[4.963s] running install_data
[4.966s] running install_egg_info
[4.974s] removing '/home/dev_ws/install/vision/lib/python3.8/site-packages/vision-0.0.0-py3.8.egg-info' (and everything under it)
[4.975s] Copying ../../build/vision/vision.egg-info to /home/dev_ws/install/vision/lib/python3.8/site-packages/vision-0.0.0-py3.8.egg-info
[4.980s] running install_scripts
[5.090s] Installing color_detector script to /home/dev_ws/install/vision/lib/vision
[5.090s] writing list of installed files to '/home/dev_ws/build/vision/install.log'
[5.297s] Invoked command in '/home/dev_ws/src/vision' returned '0': PYTHONPATH=/home/dev_ws/install/vision/lib/python3.8/site-packages:${PYTHONPATH} /usr/bin/python3 setup.py egg_info --egg-base ../../build/vision build --build-base /home/dev_ws/build/vision/build install --prefix /home/dev_ws/install/vision --record /home/dev_ws/build/vision/install.log --single-version-externally-managed
