[7.363s] Invoking command in '/home/dev_ws/src/utils': PYTHONPATH=/home/dev_ws/install/utils/lib/python3.8/site-packages:${PYTHONPATH} /usr/bin/python3 setup.py egg_info --egg-base ../../build/utils build --build-base /home/dev_ws/build/utils/build install --prefix /home/dev_ws/install/utils --record /home/dev_ws/build/utils/install.log --single-version-externally-managed
[8.365s] running egg_info
[8.365s] writing ../../build/utils/utils.egg-info/PKG-INFO
[8.365s] writing dependency_links to ../../build/utils/utils.egg-info/dependency_links.txt
[8.366s] writing entry points to ../../build/utils/utils.egg-info/entry_points.txt
[8.366s] writing requirements to ../../build/utils/utils.egg-info/requires.txt
[8.366s] writing top-level names to ../../build/utils/utils.egg-info/top_level.txt
[8.629s] reading manifest file '../../build/utils/utils.egg-info/SOURCES.txt'
[8.646s] writing manifest file '../../build/utils/utils.egg-info/SOURCES.txt'
[8.646s] running build
[8.647s] running build_py
[8.648s] running install
[8.649s] running install_lib
[8.699s] running install_data
[8.700s] running install_egg_info
[8.709s] removing '/home/dev_ws/install/utils/lib/python3.8/site-packages/utils-0.0.0-py3.8.egg-info' (and everything under it)
[8.709s] Copying ../../build/utils/utils.egg-info to /home/dev_ws/install/utils/lib/python3.8/site-packages/utils-0.0.0-py3.8.egg-info
[8.719s] running install_scripts
[8.870s] Installing utils script to /home/dev_ws/install/utils/lib/utils
[8.874s] writing list of installed files to '/home/dev_ws/build/utils/install.log'
[9.087s] Invoked command in '/home/dev_ws/src/utils' returned '0': PYTHONPATH=/home/dev_ws/install/utils/lib/python3.8/site-packages:${PYTHONPATH} /usr/bin/python3 setup.py egg_info --egg-base ../../build/utils build --build-base /home/dev_ws/build/utils/build install --prefix /home/dev_ws/install/utils --record /home/dev_ws/build/utils/install.log --single-version-externally-managed
