[2.652s] Invoking command in '/home/dev_ws/src/utils': PYTHONPATH=/home/dev_ws/install/utils/lib/python3.8/site-packages:${PYTHONPATH} /usr/bin/python3 setup.py egg_info --egg-base ../../build/utils build --build-base /home/dev_ws/build/utils/build install --prefix /home/dev_ws/install/utils --record /home/dev_ws/build/utils/install.log --single-version-externally-managed
[3.082s] running egg_info
[3.083s] writing ../../build/utils/utils.egg-info/PKG-INFO
[3.084s] writing dependency_links to ../../build/utils/utils.egg-info/dependency_links.txt
[3.085s] writing entry points to ../../build/utils/utils.egg-info/entry_points.txt
[3.086s] writing requirements to ../../build/utils/utils.egg-info/requires.txt
[3.088s] writing top-level names to ../../build/utils/utils.egg-info/top_level.txt
[3.185s] reading manifest file '../../build/utils/utils.egg-info/SOURCES.txt'
[3.188s] writing manifest file '../../build/utils/utils.egg-info/SOURCES.txt'
[3.188s] running build
[3.189s] running build_py
[3.191s] running install
[3.193s] running install_lib
[3.197s] running install_data
[3.199s] running install_egg_info
[3.204s] removing '/home/dev_ws/install/utils/lib/python3.8/site-packages/utils-0.0.0-py3.8.egg-info' (and everything under it)
[3.206s] Copying ../../build/utils/utils.egg-info to /home/dev_ws/install/utils/lib/python3.8/site-packages/utils-0.0.0-py3.8.egg-info
[3.209s] running install_scripts
[3.262s] Installing utils script to /home/dev_ws/install/utils/lib/utils
[3.263s] writing list of installed files to '/home/dev_ws/build/utils/install.log'
[3.404s] Invoked command in '/home/dev_ws/src/utils' returned '0': PYTHONPATH=/home/dev_ws/install/utils/lib/python3.8/site-packages:${PYTHONPATH} /usr/bin/python3 setup.py egg_info --egg-base ../../build/utils build --build-base /home/dev_ws/build/utils/build install --prefix /home/dev_ws/install/utils --record /home/dev_ws/build/utils/install.log --single-version-externally-managed
