[4.229s] Invoking command in '/home/dev_ws/src/audio': PYTHONPATH=/home/dev_ws/install/audio/lib/python3.8/site-packages:${PYTHONPATH} /usr/bin/python3 setup.py egg_info --egg-base ../../build/audio build --build-base /home/dev_ws/build/audio/build install --prefix /home/dev_ws/install/audio --record /home/dev_ws/build/audio/install.log --single-version-externally-managed
[4.913s] running egg_info
[4.914s] writing ../../build/audio/audio.egg-info/PKG-INFO
[4.917s] writing dependency_links to ../../build/audio/audio.egg-info/dependency_links.txt
[4.918s] writing entry points to ../../build/audio/audio.egg-info/entry_points.txt
[4.918s] writing requirements to ../../build/audio/audio.egg-info/requires.txt
[4.918s] writing top-level names to ../../build/audio/audio.egg-info/top_level.txt
[5.085s] reading manifest file '../../build/audio/audio.egg-info/SOURCES.txt'
[5.088s] writing manifest file '../../build/audio/audio.egg-info/SOURCES.txt'
[5.089s] running build
[5.090s] running build_py
[5.091s] running install
[5.094s] running install_lib
[5.099s] running install_data
[5.100s] running install_egg_info
[5.106s] removing '/home/dev_ws/install/audio/lib/python3.8/site-packages/audio-0.0.0-py3.8.egg-info' (and everything under it)
[5.107s] Copying ../../build/audio/audio.egg-info to /home/dev_ws/install/audio/lib/python3.8/site-packages/audio-0.0.0-py3.8.egg-info
[5.114s] running install_scripts
[5.200s] Installing speech_to_text script to /home/dev_ws/install/audio/lib/audio
[5.201s] writing list of installed files to '/home/dev_ws/build/audio/install.log'
[5.387s] Invoked command in '/home/dev_ws/src/audio' returned '0': PYTHONPATH=/home/dev_ws/install/audio/lib/python3.8/site-packages:${PYTHONPATH} /usr/bin/python3 setup.py egg_info --egg-base ../../build/audio build --build-base /home/dev_ws/build/audio/build install --prefix /home/dev_ws/install/audio --record /home/dev_ws/build/audio/install.log --single-version-externally-managed
