[5.542s] Invoking command in '/home/dev_ws/src/vision': PYTHONPATH=/home/dev_ws/install/vision/lib/python3.8/site-packages:${PYTHONPATH} /usr/bin/python3 setup.py egg_info --egg-base ../../build/vision build --build-base /home/dev_ws/build/vision/build install --prefix /home/dev_ws/install/vision --record /home/dev_ws/build/vision/install.log --single-version-externally-managed
[6.344s] running egg_info
[6.346s] writing ../../build/vision/vision.egg-info/PKG-INFO
[6.347s] writing dependency_links to ../../build/vision/vision.egg-info/dependency_links.txt
[6.348s] writing entry points to ../../build/vision/vision.egg-info/entry_points.txt
[6.349s] writing requirements to ../../build/vision/vision.egg-info/requires.txt
[6.350s] writing top-level names to ../../build/vision/vision.egg-info/top_level.txt
[6.517s] reading manifest file '../../build/vision/vision.egg-info/SOURCES.txt'
[6.520s] writing manifest file '../../build/vision/vision.egg-info/SOURCES.txt'
[6.521s] running build
[6.522s] running build_py
[6.523s] copying vision/color_detector.py -> /home/dev_ws/build/vision/build/lib/vision
[6.523s] running install
[6.526s] running install_lib
[6.529s] copying /home/dev_ws/build/vision/build/lib/vision/color_detector.py -> /home/dev_ws/install/vision/lib/python3.8/site-packages/vision
[6.534s] byte-compiling /home/dev_ws/install/vision/lib/python3.8/site-packages/vision/color_detector.py to color_detector.cpython-38.pyc
[6.542s] running install_data
[6.544s] running install_egg_info
[6.549s] removing '/home/dev_ws/install/vision/lib/python3.8/site-packages/vision-0.0.0-py3.8.egg-info' (and everything under it)
[6.556s] Copying ../../build/vision/vision.egg-info to /home/dev_ws/install/vision/lib/python3.8/site-packages/vision-0.0.0-py3.8.egg-info
[6.564s] running install_scripts
[6.663s] Installing color_detector script to /home/dev_ws/install/vision/lib/vision
[6.665s] writing list of installed files to '/home/dev_ws/build/vision/install.log'
[6.856s] Invoked command in '/home/dev_ws/src/vision' returned '0': PYTHONPATH=/home/dev_ws/install/vision/lib/python3.8/site-packages:${PYTHONPATH} /usr/bin/python3 setup.py egg_info --egg-base ../../build/vision build --build-base /home/dev_ws/build/vision/build install --prefix /home/dev_ws/install/vision --record /home/dev_ws/build/vision/install.log --single-version-externally-managed
