[2.816s] Invoking command in '/home/dev_ws/build/unity_robotics_demo_msgs': CMAKE_PREFIX_PATH=${CMAKE_PREFIX_PATH}:/opt/ros/foxy:/home/dev_ws/install/vision:/home/dev_ws/install/utils:/home/dev_ws/install/unity_robotics_demo:/home/dev_ws/install/ros_tcp_endpoint:/home/dev_ws/install/face_controller:/home/dev_ws/install/audio /usr/bin/cmake --build /home/dev_ws/build/unity_robotics_demo_msgs -- -j12 -l12
[3.971s] [  1%] Built target unity_robotics_demo_msgs__cpp
[3.975s] [ 12%] Built target unity_robotics_demo_msgs__rosidl_generator_c
[3.977s] [ 34%] Built target unity_robotics_demo_msgs__rosidl_typesupport_introspection_cpp
[3.979s] [ 35%] Built target unity_robotics_demo_msgs__rosidl_typesupport_cpp
[3.981s] [ 51%] Built target unity_robotics_demo_msgs__rosidl_typesupport_c
[3.986s] [ 58%] Built target unity_robotics_demo_msgs__rosidl_typesupport_introspection_c
[3.988s] [ 70%] Built target unity_robotics_demo_msgs__rosidl_typesupport_fastrtps_cpp
[3.995s] [ 81%] Built target unity_robotics_demo_msgs__rosidl_typesupport_fastrtps_c
[3.998s] [ 81%] Built target unity_robotics_demo_msgs
[4.007s] [ 82%] Built target unity_robotics_demo_msgs__py
[4.010s] [ 93%] Built target unity_robotics_demo_msgs__python
[4.014s] [ 95%] Built target unity_robotics_demo_msgs__rosidl_typesupport_fastrtps_c__pyext
[4.016s] [100%] Built target unity_robotics_demo_msgs__rosidl_typesupport_introspection_c__pyext
[4.019s] [100%] Built target unity_robotics_demo_msgs__rosidl_typesupport_c__pyext
[4.021s] Invoked command in '/home/dev_ws/build/unity_robotics_demo_msgs' returned '0': CMAKE_PREFIX_PATH=${CMAKE_PREFIX_PATH}:/opt/ros/foxy:/home/dev_ws/install/vision:/home/dev_ws/install/utils:/home/dev_ws/install/unity_robotics_demo:/home/dev_ws/install/ros_tcp_endpoint:/home/dev_ws/install/face_controller:/home/dev_ws/install/audio /usr/bin/cmake --build /home/dev_ws/build/unity_robotics_demo_msgs -- -j12 -l12
[4.765s] Invoking command in '/home/dev_ws/build/unity_robotics_demo_msgs': CMAKE_PREFIX_PATH=${CMAKE_PREFIX_PATH}:/opt/ros/foxy:/home/dev_ws/install/vision:/home/dev_ws/install/utils:/home/dev_ws/install/unity_robotics_demo:/home/dev_ws/install/ros_tcp_endpoint:/home/dev_ws/install/face_controller:/home/dev_ws/install/audio /usr/bin/cmake --install /home/dev_ws/build/unity_robotics_demo_msgs
[4.795s] -- Install configuration: ""
[4.796s] -- Up-to-date: /home/dev_ws/install/unity_robotics_demo_msgs/share/ament_index/resource_index/rosidl_interfaces/unity_robotics_demo_msgs
[4.797s] -- Up-to-date: /home/dev_ws/install/unity_robotics_demo_msgs/include/unity_robotics_demo_msgs
[4.798s] -- Up-to-date: /home/dev_ws/install/unity_robotics_demo_msgs/include/unity_robotics_demo_msgs/srv
[4.799s] -- Up-to-date: /home/dev_ws/install/unity_robotics_demo_msgs/include/unity_robotics_demo_msgs/srv/position_service.h
[4.800s] -- Up-to-date: /home/dev_ws/install/unity_robotics_demo_msgs/include/unity_robotics_demo_msgs/srv/object_pose_service.h
[4.801s] -- Up-to-date: /home/dev_ws/install/unity_robotics_demo_msgs/include/unity_robotics_demo_msgs/srv/detail
[4.802s] -- Up-to-date: /home/dev_ws/install/unity_robotics_demo_msgs/include/unity_robotics_demo_msgs/srv/detail/object_pose_service__struct.h
[4.803s] -- Up-to-date: /home/dev_ws/install/unity_robotics_demo_msgs/include/unity_robotics_demo_msgs/srv/detail/object_pose_service__type_support.h
[4.804s] -- Up-to-date: /home/dev_ws/install/unity_robotics_demo_msgs/include/unity_robotics_demo_msgs/srv/detail/position_service__functions.c
[4.804s] -- Up-to-date: /home/dev_ws/install/unity_robotics_demo_msgs/include/unity_robotics_demo_msgs/srv/detail/position_service__functions.h
[4.804s] -- Up-to-date: /home/dev_ws/install/unity_robotics_demo_msgs/include/unity_robotics_demo_msgs/srv/detail/position_service__struct.h
[4.804s] -- Up-to-date: /home/dev_ws/install/unity_robotics_demo_msgs/include/unity_robotics_demo_msgs/srv/detail/object_pose_service__functions.h
[4.807s] -- Up-to-date: /home/dev_ws/install/unity_robotics_demo_msgs/include/unity_robotics_demo_msgs/srv/detail/position_service__type_support.h
[4.808s] -- Up-to-date: /home/dev_ws/install/unity_robotics_demo_msgs/include/unity_robotics_demo_msgs/srv/detail/object_pose_service__functions.c
[4.809s] -- Up-to-date: /home/dev_ws/install/unity_robotics_demo_msgs/include/unity_robotics_demo_msgs/msg
[4.810s] -- Up-to-date: /home/dev_ws/install/unity_robotics_demo_msgs/include/unity_robotics_demo_msgs/msg/targets_reached.h
[4.811s] -- Up-to-date: /home/dev_ws/install/unity_robotics_demo_msgs/include/unity_robotics_demo_msgs/msg/pos_eyelids.h
[4.812s] -- Up-to-date: /home/dev_ws/install/unity_robotics_demo_msgs/include/unity_robotics_demo_msgs/msg/audio.h
[4.813s] -- Up-to-date: /home/dev_ws/install/unity_robotics_demo_msgs/include/unity_robotics_demo_msgs/msg/pos_rot.h
[4.814s] -- Up-to-date: /home/dev_ws/install/unity_robotics_demo_msgs/include/unity_robotics_demo_msgs/msg/rosidl_generator_c__visibility_control.h
[4.815s] -- Up-to-date: /home/dev_ws/install/unity_robotics_demo_msgs/include/unity_robotics_demo_msgs/msg/joints_to_target.h
[4.815s] -- Up-to-date: /home/dev_ws/install/unity_robotics_demo_msgs/include/unity_robotics_demo_msgs/msg/detail
[4.818s] -- Up-to-date: /home/dev_ws/install/unity_robotics_demo_msgs/include/unity_robotics_demo_msgs/msg/detail/audio__functions.c
[4.818s] -- Up-to-date: /home/dev_ws/install/unity_robotics_demo_msgs/include/unity_robotics_demo_msgs/msg/detail/pos_rot__type_support.h
[4.819s] -- Up-to-date: /home/dev_ws/install/unity_robotics_demo_msgs/include/unity_robotics_demo_msgs/msg/detail/unity_color__type_support.h
[4.819s] -- Up-to-date: /home/dev_ws/install/unity_robotics_demo_msgs/include/unity_robotics_demo_msgs/msg/detail/audio__struct.h
[4.819s] -- Up-to-date: /home/dev_ws/install/unity_robotics_demo_msgs/include/unity_robotics_demo_msgs/msg/detail/targets_reached__functions.h
[4.820s] -- Up-to-date: /home/dev_ws/install/unity_robotics_demo_msgs/include/unity_robotics_demo_msgs/msg/detail/joints_to_target__struct.h
[4.820s] -- Up-to-date: /home/dev_ws/install/unity_robotics_demo_msgs/include/unity_robotics_demo_msgs/msg/detail/targets_reached__functions.c
[4.821s] -- Up-to-date: /home/dev_ws/install/unity_robotics_demo_msgs/include/unity_robotics_demo_msgs/msg/detail/pos_rot__struct.h
[4.824s] -- Up-to-date: /home/dev_ws/install/unity_robotics_demo_msgs/include/unity_robotics_demo_msgs/msg/detail/unity_color__functions.c
[4.824s] -- Up-to-date: /home/dev_ws/install/unity_robotics_demo_msgs/include/unity_robotics_demo_msgs/msg/detail/pos_eyelids__type_support.h
[4.825s] -- Up-to-date: /home/dev_ws/install/unity_robotics_demo_msgs/include/unity_robotics_demo_msgs/msg/detail/unity_color__struct.h
[4.825s] -- Up-to-date: /home/dev_ws/install/unity_robotics_demo_msgs/include/unity_robotics_demo_msgs/msg/detail/pos_eyelids__functions.h
[4.825s] -- Up-to-date: /home/dev_ws/install/unity_robotics_demo_msgs/include/unity_robotics_demo_msgs/msg/detail/pos_rot__functions.h
[4.826s] -- Up-to-date: /home/dev_ws/install/unity_robotics_demo_msgs/include/unity_robotics_demo_msgs/msg/detail/audio__functions.h
[4.826s] -- Up-to-date: /home/dev_ws/install/unity_robotics_demo_msgs/include/unity_robotics_demo_msgs/msg/detail/joints_to_target__functions.h
[4.826s] -- Up-to-date: /home/dev_ws/install/unity_robotics_demo_msgs/include/unity_robotics_demo_msgs/msg/detail/targets_reached__struct.h
[4.827s] -- Up-to-date: /home/dev_ws/install/unity_robotics_demo_msgs/include/unity_robotics_demo_msgs/msg/detail/pos_eyelids__struct.h
[4.827s] -- Up-to-date: /home/dev_ws/install/unity_robotics_demo_msgs/include/unity_robotics_demo_msgs/msg/detail/audio__type_support.h
[4.827s] -- Up-to-date: /home/dev_ws/install/unity_robotics_demo_msgs/include/unity_robotics_demo_msgs/msg/detail/joints_to_target__type_support.h
[4.828s] -- Up-to-date: /home/dev_ws/install/unity_robotics_demo_msgs/include/unity_robotics_demo_msgs/msg/detail/targets_reached__type_support.h
[4.828s] -- Up-to-date: /home/dev_ws/install/unity_robotics_demo_msgs/include/unity_robotics_demo_msgs/msg/detail/joints_to_target__functions.c
[4.828s] -- Up-to-date: /home/dev_ws/install/unity_robotics_demo_msgs/include/unity_robotics_demo_msgs/msg/detail/pos_rot__functions.c
[4.829s] -- Up-to-date: /home/dev_ws/install/unity_robotics_demo_msgs/include/unity_robotics_demo_msgs/msg/detail/unity_color__functions.h
[4.829s] -- Up-to-date: /home/dev_ws/install/unity_robotics_demo_msgs/include/unity_robotics_demo_msgs/msg/detail/pos_eyelids__functions.c
[4.829s] -- Up-to-date: /home/dev_ws/install/unity_robotics_demo_msgs/include/unity_robotics_demo_msgs/msg/unity_color.h
[4.830s] -- Up-to-date: /home/dev_ws/install/unity_robotics_demo_msgs/share/unity_robotics_demo_msgs/environment/library_path.sh
[4.830s] -- Up-to-date: /home/dev_ws/install/unity_robotics_demo_msgs/share/unity_robotics_demo_msgs/environment/library_path.dsv
[4.830s] -- Up-to-date: /home/dev_ws/install/unity_robotics_demo_msgs/lib/libunity_robotics_demo_msgs__rosidl_generator_c.so
[4.830s] -- Up-to-date: /home/dev_ws/install/unity_robotics_demo_msgs/include/unity_robotics_demo_msgs
[4.831s] -- Up-to-date: /home/dev_ws/install/unity_robotics_demo_msgs/include/unity_robotics_demo_msgs/srv
[4.831s] -- Up-to-date: /home/dev_ws/install/unity_robotics_demo_msgs/include/unity_robotics_demo_msgs/srv/detail
[4.831s] -- Up-to-date: /home/dev_ws/install/unity_robotics_demo_msgs/include/unity_robotics_demo_msgs/srv/detail/object_pose_service__rosidl_typesupport_fastrtps_c.h
[4.832s] -- Up-to-date: /home/dev_ws/install/unity_robotics_demo_msgs/include/unity_robotics_demo_msgs/srv/detail/position_service__rosidl_typesupport_fastrtps_c.h
[4.832s] -- Up-to-date: /home/dev_ws/install/unity_robotics_demo_msgs/include/unity_robotics_demo_msgs/msg
[4.832s] -- Up-to-date: /home/dev_ws/install/unity_robotics_demo_msgs/include/unity_robotics_demo_msgs/msg/rosidl_typesupport_fastrtps_c__visibility_control.h
[4.833s] -- Up-to-date: /home/dev_ws/install/unity_robotics_demo_msgs/include/unity_robotics_demo_msgs/msg/detail
[4.833s] -- Up-to-date: /home/dev_ws/install/unity_robotics_demo_msgs/include/unity_robotics_demo_msgs/msg/detail/unity_color__rosidl_typesupport_fastrtps_c.h
[4.833s] -- Up-to-date: /home/dev_ws/install/unity_robotics_demo_msgs/include/unity_robotics_demo_msgs/msg/detail/pos_eyelids__rosidl_typesupport_fastrtps_c.h
[4.834s] -- Up-to-date: /home/dev_ws/install/unity_robotics_demo_msgs/include/unity_robotics_demo_msgs/msg/detail/targets_reached__rosidl_typesupport_fastrtps_c.h
[4.834s] -- Up-to-date: /home/dev_ws/install/unity_robotics_demo_msgs/include/unity_robotics_demo_msgs/msg/detail/joints_to_target__rosidl_typesupport_fastrtps_c.h
[4.834s] -- Up-to-date: /home/dev_ws/install/unity_robotics_demo_msgs/include/unity_robotics_demo_msgs/msg/detail/audio__rosidl_typesupport_fastrtps_c.h
[4.834s] -- Up-to-date: /home/dev_ws/install/unity_robotics_demo_msgs/include/unity_robotics_demo_msgs/msg/detail/pos_rot__rosidl_typesupport_fastrtps_c.h
[4.836s] -- Up-to-date: /home/dev_ws/install/unity_robotics_demo_msgs/lib/libunity_robotics_demo_msgs__rosidl_typesupport_fastrtps_c.so
[4.837s] -- Up-to-date: /home/dev_ws/install/unity_robotics_demo_msgs/include/unity_robotics_demo_msgs
[4.840s] -- Up-to-date: /home/dev_ws/install/unity_robotics_demo_msgs/include/unity_robotics_demo_msgs/srv
[4.841s] -- Up-to-date: /home/dev_ws/install/unity_robotics_demo_msgs/include/unity_robotics_demo_msgs/srv/detail
[4.841s] -- Up-to-date: /home/dev_ws/install/unity_robotics_demo_msgs/include/unity_robotics_demo_msgs/srv/detail/position_service__rosidl_typesupport_fastrtps_cpp.hpp
[4.842s] -- Up-to-date: /home/dev_ws/install/unity_robotics_demo_msgs/include/unity_robotics_demo_msgs/srv/detail/object_pose_service__rosidl_typesupport_fastrtps_cpp.hpp
[4.842s] -- Up-to-date: /home/dev_ws/install/unity_robotics_demo_msgs/include/unity_robotics_demo_msgs/srv/detail/dds_fastrtps
[4.842s] -- Up-to-date: /home/dev_ws/install/unity_robotics_demo_msgs/include/unity_robotics_demo_msgs/msg
[4.843s] -- Up-to-date: /home/dev_ws/install/unity_robotics_demo_msgs/include/unity_robotics_demo_msgs/msg/rosidl_typesupport_fastrtps_cpp__visibility_control.h
[4.843s] -- Up-to-date: /home/dev_ws/install/unity_robotics_demo_msgs/include/unity_robotics_demo_msgs/msg/detail
[4.844s] -- Up-to-date: /home/dev_ws/install/unity_robotics_demo_msgs/include/unity_robotics_demo_msgs/msg/detail/pos_rot__rosidl_typesupport_fastrtps_cpp.hpp
[4.844s] -- Up-to-date: /home/dev_ws/install/unity_robotics_demo_msgs/include/unity_robotics_demo_msgs/msg/detail/dds_fastrtps
[4.845s] -- Up-to-date: /home/dev_ws/install/unity_robotics_demo_msgs/include/unity_robotics_demo_msgs/msg/detail/joints_to_target__rosidl_typesupport_fastrtps_cpp.hpp
[4.845s] -- Up-to-date: /home/dev_ws/install/unity_robotics_demo_msgs/include/unity_robotics_demo_msgs/msg/detail/unity_color__rosidl_typesupport_fastrtps_cpp.hpp
[4.846s] -- Up-to-date: /home/dev_ws/install/unity_robotics_demo_msgs/include/unity_robotics_demo_msgs/msg/detail/targets_reached__rosidl_typesupport_fastrtps_cpp.hpp
[4.846s] -- Up-to-date: /home/dev_ws/install/unity_robotics_demo_msgs/include/unity_robotics_demo_msgs/msg/detail/pos_eyelids__rosidl_typesupport_fastrtps_cpp.hpp
[4.846s] -- Up-to-date: /home/dev_ws/install/unity_robotics_demo_msgs/include/unity_robotics_demo_msgs/msg/detail/audio__rosidl_typesupport_fastrtps_cpp.hpp
[4.847s] -- Up-to-date: /home/dev_ws/install/unity_robotics_demo_msgs/lib/libunity_robotics_demo_msgs__rosidl_typesupport_fastrtps_cpp.so
[4.847s] -- Up-to-date: /home/dev_ws/install/unity_robotics_demo_msgs/include/unity_robotics_demo_msgs
[4.847s] -- Up-to-date: /home/dev_ws/install/unity_robotics_demo_msgs/include/unity_robotics_demo_msgs/srv
[4.847s] -- Up-to-date: /home/dev_ws/install/unity_robotics_demo_msgs/include/unity_robotics_demo_msgs/srv/detail
[4.848s] -- Up-to-date: /home/dev_ws/install/unity_robotics_demo_msgs/include/unity_robotics_demo_msgs/srv/detail/position_service__type_support.c
[4.848s] -- Up-to-date: /home/dev_ws/install/unity_robotics_demo_msgs/include/unity_robotics_demo_msgs/srv/detail/position_service__rosidl_typesupport_introspection_c.h
[4.848s] -- Up-to-date: /home/dev_ws/install/unity_robotics_demo_msgs/include/unity_robotics_demo_msgs/srv/detail/object_pose_service__rosidl_typesupport_introspection_c.h
[4.849s] -- Up-to-date: /home/dev_ws/install/unity_robotics_demo_msgs/include/unity_robotics_demo_msgs/srv/detail/object_pose_service__type_support.c
[4.849s] -- Up-to-date: /home/dev_ws/install/unity_robotics_demo_msgs/include/unity_robotics_demo_msgs/msg
[4.850s] -- Up-to-date: /home/dev_ws/install/unity_robotics_demo_msgs/include/unity_robotics_demo_msgs/msg/rosidl_typesupport_introspection_c__visibility_control.h
[4.850s] -- Up-to-date: /home/dev_ws/install/unity_robotics_demo_msgs/include/unity_robotics_demo_msgs/msg/detail
[4.850s] -- Up-to-date: /home/dev_ws/install/unity_robotics_demo_msgs/include/unity_robotics_demo_msgs/msg/detail/pos_rot__rosidl_typesupport_introspection_c.h
[4.850s] -- Up-to-date: /home/dev_ws/install/unity_robotics_demo_msgs/include/unity_robotics_demo_msgs/msg/detail/pos_eyelids__rosidl_typesupport_introspection_c.h
[4.851s] -- Up-to-date: /home/dev_ws/install/unity_robotics_demo_msgs/include/unity_robotics_demo_msgs/msg/detail/unity_color__rosidl_typesupport_introspection_c.h
[4.851s] -- Up-to-date: /home/dev_ws/install/unity_robotics_demo_msgs/include/unity_robotics_demo_msgs/msg/detail/pos_eyelids__type_support.c
[4.851s] -- Up-to-date: /home/dev_ws/install/unity_robotics_demo_msgs/include/unity_robotics_demo_msgs/msg/detail/audio__rosidl_typesupport_introspection_c.h
[4.852s] -- Up-to-date: /home/dev_ws/install/unity_robotics_demo_msgs/include/unity_robotics_demo_msgs/msg/detail/joints_to_target__type_support.c
[4.853s] -- Up-to-date: /home/dev_ws/install/unity_robotics_demo_msgs/include/unity_robotics_demo_msgs/msg/detail/joints_to_target__rosidl_typesupport_introspection_c.h
[4.853s] -- Up-to-date: /home/dev_ws/install/unity_robotics_demo_msgs/include/unity_robotics_demo_msgs/msg/detail/pos_rot__type_support.c
[4.854s] -- Up-to-date: /home/dev_ws/install/unity_robotics_demo_msgs/include/unity_robotics_demo_msgs/msg/detail/targets_reached__rosidl_typesupport_introspection_c.h
[4.854s] -- Up-to-date: /home/dev_ws/install/unity_robotics_demo_msgs/include/unity_robotics_demo_msgs/msg/detail/audio__type_support.c
[4.855s] -- Up-to-date: /home/dev_ws/install/unity_robotics_demo_msgs/include/unity_robotics_demo_msgs/msg/detail/targets_reached__type_support.c
[4.856s] -- Up-to-date: /home/dev_ws/install/unity_robotics_demo_msgs/include/unity_robotics_demo_msgs/msg/detail/unity_color__type_support.c
[4.856s] -- Up-to-date: /home/dev_ws/install/unity_robotics_demo_msgs/lib/libunity_robotics_demo_msgs__rosidl_typesupport_introspection_c.so
[4.857s] -- Up-to-date: /home/dev_ws/install/unity_robotics_demo_msgs/lib/libunity_robotics_demo_msgs__rosidl_typesupport_c.so
[4.858s] -- Up-to-date: /home/dev_ws/install/unity_robotics_demo_msgs/include/unity_robotics_demo_msgs
[4.858s] -- Up-to-date: /home/dev_ws/install/unity_robotics_demo_msgs/include/unity_robotics_demo_msgs/srv
[4.859s] -- Up-to-date: /home/dev_ws/install/unity_robotics_demo_msgs/include/unity_robotics_demo_msgs/srv/position_service.hpp
[4.859s] -- Up-to-date: /home/dev_ws/install/unity_robotics_demo_msgs/include/unity_robotics_demo_msgs/srv/detail
[4.859s] -- Up-to-date: /home/dev_ws/install/unity_robotics_demo_msgs/include/unity_robotics_demo_msgs/srv/detail/position_service__builder.hpp
[4.860s] -- Up-to-date: /home/dev_ws/install/unity_robotics_demo_msgs/include/unity_robotics_demo_msgs/srv/detail/object_pose_service__struct.hpp
[4.860s] -- Up-to-date: /home/dev_ws/install/unity_robotics_demo_msgs/include/unity_robotics_demo_msgs/srv/detail/position_service__struct.hpp
[4.860s] -- Up-to-date: /home/dev_ws/install/unity_robotics_demo_msgs/include/unity_robotics_demo_msgs/srv/detail/position_service__traits.hpp
[4.861s] -- Up-to-date: /home/dev_ws/install/unity_robotics_demo_msgs/include/unity_robotics_demo_msgs/srv/detail/object_pose_service__builder.hpp
[4.862s] -- Up-to-date: /home/dev_ws/install/unity_robotics_demo_msgs/include/unity_robotics_demo_msgs/srv/detail/object_pose_service__traits.hpp
[4.862s] -- Up-to-date: /home/dev_ws/install/unity_robotics_demo_msgs/include/unity_robotics_demo_msgs/srv/object_pose_service.hpp
[4.862s] -- Up-to-date: /home/dev_ws/install/unity_robotics_demo_msgs/include/unity_robotics_demo_msgs/msg
[4.862s] -- Up-to-date: /home/dev_ws/install/unity_robotics_demo_msgs/include/unity_robotics_demo_msgs/msg/audio.hpp
[4.863s] -- Up-to-date: /home/dev_ws/install/unity_robotics_demo_msgs/include/unity_robotics_demo_msgs/msg/joints_to_target.hpp
[4.864s] -- Up-to-date: /home/dev_ws/install/unity_robotics_demo_msgs/include/unity_robotics_demo_msgs/msg/targets_reached.hpp
[4.864s] -- Up-to-date: /home/dev_ws/install/unity_robotics_demo_msgs/include/unity_robotics_demo_msgs/msg/pos_rot.hpp
[4.865s] -- Up-to-date: /home/dev_ws/install/unity_robotics_demo_msgs/include/unity_robotics_demo_msgs/msg/detail
[4.865s] -- Up-to-date: /home/dev_ws/install/unity_robotics_demo_msgs/include/unity_robotics_demo_msgs/msg/detail/pos_eyelids__traits.hpp
[4.865s] -- Up-to-date: /home/dev_ws/install/unity_robotics_demo_msgs/include/unity_robotics_demo_msgs/msg/detail/joints_to_target__builder.hpp
[4.866s] -- Up-to-date: /home/dev_ws/install/unity_robotics_demo_msgs/include/unity_robotics_demo_msgs/msg/detail/targets_reached__traits.hpp
[4.866s] -- Up-to-date: /home/dev_ws/install/unity_robotics_demo_msgs/include/unity_robotics_demo_msgs/msg/detail/targets_reached__struct.hpp
[4.866s] -- Up-to-date: /home/dev_ws/install/unity_robotics_demo_msgs/include/unity_robotics_demo_msgs/msg/detail/pos_rot__struct.hpp
[4.867s] -- Up-to-date: /home/dev_ws/install/unity_robotics_demo_msgs/include/unity_robotics_demo_msgs/msg/detail/audio__builder.hpp
[4.867s] -- Up-to-date: /home/dev_ws/install/unity_robotics_demo_msgs/include/unity_robotics_demo_msgs/msg/detail/unity_color__traits.hpp
[4.867s] -- Up-to-date: /home/dev_ws/install/unity_robotics_demo_msgs/include/unity_robotics_demo_msgs/msg/detail/targets_reached__builder.hpp
[4.868s] -- Up-to-date: /home/dev_ws/install/unity_robotics_demo_msgs/include/unity_robotics_demo_msgs/msg/detail/pos_eyelids__struct.hpp
[4.868s] -- Up-to-date: /home/dev_ws/install/unity_robotics_demo_msgs/include/unity_robotics_demo_msgs/msg/detail/pos_rot__traits.hpp
[4.868s] -- Up-to-date: /home/dev_ws/install/unity_robotics_demo_msgs/include/unity_robotics_demo_msgs/msg/detail/audio__struct.hpp
[4.869s] -- Up-to-date: /home/dev_ws/install/unity_robotics_demo_msgs/include/unity_robotics_demo_msgs/msg/detail/unity_color__builder.hpp
[4.869s] -- Up-to-date: /home/dev_ws/install/unity_robotics_demo_msgs/include/unity_robotics_demo_msgs/msg/detail/pos_eyelids__builder.hpp
[4.870s] -- Up-to-date: /home/dev_ws/install/unity_robotics_demo_msgs/include/unity_robotics_demo_msgs/msg/detail/unity_color__struct.hpp
[4.870s] -- Up-to-date: /home/dev_ws/install/unity_robotics_demo_msgs/include/unity_robotics_demo_msgs/msg/detail/pos_rot__builder.hpp
[4.870s] -- Up-to-date: /home/dev_ws/install/unity_robotics_demo_msgs/include/unity_robotics_demo_msgs/msg/detail/audio__traits.hpp
[4.871s] -- Up-to-date: /home/dev_ws/install/unity_robotics_demo_msgs/include/unity_robotics_demo_msgs/msg/detail/joints_to_target__traits.hpp
[4.871s] -- Up-to-date: /home/dev_ws/install/unity_robotics_demo_msgs/include/unity_robotics_demo_msgs/msg/detail/joints_to_target__struct.hpp
[4.872s] -- Up-to-date: /home/dev_ws/install/unity_robotics_demo_msgs/include/unity_robotics_demo_msgs/msg/pos_eyelids.hpp
[4.872s] -- Up-to-date: /home/dev_ws/install/unity_robotics_demo_msgs/include/unity_robotics_demo_msgs/msg/unity_color.hpp
[4.873s] -- Up-to-date: /home/dev_ws/install/unity_robotics_demo_msgs/include/unity_robotics_demo_msgs
[4.873s] -- Up-to-date: /home/dev_ws/install/unity_robotics_demo_msgs/include/unity_robotics_demo_msgs/srv
[4.873s] -- Up-to-date: /home/dev_ws/install/unity_robotics_demo_msgs/include/unity_robotics_demo_msgs/srv/detail
[4.874s] -- Up-to-date: /home/dev_ws/install/unity_robotics_demo_msgs/include/unity_robotics_demo_msgs/srv/detail/object_pose_service__type_support.cpp
[4.875s] -- Up-to-date: /home/dev_ws/install/unity_robotics_demo_msgs/include/unity_robotics_demo_msgs/srv/detail/position_service__type_support.cpp
[4.876s] -- Up-to-date: /home/dev_ws/install/unity_robotics_demo_msgs/include/unity_robotics_demo_msgs/srv/detail/object_pose_service__rosidl_typesupport_introspection_cpp.hpp
[4.876s] -- Up-to-date: /home/dev_ws/install/unity_robotics_demo_msgs/include/unity_robotics_demo_msgs/srv/detail/position_service__rosidl_typesupport_introspection_cpp.hpp
[4.877s] -- Up-to-date: /home/dev_ws/install/unity_robotics_demo_msgs/include/unity_robotics_demo_msgs/msg
[4.878s] -- Up-to-date: /home/dev_ws/install/unity_robotics_demo_msgs/include/unity_robotics_demo_msgs/msg/detail
[4.878s] -- Up-to-date: /home/dev_ws/install/unity_robotics_demo_msgs/include/unity_robotics_demo_msgs/msg/detail/pos_rot__type_support.cpp
[4.879s] -- Up-to-date: /home/dev_ws/install/unity_robotics_demo_msgs/include/unity_robotics_demo_msgs/msg/detail/targets_reached__type_support.cpp
[4.880s] -- Up-to-date: /home/dev_ws/install/unity_robotics_demo_msgs/include/unity_robotics_demo_msgs/msg/detail/pos_eyelids__rosidl_typesupport_introspection_cpp.hpp
[4.880s] -- Up-to-date: /home/dev_ws/install/unity_robotics_demo_msgs/include/unity_robotics_demo_msgs/msg/detail/targets_reached__rosidl_typesupport_introspection_cpp.hpp
[4.881s] -- Up-to-date: /home/dev_ws/install/unity_robotics_demo_msgs/include/unity_robotics_demo_msgs/msg/detail/unity_color__type_support.cpp
[4.881s] -- Up-to-date: /home/dev_ws/install/unity_robotics_demo_msgs/include/unity_robotics_demo_msgs/msg/detail/joints_to_target__type_support.cpp
[4.882s] -- Up-to-date: /home/dev_ws/install/unity_robotics_demo_msgs/include/unity_robotics_demo_msgs/msg/detail/joints_to_target__rosidl_typesupport_introspection_cpp.hpp
[4.882s] -- Up-to-date: /home/dev_ws/install/unity_robotics_demo_msgs/include/unity_robotics_demo_msgs/msg/detail/audio__rosidl_typesupport_introspection_cpp.hpp
[4.882s] -- Up-to-date: /home/dev_ws/install/unity_robotics_demo_msgs/include/unity_robotics_demo_msgs/msg/detail/pos_rot__rosidl_typesupport_introspection_cpp.hpp
[4.883s] -- Up-to-date: /home/dev_ws/install/unity_robotics_demo_msgs/include/unity_robotics_demo_msgs/msg/detail/pos_eyelids__type_support.cpp
[4.883s] -- Up-to-date: /home/dev_ws/install/unity_robotics_demo_msgs/include/unity_robotics_demo_msgs/msg/detail/unity_color__rosidl_typesupport_introspection_cpp.hpp
[4.883s] -- Up-to-date: /home/dev_ws/install/unity_robotics_demo_msgs/include/unity_robotics_demo_msgs/msg/detail/audio__type_support.cpp
[4.884s] -- Up-to-date: /home/dev_ws/install/unity_robotics_demo_msgs/lib/libunity_robotics_demo_msgs__rosidl_typesupport_introspection_cpp.so
[4.884s] -- Up-to-date: /home/dev_ws/install/unity_robotics_demo_msgs/lib/libunity_robotics_demo_msgs__rosidl_typesupport_cpp.so
[4.884s] -- Up-to-date: /home/dev_ws/install/unity_robotics_demo_msgs/share/unity_robotics_demo_msgs/environment/pythonpath.sh
[4.885s] -- Up-to-date: /home/dev_ws/install/unity_robotics_demo_msgs/share/unity_robotics_demo_msgs/environment/pythonpath.dsv
[4.885s] -- Up-to-date: /home/dev_ws/install/unity_robotics_demo_msgs/lib/python3.8/site-packages/unity_robotics_demo_msgs/__init__.py
[4.978s] -- Up-to-date: /home/dev_ws/install/unity_robotics_demo_msgs/lib/python3.8/site-packages/unity_robotics_demo_msgs/msg
[4.979s] -- Up-to-date: /home/dev_ws/install/unity_robotics_demo_msgs/lib/python3.8/site-packages/unity_robotics_demo_msgs/msg/_targets_reached_s.c
[4.979s] -- Up-to-date: /home/dev_ws/install/unity_robotics_demo_msgs/lib/python3.8/site-packages/unity_robotics_demo_msgs/msg/_unity_color.py
[4.980s] -- Up-to-date: /home/dev_ws/install/unity_robotics_demo_msgs/lib/python3.8/site-packages/unity_robotics_demo_msgs/msg/_targets_reached.py
[4.980s] -- Up-to-date: /home/dev_ws/install/unity_robotics_demo_msgs/lib/python3.8/site-packages/unity_robotics_demo_msgs/msg/_audio_s.c
[4.981s] -- Up-to-date: /home/dev_ws/install/unity_robotics_demo_msgs/lib/python3.8/site-packages/unity_robotics_demo_msgs/msg/_joints_to_target_s.c
[4.981s] -- Up-to-date: /home/dev_ws/install/unity_robotics_demo_msgs/lib/python3.8/site-packages/unity_robotics_demo_msgs/msg/_joints_to_target.py
[4.982s] -- Up-to-date: /home/dev_ws/install/unity_robotics_demo_msgs/lib/python3.8/site-packages/unity_robotics_demo_msgs/msg/_audio.py
[4.984s] -- Up-to-date: /home/dev_ws/install/unity_robotics_demo_msgs/lib/python3.8/site-packages/unity_robotics_demo_msgs/msg/_pos_eyelids_s.c
[4.985s] -- Up-to-date: /home/dev_ws/install/unity_robotics_demo_msgs/lib/python3.8/site-packages/unity_robotics_demo_msgs/msg/_pos_eyelids.py
[4.986s] -- Up-to-date: /home/dev_ws/install/unity_robotics_demo_msgs/lib/python3.8/site-packages/unity_robotics_demo_msgs/msg/_pos_rot.py
[4.987s] -- Up-to-date: /home/dev_ws/install/unity_robotics_demo_msgs/lib/python3.8/site-packages/unity_robotics_demo_msgs/msg/_unity_color_s.c
[4.988s] -- Up-to-date: /home/dev_ws/install/unity_robotics_demo_msgs/lib/python3.8/site-packages/unity_robotics_demo_msgs/msg/_pos_rot_s.c
[4.989s] -- Up-to-date: /home/dev_ws/install/unity_robotics_demo_msgs/lib/python3.8/site-packages/unity_robotics_demo_msgs/msg/__init__.py
[4.989s] -- Up-to-date: /home/dev_ws/install/unity_robotics_demo_msgs/lib/python3.8/site-packages/unity_robotics_demo_msgs/srv
[4.990s] -- Up-to-date: /home/dev_ws/install/unity_robotics_demo_msgs/lib/python3.8/site-packages/unity_robotics_demo_msgs/srv/_position_service.py
[4.990s] -- Up-to-date: /home/dev_ws/install/unity_robotics_demo_msgs/lib/python3.8/site-packages/unity_robotics_demo_msgs/srv/_object_pose_service_s.c
[4.991s] -- Up-to-date: /home/dev_ws/install/unity_robotics_demo_msgs/lib/python3.8/site-packages/unity_robotics_demo_msgs/srv/_position_service_s.c
[4.992s] -- Up-to-date: /home/dev_ws/install/unity_robotics_demo_msgs/lib/python3.8/site-packages/unity_robotics_demo_msgs/srv/__init__.py
[4.992s] -- Up-to-date: /home/dev_ws/install/unity_robotics_demo_msgs/lib/python3.8/site-packages/unity_robotics_demo_msgs/srv/_object_pose_service.py
[4.993s] -- Up-to-date: /home/dev_ws/install/unity_robotics_demo_msgs/lib/python3.8/site-packages/unity_robotics_demo_msgs/unity_robotics_demo_msgs_s__rosidl_typesupport_fastrtps_c.cpython-38-x86_64-linux-gnu.so
[4.994s] -- Up-to-date: /home/dev_ws/install/unity_robotics_demo_msgs/lib/python3.8/site-packages/unity_robotics_demo_msgs/unity_robotics_demo_msgs_s__rosidl_typesupport_introspection_c.cpython-38-x86_64-linux-gnu.so
[4.995s] -- Up-to-date: /home/dev_ws/install/unity_robotics_demo_msgs/lib/python3.8/site-packages/unity_robotics_demo_msgs/unity_robotics_demo_msgs_s__rosidl_typesupport_c.cpython-38-x86_64-linux-gnu.so
[4.995s] -- Up-to-date: /home/dev_ws/install/unity_robotics_demo_msgs/lib/libunity_robotics_demo_msgs__python.so
[4.998s] -- Up-to-date: /home/dev_ws/install/unity_robotics_demo_msgs/share/unity_robotics_demo_msgs/msg/TargetsReached.idl
[4.999s] -- Up-to-date: /home/dev_ws/install/unity_robotics_demo_msgs/share/unity_robotics_demo_msgs/msg/Audio.idl
[4.999s] -- Up-to-date: /home/dev_ws/install/unity_robotics_demo_msgs/share/unity_robotics_demo_msgs/msg/JointsToTarget.idl
[5.000s] -- Up-to-date: /home/dev_ws/install/unity_robotics_demo_msgs/share/unity_robotics_demo_msgs/msg/PosEyelids.idl
[5.001s] -- Up-to-date: /home/dev_ws/install/unity_robotics_demo_msgs/share/unity_robotics_demo_msgs/msg/PosRot.idl
[5.002s] -- Up-to-date: /home/dev_ws/install/unity_robotics_demo_msgs/share/unity_robotics_demo_msgs/msg/UnityColor.idl
[5.002s] -- Up-to-date: /home/dev_ws/install/unity_robotics_demo_msgs/share/unity_robotics_demo_msgs/srv/PositionService.idl
[5.002s] -- Up-to-date: /home/dev_ws/install/unity_robotics_demo_msgs/share/unity_robotics_demo_msgs/srv/ObjectPoseService.idl
[5.003s] -- Up-to-date: /home/dev_ws/install/unity_robotics_demo_msgs/share/unity_robotics_demo_msgs/msg/TargetsReached.msg
[5.004s] -- Up-to-date: /home/dev_ws/install/unity_robotics_demo_msgs/share/unity_robotics_demo_msgs/msg/Audio.msg
[5.004s] -- Up-to-date: /home/dev_ws/install/unity_robotics_demo_msgs/share/unity_robotics_demo_msgs/msg/JointsToTarget.msg
[5.004s] -- Up-to-date: /home/dev_ws/install/unity_robotics_demo_msgs/share/unity_robotics_demo_msgs/msg/PosEyelids.msg
[5.005s] -- Up-to-date: /home/dev_ws/install/unity_robotics_demo_msgs/share/unity_robotics_demo_msgs/msg/PosRot.msg
[5.006s] -- Up-to-date: /home/dev_ws/install/unity_robotics_demo_msgs/share/unity_robotics_demo_msgs/msg/UnityColor.msg
[5.007s] -- Up-to-date: /home/dev_ws/install/unity_robotics_demo_msgs/share/unity_robotics_demo_msgs/srv/PositionService.srv
[5.008s] -- Up-to-date: /home/dev_ws/install/unity_robotics_demo_msgs/share/unity_robotics_demo_msgs/srv/PositionService_Request.msg
[5.009s] -- Up-to-date: /home/dev_ws/install/unity_robotics_demo_msgs/share/unity_robotics_demo_msgs/srv/PositionService_Response.msg
[5.009s] -- Up-to-date: /home/dev_ws/install/unity_robotics_demo_msgs/share/unity_robotics_demo_msgs/srv/ObjectPoseService.srv
[5.010s] -- Up-to-date: /home/dev_ws/install/unity_robotics_demo_msgs/share/unity_robotics_demo_msgs/srv/ObjectPoseService_Request.msg
[5.010s] -- Up-to-date: /home/dev_ws/install/unity_robotics_demo_msgs/share/unity_robotics_demo_msgs/srv/ObjectPoseService_Response.msg
[5.011s] -- Up-to-date: /home/dev_ws/install/unity_robotics_demo_msgs/share/ament_index/resource_index/package_run_dependencies/unity_robotics_demo_msgs
[5.011s] -- Up-to-date: /home/dev_ws/install/unity_robotics_demo_msgs/share/ament_index/resource_index/parent_prefix_path/unity_robotics_demo_msgs
[5.012s] -- Up-to-date: /home/dev_ws/install/unity_robotics_demo_msgs/share/unity_robotics_demo_msgs/environment/ament_prefix_path.sh
[5.023s] -- Up-to-date: /home/dev_ws/install/unity_robotics_demo_msgs/share/unity_robotics_demo_msgs/environment/ament_prefix_path.dsv
[5.026s] -- Up-to-date: /home/dev_ws/install/unity_robotics_demo_msgs/share/unity_robotics_demo_msgs/environment/path.sh
[5.029s] -- Up-to-date: /home/dev_ws/install/unity_robotics_demo_msgs/share/unity_robotics_demo_msgs/environment/path.dsv
[5.033s] -- Up-to-date: /home/dev_ws/install/unity_robotics_demo_msgs/share/unity_robotics_demo_msgs/local_setup.bash
[5.040s] -- Up-to-date: /home/dev_ws/install/unity_robotics_demo_msgs/share/unity_robotics_demo_msgs/local_setup.sh
[5.042s] -- Up-to-date: /home/dev_ws/install/unity_robotics_demo_msgs/share/unity_robotics_demo_msgs/local_setup.zsh
[5.043s] -- Up-to-date: /home/dev_ws/install/unity_robotics_demo_msgs/share/unity_robotics_demo_msgs/local_setup.dsv
[5.044s] -- Installing: /home/dev_ws/install/unity_robotics_demo_msgs/share/unity_robotics_demo_msgs/package.dsv
[5.046s] -- Up-to-date: /home/dev_ws/install/unity_robotics_demo_msgs/share/ament_index/resource_index/packages/unity_robotics_demo_msgs
[5.048s] -- Up-to-date: /home/dev_ws/install/unity_robotics_demo_msgs/share/unity_robotics_demo_msgs/cmake/unity_robotics_demo_msgs__rosidl_generator_cExport.cmake
[5.049s] -- Up-to-date: /home/dev_ws/install/unity_robotics_demo_msgs/share/unity_robotics_demo_msgs/cmake/unity_robotics_demo_msgs__rosidl_generator_cExport-noconfig.cmake
[5.057s] -- Up-to-date: /home/dev_ws/install/unity_robotics_demo_msgs/share/unity_robotics_demo_msgs/cmake/unity_robotics_demo_msgs__rosidl_typesupport_introspection_cExport.cmake
[5.058s] -- Up-to-date: /home/dev_ws/install/unity_robotics_demo_msgs/share/unity_robotics_demo_msgs/cmake/unity_robotics_demo_msgs__rosidl_typesupport_introspection_cExport-noconfig.cmake
[5.059s] -- Up-to-date: /home/dev_ws/install/unity_robotics_demo_msgs/share/unity_robotics_demo_msgs/cmake/unity_robotics_demo_msgs__rosidl_typesupport_cExport.cmake
[5.062s] -- Up-to-date: /home/dev_ws/install/unity_robotics_demo_msgs/share/unity_robotics_demo_msgs/cmake/unity_robotics_demo_msgs__rosidl_typesupport_cExport-noconfig.cmake
[5.065s] -- Up-to-date: /home/dev_ws/install/unity_robotics_demo_msgs/share/unity_robotics_demo_msgs/cmake/unity_robotics_demo_msgs__rosidl_generator_cppExport.cmake
[5.066s] -- Up-to-date: /home/dev_ws/install/unity_robotics_demo_msgs/share/unity_robotics_demo_msgs/cmake/unity_robotics_demo_msgs__rosidl_typesupport_introspection_cppExport.cmake
[5.067s] -- Up-to-date: /home/dev_ws/install/unity_robotics_demo_msgs/share/unity_robotics_demo_msgs/cmake/unity_robotics_demo_msgs__rosidl_typesupport_introspection_cppExport-noconfig.cmake
[5.069s] -- Up-to-date: /home/dev_ws/install/unity_robotics_demo_msgs/share/unity_robotics_demo_msgs/cmake/unity_robotics_demo_msgs__rosidl_typesupport_cppExport.cmake
[5.071s] -- Up-to-date: /home/dev_ws/install/unity_robotics_demo_msgs/share/unity_robotics_demo_msgs/cmake/unity_robotics_demo_msgs__rosidl_typesupport_cppExport-noconfig.cmake
[5.073s] -- Up-to-date: /home/dev_ws/install/unity_robotics_demo_msgs/share/unity_robotics_demo_msgs/cmake/rosidl_cmake-extras.cmake
[5.073s] -- Up-to-date: /home/dev_ws/install/unity_robotics_demo_msgs/share/unity_robotics_demo_msgs/cmake/ament_cmake_export_dependencies-extras.cmake
[5.074s] -- Up-to-date: /home/dev_ws/install/unity_robotics_demo_msgs/share/unity_robotics_demo_msgs/cmake/ament_cmake_export_libraries-extras.cmake
[5.075s] -- Up-to-date: /home/dev_ws/install/unity_robotics_demo_msgs/share/unity_robotics_demo_msgs/cmake/ament_cmake_export_targets-extras.cmake
[5.076s] -- Up-to-date: /home/dev_ws/install/unity_robotics_demo_msgs/share/unity_robotics_demo_msgs/cmake/ament_cmake_export_include_directories-extras.cmake
[5.077s] -- Up-to-date: /home/dev_ws/install/unity_robotics_demo_msgs/share/unity_robotics_demo_msgs/cmake/rosidl_cmake_export_typesupport_libraries-extras.cmake
[5.078s] -- Up-to-date: /home/dev_ws/install/unity_robotics_demo_msgs/share/unity_robotics_demo_msgs/cmake/rosidl_cmake_export_typesupport_targets-extras.cmake
[5.079s] -- Up-to-date: /home/dev_ws/install/unity_robotics_demo_msgs/share/unity_robotics_demo_msgs/cmake/unity_robotics_demo_msgsConfig.cmake
[5.080s] -- Up-to-date: /home/dev_ws/install/unity_robotics_demo_msgs/share/unity_robotics_demo_msgs/cmake/unity_robotics_demo_msgsConfig-version.cmake
[5.081s] -- Up-to-date: /home/dev_ws/install/unity_robotics_demo_msgs/share/unity_robotics_demo_msgs/package.xml
[5.082s] Invoked command in '/home/dev_ws/build/unity_robotics_demo_msgs' returned '0': CMAKE_PREFIX_PATH=${CMAKE_PREFIX_PATH}:/opt/ros/foxy:/home/dev_ws/install/vision:/home/dev_ws/install/utils:/home/dev_ws/install/unity_robotics_demo:/home/dev_ws/install/ros_tcp_endpoint:/home/dev_ws/install/face_controller:/home/dev_ws/install/audio /usr/bin/cmake --install /home/dev_ws/build/unity_robotics_demo_msgs
