[1.727s] Invoking command in '/home/dev_ws/src/vision': PYTHONPATH=/home/dev_ws/install/vision/lib/python3.8/site-packages:${PYTHONPATH} /usr/bin/python3 setup.py egg_info --egg-base ../../build/vision build --build-base /home/dev_ws/build/vision/build install --prefix /home/dev_ws/install/vision --record /home/dev_ws/build/vision/install.log --single-version-externally-managed
[2.058s] running egg_info
[2.059s] creating ../../build/vision/vision.egg-info
[2.059s] writing ../../build/vision/vision.egg-info/PKG-INFO
[2.060s] writing dependency_links to ../../build/vision/vision.egg-info/dependency_links.txt
[2.060s] writing entry points to ../../build/vision/vision.egg-info/entry_points.txt
[2.060s] writing requirements to ../../build/vision/vision.egg-info/requires.txt
[2.061s] writing top-level names to ../../build/vision/vision.egg-info/top_level.txt
[2.063s] writing manifest file '../../build/vision/vision.egg-info/SOURCES.txt'
[2.138s] reading manifest file '../../build/vision/vision.egg-info/SOURCES.txt'
[2.139s] writing manifest file '../../build/vision/vision.egg-info/SOURCES.txt'
[2.140s] running build
[2.140s] running build_py
[2.141s] creating /home/dev_ws/build/vision/build
[2.141s] creating /home/dev_ws/build/vision/build/lib
[2.142s] creating /home/dev_ws/build/vision/build/lib/vision
[2.143s] copying vision/color_detector.py -> /home/dev_ws/build/vision/build/lib/vision
[2.143s] copying vision/__init__.py -> /home/dev_ws/build/vision/build/lib/vision
[2.145s] running install
[2.147s] running install_lib
[2.148s] creating /home/dev_ws/install/vision/lib/python3.8/site-packages/vision
[2.148s] copying /home/dev_ws/build/vision/build/lib/vision/color_detector.py -> /home/dev_ws/install/vision/lib/python3.8/site-packages/vision
[2.149s] copying /home/dev_ws/build/vision/build/lib/vision/__init__.py -> /home/dev_ws/install/vision/lib/python3.8/site-packages/vision
[2.149s] byte-compiling /home/dev_ws/install/vision/lib/python3.8/site-packages/vision/color_detector.py to color_detector.cpython-38.pyc
[2.152s] byte-compiling /home/dev_ws/install/vision/lib/python3.8/site-packages/vision/__init__.py to __init__.cpython-38.pyc
[2.152s] running install_data
[2.153s] creating /home/dev_ws/install/vision/share/ament_index
[2.153s] creating /home/dev_ws/install/vision/share/ament_index/resource_index
[2.154s] creating /home/dev_ws/install/vision/share/ament_index/resource_index/packages
[2.154s] copying resource/vision -> /home/dev_ws/install/vision/share/ament_index/resource_index/packages
[2.154s] copying package.xml -> /home/dev_ws/install/vision/share/vision
[2.157s] running install_egg_info
[2.158s] Copying ../../build/vision/vision.egg-info to /home/dev_ws/install/vision/lib/python3.8/site-packages/vision-0.0.0-py3.8.egg-info
[2.159s] running install_scripts
[2.188s] Installing color_detector script to /home/dev_ws/install/vision/lib/vision
[2.188s] writing list of installed files to '/home/dev_ws/build/vision/install.log'
[2.290s] Invoked command in '/home/dev_ws/src/vision' returned '0': PYTHONPATH=/home/dev_ws/install/vision/lib/python3.8/site-packages:${PYTHONPATH} /usr/bin/python3 setup.py egg_info --egg-base ../../build/vision build --build-base /home/dev_ws/build/vision/build install --prefix /home/dev_ws/install/vision --record /home/dev_ws/build/vision/install.log --single-version-externally-managed
