[2.251s] Invoking command in '/home/dev_ws/src/audio': PYTHONPATH=/home/dev_ws/install/audio/lib/python3.8/site-packages:${PYTHONPATH} /usr/bin/python3 setup.py egg_info --egg-base ../../build/audio build --build-base /home/dev_ws/build/audio/build install --prefix /home/dev_ws/install/audio --record /home/dev_ws/build/audio/install.log --single-version-externally-managed
[2.537s] running egg_info
[2.538s] writing ../../build/audio/audio.egg-info/PKG-INFO
[2.539s] writing dependency_links to ../../build/audio/audio.egg-info/dependency_links.txt
[2.539s] writing entry points to ../../build/audio/audio.egg-info/entry_points.txt
[2.539s] writing requirements to ../../build/audio/audio.egg-info/requires.txt
[2.540s] writing top-level names to ../../build/audio/audio.egg-info/top_level.txt
[2.602s] reading manifest file '../../build/audio/audio.egg-info/SOURCES.txt'
[2.603s] writing manifest file '../../build/audio/audio.egg-info/SOURCES.txt'
[2.604s] running build
[2.604s] running build_py
[2.604s] copying audio/send_audio.py -> /home/dev_ws/build/audio/build/lib/audio
[2.604s] copying audio/speech_to_text.py -> /home/dev_ws/build/audio/build/lib/audio
[2.605s] running install
[2.606s] running install_lib
[2.607s] copying /home/dev_ws/build/audio/build/lib/audio/send_audio.py -> /home/dev_ws/install/audio/lib/python3.8/site-packages/audio
[2.607s] copying /home/dev_ws/build/audio/build/lib/audio/speech_to_text.py -> /home/dev_ws/install/audio/lib/python3.8/site-packages/audio
[2.608s] byte-compiling /home/dev_ws/install/audio/lib/python3.8/site-packages/audio/send_audio.py to send_audio.cpython-38.pyc
[2.610s] byte-compiling /home/dev_ws/install/audio/lib/python3.8/site-packages/audio/speech_to_text.py to speech_to_text.cpython-38.pyc
[2.611s] running install_data
[2.612s] running install_egg_info
[2.614s] removing '/home/dev_ws/install/audio/lib/python3.8/site-packages/audio-0.0.0-py3.8.egg-info' (and everything under it)
[2.614s] Copying ../../build/audio/audio.egg-info to /home/dev_ws/install/audio/lib/python3.8/site-packages/audio-0.0.0-py3.8.egg-info
[2.616s] running install_scripts
[2.650s] Installing send_audio script to /home/dev_ws/install/audio/lib/audio
[2.650s] Installing speech_to_text script to /home/dev_ws/install/audio/lib/audio
[2.651s] writing list of installed files to '/home/dev_ws/build/audio/install.log'
[2.715s] Invoked command in '/home/dev_ws/src/audio' returned '0': PYTHONPATH=/home/dev_ws/install/audio/lib/python3.8/site-packages:${PYTHONPATH} /usr/bin/python3 setup.py egg_info --egg-base ../../build/audio build --build-base /home/dev_ws/build/audio/build install --prefix /home/dev_ws/install/audio --record /home/dev_ws/build/audio/install.log --single-version-externally-managed
