[1.511s] Invoking command in '/home/dev_ws/src/build/unity_robotics_demo_msgs': CMAKE_PREFIX_PATH=${CMAKE_PREFIX_PATH}:/home/dev_ws/install/manipulation:/home/dev_ws/src/install/vision:/home/dev_ws/src/install/utils:/home/dev_ws/src/install/unity_robotics_demo:/home/dev_ws/src/install/ros_tcp_endpoint:/home/dev_ws/src/install/manipulation:/home/dev_ws/src/install/face_controller:/home/dev_ws/src/install/audio:/opt/ros/foxy:/home/dev_ws/install/vision:/home/dev_ws/install/utils:/home/dev_ws/install/unity_robotics_demo:/home/dev_ws/install/ros_tcp_endpoint:/home/dev_ws/install/face_controller:/home/dev_ws/install/audio /usr/bin/cmake --build /home/dev_ws/src/build/unity_robotics_demo_msgs -- -j12 -l12
[2.174s] [  1%] Built target unity_robotics_demo_msgs__cpp
[2.176s] [ 12%] Built target unity_robotics_demo_msgs__rosidl_generator_c
[2.177s] [ 32%] Built target unity_robotics_demo_msgs__rosidl_typesupport_introspection_cpp
[2.177s] [ 35%] Built target unity_robotics_demo_msgs__rosidl_typesupport_cpp
[2.178s] [ 56%] Built target unity_robotics_demo_msgs__rosidl_typesupport_fastrtps_cpp
[2.178s] [ 58%] Built target unity_robotics_demo_msgs__rosidl_typesupport_c
[2.179s] [ 70%] Built target unity_robotics_demo_msgs__rosidl_typesupport_introspection_c
[2.181s] [ 81%] Built target unity_robotics_demo_msgs__rosidl_typesupport_fastrtps_c
[2.183s] [ 81%] Built target unity_robotics_demo_msgs
[2.185s] [ 82%] Built target unity_robotics_demo_msgs__py
[2.186s] [ 93%] Built target unity_robotics_demo_msgs__python
[2.187s] [ 95%] Built target unity_robotics_demo_msgs__rosidl_typesupport_c__pyext
[2.189s] [ 97%] Built target unity_robotics_demo_msgs__rosidl_typesupport_fastrtps_c__pyext
[2.194s] [100%] Built target unity_robotics_demo_msgs__rosidl_typesupport_introspection_c__pyext
[2.195s] Invoked command in '/home/dev_ws/src/build/unity_robotics_demo_msgs' returned '0': CMAKE_PREFIX_PATH=${CMAKE_PREFIX_PATH}:/home/dev_ws/install/manipulation:/home/dev_ws/src/install/vision:/home/dev_ws/src/install/utils:/home/dev_ws/src/install/unity_robotics_demo:/home/dev_ws/src/install/ros_tcp_endpoint:/home/dev_ws/src/install/manipulation:/home/dev_ws/src/install/face_controller:/home/dev_ws/src/install/audio:/opt/ros/foxy:/home/dev_ws/install/vision:/home/dev_ws/install/utils:/home/dev_ws/install/unity_robotics_demo:/home/dev_ws/install/ros_tcp_endpoint:/home/dev_ws/install/face_controller:/home/dev_ws/install/audio /usr/bin/cmake --build /home/dev_ws/src/build/unity_robotics_demo_msgs -- -j12 -l12
[2.725s] Invoking command in '/home/dev_ws/src/build/unity_robotics_demo_msgs': CMAKE_PREFIX_PATH=${CMAKE_PREFIX_PATH}:/home/dev_ws/install/manipulation:/home/dev_ws/src/install/vision:/home/dev_ws/src/install/utils:/home/dev_ws/src/install/unity_robotics_demo:/home/dev_ws/src/install/ros_tcp_endpoint:/home/dev_ws/src/install/manipulation:/home/dev_ws/src/install/face_controller:/home/dev_ws/src/install/audio:/opt/ros/foxy:/home/dev_ws/install/vision:/home/dev_ws/install/utils:/home/dev_ws/install/unity_robotics_demo:/home/dev_ws/install/ros_tcp_endpoint:/home/dev_ws/install/face_controller:/home/dev_ws/install/audio /usr/bin/cmake --install /home/dev_ws/src/build/unity_robotics_demo_msgs
[2.751s] -- Install configuration: ""
[2.752s] -- Up-to-date: /home/dev_ws/src/install/unity_robotics_demo_msgs/share/ament_index/resource_index/rosidl_interfaces/unity_robotics_demo_msgs
[2.753s] -- Up-to-date: /home/dev_ws/src/install/unity_robotics_demo_msgs/include/unity_robotics_demo_msgs
[2.754s] -- Up-to-date: /home/dev_ws/src/install/unity_robotics_demo_msgs/include/unity_robotics_demo_msgs/srv
[2.755s] -- Up-to-date: /home/dev_ws/src/install/unity_robotics_demo_msgs/include/unity_robotics_demo_msgs/srv/position_service.h
[2.756s] -- Up-to-date: /home/dev_ws/src/install/unity_robotics_demo_msgs/include/unity_robotics_demo_msgs/srv/object_pose_service.h
[2.757s] -- Up-to-date: /home/dev_ws/src/install/unity_robotics_demo_msgs/include/unity_robotics_demo_msgs/srv/detail
[2.757s] -- Up-to-date: /home/dev_ws/src/install/unity_robotics_demo_msgs/include/unity_robotics_demo_msgs/srv/detail/object_pose_service__struct.h
[2.758s] -- Up-to-date: /home/dev_ws/src/install/unity_robotics_demo_msgs/include/unity_robotics_demo_msgs/srv/detail/object_pose_service__type_support.h
[2.759s] -- Up-to-date: /home/dev_ws/src/install/unity_robotics_demo_msgs/include/unity_robotics_demo_msgs/srv/detail/position_service__functions.c
[2.759s] -- Up-to-date: /home/dev_ws/src/install/unity_robotics_demo_msgs/include/unity_robotics_demo_msgs/srv/detail/position_service__functions.h
[2.760s] -- Up-to-date: /home/dev_ws/src/install/unity_robotics_demo_msgs/include/unity_robotics_demo_msgs/srv/detail/position_service__struct.h
[2.761s] -- Up-to-date: /home/dev_ws/src/install/unity_robotics_demo_msgs/include/unity_robotics_demo_msgs/srv/detail/object_pose_service__functions.h
[2.761s] -- Up-to-date: /home/dev_ws/src/install/unity_robotics_demo_msgs/include/unity_robotics_demo_msgs/srv/detail/position_service__type_support.h
[2.761s] -- Up-to-date: /home/dev_ws/src/install/unity_robotics_demo_msgs/include/unity_robotics_demo_msgs/srv/detail/object_pose_service__functions.c
[2.762s] -- Up-to-date: /home/dev_ws/src/install/unity_robotics_demo_msgs/include/unity_robotics_demo_msgs/msg
[2.762s] -- Up-to-date: /home/dev_ws/src/install/unity_robotics_demo_msgs/include/unity_robotics_demo_msgs/msg/targets_reached.h
[2.762s] -- Up-to-date: /home/dev_ws/src/install/unity_robotics_demo_msgs/include/unity_robotics_demo_msgs/msg/pos_eyelids.h
[2.763s] -- Up-to-date: /home/dev_ws/src/install/unity_robotics_demo_msgs/include/unity_robotics_demo_msgs/msg/audio.h
[2.763s] -- Up-to-date: /home/dev_ws/src/install/unity_robotics_demo_msgs/include/unity_robotics_demo_msgs/msg/pos_rot.h
[2.764s] -- Up-to-date: /home/dev_ws/src/install/unity_robotics_demo_msgs/include/unity_robotics_demo_msgs/msg/rosidl_generator_c__visibility_control.h
[2.765s] -- Up-to-date: /home/dev_ws/src/install/unity_robotics_demo_msgs/include/unity_robotics_demo_msgs/msg/joints_to_target.h
[2.774s] -- Up-to-date: /home/dev_ws/src/install/unity_robotics_demo_msgs/include/unity_robotics_demo_msgs/msg/detail
[2.777s] -- Up-to-date: /home/dev_ws/src/install/unity_robotics_demo_msgs/include/unity_robotics_demo_msgs/msg/detail/audio__functions.c
[2.778s] -- Up-to-date: /home/dev_ws/src/install/unity_robotics_demo_msgs/include/unity_robotics_demo_msgs/msg/detail/pos_rot__type_support.h
[2.779s] -- Up-to-date: /home/dev_ws/src/install/unity_robotics_demo_msgs/include/unity_robotics_demo_msgs/msg/detail/unity_color__type_support.h
[2.779s] -- Up-to-date: /home/dev_ws/src/install/unity_robotics_demo_msgs/include/unity_robotics_demo_msgs/msg/detail/audio__struct.h
[2.780s] -- Up-to-date: /home/dev_ws/src/install/unity_robotics_demo_msgs/include/unity_robotics_demo_msgs/msg/detail/targets_reached__functions.h
[2.780s] -- Up-to-date: /home/dev_ws/src/install/unity_robotics_demo_msgs/include/unity_robotics_demo_msgs/msg/detail/joints_to_target__struct.h
[2.780s] -- Up-to-date: /home/dev_ws/src/install/unity_robotics_demo_msgs/include/unity_robotics_demo_msgs/msg/detail/targets_reached__functions.c
[2.781s] -- Up-to-date: /home/dev_ws/src/install/unity_robotics_demo_msgs/include/unity_robotics_demo_msgs/msg/detail/pos_rot__struct.h
[2.781s] -- Up-to-date: /home/dev_ws/src/install/unity_robotics_demo_msgs/include/unity_robotics_demo_msgs/msg/detail/unity_color__functions.c
[2.781s] -- Up-to-date: /home/dev_ws/src/install/unity_robotics_demo_msgs/include/unity_robotics_demo_msgs/msg/detail/pos_eyelids__type_support.h
[2.781s] -- Up-to-date: /home/dev_ws/src/install/unity_robotics_demo_msgs/include/unity_robotics_demo_msgs/msg/detail/unity_color__struct.h
[2.782s] -- Up-to-date: /home/dev_ws/src/install/unity_robotics_demo_msgs/include/unity_robotics_demo_msgs/msg/detail/pos_eyelids__functions.h
[2.782s] -- Up-to-date: /home/dev_ws/src/install/unity_robotics_demo_msgs/include/unity_robotics_demo_msgs/msg/detail/pos_rot__functions.h
[2.782s] -- Up-to-date: /home/dev_ws/src/install/unity_robotics_demo_msgs/include/unity_robotics_demo_msgs/msg/detail/audio__functions.h
[2.783s] -- Up-to-date: /home/dev_ws/src/install/unity_robotics_demo_msgs/include/unity_robotics_demo_msgs/msg/detail/joints_to_target__functions.h
[2.783s] -- Up-to-date: /home/dev_ws/src/install/unity_robotics_demo_msgs/include/unity_robotics_demo_msgs/msg/detail/targets_reached__struct.h
[2.783s] -- Up-to-date: /home/dev_ws/src/install/unity_robotics_demo_msgs/include/unity_robotics_demo_msgs/msg/detail/pos_eyelids__struct.h
[2.784s] -- Up-to-date: /home/dev_ws/src/install/unity_robotics_demo_msgs/include/unity_robotics_demo_msgs/msg/detail/audio__type_support.h
[2.784s] -- Up-to-date: /home/dev_ws/src/install/unity_robotics_demo_msgs/include/unity_robotics_demo_msgs/msg/detail/joints_to_target__type_support.h
[2.784s] -- Up-to-date: /home/dev_ws/src/install/unity_robotics_demo_msgs/include/unity_robotics_demo_msgs/msg/detail/targets_reached__type_support.h
[2.784s] -- Up-to-date: /home/dev_ws/src/install/unity_robotics_demo_msgs/include/unity_robotics_demo_msgs/msg/detail/joints_to_target__functions.c
[2.785s] -- Up-to-date: /home/dev_ws/src/install/unity_robotics_demo_msgs/include/unity_robotics_demo_msgs/msg/detail/pos_rot__functions.c
[2.785s] -- Up-to-date: /home/dev_ws/src/install/unity_robotics_demo_msgs/include/unity_robotics_demo_msgs/msg/detail/unity_color__functions.h
[2.785s] -- Up-to-date: /home/dev_ws/src/install/unity_robotics_demo_msgs/include/unity_robotics_demo_msgs/msg/detail/pos_eyelids__functions.c
[2.786s] -- Up-to-date: /home/dev_ws/src/install/unity_robotics_demo_msgs/include/unity_robotics_demo_msgs/msg/unity_color.h
[2.786s] -- Up-to-date: /home/dev_ws/src/install/unity_robotics_demo_msgs/share/unity_robotics_demo_msgs/environment/library_path.sh
[2.786s] -- Up-to-date: /home/dev_ws/src/install/unity_robotics_demo_msgs/share/unity_robotics_demo_msgs/environment/library_path.dsv
[2.786s] -- Up-to-date: /home/dev_ws/src/install/unity_robotics_demo_msgs/lib/libunity_robotics_demo_msgs__rosidl_generator_c.so
[2.787s] -- Up-to-date: /home/dev_ws/src/install/unity_robotics_demo_msgs/include/unity_robotics_demo_msgs
[2.787s] -- Up-to-date: /home/dev_ws/src/install/unity_robotics_demo_msgs/include/unity_robotics_demo_msgs/srv
[2.787s] -- Up-to-date: /home/dev_ws/src/install/unity_robotics_demo_msgs/include/unity_robotics_demo_msgs/srv/detail
[2.787s] -- Up-to-date: /home/dev_ws/src/install/unity_robotics_demo_msgs/include/unity_robotics_demo_msgs/srv/detail/object_pose_service__rosidl_typesupport_fastrtps_c.h
[2.788s] -- Up-to-date: /home/dev_ws/src/install/unity_robotics_demo_msgs/include/unity_robotics_demo_msgs/srv/detail/position_service__rosidl_typesupport_fastrtps_c.h
[2.788s] -- Up-to-date: /home/dev_ws/src/install/unity_robotics_demo_msgs/include/unity_robotics_demo_msgs/msg
[2.788s] -- Up-to-date: /home/dev_ws/src/install/unity_robotics_demo_msgs/include/unity_robotics_demo_msgs/msg/rosidl_typesupport_fastrtps_c__visibility_control.h
[2.789s] -- Up-to-date: /home/dev_ws/src/install/unity_robotics_demo_msgs/include/unity_robotics_demo_msgs/msg/detail
[2.790s] -- Up-to-date: /home/dev_ws/src/install/unity_robotics_demo_msgs/include/unity_robotics_demo_msgs/msg/detail/unity_color__rosidl_typesupport_fastrtps_c.h
[2.790s] -- Up-to-date: /home/dev_ws/src/install/unity_robotics_demo_msgs/include/unity_robotics_demo_msgs/msg/detail/pos_eyelids__rosidl_typesupport_fastrtps_c.h
[2.790s] -- Up-to-date: /home/dev_ws/src/install/unity_robotics_demo_msgs/include/unity_robotics_demo_msgs/msg/detail/targets_reached__rosidl_typesupport_fastrtps_c.h
[2.790s] -- Up-to-date: /home/dev_ws/src/install/unity_robotics_demo_msgs/include/unity_robotics_demo_msgs/msg/detail/joints_to_target__rosidl_typesupport_fastrtps_c.h
[2.791s] -- Up-to-date: /home/dev_ws/src/install/unity_robotics_demo_msgs/include/unity_robotics_demo_msgs/msg/detail/audio__rosidl_typesupport_fastrtps_c.h
[2.791s] -- Up-to-date: /home/dev_ws/src/install/unity_robotics_demo_msgs/include/unity_robotics_demo_msgs/msg/detail/pos_rot__rosidl_typesupport_fastrtps_c.h
[2.791s] -- Up-to-date: /home/dev_ws/src/install/unity_robotics_demo_msgs/lib/libunity_robotics_demo_msgs__rosidl_typesupport_fastrtps_c.so
[2.791s] -- Up-to-date: /home/dev_ws/src/install/unity_robotics_demo_msgs/include/unity_robotics_demo_msgs
[2.792s] -- Up-to-date: /home/dev_ws/src/install/unity_robotics_demo_msgs/include/unity_robotics_demo_msgs/srv
[2.792s] -- Up-to-date: /home/dev_ws/src/install/unity_robotics_demo_msgs/include/unity_robotics_demo_msgs/srv/detail
[2.793s] -- Up-to-date: /home/dev_ws/src/install/unity_robotics_demo_msgs/include/unity_robotics_demo_msgs/srv/detail/position_service__rosidl_typesupport_fastrtps_cpp.hpp
[2.794s] -- Up-to-date: /home/dev_ws/src/install/unity_robotics_demo_msgs/include/unity_robotics_demo_msgs/srv/detail/object_pose_service__rosidl_typesupport_fastrtps_cpp.hpp
[2.794s] -- Up-to-date: /home/dev_ws/src/install/unity_robotics_demo_msgs/include/unity_robotics_demo_msgs/srv/detail/dds_fastrtps
[2.794s] -- Up-to-date: /home/dev_ws/src/install/unity_robotics_demo_msgs/include/unity_robotics_demo_msgs/msg
[2.794s] -- Up-to-date: /home/dev_ws/src/install/unity_robotics_demo_msgs/include/unity_robotics_demo_msgs/msg/rosidl_typesupport_fastrtps_cpp__visibility_control.h
[2.795s] -- Up-to-date: /home/dev_ws/src/install/unity_robotics_demo_msgs/include/unity_robotics_demo_msgs/msg/detail
[2.795s] -- Up-to-date: /home/dev_ws/src/install/unity_robotics_demo_msgs/include/unity_robotics_demo_msgs/msg/detail/pos_rot__rosidl_typesupport_fastrtps_cpp.hpp
[2.796s] -- Up-to-date: /home/dev_ws/src/install/unity_robotics_demo_msgs/include/unity_robotics_demo_msgs/msg/detail/dds_fastrtps
[2.796s] -- Up-to-date: /home/dev_ws/src/install/unity_robotics_demo_msgs/include/unity_robotics_demo_msgs/msg/detail/joints_to_target__rosidl_typesupport_fastrtps_cpp.hpp
[2.796s] -- Up-to-date: /home/dev_ws/src/install/unity_robotics_demo_msgs/include/unity_robotics_demo_msgs/msg/detail/unity_color__rosidl_typesupport_fastrtps_cpp.hpp
[2.796s] -- Up-to-date: /home/dev_ws/src/install/unity_robotics_demo_msgs/include/unity_robotics_demo_msgs/msg/detail/targets_reached__rosidl_typesupport_fastrtps_cpp.hpp
[2.797s] -- Up-to-date: /home/dev_ws/src/install/unity_robotics_demo_msgs/include/unity_robotics_demo_msgs/msg/detail/pos_eyelids__rosidl_typesupport_fastrtps_cpp.hpp
[2.797s] -- Up-to-date: /home/dev_ws/src/install/unity_robotics_demo_msgs/include/unity_robotics_demo_msgs/msg/detail/audio__rosidl_typesupport_fastrtps_cpp.hpp
[2.797s] -- Up-to-date: /home/dev_ws/src/install/unity_robotics_demo_msgs/lib/libunity_robotics_demo_msgs__rosidl_typesupport_fastrtps_cpp.so
[2.797s] -- Up-to-date: /home/dev_ws/src/install/unity_robotics_demo_msgs/include/unity_robotics_demo_msgs
[2.798s] -- Up-to-date: /home/dev_ws/src/install/unity_robotics_demo_msgs/include/unity_robotics_demo_msgs/srv
[2.798s] -- Up-to-date: /home/dev_ws/src/install/unity_robotics_demo_msgs/include/unity_robotics_demo_msgs/srv/detail
[2.798s] -- Up-to-date: /home/dev_ws/src/install/unity_robotics_demo_msgs/include/unity_robotics_demo_msgs/srv/detail/position_service__type_support.c
[2.798s] -- Up-to-date: /home/dev_ws/src/install/unity_robotics_demo_msgs/include/unity_robotics_demo_msgs/srv/detail/position_service__rosidl_typesupport_introspection_c.h
[2.799s] -- Up-to-date: /home/dev_ws/src/install/unity_robotics_demo_msgs/include/unity_robotics_demo_msgs/srv/detail/object_pose_service__rosidl_typesupport_introspection_c.h
[2.799s] -- Up-to-date: /home/dev_ws/src/install/unity_robotics_demo_msgs/include/unity_robotics_demo_msgs/srv/detail/object_pose_service__type_support.c
[2.799s] -- Up-to-date: /home/dev_ws/src/install/unity_robotics_demo_msgs/include/unity_robotics_demo_msgs/msg
[2.799s] -- Up-to-date: /home/dev_ws/src/install/unity_robotics_demo_msgs/include/unity_robotics_demo_msgs/msg/rosidl_typesupport_introspection_c__visibility_control.h
[2.800s] -- Up-to-date: /home/dev_ws/src/install/unity_robotics_demo_msgs/include/unity_robotics_demo_msgs/msg/detail
[2.800s] -- Up-to-date: /home/dev_ws/src/install/unity_robotics_demo_msgs/include/unity_robotics_demo_msgs/msg/detail/pos_rot__rosidl_typesupport_introspection_c.h
[2.800s] -- Up-to-date: /home/dev_ws/src/install/unity_robotics_demo_msgs/include/unity_robotics_demo_msgs/msg/detail/pos_eyelids__rosidl_typesupport_introspection_c.h
[2.800s] -- Up-to-date: /home/dev_ws/src/install/unity_robotics_demo_msgs/include/unity_robotics_demo_msgs/msg/detail/unity_color__rosidl_typesupport_introspection_c.h
[2.801s] -- Up-to-date: /home/dev_ws/src/install/unity_robotics_demo_msgs/include/unity_robotics_demo_msgs/msg/detail/pos_eyelids__type_support.c
[2.801s] -- Up-to-date: /home/dev_ws/src/install/unity_robotics_demo_msgs/include/unity_robotics_demo_msgs/msg/detail/audio__rosidl_typesupport_introspection_c.h
[2.801s] -- Up-to-date: /home/dev_ws/src/install/unity_robotics_demo_msgs/include/unity_robotics_demo_msgs/msg/detail/joints_to_target__type_support.c
[2.801s] -- Up-to-date: /home/dev_ws/src/install/unity_robotics_demo_msgs/include/unity_robotics_demo_msgs/msg/detail/joints_to_target__rosidl_typesupport_introspection_c.h
[2.802s] -- Up-to-date: /home/dev_ws/src/install/unity_robotics_demo_msgs/include/unity_robotics_demo_msgs/msg/detail/pos_rot__type_support.c
[2.802s] -- Up-to-date: /home/dev_ws/src/install/unity_robotics_demo_msgs/include/unity_robotics_demo_msgs/msg/detail/targets_reached__rosidl_typesupport_introspection_c.h
[2.802s] -- Up-to-date: /home/dev_ws/src/install/unity_robotics_demo_msgs/include/unity_robotics_demo_msgs/msg/detail/audio__type_support.c
[2.803s] -- Up-to-date: /home/dev_ws/src/install/unity_robotics_demo_msgs/include/unity_robotics_demo_msgs/msg/detail/targets_reached__type_support.c
[2.803s] -- Up-to-date: /home/dev_ws/src/install/unity_robotics_demo_msgs/include/unity_robotics_demo_msgs/msg/detail/unity_color__type_support.c
[2.803s] -- Up-to-date: /home/dev_ws/src/install/unity_robotics_demo_msgs/lib/libunity_robotics_demo_msgs__rosidl_typesupport_introspection_c.so
[2.803s] -- Up-to-date: /home/dev_ws/src/install/unity_robotics_demo_msgs/lib/libunity_robotics_demo_msgs__rosidl_typesupport_c.so
[2.804s] -- Up-to-date: /home/dev_ws/src/install/unity_robotics_demo_msgs/include/unity_robotics_demo_msgs
[2.804s] -- Up-to-date: /home/dev_ws/src/install/unity_robotics_demo_msgs/include/unity_robotics_demo_msgs/srv
[2.804s] -- Up-to-date: /home/dev_ws/src/install/unity_robotics_demo_msgs/include/unity_robotics_demo_msgs/srv/position_service.hpp
[2.805s] -- Up-to-date: /home/dev_ws/src/install/unity_robotics_demo_msgs/include/unity_robotics_demo_msgs/srv/detail
[2.805s] -- Up-to-date: /home/dev_ws/src/install/unity_robotics_demo_msgs/include/unity_robotics_demo_msgs/srv/detail/position_service__builder.hpp
[2.806s] -- Up-to-date: /home/dev_ws/src/install/unity_robotics_demo_msgs/include/unity_robotics_demo_msgs/srv/detail/object_pose_service__struct.hpp
[2.806s] -- Up-to-date: /home/dev_ws/src/install/unity_robotics_demo_msgs/include/unity_robotics_demo_msgs/srv/detail/position_service__struct.hpp
[2.806s] -- Up-to-date: /home/dev_ws/src/install/unity_robotics_demo_msgs/include/unity_robotics_demo_msgs/srv/detail/position_service__traits.hpp
[2.807s] -- Up-to-date: /home/dev_ws/src/install/unity_robotics_demo_msgs/include/unity_robotics_demo_msgs/srv/detail/object_pose_service__builder.hpp
[2.807s] -- Up-to-date: /home/dev_ws/src/install/unity_robotics_demo_msgs/include/unity_robotics_demo_msgs/srv/detail/object_pose_service__traits.hpp
[2.807s] -- Up-to-date: /home/dev_ws/src/install/unity_robotics_demo_msgs/include/unity_robotics_demo_msgs/srv/object_pose_service.hpp
[2.807s] -- Up-to-date: /home/dev_ws/src/install/unity_robotics_demo_msgs/include/unity_robotics_demo_msgs/msg
[2.808s] -- Up-to-date: /home/dev_ws/src/install/unity_robotics_demo_msgs/include/unity_robotics_demo_msgs/msg/audio.hpp
[2.808s] -- Up-to-date: /home/dev_ws/src/install/unity_robotics_demo_msgs/include/unity_robotics_demo_msgs/msg/joints_to_target.hpp
[2.808s] -- Up-to-date: /home/dev_ws/src/install/unity_robotics_demo_msgs/include/unity_robotics_demo_msgs/msg/targets_reached.hpp
[2.808s] -- Up-to-date: /home/dev_ws/src/install/unity_robotics_demo_msgs/include/unity_robotics_demo_msgs/msg/pos_rot.hpp
[2.809s] -- Up-to-date: /home/dev_ws/src/install/unity_robotics_demo_msgs/include/unity_robotics_demo_msgs/msg/detail
[2.809s] -- Up-to-date: /home/dev_ws/src/install/unity_robotics_demo_msgs/include/unity_robotics_demo_msgs/msg/detail/pos_eyelids__traits.hpp
[2.809s] -- Up-to-date: /home/dev_ws/src/install/unity_robotics_demo_msgs/include/unity_robotics_demo_msgs/msg/detail/joints_to_target__builder.hpp
[2.810s] -- Up-to-date: /home/dev_ws/src/install/unity_robotics_demo_msgs/include/unity_robotics_demo_msgs/msg/detail/targets_reached__traits.hpp
[2.810s] -- Up-to-date: /home/dev_ws/src/install/unity_robotics_demo_msgs/include/unity_robotics_demo_msgs/msg/detail/targets_reached__struct.hpp
[2.810s] -- Up-to-date: /home/dev_ws/src/install/unity_robotics_demo_msgs/include/unity_robotics_demo_msgs/msg/detail/pos_rot__struct.hpp
[2.811s] -- Up-to-date: /home/dev_ws/src/install/unity_robotics_demo_msgs/include/unity_robotics_demo_msgs/msg/detail/audio__builder.hpp
[2.811s] -- Up-to-date: /home/dev_ws/src/install/unity_robotics_demo_msgs/include/unity_robotics_demo_msgs/msg/detail/unity_color__traits.hpp
[2.811s] -- Up-to-date: /home/dev_ws/src/install/unity_robotics_demo_msgs/include/unity_robotics_demo_msgs/msg/detail/targets_reached__builder.hpp
[2.811s] -- Up-to-date: /home/dev_ws/src/install/unity_robotics_demo_msgs/include/unity_robotics_demo_msgs/msg/detail/pos_eyelids__struct.hpp
[2.812s] -- Up-to-date: /home/dev_ws/src/install/unity_robotics_demo_msgs/include/unity_robotics_demo_msgs/msg/detail/pos_rot__traits.hpp
[2.812s] -- Up-to-date: /home/dev_ws/src/install/unity_robotics_demo_msgs/include/unity_robotics_demo_msgs/msg/detail/audio__struct.hpp
[2.812s] -- Up-to-date: /home/dev_ws/src/install/unity_robotics_demo_msgs/include/unity_robotics_demo_msgs/msg/detail/unity_color__builder.hpp
[2.812s] -- Up-to-date: /home/dev_ws/src/install/unity_robotics_demo_msgs/include/unity_robotics_demo_msgs/msg/detail/pos_eyelids__builder.hpp
[2.813s] -- Up-to-date: /home/dev_ws/src/install/unity_robotics_demo_msgs/include/unity_robotics_demo_msgs/msg/detail/unity_color__struct.hpp
[2.813s] -- Up-to-date: /home/dev_ws/src/install/unity_robotics_demo_msgs/include/unity_robotics_demo_msgs/msg/detail/pos_rot__builder.hpp
[2.813s] -- Up-to-date: /home/dev_ws/src/install/unity_robotics_demo_msgs/include/unity_robotics_demo_msgs/msg/detail/audio__traits.hpp
[2.813s] -- Up-to-date: /home/dev_ws/src/install/unity_robotics_demo_msgs/include/unity_robotics_demo_msgs/msg/detail/joints_to_target__traits.hpp
[2.814s] -- Up-to-date: /home/dev_ws/src/install/unity_robotics_demo_msgs/include/unity_robotics_demo_msgs/msg/detail/joints_to_target__struct.hpp
[2.814s] -- Up-to-date: /home/dev_ws/src/install/unity_robotics_demo_msgs/include/unity_robotics_demo_msgs/msg/pos_eyelids.hpp
[2.814s] -- Up-to-date: /home/dev_ws/src/install/unity_robotics_demo_msgs/include/unity_robotics_demo_msgs/msg/unity_color.hpp
[2.814s] -- Up-to-date: /home/dev_ws/src/install/unity_robotics_demo_msgs/include/unity_robotics_demo_msgs
[2.815s] -- Up-to-date: /home/dev_ws/src/install/unity_robotics_demo_msgs/include/unity_robotics_demo_msgs/srv
[2.816s] -- Up-to-date: /home/dev_ws/src/install/unity_robotics_demo_msgs/include/unity_robotics_demo_msgs/srv/detail
[2.816s] -- Up-to-date: /home/dev_ws/src/install/unity_robotics_demo_msgs/include/unity_robotics_demo_msgs/srv/detail/object_pose_service__type_support.cpp
[2.816s] -- Up-to-date: /home/dev_ws/src/install/unity_robotics_demo_msgs/include/unity_robotics_demo_msgs/srv/detail/position_service__type_support.cpp
[2.816s] -- Up-to-date: /home/dev_ws/src/install/unity_robotics_demo_msgs/include/unity_robotics_demo_msgs/srv/detail/object_pose_service__rosidl_typesupport_introspection_cpp.hpp
[2.816s] -- Up-to-date: /home/dev_ws/src/install/unity_robotics_demo_msgs/include/unity_robotics_demo_msgs/srv/detail/position_service__rosidl_typesupport_introspection_cpp.hpp
[2.817s] -- Up-to-date: /home/dev_ws/src/install/unity_robotics_demo_msgs/include/unity_robotics_demo_msgs/msg
[2.817s] -- Up-to-date: /home/dev_ws/src/install/unity_robotics_demo_msgs/include/unity_robotics_demo_msgs/msg/detail
[2.817s] -- Up-to-date: /home/dev_ws/src/install/unity_robotics_demo_msgs/include/unity_robotics_demo_msgs/msg/detail/pos_rot__type_support.cpp
[2.817s] -- Up-to-date: /home/dev_ws/src/install/unity_robotics_demo_msgs/include/unity_robotics_demo_msgs/msg/detail/targets_reached__type_support.cpp
[2.817s] -- Up-to-date: /home/dev_ws/src/install/unity_robotics_demo_msgs/include/unity_robotics_demo_msgs/msg/detail/pos_eyelids__rosidl_typesupport_introspection_cpp.hpp
[2.818s] -- Up-to-date: /home/dev_ws/src/install/unity_robotics_demo_msgs/include/unity_robotics_demo_msgs/msg/detail/targets_reached__rosidl_typesupport_introspection_cpp.hpp
[2.818s] -- Up-to-date: /home/dev_ws/src/install/unity_robotics_demo_msgs/include/unity_robotics_demo_msgs/msg/detail/unity_color__type_support.cpp
[2.818s] -- Up-to-date: /home/dev_ws/src/install/unity_robotics_demo_msgs/include/unity_robotics_demo_msgs/msg/detail/joints_to_target__type_support.cpp
[2.819s] -- Up-to-date: /home/dev_ws/src/install/unity_robotics_demo_msgs/include/unity_robotics_demo_msgs/msg/detail/joints_to_target__rosidl_typesupport_introspection_cpp.hpp
[2.819s] -- Up-to-date: /home/dev_ws/src/install/unity_robotics_demo_msgs/include/unity_robotics_demo_msgs/msg/detail/audio__rosidl_typesupport_introspection_cpp.hpp
[2.819s] -- Up-to-date: /home/dev_ws/src/install/unity_robotics_demo_msgs/include/unity_robotics_demo_msgs/msg/detail/pos_rot__rosidl_typesupport_introspection_cpp.hpp
[2.820s] -- Up-to-date: /home/dev_ws/src/install/unity_robotics_demo_msgs/include/unity_robotics_demo_msgs/msg/detail/pos_eyelids__type_support.cpp
[2.820s] -- Up-to-date: /home/dev_ws/src/install/unity_robotics_demo_msgs/include/unity_robotics_demo_msgs/msg/detail/unity_color__rosidl_typesupport_introspection_cpp.hpp
[2.820s] -- Up-to-date: /home/dev_ws/src/install/unity_robotics_demo_msgs/include/unity_robotics_demo_msgs/msg/detail/audio__type_support.cpp
[2.821s] -- Up-to-date: /home/dev_ws/src/install/unity_robotics_demo_msgs/lib/libunity_robotics_demo_msgs__rosidl_typesupport_introspection_cpp.so
[2.821s] -- Up-to-date: /home/dev_ws/src/install/unity_robotics_demo_msgs/lib/libunity_robotics_demo_msgs__rosidl_typesupport_cpp.so
[2.821s] -- Up-to-date: /home/dev_ws/src/install/unity_robotics_demo_msgs/share/unity_robotics_demo_msgs/environment/pythonpath.sh
[2.822s] -- Up-to-date: /home/dev_ws/src/install/unity_robotics_demo_msgs/share/unity_robotics_demo_msgs/environment/pythonpath.dsv
[2.822s] -- Up-to-date: /home/dev_ws/src/install/unity_robotics_demo_msgs/lib/python3.8/site-packages/unity_robotics_demo_msgs/__init__.py
[2.925s] -- Up-to-date: /home/dev_ws/src/install/unity_robotics_demo_msgs/lib/python3.8/site-packages/unity_robotics_demo_msgs/msg
[2.925s] -- Up-to-date: /home/dev_ws/src/install/unity_robotics_demo_msgs/lib/python3.8/site-packages/unity_robotics_demo_msgs/msg/_targets_reached_s.c
[2.926s] -- Up-to-date: /home/dev_ws/src/install/unity_robotics_demo_msgs/lib/python3.8/site-packages/unity_robotics_demo_msgs/msg/_unity_color.py
[2.926s] -- Up-to-date: /home/dev_ws/src/install/unity_robotics_demo_msgs/lib/python3.8/site-packages/unity_robotics_demo_msgs/msg/_targets_reached.py
[2.927s] -- Up-to-date: /home/dev_ws/src/install/unity_robotics_demo_msgs/lib/python3.8/site-packages/unity_robotics_demo_msgs/msg/_audio_s.c
[2.927s] -- Up-to-date: /home/dev_ws/src/install/unity_robotics_demo_msgs/lib/python3.8/site-packages/unity_robotics_demo_msgs/msg/_joints_to_target_s.c
[2.929s] -- Up-to-date: /home/dev_ws/src/install/unity_robotics_demo_msgs/lib/python3.8/site-packages/unity_robotics_demo_msgs/msg/_joints_to_target.py
[2.929s] -- Up-to-date: /home/dev_ws/src/install/unity_robotics_demo_msgs/lib/python3.8/site-packages/unity_robotics_demo_msgs/msg/_audio.py
[2.930s] -- Up-to-date: /home/dev_ws/src/install/unity_robotics_demo_msgs/lib/python3.8/site-packages/unity_robotics_demo_msgs/msg/_pos_eyelids_s.c
[2.930s] -- Up-to-date: /home/dev_ws/src/install/unity_robotics_demo_msgs/lib/python3.8/site-packages/unity_robotics_demo_msgs/msg/_pos_eyelids.py
[2.931s] -- Up-to-date: /home/dev_ws/src/install/unity_robotics_demo_msgs/lib/python3.8/site-packages/unity_robotics_demo_msgs/msg/_pos_rot.py
[2.931s] -- Up-to-date: /home/dev_ws/src/install/unity_robotics_demo_msgs/lib/python3.8/site-packages/unity_robotics_demo_msgs/msg/_unity_color_s.c
[2.931s] -- Up-to-date: /home/dev_ws/src/install/unity_robotics_demo_msgs/lib/python3.8/site-packages/unity_robotics_demo_msgs/msg/_pos_rot_s.c
[2.932s] -- Up-to-date: /home/dev_ws/src/install/unity_robotics_demo_msgs/lib/python3.8/site-packages/unity_robotics_demo_msgs/msg/__init__.py
[2.933s] -- Up-to-date: /home/dev_ws/src/install/unity_robotics_demo_msgs/lib/python3.8/site-packages/unity_robotics_demo_msgs/srv
[2.933s] -- Up-to-date: /home/dev_ws/src/install/unity_robotics_demo_msgs/lib/python3.8/site-packages/unity_robotics_demo_msgs/srv/_position_service.py
[2.934s] -- Up-to-date: /home/dev_ws/src/install/unity_robotics_demo_msgs/lib/python3.8/site-packages/unity_robotics_demo_msgs/srv/_object_pose_service_s.c
[2.934s] -- Up-to-date: /home/dev_ws/src/install/unity_robotics_demo_msgs/lib/python3.8/site-packages/unity_robotics_demo_msgs/srv/_position_service_s.c
[2.934s] -- Up-to-date: /home/dev_ws/src/install/unity_robotics_demo_msgs/lib/python3.8/site-packages/unity_robotics_demo_msgs/srv/__init__.py
[2.935s] -- Up-to-date: /home/dev_ws/src/install/unity_robotics_demo_msgs/lib/python3.8/site-packages/unity_robotics_demo_msgs/srv/_object_pose_service.py
[2.935s] -- Up-to-date: /home/dev_ws/src/install/unity_robotics_demo_msgs/lib/python3.8/site-packages/unity_robotics_demo_msgs/unity_robotics_demo_msgs_s__rosidl_typesupport_fastrtps_c.cpython-38-x86_64-linux-gnu.so
[2.936s] -- Up-to-date: /home/dev_ws/src/install/unity_robotics_demo_msgs/lib/python3.8/site-packages/unity_robotics_demo_msgs/unity_robotics_demo_msgs_s__rosidl_typesupport_introspection_c.cpython-38-x86_64-linux-gnu.so
[2.936s] -- Up-to-date: /home/dev_ws/src/install/unity_robotics_demo_msgs/lib/python3.8/site-packages/unity_robotics_demo_msgs/unity_robotics_demo_msgs_s__rosidl_typesupport_c.cpython-38-x86_64-linux-gnu.so
[2.936s] -- Up-to-date: /home/dev_ws/src/install/unity_robotics_demo_msgs/lib/libunity_robotics_demo_msgs__python.so
[2.937s] -- Up-to-date: /home/dev_ws/src/install/unity_robotics_demo_msgs/share/unity_robotics_demo_msgs/msg/TargetsReached.idl
[2.937s] -- Up-to-date: /home/dev_ws/src/install/unity_robotics_demo_msgs/share/unity_robotics_demo_msgs/msg/Audio.idl
[2.937s] -- Up-to-date: /home/dev_ws/src/install/unity_robotics_demo_msgs/share/unity_robotics_demo_msgs/msg/JointsToTarget.idl
[2.937s] -- Up-to-date: /home/dev_ws/src/install/unity_robotics_demo_msgs/share/unity_robotics_demo_msgs/msg/PosEyelids.idl
[2.938s] -- Up-to-date: /home/dev_ws/src/install/unity_robotics_demo_msgs/share/unity_robotics_demo_msgs/msg/PosRot.idl
[2.939s] -- Up-to-date: /home/dev_ws/src/install/unity_robotics_demo_msgs/share/unity_robotics_demo_msgs/msg/UnityColor.idl
[2.940s] -- Up-to-date: /home/dev_ws/src/install/unity_robotics_demo_msgs/share/unity_robotics_demo_msgs/srv/PositionService.idl
[2.940s] -- Up-to-date: /home/dev_ws/src/install/unity_robotics_demo_msgs/share/unity_robotics_demo_msgs/srv/ObjectPoseService.idl
[2.941s] -- Up-to-date: /home/dev_ws/src/install/unity_robotics_demo_msgs/share/unity_robotics_demo_msgs/msg/TargetsReached.msg
[2.942s] -- Up-to-date: /home/dev_ws/src/install/unity_robotics_demo_msgs/share/unity_robotics_demo_msgs/msg/Audio.msg
[2.942s] -- Up-to-date: /home/dev_ws/src/install/unity_robotics_demo_msgs/share/unity_robotics_demo_msgs/msg/JointsToTarget.msg
[2.943s] -- Up-to-date: /home/dev_ws/src/install/unity_robotics_demo_msgs/share/unity_robotics_demo_msgs/msg/PosEyelids.msg
[2.944s] -- Up-to-date: /home/dev_ws/src/install/unity_robotics_demo_msgs/share/unity_robotics_demo_msgs/msg/PosRot.msg
[2.945s] -- Up-to-date: /home/dev_ws/src/install/unity_robotics_demo_msgs/share/unity_robotics_demo_msgs/msg/UnityColor.msg
[2.946s] -- Up-to-date: /home/dev_ws/src/install/unity_robotics_demo_msgs/share/unity_robotics_demo_msgs/srv/PositionService.srv
[2.946s] -- Up-to-date: /home/dev_ws/src/install/unity_robotics_demo_msgs/share/unity_robotics_demo_msgs/srv/PositionService_Request.msg
[2.947s] -- Up-to-date: /home/dev_ws/src/install/unity_robotics_demo_msgs/share/unity_robotics_demo_msgs/srv/PositionService_Response.msg
[2.947s] -- Up-to-date: /home/dev_ws/src/install/unity_robotics_demo_msgs/share/unity_robotics_demo_msgs/srv/ObjectPoseService.srv
[2.950s] -- Up-to-date: /home/dev_ws/src/install/unity_robotics_demo_msgs/share/unity_robotics_demo_msgs/srv/ObjectPoseService_Request.msg
[2.950s] -- Up-to-date: /home/dev_ws/src/install/unity_robotics_demo_msgs/share/unity_robotics_demo_msgs/srv/ObjectPoseService_Response.msg
[2.951s] -- Up-to-date: /home/dev_ws/src/install/unity_robotics_demo_msgs/share/ament_index/resource_index/package_run_dependencies/unity_robotics_demo_msgs
[2.952s] -- Up-to-date: /home/dev_ws/src/install/unity_robotics_demo_msgs/share/ament_index/resource_index/parent_prefix_path/unity_robotics_demo_msgs
[2.952s] -- Up-to-date: /home/dev_ws/src/install/unity_robotics_demo_msgs/share/unity_robotics_demo_msgs/environment/ament_prefix_path.sh
[2.953s] -- Up-to-date: /home/dev_ws/src/install/unity_robotics_demo_msgs/share/unity_robotics_demo_msgs/environment/ament_prefix_path.dsv
[2.953s] -- Up-to-date: /home/dev_ws/src/install/unity_robotics_demo_msgs/share/unity_robotics_demo_msgs/environment/path.sh
[2.953s] -- Up-to-date: /home/dev_ws/src/install/unity_robotics_demo_msgs/share/unity_robotics_demo_msgs/environment/path.dsv
[2.958s] -- Up-to-date: /home/dev_ws/src/install/unity_robotics_demo_msgs/share/unity_robotics_demo_msgs/local_setup.bash
[2.964s] -- Up-to-date: /home/dev_ws/src/install/unity_robotics_demo_msgs/share/unity_robotics_demo_msgs/local_setup.sh
[2.965s] -- Up-to-date: /home/dev_ws/src/install/unity_robotics_demo_msgs/share/unity_robotics_demo_msgs/local_setup.zsh
[2.966s] -- Up-to-date: /home/dev_ws/src/install/unity_robotics_demo_msgs/share/unity_robotics_demo_msgs/local_setup.dsv
[2.967s] -- Installing: /home/dev_ws/src/install/unity_robotics_demo_msgs/share/unity_robotics_demo_msgs/package.dsv
[2.970s] -- Up-to-date: /home/dev_ws/src/install/unity_robotics_demo_msgs/share/ament_index/resource_index/packages/unity_robotics_demo_msgs
[2.971s] -- Up-to-date: /home/dev_ws/src/install/unity_robotics_demo_msgs/share/unity_robotics_demo_msgs/cmake/unity_robotics_demo_msgs__rosidl_generator_cExport.cmake
[2.971s] -- Up-to-date: /home/dev_ws/src/install/unity_robotics_demo_msgs/share/unity_robotics_demo_msgs/cmake/unity_robotics_demo_msgs__rosidl_generator_cExport-noconfig.cmake
[2.978s] -- Up-to-date: /home/dev_ws/src/install/unity_robotics_demo_msgs/share/unity_robotics_demo_msgs/cmake/unity_robotics_demo_msgs__rosidl_typesupport_introspection_cExport.cmake
[2.981s] -- Up-to-date: /home/dev_ws/src/install/unity_robotics_demo_msgs/share/unity_robotics_demo_msgs/cmake/unity_robotics_demo_msgs__rosidl_typesupport_introspection_cExport-noconfig.cmake
[2.983s] -- Up-to-date: /home/dev_ws/src/install/unity_robotics_demo_msgs/share/unity_robotics_demo_msgs/cmake/unity_robotics_demo_msgs__rosidl_typesupport_cExport.cmake
[2.984s] -- Up-to-date: /home/dev_ws/src/install/unity_robotics_demo_msgs/share/unity_robotics_demo_msgs/cmake/unity_robotics_demo_msgs__rosidl_typesupport_cExport-noconfig.cmake
[2.985s] -- Up-to-date: /home/dev_ws/src/install/unity_robotics_demo_msgs/share/unity_robotics_demo_msgs/cmake/unity_robotics_demo_msgs__rosidl_generator_cppExport.cmake
[2.986s] -- Up-to-date: /home/dev_ws/src/install/unity_robotics_demo_msgs/share/unity_robotics_demo_msgs/cmake/unity_robotics_demo_msgs__rosidl_typesupport_introspection_cppExport.cmake
[2.986s] -- Up-to-date: /home/dev_ws/src/install/unity_robotics_demo_msgs/share/unity_robotics_demo_msgs/cmake/unity_robotics_demo_msgs__rosidl_typesupport_introspection_cppExport-noconfig.cmake
[2.986s] -- Up-to-date: /home/dev_ws/src/install/unity_robotics_demo_msgs/share/unity_robotics_demo_msgs/cmake/unity_robotics_demo_msgs__rosidl_typesupport_cppExport.cmake
[2.987s] -- Up-to-date: /home/dev_ws/src/install/unity_robotics_demo_msgs/share/unity_robotics_demo_msgs/cmake/unity_robotics_demo_msgs__rosidl_typesupport_cppExport-noconfig.cmake
[2.987s] -- Up-to-date: /home/dev_ws/src/install/unity_robotics_demo_msgs/share/unity_robotics_demo_msgs/cmake/rosidl_cmake-extras.cmake
[2.987s] -- Up-to-date: /home/dev_ws/src/install/unity_robotics_demo_msgs/share/unity_robotics_demo_msgs/cmake/ament_cmake_export_dependencies-extras.cmake
[2.988s] -- Up-to-date: /home/dev_ws/src/install/unity_robotics_demo_msgs/share/unity_robotics_demo_msgs/cmake/ament_cmake_export_libraries-extras.cmake
[2.988s] -- Up-to-date: /home/dev_ws/src/install/unity_robotics_demo_msgs/share/unity_robotics_demo_msgs/cmake/ament_cmake_export_targets-extras.cmake
[2.988s] -- Up-to-date: /home/dev_ws/src/install/unity_robotics_demo_msgs/share/unity_robotics_demo_msgs/cmake/ament_cmake_export_include_directories-extras.cmake
[2.989s] -- Up-to-date: /home/dev_ws/src/install/unity_robotics_demo_msgs/share/unity_robotics_demo_msgs/cmake/rosidl_cmake_export_typesupport_libraries-extras.cmake
[2.989s] -- Up-to-date: /home/dev_ws/src/install/unity_robotics_demo_msgs/share/unity_robotics_demo_msgs/cmake/rosidl_cmake_export_typesupport_targets-extras.cmake
[2.989s] -- Up-to-date: /home/dev_ws/src/install/unity_robotics_demo_msgs/share/unity_robotics_demo_msgs/cmake/unity_robotics_demo_msgsConfig.cmake
[2.989s] -- Up-to-date: /home/dev_ws/src/install/unity_robotics_demo_msgs/share/unity_robotics_demo_msgs/cmake/unity_robotics_demo_msgsConfig-version.cmake
[2.990s] -- Up-to-date: /home/dev_ws/src/install/unity_robotics_demo_msgs/share/unity_robotics_demo_msgs/package.xml
[2.990s] Invoked command in '/home/dev_ws/src/build/unity_robotics_demo_msgs' returned '0': CMAKE_PREFIX_PATH=${CMAKE_PREFIX_PATH}:/home/dev_ws/install/manipulation:/home/dev_ws/src/install/vision:/home/dev_ws/src/install/utils:/home/dev_ws/src/install/unity_robotics_demo:/home/dev_ws/src/install/ros_tcp_endpoint:/home/dev_ws/src/install/manipulation:/home/dev_ws/src/install/face_controller:/home/dev_ws/src/install/audio:/opt/ros/foxy:/home/dev_ws/install/vision:/home/dev_ws/install/utils:/home/dev_ws/install/unity_robotics_demo:/home/dev_ws/install/ros_tcp_endpoint:/home/dev_ws/install/face_controller:/home/dev_ws/install/audio /usr/bin/cmake --install /home/dev_ws/src/build/unity_robotics_demo_msgs
