[4.983s] Invoking command in '/home/dev_ws/src/manipulation': PYTHONPATH=/home/dev_ws/install/manipulation/lib/python3.8/site-packages:${PYTHONPATH} /usr/bin/python3 setup.py egg_info --egg-base ../../build/manipulation build --build-base /home/dev_ws/build/manipulation/build install --prefix /home/dev_ws/install/manipulation --record /home/dev_ws/build/manipulation/install.log --single-version-externally-managed
[5.802s] running egg_info
[5.805s] writing ../../build/manipulation/manipulation.egg-info/PKG-INFO
[5.805s] writing dependency_links to ../../build/manipulation/manipulation.egg-info/dependency_links.txt
[5.807s] writing entry points to ../../build/manipulation/manipulation.egg-info/entry_points.txt
[5.808s] writing requirements to ../../build/manipulation/manipulation.egg-info/requires.txt
[5.808s] writing top-level names to ../../build/manipulation/manipulation.egg-info/top_level.txt
[5.934s] reading manifest file '../../build/manipulation/manipulation.egg-info/SOURCES.txt'
[5.939s] writing manifest file '../../build/manipulation/manipulation.egg-info/SOURCES.txt'
[5.940s] running build
[5.940s] running build_py
[5.941s] running install
[5.942s] running install_lib
[5.947s] running install_data
[5.948s] running install_egg_info
[5.954s] removing '/home/dev_ws/install/manipulation/lib/python3.8/site-packages/manipulation-0.0.0-py3.8.egg-info' (and everything under it)
[5.956s] Copying ../../build/manipulation/manipulation.egg-info to /home/dev_ws/install/manipulation/lib/python3.8/site-packages/manipulation-0.0.0-py3.8.egg-info
[5.960s] running install_scripts
[6.042s] Installing grab_object script to /home/dev_ws/install/manipulation/lib/manipulation
[6.043s] writing list of installed files to '/home/dev_ws/build/manipulation/install.log'
[6.231s] Invoked command in '/home/dev_ws/src/manipulation' returned '0': PYTHONPATH=/home/dev_ws/install/manipulation/lib/python3.8/site-packages:${PYTHONPATH} /usr/bin/python3 setup.py egg_info --egg-base ../../build/manipulation build --build-base /home/dev_ws/build/manipulation/build install --prefix /home/dev_ws/install/manipulation --record /home/dev_ws/build/manipulation/install.log --single-version-externally-managed
