[2.042s] Invoking command in '/home/dev_ws/src/utils': PYTHONPATH=/home/dev_ws/install/utils/lib/python3.8/site-packages:${PYTHONPATH} /usr/bin/python3 setup.py egg_info --egg-base ../../build/utils build --build-base /home/dev_ws/build/utils/build install --prefix /home/dev_ws/install/utils --record /home/dev_ws/build/utils/install.log --single-version-externally-managed
[2.378s] running egg_info
[2.379s] writing ../../build/utils/utils.egg-info/PKG-INFO
[2.379s] writing dependency_links to ../../build/utils/utils.egg-info/dependency_links.txt
[2.380s] writing entry points to ../../build/utils/utils.egg-info/entry_points.txt
[2.380s] writing requirements to ../../build/utils/utils.egg-info/requires.txt
[2.380s] writing top-level names to ../../build/utils/utils.egg-info/top_level.txt
[2.452s] reading manifest file '../../build/utils/utils.egg-info/SOURCES.txt'
[2.454s] writing manifest file '../../build/utils/utils.egg-info/SOURCES.txt'
[2.454s] running build
[2.454s] running build_py
[2.454s] running install
[2.456s] running install_lib
[2.459s] running install_data
[2.461s] running install_egg_info
[2.463s] removing '/home/dev_ws/install/utils/lib/python3.8/site-packages/utils-0.0.0-py3.8.egg-info' (and everything under it)
[2.463s] Copying ../../build/utils/utils.egg-info to /home/dev_ws/install/utils/lib/python3.8/site-packages/utils-0.0.0-py3.8.egg-info
[2.465s] running install_scripts
[2.500s] Installing utils script to /home/dev_ws/install/utils/lib/utils
[2.501s] writing list of installed files to '/home/dev_ws/build/utils/install.log'
[2.631s] Invoked command in '/home/dev_ws/src/utils' returned '0': PYTHONPATH=/home/dev_ws/install/utils/lib/python3.8/site-packages:${PYTHONPATH} /usr/bin/python3 setup.py egg_info --egg-base ../../build/utils build --build-base /home/dev_ws/build/utils/build install --prefix /home/dev_ws/install/utils --record /home/dev_ws/build/utils/install.log --single-version-externally-managed
