[2.652s] Invoking command in '/home/dev_ws/src/vision': PYTHONPATH=/home/dev_ws/install/vision/lib/python3.8/site-packages:${PYTHONPATH} /usr/bin/python3 setup.py egg_info --egg-base ../../build/vision build --build-base /home/dev_ws/build/vision/build install --prefix /home/dev_ws/install/vision --record /home/dev_ws/build/vision/install.log --single-version-externally-managed
[3.068s] running egg_info
[3.069s] writing ../../build/vision/vision.egg-info/PKG-INFO
[3.070s] writing dependency_links to ../../build/vision/vision.egg-info/dependency_links.txt
[3.070s] writing entry points to ../../build/vision/vision.egg-info/entry_points.txt
[3.071s] writing requirements to ../../build/vision/vision.egg-info/requires.txt
[3.071s] writing top-level names to ../../build/vision/vision.egg-info/top_level.txt
[3.170s] reading manifest file '../../build/vision/vision.egg-info/SOURCES.txt'
[3.175s] writing manifest file '../../build/vision/vision.egg-info/SOURCES.txt'
[3.176s] running build
[3.181s] running build_py
[3.184s] copying vision/face_recognizer.py -> /home/dev_ws/build/vision/build/lib/vision
[3.186s] running install
[3.190s] running install_lib
[3.191s] copying /home/dev_ws/build/vision/build/lib/vision/face_recognizer.py -> /home/dev_ws/install/vision/lib/python3.8/site-packages/vision
[3.193s] byte-compiling /home/dev_ws/install/vision/lib/python3.8/site-packages/vision/face_recognizer.py to face_recognizer.cpython-38.pyc
[3.195s] running install_data
[3.195s] running install_egg_info
[3.198s] removing '/home/dev_ws/install/vision/lib/python3.8/site-packages/vision-0.0.0-py3.8.egg-info' (and everything under it)
[3.203s] Copying ../../build/vision/vision.egg-info to /home/dev_ws/install/vision/lib/python3.8/site-packages/vision-0.0.0-py3.8.egg-info
[3.205s] running install_scripts
[3.249s] Installing color_detector script to /home/dev_ws/install/vision/lib/vision
[3.251s] Installing face_detector script to /home/dev_ws/install/vision/lib/vision
[3.252s] Installing face_recognizer script to /home/dev_ws/install/vision/lib/vision
[3.253s] Installing facial_expression_detector script to /home/dev_ws/install/vision/lib/vision
[3.254s] writing list of installed files to '/home/dev_ws/build/vision/install.log'
[3.320s] Invoked command in '/home/dev_ws/src/vision' returned '0': PYTHONPATH=/home/dev_ws/install/vision/lib/python3.8/site-packages:${PYTHONPATH} /usr/bin/python3 setup.py egg_info --egg-base ../../build/vision build --build-base /home/dev_ws/build/vision/build install --prefix /home/dev_ws/install/vision --record /home/dev_ws/build/vision/install.log --single-version-externally-managed
