[2.391s] Invoking command in '/home/dev_ws/src/face_controller': PYTHONPATH=/home/dev_ws/install/face_controller/lib/python3.8/site-packages:${PYTHONPATH} /usr/bin/python3 setup.py egg_info --egg-base ../../build/face_controller build --build-base /home/dev_ws/build/face_controller/build install --prefix /home/dev_ws/install/face_controller --record /home/dev_ws/build/face_controller/install.log --single-version-externally-managed
[2.722s] running egg_info
[2.723s] writing ../../build/face_controller/face_controller.egg-info/PKG-INFO
[2.723s] writing dependency_links to ../../build/face_controller/face_controller.egg-info/dependency_links.txt
[2.724s] writing entry points to ../../build/face_controller/face_controller.egg-info/entry_points.txt
[2.725s] writing requirements to ../../build/face_controller/face_controller.egg-info/requires.txt
[2.725s] writing top-level names to ../../build/face_controller/face_controller.egg-info/top_level.txt
[2.806s] reading manifest file '../../build/face_controller/face_controller.egg-info/SOURCES.txt'
[2.808s] writing manifest file '../../build/face_controller/face_controller.egg-info/SOURCES.txt'
[2.808s] running build
[2.808s] running build_py
[2.809s] running install
[2.810s] running install_lib
[2.814s] running install_data
[2.815s] running install_egg_info
[2.819s] removing '/home/dev_ws/install/face_controller/lib/python3.8/site-packages/face_controller-0.0.0-py3.8.egg-info' (and everything under it)
[2.819s] Copying ../../build/face_controller/face_controller.egg-info to /home/dev_ws/install/face_controller/lib/python3.8/site-packages/face_controller-0.0.0-py3.8.egg-info
[2.822s] running install_scripts
[2.874s] Installing facial_expression script to /home/dev_ws/install/face_controller/lib/face_controller
[2.874s] writing list of installed files to '/home/dev_ws/build/face_controller/install.log'
[2.987s] Invoked command in '/home/dev_ws/src/face_controller' returned '0': PYTHONPATH=/home/dev_ws/install/face_controller/lib/python3.8/site-packages:${PYTHONPATH} /usr/bin/python3 setup.py egg_info --egg-base ../../build/face_controller build --build-base /home/dev_ws/build/face_controller/build install --prefix /home/dev_ws/install/face_controller --record /home/dev_ws/build/face_controller/install.log --single-version-externally-managed
