[5.971s] Invoking command in '/home/dev_ws/src/audio': PYTHONPATH=/home/dev_ws/install/audio/lib/python3.8/site-packages:${PYTHONPATH} /usr/bin/python3 setup.py egg_info --egg-base ../../build/audio build --build-base /home/dev_ws/build/audio/build install --prefix /home/dev_ws/install/audio --record /home/dev_ws/build/audio/install.log --single-version-externally-managed
[7.043s] running egg_info
[7.050s] writing ../../build/audio/audio.egg-info/PKG-INFO
[7.054s] writing dependency_links to ../../build/audio/audio.egg-info/dependency_links.txt
[7.054s] writing entry points to ../../build/audio/audio.egg-info/entry_points.txt
[7.055s] writing requirements to ../../build/audio/audio.egg-info/requires.txt
[7.055s] writing top-level names to ../../build/audio/audio.egg-info/top_level.txt
[7.258s] reading manifest file '../../build/audio/audio.egg-info/SOURCES.txt'
[7.269s] writing manifest file '../../build/audio/audio.egg-info/SOURCES.txt'
[7.269s] running build
[7.270s] running build_py
[7.271s] copying audio/send_audio.py -> /home/dev_ws/build/audio/build/lib/audio
[7.271s] running install
[7.274s] running install_lib
[7.280s] copying /home/dev_ws/build/audio/build/lib/audio/send_audio.py -> /home/dev_ws/install/audio/lib/python3.8/site-packages/audio
[7.282s] byte-compiling /home/dev_ws/install/audio/lib/python3.8/site-packages/audio/send_audio.py to send_audio.cpython-38.pyc
[7.286s] running install_data
[7.290s] running install_egg_info
[7.305s] removing '/home/dev_ws/install/audio/lib/python3.8/site-packages/audio-0.0.0-py3.8.egg-info' (and everything under it)
[7.305s] Copying ../../build/audio/audio.egg-info to /home/dev_ws/install/audio/lib/python3.8/site-packages/audio-0.0.0-py3.8.egg-info
[7.306s] running install_scripts
[7.416s] Installing send_audio script to /home/dev_ws/install/audio/lib/audio
[7.417s] Installing speech_to_text script to /home/dev_ws/install/audio/lib/audio
[7.417s] writing list of installed files to '/home/dev_ws/build/audio/install.log'
[7.598s] Invoked command in '/home/dev_ws/src/audio' returned '0': PYTHONPATH=/home/dev_ws/install/audio/lib/python3.8/site-packages:${PYTHONPATH} /usr/bin/python3 setup.py egg_info --egg-base ../../build/audio build --build-base /home/dev_ws/build/audio/build install --prefix /home/dev_ws/install/audio --record /home/dev_ws/build/audio/install.log --single-version-externally-managed
