[2.290s] Invoking command in '/home/jubileo/src/unity_robotics_demo': PYTHONPATH=/home/jubileo/install/unity_robotics_demo/lib/python3.8/site-packages:${PYTHONPATH} /usr/bin/python3 setup.py egg_info --egg-base ../../build/unity_robotics_demo build --build-base /home/jubileo/build/unity_robotics_demo/build install --prefix /home/jubileo/install/unity_robotics_demo --record /home/jubileo/build/unity_robotics_demo/install.log --single-version-externally-managed
[2.612s] running egg_info
[2.613s] writing ../../build/unity_robotics_demo/unity_robotics_demo.egg-info/PKG-INFO
[2.614s] writing dependency_links to ../../build/unity_robotics_demo/unity_robotics_demo.egg-info/dependency_links.txt
[2.614s] writing entry points to ../../build/unity_robotics_demo/unity_robotics_demo.egg-info/entry_points.txt
[2.614s] writing requirements to ../../build/unity_robotics_demo/unity_robotics_demo.egg-info/requires.txt
[2.615s] writing top-level names to ../../build/unity_robotics_demo/unity_robotics_demo.egg-info/top_level.txt
[2.699s] reading manifest file '../../build/unity_robotics_demo/unity_robotics_demo.egg-info/SOURCES.txt'
[2.702s] writing manifest file '../../build/unity_robotics_demo/unity_robotics_demo.egg-info/SOURCES.txt'
[2.703s] running build
[2.703s] running build_py
[2.703s] running install
[2.710s] running install_lib
[2.716s] running install_data
[2.716s] running install_egg_info
[2.719s] removing '/home/jubileo/install/unity_robotics_demo/lib/python3.8/site-packages/unity_robotics_demo-0.0.1-py3.8.egg-info' (and everything under it)
[2.722s] Copying ../../build/unity_robotics_demo/unity_robotics_demo.egg-info to /home/jubileo/install/unity_robotics_demo/lib/python3.8/site-packages/unity_robotics_demo-0.0.1-py3.8.egg-info
[2.729s] running install_scripts
[2.779s] Installing color_publisher script to /home/jubileo/install/unity_robotics_demo/lib/unity_robotics_demo
[2.779s] Installing position_service script to /home/jubileo/install/unity_robotics_demo/lib/unity_robotics_demo
[2.781s] writing list of installed files to '/home/jubileo/build/unity_robotics_demo/install.log'
[2.951s] Invoked command in '/home/jubileo/src/unity_robotics_demo' returned '0': PYTHONPATH=/home/jubileo/install/unity_robotics_demo/lib/python3.8/site-packages:${PYTHONPATH} /usr/bin/python3 setup.py egg_info --egg-base ../../build/unity_robotics_demo build --build-base /home/jubileo/build/unity_robotics_demo/build install --prefix /home/jubileo/install/unity_robotics_demo --record /home/jubileo/build/unity_robotics_demo/install.log --single-version-externally-managed
