[6.234s] Invoking command in '/home/dev_ws/src/face_controller': PYTHONPATH=/home/dev_ws/src/install/face_controller/lib/python3.8/site-packages:${PYTHONPATH} /usr/bin/python3 setup.py egg_info --egg-base ../build/face_controller build --build-base /home/dev_ws/src/build/face_controller/build install --prefix /home/dev_ws/src/install/face_controller --record /home/dev_ws/src/build/face_controller/install.log --single-version-externally-managed
[7.473s] running egg_info
[7.479s] writing ../build/face_controller/face_controller.egg-info/PKG-INFO
[7.482s] writing dependency_links to ../build/face_controller/face_controller.egg-info/dependency_links.txt
[7.485s] writing entry points to ../build/face_controller/face_controller.egg-info/entry_points.txt
[7.486s] writing requirements to ../build/face_controller/face_controller.egg-info/requires.txt
[7.486s] writing top-level names to ../build/face_controller/face_controller.egg-info/top_level.txt
[7.698s] reading manifest file '../build/face_controller/face_controller.egg-info/SOURCES.txt'
[7.712s] writing manifest file '../build/face_controller/face_controller.egg-info/SOURCES.txt'
[7.714s] running build
[7.714s] running build_py
[7.715s] running install
[7.716s] running install_lib
[7.720s] running install_data
[7.723s] running install_egg_info
[7.727s] removing '/home/dev_ws/src/install/face_controller/lib/python3.8/site-packages/face_controller-0.0.0-py3.8.egg-info' (and everything under it)
[7.731s] Copying ../build/face_controller/face_controller.egg-info to /home/dev_ws/src/install/face_controller/lib/python3.8/site-packages/face_controller-0.0.0-py3.8.egg-info
[7.747s] running install_scripts
[7.854s] Installing facial_expression script to /home/dev_ws/src/install/face_controller/lib/face_controller
[7.865s] writing list of installed files to '/home/dev_ws/src/build/face_controller/install.log'
[8.210s] Invoked command in '/home/dev_ws/src/face_controller' returned '0': PYTHONPATH=/home/dev_ws/src/install/face_controller/lib/python3.8/site-packages:${PYTHONPATH} /usr/bin/python3 setup.py egg_info --egg-base ../build/face_controller build --build-base /home/dev_ws/src/build/face_controller/build install --prefix /home/dev_ws/src/install/face_controller --record /home/dev_ws/src/build/face_controller/install.log --single-version-externally-managed
