[3.416s] Invoking command in '/home/dev_ws/src/manipulation': PYTHONPATH=/home/dev_ws/install/manipulation/lib/python3.8/site-packages:${PYTHONPATH} /usr/bin/python3 setup.py egg_info --egg-base ../../build/manipulation build --build-base /home/dev_ws/build/manipulation/build install --prefix /home/dev_ws/install/manipulation --record /home/dev_ws/build/manipulation/install.log --single-version-externally-managed
[3.989s] running egg_info
[3.991s] writing ../../build/manipulation/manipulation.egg-info/PKG-INFO
[3.992s] writing dependency_links to ../../build/manipulation/manipulation.egg-info/dependency_links.txt
[3.993s] writing entry points to ../../build/manipulation/manipulation.egg-info/entry_points.txt
[3.993s] writing requirements to ../../build/manipulation/manipulation.egg-info/requires.txt
[3.994s] writing top-level names to ../../build/manipulation/manipulation.egg-info/top_level.txt
[4.098s] reading manifest file '../../build/manipulation/manipulation.egg-info/SOURCES.txt'
[4.100s] writing manifest file '../../build/manipulation/manipulation.egg-info/SOURCES.txt'
[4.100s] running build
[4.101s] running build_py
[4.102s] copying manipulation/grab_object.py -> /home/dev_ws/build/manipulation/build/lib/manipulation
[4.103s] running install
[4.104s] running install_lib
[4.105s] copying /home/dev_ws/build/manipulation/build/lib/manipulation/grab_object.py -> /home/dev_ws/install/manipulation/lib/python3.8/site-packages/manipulation
[4.108s] byte-compiling /home/dev_ws/install/manipulation/lib/python3.8/site-packages/manipulation/grab_object.py to grab_object.cpython-38.pyc
[4.117s] running install_data
[4.118s] running install_egg_info
[4.125s] removing '/home/dev_ws/install/manipulation/lib/python3.8/site-packages/manipulation-0.0.0-py3.8.egg-info' (and everything under it)
[4.126s] Copying ../../build/manipulation/manipulation.egg-info to /home/dev_ws/install/manipulation/lib/python3.8/site-packages/manipulation-0.0.0-py3.8.egg-info
[4.127s] running install_scripts
[4.178s] Installing grab_object script to /home/dev_ws/install/manipulation/lib/manipulation
[4.180s] writing list of installed files to '/home/dev_ws/build/manipulation/install.log'
[4.322s] Invoked command in '/home/dev_ws/src/manipulation' returned '0': PYTHONPATH=/home/dev_ws/install/manipulation/lib/python3.8/site-packages:${PYTHONPATH} /usr/bin/python3 setup.py egg_info --egg-base ../../build/manipulation build --build-base /home/dev_ws/build/manipulation/build install --prefix /home/dev_ws/install/manipulation --record /home/dev_ws/build/manipulation/install.log --single-version-externally-managed
