[2.795s] Invoking command in '/home/dev_ws/src/utils': PYTHONPATH=/home/dev_ws/install/utils/lib/python3.8/site-packages:${PYTHONPATH} /usr/bin/python3 setup.py egg_info --egg-base ../../build/utils build --build-base /home/dev_ws/build/utils/build install --prefix /home/dev_ws/install/utils --record /home/dev_ws/build/utils/install.log --single-version-externally-managed
[3.294s] running egg_info
[3.295s] writing ../../build/utils/utils.egg-info/PKG-INFO
[3.296s] writing dependency_links to ../../build/utils/utils.egg-info/dependency_links.txt
[3.297s] writing entry points to ../../build/utils/utils.egg-info/entry_points.txt
[3.297s] writing requirements to ../../build/utils/utils.egg-info/requires.txt
[3.298s] writing top-level names to ../../build/utils/utils.egg-info/top_level.txt
[3.418s] reading manifest file '../../build/utils/utils.egg-info/SOURCES.txt'
[3.423s] writing manifest file '../../build/utils/utils.egg-info/SOURCES.txt'
[3.424s] running build
[3.424s] running build_py
[3.425s] running install
[3.425s] running install_lib
[3.431s] running install_data
[3.433s] running install_egg_info
[3.438s] removing '/home/dev_ws/install/utils/lib/python3.8/site-packages/utils-0.0.0-py3.8.egg-info' (and everything under it)
[3.439s] Copying ../../build/utils/utils.egg-info to /home/dev_ws/install/utils/lib/python3.8/site-packages/utils-0.0.0-py3.8.egg-info
[3.447s] running install_scripts
[3.513s] Installing utils script to /home/dev_ws/install/utils/lib/utils
[3.515s] writing list of installed files to '/home/dev_ws/build/utils/install.log'
[3.698s] Invoked command in '/home/dev_ws/src/utils' returned '0': PYTHONPATH=/home/dev_ws/install/utils/lib/python3.8/site-packages:${PYTHONPATH} /usr/bin/python3 setup.py egg_info --egg-base ../../build/utils build --build-base /home/dev_ws/build/utils/build install --prefix /home/dev_ws/install/utils --record /home/dev_ws/build/utils/install.log --single-version-externally-managed
