[1.374s] Invoking command in '/home/dev_ws/src/face_controller': PYTHONPATH=/home/dev_ws/install/face_controller/lib/python3.8/site-packages:${PYTHONPATH} /usr/bin/python3 setup.py egg_info --egg-base ../../build/face_controller build --build-base /home/dev_ws/build/face_controller/build install --prefix /home/dev_ws/install/face_controller --record /home/dev_ws/build/face_controller/install.log --single-version-externally-managed
[1.756s] running egg_info
[1.759s] writing ../../build/face_controller/face_controller.egg-info/PKG-INFO
[1.760s] writing dependency_links to ../../build/face_controller/face_controller.egg-info/dependency_links.txt
[1.762s] writing entry points to ../../build/face_controller/face_controller.egg-info/entry_points.txt
[1.764s] writing requirements to ../../build/face_controller/face_controller.egg-info/requires.txt
[1.764s] writing top-level names to ../../build/face_controller/face_controller.egg-info/top_level.txt
[1.914s] reading manifest file '../../build/face_controller/face_controller.egg-info/SOURCES.txt'
[1.917s] writing manifest file '../../build/face_controller/face_controller.egg-info/SOURCES.txt'
[1.917s] running build
[1.918s] running build_py
[1.920s] copying face_controller/facial_expression.py -> /home/dev_ws/build/face_controller/build/lib/face_controller
[1.921s] running install
[1.923s] running install_lib
[1.926s] copying /home/dev_ws/build/face_controller/build/lib/face_controller/facial_expression.py -> /home/dev_ws/install/face_controller/lib/python3.8/site-packages/face_controller
[1.927s] byte-compiling /home/dev_ws/install/face_controller/lib/python3.8/site-packages/face_controller/facial_expression.py to facial_expression.cpython-38.pyc
[1.933s] running install_data
[1.937s] running install_egg_info
[1.939s] removing '/home/dev_ws/install/face_controller/lib/python3.8/site-packages/face_controller-0.0.0-py3.8.egg-info' (and everything under it)
[1.941s] Copying ../../build/face_controller/face_controller.egg-info to /home/dev_ws/install/face_controller/lib/python3.8/site-packages/face_controller-0.0.0-py3.8.egg-info
[1.942s] running install_scripts
[1.985s] Installing facial_expression script to /home/dev_ws/install/face_controller/lib/face_controller
[1.986s] writing list of installed files to '/home/dev_ws/build/face_controller/install.log'
[2.102s] Invoked command in '/home/dev_ws/src/face_controller' returned '0': PYTHONPATH=/home/dev_ws/install/face_controller/lib/python3.8/site-packages:${PYTHONPATH} /usr/bin/python3 setup.py egg_info --egg-base ../../build/face_controller build --build-base /home/dev_ws/build/face_controller/build install --prefix /home/dev_ws/install/face_controller --record /home/dev_ws/build/face_controller/install.log --single-version-externally-managed
