[1.308s] Invoking command in '/home/dev_ws/src/face_controller': PYTHONPATH=/home/dev_ws/install/face_controller/lib/python3.8/site-packages:${PYTHONPATH} /usr/bin/python3 setup.py egg_info --egg-base ../../build/face_controller build --build-base /home/dev_ws/build/face_controller/build install --prefix /home/dev_ws/install/face_controller --record /home/dev_ws/build/face_controller/install.log --single-version-externally-managed
[1.557s] running egg_info
[1.557s] writing ../../build/face_controller/face_controller.egg-info/PKG-INFO
[1.558s] writing dependency_links to ../../build/face_controller/face_controller.egg-info/dependency_links.txt
[1.558s] writing entry points to ../../build/face_controller/face_controller.egg-info/entry_points.txt
[1.558s] writing requirements to ../../build/face_controller/face_controller.egg-info/requires.txt
[1.559s] writing top-level names to ../../build/face_controller/face_controller.egg-info/top_level.txt
[1.625s] reading manifest file '../../build/face_controller/face_controller.egg-info/SOURCES.txt'
[1.628s] writing manifest file '../../build/face_controller/face_controller.egg-info/SOURCES.txt'
[1.629s] running build
[1.629s] running build_py
[1.629s] running install
[1.630s] running install_lib
[1.632s] running install_data
[1.633s] running install_egg_info
[1.635s] removing '/home/dev_ws/install/face_controller/lib/python3.8/site-packages/face_controller-0.0.0-py3.8.egg-info' (and everything under it)
[1.635s] Copying ../../build/face_controller/face_controller.egg-info to /home/dev_ws/install/face_controller/lib/python3.8/site-packages/face_controller-0.0.0-py3.8.egg-info
[1.637s] running install_scripts
[1.663s] Installing facial_expression script to /home/dev_ws/install/face_controller/lib/face_controller
[1.664s] writing list of installed files to '/home/dev_ws/build/face_controller/install.log'
[1.702s] Invoked command in '/home/dev_ws/src/face_controller' returned '0': PYTHONPATH=/home/dev_ws/install/face_controller/lib/python3.8/site-packages:${PYTHONPATH} /usr/bin/python3 setup.py egg_info --egg-base ../../build/face_controller build --build-base /home/dev_ws/build/face_controller/build install --prefix /home/dev_ws/install/face_controller --record /home/dev_ws/build/face_controller/install.log --single-version-externally-managed
