[2.218s] Invoking command in '/home/jubileo/src/vision': PYTHONPATH=/home/jubileo/install/vision/lib/python3.8/site-packages:${PYTHONPATH} /usr/bin/python3 setup.py egg_info --egg-base ../../build/vision build --build-base /home/jubileo/build/vision/build install --prefix /home/jubileo/install/vision --record /home/jubileo/build/vision/install.log --single-version-externally-managed
[2.525s] running egg_info
[2.526s] writing ../../build/vision/vision.egg-info/PKG-INFO
[2.526s] writing dependency_links to ../../build/vision/vision.egg-info/dependency_links.txt
[2.527s] writing entry points to ../../build/vision/vision.egg-info/entry_points.txt
[2.527s] writing requirements to ../../build/vision/vision.egg-info/requires.txt
[2.527s] writing top-level names to ../../build/vision/vision.egg-info/top_level.txt
[2.605s] reading manifest file '../../build/vision/vision.egg-info/SOURCES.txt'
[2.607s] writing manifest file '../../build/vision/vision.egg-info/SOURCES.txt'
[2.608s] running build
[2.608s] running build_py
[2.608s] running install
[2.611s] running install_lib
[2.614s] running install_data
[2.615s] running install_egg_info
[2.618s] removing '/home/jubileo/install/vision/lib/python3.8/site-packages/vision-0.0.0-py3.8.egg-info' (and everything under it)
[2.620s] Copying ../../build/vision/vision.egg-info to /home/jubileo/install/vision/lib/python3.8/site-packages/vision-0.0.0-py3.8.egg-info
[2.624s] running install_scripts
[2.680s] Installing color_detector script to /home/jubileo/install/vision/lib/vision
[2.680s] Installing face_detector script to /home/jubileo/install/vision/lib/vision
[2.680s] Installing face_recognizer script to /home/jubileo/install/vision/lib/vision
[2.680s] Installing facial_expression_detector script to /home/jubileo/install/vision/lib/vision
[2.681s] writing list of installed files to '/home/jubileo/build/vision/install.log'
[2.787s] Invoked command in '/home/jubileo/src/vision' returned '0': PYTHONPATH=/home/jubileo/install/vision/lib/python3.8/site-packages:${PYTHONPATH} /usr/bin/python3 setup.py egg_info --egg-base ../../build/vision build --build-base /home/jubileo/build/vision/build install --prefix /home/jubileo/install/vision --record /home/jubileo/build/vision/install.log --single-version-externally-managed
