[2.331s] Invoking command in '/home/dev_ws/src/manipulation': PYTHONPATH=/home/dev_ws/install/manipulation/lib/python3.8/site-packages:${PYTHONPATH} /usr/bin/python3 setup.py egg_info --egg-base ../../build/manipulation build --build-base /home/dev_ws/build/manipulation/build install --prefix /home/dev_ws/install/manipulation --record /home/dev_ws/build/manipulation/install.log --single-version-externally-managed
[2.711s] running egg_info
[2.712s] writing ../../build/manipulation/manipulation.egg-info/PKG-INFO
[2.712s] writing dependency_links to ../../build/manipulation/manipulation.egg-info/dependency_links.txt
[2.713s] writing entry points to ../../build/manipulation/manipulation.egg-info/entry_points.txt
[2.713s] writing requirements to ../../build/manipulation/manipulation.egg-info/requires.txt
[2.713s] writing top-level names to ../../build/manipulation/manipulation.egg-info/top_level.txt
[2.787s] reading manifest file '../../build/manipulation/manipulation.egg-info/SOURCES.txt'
[2.789s] writing manifest file '../../build/manipulation/manipulation.egg-info/SOURCES.txt'
[2.790s] running build
[2.791s] running build_py
[2.792s] running install
[2.793s] running install_lib
[2.796s] running install_data
[2.798s] running install_egg_info
[2.801s] removing '/home/dev_ws/install/manipulation/lib/python3.8/site-packages/manipulation-0.0.0-py3.8.egg-info' (and everything under it)
[2.802s] Copying ../../build/manipulation/manipulation.egg-info to /home/dev_ws/install/manipulation/lib/python3.8/site-packages/manipulation-0.0.0-py3.8.egg-info
[2.804s] running install_scripts
[2.848s] Installing grab_object script to /home/dev_ws/install/manipulation/lib/manipulation
[2.849s] writing list of installed files to '/home/dev_ws/build/manipulation/install.log'
[2.948s] Invoked command in '/home/dev_ws/src/manipulation' returned '0': PYTHONPATH=/home/dev_ws/install/manipulation/lib/python3.8/site-packages:${PYTHONPATH} /usr/bin/python3 setup.py egg_info --egg-base ../../build/manipulation build --build-base /home/dev_ws/build/manipulation/build install --prefix /home/dev_ws/install/manipulation --record /home/dev_ws/build/manipulation/install.log --single-version-externally-managed
