[3.021s] Invoking command in '/home/dev_ws/src/ros_tcp_endpoint': PYTHONPATH=/home/dev_ws/install/ros_tcp_endpoint/lib/python3.8/site-packages:${PYTHONPATH} /usr/bin/python3 setup.py egg_info --egg-base ../../build/ros_tcp_endpoint build --build-base /home/dev_ws/build/ros_tcp_endpoint/build install --prefix /home/dev_ws/install/ros_tcp_endpoint --record /home/dev_ws/build/ros_tcp_endpoint/install.log --single-version-externally-managed
[3.627s] running egg_info
[3.630s] writing ../../build/ros_tcp_endpoint/ros_tcp_endpoint.egg-info/PKG-INFO
[3.631s] writing dependency_links to ../../build/ros_tcp_endpoint/ros_tcp_endpoint.egg-info/dependency_links.txt
[3.631s] writing entry points to ../../build/ros_tcp_endpoint/ros_tcp_endpoint.egg-info/entry_points.txt
[3.632s] writing requirements to ../../build/ros_tcp_endpoint/ros_tcp_endpoint.egg-info/requires.txt
[3.632s] writing top-level names to ../../build/ros_tcp_endpoint/ros_tcp_endpoint.egg-info/top_level.txt
[3.754s] reading manifest file '../../build/ros_tcp_endpoint/ros_tcp_endpoint.egg-info/SOURCES.txt'
[3.760s] writing manifest file '../../build/ros_tcp_endpoint/ros_tcp_endpoint.egg-info/SOURCES.txt'
[3.761s] running build
[3.761s] running build_py
[3.764s] running install
[3.766s] running install_lib
[3.771s] running install_data
[3.773s] running install_egg_info
[3.780s] removing '/home/dev_ws/install/ros_tcp_endpoint/lib/python3.8/site-packages/ros_tcp_endpoint-0.0.1-py3.8.egg-info' (and everything under it)
[3.781s] Copying ../../build/ros_tcp_endpoint/ros_tcp_endpoint.egg-info to /home/dev_ws/install/ros_tcp_endpoint/lib/python3.8/site-packages/ros_tcp_endpoint-0.0.1-py3.8.egg-info
[3.789s] running install_scripts
[3.864s] Installing default_server_endpoint script to /home/dev_ws/install/ros_tcp_endpoint/lib/ros_tcp_endpoint
[3.865s] writing list of installed files to '/home/dev_ws/build/ros_tcp_endpoint/install.log'
[4.015s] Invoked command in '/home/dev_ws/src/ros_tcp_endpoint' returned '0': PYTHONPATH=/home/dev_ws/install/ros_tcp_endpoint/lib/python3.8/site-packages:${PYTHONPATH} /usr/bin/python3 setup.py egg_info --egg-base ../../build/ros_tcp_endpoint build --build-base /home/dev_ws/build/ros_tcp_endpoint/build install --prefix /home/dev_ws/install/ros_tcp_endpoint --record /home/dev_ws/build/ros_tcp_endpoint/install.log --single-version-externally-managed
