[0.974s] Invoking command in '/home/dev_ws/build/unity_robotics_demo_msgs': CMAKE_PREFIX_PATH=${CMAKE_PREFIX_PATH}:/opt/ros/foxy:/home/dev_ws/install/vision:/home/dev_ws/install/utils:/home/dev_ws/install/unity_robotics_demo:/home/dev_ws/install/ros_tcp_endpoint:/home/dev_ws/install/manipulation:/home/dev_ws/install/face_controller:/home/dev_ws/install/audio /usr/bin/cmake --build /home/dev_ws/build/unity_robotics_demo_msgs -- -j12 -l12
[1.488s] [  1%] Built target unity_robotics_demo_msgs__cpp
[1.489s] [ 12%] Built target unity_robotics_demo_msgs__rosidl_generator_c
[1.489s] [ 26%] Built target unity_robotics_demo_msgs__rosidl_typesupport_cpp
[1.491s] [ 35%] Built target unity_robotics_demo_msgs__rosidl_typesupport_introspection_cpp
[1.491s] [ 55%] Built target unity_robotics_demo_msgs__rosidl_typesupport_fastrtps_cpp
[1.491s] [ 62%] Built target unity_robotics_demo_msgs__rosidl_typesupport_c
[1.491s] [ 70%] Built target unity_robotics_demo_msgs__rosidl_typesupport_introspection_c
[1.492s] [ 81%] Built target unity_robotics_demo_msgs__rosidl_typesupport_fastrtps_c
[1.492s] [ 81%] Built target unity_robotics_demo_msgs
[1.492s] [ 82%] Built target unity_robotics_demo_msgs__py
[1.492s] [ 93%] Built target unity_robotics_demo_msgs__python
[1.493s] [100%] Built target unity_robotics_demo_msgs__rosidl_typesupport_fastrtps_c__pyext
[1.493s] [100%] Built target unity_robotics_demo_msgs__rosidl_typesupport_c__pyext
[1.493s] [100%] Built target unity_robotics_demo_msgs__rosidl_typesupport_introspection_c__pyext
[1.495s] Invoked command in '/home/dev_ws/build/unity_robotics_demo_msgs' returned '0': CMAKE_PREFIX_PATH=${CMAKE_PREFIX_PATH}:/opt/ros/foxy:/home/dev_ws/install/vision:/home/dev_ws/install/utils:/home/dev_ws/install/unity_robotics_demo:/home/dev_ws/install/ros_tcp_endpoint:/home/dev_ws/install/manipulation:/home/dev_ws/install/face_controller:/home/dev_ws/install/audio /usr/bin/cmake --build /home/dev_ws/build/unity_robotics_demo_msgs -- -j12 -l12
[1.776s] Invoking command in '/home/dev_ws/build/unity_robotics_demo_msgs': CMAKE_PREFIX_PATH=${CMAKE_PREFIX_PATH}:/opt/ros/foxy:/home/dev_ws/install/vision:/home/dev_ws/install/utils:/home/dev_ws/install/unity_robotics_demo:/home/dev_ws/install/ros_tcp_endpoint:/home/dev_ws/install/manipulation:/home/dev_ws/install/face_controller:/home/dev_ws/install/audio /usr/bin/cmake --install /home/dev_ws/build/unity_robotics_demo_msgs
[1.788s] -- Install configuration: ""
[1.789s] -- Up-to-date: /home/dev_ws/install/unity_robotics_demo_msgs/share/ament_index/resource_index/rosidl_interfaces/unity_robotics_demo_msgs
[1.789s] -- Up-to-date: /home/dev_ws/install/unity_robotics_demo_msgs/include/unity_robotics_demo_msgs
[1.790s] -- Up-to-date: /home/dev_ws/install/unity_robotics_demo_msgs/include/unity_robotics_demo_msgs/msg
[1.791s] -- Up-to-date: /home/dev_ws/install/unity_robotics_demo_msgs/include/unity_robotics_demo_msgs/msg/joints_to_target.h
[1.791s] -- Up-to-date: /home/dev_ws/install/unity_robotics_demo_msgs/include/unity_robotics_demo_msgs/msg/audio.h
[1.792s] -- Up-to-date: /home/dev_ws/install/unity_robotics_demo_msgs/include/unity_robotics_demo_msgs/msg/rosidl_generator_c__visibility_control.h
[1.792s] -- Up-to-date: /home/dev_ws/install/unity_robotics_demo_msgs/include/unity_robotics_demo_msgs/msg/unity_color.h
[1.792s] -- Up-to-date: /home/dev_ws/install/unity_robotics_demo_msgs/include/unity_robotics_demo_msgs/msg/pos_eyelids.h
[1.793s] -- Up-to-date: /home/dev_ws/install/unity_robotics_demo_msgs/include/unity_robotics_demo_msgs/msg/targets_reached.h
[1.793s] -- Up-to-date: /home/dev_ws/install/unity_robotics_demo_msgs/include/unity_robotics_demo_msgs/msg/detail
[1.793s] -- Up-to-date: /home/dev_ws/install/unity_robotics_demo_msgs/include/unity_robotics_demo_msgs/msg/detail/pos_eyelids__functions.h
[1.793s] -- Up-to-date: /home/dev_ws/install/unity_robotics_demo_msgs/include/unity_robotics_demo_msgs/msg/detail/unity_color__type_support.h
[1.794s] -- Up-to-date: /home/dev_ws/install/unity_robotics_demo_msgs/include/unity_robotics_demo_msgs/msg/detail/targets_reached__functions.c
[1.794s] -- Up-to-date: /home/dev_ws/install/unity_robotics_demo_msgs/include/unity_robotics_demo_msgs/msg/detail/targets_reached__struct.h
[1.794s] -- Up-to-date: /home/dev_ws/install/unity_robotics_demo_msgs/include/unity_robotics_demo_msgs/msg/detail/pos_rot__functions.h
[1.794s] -- Up-to-date: /home/dev_ws/install/unity_robotics_demo_msgs/include/unity_robotics_demo_msgs/msg/detail/joints_to_target__type_support.h
[1.794s] -- Up-to-date: /home/dev_ws/install/unity_robotics_demo_msgs/include/unity_robotics_demo_msgs/msg/detail/joints_to_target__functions.c
[1.795s] -- Up-to-date: /home/dev_ws/install/unity_robotics_demo_msgs/include/unity_robotics_demo_msgs/msg/detail/audio__functions.h
[1.795s] -- Up-to-date: /home/dev_ws/install/unity_robotics_demo_msgs/include/unity_robotics_demo_msgs/msg/detail/pos_eyelids__functions.c
[1.795s] -- Up-to-date: /home/dev_ws/install/unity_robotics_demo_msgs/include/unity_robotics_demo_msgs/msg/detail/joints_to_target__struct.h
[1.796s] -- Up-to-date: /home/dev_ws/install/unity_robotics_demo_msgs/include/unity_robotics_demo_msgs/msg/detail/pos_rot__functions.c
[1.796s] -- Up-to-date: /home/dev_ws/install/unity_robotics_demo_msgs/include/unity_robotics_demo_msgs/msg/detail/pos_rot__struct.h
[1.796s] -- Up-to-date: /home/dev_ws/install/unity_robotics_demo_msgs/include/unity_robotics_demo_msgs/msg/detail/pos_rot__type_support.h
[1.797s] -- Up-to-date: /home/dev_ws/install/unity_robotics_demo_msgs/include/unity_robotics_demo_msgs/msg/detail/audio__type_support.h
[1.797s] -- Up-to-date: /home/dev_ws/install/unity_robotics_demo_msgs/include/unity_robotics_demo_msgs/msg/detail/audio__struct.h
[1.797s] -- Up-to-date: /home/dev_ws/install/unity_robotics_demo_msgs/include/unity_robotics_demo_msgs/msg/detail/unity_color__functions.h
[1.798s] -- Up-to-date: /home/dev_ws/install/unity_robotics_demo_msgs/include/unity_robotics_demo_msgs/msg/detail/audio__functions.c
[1.798s] -- Up-to-date: /home/dev_ws/install/unity_robotics_demo_msgs/include/unity_robotics_demo_msgs/msg/detail/unity_color__functions.c
[1.799s] -- Up-to-date: /home/dev_ws/install/unity_robotics_demo_msgs/include/unity_robotics_demo_msgs/msg/detail/joints_to_target__functions.h
[1.799s] -- Up-to-date: /home/dev_ws/install/unity_robotics_demo_msgs/include/unity_robotics_demo_msgs/msg/detail/pos_eyelids__type_support.h
[1.800s] -- Up-to-date: /home/dev_ws/install/unity_robotics_demo_msgs/include/unity_robotics_demo_msgs/msg/detail/pos_eyelids__struct.h
[1.800s] -- Up-to-date: /home/dev_ws/install/unity_robotics_demo_msgs/include/unity_robotics_demo_msgs/msg/detail/unity_color__struct.h
[1.800s] -- Up-to-date: /home/dev_ws/install/unity_robotics_demo_msgs/include/unity_robotics_demo_msgs/msg/detail/targets_reached__type_support.h
[1.802s] -- Up-to-date: /home/dev_ws/install/unity_robotics_demo_msgs/include/unity_robotics_demo_msgs/msg/detail/targets_reached__functions.h
[1.803s] -- Up-to-date: /home/dev_ws/install/unity_robotics_demo_msgs/include/unity_robotics_demo_msgs/msg/pos_rot.h
[1.803s] -- Up-to-date: /home/dev_ws/install/unity_robotics_demo_msgs/include/unity_robotics_demo_msgs/srv
[1.804s] -- Up-to-date: /home/dev_ws/install/unity_robotics_demo_msgs/include/unity_robotics_demo_msgs/srv/position_service.h
[1.804s] -- Up-to-date: /home/dev_ws/install/unity_robotics_demo_msgs/include/unity_robotics_demo_msgs/srv/object_pose_service.h
[1.804s] -- Up-to-date: /home/dev_ws/install/unity_robotics_demo_msgs/include/unity_robotics_demo_msgs/srv/detail
[1.805s] -- Up-to-date: /home/dev_ws/install/unity_robotics_demo_msgs/include/unity_robotics_demo_msgs/srv/detail/position_service__struct.h
[1.805s] -- Up-to-date: /home/dev_ws/install/unity_robotics_demo_msgs/include/unity_robotics_demo_msgs/srv/detail/position_service__functions.h
[1.805s] -- Up-to-date: /home/dev_ws/install/unity_robotics_demo_msgs/include/unity_robotics_demo_msgs/srv/detail/object_pose_service__type_support.h
[1.805s] -- Up-to-date: /home/dev_ws/install/unity_robotics_demo_msgs/include/unity_robotics_demo_msgs/srv/detail/object_pose_service__functions.c
[1.805s] -- Up-to-date: /home/dev_ws/install/unity_robotics_demo_msgs/include/unity_robotics_demo_msgs/srv/detail/object_pose_service__functions.h
[1.806s] -- Up-to-date: /home/dev_ws/install/unity_robotics_demo_msgs/include/unity_robotics_demo_msgs/srv/detail/position_service__type_support.h
[1.806s] -- Up-to-date: /home/dev_ws/install/unity_robotics_demo_msgs/include/unity_robotics_demo_msgs/srv/detail/object_pose_service__struct.h
[1.806s] -- Up-to-date: /home/dev_ws/install/unity_robotics_demo_msgs/include/unity_robotics_demo_msgs/srv/detail/position_service__functions.c
[1.806s] -- Up-to-date: /home/dev_ws/install/unity_robotics_demo_msgs/share/unity_robotics_demo_msgs/environment/library_path.sh
[1.806s] -- Up-to-date: /home/dev_ws/install/unity_robotics_demo_msgs/share/unity_robotics_demo_msgs/environment/library_path.dsv
[1.807s] -- Up-to-date: /home/dev_ws/install/unity_robotics_demo_msgs/lib/libunity_robotics_demo_msgs__rosidl_generator_c.so
[1.807s] -- Up-to-date: /home/dev_ws/install/unity_robotics_demo_msgs/include/unity_robotics_demo_msgs
[1.807s] -- Up-to-date: /home/dev_ws/install/unity_robotics_demo_msgs/include/unity_robotics_demo_msgs/msg
[1.808s] -- Up-to-date: /home/dev_ws/install/unity_robotics_demo_msgs/include/unity_robotics_demo_msgs/msg/rosidl_typesupport_fastrtps_c__visibility_control.h
[1.808s] -- Up-to-date: /home/dev_ws/install/unity_robotics_demo_msgs/include/unity_robotics_demo_msgs/msg/detail
[1.809s] -- Up-to-date: /home/dev_ws/install/unity_robotics_demo_msgs/include/unity_robotics_demo_msgs/msg/detail/targets_reached__rosidl_typesupport_fastrtps_c.h
[1.809s] -- Up-to-date: /home/dev_ws/install/unity_robotics_demo_msgs/include/unity_robotics_demo_msgs/msg/detail/unity_color__rosidl_typesupport_fastrtps_c.h
[1.809s] -- Up-to-date: /home/dev_ws/install/unity_robotics_demo_msgs/include/unity_robotics_demo_msgs/msg/detail/joints_to_target__rosidl_typesupport_fastrtps_c.h
[1.810s] -- Up-to-date: /home/dev_ws/install/unity_robotics_demo_msgs/include/unity_robotics_demo_msgs/msg/detail/pos_rot__rosidl_typesupport_fastrtps_c.h
[1.810s] -- Up-to-date: /home/dev_ws/install/unity_robotics_demo_msgs/include/unity_robotics_demo_msgs/msg/detail/pos_eyelids__rosidl_typesupport_fastrtps_c.h
[1.810s] -- Up-to-date: /home/dev_ws/install/unity_robotics_demo_msgs/include/unity_robotics_demo_msgs/msg/detail/audio__rosidl_typesupport_fastrtps_c.h
[1.810s] -- Up-to-date: /home/dev_ws/install/unity_robotics_demo_msgs/include/unity_robotics_demo_msgs/srv
[1.811s] -- Up-to-date: /home/dev_ws/install/unity_robotics_demo_msgs/include/unity_robotics_demo_msgs/srv/detail
[1.811s] -- Up-to-date: /home/dev_ws/install/unity_robotics_demo_msgs/include/unity_robotics_demo_msgs/srv/detail/position_service__rosidl_typesupport_fastrtps_c.h
[1.811s] -- Up-to-date: /home/dev_ws/install/unity_robotics_demo_msgs/include/unity_robotics_demo_msgs/srv/detail/object_pose_service__rosidl_typesupport_fastrtps_c.h
[1.811s] -- Up-to-date: /home/dev_ws/install/unity_robotics_demo_msgs/lib/libunity_robotics_demo_msgs__rosidl_typesupport_fastrtps_c.so
[1.811s] -- Up-to-date: /home/dev_ws/install/unity_robotics_demo_msgs/include/unity_robotics_demo_msgs
[1.812s] -- Up-to-date: /home/dev_ws/install/unity_robotics_demo_msgs/include/unity_robotics_demo_msgs/msg
[1.812s] -- Up-to-date: /home/dev_ws/install/unity_robotics_demo_msgs/include/unity_robotics_demo_msgs/msg/rosidl_typesupport_fastrtps_cpp__visibility_control.h
[1.812s] -- Up-to-date: /home/dev_ws/install/unity_robotics_demo_msgs/include/unity_robotics_demo_msgs/msg/detail
[1.812s] -- Up-to-date: /home/dev_ws/install/unity_robotics_demo_msgs/include/unity_robotics_demo_msgs/msg/detail/pos_rot__rosidl_typesupport_fastrtps_cpp.hpp
[1.812s] -- Up-to-date: /home/dev_ws/install/unity_robotics_demo_msgs/include/unity_robotics_demo_msgs/msg/detail/joints_to_target__rosidl_typesupport_fastrtps_cpp.hpp
[1.812s] -- Up-to-date: /home/dev_ws/install/unity_robotics_demo_msgs/include/unity_robotics_demo_msgs/msg/detail/pos_eyelids__rosidl_typesupport_fastrtps_cpp.hpp
[1.813s] -- Up-to-date: /home/dev_ws/install/unity_robotics_demo_msgs/include/unity_robotics_demo_msgs/msg/detail/dds_fastrtps
[1.813s] -- Up-to-date: /home/dev_ws/install/unity_robotics_demo_msgs/include/unity_robotics_demo_msgs/msg/detail/unity_color__rosidl_typesupport_fastrtps_cpp.hpp
[1.813s] -- Up-to-date: /home/dev_ws/install/unity_robotics_demo_msgs/include/unity_robotics_demo_msgs/msg/detail/targets_reached__rosidl_typesupport_fastrtps_cpp.hpp
[1.813s] -- Up-to-date: /home/dev_ws/install/unity_robotics_demo_msgs/include/unity_robotics_demo_msgs/msg/detail/audio__rosidl_typesupport_fastrtps_cpp.hpp
[1.813s] -- Up-to-date: /home/dev_ws/install/unity_robotics_demo_msgs/include/unity_robotics_demo_msgs/srv
[1.813s] -- Up-to-date: /home/dev_ws/install/unity_robotics_demo_msgs/include/unity_robotics_demo_msgs/srv/detail
[1.813s] -- Up-to-date: /home/dev_ws/install/unity_robotics_demo_msgs/include/unity_robotics_demo_msgs/srv/detail/dds_fastrtps
[1.813s] -- Up-to-date: /home/dev_ws/install/unity_robotics_demo_msgs/include/unity_robotics_demo_msgs/srv/detail/object_pose_service__rosidl_typesupport_fastrtps_cpp.hpp
[1.813s] -- Up-to-date: /home/dev_ws/install/unity_robotics_demo_msgs/include/unity_robotics_demo_msgs/srv/detail/position_service__rosidl_typesupport_fastrtps_cpp.hpp
[1.814s] -- Up-to-date: /home/dev_ws/install/unity_robotics_demo_msgs/lib/libunity_robotics_demo_msgs__rosidl_typesupport_fastrtps_cpp.so
[1.814s] -- Up-to-date: /home/dev_ws/install/unity_robotics_demo_msgs/include/unity_robotics_demo_msgs
[1.814s] -- Up-to-date: /home/dev_ws/install/unity_robotics_demo_msgs/include/unity_robotics_demo_msgs/msg
[1.814s] -- Up-to-date: /home/dev_ws/install/unity_robotics_demo_msgs/include/unity_robotics_demo_msgs/msg/rosidl_typesupport_introspection_c__visibility_control.h
[1.814s] -- Up-to-date: /home/dev_ws/install/unity_robotics_demo_msgs/include/unity_robotics_demo_msgs/msg/detail
[1.814s] -- Up-to-date: /home/dev_ws/install/unity_robotics_demo_msgs/include/unity_robotics_demo_msgs/msg/detail/pos_eyelids__rosidl_typesupport_introspection_c.h
[1.815s] -- Up-to-date: /home/dev_ws/install/unity_robotics_demo_msgs/include/unity_robotics_demo_msgs/msg/detail/targets_reached__rosidl_typesupport_introspection_c.h
[1.815s] -- Up-to-date: /home/dev_ws/install/unity_robotics_demo_msgs/include/unity_robotics_demo_msgs/msg/detail/joints_to_target__rosidl_typesupport_introspection_c.h
[1.815s] -- Up-to-date: /home/dev_ws/install/unity_robotics_demo_msgs/include/unity_robotics_demo_msgs/msg/detail/audio__type_support.c
[1.815s] -- Up-to-date: /home/dev_ws/install/unity_robotics_demo_msgs/include/unity_robotics_demo_msgs/msg/detail/unity_color__rosidl_typesupport_introspection_c.h
[1.815s] -- Up-to-date: /home/dev_ws/install/unity_robotics_demo_msgs/include/unity_robotics_demo_msgs/msg/detail/pos_rot__type_support.c
[1.815s] -- Up-to-date: /home/dev_ws/install/unity_robotics_demo_msgs/include/unity_robotics_demo_msgs/msg/detail/unity_color__type_support.c
[1.815s] -- Up-to-date: /home/dev_ws/install/unity_robotics_demo_msgs/include/unity_robotics_demo_msgs/msg/detail/targets_reached__type_support.c
[1.816s] -- Up-to-date: /home/dev_ws/install/unity_robotics_demo_msgs/include/unity_robotics_demo_msgs/msg/detail/pos_eyelids__type_support.c
[1.816s] -- Up-to-date: /home/dev_ws/install/unity_robotics_demo_msgs/include/unity_robotics_demo_msgs/msg/detail/audio__rosidl_typesupport_introspection_c.h
[1.816s] -- Up-to-date: /home/dev_ws/install/unity_robotics_demo_msgs/include/unity_robotics_demo_msgs/msg/detail/pos_rot__rosidl_typesupport_introspection_c.h
[1.816s] -- Up-to-date: /home/dev_ws/install/unity_robotics_demo_msgs/include/unity_robotics_demo_msgs/msg/detail/joints_to_target__type_support.c
[1.816s] -- Up-to-date: /home/dev_ws/install/unity_robotics_demo_msgs/include/unity_robotics_demo_msgs/srv
[1.816s] -- Up-to-date: /home/dev_ws/install/unity_robotics_demo_msgs/include/unity_robotics_demo_msgs/srv/detail
[1.816s] -- Up-to-date: /home/dev_ws/install/unity_robotics_demo_msgs/include/unity_robotics_demo_msgs/srv/detail/position_service__type_support.c
[1.816s] -- Up-to-date: /home/dev_ws/install/unity_robotics_demo_msgs/include/unity_robotics_demo_msgs/srv/detail/position_service__rosidl_typesupport_introspection_c.h
[1.816s] -- Up-to-date: /home/dev_ws/install/unity_robotics_demo_msgs/include/unity_robotics_demo_msgs/srv/detail/object_pose_service__type_support.c
[1.816s] -- Up-to-date: /home/dev_ws/install/unity_robotics_demo_msgs/include/unity_robotics_demo_msgs/srv/detail/object_pose_service__rosidl_typesupport_introspection_c.h
[1.816s] -- Up-to-date: /home/dev_ws/install/unity_robotics_demo_msgs/lib/libunity_robotics_demo_msgs__rosidl_typesupport_introspection_c.so
[1.817s] -- Up-to-date: /home/dev_ws/install/unity_robotics_demo_msgs/lib/libunity_robotics_demo_msgs__rosidl_typesupport_c.so
[1.817s] -- Up-to-date: /home/dev_ws/install/unity_robotics_demo_msgs/include/unity_robotics_demo_msgs
[1.817s] -- Up-to-date: /home/dev_ws/install/unity_robotics_demo_msgs/include/unity_robotics_demo_msgs/msg
[1.817s] -- Up-to-date: /home/dev_ws/install/unity_robotics_demo_msgs/include/unity_robotics_demo_msgs/msg/targets_reached.hpp
[1.817s] -- Up-to-date: /home/dev_ws/install/unity_robotics_demo_msgs/include/unity_robotics_demo_msgs/msg/detail
[1.817s] -- Up-to-date: /home/dev_ws/install/unity_robotics_demo_msgs/include/unity_robotics_demo_msgs/msg/detail/pos_eyelids__struct.hpp
[1.817s] -- Up-to-date: /home/dev_ws/install/unity_robotics_demo_msgs/include/unity_robotics_demo_msgs/msg/detail/audio__traits.hpp
[1.818s] -- Up-to-date: /home/dev_ws/install/unity_robotics_demo_msgs/include/unity_robotics_demo_msgs/msg/detail/unity_color__struct.hpp
[1.818s] -- Up-to-date: /home/dev_ws/install/unity_robotics_demo_msgs/include/unity_robotics_demo_msgs/msg/detail/targets_reached__struct.hpp
[1.819s] -- Up-to-date: /home/dev_ws/install/unity_robotics_demo_msgs/include/unity_robotics_demo_msgs/msg/detail/unity_color__builder.hpp
[1.819s] -- Up-to-date: /home/dev_ws/install/unity_robotics_demo_msgs/include/unity_robotics_demo_msgs/msg/detail/joints_to_target__builder.hpp
[1.819s] -- Up-to-date: /home/dev_ws/install/unity_robotics_demo_msgs/include/unity_robotics_demo_msgs/msg/detail/targets_reached__builder.hpp
[1.819s] -- Up-to-date: /home/dev_ws/install/unity_robotics_demo_msgs/include/unity_robotics_demo_msgs/msg/detail/pos_rot__traits.hpp
[1.820s] -- Up-to-date: /home/dev_ws/install/unity_robotics_demo_msgs/include/unity_robotics_demo_msgs/msg/detail/audio__struct.hpp
[1.820s] -- Up-to-date: /home/dev_ws/install/unity_robotics_demo_msgs/include/unity_robotics_demo_msgs/msg/detail/audio__builder.hpp
[1.820s] -- Up-to-date: /home/dev_ws/install/unity_robotics_demo_msgs/include/unity_robotics_demo_msgs/msg/detail/joints_to_target__traits.hpp
[1.820s] -- Up-to-date: /home/dev_ws/install/unity_robotics_demo_msgs/include/unity_robotics_demo_msgs/msg/detail/joints_to_target__struct.hpp
[1.820s] -- Up-to-date: /home/dev_ws/install/unity_robotics_demo_msgs/include/unity_robotics_demo_msgs/msg/detail/pos_rot__struct.hpp
[1.820s] -- Up-to-date: /home/dev_ws/install/unity_robotics_demo_msgs/include/unity_robotics_demo_msgs/msg/detail/pos_eyelids__builder.hpp
[1.820s] -- Up-to-date: /home/dev_ws/install/unity_robotics_demo_msgs/include/unity_robotics_demo_msgs/msg/detail/unity_color__traits.hpp
[1.821s] -- Up-to-date: /home/dev_ws/install/unity_robotics_demo_msgs/include/unity_robotics_demo_msgs/msg/detail/targets_reached__traits.hpp
[1.821s] -- Up-to-date: /home/dev_ws/install/unity_robotics_demo_msgs/include/unity_robotics_demo_msgs/msg/detail/pos_rot__builder.hpp
[1.821s] -- Up-to-date: /home/dev_ws/install/unity_robotics_demo_msgs/include/unity_robotics_demo_msgs/msg/detail/pos_eyelids__traits.hpp
[1.821s] -- Up-to-date: /home/dev_ws/install/unity_robotics_demo_msgs/include/unity_robotics_demo_msgs/msg/joints_to_target.hpp
[1.821s] -- Up-to-date: /home/dev_ws/install/unity_robotics_demo_msgs/include/unity_robotics_demo_msgs/msg/audio.hpp
[1.821s] -- Up-to-date: /home/dev_ws/install/unity_robotics_demo_msgs/include/unity_robotics_demo_msgs/msg/pos_rot.hpp
[1.821s] -- Up-to-date: /home/dev_ws/install/unity_robotics_demo_msgs/include/unity_robotics_demo_msgs/msg/unity_color.hpp
[1.822s] -- Up-to-date: /home/dev_ws/install/unity_robotics_demo_msgs/include/unity_robotics_demo_msgs/msg/pos_eyelids.hpp
[1.822s] -- Up-to-date: /home/dev_ws/install/unity_robotics_demo_msgs/include/unity_robotics_demo_msgs/srv
[1.822s] -- Up-to-date: /home/dev_ws/install/unity_robotics_demo_msgs/include/unity_robotics_demo_msgs/srv/detail
[1.822s] -- Up-to-date: /home/dev_ws/install/unity_robotics_demo_msgs/include/unity_robotics_demo_msgs/srv/detail/object_pose_service__builder.hpp
[1.822s] -- Up-to-date: /home/dev_ws/install/unity_robotics_demo_msgs/include/unity_robotics_demo_msgs/srv/detail/position_service__struct.hpp
[1.822s] -- Up-to-date: /home/dev_ws/install/unity_robotics_demo_msgs/include/unity_robotics_demo_msgs/srv/detail/position_service__builder.hpp
[1.823s] -- Up-to-date: /home/dev_ws/install/unity_robotics_demo_msgs/include/unity_robotics_demo_msgs/srv/detail/object_pose_service__struct.hpp
[1.823s] -- Up-to-date: /home/dev_ws/install/unity_robotics_demo_msgs/include/unity_robotics_demo_msgs/srv/detail/position_service__traits.hpp
[1.823s] -- Up-to-date: /home/dev_ws/install/unity_robotics_demo_msgs/include/unity_robotics_demo_msgs/srv/detail/object_pose_service__traits.hpp
[1.823s] -- Up-to-date: /home/dev_ws/install/unity_robotics_demo_msgs/include/unity_robotics_demo_msgs/srv/position_service.hpp
[1.823s] -- Up-to-date: /home/dev_ws/install/unity_robotics_demo_msgs/include/unity_robotics_demo_msgs/srv/object_pose_service.hpp
[1.823s] -- Up-to-date: /home/dev_ws/install/unity_robotics_demo_msgs/include/unity_robotics_demo_msgs
[1.823s] -- Up-to-date: /home/dev_ws/install/unity_robotics_demo_msgs/include/unity_robotics_demo_msgs/msg
[1.823s] -- Up-to-date: /home/dev_ws/install/unity_robotics_demo_msgs/include/unity_robotics_demo_msgs/msg/detail
[1.824s] -- Up-to-date: /home/dev_ws/install/unity_robotics_demo_msgs/include/unity_robotics_demo_msgs/msg/detail/pos_rot__type_support.cpp
[1.824s] -- Up-to-date: /home/dev_ws/install/unity_robotics_demo_msgs/include/unity_robotics_demo_msgs/msg/detail/audio__type_support.cpp
[1.824s] -- Up-to-date: /home/dev_ws/install/unity_robotics_demo_msgs/include/unity_robotics_demo_msgs/msg/detail/audio__rosidl_typesupport_introspection_cpp.hpp
[1.824s] -- Up-to-date: /home/dev_ws/install/unity_robotics_demo_msgs/include/unity_robotics_demo_msgs/msg/detail/targets_reached__type_support.cpp
[1.824s] -- Up-to-date: /home/dev_ws/install/unity_robotics_demo_msgs/include/unity_robotics_demo_msgs/msg/detail/joints_to_target__type_support.cpp
[1.824s] -- Up-to-date: /home/dev_ws/install/unity_robotics_demo_msgs/include/unity_robotics_demo_msgs/msg/detail/unity_color__rosidl_typesupport_introspection_cpp.hpp
[1.825s] -- Up-to-date: /home/dev_ws/install/unity_robotics_demo_msgs/include/unity_robotics_demo_msgs/msg/detail/targets_reached__rosidl_typesupport_introspection_cpp.hpp
[1.825s] -- Up-to-date: /home/dev_ws/install/unity_robotics_demo_msgs/include/unity_robotics_demo_msgs/msg/detail/pos_eyelids__rosidl_typesupport_introspection_cpp.hpp
[1.825s] -- Up-to-date: /home/dev_ws/install/unity_robotics_demo_msgs/include/unity_robotics_demo_msgs/msg/detail/unity_color__type_support.cpp
[1.825s] -- Up-to-date: /home/dev_ws/install/unity_robotics_demo_msgs/include/unity_robotics_demo_msgs/msg/detail/pos_rot__rosidl_typesupport_introspection_cpp.hpp
[1.825s] -- Up-to-date: /home/dev_ws/install/unity_robotics_demo_msgs/include/unity_robotics_demo_msgs/msg/detail/pos_eyelids__type_support.cpp
[1.825s] -- Up-to-date: /home/dev_ws/install/unity_robotics_demo_msgs/include/unity_robotics_demo_msgs/msg/detail/joints_to_target__rosidl_typesupport_introspection_cpp.hpp
[1.826s] -- Up-to-date: /home/dev_ws/install/unity_robotics_demo_msgs/include/unity_robotics_demo_msgs/srv
[1.826s] -- Up-to-date: /home/dev_ws/install/unity_robotics_demo_msgs/include/unity_robotics_demo_msgs/srv/detail
[1.826s] -- Up-to-date: /home/dev_ws/install/unity_robotics_demo_msgs/include/unity_robotics_demo_msgs/srv/detail/object_pose_service__rosidl_typesupport_introspection_cpp.hpp
[1.826s] -- Up-to-date: /home/dev_ws/install/unity_robotics_demo_msgs/include/unity_robotics_demo_msgs/srv/detail/position_service__type_support.cpp
[1.826s] -- Up-to-date: /home/dev_ws/install/unity_robotics_demo_msgs/include/unity_robotics_demo_msgs/srv/detail/position_service__rosidl_typesupport_introspection_cpp.hpp
[1.827s] -- Up-to-date: /home/dev_ws/install/unity_robotics_demo_msgs/include/unity_robotics_demo_msgs/srv/detail/object_pose_service__type_support.cpp
[1.827s] -- Up-to-date: /home/dev_ws/install/unity_robotics_demo_msgs/lib/libunity_robotics_demo_msgs__rosidl_typesupport_introspection_cpp.so
[1.827s] -- Up-to-date: /home/dev_ws/install/unity_robotics_demo_msgs/lib/libunity_robotics_demo_msgs__rosidl_typesupport_cpp.so
[1.827s] -- Up-to-date: /home/dev_ws/install/unity_robotics_demo_msgs/share/unity_robotics_demo_msgs/environment/pythonpath.sh
[1.827s] -- Up-to-date: /home/dev_ws/install/unity_robotics_demo_msgs/share/unity_robotics_demo_msgs/environment/pythonpath.dsv
[1.827s] -- Up-to-date: /home/dev_ws/install/unity_robotics_demo_msgs/lib/python3.8/site-packages/unity_robotics_demo_msgs/__init__.py
[1.889s] -- Up-to-date: /home/dev_ws/install/unity_robotics_demo_msgs/lib/python3.8/site-packages/unity_robotics_demo_msgs/msg
[1.889s] -- Up-to-date: /home/dev_ws/install/unity_robotics_demo_msgs/lib/python3.8/site-packages/unity_robotics_demo_msgs/msg/_pos_rot_s.c
[1.890s] -- Up-to-date: /home/dev_ws/install/unity_robotics_demo_msgs/lib/python3.8/site-packages/unity_robotics_demo_msgs/msg/_unity_color.py
[1.890s] -- Up-to-date: /home/dev_ws/install/unity_robotics_demo_msgs/lib/python3.8/site-packages/unity_robotics_demo_msgs/msg/_targets_reached.py
[1.890s] -- Up-to-date: /home/dev_ws/install/unity_robotics_demo_msgs/lib/python3.8/site-packages/unity_robotics_demo_msgs/msg/__init__.py
[1.890s] -- Up-to-date: /home/dev_ws/install/unity_robotics_demo_msgs/lib/python3.8/site-packages/unity_robotics_demo_msgs/msg/_audio_s.c
[1.890s] -- Up-to-date: /home/dev_ws/install/unity_robotics_demo_msgs/lib/python3.8/site-packages/unity_robotics_demo_msgs/msg/_targets_reached_s.c
[1.891s] -- Up-to-date: /home/dev_ws/install/unity_robotics_demo_msgs/lib/python3.8/site-packages/unity_robotics_demo_msgs/msg/_pos_eyelids.py
[1.891s] -- Up-to-date: /home/dev_ws/install/unity_robotics_demo_msgs/lib/python3.8/site-packages/unity_robotics_demo_msgs/msg/_joints_to_target.py
[1.891s] -- Up-to-date: /home/dev_ws/install/unity_robotics_demo_msgs/lib/python3.8/site-packages/unity_robotics_demo_msgs/msg/_pos_rot.py
[1.891s] -- Up-to-date: /home/dev_ws/install/unity_robotics_demo_msgs/lib/python3.8/site-packages/unity_robotics_demo_msgs/msg/_audio.py
[1.891s] -- Up-to-date: /home/dev_ws/install/unity_robotics_demo_msgs/lib/python3.8/site-packages/unity_robotics_demo_msgs/msg/_unity_color_s.c
[1.891s] -- Up-to-date: /home/dev_ws/install/unity_robotics_demo_msgs/lib/python3.8/site-packages/unity_robotics_demo_msgs/msg/_joints_to_target_s.c
[1.891s] -- Up-to-date: /home/dev_ws/install/unity_robotics_demo_msgs/lib/python3.8/site-packages/unity_robotics_demo_msgs/msg/_pos_eyelids_s.c
[1.891s] -- Up-to-date: /home/dev_ws/install/unity_robotics_demo_msgs/lib/python3.8/site-packages/unity_robotics_demo_msgs/srv
[1.892s] -- Up-to-date: /home/dev_ws/install/unity_robotics_demo_msgs/lib/python3.8/site-packages/unity_robotics_demo_msgs/srv/__init__.py
[1.892s] -- Up-to-date: /home/dev_ws/install/unity_robotics_demo_msgs/lib/python3.8/site-packages/unity_robotics_demo_msgs/srv/_object_pose_service.py
[1.892s] -- Up-to-date: /home/dev_ws/install/unity_robotics_demo_msgs/lib/python3.8/site-packages/unity_robotics_demo_msgs/srv/_position_service.py
[1.892s] -- Up-to-date: /home/dev_ws/install/unity_robotics_demo_msgs/lib/python3.8/site-packages/unity_robotics_demo_msgs/srv/_object_pose_service_s.c
[1.892s] -- Up-to-date: /home/dev_ws/install/unity_robotics_demo_msgs/lib/python3.8/site-packages/unity_robotics_demo_msgs/srv/_position_service_s.c
[1.892s] -- Up-to-date: /home/dev_ws/install/unity_robotics_demo_msgs/lib/python3.8/site-packages/unity_robotics_demo_msgs/unity_robotics_demo_msgs_s__rosidl_typesupport_fastrtps_c.cpython-38-x86_64-linux-gnu.so
[1.893s] -- Up-to-date: /home/dev_ws/install/unity_robotics_demo_msgs/lib/python3.8/site-packages/unity_robotics_demo_msgs/unity_robotics_demo_msgs_s__rosidl_typesupport_introspection_c.cpython-38-x86_64-linux-gnu.so
[1.893s] -- Up-to-date: /home/dev_ws/install/unity_robotics_demo_msgs/lib/python3.8/site-packages/unity_robotics_demo_msgs/unity_robotics_demo_msgs_s__rosidl_typesupport_c.cpython-38-x86_64-linux-gnu.so
[1.895s] -- Up-to-date: /home/dev_ws/install/unity_robotics_demo_msgs/lib/libunity_robotics_demo_msgs__python.so
[1.895s] -- Up-to-date: /home/dev_ws/install/unity_robotics_demo_msgs/share/unity_robotics_demo_msgs/msg/TargetsReached.idl
[1.896s] -- Up-to-date: /home/dev_ws/install/unity_robotics_demo_msgs/share/unity_robotics_demo_msgs/msg/Audio.idl
[1.896s] -- Up-to-date: /home/dev_ws/install/unity_robotics_demo_msgs/share/unity_robotics_demo_msgs/msg/JointsToTarget.idl
[1.896s] -- Up-to-date: /home/dev_ws/install/unity_robotics_demo_msgs/share/unity_robotics_demo_msgs/msg/PosEyelids.idl
[1.896s] -- Up-to-date: /home/dev_ws/install/unity_robotics_demo_msgs/share/unity_robotics_demo_msgs/msg/PosRot.idl
[1.897s] -- Up-to-date: /home/dev_ws/install/unity_robotics_demo_msgs/share/unity_robotics_demo_msgs/msg/UnityColor.idl
[1.897s] -- Up-to-date: /home/dev_ws/install/unity_robotics_demo_msgs/share/unity_robotics_demo_msgs/srv/PositionService.idl
[1.897s] -- Up-to-date: /home/dev_ws/install/unity_robotics_demo_msgs/share/unity_robotics_demo_msgs/srv/ObjectPoseService.idl
[1.897s] -- Up-to-date: /home/dev_ws/install/unity_robotics_demo_msgs/share/unity_robotics_demo_msgs/msg/TargetsReached.msg
[1.898s] -- Up-to-date: /home/dev_ws/install/unity_robotics_demo_msgs/share/unity_robotics_demo_msgs/msg/Audio.msg
[1.898s] -- Up-to-date: /home/dev_ws/install/unity_robotics_demo_msgs/share/unity_robotics_demo_msgs/msg/JointsToTarget.msg
[1.899s] -- Up-to-date: /home/dev_ws/install/unity_robotics_demo_msgs/share/unity_robotics_demo_msgs/msg/PosEyelids.msg
[1.899s] -- Up-to-date: /home/dev_ws/install/unity_robotics_demo_msgs/share/unity_robotics_demo_msgs/msg/PosRot.msg
[1.899s] -- Up-to-date: /home/dev_ws/install/unity_robotics_demo_msgs/share/unity_robotics_demo_msgs/msg/UnityColor.msg
[1.899s] -- Up-to-date: /home/dev_ws/install/unity_robotics_demo_msgs/share/unity_robotics_demo_msgs/srv/PositionService.srv
[1.900s] -- Up-to-date: /home/dev_ws/install/unity_robotics_demo_msgs/share/unity_robotics_demo_msgs/srv/PositionService_Request.msg
[1.900s] -- Up-to-date: /home/dev_ws/install/unity_robotics_demo_msgs/share/unity_robotics_demo_msgs/srv/PositionService_Response.msg
[1.900s] -- Up-to-date: /home/dev_ws/install/unity_robotics_demo_msgs/share/unity_robotics_demo_msgs/srv/ObjectPoseService.srv
[1.902s] -- Up-to-date: /home/dev_ws/install/unity_robotics_demo_msgs/share/unity_robotics_demo_msgs/srv/ObjectPoseService_Request.msg
[1.902s] -- Up-to-date: /home/dev_ws/install/unity_robotics_demo_msgs/share/unity_robotics_demo_msgs/srv/ObjectPoseService_Response.msg
[1.903s] -- Up-to-date: /home/dev_ws/install/unity_robotics_demo_msgs/share/ament_index/resource_index/package_run_dependencies/unity_robotics_demo_msgs
[1.903s] -- Up-to-date: /home/dev_ws/install/unity_robotics_demo_msgs/share/ament_index/resource_index/parent_prefix_path/unity_robotics_demo_msgs
[1.903s] -- Up-to-date: /home/dev_ws/install/unity_robotics_demo_msgs/share/unity_robotics_demo_msgs/environment/ament_prefix_path.sh
[1.903s] -- Up-to-date: /home/dev_ws/install/unity_robotics_demo_msgs/share/unity_robotics_demo_msgs/environment/ament_prefix_path.dsv
[1.904s] -- Up-to-date: /home/dev_ws/install/unity_robotics_demo_msgs/share/unity_robotics_demo_msgs/environment/path.sh
[1.904s] -- Up-to-date: /home/dev_ws/install/unity_robotics_demo_msgs/share/unity_robotics_demo_msgs/environment/path.dsv
[1.904s] -- Up-to-date: /home/dev_ws/install/unity_robotics_demo_msgs/share/unity_robotics_demo_msgs/local_setup.bash
[1.905s] -- Up-to-date: /home/dev_ws/install/unity_robotics_demo_msgs/share/unity_robotics_demo_msgs/local_setup.sh
[1.905s] -- Up-to-date: /home/dev_ws/install/unity_robotics_demo_msgs/share/unity_robotics_demo_msgs/local_setup.zsh
[1.905s] -- Up-to-date: /home/dev_ws/install/unity_robotics_demo_msgs/share/unity_robotics_demo_msgs/local_setup.dsv
[1.906s] -- Installing: /home/dev_ws/install/unity_robotics_demo_msgs/share/unity_robotics_demo_msgs/package.dsv
[1.906s] -- Up-to-date: /home/dev_ws/install/unity_robotics_demo_msgs/share/ament_index/resource_index/packages/unity_robotics_demo_msgs
[1.906s] -- Up-to-date: /home/dev_ws/install/unity_robotics_demo_msgs/share/unity_robotics_demo_msgs/cmake/unity_robotics_demo_msgs__rosidl_generator_cExport.cmake
[1.907s] -- Up-to-date: /home/dev_ws/install/unity_robotics_demo_msgs/share/unity_robotics_demo_msgs/cmake/unity_robotics_demo_msgs__rosidl_generator_cExport-noconfig.cmake
[1.907s] -- Up-to-date: /home/dev_ws/install/unity_robotics_demo_msgs/share/unity_robotics_demo_msgs/cmake/unity_robotics_demo_msgs__rosidl_typesupport_introspection_cExport.cmake
[1.907s] -- Up-to-date: /home/dev_ws/install/unity_robotics_demo_msgs/share/unity_robotics_demo_msgs/cmake/unity_robotics_demo_msgs__rosidl_typesupport_introspection_cExport-noconfig.cmake
[1.907s] -- Up-to-date: /home/dev_ws/install/unity_robotics_demo_msgs/share/unity_robotics_demo_msgs/cmake/unity_robotics_demo_msgs__rosidl_typesupport_cExport.cmake
[1.908s] -- Up-to-date: /home/dev_ws/install/unity_robotics_demo_msgs/share/unity_robotics_demo_msgs/cmake/unity_robotics_demo_msgs__rosidl_typesupport_cExport-noconfig.cmake
[1.908s] -- Up-to-date: /home/dev_ws/install/unity_robotics_demo_msgs/share/unity_robotics_demo_msgs/cmake/unity_robotics_demo_msgs__rosidl_generator_cppExport.cmake
[1.908s] -- Up-to-date: /home/dev_ws/install/unity_robotics_demo_msgs/share/unity_robotics_demo_msgs/cmake/unity_robotics_demo_msgs__rosidl_typesupport_introspection_cppExport.cmake
[1.908s] -- Up-to-date: /home/dev_ws/install/unity_robotics_demo_msgs/share/unity_robotics_demo_msgs/cmake/unity_robotics_demo_msgs__rosidl_typesupport_introspection_cppExport-noconfig.cmake
[1.908s] -- Up-to-date: /home/dev_ws/install/unity_robotics_demo_msgs/share/unity_robotics_demo_msgs/cmake/unity_robotics_demo_msgs__rosidl_typesupport_cppExport.cmake
[1.908s] -- Up-to-date: /home/dev_ws/install/unity_robotics_demo_msgs/share/unity_robotics_demo_msgs/cmake/unity_robotics_demo_msgs__rosidl_typesupport_cppExport-noconfig.cmake
[1.908s] -- Up-to-date: /home/dev_ws/install/unity_robotics_demo_msgs/share/unity_robotics_demo_msgs/cmake/rosidl_cmake-extras.cmake
[1.909s] -- Up-to-date: /home/dev_ws/install/unity_robotics_demo_msgs/share/unity_robotics_demo_msgs/cmake/ament_cmake_export_dependencies-extras.cmake
[1.909s] -- Up-to-date: /home/dev_ws/install/unity_robotics_demo_msgs/share/unity_robotics_demo_msgs/cmake/ament_cmake_export_libraries-extras.cmake
[1.909s] -- Up-to-date: /home/dev_ws/install/unity_robotics_demo_msgs/share/unity_robotics_demo_msgs/cmake/ament_cmake_export_targets-extras.cmake
[1.909s] -- Up-to-date: /home/dev_ws/install/unity_robotics_demo_msgs/share/unity_robotics_demo_msgs/cmake/ament_cmake_export_include_directories-extras.cmake
[1.909s] -- Up-to-date: /home/dev_ws/install/unity_robotics_demo_msgs/share/unity_robotics_demo_msgs/cmake/rosidl_cmake_export_typesupport_libraries-extras.cmake
[1.910s] -- Up-to-date: /home/dev_ws/install/unity_robotics_demo_msgs/share/unity_robotics_demo_msgs/cmake/rosidl_cmake_export_typesupport_targets-extras.cmake
[1.910s] -- Up-to-date: /home/dev_ws/install/unity_robotics_demo_msgs/share/unity_robotics_demo_msgs/cmake/unity_robotics_demo_msgsConfig.cmake
[1.910s] -- Up-to-date: /home/dev_ws/install/unity_robotics_demo_msgs/share/unity_robotics_demo_msgs/cmake/unity_robotics_demo_msgsConfig-version.cmake
[1.910s] -- Up-to-date: /home/dev_ws/install/unity_robotics_demo_msgs/share/unity_robotics_demo_msgs/package.xml
[1.913s] Invoked command in '/home/dev_ws/build/unity_robotics_demo_msgs' returned '0': CMAKE_PREFIX_PATH=${CMAKE_PREFIX_PATH}:/opt/ros/foxy:/home/dev_ws/install/vision:/home/dev_ws/install/utils:/home/dev_ws/install/unity_robotics_demo:/home/dev_ws/install/ros_tcp_endpoint:/home/dev_ws/install/manipulation:/home/dev_ws/install/face_controller:/home/dev_ws/install/audio /usr/bin/cmake --install /home/dev_ws/build/unity_robotics_demo_msgs
