[2.255s] Invoking command in '/home/dev_ws/src/manipulation': PYTHONPATH=/home/dev_ws/install/manipulation/lib/python3.8/site-packages:${PYTHONPATH} /usr/bin/python3 setup.py egg_info --egg-base ../../build/manipulation build --build-base /home/dev_ws/build/manipulation/build install --prefix /home/dev_ws/install/manipulation --record /home/dev_ws/build/manipulation/install.log --single-version-externally-managed
[2.664s] running egg_info
[2.665s] writing ../../build/manipulation/manipulation.egg-info/PKG-INFO
[2.665s] writing dependency_links to ../../build/manipulation/manipulation.egg-info/dependency_links.txt
[2.666s] writing entry points to ../../build/manipulation/manipulation.egg-info/entry_points.txt
[2.666s] writing requirements to ../../build/manipulation/manipulation.egg-info/requires.txt
[2.666s] writing top-level names to ../../build/manipulation/manipulation.egg-info/top_level.txt
[2.739s] reading manifest file '../../build/manipulation/manipulation.egg-info/SOURCES.txt'
[2.741s] writing manifest file '../../build/manipulation/manipulation.egg-info/SOURCES.txt'
[2.741s] running build
[2.741s] running build_py
[2.742s] running install
[2.743s] running install_lib
[2.745s] running install_data
[2.746s] running install_egg_info
[2.749s] removing '/home/dev_ws/install/manipulation/lib/python3.8/site-packages/manipulation-0.0.0-py3.8.egg-info' (and everything under it)
[2.750s] Copying ../../build/manipulation/manipulation.egg-info to /home/dev_ws/install/manipulation/lib/python3.8/site-packages/manipulation-0.0.0-py3.8.egg-info
[2.752s] running install_scripts
[2.792s] Installing grab_object script to /home/dev_ws/install/manipulation/lib/manipulation
[2.793s] writing list of installed files to '/home/dev_ws/build/manipulation/install.log'
[2.876s] Invoked command in '/home/dev_ws/src/manipulation' returned '0': PYTHONPATH=/home/dev_ws/install/manipulation/lib/python3.8/site-packages:${PYTHONPATH} /usr/bin/python3 setup.py egg_info --egg-base ../../build/manipulation build --build-base /home/dev_ws/build/manipulation/build install --prefix /home/dev_ws/install/manipulation --record /home/dev_ws/build/manipulation/install.log --single-version-externally-managed
