[1.121s] Invoking command in '/home/dev_ws/src/vision': PYTHONPATH=/home/dev_ws/install/vision/lib/python3.8/site-packages:${PYTHONPATH} /usr/bin/python3 setup.py egg_info --egg-base ../../build/vision build --build-base /home/dev_ws/build/vision/build install --prefix /home/dev_ws/install/vision --record /home/dev_ws/build/vision/install.log --single-version-externally-managed
[1.311s] /usr/local/lib/python3.8/dist-packages/setuptools/dist.py:755: SetuptoolsDeprecationWarning: Invalid dash-separated options
[1.311s] !!
[1.311s] 
[1.311s]         ********************************************************************************
[1.311s]         Usage of dash-separated 'script-dir' will not be supported in future
[1.311s]         versions. Please use the underscore name 'script_dir' instead.
[1.311s] 
[1.311s]         By 2023-Sep-26, you need to update your project and remove deprecated calls
[1.311s]         or your builds will no longer be supported.
[1.311s] 
[1.311s]         See https://setuptools.pypa.io/en/latest/userguide/declarative_config.html for details.
[1.311s]         ********************************************************************************
[1.312s] 
[1.312s] !!
[1.312s]   opt = self.warn_dash_deprecation(opt, section)
[1.314s] /usr/local/lib/python3.8/dist-packages/setuptools/dist.py:755: SetuptoolsDeprecationWarning: Invalid dash-separated options
[1.314s] !!
[1.314s] 
[1.314s]         ********************************************************************************
[1.314s]         Usage of dash-separated 'install-scripts' will not be supported in future
[1.314s]         versions. Please use the underscore name 'install_scripts' instead.
[1.314s] 
[1.314s]         By 2023-Sep-26, you need to update your project and remove deprecated calls
[1.314s]         or your builds will no longer be supported.
[1.314s] 
[1.314s]         See https://setuptools.pypa.io/en/latest/userguide/declarative_config.html for details.
[1.315s]         ********************************************************************************
[1.315s] 
[1.315s] !!
[1.315s]   opt = self.warn_dash_deprecation(opt, section)
[1.448s] running egg_info
[1.473s] writing ../../build/vision/vision.egg-info/PKG-INFO
[1.474s] writing dependency_links to ../../build/vision/vision.egg-info/dependency_links.txt
[1.476s] writing entry points to ../../build/vision/vision.egg-info/entry_points.txt
[1.476s] writing requirements to ../../build/vision/vision.egg-info/requires.txt
[1.477s] writing top-level names to ../../build/vision/vision.egg-info/top_level.txt
[1.652s] reading manifest file '../../build/vision/vision.egg-info/SOURCES.txt'
[1.658s] writing manifest file '../../build/vision/vision.egg-info/SOURCES.txt'
[1.659s] running build
[1.659s] running build_py
[1.659s] running install
[1.659s] /usr/local/lib/python3.8/dist-packages/setuptools/_distutils/cmd.py:66: SetuptoolsDeprecationWarning: setup.py install is deprecated.
[1.659s] !!
[1.659s] 
[1.659s]         ********************************************************************************
[1.666s]         Please avoid running ``setup.py`` directly.
[1.666s]         Instead, use pypa/build, pypa/installer, pypa/build or
[1.672s]         other standards-based tools.
[1.672s] 
[1.673s]         See https://blog.ganssle.io/articles/2021/10/setup-py-deprecated.html for details.
[1.673s]         ********************************************************************************
[1.673s] 
[1.673s] !!
[1.673s]   self.initialize_options()
[1.674s] running install_lib
[1.688s] running install_data
[1.705s] running install_egg_info
[1.727s] removing '/home/dev_ws/install/vision/lib/python3.8/site-packages/vision-0.0.0-py3.8.egg-info' (and everything under it)
[1.730s] Copying ../../build/vision/vision.egg-info to /home/dev_ws/install/vision/lib/python3.8/site-packages/vision-0.0.0-py3.8.egg-info
[1.731s] running install_scripts
[1.802s] Installing color_detector script to /home/dev_ws/install/vision/lib/vision
[1.803s] Installing face_detector script to /home/dev_ws/install/vision/lib/vision
[1.803s] Installing face_recognizer script to /home/dev_ws/install/vision/lib/vision
[1.804s] Installing facial_expression_detector script to /home/dev_ws/install/vision/lib/vision
[1.804s] writing list of installed files to '/home/dev_ws/build/vision/install.log'
[1.840s] Invoked command in '/home/dev_ws/src/vision' returned '0': PYTHONPATH=/home/dev_ws/install/vision/lib/python3.8/site-packages:${PYTHONPATH} /usr/bin/python3 setup.py egg_info --egg-base ../../build/vision build --build-base /home/dev_ws/build/vision/build install --prefix /home/dev_ws/install/vision --record /home/dev_ws/build/vision/install.log --single-version-externally-managed
