[2.109s] Invoking command in '/home/dev_ws/src/manipulation': PYTHONPATH=/home/dev_ws/install/manipulation/lib/python3.8/site-packages:${PYTHONPATH} /usr/bin/python3 setup.py egg_info --egg-base ../../build/manipulation build --build-base /home/dev_ws/build/manipulation/build install --prefix /home/dev_ws/install/manipulation --record /home/dev_ws/build/manipulation/install.log --single-version-externally-managed
[2.509s] running egg_info
[2.510s] writing ../../build/manipulation/manipulation.egg-info/PKG-INFO
[2.511s] writing dependency_links to ../../build/manipulation/manipulation.egg-info/dependency_links.txt
[2.512s] writing entry points to ../../build/manipulation/manipulation.egg-info/entry_points.txt
[2.513s] writing requirements to ../../build/manipulation/manipulation.egg-info/requires.txt
[2.513s] writing top-level names to ../../build/manipulation/manipulation.egg-info/top_level.txt
[2.582s] reading manifest file '../../build/manipulation/manipulation.egg-info/SOURCES.txt'
[2.586s] writing manifest file '../../build/manipulation/manipulation.egg-info/SOURCES.txt'
[2.586s] running build
[2.586s] running build_py
[2.588s] running install
[2.590s] running install_lib
[2.592s] running install_data
[2.593s] running install_egg_info
[2.595s] removing '/home/dev_ws/install/manipulation/lib/python3.8/site-packages/manipulation-0.0.0-py3.8.egg-info' (and everything under it)
[2.596s] Copying ../../build/manipulation/manipulation.egg-info to /home/dev_ws/install/manipulation/lib/python3.8/site-packages/manipulation-0.0.0-py3.8.egg-info
[2.599s] running install_scripts
[2.631s] Installing grab_object script to /home/dev_ws/install/manipulation/lib/manipulation
[2.632s] writing list of installed files to '/home/dev_ws/build/manipulation/install.log'
[2.738s] Invoked command in '/home/dev_ws/src/manipulation' returned '0': PYTHONPATH=/home/dev_ws/install/manipulation/lib/python3.8/site-packages:${PYTHONPATH} /usr/bin/python3 setup.py egg_info --egg-base ../../build/manipulation build --build-base /home/dev_ws/build/manipulation/build install --prefix /home/dev_ws/install/manipulation --record /home/dev_ws/build/manipulation/install.log --single-version-externally-managed
