[4.982s] Invoking command in '/home/dev_ws/src/audio': PYTHONPATH=/home/dev_ws/install/audio/lib/python3.8/site-packages:${PYTHONPATH} /usr/bin/python3 setup.py egg_info --egg-base ../../build/audio build --build-base /home/dev_ws/build/audio/build install --prefix /home/dev_ws/install/audio --record /home/dev_ws/build/audio/install.log --single-version-externally-managed
[5.889s] running egg_info
[5.891s] writing ../../build/audio/audio.egg-info/PKG-INFO
[5.891s] writing dependency_links to ../../build/audio/audio.egg-info/dependency_links.txt
[5.892s] writing entry points to ../../build/audio/audio.egg-info/entry_points.txt
[5.893s] writing requirements to ../../build/audio/audio.egg-info/requires.txt
[5.894s] writing top-level names to ../../build/audio/audio.egg-info/top_level.txt
[6.054s] reading manifest file '../../build/audio/audio.egg-info/SOURCES.txt'
[6.058s] writing manifest file '../../build/audio/audio.egg-info/SOURCES.txt'
[6.059s] running build
[6.059s] running build_py
[6.060s] copying audio/text_to_speech.py -> /home/dev_ws/build/audio/build/lib/audio
[6.060s] running install
[6.063s] running install_lib
[6.070s] copying /home/dev_ws/build/audio/build/lib/audio/text_to_speech.py -> /home/dev_ws/install/audio/lib/python3.8/site-packages/audio
[6.071s] byte-compiling /home/dev_ws/install/audio/lib/python3.8/site-packages/audio/text_to_speech.py to text_to_speech.cpython-38.pyc
[6.077s] running install_data
[6.092s] running install_egg_info
[6.095s] removing '/home/dev_ws/install/audio/lib/python3.8/site-packages/audio-0.0.0-py3.8.egg-info' (and everything under it)
[6.096s] Copying ../../build/audio/audio.egg-info to /home/dev_ws/install/audio/lib/python3.8/site-packages/audio-0.0.0-py3.8.egg-info
[6.099s] running install_scripts
[6.160s] Installing text_to_speech script to /home/dev_ws/install/audio/lib/audio
[6.162s] writing list of installed files to '/home/dev_ws/build/audio/install.log'
[6.452s] Invoked command in '/home/dev_ws/src/audio' returned '0': PYTHONPATH=/home/dev_ws/install/audio/lib/python3.8/site-packages:${PYTHONPATH} /usr/bin/python3 setup.py egg_info --egg-base ../../build/audio build --build-base /home/dev_ws/build/audio/build install --prefix /home/dev_ws/install/audio --record /home/dev_ws/build/audio/install.log --single-version-externally-managed
