[3.918s] Invoking command in '/home/dev_ws/src/audio': PYTHONPATH=/home/dev_ws/install/audio/lib/python3.8/site-packages:${PYTHONPATH} /usr/bin/python3 setup.py egg_info --egg-base ../../build/audio build --build-base /home/dev_ws/build/audio/build install --prefix /home/dev_ws/install/audio --record /home/dev_ws/build/audio/install.log --single-version-externally-managed
[4.420s] running egg_info
[4.421s] writing ../../build/audio/audio.egg-info/PKG-INFO
[4.422s] writing dependency_links to ../../build/audio/audio.egg-info/dependency_links.txt
[4.423s] writing entry points to ../../build/audio/audio.egg-info/entry_points.txt
[4.424s] writing requirements to ../../build/audio/audio.egg-info/requires.txt
[4.424s] writing top-level names to ../../build/audio/audio.egg-info/top_level.txt
[4.542s] reading manifest file '../../build/audio/audio.egg-info/SOURCES.txt'
[4.545s] writing manifest file '../../build/audio/audio.egg-info/SOURCES.txt'
[4.546s] running build
[4.547s] running build_py
[4.548s] copying audio/send_audio.py -> /home/dev_ws/build/audio/build/lib/audio
[4.549s] running install
[4.551s] running install_lib
[4.554s] copying /home/dev_ws/build/audio/build/lib/audio/send_audio.py -> /home/dev_ws/install/audio/lib/python3.8/site-packages/audio
[4.556s] byte-compiling /home/dev_ws/install/audio/lib/python3.8/site-packages/audio/send_audio.py to send_audio.cpython-38.pyc
[4.561s] running install_data
[4.563s] running install_egg_info
[4.567s] removing '/home/dev_ws/install/audio/lib/python3.8/site-packages/audio-0.0.0-py3.8.egg-info' (and everything under it)
[4.568s] Copying ../../build/audio/audio.egg-info to /home/dev_ws/install/audio/lib/python3.8/site-packages/audio-0.0.0-py3.8.egg-info
[4.571s] running install_scripts
[4.620s] Installing send_audio script to /home/dev_ws/install/audio/lib/audio
[4.620s] Installing speech_to_text script to /home/dev_ws/install/audio/lib/audio
[4.622s] writing list of installed files to '/home/dev_ws/build/audio/install.log'
[4.751s] Invoked command in '/home/dev_ws/src/audio' returned '0': PYTHONPATH=/home/dev_ws/install/audio/lib/python3.8/site-packages:${PYTHONPATH} /usr/bin/python3 setup.py egg_info --egg-base ../../build/audio build --build-base /home/dev_ws/build/audio/build install --prefix /home/dev_ws/install/audio --record /home/dev_ws/build/audio/install.log --single-version-externally-managed
