[5.201s] Invoking command in '/home/dev_ws/src/vision': PYTHONPATH=/home/dev_ws/install/vision/lib/python3.8/site-packages:${PYTHONPATH} /usr/bin/python3 setup.py egg_info --egg-base ../../build/vision build --build-base /home/dev_ws/build/vision/build install --prefix /home/dev_ws/install/vision --record /home/dev_ws/build/vision/install.log --single-version-externally-managed
[5.915s] running egg_info
[5.916s] writing ../../build/vision/vision.egg-info/PKG-INFO
[5.917s] writing dependency_links to ../../build/vision/vision.egg-info/dependency_links.txt
[5.921s] writing entry points to ../../build/vision/vision.egg-info/entry_points.txt
[5.923s] writing requirements to ../../build/vision/vision.egg-info/requires.txt
[5.923s] writing top-level names to ../../build/vision/vision.egg-info/top_level.txt
[6.062s] reading manifest file '../../build/vision/vision.egg-info/SOURCES.txt'
[6.065s] writing manifest file '../../build/vision/vision.egg-info/SOURCES.txt'
[6.066s] running build
[6.067s] running build_py
[6.067s] running install
[6.077s] running install_lib
[6.087s] running install_data
[6.089s] running install_egg_info
[6.100s] removing '/home/dev_ws/install/vision/lib/python3.8/site-packages/vision-0.0.0-py3.8.egg-info' (and everything under it)
[6.101s] Copying ../../build/vision/vision.egg-info to /home/dev_ws/install/vision/lib/python3.8/site-packages/vision-0.0.0-py3.8.egg-info
[6.104s] running install_scripts
[6.203s] Installing color_detector script to /home/dev_ws/install/vision/lib/vision
[6.204s] Installing face_detector script to /home/dev_ws/install/vision/lib/vision
[6.204s] Installing face_recognizer script to /home/dev_ws/install/vision/lib/vision
[6.204s] Installing facial_expression_detector script to /home/dev_ws/install/vision/lib/vision
[6.207s] writing list of installed files to '/home/dev_ws/build/vision/install.log'
[6.434s] Invoked command in '/home/dev_ws/src/vision' returned '0': PYTHONPATH=/home/dev_ws/install/vision/lib/python3.8/site-packages:${PYTHONPATH} /usr/bin/python3 setup.py egg_info --egg-base ../../build/vision build --build-base /home/dev_ws/build/vision/build install --prefix /home/dev_ws/install/vision --record /home/dev_ws/build/vision/install.log --single-version-externally-managed
