[2.918s] Invoking command in '/home/dev_ws/src/utils': PYTHONPATH=/home/dev_ws/install/utils/lib/python3.8/site-packages:${PYTHONPATH} /usr/bin/python3 setup.py egg_info --egg-base ../../build/utils build --build-base /home/dev_ws/build/utils/build install --prefix /home/dev_ws/install/utils --record /home/dev_ws/build/utils/install.log --single-version-externally-managed
[3.285s] /usr/local/lib/python3.8/dist-packages/setuptools/dist.py:755: SetuptoolsDeprecationWarning: Invalid dash-separated options
[3.285s] !!
[3.285s] 
[3.285s]         ********************************************************************************
[3.285s]         Usage of dash-separated 'script-dir' will not be supported in future
[3.286s]         versions. Please use the underscore name 'script_dir' instead.
[3.286s] 
[3.286s]         By 2023-Sep-26, you need to update your project and remove deprecated calls
[3.287s]         or your builds will no longer be supported.
[3.287s] 
[3.287s]         See https://setuptools.pypa.io/en/latest/userguide/declarative_config.html for details.
[3.287s]         ********************************************************************************
[3.287s] 
[3.287s] !!
[3.288s]   opt = self.warn_dash_deprecation(opt, section)
[3.288s] /usr/local/lib/python3.8/dist-packages/setuptools/dist.py:755: SetuptoolsDeprecationWarning: Invalid dash-separated options
[3.288s] !!
[3.288s] 
[3.289s]         ********************************************************************************
[3.289s]         Usage of dash-separated 'install-scripts' will not be supported in future
[3.289s]         versions. Please use the underscore name 'install_scripts' instead.
[3.289s] 
[3.289s]         By 2023-Sep-26, you need to update your project and remove deprecated calls
[3.290s]         or your builds will no longer be supported.
[3.290s] 
[3.290s]         See https://setuptools.pypa.io/en/latest/userguide/declarative_config.html for details.
[3.290s]         ********************************************************************************
[3.290s] 
[3.291s] !!
[3.291s]   opt = self.warn_dash_deprecation(opt, section)
[3.463s] running egg_info
[3.493s] writing ../../build/utils/utils.egg-info/PKG-INFO
[3.493s] writing dependency_links to ../../build/utils/utils.egg-info/dependency_links.txt
[3.494s] writing entry points to ../../build/utils/utils.egg-info/entry_points.txt
[3.494s] writing requirements to ../../build/utils/utils.egg-info/requires.txt
[3.494s] writing top-level names to ../../build/utils/utils.egg-info/top_level.txt
[3.705s] reading manifest file '../../build/utils/utils.egg-info/SOURCES.txt'
[3.708s] writing manifest file '../../build/utils/utils.egg-info/SOURCES.txt'
[3.708s] running build
[3.708s] running build_py
[3.709s] running install
[3.709s] /usr/local/lib/python3.8/dist-packages/setuptools/_distutils/cmd.py:66: SetuptoolsDeprecationWarning: setup.py install is deprecated.
[3.709s] !!
[3.709s] 
[3.709s]         ********************************************************************************
[3.710s]         Please avoid running ``setup.py`` directly.
[3.710s]         Instead, use pypa/build, pypa/installer, pypa/build or
[3.710s]         other standards-based tools.
[3.710s] 
[3.710s]         See https://blog.ganssle.io/articles/2021/10/setup-py-deprecated.html for details.
[3.710s]         ********************************************************************************
[3.710s] 
[3.710s] !!
[3.711s]   self.initialize_options()
[3.718s] running install_lib
[3.746s] running install_data
[3.776s] running install_egg_info
[3.805s] removing '/home/dev_ws/install/utils/lib/python3.8/site-packages/utils-0.0.0-py3.8.egg-info' (and everything under it)
[3.806s] Copying ../../build/utils/utils.egg-info to /home/dev_ws/install/utils/lib/python3.8/site-packages/utils-0.0.0-py3.8.egg-info
[3.810s] running install_scripts
[3.945s] Installing utils script to /home/dev_ws/install/utils/lib/utils
[3.946s] writing list of installed files to '/home/dev_ws/build/utils/install.log'
[4.110s] Invoked command in '/home/dev_ws/src/utils' returned '0': PYTHONPATH=/home/dev_ws/install/utils/lib/python3.8/site-packages:${PYTHONPATH} /usr/bin/python3 setup.py egg_info --egg-base ../../build/utils build --build-base /home/dev_ws/build/utils/build install --prefix /home/dev_ws/install/utils --record /home/dev_ws/build/utils/install.log --single-version-externally-managed
