[0.306s] DEBUG:colcon:Command line arguments: ['/usr/bin/colcon', 'build']
[0.306s] DEBUG:colcon:Parsed command line arguments: Namespace(ament_cmake_args=None, base_paths=['.'], build_base='build', catkin_cmake_args=None, catkin_skip_building_tests=False, cmake_args=None, cmake_clean_cache=False, cmake_clean_first=False, cmake_force_configure=False, cmake_target=None, cmake_target_skip_unavailable=False, continue_on_error=False, event_handlers=None, executor='parallel', ignore_user_meta=False, install_base='install', log_base=None, log_level=None, main=<bound method BuildVerb.main of <colcon_core.verb.build.BuildVerb object at 0x7f9bc73506d0>>, merge_install=False, metas=['./colcon.meta'], mixin=None, mixin_files=None, mixin_verb=('build',), packages_above=None, packages_above_and_dependencies=None, packages_above_depth=None, packages_end=None, packages_ignore=None, packages_ignore_regex=None, packages_select=None, packages_select_build_failed=False, packages_select_by_dep=None, packages_select_regex=None, packages_select_test_failures=False, packages_skip=None, packages_skip_build_finished=False, packages_skip_by_dep=None, packages_skip_regex=None, packages_skip_test_passed=False, packages_skip_up_to=None, packages_start=None, packages_up_to=None, packages_up_to_regex=None, parallel_workers=12, paths=None, symlink_install=False, test_result_base=None, verb_extension=<colcon_core.verb.build.BuildVerb object at 0x7f9bc73506d0>, verb_name='build', verb_parser=<colcon_mixin.mixin.mixin_argument.MixinArgumentDecorator object at 0x7f9bc7350d30>)
[0.351s] Level 1:colcon.colcon_core.package_discovery:discover_packages(colcon_meta) check parameters
[0.352s] INFO:colcon.colcon_metadata.package_discovery.colcon_meta:Using configuration from '/root/.colcon/metadata/default/Gazebo.meta'
[0.353s] INFO:colcon.colcon_metadata.package_discovery.colcon_meta:Using configuration from '/root/.colcon/metadata/default/fastrtps.meta'
[0.353s] Level 1:colcon.colcon_core.package_discovery:discover_packages(recursive) check parameters
[0.354s] Level 1:colcon.colcon_core.package_discovery:discover_packages(ignore) check parameters
[0.354s] Level 1:colcon.colcon_core.package_discovery:discover_packages(path) check parameters
[0.354s] Level 1:colcon.colcon_core.package_discovery:discover_packages(colcon_meta) discover
[0.354s] Level 1:colcon.colcon_core.package_discovery:discover_packages(recursive) discover
[0.354s] INFO:colcon.colcon_core.package_discovery:Crawling recursively for packages in '/home/dev_ws'
[0.354s] Level 1:colcon.colcon_core.package_identification:_identify(.) by extensions ['ignore', 'ignore_ament_install']
[0.354s] Level 1:colcon.colcon_core.package_identification:_identify(.) by extension 'ignore'
[0.355s] Level 1:colcon.colcon_core.package_identification:_identify(.) by extension 'ignore_ament_install'
[0.355s] Level 1:colcon.colcon_core.package_identification:_identify(.) by extensions ['colcon_pkg']
[0.355s] Level 1:colcon.colcon_core.package_identification:_identify(.) by extension 'colcon_pkg'
[0.356s] Level 1:colcon.colcon_core.package_identification:_identify(.) by extensions ['colcon_meta']
[0.356s] Level 1:colcon.colcon_core.package_identification:_identify(.) by extension 'colcon_meta'
[0.356s] Level 1:colcon.colcon_core.package_identification:_identify(.) by extensions ['ros']
[0.356s] Level 1:colcon.colcon_core.package_identification:_identify(.) by extension 'ros'
[0.379s] Level 1:colcon.colcon_core.package_identification:_identify(.) by extensions ['cmake', 'python']
[0.380s] Level 1:colcon.colcon_core.package_identification:_identify(.) by extension 'cmake'
[0.380s] Level 1:colcon.colcon_core.package_identification:_identify(.) by extension 'python'
[0.380s] Level 1:colcon.colcon_core.package_identification:_identify(.) by extensions ['python_setup_py']
[0.380s] Level 1:colcon.colcon_core.package_identification:_identify(.) by extension 'python_setup_py'
[0.380s] Level 1:colcon.colcon_core.package_identification:_identify(build) by extensions ['ignore', 'ignore_ament_install']
[0.381s] Level 1:colcon.colcon_core.package_identification:_identify(build) by extension 'ignore'
[0.381s] Level 1:colcon.colcon_core.package_identification:_identify(build) ignored
[0.381s] Level 1:colcon.colcon_core.package_identification:_identify(install) by extensions ['ignore', 'ignore_ament_install']
[0.382s] Level 1:colcon.colcon_core.package_identification:_identify(install) by extension 'ignore'
[0.382s] Level 1:colcon.colcon_core.package_identification:_identify(install) ignored
[0.383s] Level 1:colcon.colcon_core.package_identification:_identify(log) by extensions ['ignore', 'ignore_ament_install']
[0.383s] Level 1:colcon.colcon_core.package_identification:_identify(log) by extension 'ignore'
[0.384s] Level 1:colcon.colcon_core.package_identification:_identify(log) ignored
[0.384s] Level 1:colcon.colcon_core.package_identification:_identify(media) by extensions ['ignore', 'ignore_ament_install']
[0.385s] Level 1:colcon.colcon_core.package_identification:_identify(media) by extension 'ignore'
[0.385s] Level 1:colcon.colcon_core.package_identification:_identify(media) by extension 'ignore_ament_install'
[0.386s] Level 1:colcon.colcon_core.package_identification:_identify(media) by extensions ['colcon_pkg']
[0.387s] Level 1:colcon.colcon_core.package_identification:_identify(media) by extension 'colcon_pkg'
[0.389s] Level 1:colcon.colcon_core.package_identification:_identify(media) by extensions ['colcon_meta']
[0.390s] Level 1:colcon.colcon_core.package_identification:_identify(media) by extension 'colcon_meta'
[0.391s] Level 1:colcon.colcon_core.package_identification:_identify(media) by extensions ['ros']
[0.391s] Level 1:colcon.colcon_core.package_identification:_identify(media) by extension 'ros'
[0.392s] Level 1:colcon.colcon_core.package_identification:_identify(media) by extensions ['cmake', 'python']
[0.392s] Level 1:colcon.colcon_core.package_identification:_identify(media) by extension 'cmake'
[0.392s] Level 1:colcon.colcon_core.package_identification:_identify(media) by extension 'python'
[0.393s] Level 1:colcon.colcon_core.package_identification:_identify(media) by extensions ['python_setup_py']
[0.393s] Level 1:colcon.colcon_core.package_identification:_identify(media) by extension 'python_setup_py'
[0.393s] Level 1:colcon.colcon_core.package_identification:_identify(src) by extensions ['ignore', 'ignore_ament_install']
[0.394s] Level 1:colcon.colcon_core.package_identification:_identify(src) by extension 'ignore'
[0.394s] Level 1:colcon.colcon_core.package_identification:_identify(src) by extension 'ignore_ament_install'
[0.394s] Level 1:colcon.colcon_core.package_identification:_identify(src) by extensions ['colcon_pkg']
[0.394s] Level 1:colcon.colcon_core.package_identification:_identify(src) by extension 'colcon_pkg'
[0.395s] Level 1:colcon.colcon_core.package_identification:_identify(src) by extensions ['colcon_meta']
[0.395s] Level 1:colcon.colcon_core.package_identification:_identify(src) by extension 'colcon_meta'
[0.395s] Level 1:colcon.colcon_core.package_identification:_identify(src) by extensions ['ros']
[0.395s] Level 1:colcon.colcon_core.package_identification:_identify(src) by extension 'ros'
[0.395s] Level 1:colcon.colcon_core.package_identification:_identify(src) by extensions ['cmake', 'python']
[0.396s] Level 1:colcon.colcon_core.package_identification:_identify(src) by extension 'cmake'
[0.396s] Level 1:colcon.colcon_core.package_identification:_identify(src) by extension 'python'
[0.396s] Level 1:colcon.colcon_core.package_identification:_identify(src) by extensions ['python_setup_py']
[0.396s] Level 1:colcon.colcon_core.package_identification:_identify(src) by extension 'python_setup_py'
[0.398s] Level 1:colcon.colcon_core.package_identification:_identify(src/audio) by extensions ['ignore', 'ignore_ament_install']
[0.399s] Level 1:colcon.colcon_core.package_identification:_identify(src/audio) by extension 'ignore'
[0.400s] Level 1:colcon.colcon_core.package_identification:_identify(src/audio) by extension 'ignore_ament_install'
[0.400s] Level 1:colcon.colcon_core.package_identification:_identify(src/audio) by extensions ['colcon_pkg']
[0.401s] Level 1:colcon.colcon_core.package_identification:_identify(src/audio) by extension 'colcon_pkg'
[0.401s] Level 1:colcon.colcon_core.package_identification:_identify(src/audio) by extensions ['colcon_meta']
[0.401s] Level 1:colcon.colcon_core.package_identification:_identify(src/audio) by extension 'colcon_meta'
[0.401s] Level 1:colcon.colcon_core.package_identification:_identify(src/audio) by extensions ['ros']
[0.401s] Level 1:colcon.colcon_core.package_identification:_identify(src/audio) by extension 'ros'
[0.408s] DEBUG:colcon.colcon_core.package_identification:Package 'src/audio' with type 'ros.ament_python' and name 'audio'
[0.409s] Level 1:colcon.colcon_core.package_identification:_identify(src/build) by extensions ['ignore', 'ignore_ament_install']
[0.409s] Level 1:colcon.colcon_core.package_identification:_identify(src/build) by extension 'ignore'
[0.409s] Level 1:colcon.colcon_core.package_identification:_identify(src/build) ignored
[0.409s] Level 1:colcon.colcon_core.package_identification:_identify(src/face_controller) by extensions ['ignore', 'ignore_ament_install']
[0.409s] Level 1:colcon.colcon_core.package_identification:_identify(src/face_controller) by extension 'ignore'
[0.410s] Level 1:colcon.colcon_core.package_identification:_identify(src/face_controller) by extension 'ignore_ament_install'
[0.410s] Level 1:colcon.colcon_core.package_identification:_identify(src/face_controller) by extensions ['colcon_pkg']
[0.410s] Level 1:colcon.colcon_core.package_identification:_identify(src/face_controller) by extension 'colcon_pkg'
[0.410s] Level 1:colcon.colcon_core.package_identification:_identify(src/face_controller) by extensions ['colcon_meta']
[0.410s] Level 1:colcon.colcon_core.package_identification:_identify(src/face_controller) by extension 'colcon_meta'
[0.410s] Level 1:colcon.colcon_core.package_identification:_identify(src/face_controller) by extensions ['ros']
[0.411s] Level 1:colcon.colcon_core.package_identification:_identify(src/face_controller) by extension 'ros'
[0.412s] DEBUG:colcon.colcon_core.package_identification:Package 'src/face_controller' with type 'ros.ament_python' and name 'face_controller'
[0.413s] Level 1:colcon.colcon_core.package_identification:_identify(src/install) by extensions ['ignore', 'ignore_ament_install']
[0.413s] Level 1:colcon.colcon_core.package_identification:_identify(src/install) by extension 'ignore'
[0.413s] Level 1:colcon.colcon_core.package_identification:_identify(src/install) ignored
[0.414s] Level 1:colcon.colcon_core.package_identification:_identify(src/log) by extensions ['ignore', 'ignore_ament_install']
[0.414s] Level 1:colcon.colcon_core.package_identification:_identify(src/log) by extension 'ignore'
[0.414s] Level 1:colcon.colcon_core.package_identification:_identify(src/log) ignored
[0.414s] Level 1:colcon.colcon_core.package_identification:_identify(src/manipulation) by extensions ['ignore', 'ignore_ament_install']
[0.414s] Level 1:colcon.colcon_core.package_identification:_identify(src/manipulation) by extension 'ignore'
[0.414s] Level 1:colcon.colcon_core.package_identification:_identify(src/manipulation) by extension 'ignore_ament_install'
[0.414s] Level 1:colcon.colcon_core.package_identification:_identify(src/manipulation) by extensions ['colcon_pkg']
[0.415s] Level 1:colcon.colcon_core.package_identification:_identify(src/manipulation) by extension 'colcon_pkg'
[0.415s] Level 1:colcon.colcon_core.package_identification:_identify(src/manipulation) by extensions ['colcon_meta']
[0.415s] Level 1:colcon.colcon_core.package_identification:_identify(src/manipulation) by extension 'colcon_meta'
[0.415s] Level 1:colcon.colcon_core.package_identification:_identify(src/manipulation) by extensions ['ros']
[0.415s] Level 1:colcon.colcon_core.package_identification:_identify(src/manipulation) by extension 'ros'
[0.416s] DEBUG:colcon.colcon_core.package_identification:Package 'src/manipulation' with type 'ros.ament_python' and name 'manipulation'
[0.416s] Level 1:colcon.colcon_core.package_identification:_identify(src/ros_tcp_endpoint) by extensions ['ignore', 'ignore_ament_install']
[0.417s] Level 1:colcon.colcon_core.package_identification:_identify(src/ros_tcp_endpoint) by extension 'ignore'
[0.417s] Level 1:colcon.colcon_core.package_identification:_identify(src/ros_tcp_endpoint) by extension 'ignore_ament_install'
[0.417s] Level 1:colcon.colcon_core.package_identification:_identify(src/ros_tcp_endpoint) by extensions ['colcon_pkg']
[0.418s] Level 1:colcon.colcon_core.package_identification:_identify(src/ros_tcp_endpoint) by extension 'colcon_pkg'
[0.418s] Level 1:colcon.colcon_core.package_identification:_identify(src/ros_tcp_endpoint) by extensions ['colcon_meta']
[0.418s] Level 1:colcon.colcon_core.package_identification:_identify(src/ros_tcp_endpoint) by extension 'colcon_meta'
[0.418s] Level 1:colcon.colcon_core.package_identification:_identify(src/ros_tcp_endpoint) by extensions ['ros']
[0.418s] Level 1:colcon.colcon_core.package_identification:_identify(src/ros_tcp_endpoint) by extension 'ros'
[0.419s] Level 1:colcon.colcon_core.package_identification:_identify(src/ros_tcp_endpoint) by extensions ['cmake', 'python']
[0.419s] Level 1:colcon.colcon_core.package_identification:_identify(src/ros_tcp_endpoint) by extension 'cmake'
[0.419s] Level 1:colcon.colcon_core.package_identification:_identify(src/ros_tcp_endpoint) by extension 'python'
[0.419s] Level 1:colcon.colcon_core.package_identification:_identify(src/ros_tcp_endpoint) by extensions ['python_setup_py']
[0.419s] Level 1:colcon.colcon_core.package_identification:_identify(src/ros_tcp_endpoint) by extension 'python_setup_py'
[0.420s] Level 1:colcon.colcon_core.package_identification:_identify(src/unity_robotics_demo) by extensions ['ignore', 'ignore_ament_install']
[0.420s] Level 1:colcon.colcon_core.package_identification:_identify(src/unity_robotics_demo) by extension 'ignore'
[0.420s] Level 1:colcon.colcon_core.package_identification:_identify(src/unity_robotics_demo) by extension 'ignore_ament_install'
[0.420s] Level 1:colcon.colcon_core.package_identification:_identify(src/unity_robotics_demo) by extensions ['colcon_pkg']
[0.420s] Level 1:colcon.colcon_core.package_identification:_identify(src/unity_robotics_demo) by extension 'colcon_pkg'
[0.420s] Level 1:colcon.colcon_core.package_identification:_identify(src/unity_robotics_demo) by extensions ['colcon_meta']
[0.420s] Level 1:colcon.colcon_core.package_identification:_identify(src/unity_robotics_demo) by extension 'colcon_meta'
[0.421s] Level 1:colcon.colcon_core.package_identification:_identify(src/unity_robotics_demo) by extensions ['ros']
[0.421s] Level 1:colcon.colcon_core.package_identification:_identify(src/unity_robotics_demo) by extension 'ros'
[0.422s] DEBUG:colcon.colcon_core.package_identification:Package 'src/unity_robotics_demo' with type 'ros.ament_python' and name 'unity_robotics_demo'
[0.424s] Level 1:colcon.colcon_core.package_identification:_identify(src/unity_robotics_demo_msgs) by extensions ['ignore', 'ignore_ament_install']
[0.425s] Level 1:colcon.colcon_core.package_identification:_identify(src/unity_robotics_demo_msgs) by extension 'ignore'
[0.425s] Level 1:colcon.colcon_core.package_identification:_identify(src/unity_robotics_demo_msgs) by extension 'ignore_ament_install'
[0.425s] Level 1:colcon.colcon_core.package_identification:_identify(src/unity_robotics_demo_msgs) by extensions ['colcon_pkg']
[0.425s] Level 1:colcon.colcon_core.package_identification:_identify(src/unity_robotics_demo_msgs) by extension 'colcon_pkg'
[0.426s] Level 1:colcon.colcon_core.package_identification:_identify(src/unity_robotics_demo_msgs) by extensions ['colcon_meta']
[0.426s] Level 1:colcon.colcon_core.package_identification:_identify(src/unity_robotics_demo_msgs) by extension 'colcon_meta'
[0.426s] Level 1:colcon.colcon_core.package_identification:_identify(src/unity_robotics_demo_msgs) by extensions ['ros']
[0.426s] Level 1:colcon.colcon_core.package_identification:_identify(src/unity_robotics_demo_msgs) by extension 'ros'
[0.428s] DEBUG:colcon.colcon_core.package_identification:Package 'src/unity_robotics_demo_msgs' with type 'ros.ament_cmake' and name 'unity_robotics_demo_msgs'
[0.429s] Level 1:colcon.colcon_core.package_identification:_identify(src/utils) by extensions ['ignore', 'ignore_ament_install']
[0.429s] Level 1:colcon.colcon_core.package_identification:_identify(src/utils) by extension 'ignore'
[0.429s] Level 1:colcon.colcon_core.package_identification:_identify(src/utils) by extension 'ignore_ament_install'
[0.429s] Level 1:colcon.colcon_core.package_identification:_identify(src/utils) by extensions ['colcon_pkg']
[0.429s] Level 1:colcon.colcon_core.package_identification:_identify(src/utils) by extension 'colcon_pkg'
[0.429s] Level 1:colcon.colcon_core.package_identification:_identify(src/utils) by extensions ['colcon_meta']
[0.430s] Level 1:colcon.colcon_core.package_identification:_identify(src/utils) by extension 'colcon_meta'
[0.430s] Level 1:colcon.colcon_core.package_identification:_identify(src/utils) by extensions ['ros']
[0.430s] Level 1:colcon.colcon_core.package_identification:_identify(src/utils) by extension 'ros'
[0.431s] DEBUG:colcon.colcon_core.package_identification:Package 'src/utils' with type 'ros.ament_python' and name 'utils'
[0.431s] Level 1:colcon.colcon_core.package_identification:_identify(src/vision) by extensions ['ignore', 'ignore_ament_install']
[0.431s] Level 1:colcon.colcon_core.package_identification:_identify(src/vision) by extension 'ignore'
[0.431s] Level 1:colcon.colcon_core.package_identification:_identify(src/vision) by extension 'ignore_ament_install'
[0.432s] Level 1:colcon.colcon_core.package_identification:_identify(src/vision) by extensions ['colcon_pkg']
[0.432s] Level 1:colcon.colcon_core.package_identification:_identify(src/vision) by extension 'colcon_pkg'
[0.432s] Level 1:colcon.colcon_core.package_identification:_identify(src/vision) by extensions ['colcon_meta']
[0.432s] Level 1:colcon.colcon_core.package_identification:_identify(src/vision) by extension 'colcon_meta'
[0.432s] Level 1:colcon.colcon_core.package_identification:_identify(src/vision) by extensions ['ros']
[0.432s] Level 1:colcon.colcon_core.package_identification:_identify(src/vision) by extension 'ros'
[0.434s] DEBUG:colcon.colcon_core.package_identification:Package 'src/vision' with type 'ros.ament_python' and name 'vision'
[0.435s] Level 1:colcon.colcon_core.package_discovery:discover_packages(recursive) using defaults
[0.435s] Level 1:colcon.colcon_core.package_discovery:discover_packages(ignore) discover
[0.435s] Level 1:colcon.colcon_core.package_discovery:discover_packages(ignore) using defaults
[0.435s] Level 1:colcon.colcon_core.package_discovery:discover_packages(path) discover
[0.435s] Level 1:colcon.colcon_core.package_discovery:discover_packages(path) using defaults
[0.493s] Level 5:colcon.colcon_core.verb:set package 'audio' build argument 'cmake_args' from command line to 'None'
[0.493s] Level 5:colcon.colcon_core.verb:set package 'audio' build argument 'cmake_target' from command line to 'None'
[0.494s] Level 5:colcon.colcon_core.verb:set package 'audio' build argument 'cmake_target_skip_unavailable' from command line to 'False'
[0.494s] Level 5:colcon.colcon_core.verb:set package 'audio' build argument 'cmake_clean_cache' from command line to 'False'
[0.494s] Level 5:colcon.colcon_core.verb:set package 'audio' build argument 'cmake_clean_first' from command line to 'False'
[0.494s] Level 5:colcon.colcon_core.verb:set package 'audio' build argument 'cmake_force_configure' from command line to 'False'
[0.494s] Level 5:colcon.colcon_core.verb:set package 'audio' build argument 'ament_cmake_args' from command line to 'None'
[0.494s] Level 5:colcon.colcon_core.verb:set package 'audio' build argument 'catkin_cmake_args' from command line to 'None'
[0.494s] Level 5:colcon.colcon_core.verb:set package 'audio' build argument 'catkin_skip_building_tests' from command line to 'False'
[0.494s] DEBUG:colcon.colcon_core.verb:Building package 'audio' with the following arguments: {'ament_cmake_args': None, 'build_base': '/home/dev_ws/build/audio', 'catkin_cmake_args': None, 'catkin_skip_building_tests': False, 'cmake_args': None, 'cmake_clean_cache': False, 'cmake_clean_first': False, 'cmake_force_configure': False, 'cmake_target': None, 'cmake_target_skip_unavailable': False, 'install_base': '/home/dev_ws/install/audio', 'merge_install': False, 'path': '/home/dev_ws/src/audio', 'symlink_install': False, 'test_result_base': None}
[0.496s] Level 5:colcon.colcon_core.verb:set package 'face_controller' build argument 'cmake_args' from command line to 'None'
[0.496s] Level 5:colcon.colcon_core.verb:set package 'face_controller' build argument 'cmake_target' from command line to 'None'
[0.496s] Level 5:colcon.colcon_core.verb:set package 'face_controller' build argument 'cmake_target_skip_unavailable' from command line to 'False'
[0.496s] Level 5:colcon.colcon_core.verb:set package 'face_controller' build argument 'cmake_clean_cache' from command line to 'False'
[0.496s] Level 5:colcon.colcon_core.verb:set package 'face_controller' build argument 'cmake_clean_first' from command line to 'False'
[0.496s] Level 5:colcon.colcon_core.verb:set package 'face_controller' build argument 'cmake_force_configure' from command line to 'False'
[0.496s] Level 5:colcon.colcon_core.verb:set package 'face_controller' build argument 'ament_cmake_args' from command line to 'None'
[0.496s] Level 5:colcon.colcon_core.verb:set package 'face_controller' build argument 'catkin_cmake_args' from command line to 'None'
[0.496s] Level 5:colcon.colcon_core.verb:set package 'face_controller' build argument 'catkin_skip_building_tests' from command line to 'False'
[0.497s] DEBUG:colcon.colcon_core.verb:Building package 'face_controller' with the following arguments: {'ament_cmake_args': None, 'build_base': '/home/dev_ws/build/face_controller', 'catkin_cmake_args': None, 'catkin_skip_building_tests': False, 'cmake_args': None, 'cmake_clean_cache': False, 'cmake_clean_first': False, 'cmake_force_configure': False, 'cmake_target': None, 'cmake_target_skip_unavailable': False, 'install_base': '/home/dev_ws/install/face_controller', 'merge_install': False, 'path': '/home/dev_ws/src/face_controller', 'symlink_install': False, 'test_result_base': None}
[0.498s] Level 5:colcon.colcon_core.verb:set package 'manipulation' build argument 'cmake_args' from command line to 'None'
[0.499s] Level 5:colcon.colcon_core.verb:set package 'manipulation' build argument 'cmake_target' from command line to 'None'
[0.499s] Level 5:colcon.colcon_core.verb:set package 'manipulation' build argument 'cmake_target_skip_unavailable' from command line to 'False'
[0.499s] Level 5:colcon.colcon_core.verb:set package 'manipulation' build argument 'cmake_clean_cache' from command line to 'False'
[0.499s] Level 5:colcon.colcon_core.verb:set package 'manipulation' build argument 'cmake_clean_first' from command line to 'False'
[0.499s] Level 5:colcon.colcon_core.verb:set package 'manipulation' build argument 'cmake_force_configure' from command line to 'False'
[0.499s] Level 5:colcon.colcon_core.verb:set package 'manipulation' build argument 'ament_cmake_args' from command line to 'None'
[0.499s] Level 5:colcon.colcon_core.verb:set package 'manipulation' build argument 'catkin_cmake_args' from command line to 'None'
[0.499s] Level 5:colcon.colcon_core.verb:set package 'manipulation' build argument 'catkin_skip_building_tests' from command line to 'False'
[0.500s] DEBUG:colcon.colcon_core.verb:Building package 'manipulation' with the following arguments: {'ament_cmake_args': None, 'build_base': '/home/dev_ws/build/manipulation', 'catkin_cmake_args': None, 'catkin_skip_building_tests': False, 'cmake_args': None, 'cmake_clean_cache': False, 'cmake_clean_first': False, 'cmake_force_configure': False, 'cmake_target': None, 'cmake_target_skip_unavailable': False, 'install_base': '/home/dev_ws/install/manipulation', 'merge_install': False, 'path': '/home/dev_ws/src/manipulation', 'symlink_install': False, 'test_result_base': None}
[0.502s] Level 5:colcon.colcon_core.verb:set package 'unity_robotics_demo' build argument 'cmake_args' from command line to 'None'
[0.502s] Level 5:colcon.colcon_core.verb:set package 'unity_robotics_demo' build argument 'cmake_target' from command line to 'None'
[0.502s] Level 5:colcon.colcon_core.verb:set package 'unity_robotics_demo' build argument 'cmake_target_skip_unavailable' from command line to 'False'
[0.503s] Level 5:colcon.colcon_core.verb:set package 'unity_robotics_demo' build argument 'cmake_clean_cache' from command line to 'False'
[0.503s] Level 5:colcon.colcon_core.verb:set package 'unity_robotics_demo' build argument 'cmake_clean_first' from command line to 'False'
[0.503s] Level 5:colcon.colcon_core.verb:set package 'unity_robotics_demo' build argument 'cmake_force_configure' from command line to 'False'
[0.503s] Level 5:colcon.colcon_core.verb:set package 'unity_robotics_demo' build argument 'ament_cmake_args' from command line to 'None'
[0.503s] Level 5:colcon.colcon_core.verb:set package 'unity_robotics_demo' build argument 'catkin_cmake_args' from command line to 'None'
[0.503s] Level 5:colcon.colcon_core.verb:set package 'unity_robotics_demo' build argument 'catkin_skip_building_tests' from command line to 'False'
[0.503s] DEBUG:colcon.colcon_core.verb:Building package 'unity_robotics_demo' with the following arguments: {'ament_cmake_args': None, 'build_base': '/home/dev_ws/build/unity_robotics_demo', 'catkin_cmake_args': None, 'catkin_skip_building_tests': False, 'cmake_args': None, 'cmake_clean_cache': False, 'cmake_clean_first': False, 'cmake_force_configure': False, 'cmake_target': None, 'cmake_target_skip_unavailable': False, 'install_base': '/home/dev_ws/install/unity_robotics_demo', 'merge_install': False, 'path': '/home/dev_ws/src/unity_robotics_demo', 'symlink_install': False, 'test_result_base': None}
[0.505s] Level 5:colcon.colcon_core.verb:set package 'unity_robotics_demo_msgs' build argument 'cmake_args' from command line to 'None'
[0.505s] Level 5:colcon.colcon_core.verb:set package 'unity_robotics_demo_msgs' build argument 'cmake_target' from command line to 'None'
[0.506s] Level 5:colcon.colcon_core.verb:set package 'unity_robotics_demo_msgs' build argument 'cmake_target_skip_unavailable' from command line to 'False'
[0.506s] Level 5:colcon.colcon_core.verb:set package 'unity_robotics_demo_msgs' build argument 'cmake_clean_cache' from command line to 'False'
[0.506s] Level 5:colcon.colcon_core.verb:set package 'unity_robotics_demo_msgs' build argument 'cmake_clean_first' from command line to 'False'
[0.506s] Level 5:colcon.colcon_core.verb:set package 'unity_robotics_demo_msgs' build argument 'cmake_force_configure' from command line to 'False'
[0.507s] Level 5:colcon.colcon_core.verb:set package 'unity_robotics_demo_msgs' build argument 'ament_cmake_args' from command line to 'None'
[0.507s] Level 5:colcon.colcon_core.verb:set package 'unity_robotics_demo_msgs' build argument 'catkin_cmake_args' from command line to 'None'
[0.507s] Level 5:colcon.colcon_core.verb:set package 'unity_robotics_demo_msgs' build argument 'catkin_skip_building_tests' from command line to 'False'
[0.507s] DEBUG:colcon.colcon_core.verb:Building package 'unity_robotics_demo_msgs' with the following arguments: {'ament_cmake_args': None, 'build_base': '/home/dev_ws/build/unity_robotics_demo_msgs', 'catkin_cmake_args': None, 'catkin_skip_building_tests': False, 'cmake_args': None, 'cmake_clean_cache': False, 'cmake_clean_first': False, 'cmake_force_configure': False, 'cmake_target': None, 'cmake_target_skip_unavailable': False, 'install_base': '/home/dev_ws/install/unity_robotics_demo_msgs', 'merge_install': False, 'path': '/home/dev_ws/src/unity_robotics_demo_msgs', 'symlink_install': False, 'test_result_base': None}
[0.509s] Level 5:colcon.colcon_core.verb:set package 'utils' build argument 'cmake_args' from command line to 'None'
[0.509s] Level 5:colcon.colcon_core.verb:set package 'utils' build argument 'cmake_target' from command line to 'None'
[0.510s] Level 5:colcon.colcon_core.verb:set package 'utils' build argument 'cmake_target_skip_unavailable' from command line to 'False'
[0.510s] Level 5:colcon.colcon_core.verb:set package 'utils' build argument 'cmake_clean_cache' from command line to 'False'
[0.510s] Level 5:colcon.colcon_core.verb:set package 'utils' build argument 'cmake_clean_first' from command line to 'False'
[0.510s] Level 5:colcon.colcon_core.verb:set package 'utils' build argument 'cmake_force_configure' from command line to 'False'
[0.510s] Level 5:colcon.colcon_core.verb:set package 'utils' build argument 'ament_cmake_args' from command line to 'None'
[0.510s] Level 5:colcon.colcon_core.verb:set package 'utils' build argument 'catkin_cmake_args' from command line to 'None'
[0.510s] Level 5:colcon.colcon_core.verb:set package 'utils' build argument 'catkin_skip_building_tests' from command line to 'False'
[0.510s] DEBUG:colcon.colcon_core.verb:Building package 'utils' with the following arguments: {'ament_cmake_args': None, 'build_base': '/home/dev_ws/build/utils', 'catkin_cmake_args': None, 'catkin_skip_building_tests': False, 'cmake_args': None, 'cmake_clean_cache': False, 'cmake_clean_first': False, 'cmake_force_configure': False, 'cmake_target': None, 'cmake_target_skip_unavailable': False, 'install_base': '/home/dev_ws/install/utils', 'merge_install': False, 'path': '/home/dev_ws/src/utils', 'symlink_install': False, 'test_result_base': None}
[0.511s] Level 5:colcon.colcon_core.verb:set package 'vision' build argument 'cmake_args' from command line to 'None'
[0.512s] Level 5:colcon.colcon_core.verb:set package 'vision' build argument 'cmake_target' from command line to 'None'
[0.512s] Level 5:colcon.colcon_core.verb:set package 'vision' build argument 'cmake_target_skip_unavailable' from command line to 'False'
[0.512s] Level 5:colcon.colcon_core.verb:set package 'vision' build argument 'cmake_clean_cache' from command line to 'False'
[0.512s] Level 5:colcon.colcon_core.verb:set package 'vision' build argument 'cmake_clean_first' from command line to 'False'
[0.512s] Level 5:colcon.colcon_core.verb:set package 'vision' build argument 'cmake_force_configure' from command line to 'False'
[0.512s] Level 5:colcon.colcon_core.verb:set package 'vision' build argument 'ament_cmake_args' from command line to 'None'
[0.512s] Level 5:colcon.colcon_core.verb:set package 'vision' build argument 'catkin_cmake_args' from command line to 'None'
[0.512s] Level 5:colcon.colcon_core.verb:set package 'vision' build argument 'catkin_skip_building_tests' from command line to 'False'
[0.512s] DEBUG:colcon.colcon_core.verb:Building package 'vision' with the following arguments: {'ament_cmake_args': None, 'build_base': '/home/dev_ws/build/vision', 'catkin_cmake_args': None, 'catkin_skip_building_tests': False, 'cmake_args': None, 'cmake_clean_cache': False, 'cmake_clean_first': False, 'cmake_force_configure': False, 'cmake_target': None, 'cmake_target_skip_unavailable': False, 'install_base': '/home/dev_ws/install/vision', 'merge_install': False, 'path': '/home/dev_ws/src/vision', 'symlink_install': False, 'test_result_base': None}
[0.513s] INFO:colcon.colcon_core.executor:Executing jobs using 'parallel' executor
[0.520s] DEBUG:colcon.colcon_parallel_executor.executor.parallel:run_until_complete
[0.521s] INFO:colcon.colcon_ros.task.ament_python.build:Building ROS package in '/home/dev_ws/src/audio' with build type 'ament_python'
[0.522s] Level 1:colcon.colcon_core.shell:create_environment_hook('audio', 'ament_prefix_path')
[0.539s] INFO:colcon.colcon_core.plugin_system:Skipping extension 'colcon_core.shell.bat': Not used on non-Windows systems
[0.539s] INFO:colcon.colcon_core.shell:Creating environment hook '/home/dev_ws/install/audio/share/audio/hook/ament_prefix_path.ps1'
[0.541s] INFO:colcon.colcon_core.shell:Creating environment descriptor '/home/dev_ws/install/audio/share/audio/hook/ament_prefix_path.dsv'
[0.543s] INFO:colcon.colcon_core.shell:Creating environment hook '/home/dev_ws/install/audio/share/audio/hook/ament_prefix_path.sh'
[0.550s] INFO:colcon.colcon_core.shell:Skip shell extension 'powershell' for command environment: Not usable outside of PowerShell
[0.553s] DEBUG:colcon.colcon_core.shell:Skip shell extension 'dsv' for command environment
[0.579s] INFO:colcon.colcon_ros.task.ament_python.build:Building ROS package in '/home/dev_ws/src/face_controller' with build type 'ament_python'
[0.581s] Level 1:colcon.colcon_core.shell:create_environment_hook('face_controller', 'ament_prefix_path')
[0.584s] INFO:colcon.colcon_core.shell:Creating environment hook '/home/dev_ws/install/face_controller/share/face_controller/hook/ament_prefix_path.ps1'
[0.616s] INFO:colcon.colcon_core.shell:Creating environment descriptor '/home/dev_ws/install/face_controller/share/face_controller/hook/ament_prefix_path.dsv'
[0.624s] INFO:colcon.colcon_core.shell:Creating environment hook '/home/dev_ws/install/face_controller/share/face_controller/hook/ament_prefix_path.sh'
[0.639s] INFO:colcon.colcon_core.shell:Skip shell extension 'powershell' for command environment: Not usable outside of PowerShell
[0.639s] DEBUG:colcon.colcon_core.shell:Skip shell extension 'dsv' for command environment
[0.674s] INFO:colcon.colcon_ros.task.ament_python.build:Building ROS package in '/home/dev_ws/src/manipulation' with build type 'ament_python'
[0.684s] Level 1:colcon.colcon_core.shell:create_environment_hook('manipulation', 'ament_prefix_path')
[0.687s] INFO:colcon.colcon_core.shell:Creating environment hook '/home/dev_ws/install/manipulation/share/manipulation/hook/ament_prefix_path.ps1'
[0.690s] INFO:colcon.colcon_core.shell:Creating environment descriptor '/home/dev_ws/install/manipulation/share/manipulation/hook/ament_prefix_path.dsv'
[0.692s] INFO:colcon.colcon_core.shell:Creating environment hook '/home/dev_ws/install/manipulation/share/manipulation/hook/ament_prefix_path.sh'
[0.708s] INFO:colcon.colcon_core.shell:Skip shell extension 'powershell' for command environment: Not usable outside of PowerShell
[0.708s] DEBUG:colcon.colcon_core.shell:Skip shell extension 'dsv' for command environment
[0.743s] INFO:colcon.colcon_ros.task.ament_python.build:Building ROS package in '/home/dev_ws/src/unity_robotics_demo' with build type 'ament_python'
[0.744s] Level 1:colcon.colcon_core.shell:create_environment_hook('unity_robotics_demo', 'ament_prefix_path')
[0.747s] INFO:colcon.colcon_core.shell:Creating environment hook '/home/dev_ws/install/unity_robotics_demo/share/unity_robotics_demo/hook/ament_prefix_path.ps1'
[0.757s] INFO:colcon.colcon_core.shell:Creating environment descriptor '/home/dev_ws/install/unity_robotics_demo/share/unity_robotics_demo/hook/ament_prefix_path.dsv'
[0.759s] INFO:colcon.colcon_core.shell:Creating environment hook '/home/dev_ws/install/unity_robotics_demo/share/unity_robotics_demo/hook/ament_prefix_path.sh'
[0.763s] INFO:colcon.colcon_core.shell:Skip shell extension 'powershell' for command environment: Not usable outside of PowerShell
[0.763s] DEBUG:colcon.colcon_core.shell:Skip shell extension 'dsv' for command environment
[0.793s] INFO:colcon.colcon_ros.task.ament_cmake.build:Building ROS package in '/home/dev_ws/src/unity_robotics_demo_msgs' with build type 'ament_cmake'
[0.795s] INFO:colcon.colcon_cmake.task.cmake.build:Building CMake package in '/home/dev_ws/src/unity_robotics_demo_msgs'
[0.798s] INFO:colcon.colcon_core.shell:Skip shell extension 'powershell' for command environment: Not usable outside of PowerShell
[0.799s] DEBUG:colcon.colcon_core.shell:Skip shell extension 'dsv' for command environment
[0.826s] INFO:colcon.colcon_ros.task.ament_python.build:Building ROS package in '/home/dev_ws/src/utils' with build type 'ament_python'
[0.828s] Level 1:colcon.colcon_core.shell:create_environment_hook('utils', 'ament_prefix_path')
[0.830s] INFO:colcon.colcon_core.shell:Creating environment hook '/home/dev_ws/install/utils/share/utils/hook/ament_prefix_path.ps1'
[0.834s] INFO:colcon.colcon_core.shell:Creating environment descriptor '/home/dev_ws/install/utils/share/utils/hook/ament_prefix_path.dsv'
[0.837s] INFO:colcon.colcon_core.shell:Creating environment hook '/home/dev_ws/install/utils/share/utils/hook/ament_prefix_path.sh'
[0.841s] INFO:colcon.colcon_core.shell:Skip shell extension 'powershell' for command environment: Not usable outside of PowerShell
[0.841s] DEBUG:colcon.colcon_core.shell:Skip shell extension 'dsv' for command environment
[0.866s] INFO:colcon.colcon_ros.task.ament_python.build:Building ROS package in '/home/dev_ws/src/vision' with build type 'ament_python'
[0.868s] Level 1:colcon.colcon_core.shell:create_environment_hook('vision', 'ament_prefix_path')
[0.875s] INFO:colcon.colcon_core.shell:Creating environment hook '/home/dev_ws/install/vision/share/vision/hook/ament_prefix_path.ps1'
[0.878s] INFO:colcon.colcon_core.shell:Creating environment descriptor '/home/dev_ws/install/vision/share/vision/hook/ament_prefix_path.dsv'
[0.879s] INFO:colcon.colcon_core.shell:Creating environment hook '/home/dev_ws/install/vision/share/vision/hook/ament_prefix_path.sh'
[0.884s] INFO:colcon.colcon_core.shell:Skip shell extension 'powershell' for command environment: Not usable outside of PowerShell
[0.889s] DEBUG:colcon.colcon_core.shell:Skip shell extension 'dsv' for command environment
[1.803s] INFO:colcon.colcon_core.task.python.build:Building Python package in '/home/dev_ws/src/audio'
[1.805s] INFO:colcon.colcon_core.shell:Skip shell extension 'powershell' for command environment: Not usable outside of PowerShell
[1.806s] DEBUG:colcon.colcon_core.shell:Skip shell extension 'dsv' for command environment
[2.264s] INFO:colcon.colcon_core.task.python.build:Building Python package in '/home/dev_ws/src/face_controller'
[2.266s] INFO:colcon.colcon_core.shell:Skip shell extension 'powershell' for command environment: Not usable outside of PowerShell
[2.267s] DEBUG:colcon.colcon_core.shell:Skip shell extension 'dsv' for command environment
[2.669s] INFO:colcon.colcon_core.task.python.build:Building Python package in '/home/dev_ws/src/manipulation'
[2.670s] INFO:colcon.colcon_core.shell:Skip shell extension 'powershell' for command environment: Not usable outside of PowerShell
[2.671s] DEBUG:colcon.colcon_core.shell:Skip shell extension 'dsv' for command environment
[3.360s] INFO:colcon.colcon_core.task.python.build:Building Python package in '/home/dev_ws/src/unity_robotics_demo'
[3.362s] INFO:colcon.colcon_core.shell:Skip shell extension 'powershell' for command environment: Not usable outside of PowerShell
[3.362s] DEBUG:colcon.colcon_core.shell:Skip shell extension 'dsv' for command environment
[3.389s] DEBUG:colcon.colcon_core.event_handler.log_command:Invoking command in '/home/dev_ws/build/unity_robotics_demo_msgs': CMAKE_PREFIX_PATH=${CMAKE_PREFIX_PATH}:/opt/ros/foxy:/home/dev_ws/install/vision:/home/dev_ws/install/utils:/home/dev_ws/install/unity_robotics_demo:/home/dev_ws/install/ros_tcp_endpoint:/home/dev_ws/install/manipulation:/home/dev_ws/install/face_controller:/home/dev_ws/install/audio /usr/bin/cmake --build /home/dev_ws/build/unity_robotics_demo_msgs -- -j12 -l12
[3.866s] INFO:colcon.colcon_core.task.python.build:Building Python package in '/home/dev_ws/src/utils'
[3.868s] INFO:colcon.colcon_core.shell:Skip shell extension 'powershell' for command environment: Not usable outside of PowerShell
[3.868s] DEBUG:colcon.colcon_core.shell:Skip shell extension 'dsv' for command environment
[4.274s] INFO:colcon.colcon_core.task.python.build:Building Python package in '/home/dev_ws/src/vision'
[4.276s] INFO:colcon.colcon_core.shell:Skip shell extension 'powershell' for command environment: Not usable outside of PowerShell
[4.276s] DEBUG:colcon.colcon_core.shell:Skip shell extension 'dsv' for command environment
[4.344s] DEBUG:colcon.colcon_core.event_handler.log_command:Invoked command in '/home/dev_ws/build/unity_robotics_demo_msgs' returned '0': CMAKE_PREFIX_PATH=${CMAKE_PREFIX_PATH}:/opt/ros/foxy:/home/dev_ws/install/vision:/home/dev_ws/install/utils:/home/dev_ws/install/unity_robotics_demo:/home/dev_ws/install/ros_tcp_endpoint:/home/dev_ws/install/manipulation:/home/dev_ws/install/face_controller:/home/dev_ws/install/audio /usr/bin/cmake --build /home/dev_ws/build/unity_robotics_demo_msgs -- -j12 -l12
[4.853s] DEBUG:colcon.colcon_core.event_handler.log_command:Invoking command in '/home/dev_ws/build/unity_robotics_demo_msgs': CMAKE_PREFIX_PATH=${CMAKE_PREFIX_PATH}:/opt/ros/foxy:/home/dev_ws/install/vision:/home/dev_ws/install/utils:/home/dev_ws/install/unity_robotics_demo:/home/dev_ws/install/ros_tcp_endpoint:/home/dev_ws/install/manipulation:/home/dev_ws/install/face_controller:/home/dev_ws/install/audio /usr/bin/cmake --install /home/dev_ws/build/unity_robotics_demo_msgs
[5.127s] Level 1:colcon.colcon_core.environment:create_environment_scripts_only(unity_robotics_demo_msgs)
[5.132s] DEBUG:colcon.colcon_core.event_handler.log_command:Invoked command in '/home/dev_ws/build/unity_robotics_demo_msgs' returned '0': CMAKE_PREFIX_PATH=${CMAKE_PREFIX_PATH}:/opt/ros/foxy:/home/dev_ws/install/vision:/home/dev_ws/install/utils:/home/dev_ws/install/unity_robotics_demo:/home/dev_ws/install/ros_tcp_endpoint:/home/dev_ws/install/manipulation:/home/dev_ws/install/face_controller:/home/dev_ws/install/audio /usr/bin/cmake --install /home/dev_ws/build/unity_robotics_demo_msgs
[5.148s] Level 1:colcon.colcon_core.environment:checking '/home/dev_ws/install/unity_robotics_demo_msgs' for CMake module files
[5.150s] Level 1:colcon.colcon_core.environment:checking '/home/dev_ws/install/unity_robotics_demo_msgs' for CMake config files
[5.153s] Level 1:colcon.colcon_core.shell:create_environment_hook('unity_robotics_demo_msgs', 'cmake_prefix_path')
[5.155s] INFO:colcon.colcon_core.shell:Creating environment hook '/home/dev_ws/install/unity_robotics_demo_msgs/share/unity_robotics_demo_msgs/hook/cmake_prefix_path.ps1'
[5.156s] INFO:colcon.colcon_core.shell:Creating environment descriptor '/home/dev_ws/install/unity_robotics_demo_msgs/share/unity_robotics_demo_msgs/hook/cmake_prefix_path.dsv'
[5.157s] INFO:colcon.colcon_core.shell:Creating environment hook '/home/dev_ws/install/unity_robotics_demo_msgs/share/unity_robotics_demo_msgs/hook/cmake_prefix_path.sh'
[5.160s] Level 1:colcon.colcon_core.environment:checking '/home/dev_ws/install/unity_robotics_demo_msgs/lib'
[5.160s] Level 1:colcon.colcon_core.shell:create_environment_hook('unity_robotics_demo_msgs', 'ld_library_path_lib')
[5.163s] INFO:colcon.colcon_core.shell:Creating environment hook '/home/dev_ws/install/unity_robotics_demo_msgs/share/unity_robotics_demo_msgs/hook/ld_library_path_lib.ps1'
[5.166s] INFO:colcon.colcon_core.shell:Creating environment descriptor '/home/dev_ws/install/unity_robotics_demo_msgs/share/unity_robotics_demo_msgs/hook/ld_library_path_lib.dsv'
[5.167s] INFO:colcon.colcon_core.shell:Creating environment hook '/home/dev_ws/install/unity_robotics_demo_msgs/share/unity_robotics_demo_msgs/hook/ld_library_path_lib.sh'
[5.167s] Level 1:colcon.colcon_core.environment:checking '/home/dev_ws/install/unity_robotics_demo_msgs/bin'
[5.168s] Level 1:colcon.colcon_core.environment:checking '/home/dev_ws/install/unity_robotics_demo_msgs/lib/pkgconfig/unity_robotics_demo_msgs.pc'
[5.168s] Level 1:colcon.colcon_core.environment:checking '/home/dev_ws/install/unity_robotics_demo_msgs/lib/python3.8/site-packages'
[5.168s] Level 1:colcon.colcon_core.shell:create_environment_hook('unity_robotics_demo_msgs', 'pythonpath')
[5.170s] INFO:colcon.colcon_core.shell:Creating environment hook '/home/dev_ws/install/unity_robotics_demo_msgs/share/unity_robotics_demo_msgs/hook/pythonpath.ps1'
[5.171s] INFO:colcon.colcon_core.shell:Creating environment descriptor '/home/dev_ws/install/unity_robotics_demo_msgs/share/unity_robotics_demo_msgs/hook/pythonpath.dsv'
[5.172s] INFO:colcon.colcon_core.shell:Creating environment hook '/home/dev_ws/install/unity_robotics_demo_msgs/share/unity_robotics_demo_msgs/hook/pythonpath.sh'
[5.173s] Level 1:colcon.colcon_core.environment:checking '/home/dev_ws/install/unity_robotics_demo_msgs/bin'
[5.176s] INFO:colcon.colcon_core.shell:Creating package script '/home/dev_ws/install/unity_robotics_demo_msgs/share/unity_robotics_demo_msgs/package.ps1'
[5.184s] INFO:colcon.colcon_core.shell:Creating package descriptor '/home/dev_ws/install/unity_robotics_demo_msgs/share/unity_robotics_demo_msgs/package.dsv'
[5.186s] INFO:colcon.colcon_core.shell:Creating package script '/home/dev_ws/install/unity_robotics_demo_msgs/share/unity_robotics_demo_msgs/package.sh'
[5.188s] INFO:colcon.colcon_core.shell:Creating package script '/home/dev_ws/install/unity_robotics_demo_msgs/share/unity_robotics_demo_msgs/package.bash'
[5.190s] INFO:colcon.colcon_core.shell:Creating package script '/home/dev_ws/install/unity_robotics_demo_msgs/share/unity_robotics_demo_msgs/package.zsh'
[5.193s] Level 1:colcon.colcon_core.environment:create_file_with_runtime_dependencies(/home/dev_ws/install/unity_robotics_demo_msgs/share/colcon-core/packages/unity_robotics_demo_msgs)
[5.756s] DEBUG:colcon.colcon_core.event_handler.log_command:Invoking command in '/home/dev_ws/src/audio': PYTHONPATH=/home/dev_ws/install/audio/lib/python3.8/site-packages:${PYTHONPATH} /usr/bin/python3 setup.py egg_info --egg-base ../../build/audio build --build-base /home/dev_ws/build/audio/build install --prefix /home/dev_ws/install/audio --record /home/dev_ws/build/audio/install.log --single-version-externally-managed
[5.765s] DEBUG:colcon.colcon_core.event_handler.log_command:Invoking command in '/home/dev_ws/src/unity_robotics_demo': PYTHONPATH=/home/dev_ws/install/unity_robotics_demo/lib/python3.8/site-packages:${PYTHONPATH} /usr/bin/python3 setup.py egg_info --egg-base ../../build/unity_robotics_demo build --build-base /home/dev_ws/build/unity_robotics_demo/build install --prefix /home/dev_ws/install/unity_robotics_demo --record /home/dev_ws/build/unity_robotics_demo/install.log --single-version-externally-managed
[5.785s] DEBUG:colcon.colcon_core.event_handler.log_command:Invoking command in '/home/dev_ws/src/face_controller': PYTHONPATH=/home/dev_ws/install/face_controller/lib/python3.8/site-packages:${PYTHONPATH} /usr/bin/python3 setup.py egg_info --egg-base ../../build/face_controller build --build-base /home/dev_ws/build/face_controller/build install --prefix /home/dev_ws/install/face_controller --record /home/dev_ws/build/face_controller/install.log --single-version-externally-managed
[5.828s] DEBUG:colcon.colcon_core.event_handler.log_command:Invoking command in '/home/dev_ws/src/utils': PYTHONPATH=/home/dev_ws/install/utils/lib/python3.8/site-packages:${PYTHONPATH} /usr/bin/python3 setup.py egg_info --egg-base ../../build/utils build --build-base /home/dev_ws/build/utils/build install --prefix /home/dev_ws/install/utils --record /home/dev_ws/build/utils/install.log --single-version-externally-managed
[5.838s] DEBUG:colcon.colcon_core.event_handler.log_command:Invoking command in '/home/dev_ws/src/manipulation': PYTHONPATH=/home/dev_ws/install/manipulation/lib/python3.8/site-packages:${PYTHONPATH} /usr/bin/python3 setup.py egg_info --egg-base ../../build/manipulation build --build-base /home/dev_ws/build/manipulation/build install --prefix /home/dev_ws/install/manipulation --record /home/dev_ws/build/manipulation/install.log --single-version-externally-managed
[5.858s] DEBUG:colcon.colcon_core.event_handler.log_command:Invoking command in '/home/dev_ws/src/vision': PYTHONPATH=/home/dev_ws/install/vision/lib/python3.8/site-packages:${PYTHONPATH} /usr/bin/python3 setup.py egg_info --egg-base ../../build/vision build --build-base /home/dev_ws/build/vision/build install --prefix /home/dev_ws/install/vision --record /home/dev_ws/build/vision/install.log --single-version-externally-managed
[5.935s] Level 1:colcon.colcon_core.environment:create_environment_scripts_only(unity_robotics_demo_msgs)
[5.938s] Level 1:colcon.colcon_core.environment:checking '/home/dev_ws/install/unity_robotics_demo_msgs' for CMake module files
[5.940s] Level 1:colcon.colcon_core.environment:checking '/home/dev_ws/install/unity_robotics_demo_msgs' for CMake config files
[5.948s] Level 1:colcon.colcon_core.shell:create_environment_hook('unity_robotics_demo_msgs', 'cmake_prefix_path')
[6.019s] INFO:colcon.colcon_core.shell:Creating environment hook '/home/dev_ws/install/unity_robotics_demo_msgs/share/unity_robotics_demo_msgs/hook/cmake_prefix_path.ps1'
[6.022s] INFO:colcon.colcon_core.shell:Creating environment descriptor '/home/dev_ws/install/unity_robotics_demo_msgs/share/unity_robotics_demo_msgs/hook/cmake_prefix_path.dsv'
[6.024s] INFO:colcon.colcon_core.shell:Creating environment hook '/home/dev_ws/install/unity_robotics_demo_msgs/share/unity_robotics_demo_msgs/hook/cmake_prefix_path.sh'
[6.039s] Level 1:colcon.colcon_core.environment:checking '/home/dev_ws/install/unity_robotics_demo_msgs/lib'
[6.041s] Level 1:colcon.colcon_core.shell:create_environment_hook('unity_robotics_demo_msgs', 'ld_library_path_lib')
[6.043s] INFO:colcon.colcon_core.shell:Creating environment hook '/home/dev_ws/install/unity_robotics_demo_msgs/share/unity_robotics_demo_msgs/hook/ld_library_path_lib.ps1'
[6.047s] INFO:colcon.colcon_core.shell:Creating environment descriptor '/home/dev_ws/install/unity_robotics_demo_msgs/share/unity_robotics_demo_msgs/hook/ld_library_path_lib.dsv'
[6.053s] INFO:colcon.colcon_core.shell:Creating environment hook '/home/dev_ws/install/unity_robotics_demo_msgs/share/unity_robotics_demo_msgs/hook/ld_library_path_lib.sh'
[6.059s] Level 1:colcon.colcon_core.environment:checking '/home/dev_ws/install/unity_robotics_demo_msgs/bin'
[6.061s] Level 1:colcon.colcon_core.environment:checking '/home/dev_ws/install/unity_robotics_demo_msgs/lib/pkgconfig/unity_robotics_demo_msgs.pc'
[6.066s] Level 1:colcon.colcon_core.environment:checking '/home/dev_ws/install/unity_robotics_demo_msgs/lib/python3.8/site-packages'
[6.073s] Level 1:colcon.colcon_core.shell:create_environment_hook('unity_robotics_demo_msgs', 'pythonpath')
[6.075s] INFO:colcon.colcon_core.shell:Creating environment hook '/home/dev_ws/install/unity_robotics_demo_msgs/share/unity_robotics_demo_msgs/hook/pythonpath.ps1'
[6.078s] INFO:colcon.colcon_core.shell:Creating environment descriptor '/home/dev_ws/install/unity_robotics_demo_msgs/share/unity_robotics_demo_msgs/hook/pythonpath.dsv'
[6.091s] INFO:colcon.colcon_core.shell:Creating environment hook '/home/dev_ws/install/unity_robotics_demo_msgs/share/unity_robotics_demo_msgs/hook/pythonpath.sh'
[6.093s] Level 1:colcon.colcon_core.environment:checking '/home/dev_ws/install/unity_robotics_demo_msgs/bin'
[6.096s] INFO:colcon.colcon_core.shell:Creating package script '/home/dev_ws/install/unity_robotics_demo_msgs/share/unity_robotics_demo_msgs/package.ps1'
[6.099s] INFO:colcon.colcon_core.shell:Creating package descriptor '/home/dev_ws/install/unity_robotics_demo_msgs/share/unity_robotics_demo_msgs/package.dsv'
[6.105s] INFO:colcon.colcon_core.shell:Creating package script '/home/dev_ws/install/unity_robotics_demo_msgs/share/unity_robotics_demo_msgs/package.sh'
[6.113s] INFO:colcon.colcon_core.shell:Creating package script '/home/dev_ws/install/unity_robotics_demo_msgs/share/unity_robotics_demo_msgs/package.bash'
[6.114s] INFO:colcon.colcon_core.shell:Creating package script '/home/dev_ws/install/unity_robotics_demo_msgs/share/unity_robotics_demo_msgs/package.zsh'
[6.116s] Level 1:colcon.colcon_core.environment:create_file_with_runtime_dependencies(/home/dev_ws/install/unity_robotics_demo_msgs/share/colcon-core/packages/unity_robotics_demo_msgs)
[7.331s] Level 1:colcon.colcon_core.environment:checking '/home/dev_ws/install/face_controller' for CMake module files
[7.333s] Level 1:colcon.colcon_core.environment:checking '/home/dev_ws/install/face_controller' for CMake config files
[7.335s] DEBUG:colcon.colcon_core.event_handler.log_command:Invoked command in '/home/dev_ws/src/face_controller' returned '0': PYTHONPATH=/home/dev_ws/install/face_controller/lib/python3.8/site-packages:${PYTHONPATH} /usr/bin/python3 setup.py egg_info --egg-base ../../build/face_controller build --build-base /home/dev_ws/build/face_controller/build install --prefix /home/dev_ws/install/face_controller --record /home/dev_ws/build/face_controller/install.log --single-version-externally-managed
[7.339s] Level 1:colcon.colcon_core.environment:checking '/home/dev_ws/install/face_controller/lib'
[7.341s] Level 1:colcon.colcon_core.environment:checking '/home/dev_ws/install/face_controller/bin'
[7.345s] Level 1:colcon.colcon_core.environment:checking '/home/dev_ws/install/face_controller/lib/pkgconfig/face_controller.pc'
[7.348s] Level 1:colcon.colcon_core.environment:checking '/home/dev_ws/install/face_controller/lib/python3.8/site-packages'
[7.349s] Level 1:colcon.colcon_core.shell:create_environment_hook('face_controller', 'pythonpath')
[7.351s] INFO:colcon.colcon_core.shell:Creating environment hook '/home/dev_ws/install/face_controller/share/face_controller/hook/pythonpath.ps1'
[7.353s] INFO:colcon.colcon_core.shell:Creating environment descriptor '/home/dev_ws/install/face_controller/share/face_controller/hook/pythonpath.dsv'
[7.356s] INFO:colcon.colcon_core.shell:Creating environment hook '/home/dev_ws/install/face_controller/share/face_controller/hook/pythonpath.sh'
[7.362s] Level 1:colcon.colcon_core.environment:checking '/home/dev_ws/install/face_controller/bin'
[7.365s] Level 1:colcon.colcon_core.environment:create_environment_scripts_only(face_controller)
[7.368s] INFO:colcon.colcon_core.shell:Creating package script '/home/dev_ws/install/face_controller/share/face_controller/package.ps1'
[7.371s] INFO:colcon.colcon_core.shell:Creating package descriptor '/home/dev_ws/install/face_controller/share/face_controller/package.dsv'
[7.373s] INFO:colcon.colcon_core.shell:Creating package script '/home/dev_ws/install/face_controller/share/face_controller/package.sh'
[7.376s] INFO:colcon.colcon_core.shell:Creating package script '/home/dev_ws/install/face_controller/share/face_controller/package.bash'
[7.385s] INFO:colcon.colcon_core.shell:Creating package script '/home/dev_ws/install/face_controller/share/face_controller/package.zsh'
[7.388s] Level 1:colcon.colcon_core.environment:create_file_with_runtime_dependencies(/home/dev_ws/install/face_controller/share/colcon-core/packages/face_controller)
[7.403s] Level 1:colcon.colcon_core.environment:checking '/home/dev_ws/install/utils' for CMake module files
[7.409s] DEBUG:colcon.colcon_core.event_handler.log_command:Invoked command in '/home/dev_ws/src/utils' returned '0': PYTHONPATH=/home/dev_ws/install/utils/lib/python3.8/site-packages:${PYTHONPATH} /usr/bin/python3 setup.py egg_info --egg-base ../../build/utils build --build-base /home/dev_ws/build/utils/build install --prefix /home/dev_ws/install/utils --record /home/dev_ws/build/utils/install.log --single-version-externally-managed
[7.411s] Level 1:colcon.colcon_core.environment:checking '/home/dev_ws/install/utils' for CMake config files
[7.416s] Level 1:colcon.colcon_core.environment:checking '/home/dev_ws/install/utils/lib'
[7.418s] Level 1:colcon.colcon_core.environment:checking '/home/dev_ws/install/utils/bin'
[7.420s] Level 1:colcon.colcon_core.environment:checking '/home/dev_ws/install/utils/lib/pkgconfig/utils.pc'
[7.423s] Level 1:colcon.colcon_core.environment:checking '/home/dev_ws/install/utils/lib/python3.8/site-packages'
[7.424s] Level 1:colcon.colcon_core.shell:create_environment_hook('utils', 'pythonpath')
[7.426s] INFO:colcon.colcon_core.shell:Creating environment hook '/home/dev_ws/install/utils/share/utils/hook/pythonpath.ps1'
[7.431s] INFO:colcon.colcon_core.shell:Creating environment descriptor '/home/dev_ws/install/utils/share/utils/hook/pythonpath.dsv'
[7.433s] INFO:colcon.colcon_core.shell:Creating environment hook '/home/dev_ws/install/utils/share/utils/hook/pythonpath.sh'
[7.449s] Level 1:colcon.colcon_core.environment:checking '/home/dev_ws/install/utils/bin'
[7.449s] Level 1:colcon.colcon_core.environment:create_environment_scripts_only(utils)
[7.451s] INFO:colcon.colcon_core.shell:Creating package script '/home/dev_ws/install/utils/share/utils/package.ps1'
[7.455s] INFO:colcon.colcon_core.shell:Creating package descriptor '/home/dev_ws/install/utils/share/utils/package.dsv'
[7.458s] INFO:colcon.colcon_core.shell:Creating package script '/home/dev_ws/install/utils/share/utils/package.sh'
[7.461s] INFO:colcon.colcon_core.shell:Creating package script '/home/dev_ws/install/utils/share/utils/package.bash'
[7.463s] INFO:colcon.colcon_core.shell:Creating package script '/home/dev_ws/install/utils/share/utils/package.zsh'
[7.465s] Level 1:colcon.colcon_core.environment:create_file_with_runtime_dependencies(/home/dev_ws/install/utils/share/colcon-core/packages/utils)
[7.481s] Level 1:colcon.colcon_core.environment:checking '/home/dev_ws/install/vision' for CMake module files
[7.484s] DEBUG:colcon.colcon_core.event_handler.log_command:Invoked command in '/home/dev_ws/src/vision' returned '0': PYTHONPATH=/home/dev_ws/install/vision/lib/python3.8/site-packages:${PYTHONPATH} /usr/bin/python3 setup.py egg_info --egg-base ../../build/vision build --build-base /home/dev_ws/build/vision/build install --prefix /home/dev_ws/install/vision --record /home/dev_ws/build/vision/install.log --single-version-externally-managed
[7.486s] Level 1:colcon.colcon_core.environment:checking '/home/dev_ws/install/vision' for CMake config files
[7.489s] Level 1:colcon.colcon_core.environment:checking '/home/dev_ws/install/vision/lib'
[7.489s] Level 1:colcon.colcon_core.environment:checking '/home/dev_ws/install/vision/bin'
[7.490s] Level 1:colcon.colcon_core.environment:checking '/home/dev_ws/install/vision/lib/pkgconfig/vision.pc'
[7.491s] Level 1:colcon.colcon_core.environment:checking '/home/dev_ws/install/vision/lib/python3.8/site-packages'
[7.492s] Level 1:colcon.colcon_core.shell:create_environment_hook('vision', 'pythonpath')
[7.494s] INFO:colcon.colcon_core.shell:Creating environment hook '/home/dev_ws/install/vision/share/vision/hook/pythonpath.ps1'
[7.497s] INFO:colcon.colcon_core.shell:Creating environment descriptor '/home/dev_ws/install/vision/share/vision/hook/pythonpath.dsv'
[7.499s] INFO:colcon.colcon_core.shell:Creating environment hook '/home/dev_ws/install/vision/share/vision/hook/pythonpath.sh'
[7.503s] Level 1:colcon.colcon_core.environment:checking '/home/dev_ws/install/vision/bin'
[7.504s] Level 1:colcon.colcon_core.environment:create_environment_scripts_only(vision)
[7.507s] INFO:colcon.colcon_core.shell:Creating package script '/home/dev_ws/install/vision/share/vision/package.ps1'
[7.509s] INFO:colcon.colcon_core.shell:Creating package descriptor '/home/dev_ws/install/vision/share/vision/package.dsv'
[7.513s] INFO:colcon.colcon_core.shell:Creating package script '/home/dev_ws/install/vision/share/vision/package.sh'
[7.517s] INFO:colcon.colcon_core.shell:Creating package script '/home/dev_ws/install/vision/share/vision/package.bash'
[7.520s] INFO:colcon.colcon_core.shell:Creating package script '/home/dev_ws/install/vision/share/vision/package.zsh'
[7.520s] Level 1:colcon.colcon_core.environment:create_file_with_runtime_dependencies(/home/dev_ws/install/vision/share/colcon-core/packages/vision)
[7.522s] Level 1:colcon.colcon_core.environment:checking '/home/dev_ws/install/unity_robotics_demo' for CMake module files
[7.530s] DEBUG:colcon.colcon_core.event_handler.log_command:Invoked command in '/home/dev_ws/src/unity_robotics_demo' returned '0': PYTHONPATH=/home/dev_ws/install/unity_robotics_demo/lib/python3.8/site-packages:${PYTHONPATH} /usr/bin/python3 setup.py egg_info --egg-base ../../build/unity_robotics_demo build --build-base /home/dev_ws/build/unity_robotics_demo/build install --prefix /home/dev_ws/install/unity_robotics_demo --record /home/dev_ws/build/unity_robotics_demo/install.log --single-version-externally-managed
[7.531s] Level 1:colcon.colcon_core.environment:checking '/home/dev_ws/install/unity_robotics_demo' for CMake config files
[7.534s] Level 1:colcon.colcon_core.environment:checking '/home/dev_ws/install/unity_robotics_demo/lib'
[7.534s] Level 1:colcon.colcon_core.environment:checking '/home/dev_ws/install/unity_robotics_demo/bin'
[7.535s] Level 1:colcon.colcon_core.environment:checking '/home/dev_ws/install/unity_robotics_demo/lib/pkgconfig/unity_robotics_demo.pc'
[7.535s] Level 1:colcon.colcon_core.environment:checking '/home/dev_ws/install/unity_robotics_demo/lib/python3.8/site-packages'
[7.536s] Level 1:colcon.colcon_core.shell:create_environment_hook('unity_robotics_demo', 'pythonpath')
[7.537s] INFO:colcon.colcon_core.shell:Creating environment hook '/home/dev_ws/install/unity_robotics_demo/share/unity_robotics_demo/hook/pythonpath.ps1'
[7.539s] INFO:colcon.colcon_core.shell:Creating environment descriptor '/home/dev_ws/install/unity_robotics_demo/share/unity_robotics_demo/hook/pythonpath.dsv'
[7.540s] INFO:colcon.colcon_core.shell:Creating environment hook '/home/dev_ws/install/unity_robotics_demo/share/unity_robotics_demo/hook/pythonpath.sh'
[7.541s] Level 1:colcon.colcon_core.environment:checking '/home/dev_ws/install/unity_robotics_demo/bin'
[7.542s] Level 1:colcon.colcon_core.environment:create_environment_scripts_only(unity_robotics_demo)
[7.546s] INFO:colcon.colcon_core.shell:Creating package script '/home/dev_ws/install/unity_robotics_demo/share/unity_robotics_demo/package.ps1'
[7.549s] INFO:colcon.colcon_core.shell:Creating package descriptor '/home/dev_ws/install/unity_robotics_demo/share/unity_robotics_demo/package.dsv'
[7.551s] INFO:colcon.colcon_core.shell:Creating package script '/home/dev_ws/install/unity_robotics_demo/share/unity_robotics_demo/package.sh'
[7.552s] INFO:colcon.colcon_core.shell:Creating package script '/home/dev_ws/install/unity_robotics_demo/share/unity_robotics_demo/package.bash'
[7.554s] INFO:colcon.colcon_core.shell:Creating package script '/home/dev_ws/install/unity_robotics_demo/share/unity_robotics_demo/package.zsh'
[7.555s] Level 1:colcon.colcon_core.environment:create_file_with_runtime_dependencies(/home/dev_ws/install/unity_robotics_demo/share/colcon-core/packages/unity_robotics_demo)
[7.557s] Level 1:colcon.colcon_core.environment:checking '/home/dev_ws/install/audio' for CMake module files
[7.562s] DEBUG:colcon.colcon_core.event_handler.log_command:Invoked command in '/home/dev_ws/src/audio' returned '0': PYTHONPATH=/home/dev_ws/install/audio/lib/python3.8/site-packages:${PYTHONPATH} /usr/bin/python3 setup.py egg_info --egg-base ../../build/audio build --build-base /home/dev_ws/build/audio/build install --prefix /home/dev_ws/install/audio --record /home/dev_ws/build/audio/install.log --single-version-externally-managed
[7.565s] Level 1:colcon.colcon_core.environment:checking '/home/dev_ws/install/audio' for CMake config files
[7.567s] Level 1:colcon.colcon_core.environment:checking '/home/dev_ws/install/audio/lib'
[7.568s] Level 1:colcon.colcon_core.environment:checking '/home/dev_ws/install/audio/bin'
[7.569s] Level 1:colcon.colcon_core.environment:checking '/home/dev_ws/install/audio/lib/pkgconfig/audio.pc'
[7.569s] Level 1:colcon.colcon_core.environment:checking '/home/dev_ws/install/audio/lib/python3.8/site-packages'
[7.570s] Level 1:colcon.colcon_core.shell:create_environment_hook('audio', 'pythonpath')
[7.571s] INFO:colcon.colcon_core.shell:Creating environment hook '/home/dev_ws/install/audio/share/audio/hook/pythonpath.ps1'
[7.572s] INFO:colcon.colcon_core.shell:Creating environment descriptor '/home/dev_ws/install/audio/share/audio/hook/pythonpath.dsv'
[7.573s] INFO:colcon.colcon_core.shell:Creating environment hook '/home/dev_ws/install/audio/share/audio/hook/pythonpath.sh'
[7.574s] Level 1:colcon.colcon_core.environment:checking '/home/dev_ws/install/audio/bin'
[7.574s] Level 1:colcon.colcon_core.environment:create_environment_scripts_only(audio)
[7.575s] INFO:colcon.colcon_core.shell:Creating package script '/home/dev_ws/install/audio/share/audio/package.ps1'
[7.576s] INFO:colcon.colcon_core.shell:Creating package descriptor '/home/dev_ws/install/audio/share/audio/package.dsv'
[7.579s] INFO:colcon.colcon_core.shell:Creating package script '/home/dev_ws/install/audio/share/audio/package.sh'
[7.584s] INFO:colcon.colcon_core.shell:Creating package script '/home/dev_ws/install/audio/share/audio/package.bash'
[7.587s] INFO:colcon.colcon_core.shell:Creating package script '/home/dev_ws/install/audio/share/audio/package.zsh'
[7.589s] Level 1:colcon.colcon_core.environment:create_file_with_runtime_dependencies(/home/dev_ws/install/audio/share/colcon-core/packages/audio)
[7.608s] Level 1:colcon.colcon_core.environment:checking '/home/dev_ws/install/manipulation' for CMake module files
[7.611s] Level 1:colcon.colcon_core.environment:checking '/home/dev_ws/install/manipulation' for CMake config files
[7.613s] DEBUG:colcon.colcon_core.event_handler.log_command:Invoked command in '/home/dev_ws/src/manipulation' returned '0': PYTHONPATH=/home/dev_ws/install/manipulation/lib/python3.8/site-packages:${PYTHONPATH} /usr/bin/python3 setup.py egg_info --egg-base ../../build/manipulation build --build-base /home/dev_ws/build/manipulation/build install --prefix /home/dev_ws/install/manipulation --record /home/dev_ws/build/manipulation/install.log --single-version-externally-managed
[7.615s] Level 1:colcon.colcon_core.environment:checking '/home/dev_ws/install/manipulation/lib'
[7.616s] Level 1:colcon.colcon_core.environment:checking '/home/dev_ws/install/manipulation/bin'
[7.616s] Level 1:colcon.colcon_core.environment:checking '/home/dev_ws/install/manipulation/lib/pkgconfig/manipulation.pc'
[7.617s] Level 1:colcon.colcon_core.environment:checking '/home/dev_ws/install/manipulation/lib/python3.8/site-packages'
[7.619s] Level 1:colcon.colcon_core.shell:create_environment_hook('manipulation', 'pythonpath')
[7.623s] INFO:colcon.colcon_core.shell:Creating environment hook '/home/dev_ws/install/manipulation/share/manipulation/hook/pythonpath.ps1'
[7.627s] INFO:colcon.colcon_core.shell:Creating environment descriptor '/home/dev_ws/install/manipulation/share/manipulation/hook/pythonpath.dsv'
[7.631s] INFO:colcon.colcon_core.shell:Creating environment hook '/home/dev_ws/install/manipulation/share/manipulation/hook/pythonpath.sh'
[7.633s] Level 1:colcon.colcon_core.environment:checking '/home/dev_ws/install/manipulation/bin'
[7.634s] Level 1:colcon.colcon_core.environment:create_environment_scripts_only(manipulation)
[7.637s] INFO:colcon.colcon_core.shell:Creating package script '/home/dev_ws/install/manipulation/share/manipulation/package.ps1'
[7.645s] INFO:colcon.colcon_core.shell:Creating package descriptor '/home/dev_ws/install/manipulation/share/manipulation/package.dsv'
[7.649s] INFO:colcon.colcon_core.shell:Creating package script '/home/dev_ws/install/manipulation/share/manipulation/package.sh'
[7.653s] INFO:colcon.colcon_core.shell:Creating package script '/home/dev_ws/install/manipulation/share/manipulation/package.bash'
[7.654s] INFO:colcon.colcon_core.shell:Creating package script '/home/dev_ws/install/manipulation/share/manipulation/package.zsh'
[7.655s] Level 1:colcon.colcon_core.environment:create_file_with_runtime_dependencies(/home/dev_ws/install/manipulation/share/colcon-core/packages/manipulation)
[7.656s] DEBUG:colcon.colcon_parallel_executor.executor.parallel:closing loop
[7.658s] DEBUG:colcon.colcon_parallel_executor.executor.parallel:loop closed
[7.659s] DEBUG:colcon.colcon_parallel_executor.executor.parallel:run_until_complete finished with '0'
[7.660s] DEBUG:colcon.colcon_core.event_reactor:joining thread
[7.690s] INFO:colcon.colcon_core.plugin_system:Skipping extension 'colcon_notification.desktop_notification.notify_send': Could not find 'notify-send'
[7.690s] INFO:colcon.colcon_core.plugin_system:Skipping extension 'colcon_notification.desktop_notification.terminal_notifier': Not used on non-Darwin systems
[7.690s] INFO:colcon.colcon_core.plugin_system:Skipping extension 'colcon_notification.desktop_notification.win32': Not used on non-Windows systems
[7.690s] INFO:colcon.colcon_notification.desktop_notification:Sending desktop notification using 'notify2'
[7.690s] DEBUG:colcon.colcon_notification.desktop_notification.notify2:Failed to initialize notify2: org.freedesktop.DBus.Error.NotSupported: Unable to autolaunch a dbus-daemon without a $DISPLAY for X11
[7.691s] DEBUG:colcon.colcon_core.event_reactor:joined thread
[7.692s] INFO:colcon.colcon_core.shell:Creating prefix script '/home/dev_ws/install/local_setup.ps1'
[7.696s] INFO:colcon.colcon_core.shell:Creating prefix util module '/home/dev_ws/install/_local_setup_util_ps1.py'
[7.699s] INFO:colcon.colcon_core.shell:Creating prefix chain script '/home/dev_ws/install/setup.ps1'
[7.704s] INFO:colcon.colcon_core.shell:Creating prefix script '/home/dev_ws/install/local_setup.sh'
[7.707s] INFO:colcon.colcon_core.shell:Creating prefix util module '/home/dev_ws/install/_local_setup_util_sh.py'
[7.709s] INFO:colcon.colcon_core.shell:Creating prefix chain script '/home/dev_ws/install/setup.sh'
[7.715s] INFO:colcon.colcon_core.shell:Creating prefix script '/home/dev_ws/install/local_setup.bash'
[7.719s] INFO:colcon.colcon_core.shell:Creating prefix chain script '/home/dev_ws/install/setup.bash'
[7.725s] INFO:colcon.colcon_core.shell:Creating prefix script '/home/dev_ws/install/local_setup.zsh'
[7.729s] INFO:colcon.colcon_core.shell:Creating prefix chain script '/home/dev_ws/install/setup.zsh'
