[5.535s] Invoking command in '/home/dev_ws/src/utils': PYTHONPATH=/home/dev_ws/install/utils/lib/python3.8/site-packages:${PYTHONPATH} /usr/bin/python3 setup.py egg_info --egg-base ../../build/utils build --build-base /home/dev_ws/build/utils/build install --prefix /home/dev_ws/install/utils --record /home/dev_ws/build/utils/install.log --single-version-externally-managed
[6.218s] running egg_info
[6.219s] writing ../../build/utils/utils.egg-info/PKG-INFO
[6.220s] writing dependency_links to ../../build/utils/utils.egg-info/dependency_links.txt
[6.221s] writing entry points to ../../build/utils/utils.egg-info/entry_points.txt
[6.222s] writing requirements to ../../build/utils/utils.egg-info/requires.txt
[6.222s] writing top-level names to ../../build/utils/utils.egg-info/top_level.txt
[6.452s] reading manifest file '../../build/utils/utils.egg-info/SOURCES.txt'
[6.456s] writing manifest file '../../build/utils/utils.egg-info/SOURCES.txt'
[6.458s] running build
[6.458s] running build_py
[6.474s] running install
[6.477s] running install_lib
[6.478s] running install_data
[6.479s] running install_egg_info
[6.490s] removing '/home/dev_ws/install/utils/lib/python3.8/site-packages/utils-0.0.0-py3.8.egg-info' (and everything under it)
[6.491s] Copying ../../build/utils/utils.egg-info to /home/dev_ws/install/utils/lib/python3.8/site-packages/utils-0.0.0-py3.8.egg-info
[6.496s] running install_scripts
[6.585s] Installing utils script to /home/dev_ws/install/utils/lib/utils
[6.591s] writing list of installed files to '/home/dev_ws/build/utils/install.log'
[6.783s] Invoked command in '/home/dev_ws/src/utils' returned '0': PYTHONPATH=/home/dev_ws/install/utils/lib/python3.8/site-packages:${PYTHONPATH} /usr/bin/python3 setup.py egg_info --egg-base ../../build/utils build --build-base /home/dev_ws/build/utils/build install --prefix /home/dev_ws/install/utils --record /home/dev_ws/build/utils/install.log --single-version-externally-managed
