[4.486s] Invoking command in '/home/dev_ws/src/audio': PYTHONPATH=/home/dev_ws/install/audio/lib/python3.8/site-packages:${PYTHONPATH} /usr/bin/python3 setup.py egg_info --egg-base ../../build/audio build --build-base /home/dev_ws/build/audio/build install --prefix /home/dev_ws/install/audio --record /home/dev_ws/build/audio/install.log --single-version-externally-managed
[5.408s] running egg_info
[5.412s] writing ../../build/audio/audio.egg-info/PKG-INFO
[5.413s] writing dependency_links to ../../build/audio/audio.egg-info/dependency_links.txt
[5.414s] writing entry points to ../../build/audio/audio.egg-info/entry_points.txt
[5.414s] writing requirements to ../../build/audio/audio.egg-info/requires.txt
[5.415s] writing top-level names to ../../build/audio/audio.egg-info/top_level.txt
[5.605s] reading manifest file '../../build/audio/audio.egg-info/SOURCES.txt'
[5.606s] writing manifest file '../../build/audio/audio.egg-info/SOURCES.txt'
[5.607s] running build
[5.608s] running build_py
[5.608s] running install
[5.609s] running install_lib
[5.614s] running install_data
[5.616s] running install_egg_info
[5.625s] removing '/home/dev_ws/install/audio/lib/python3.8/site-packages/audio-0.0.0-py3.8.egg-info' (and everything under it)
[5.627s] Copying ../../build/audio/audio.egg-info to /home/dev_ws/install/audio/lib/python3.8/site-packages/audio-0.0.0-py3.8.egg-info
[5.638s] running install_scripts
[5.733s] Installing text_to_speech script to /home/dev_ws/install/audio/lib/audio
[5.735s] writing list of installed files to '/home/dev_ws/build/audio/install.log'
[5.920s] Invoked command in '/home/dev_ws/src/audio' returned '0': PYTHONPATH=/home/dev_ws/install/audio/lib/python3.8/site-packages:${PYTHONPATH} /usr/bin/python3 setup.py egg_info --egg-base ../../build/audio build --build-base /home/dev_ws/build/audio/build install --prefix /home/dev_ws/install/audio --record /home/dev_ws/build/audio/install.log --single-version-externally-managed
