[4.634s] Invoking command in '/home/dev_ws/src/vision': PYTHONPATH=/home/dev_ws/install/vision/lib/python3.8/site-packages:${PYTHONPATH} /usr/bin/python3 setup.py egg_info --egg-base ../../build/vision build --build-base /home/dev_ws/build/vision/build install --prefix /home/dev_ws/install/vision --record /home/dev_ws/build/vision/install.log --single-version-externally-managed
[5.415s] running egg_info
[5.417s] writing ../../build/vision/vision.egg-info/PKG-INFO
[5.419s] writing dependency_links to ../../build/vision/vision.egg-info/dependency_links.txt
[5.420s] writing entry points to ../../build/vision/vision.egg-info/entry_points.txt
[5.420s] writing requirements to ../../build/vision/vision.egg-info/requires.txt
[5.421s] writing top-level names to ../../build/vision/vision.egg-info/top_level.txt
[5.608s] reading manifest file '../../build/vision/vision.egg-info/SOURCES.txt'
[5.613s] writing manifest file '../../build/vision/vision.egg-info/SOURCES.txt'
[5.614s] running build
[5.615s] running build_py
[5.616s] copying vision/color_detector.py -> /home/dev_ws/build/vision/build/lib/vision
[5.619s] running install
[5.623s] running install_lib
[5.626s] copying /home/dev_ws/build/vision/build/lib/vision/color_detector.py -> /home/dev_ws/install/vision/lib/python3.8/site-packages/vision
[5.629s] byte-compiling /home/dev_ws/install/vision/lib/python3.8/site-packages/vision/color_detector.py to color_detector.cpython-38.pyc
[5.641s] running install_data
[5.643s] running install_egg_info
[5.648s] removing '/home/dev_ws/install/vision/lib/python3.8/site-packages/vision-0.0.0-py3.8.egg-info' (and everything under it)
[5.656s] Copying ../../build/vision/vision.egg-info to /home/dev_ws/install/vision/lib/python3.8/site-packages/vision-0.0.0-py3.8.egg-info
[5.661s] running install_scripts
[5.733s] Installing color_detector script to /home/dev_ws/install/vision/lib/vision
[5.734s] writing list of installed files to '/home/dev_ws/build/vision/install.log'
[5.839s] Invoked command in '/home/dev_ws/src/vision' returned '0': PYTHONPATH=/home/dev_ws/install/vision/lib/python3.8/site-packages:${PYTHONPATH} /usr/bin/python3 setup.py egg_info --egg-base ../../build/vision build --build-base /home/dev_ws/build/vision/build install --prefix /home/dev_ws/install/vision --record /home/dev_ws/build/vision/install.log --single-version-externally-managed
