[0.180s] DEBUG:colcon:Command line arguments: ['/usr/bin/colcon', 'build']
[0.180s] DEBUG:colcon:Parsed command line arguments: Namespace(ament_cmake_args=None, base_paths=['.'], build_base='build', catkin_cmake_args=None, catkin_skip_building_tests=False, cmake_args=None, cmake_clean_cache=False, cmake_clean_first=False, cmake_force_configure=False, cmake_target=None, cmake_target_skip_unavailable=False, continue_on_error=False, event_handlers=None, executor='parallel', ignore_user_meta=False, install_base='install', log_base=None, log_level=None, main=<bound method BuildVerb.main of <colcon_core.verb.build.BuildVerb object at 0x7f48495ecdc0>>, merge_install=False, metas=['./colcon.meta'], mixin=None, mixin_files=None, mixin_verb=('build',), packages_above=None, packages_above_and_dependencies=None, packages_above_depth=None, packages_end=None, packages_ignore=None, packages_ignore_regex=None, packages_select=None, packages_select_build_failed=False, packages_select_by_dep=None, packages_select_regex=None, packages_select_test_failures=False, packages_skip=None, packages_skip_build_finished=False, packages_skip_by_dep=None, packages_skip_regex=None, packages_skip_test_passed=False, packages_skip_up_to=None, packages_start=None, packages_up_to=None, packages_up_to_regex=None, parallel_workers=12, paths=None, symlink_install=False, test_result_base=None, verb_extension=<colcon_core.verb.build.BuildVerb object at 0x7f48495ecdc0>, verb_name='build', verb_parser=<colcon_mixin.mixin.mixin_argument.MixinArgumentDecorator object at 0x7f48495f53d0>)
[0.210s] Level 1:colcon.colcon_core.package_discovery:discover_packages(colcon_meta) check parameters
[0.211s] INFO:colcon.colcon_metadata.package_discovery.colcon_meta:Using configuration from '/root/.colcon/metadata/default/Gazebo.meta'
[0.211s] INFO:colcon.colcon_metadata.package_discovery.colcon_meta:Using configuration from '/root/.colcon/metadata/default/fastrtps.meta'
[0.211s] Level 1:colcon.colcon_core.package_discovery:discover_packages(recursive) check parameters
[0.211s] Level 1:colcon.colcon_core.package_discovery:discover_packages(ignore) check parameters
[0.211s] Level 1:colcon.colcon_core.package_discovery:discover_packages(path) check parameters
[0.211s] Level 1:colcon.colcon_core.package_discovery:discover_packages(colcon_meta) discover
[0.212s] Level 1:colcon.colcon_core.package_discovery:discover_packages(recursive) discover
[0.212s] INFO:colcon.colcon_core.package_discovery:Crawling recursively for packages in '/home/jubileo'
[0.212s] Level 1:colcon.colcon_core.package_identification:_identify(.) by extensions ['ignore', 'ignore_ament_install']
[0.212s] Level 1:colcon.colcon_core.package_identification:_identify(.) by extension 'ignore'
[0.212s] Level 1:colcon.colcon_core.package_identification:_identify(.) by extension 'ignore_ament_install'
[0.212s] Level 1:colcon.colcon_core.package_identification:_identify(.) by extensions ['colcon_pkg']
[0.212s] Level 1:colcon.colcon_core.package_identification:_identify(.) by extension 'colcon_pkg'
[0.212s] Level 1:colcon.colcon_core.package_identification:_identify(.) by extensions ['colcon_meta']
[0.212s] Level 1:colcon.colcon_core.package_identification:_identify(.) by extension 'colcon_meta'
[0.212s] Level 1:colcon.colcon_core.package_identification:_identify(.) by extensions ['ros']
[0.213s] Level 1:colcon.colcon_core.package_identification:_identify(.) by extension 'ros'
[0.227s] Level 1:colcon.colcon_core.package_identification:_identify(.) by extensions ['cmake', 'python']
[0.227s] Level 1:colcon.colcon_core.package_identification:_identify(.) by extension 'cmake'
[0.228s] Level 1:colcon.colcon_core.package_identification:_identify(.) by extension 'python'
[0.228s] Level 1:colcon.colcon_core.package_identification:_identify(.) by extensions ['python_setup_py']
[0.228s] Level 1:colcon.colcon_core.package_identification:_identify(.) by extension 'python_setup_py'
[0.228s] Level 1:colcon.colcon_core.package_identification:_identify(build) by extensions ['ignore', 'ignore_ament_install']
[0.228s] Level 1:colcon.colcon_core.package_identification:_identify(build) by extension 'ignore'
[0.228s] Level 1:colcon.colcon_core.package_identification:_identify(build) ignored
[0.228s] Level 1:colcon.colcon_core.package_identification:_identify(install) by extensions ['ignore', 'ignore_ament_install']
[0.228s] Level 1:colcon.colcon_core.package_identification:_identify(install) by extension 'ignore'
[0.228s] Level 1:colcon.colcon_core.package_identification:_identify(install) ignored
[0.229s] Level 1:colcon.colcon_core.package_identification:_identify(log) by extensions ['ignore', 'ignore_ament_install']
[0.229s] Level 1:colcon.colcon_core.package_identification:_identify(log) by extension 'ignore'
[0.229s] Level 1:colcon.colcon_core.package_identification:_identify(log) ignored
[0.229s] Level 1:colcon.colcon_core.package_identification:_identify(media) by extensions ['ignore', 'ignore_ament_install']
[0.229s] Level 1:colcon.colcon_core.package_identification:_identify(media) by extension 'ignore'
[0.229s] Level 1:colcon.colcon_core.package_identification:_identify(media) by extension 'ignore_ament_install'
[0.229s] Level 1:colcon.colcon_core.package_identification:_identify(media) by extensions ['colcon_pkg']
[0.229s] Level 1:colcon.colcon_core.package_identification:_identify(media) by extension 'colcon_pkg'
[0.229s] Level 1:colcon.colcon_core.package_identification:_identify(media) by extensions ['colcon_meta']
[0.229s] Level 1:colcon.colcon_core.package_identification:_identify(media) by extension 'colcon_meta'
[0.229s] Level 1:colcon.colcon_core.package_identification:_identify(media) by extensions ['ros']
[0.229s] Level 1:colcon.colcon_core.package_identification:_identify(media) by extension 'ros'
[0.229s] Level 1:colcon.colcon_core.package_identification:_identify(media) by extensions ['cmake', 'python']
[0.230s] Level 1:colcon.colcon_core.package_identification:_identify(media) by extension 'cmake'
[0.230s] Level 1:colcon.colcon_core.package_identification:_identify(media) by extension 'python'
[0.230s] Level 1:colcon.colcon_core.package_identification:_identify(media) by extensions ['python_setup_py']
[0.230s] Level 1:colcon.colcon_core.package_identification:_identify(media) by extension 'python_setup_py'
[0.230s] Level 1:colcon.colcon_core.package_identification:_identify(src) by extensions ['ignore', 'ignore_ament_install']
[0.230s] Level 1:colcon.colcon_core.package_identification:_identify(src) by extension 'ignore'
[0.230s] Level 1:colcon.colcon_core.package_identification:_identify(src) by extension 'ignore_ament_install'
[0.230s] Level 1:colcon.colcon_core.package_identification:_identify(src) by extensions ['colcon_pkg']
[0.230s] Level 1:colcon.colcon_core.package_identification:_identify(src) by extension 'colcon_pkg'
[0.230s] Level 1:colcon.colcon_core.package_identification:_identify(src) by extensions ['colcon_meta']
[0.230s] Level 1:colcon.colcon_core.package_identification:_identify(src) by extension 'colcon_meta'
[0.230s] Level 1:colcon.colcon_core.package_identification:_identify(src) by extensions ['ros']
[0.230s] Level 1:colcon.colcon_core.package_identification:_identify(src) by extension 'ros'
[0.230s] Level 1:colcon.colcon_core.package_identification:_identify(src) by extensions ['cmake', 'python']
[0.230s] Level 1:colcon.colcon_core.package_identification:_identify(src) by extension 'cmake'
[0.230s] Level 1:colcon.colcon_core.package_identification:_identify(src) by extension 'python'
[0.231s] Level 1:colcon.colcon_core.package_identification:_identify(src) by extensions ['python_setup_py']
[0.231s] Level 1:colcon.colcon_core.package_identification:_identify(src) by extension 'python_setup_py'
[0.231s] Level 1:colcon.colcon_core.package_identification:_identify(src/audio) by extensions ['ignore', 'ignore_ament_install']
[0.231s] Level 1:colcon.colcon_core.package_identification:_identify(src/audio) by extension 'ignore'
[0.231s] Level 1:colcon.colcon_core.package_identification:_identify(src/audio) by extension 'ignore_ament_install'
[0.231s] Level 1:colcon.colcon_core.package_identification:_identify(src/audio) by extensions ['colcon_pkg']
[0.231s] Level 1:colcon.colcon_core.package_identification:_identify(src/audio) by extension 'colcon_pkg'
[0.231s] Level 1:colcon.colcon_core.package_identification:_identify(src/audio) by extensions ['colcon_meta']
[0.231s] Level 1:colcon.colcon_core.package_identification:_identify(src/audio) by extension 'colcon_meta'
[0.231s] Level 1:colcon.colcon_core.package_identification:_identify(src/audio) by extensions ['ros']
[0.231s] Level 1:colcon.colcon_core.package_identification:_identify(src/audio) by extension 'ros'
[0.234s] DEBUG:colcon.colcon_core.package_identification:Package 'src/audio' with type 'ros.ament_python' and name 'audio'
[0.234s] Level 1:colcon.colcon_core.package_identification:_identify(src/build) by extensions ['ignore', 'ignore_ament_install']
[0.234s] Level 1:colcon.colcon_core.package_identification:_identify(src/build) by extension 'ignore'
[0.234s] Level 1:colcon.colcon_core.package_identification:_identify(src/build) ignored
[0.234s] Level 1:colcon.colcon_core.package_identification:_identify(src/face_controller) by extensions ['ignore', 'ignore_ament_install']
[0.234s] Level 1:colcon.colcon_core.package_identification:_identify(src/face_controller) by extension 'ignore'
[0.235s] Level 1:colcon.colcon_core.package_identification:_identify(src/face_controller) by extension 'ignore_ament_install'
[0.235s] Level 1:colcon.colcon_core.package_identification:_identify(src/face_controller) by extensions ['colcon_pkg']
[0.235s] Level 1:colcon.colcon_core.package_identification:_identify(src/face_controller) by extension 'colcon_pkg'
[0.235s] Level 1:colcon.colcon_core.package_identification:_identify(src/face_controller) by extensions ['colcon_meta']
[0.235s] Level 1:colcon.colcon_core.package_identification:_identify(src/face_controller) by extension 'colcon_meta'
[0.235s] Level 1:colcon.colcon_core.package_identification:_identify(src/face_controller) by extensions ['ros']
[0.235s] Level 1:colcon.colcon_core.package_identification:_identify(src/face_controller) by extension 'ros'
[0.236s] DEBUG:colcon.colcon_core.package_identification:Package 'src/face_controller' with type 'ros.ament_python' and name 'face_controller'
[0.237s] Level 1:colcon.colcon_core.package_identification:_identify(src/install) by extensions ['ignore', 'ignore_ament_install']
[0.237s] Level 1:colcon.colcon_core.package_identification:_identify(src/install) by extension 'ignore'
[0.237s] Level 1:colcon.colcon_core.package_identification:_identify(src/install) ignored
[0.237s] Level 1:colcon.colcon_core.package_identification:_identify(src/log) by extensions ['ignore', 'ignore_ament_install']
[0.238s] Level 1:colcon.colcon_core.package_identification:_identify(src/log) by extension 'ignore'
[0.238s] Level 1:colcon.colcon_core.package_identification:_identify(src/log) ignored
[0.238s] Level 1:colcon.colcon_core.package_identification:_identify(src/manipulation) by extensions ['ignore', 'ignore_ament_install']
[0.238s] Level 1:colcon.colcon_core.package_identification:_identify(src/manipulation) by extension 'ignore'
[0.238s] Level 1:colcon.colcon_core.package_identification:_identify(src/manipulation) by extension 'ignore_ament_install'
[0.238s] Level 1:colcon.colcon_core.package_identification:_identify(src/manipulation) by extensions ['colcon_pkg']
[0.238s] Level 1:colcon.colcon_core.package_identification:_identify(src/manipulation) by extension 'colcon_pkg'
[0.238s] Level 1:colcon.colcon_core.package_identification:_identify(src/manipulation) by extensions ['colcon_meta']
[0.238s] Level 1:colcon.colcon_core.package_identification:_identify(src/manipulation) by extension 'colcon_meta'
[0.238s] Level 1:colcon.colcon_core.package_identification:_identify(src/manipulation) by extensions ['ros']
[0.239s] Level 1:colcon.colcon_core.package_identification:_identify(src/manipulation) by extension 'ros'
[0.239s] DEBUG:colcon.colcon_core.package_identification:Package 'src/manipulation' with type 'ros.ament_python' and name 'manipulation'
[0.239s] Level 1:colcon.colcon_core.package_identification:_identify(src/ros_tcp_endpoint) by extensions ['ignore', 'ignore_ament_install']
[0.239s] Level 1:colcon.colcon_core.package_identification:_identify(src/ros_tcp_endpoint) by extension 'ignore'
[0.240s] Level 1:colcon.colcon_core.package_identification:_identify(src/ros_tcp_endpoint) by extension 'ignore_ament_install'
[0.240s] Level 1:colcon.colcon_core.package_identification:_identify(src/ros_tcp_endpoint) by extensions ['colcon_pkg']
[0.240s] Level 1:colcon.colcon_core.package_identification:_identify(src/ros_tcp_endpoint) by extension 'colcon_pkg'
[0.240s] Level 1:colcon.colcon_core.package_identification:_identify(src/ros_tcp_endpoint) by extensions ['colcon_meta']
[0.240s] Level 1:colcon.colcon_core.package_identification:_identify(src/ros_tcp_endpoint) by extension 'colcon_meta'
[0.240s] Level 1:colcon.colcon_core.package_identification:_identify(src/ros_tcp_endpoint) by extensions ['ros']
[0.240s] Level 1:colcon.colcon_core.package_identification:_identify(src/ros_tcp_endpoint) by extension 'ros'
[0.240s] Level 1:colcon.colcon_core.package_identification:_identify(src/ros_tcp_endpoint) by extensions ['cmake', 'python']
[0.240s] Level 1:colcon.colcon_core.package_identification:_identify(src/ros_tcp_endpoint) by extension 'cmake'
[0.240s] Level 1:colcon.colcon_core.package_identification:_identify(src/ros_tcp_endpoint) by extension 'python'
[0.240s] Level 1:colcon.colcon_core.package_identification:_identify(src/ros_tcp_endpoint) by extensions ['python_setup_py']
[0.240s] Level 1:colcon.colcon_core.package_identification:_identify(src/ros_tcp_endpoint) by extension 'python_setup_py'
[0.240s] Level 1:colcon.colcon_core.package_identification:_identify(src/unity_robotics_demo) by extensions ['ignore', 'ignore_ament_install']
[0.240s] Level 1:colcon.colcon_core.package_identification:_identify(src/unity_robotics_demo) by extension 'ignore'
[0.241s] Level 1:colcon.colcon_core.package_identification:_identify(src/unity_robotics_demo) by extension 'ignore_ament_install'
[0.241s] Level 1:colcon.colcon_core.package_identification:_identify(src/unity_robotics_demo) by extensions ['colcon_pkg']
[0.241s] Level 1:colcon.colcon_core.package_identification:_identify(src/unity_robotics_demo) by extension 'colcon_pkg'
[0.241s] Level 1:colcon.colcon_core.package_identification:_identify(src/unity_robotics_demo) by extensions ['colcon_meta']
[0.241s] Level 1:colcon.colcon_core.package_identification:_identify(src/unity_robotics_demo) by extension 'colcon_meta'
[0.241s] Level 1:colcon.colcon_core.package_identification:_identify(src/unity_robotics_demo) by extensions ['ros']
[0.241s] Level 1:colcon.colcon_core.package_identification:_identify(src/unity_robotics_demo) by extension 'ros'
[0.242s] DEBUG:colcon.colcon_core.package_identification:Package 'src/unity_robotics_demo' with type 'ros.ament_python' and name 'unity_robotics_demo'
[0.242s] Level 1:colcon.colcon_core.package_identification:_identify(src/unity_robotics_demo_msgs) by extensions ['ignore', 'ignore_ament_install']
[0.242s] Level 1:colcon.colcon_core.package_identification:_identify(src/unity_robotics_demo_msgs) by extension 'ignore'
[0.242s] Level 1:colcon.colcon_core.package_identification:_identify(src/unity_robotics_demo_msgs) by extension 'ignore_ament_install'
[0.242s] Level 1:colcon.colcon_core.package_identification:_identify(src/unity_robotics_demo_msgs) by extensions ['colcon_pkg']
[0.242s] Level 1:colcon.colcon_core.package_identification:_identify(src/unity_robotics_demo_msgs) by extension 'colcon_pkg'
[0.242s] Level 1:colcon.colcon_core.package_identification:_identify(src/unity_robotics_demo_msgs) by extensions ['colcon_meta']
[0.242s] Level 1:colcon.colcon_core.package_identification:_identify(src/unity_robotics_demo_msgs) by extension 'colcon_meta'
[0.242s] Level 1:colcon.colcon_core.package_identification:_identify(src/unity_robotics_demo_msgs) by extensions ['ros']
[0.242s] Level 1:colcon.colcon_core.package_identification:_identify(src/unity_robotics_demo_msgs) by extension 'ros'
[0.243s] DEBUG:colcon.colcon_core.package_identification:Package 'src/unity_robotics_demo_msgs' with type 'ros.ament_cmake' and name 'unity_robotics_demo_msgs'
[0.243s] Level 1:colcon.colcon_core.package_identification:_identify(src/utils) by extensions ['ignore', 'ignore_ament_install']
[0.243s] Level 1:colcon.colcon_core.package_identification:_identify(src/utils) by extension 'ignore'
[0.243s] Level 1:colcon.colcon_core.package_identification:_identify(src/utils) by extension 'ignore_ament_install'
[0.243s] Level 1:colcon.colcon_core.package_identification:_identify(src/utils) by extensions ['colcon_pkg']
[0.243s] Level 1:colcon.colcon_core.package_identification:_identify(src/utils) by extension 'colcon_pkg'
[0.243s] Level 1:colcon.colcon_core.package_identification:_identify(src/utils) by extensions ['colcon_meta']
[0.243s] Level 1:colcon.colcon_core.package_identification:_identify(src/utils) by extension 'colcon_meta'
[0.243s] Level 1:colcon.colcon_core.package_identification:_identify(src/utils) by extensions ['ros']
[0.243s] Level 1:colcon.colcon_core.package_identification:_identify(src/utils) by extension 'ros'
[0.244s] DEBUG:colcon.colcon_core.package_identification:Package 'src/utils' with type 'ros.ament_python' and name 'utils'
[0.244s] Level 1:colcon.colcon_core.package_identification:_identify(src/vision) by extensions ['ignore', 'ignore_ament_install']
[0.244s] Level 1:colcon.colcon_core.package_identification:_identify(src/vision) by extension 'ignore'
[0.244s] Level 1:colcon.colcon_core.package_identification:_identify(src/vision) by extension 'ignore_ament_install'
[0.244s] Level 1:colcon.colcon_core.package_identification:_identify(src/vision) by extensions ['colcon_pkg']
[0.244s] Level 1:colcon.colcon_core.package_identification:_identify(src/vision) by extension 'colcon_pkg'
[0.245s] Level 1:colcon.colcon_core.package_identification:_identify(src/vision) by extensions ['colcon_meta']
[0.245s] Level 1:colcon.colcon_core.package_identification:_identify(src/vision) by extension 'colcon_meta'
[0.245s] Level 1:colcon.colcon_core.package_identification:_identify(src/vision) by extensions ['ros']
[0.245s] Level 1:colcon.colcon_core.package_identification:_identify(src/vision) by extension 'ros'
[0.245s] DEBUG:colcon.colcon_core.package_identification:Package 'src/vision' with type 'ros.ament_python' and name 'vision'
[0.245s] Level 1:colcon.colcon_core.package_discovery:discover_packages(recursive) using defaults
[0.245s] Level 1:colcon.colcon_core.package_discovery:discover_packages(ignore) discover
[0.245s] Level 1:colcon.colcon_core.package_discovery:discover_packages(ignore) using defaults
[0.245s] Level 1:colcon.colcon_core.package_discovery:discover_packages(path) discover
[0.245s] Level 1:colcon.colcon_core.package_discovery:discover_packages(path) using defaults
[0.267s] Level 5:colcon.colcon_core.verb:set package 'audio' build argument 'cmake_args' from command line to 'None'
[0.267s] Level 5:colcon.colcon_core.verb:set package 'audio' build argument 'cmake_target' from command line to 'None'
[0.267s] Level 5:colcon.colcon_core.verb:set package 'audio' build argument 'cmake_target_skip_unavailable' from command line to 'False'
[0.267s] Level 5:colcon.colcon_core.verb:set package 'audio' build argument 'cmake_clean_cache' from command line to 'False'
[0.267s] Level 5:colcon.colcon_core.verb:set package 'audio' build argument 'cmake_clean_first' from command line to 'False'
[0.267s] Level 5:colcon.colcon_core.verb:set package 'audio' build argument 'cmake_force_configure' from command line to 'False'
[0.268s] Level 5:colcon.colcon_core.verb:set package 'audio' build argument 'ament_cmake_args' from command line to 'None'
[0.268s] Level 5:colcon.colcon_core.verb:set package 'audio' build argument 'catkin_cmake_args' from command line to 'None'
[0.268s] Level 5:colcon.colcon_core.verb:set package 'audio' build argument 'catkin_skip_building_tests' from command line to 'False'
[0.268s] DEBUG:colcon.colcon_core.verb:Building package 'audio' with the following arguments: {'ament_cmake_args': None, 'build_base': '/home/jubileo/build/audio', 'catkin_cmake_args': None, 'catkin_skip_building_tests': False, 'cmake_args': None, 'cmake_clean_cache': False, 'cmake_clean_first': False, 'cmake_force_configure': False, 'cmake_target': None, 'cmake_target_skip_unavailable': False, 'install_base': '/home/jubileo/install/audio', 'merge_install': False, 'path': '/home/jubileo/src/audio', 'symlink_install': False, 'test_result_base': None}
[0.268s] Level 5:colcon.colcon_core.verb:set package 'face_controller' build argument 'cmake_args' from command line to 'None'
[0.268s] Level 5:colcon.colcon_core.verb:set package 'face_controller' build argument 'cmake_target' from command line to 'None'
[0.268s] Level 5:colcon.colcon_core.verb:set package 'face_controller' build argument 'cmake_target_skip_unavailable' from command line to 'False'
[0.268s] Level 5:colcon.colcon_core.verb:set package 'face_controller' build argument 'cmake_clean_cache' from command line to 'False'
[0.268s] Level 5:colcon.colcon_core.verb:set package 'face_controller' build argument 'cmake_clean_first' from command line to 'False'
[0.268s] Level 5:colcon.colcon_core.verb:set package 'face_controller' build argument 'cmake_force_configure' from command line to 'False'
[0.268s] Level 5:colcon.colcon_core.verb:set package 'face_controller' build argument 'ament_cmake_args' from command line to 'None'
[0.268s] Level 5:colcon.colcon_core.verb:set package 'face_controller' build argument 'catkin_cmake_args' from command line to 'None'
[0.269s] Level 5:colcon.colcon_core.verb:set package 'face_controller' build argument 'catkin_skip_building_tests' from command line to 'False'
[0.269s] DEBUG:colcon.colcon_core.verb:Building package 'face_controller' with the following arguments: {'ament_cmake_args': None, 'build_base': '/home/jubileo/build/face_controller', 'catkin_cmake_args': None, 'catkin_skip_building_tests': False, 'cmake_args': None, 'cmake_clean_cache': False, 'cmake_clean_first': False, 'cmake_force_configure': False, 'cmake_target': None, 'cmake_target_skip_unavailable': False, 'install_base': '/home/jubileo/install/face_controller', 'merge_install': False, 'path': '/home/jubileo/src/face_controller', 'symlink_install': False, 'test_result_base': None}
[0.269s] Level 5:colcon.colcon_core.verb:set package 'manipulation' build argument 'cmake_args' from command line to 'None'
[0.269s] Level 5:colcon.colcon_core.verb:set package 'manipulation' build argument 'cmake_target' from command line to 'None'
[0.269s] Level 5:colcon.colcon_core.verb:set package 'manipulation' build argument 'cmake_target_skip_unavailable' from command line to 'False'
[0.269s] Level 5:colcon.colcon_core.verb:set package 'manipulation' build argument 'cmake_clean_cache' from command line to 'False'
[0.270s] Level 5:colcon.colcon_core.verb:set package 'manipulation' build argument 'cmake_clean_first' from command line to 'False'
[0.270s] Level 5:colcon.colcon_core.verb:set package 'manipulation' build argument 'cmake_force_configure' from command line to 'False'
[0.270s] Level 5:colcon.colcon_core.verb:set package 'manipulation' build argument 'ament_cmake_args' from command line to 'None'
[0.270s] Level 5:colcon.colcon_core.verb:set package 'manipulation' build argument 'catkin_cmake_args' from command line to 'None'
[0.270s] Level 5:colcon.colcon_core.verb:set package 'manipulation' build argument 'catkin_skip_building_tests' from command line to 'False'
[0.270s] DEBUG:colcon.colcon_core.verb:Building package 'manipulation' with the following arguments: {'ament_cmake_args': None, 'build_base': '/home/jubileo/build/manipulation', 'catkin_cmake_args': None, 'catkin_skip_building_tests': False, 'cmake_args': None, 'cmake_clean_cache': False, 'cmake_clean_first': False, 'cmake_force_configure': False, 'cmake_target': None, 'cmake_target_skip_unavailable': False, 'install_base': '/home/jubileo/install/manipulation', 'merge_install': False, 'path': '/home/jubileo/src/manipulation', 'symlink_install': False, 'test_result_base': None}
[0.270s] Level 5:colcon.colcon_core.verb:set package 'unity_robotics_demo' build argument 'cmake_args' from command line to 'None'
[0.270s] Level 5:colcon.colcon_core.verb:set package 'unity_robotics_demo' build argument 'cmake_target' from command line to 'None'
[0.270s] Level 5:colcon.colcon_core.verb:set package 'unity_robotics_demo' build argument 'cmake_target_skip_unavailable' from command line to 'False'
[0.270s] Level 5:colcon.colcon_core.verb:set package 'unity_robotics_demo' build argument 'cmake_clean_cache' from command line to 'False'
[0.271s] Level 5:colcon.colcon_core.verb:set package 'unity_robotics_demo' build argument 'cmake_clean_first' from command line to 'False'
[0.271s] Level 5:colcon.colcon_core.verb:set package 'unity_robotics_demo' build argument 'cmake_force_configure' from command line to 'False'
[0.271s] Level 5:colcon.colcon_core.verb:set package 'unity_robotics_demo' build argument 'ament_cmake_args' from command line to 'None'
[0.271s] Level 5:colcon.colcon_core.verb:set package 'unity_robotics_demo' build argument 'catkin_cmake_args' from command line to 'None'
[0.271s] Level 5:colcon.colcon_core.verb:set package 'unity_robotics_demo' build argument 'catkin_skip_building_tests' from command line to 'False'
[0.271s] DEBUG:colcon.colcon_core.verb:Building package 'unity_robotics_demo' with the following arguments: {'ament_cmake_args': None, 'build_base': '/home/jubileo/build/unity_robotics_demo', 'catkin_cmake_args': None, 'catkin_skip_building_tests': False, 'cmake_args': None, 'cmake_clean_cache': False, 'cmake_clean_first': False, 'cmake_force_configure': False, 'cmake_target': None, 'cmake_target_skip_unavailable': False, 'install_base': '/home/jubileo/install/unity_robotics_demo', 'merge_install': False, 'path': '/home/jubileo/src/unity_robotics_demo', 'symlink_install': False, 'test_result_base': None}
[0.271s] Level 5:colcon.colcon_core.verb:set package 'unity_robotics_demo_msgs' build argument 'cmake_args' from command line to 'None'
[0.271s] Level 5:colcon.colcon_core.verb:set package 'unity_robotics_demo_msgs' build argument 'cmake_target' from command line to 'None'
[0.271s] Level 5:colcon.colcon_core.verb:set package 'unity_robotics_demo_msgs' build argument 'cmake_target_skip_unavailable' from command line to 'False'
[0.271s] Level 5:colcon.colcon_core.verb:set package 'unity_robotics_demo_msgs' build argument 'cmake_clean_cache' from command line to 'False'
[0.271s] Level 5:colcon.colcon_core.verb:set package 'unity_robotics_demo_msgs' build argument 'cmake_clean_first' from command line to 'False'
[0.271s] Level 5:colcon.colcon_core.verb:set package 'unity_robotics_demo_msgs' build argument 'cmake_force_configure' from command line to 'False'
[0.272s] Level 5:colcon.colcon_core.verb:set package 'unity_robotics_demo_msgs' build argument 'ament_cmake_args' from command line to 'None'
[0.272s] Level 5:colcon.colcon_core.verb:set package 'unity_robotics_demo_msgs' build argument 'catkin_cmake_args' from command line to 'None'
[0.272s] Level 5:colcon.colcon_core.verb:set package 'unity_robotics_demo_msgs' build argument 'catkin_skip_building_tests' from command line to 'False'
[0.272s] DEBUG:colcon.colcon_core.verb:Building package 'unity_robotics_demo_msgs' with the following arguments: {'ament_cmake_args': None, 'build_base': '/home/jubileo/build/unity_robotics_demo_msgs', 'catkin_cmake_args': None, 'catkin_skip_building_tests': False, 'cmake_args': None, 'cmake_clean_cache': False, 'cmake_clean_first': False, 'cmake_force_configure': False, 'cmake_target': None, 'cmake_target_skip_unavailable': False, 'install_base': '/home/jubileo/install/unity_robotics_demo_msgs', 'merge_install': False, 'path': '/home/jubileo/src/unity_robotics_demo_msgs', 'symlink_install': False, 'test_result_base': None}
[0.272s] Level 5:colcon.colcon_core.verb:set package 'utils' build argument 'cmake_args' from command line to 'None'
[0.272s] Level 5:colcon.colcon_core.verb:set package 'utils' build argument 'cmake_target' from command line to 'None'
[0.272s] Level 5:colcon.colcon_core.verb:set package 'utils' build argument 'cmake_target_skip_unavailable' from command line to 'False'
[0.272s] Level 5:colcon.colcon_core.verb:set package 'utils' build argument 'cmake_clean_cache' from command line to 'False'
[0.272s] Level 5:colcon.colcon_core.verb:set package 'utils' build argument 'cmake_clean_first' from command line to 'False'
[0.272s] Level 5:colcon.colcon_core.verb:set package 'utils' build argument 'cmake_force_configure' from command line to 'False'
[0.273s] Level 5:colcon.colcon_core.verb:set package 'utils' build argument 'ament_cmake_args' from command line to 'None'
[0.273s] Level 5:colcon.colcon_core.verb:set package 'utils' build argument 'catkin_cmake_args' from command line to 'None'
[0.273s] Level 5:colcon.colcon_core.verb:set package 'utils' build argument 'catkin_skip_building_tests' from command line to 'False'
[0.273s] DEBUG:colcon.colcon_core.verb:Building package 'utils' with the following arguments: {'ament_cmake_args': None, 'build_base': '/home/jubileo/build/utils', 'catkin_cmake_args': None, 'catkin_skip_building_tests': False, 'cmake_args': None, 'cmake_clean_cache': False, 'cmake_clean_first': False, 'cmake_force_configure': False, 'cmake_target': None, 'cmake_target_skip_unavailable': False, 'install_base': '/home/jubileo/install/utils', 'merge_install': False, 'path': '/home/jubileo/src/utils', 'symlink_install': False, 'test_result_base': None}
[0.273s] Level 5:colcon.colcon_core.verb:set package 'vision' build argument 'cmake_args' from command line to 'None'
[0.273s] Level 5:colcon.colcon_core.verb:set package 'vision' build argument 'cmake_target' from command line to 'None'
[0.273s] Level 5:colcon.colcon_core.verb:set package 'vision' build argument 'cmake_target_skip_unavailable' from command line to 'False'
[0.273s] Level 5:colcon.colcon_core.verb:set package 'vision' build argument 'cmake_clean_cache' from command line to 'False'
[0.273s] Level 5:colcon.colcon_core.verb:set package 'vision' build argument 'cmake_clean_first' from command line to 'False'
[0.273s] Level 5:colcon.colcon_core.verb:set package 'vision' build argument 'cmake_force_configure' from command line to 'False'
[0.273s] Level 5:colcon.colcon_core.verb:set package 'vision' build argument 'ament_cmake_args' from command line to 'None'
[0.273s] Level 5:colcon.colcon_core.verb:set package 'vision' build argument 'catkin_cmake_args' from command line to 'None'
[0.273s] Level 5:colcon.colcon_core.verb:set package 'vision' build argument 'catkin_skip_building_tests' from command line to 'False'
[0.274s] DEBUG:colcon.colcon_core.verb:Building package 'vision' with the following arguments: {'ament_cmake_args': None, 'build_base': '/home/jubileo/build/vision', 'catkin_cmake_args': None, 'catkin_skip_building_tests': False, 'cmake_args': None, 'cmake_clean_cache': False, 'cmake_clean_first': False, 'cmake_force_configure': False, 'cmake_target': None, 'cmake_target_skip_unavailable': False, 'install_base': '/home/jubileo/install/vision', 'merge_install': False, 'path': '/home/jubileo/src/vision', 'symlink_install': False, 'test_result_base': None}
[0.274s] INFO:colcon.colcon_core.executor:Executing jobs using 'parallel' executor
[0.276s] DEBUG:colcon.colcon_parallel_executor.executor.parallel:run_until_complete
[0.276s] INFO:colcon.colcon_ros.task.ament_python.build:Building ROS package in '/home/jubileo/src/audio' with build type 'ament_python'
[0.277s] Level 1:colcon.colcon_core.shell:create_environment_hook('audio', 'ament_prefix_path')
[0.281s] INFO:colcon.colcon_core.plugin_system:Skipping extension 'colcon_core.shell.bat': Not used on non-Windows systems
[0.281s] INFO:colcon.colcon_core.shell:Creating environment hook '/home/jubileo/install/audio/share/audio/hook/ament_prefix_path.ps1'
[0.282s] INFO:colcon.colcon_core.shell:Creating environment descriptor '/home/jubileo/install/audio/share/audio/hook/ament_prefix_path.dsv'
[0.282s] INFO:colcon.colcon_core.shell:Creating environment hook '/home/jubileo/install/audio/share/audio/hook/ament_prefix_path.sh'
[0.283s] INFO:colcon.colcon_core.shell:Skip shell extension 'powershell' for command environment: Not usable outside of PowerShell
[0.283s] DEBUG:colcon.colcon_core.shell:Skip shell extension 'dsv' for command environment
[0.293s] INFO:colcon.colcon_ros.task.ament_python.build:Building ROS package in '/home/jubileo/src/face_controller' with build type 'ament_python'
[0.293s] Level 1:colcon.colcon_core.shell:create_environment_hook('face_controller', 'ament_prefix_path')
[0.294s] INFO:colcon.colcon_core.shell:Creating environment hook '/home/jubileo/install/face_controller/share/face_controller/hook/ament_prefix_path.ps1'
[0.295s] INFO:colcon.colcon_core.shell:Creating environment descriptor '/home/jubileo/install/face_controller/share/face_controller/hook/ament_prefix_path.dsv'
[0.296s] INFO:colcon.colcon_core.shell:Creating environment hook '/home/jubileo/install/face_controller/share/face_controller/hook/ament_prefix_path.sh'
[0.296s] INFO:colcon.colcon_core.shell:Skip shell extension 'powershell' for command environment: Not usable outside of PowerShell
[0.297s] DEBUG:colcon.colcon_core.shell:Skip shell extension 'dsv' for command environment
[0.303s] INFO:colcon.colcon_ros.task.ament_python.build:Building ROS package in '/home/jubileo/src/manipulation' with build type 'ament_python'
[0.303s] Level 1:colcon.colcon_core.shell:create_environment_hook('manipulation', 'ament_prefix_path')
[0.306s] INFO:colcon.colcon_core.shell:Creating environment hook '/home/jubileo/install/manipulation/share/manipulation/hook/ament_prefix_path.ps1'
[0.309s] INFO:colcon.colcon_core.shell:Creating environment descriptor '/home/jubileo/install/manipulation/share/manipulation/hook/ament_prefix_path.dsv'
[0.310s] INFO:colcon.colcon_core.shell:Creating environment hook '/home/jubileo/install/manipulation/share/manipulation/hook/ament_prefix_path.sh'
[0.311s] INFO:colcon.colcon_core.shell:Skip shell extension 'powershell' for command environment: Not usable outside of PowerShell
[0.311s] DEBUG:colcon.colcon_core.shell:Skip shell extension 'dsv' for command environment
[0.317s] INFO:colcon.colcon_ros.task.ament_python.build:Building ROS package in '/home/jubileo/src/unity_robotics_demo' with build type 'ament_python'
[0.317s] Level 1:colcon.colcon_core.shell:create_environment_hook('unity_robotics_demo', 'ament_prefix_path')
[0.318s] INFO:colcon.colcon_core.shell:Creating environment hook '/home/jubileo/install/unity_robotics_demo/share/unity_robotics_demo/hook/ament_prefix_path.ps1'
[0.321s] INFO:colcon.colcon_core.shell:Creating environment descriptor '/home/jubileo/install/unity_robotics_demo/share/unity_robotics_demo/hook/ament_prefix_path.dsv'
[0.324s] INFO:colcon.colcon_core.shell:Creating environment hook '/home/jubileo/install/unity_robotics_demo/share/unity_robotics_demo/hook/ament_prefix_path.sh'
[0.325s] INFO:colcon.colcon_core.shell:Skip shell extension 'powershell' for command environment: Not usable outside of PowerShell
[0.325s] DEBUG:colcon.colcon_core.shell:Skip shell extension 'dsv' for command environment
[0.331s] INFO:colcon.colcon_ros.task.ament_cmake.build:Building ROS package in '/home/jubileo/src/unity_robotics_demo_msgs' with build type 'ament_cmake'
[0.331s] INFO:colcon.colcon_cmake.task.cmake.build:Building CMake package in '/home/jubileo/src/unity_robotics_demo_msgs'
[0.332s] INFO:colcon.colcon_core.shell:Skip shell extension 'powershell' for command environment: Not usable outside of PowerShell
[0.332s] DEBUG:colcon.colcon_core.shell:Skip shell extension 'dsv' for command environment
[0.342s] INFO:colcon.colcon_ros.task.ament_python.build:Building ROS package in '/home/jubileo/src/utils' with build type 'ament_python'
[0.342s] Level 1:colcon.colcon_core.shell:create_environment_hook('utils', 'ament_prefix_path')
[0.343s] INFO:colcon.colcon_core.shell:Creating environment hook '/home/jubileo/install/utils/share/utils/hook/ament_prefix_path.ps1'
[0.345s] INFO:colcon.colcon_core.shell:Creating environment descriptor '/home/jubileo/install/utils/share/utils/hook/ament_prefix_path.dsv'
[0.345s] INFO:colcon.colcon_core.shell:Creating environment hook '/home/jubileo/install/utils/share/utils/hook/ament_prefix_path.sh'
[0.346s] INFO:colcon.colcon_core.shell:Skip shell extension 'powershell' for command environment: Not usable outside of PowerShell
[0.346s] DEBUG:colcon.colcon_core.shell:Skip shell extension 'dsv' for command environment
[0.354s] INFO:colcon.colcon_ros.task.ament_python.build:Building ROS package in '/home/jubileo/src/vision' with build type 'ament_python'
[0.355s] Level 1:colcon.colcon_core.shell:create_environment_hook('vision', 'ament_prefix_path')
[0.357s] INFO:colcon.colcon_core.shell:Creating environment hook '/home/jubileo/install/vision/share/vision/hook/ament_prefix_path.ps1'
[0.359s] INFO:colcon.colcon_core.shell:Creating environment descriptor '/home/jubileo/install/vision/share/vision/hook/ament_prefix_path.dsv'
[0.360s] INFO:colcon.colcon_core.shell:Creating environment hook '/home/jubileo/install/vision/share/vision/hook/ament_prefix_path.sh'
[0.361s] INFO:colcon.colcon_core.shell:Skip shell extension 'powershell' for command environment: Not usable outside of PowerShell
[0.361s] DEBUG:colcon.colcon_core.shell:Skip shell extension 'dsv' for command environment
[0.599s] INFO:colcon.colcon_core.task.python.build:Building Python package in '/home/jubileo/src/audio'
[0.601s] INFO:colcon.colcon_core.shell:Skip shell extension 'powershell' for command environment: Not usable outside of PowerShell
[0.601s] DEBUG:colcon.colcon_core.shell:Skip shell extension 'dsv' for command environment
[0.831s] INFO:colcon.colcon_core.task.python.build:Building Python package in '/home/jubileo/src/face_controller'
[0.833s] INFO:colcon.colcon_core.shell:Skip shell extension 'powershell' for command environment: Not usable outside of PowerShell
[0.833s] DEBUG:colcon.colcon_core.shell:Skip shell extension 'dsv' for command environment
[1.070s] INFO:colcon.colcon_core.task.python.build:Building Python package in '/home/jubileo/src/manipulation'
[1.071s] INFO:colcon.colcon_core.shell:Skip shell extension 'powershell' for command environment: Not usable outside of PowerShell
[1.071s] DEBUG:colcon.colcon_core.shell:Skip shell extension 'dsv' for command environment
[1.290s] INFO:colcon.colcon_core.task.python.build:Building Python package in '/home/jubileo/src/unity_robotics_demo'
[1.291s] INFO:colcon.colcon_core.shell:Skip shell extension 'powershell' for command environment: Not usable outside of PowerShell
[1.291s] DEBUG:colcon.colcon_core.shell:Skip shell extension 'dsv' for command environment
[1.306s] DEBUG:colcon.colcon_core.event_handler.log_command:Invoking command in '/home/jubileo/build/unity_robotics_demo_msgs': CMAKE_PREFIX_PATH=${CMAKE_PREFIX_PATH}:/home/jubileo/install/vision:/home/jubileo/install/utils:/home/jubileo/install/unity_robotics_demo:/home/jubileo/install/ros_tcp_endpoint:/home/jubileo/install/manipulation:/home/jubileo/install/face_controller:/home/jubileo/install/audio:/opt/ros/foxy:/home/dev_ws/install/vision:/home/dev_ws/install/utils:/home/dev_ws/install/unity_robotics_demo:/home/dev_ws/install/ros_tcp_endpoint:/home/dev_ws/install/face_controller:/home/dev_ws/install/audio /usr/bin/cmake --build /home/jubileo/build/unity_robotics_demo_msgs -- -j12 -l12
[1.563s] INFO:colcon.colcon_core.task.python.build:Building Python package in '/home/jubileo/src/utils'
[1.564s] INFO:colcon.colcon_core.shell:Skip shell extension 'powershell' for command environment: Not usable outside of PowerShell
[1.564s] DEBUG:colcon.colcon_core.shell:Skip shell extension 'dsv' for command environment
[1.812s] INFO:colcon.colcon_core.task.python.build:Building Python package in '/home/jubileo/src/vision'
[1.813s] INFO:colcon.colcon_core.shell:Skip shell extension 'powershell' for command environment: Not usable outside of PowerShell
[1.813s] DEBUG:colcon.colcon_core.shell:Skip shell extension 'dsv' for command environment
[2.441s] DEBUG:colcon.colcon_core.event_handler.log_command:Invoking command in '/home/jubileo/src/face_controller': PYTHONPATH=/home/jubileo/install/face_controller/lib/python3.8/site-packages:${PYTHONPATH} /usr/bin/python3 setup.py egg_info --egg-base ../../build/face_controller build --build-base /home/jubileo/build/face_controller/build install --prefix /home/jubileo/install/face_controller --record /home/jubileo/build/face_controller/install.log --single-version-externally-managed
[2.483s] DEBUG:colcon.colcon_core.event_handler.log_command:Invoking command in '/home/jubileo/src/unity_robotics_demo': PYTHONPATH=/home/jubileo/install/unity_robotics_demo/lib/python3.8/site-packages:${PYTHONPATH} /usr/bin/python3 setup.py egg_info --egg-base ../../build/unity_robotics_demo build --build-base /home/jubileo/build/unity_robotics_demo/build install --prefix /home/jubileo/install/unity_robotics_demo --record /home/jubileo/build/unity_robotics_demo/install.log --single-version-externally-managed
[2.504s] DEBUG:colcon.colcon_core.event_handler.log_command:Invoking command in '/home/jubileo/src/utils': PYTHONPATH=/home/jubileo/install/utils/lib/python3.8/site-packages:${PYTHONPATH} /usr/bin/python3 setup.py egg_info --egg-base ../../build/utils build --build-base /home/jubileo/build/utils/build install --prefix /home/jubileo/install/utils --record /home/jubileo/build/utils/install.log --single-version-externally-managed
[2.530s] DEBUG:colcon.colcon_core.event_handler.log_command:Invoking command in '/home/jubileo/src/manipulation': PYTHONPATH=/home/jubileo/install/manipulation/lib/python3.8/site-packages:${PYTHONPATH} /usr/bin/python3 setup.py egg_info --egg-base ../../build/manipulation build --build-base /home/jubileo/build/manipulation/build install --prefix /home/jubileo/install/manipulation --record /home/jubileo/build/manipulation/install.log --single-version-externally-managed
[2.535s] DEBUG:colcon.colcon_core.event_handler.log_command:Invoking command in '/home/jubileo/src/audio': PYTHONPATH=/home/jubileo/install/audio/lib/python3.8/site-packages:${PYTHONPATH} /usr/bin/python3 setup.py egg_info --egg-base ../../build/audio build --build-base /home/jubileo/build/audio/build install --prefix /home/jubileo/install/audio --record /home/jubileo/build/audio/install.log --single-version-externally-managed
[2.562s] DEBUG:colcon.colcon_core.event_handler.log_command:Invoking command in '/home/jubileo/src/vision': PYTHONPATH=/home/jubileo/install/vision/lib/python3.8/site-packages:${PYTHONPATH} /usr/bin/python3 setup.py egg_info --egg-base ../../build/vision build --build-base /home/jubileo/build/vision/build install --prefix /home/jubileo/install/vision --record /home/jubileo/build/vision/install.log --single-version-externally-managed
[3.042s] DEBUG:colcon.colcon_core.event_handler.log_command:Invoked command in '/home/jubileo/src/face_controller' returned '0': PYTHONPATH=/home/jubileo/install/face_controller/lib/python3.8/site-packages:${PYTHONPATH} /usr/bin/python3 setup.py egg_info --egg-base ../../build/face_controller build --build-base /home/jubileo/build/face_controller/build install --prefix /home/jubileo/install/face_controller --record /home/jubileo/build/face_controller/install.log --single-version-externally-managed
[3.051s] Level 1:colcon.colcon_core.environment:checking '/home/jubileo/install/face_controller' for CMake module files
[3.053s] Level 1:colcon.colcon_core.environment:checking '/home/jubileo/install/face_controller' for CMake config files
[3.067s] Level 1:colcon.colcon_core.environment:checking '/home/jubileo/install/face_controller/lib'
[3.068s] Level 1:colcon.colcon_core.environment:checking '/home/jubileo/install/face_controller/bin'
[3.068s] Level 1:colcon.colcon_core.environment:checking '/home/jubileo/install/face_controller/lib/pkgconfig/face_controller.pc'
[3.069s] Level 1:colcon.colcon_core.environment:checking '/home/jubileo/install/face_controller/lib/python3.8/site-packages'
[3.069s] Level 1:colcon.colcon_core.shell:create_environment_hook('face_controller', 'pythonpath')
[3.070s] INFO:colcon.colcon_core.shell:Creating environment hook '/home/jubileo/install/face_controller/share/face_controller/hook/pythonpath.ps1'
[3.072s] INFO:colcon.colcon_core.shell:Creating environment descriptor '/home/jubileo/install/face_controller/share/face_controller/hook/pythonpath.dsv'
[3.072s] INFO:colcon.colcon_core.shell:Creating environment hook '/home/jubileo/install/face_controller/share/face_controller/hook/pythonpath.sh'
[3.073s] Level 1:colcon.colcon_core.environment:checking '/home/jubileo/install/face_controller/bin'
[3.073s] Level 1:colcon.colcon_core.environment:create_environment_scripts_only(face_controller)
[3.074s] INFO:colcon.colcon_core.shell:Creating package script '/home/jubileo/install/face_controller/share/face_controller/package.ps1'
[3.076s] INFO:colcon.colcon_core.shell:Creating package descriptor '/home/jubileo/install/face_controller/share/face_controller/package.dsv'
[3.077s] INFO:colcon.colcon_core.shell:Creating package script '/home/jubileo/install/face_controller/share/face_controller/package.sh'
[3.078s] INFO:colcon.colcon_core.shell:Creating package script '/home/jubileo/install/face_controller/share/face_controller/package.bash'
[3.081s] INFO:colcon.colcon_core.shell:Creating package script '/home/jubileo/install/face_controller/share/face_controller/package.zsh'
[3.083s] Level 1:colcon.colcon_core.environment:create_file_with_runtime_dependencies(/home/jubileo/install/face_controller/share/colcon-core/packages/face_controller)
[3.089s] Level 1:colcon.colcon_core.environment:checking '/home/jubileo/install/utils' for CMake module files
[3.093s] DEBUG:colcon.colcon_core.event_handler.log_command:Invoked command in '/home/jubileo/src/utils' returned '0': PYTHONPATH=/home/jubileo/install/utils/lib/python3.8/site-packages:${PYTHONPATH} /usr/bin/python3 setup.py egg_info --egg-base ../../build/utils build --build-base /home/jubileo/build/utils/build install --prefix /home/jubileo/install/utils --record /home/jubileo/build/utils/install.log --single-version-externally-managed
[3.093s] Level 1:colcon.colcon_core.environment:checking '/home/jubileo/install/utils' for CMake config files
[3.094s] Level 1:colcon.colcon_core.environment:checking '/home/jubileo/install/utils/lib'
[3.094s] Level 1:colcon.colcon_core.environment:checking '/home/jubileo/install/utils/bin'
[3.094s] Level 1:colcon.colcon_core.environment:checking '/home/jubileo/install/utils/lib/pkgconfig/utils.pc'
[3.095s] Level 1:colcon.colcon_core.environment:checking '/home/jubileo/install/utils/lib/python3.8/site-packages'
[3.095s] Level 1:colcon.colcon_core.shell:create_environment_hook('utils', 'pythonpath')
[3.096s] INFO:colcon.colcon_core.shell:Creating environment hook '/home/jubileo/install/utils/share/utils/hook/pythonpath.ps1'
[3.097s] INFO:colcon.colcon_core.shell:Creating environment descriptor '/home/jubileo/install/utils/share/utils/hook/pythonpath.dsv'
[3.098s] INFO:colcon.colcon_core.shell:Creating environment hook '/home/jubileo/install/utils/share/utils/hook/pythonpath.sh'
[3.099s] Level 1:colcon.colcon_core.environment:checking '/home/jubileo/install/utils/bin'
[3.099s] Level 1:colcon.colcon_core.environment:create_environment_scripts_only(utils)
[3.100s] INFO:colcon.colcon_core.shell:Creating package script '/home/jubileo/install/utils/share/utils/package.ps1'
[3.102s] INFO:colcon.colcon_core.shell:Creating package descriptor '/home/jubileo/install/utils/share/utils/package.dsv'
[3.105s] INFO:colcon.colcon_core.shell:Creating package script '/home/jubileo/install/utils/share/utils/package.sh'
[3.106s] INFO:colcon.colcon_core.shell:Creating package script '/home/jubileo/install/utils/share/utils/package.bash'
[3.106s] INFO:colcon.colcon_core.shell:Creating package script '/home/jubileo/install/utils/share/utils/package.zsh'
[3.107s] Level 1:colcon.colcon_core.environment:create_file_with_runtime_dependencies(/home/jubileo/install/utils/share/colcon-core/packages/utils)
[3.109s] Level 1:colcon.colcon_core.environment:checking '/home/jubileo/install/unity_robotics_demo' for CMake module files
[3.113s] DEBUG:colcon.colcon_core.event_handler.log_command:Invoked command in '/home/jubileo/src/unity_robotics_demo' returned '0': PYTHONPATH=/home/jubileo/install/unity_robotics_demo/lib/python3.8/site-packages:${PYTHONPATH} /usr/bin/python3 setup.py egg_info --egg-base ../../build/unity_robotics_demo build --build-base /home/jubileo/build/unity_robotics_demo/build install --prefix /home/jubileo/install/unity_robotics_demo --record /home/jubileo/build/unity_robotics_demo/install.log --single-version-externally-managed
[3.113s] Level 1:colcon.colcon_core.environment:checking '/home/jubileo/install/unity_robotics_demo' for CMake config files
[3.114s] Level 1:colcon.colcon_core.environment:checking '/home/jubileo/install/unity_robotics_demo/lib'
[3.115s] Level 1:colcon.colcon_core.environment:checking '/home/jubileo/install/unity_robotics_demo/bin'
[3.115s] Level 1:colcon.colcon_core.environment:checking '/home/jubileo/install/unity_robotics_demo/lib/pkgconfig/unity_robotics_demo.pc'
[3.115s] Level 1:colcon.colcon_core.environment:checking '/home/jubileo/install/unity_robotics_demo/lib/python3.8/site-packages'
[3.116s] Level 1:colcon.colcon_core.shell:create_environment_hook('unity_robotics_demo', 'pythonpath')
[3.117s] INFO:colcon.colcon_core.shell:Creating environment hook '/home/jubileo/install/unity_robotics_demo/share/unity_robotics_demo/hook/pythonpath.ps1'
[3.118s] INFO:colcon.colcon_core.shell:Creating environment descriptor '/home/jubileo/install/unity_robotics_demo/share/unity_robotics_demo/hook/pythonpath.dsv'
[3.119s] INFO:colcon.colcon_core.shell:Creating environment hook '/home/jubileo/install/unity_robotics_demo/share/unity_robotics_demo/hook/pythonpath.sh'
[3.120s] Level 1:colcon.colcon_core.environment:checking '/home/jubileo/install/unity_robotics_demo/bin'
[3.121s] Level 1:colcon.colcon_core.environment:create_environment_scripts_only(unity_robotics_demo)
[3.121s] INFO:colcon.colcon_core.shell:Creating package script '/home/jubileo/install/unity_robotics_demo/share/unity_robotics_demo/package.ps1'
[3.122s] INFO:colcon.colcon_core.shell:Creating package descriptor '/home/jubileo/install/unity_robotics_demo/share/unity_robotics_demo/package.dsv'
[3.123s] INFO:colcon.colcon_core.shell:Creating package script '/home/jubileo/install/unity_robotics_demo/share/unity_robotics_demo/package.sh'
[3.124s] INFO:colcon.colcon_core.shell:Creating package script '/home/jubileo/install/unity_robotics_demo/share/unity_robotics_demo/package.bash'
[3.124s] INFO:colcon.colcon_core.shell:Creating package script '/home/jubileo/install/unity_robotics_demo/share/unity_robotics_demo/package.zsh'
[3.124s] Level 1:colcon.colcon_core.environment:create_file_with_runtime_dependencies(/home/jubileo/install/unity_robotics_demo/share/colcon-core/packages/unity_robotics_demo)
[3.130s] Level 1:colcon.colcon_core.environment:checking '/home/jubileo/install/manipulation' for CMake module files
[3.131s] DEBUG:colcon.colcon_core.event_handler.log_command:Invoked command in '/home/jubileo/src/manipulation' returned '0': PYTHONPATH=/home/jubileo/install/manipulation/lib/python3.8/site-packages:${PYTHONPATH} /usr/bin/python3 setup.py egg_info --egg-base ../../build/manipulation build --build-base /home/jubileo/build/manipulation/build install --prefix /home/jubileo/install/manipulation --record /home/jubileo/build/manipulation/install.log --single-version-externally-managed
[3.132s] Level 1:colcon.colcon_core.environment:checking '/home/jubileo/install/manipulation' for CMake config files
[3.132s] Level 1:colcon.colcon_core.environment:checking '/home/jubileo/install/manipulation/lib'
[3.133s] Level 1:colcon.colcon_core.environment:checking '/home/jubileo/install/manipulation/bin'
[3.133s] Level 1:colcon.colcon_core.environment:checking '/home/jubileo/install/manipulation/lib/pkgconfig/manipulation.pc'
[3.133s] Level 1:colcon.colcon_core.environment:checking '/home/jubileo/install/manipulation/lib/python3.8/site-packages'
[3.133s] Level 1:colcon.colcon_core.shell:create_environment_hook('manipulation', 'pythonpath')
[3.135s] INFO:colcon.colcon_core.shell:Creating environment hook '/home/jubileo/install/manipulation/share/manipulation/hook/pythonpath.ps1'
[3.136s] INFO:colcon.colcon_core.shell:Creating environment descriptor '/home/jubileo/install/manipulation/share/manipulation/hook/pythonpath.dsv'
[3.137s] INFO:colcon.colcon_core.shell:Creating environment hook '/home/jubileo/install/manipulation/share/manipulation/hook/pythonpath.sh'
[3.139s] Level 1:colcon.colcon_core.environment:checking '/home/jubileo/install/manipulation/bin'
[3.139s] Level 1:colcon.colcon_core.environment:create_environment_scripts_only(manipulation)
[3.140s] INFO:colcon.colcon_core.shell:Creating package script '/home/jubileo/install/manipulation/share/manipulation/package.ps1'
[3.140s] INFO:colcon.colcon_core.shell:Creating package descriptor '/home/jubileo/install/manipulation/share/manipulation/package.dsv'
[3.141s] INFO:colcon.colcon_core.shell:Creating package script '/home/jubileo/install/manipulation/share/manipulation/package.sh'
[3.141s] INFO:colcon.colcon_core.shell:Creating package script '/home/jubileo/install/manipulation/share/manipulation/package.bash'
[3.142s] INFO:colcon.colcon_core.shell:Creating package script '/home/jubileo/install/manipulation/share/manipulation/package.zsh'
[3.143s] Level 1:colcon.colcon_core.environment:create_file_with_runtime_dependencies(/home/jubileo/install/manipulation/share/colcon-core/packages/manipulation)
[3.145s] Level 1:colcon.colcon_core.environment:checking '/home/jubileo/install/audio' for CMake module files
[3.147s] Level 1:colcon.colcon_core.environment:checking '/home/jubileo/install/audio' for CMake config files
[3.148s] DEBUG:colcon.colcon_core.event_handler.log_command:Invoked command in '/home/jubileo/src/audio' returned '0': PYTHONPATH=/home/jubileo/install/audio/lib/python3.8/site-packages:${PYTHONPATH} /usr/bin/python3 setup.py egg_info --egg-base ../../build/audio build --build-base /home/jubileo/build/audio/build install --prefix /home/jubileo/install/audio --record /home/jubileo/build/audio/install.log --single-version-externally-managed
[3.149s] Level 1:colcon.colcon_core.environment:checking '/home/jubileo/install/audio/lib'
[3.149s] Level 1:colcon.colcon_core.environment:checking '/home/jubileo/install/audio/bin'
[3.149s] Level 1:colcon.colcon_core.environment:checking '/home/jubileo/install/audio/lib/pkgconfig/audio.pc'
[3.149s] Level 1:colcon.colcon_core.environment:checking '/home/jubileo/install/audio/lib/python3.8/site-packages'
[3.149s] Level 1:colcon.colcon_core.shell:create_environment_hook('audio', 'pythonpath')
[3.150s] INFO:colcon.colcon_core.shell:Creating environment hook '/home/jubileo/install/audio/share/audio/hook/pythonpath.ps1'
[3.152s] INFO:colcon.colcon_core.shell:Creating environment descriptor '/home/jubileo/install/audio/share/audio/hook/pythonpath.dsv'
[3.154s] INFO:colcon.colcon_core.shell:Creating environment hook '/home/jubileo/install/audio/share/audio/hook/pythonpath.sh'
[3.155s] Level 1:colcon.colcon_core.environment:checking '/home/jubileo/install/audio/bin'
[3.155s] Level 1:colcon.colcon_core.environment:create_environment_scripts_only(audio)
[3.156s] INFO:colcon.colcon_core.shell:Creating package script '/home/jubileo/install/audio/share/audio/package.ps1'
[3.157s] INFO:colcon.colcon_core.shell:Creating package descriptor '/home/jubileo/install/audio/share/audio/package.dsv'
[3.157s] INFO:colcon.colcon_core.shell:Creating package script '/home/jubileo/install/audio/share/audio/package.sh'
[3.158s] INFO:colcon.colcon_core.shell:Creating package script '/home/jubileo/install/audio/share/audio/package.bash'
[3.159s] INFO:colcon.colcon_core.shell:Creating package script '/home/jubileo/install/audio/share/audio/package.zsh'
[3.160s] Level 1:colcon.colcon_core.environment:create_file_with_runtime_dependencies(/home/jubileo/install/audio/share/colcon-core/packages/audio)
[3.162s] Level 1:colcon.colcon_core.environment:checking '/home/jubileo/install/vision' for CMake module files
[3.163s] DEBUG:colcon.colcon_core.event_handler.log_command:Invoked command in '/home/jubileo/src/vision' returned '0': PYTHONPATH=/home/jubileo/install/vision/lib/python3.8/site-packages:${PYTHONPATH} /usr/bin/python3 setup.py egg_info --egg-base ../../build/vision build --build-base /home/jubileo/build/vision/build install --prefix /home/jubileo/install/vision --record /home/jubileo/build/vision/install.log --single-version-externally-managed
[3.164s] Level 1:colcon.colcon_core.environment:checking '/home/jubileo/install/vision' for CMake config files
[3.164s] Level 1:colcon.colcon_core.environment:checking '/home/jubileo/install/vision/lib'
[3.165s] Level 1:colcon.colcon_core.environment:checking '/home/jubileo/install/vision/bin'
[3.165s] Level 1:colcon.colcon_core.environment:checking '/home/jubileo/install/vision/lib/pkgconfig/vision.pc'
[3.165s] Level 1:colcon.colcon_core.environment:checking '/home/jubileo/install/vision/lib/python3.8/site-packages'
[3.165s] Level 1:colcon.colcon_core.shell:create_environment_hook('vision', 'pythonpath')
[3.165s] INFO:colcon.colcon_core.shell:Creating environment hook '/home/jubileo/install/vision/share/vision/hook/pythonpath.ps1'
[3.166s] INFO:colcon.colcon_core.shell:Creating environment descriptor '/home/jubileo/install/vision/share/vision/hook/pythonpath.dsv'
[3.167s] INFO:colcon.colcon_core.shell:Creating environment hook '/home/jubileo/install/vision/share/vision/hook/pythonpath.sh'
[3.168s] Level 1:colcon.colcon_core.environment:checking '/home/jubileo/install/vision/bin'
[3.168s] Level 1:colcon.colcon_core.environment:create_environment_scripts_only(vision)
[3.170s] INFO:colcon.colcon_core.shell:Creating package script '/home/jubileo/install/vision/share/vision/package.ps1'
[3.171s] INFO:colcon.colcon_core.shell:Creating package descriptor '/home/jubileo/install/vision/share/vision/package.dsv'
[3.171s] INFO:colcon.colcon_core.shell:Creating package script '/home/jubileo/install/vision/share/vision/package.sh'
[3.172s] INFO:colcon.colcon_core.shell:Creating package script '/home/jubileo/install/vision/share/vision/package.bash'
[3.172s] INFO:colcon.colcon_core.shell:Creating package script '/home/jubileo/install/vision/share/vision/package.zsh'
[3.172s] Level 1:colcon.colcon_core.environment:create_file_with_runtime_dependencies(/home/jubileo/install/vision/share/colcon-core/packages/vision)
[3.589s] DEBUG:colcon.colcon_core.event_handler.log_command:Invoked command in '/home/jubileo/build/unity_robotics_demo_msgs' returned '0': CMAKE_PREFIX_PATH=${CMAKE_PREFIX_PATH}:/home/jubileo/install/vision:/home/jubileo/install/utils:/home/jubileo/install/unity_robotics_demo:/home/jubileo/install/ros_tcp_endpoint:/home/jubileo/install/manipulation:/home/jubileo/install/face_controller:/home/jubileo/install/audio:/opt/ros/foxy:/home/dev_ws/install/vision:/home/dev_ws/install/utils:/home/dev_ws/install/unity_robotics_demo:/home/dev_ws/install/ros_tcp_endpoint:/home/dev_ws/install/face_controller:/home/dev_ws/install/audio /usr/bin/cmake --build /home/jubileo/build/unity_robotics_demo_msgs -- -j12 -l12
[3.795s] DEBUG:colcon.colcon_core.event_handler.log_command:Invoking command in '/home/jubileo/build/unity_robotics_demo_msgs': CMAKE_PREFIX_PATH=${CMAKE_PREFIX_PATH}:/home/jubileo/install/vision:/home/jubileo/install/utils:/home/jubileo/install/unity_robotics_demo:/home/jubileo/install/ros_tcp_endpoint:/home/jubileo/install/manipulation:/home/jubileo/install/face_controller:/home/jubileo/install/audio:/opt/ros/foxy:/home/dev_ws/install/vision:/home/dev_ws/install/utils:/home/dev_ws/install/unity_robotics_demo:/home/dev_ws/install/ros_tcp_endpoint:/home/dev_ws/install/face_controller:/home/dev_ws/install/audio /usr/bin/cmake --install /home/jubileo/build/unity_robotics_demo_msgs
[3.897s] Level 1:colcon.colcon_core.environment:create_environment_scripts_only(unity_robotics_demo_msgs)
[3.897s] DEBUG:colcon.colcon_core.event_handler.log_command:Invoked command in '/home/jubileo/build/unity_robotics_demo_msgs' returned '0': CMAKE_PREFIX_PATH=${CMAKE_PREFIX_PATH}:/home/jubileo/install/vision:/home/jubileo/install/utils:/home/jubileo/install/unity_robotics_demo:/home/jubileo/install/ros_tcp_endpoint:/home/jubileo/install/manipulation:/home/jubileo/install/face_controller:/home/jubileo/install/audio:/opt/ros/foxy:/home/dev_ws/install/vision:/home/dev_ws/install/utils:/home/dev_ws/install/unity_robotics_demo:/home/dev_ws/install/ros_tcp_endpoint:/home/dev_ws/install/face_controller:/home/dev_ws/install/audio /usr/bin/cmake --install /home/jubileo/build/unity_robotics_demo_msgs
[3.899s] Level 1:colcon.colcon_core.environment:checking '/home/jubileo/install/unity_robotics_demo_msgs' for CMake module files
[3.900s] Level 1:colcon.colcon_core.environment:checking '/home/jubileo/install/unity_robotics_demo_msgs' for CMake config files
[3.901s] Level 1:colcon.colcon_core.shell:create_environment_hook('unity_robotics_demo_msgs', 'cmake_prefix_path')
[3.901s] INFO:colcon.colcon_core.shell:Creating environment hook '/home/jubileo/install/unity_robotics_demo_msgs/share/unity_robotics_demo_msgs/hook/cmake_prefix_path.ps1'
[3.902s] INFO:colcon.colcon_core.shell:Creating environment descriptor '/home/jubileo/install/unity_robotics_demo_msgs/share/unity_robotics_demo_msgs/hook/cmake_prefix_path.dsv'
[3.902s] INFO:colcon.colcon_core.shell:Creating environment hook '/home/jubileo/install/unity_robotics_demo_msgs/share/unity_robotics_demo_msgs/hook/cmake_prefix_path.sh'
[3.903s] Level 1:colcon.colcon_core.environment:checking '/home/jubileo/install/unity_robotics_demo_msgs/lib'
[3.903s] Level 1:colcon.colcon_core.shell:create_environment_hook('unity_robotics_demo_msgs', 'ld_library_path_lib')
[3.904s] INFO:colcon.colcon_core.shell:Creating environment hook '/home/jubileo/install/unity_robotics_demo_msgs/share/unity_robotics_demo_msgs/hook/ld_library_path_lib.ps1'
[3.904s] INFO:colcon.colcon_core.shell:Creating environment descriptor '/home/jubileo/install/unity_robotics_demo_msgs/share/unity_robotics_demo_msgs/hook/ld_library_path_lib.dsv'
[3.905s] INFO:colcon.colcon_core.shell:Creating environment hook '/home/jubileo/install/unity_robotics_demo_msgs/share/unity_robotics_demo_msgs/hook/ld_library_path_lib.sh'
[3.905s] Level 1:colcon.colcon_core.environment:checking '/home/jubileo/install/unity_robotics_demo_msgs/bin'
[3.906s] Level 1:colcon.colcon_core.environment:checking '/home/jubileo/install/unity_robotics_demo_msgs/lib/pkgconfig/unity_robotics_demo_msgs.pc'
[3.906s] Level 1:colcon.colcon_core.environment:checking '/home/jubileo/install/unity_robotics_demo_msgs/lib/python3.8/site-packages'
[3.906s] Level 1:colcon.colcon_core.shell:create_environment_hook('unity_robotics_demo_msgs', 'pythonpath')
[3.907s] INFO:colcon.colcon_core.shell:Creating environment hook '/home/jubileo/install/unity_robotics_demo_msgs/share/unity_robotics_demo_msgs/hook/pythonpath.ps1'
[3.907s] INFO:colcon.colcon_core.shell:Creating environment descriptor '/home/jubileo/install/unity_robotics_demo_msgs/share/unity_robotics_demo_msgs/hook/pythonpath.dsv'
[3.908s] INFO:colcon.colcon_core.shell:Creating environment hook '/home/jubileo/install/unity_robotics_demo_msgs/share/unity_robotics_demo_msgs/hook/pythonpath.sh'
[3.908s] Level 1:colcon.colcon_core.environment:checking '/home/jubileo/install/unity_robotics_demo_msgs/bin'
[3.909s] INFO:colcon.colcon_core.shell:Creating package script '/home/jubileo/install/unity_robotics_demo_msgs/share/unity_robotics_demo_msgs/package.ps1'
[3.910s] INFO:colcon.colcon_core.shell:Creating package descriptor '/home/jubileo/install/unity_robotics_demo_msgs/share/unity_robotics_demo_msgs/package.dsv'
[3.910s] INFO:colcon.colcon_core.shell:Creating package script '/home/jubileo/install/unity_robotics_demo_msgs/share/unity_robotics_demo_msgs/package.sh'
[3.911s] INFO:colcon.colcon_core.shell:Creating package script '/home/jubileo/install/unity_robotics_demo_msgs/share/unity_robotics_demo_msgs/package.bash'
[3.911s] INFO:colcon.colcon_core.shell:Creating package script '/home/jubileo/install/unity_robotics_demo_msgs/share/unity_robotics_demo_msgs/package.zsh'
[3.911s] Level 1:colcon.colcon_core.environment:create_file_with_runtime_dependencies(/home/jubileo/install/unity_robotics_demo_msgs/share/colcon-core/packages/unity_robotics_demo_msgs)
[4.105s] Level 1:colcon.colcon_core.environment:create_environment_scripts_only(unity_robotics_demo_msgs)
[4.106s] Level 1:colcon.colcon_core.environment:checking '/home/jubileo/install/unity_robotics_demo_msgs' for CMake module files
[4.107s] Level 1:colcon.colcon_core.environment:checking '/home/jubileo/install/unity_robotics_demo_msgs' for CMake config files
[4.107s] Level 1:colcon.colcon_core.shell:create_environment_hook('unity_robotics_demo_msgs', 'cmake_prefix_path')
[4.108s] INFO:colcon.colcon_core.shell:Creating environment hook '/home/jubileo/install/unity_robotics_demo_msgs/share/unity_robotics_demo_msgs/hook/cmake_prefix_path.ps1'
[4.108s] INFO:colcon.colcon_core.shell:Creating environment descriptor '/home/jubileo/install/unity_robotics_demo_msgs/share/unity_robotics_demo_msgs/hook/cmake_prefix_path.dsv'
[4.109s] INFO:colcon.colcon_core.shell:Creating environment hook '/home/jubileo/install/unity_robotics_demo_msgs/share/unity_robotics_demo_msgs/hook/cmake_prefix_path.sh'
[4.109s] Level 1:colcon.colcon_core.environment:checking '/home/jubileo/install/unity_robotics_demo_msgs/lib'
[4.110s] Level 1:colcon.colcon_core.shell:create_environment_hook('unity_robotics_demo_msgs', 'ld_library_path_lib')
[4.110s] INFO:colcon.colcon_core.shell:Creating environment hook '/home/jubileo/install/unity_robotics_demo_msgs/share/unity_robotics_demo_msgs/hook/ld_library_path_lib.ps1'
[4.110s] INFO:colcon.colcon_core.shell:Creating environment descriptor '/home/jubileo/install/unity_robotics_demo_msgs/share/unity_robotics_demo_msgs/hook/ld_library_path_lib.dsv'
[4.111s] INFO:colcon.colcon_core.shell:Creating environment hook '/home/jubileo/install/unity_robotics_demo_msgs/share/unity_robotics_demo_msgs/hook/ld_library_path_lib.sh'
[4.111s] Level 1:colcon.colcon_core.environment:checking '/home/jubileo/install/unity_robotics_demo_msgs/bin'
[4.111s] Level 1:colcon.colcon_core.environment:checking '/home/jubileo/install/unity_robotics_demo_msgs/lib/pkgconfig/unity_robotics_demo_msgs.pc'
[4.111s] Level 1:colcon.colcon_core.environment:checking '/home/jubileo/install/unity_robotics_demo_msgs/lib/python3.8/site-packages'
[4.112s] Level 1:colcon.colcon_core.shell:create_environment_hook('unity_robotics_demo_msgs', 'pythonpath')
[4.112s] INFO:colcon.colcon_core.shell:Creating environment hook '/home/jubileo/install/unity_robotics_demo_msgs/share/unity_robotics_demo_msgs/hook/pythonpath.ps1'
[4.112s] INFO:colcon.colcon_core.shell:Creating environment descriptor '/home/jubileo/install/unity_robotics_demo_msgs/share/unity_robotics_demo_msgs/hook/pythonpath.dsv'
[4.113s] INFO:colcon.colcon_core.shell:Creating environment hook '/home/jubileo/install/unity_robotics_demo_msgs/share/unity_robotics_demo_msgs/hook/pythonpath.sh'
[4.113s] Level 1:colcon.colcon_core.environment:checking '/home/jubileo/install/unity_robotics_demo_msgs/bin'
[4.114s] INFO:colcon.colcon_core.shell:Creating package script '/home/jubileo/install/unity_robotics_demo_msgs/share/unity_robotics_demo_msgs/package.ps1'
[4.114s] INFO:colcon.colcon_core.shell:Creating package descriptor '/home/jubileo/install/unity_robotics_demo_msgs/share/unity_robotics_demo_msgs/package.dsv'
[4.115s] INFO:colcon.colcon_core.shell:Creating package script '/home/jubileo/install/unity_robotics_demo_msgs/share/unity_robotics_demo_msgs/package.sh'
[4.116s] INFO:colcon.colcon_core.shell:Creating package script '/home/jubileo/install/unity_robotics_demo_msgs/share/unity_robotics_demo_msgs/package.bash'
[4.117s] INFO:colcon.colcon_core.shell:Creating package script '/home/jubileo/install/unity_robotics_demo_msgs/share/unity_robotics_demo_msgs/package.zsh'
[4.117s] Level 1:colcon.colcon_core.environment:create_file_with_runtime_dependencies(/home/jubileo/install/unity_robotics_demo_msgs/share/colcon-core/packages/unity_robotics_demo_msgs)
[4.118s] DEBUG:colcon.colcon_parallel_executor.executor.parallel:closing loop
[4.118s] DEBUG:colcon.colcon_parallel_executor.executor.parallel:loop closed
[4.118s] DEBUG:colcon.colcon_parallel_executor.executor.parallel:run_until_complete finished with '0'
[4.119s] DEBUG:colcon.colcon_core.event_reactor:joining thread
[4.144s] INFO:colcon.colcon_core.plugin_system:Skipping extension 'colcon_notification.desktop_notification.notify_send': Could not find 'notify-send'
[4.144s] INFO:colcon.colcon_core.plugin_system:Skipping extension 'colcon_notification.desktop_notification.terminal_notifier': Not used on non-Darwin systems
[4.144s] INFO:colcon.colcon_core.plugin_system:Skipping extension 'colcon_notification.desktop_notification.win32': Not used on non-Windows systems
[4.144s] INFO:colcon.colcon_notification.desktop_notification:Sending desktop notification using 'notify2'
[4.144s] DEBUG:colcon.colcon_notification.desktop_notification.notify2:Failed to initialize notify2: org.freedesktop.DBus.Error.NotSupported: Unable to autolaunch a dbus-daemon without a $DISPLAY for X11
[4.144s] DEBUG:colcon.colcon_core.event_reactor:joined thread
[4.145s] INFO:colcon.colcon_core.shell:Creating prefix script '/home/jubileo/install/local_setup.ps1'
[4.146s] INFO:colcon.colcon_core.shell:Creating prefix util module '/home/jubileo/install/_local_setup_util_ps1.py'
[4.147s] INFO:colcon.colcon_core.shell:Creating prefix chain script '/home/jubileo/install/setup.ps1'
[4.149s] INFO:colcon.colcon_core.shell:Creating prefix script '/home/jubileo/install/local_setup.sh'
[4.152s] INFO:colcon.colcon_core.shell:Creating prefix util module '/home/jubileo/install/_local_setup_util_sh.py'
[4.154s] INFO:colcon.colcon_core.shell:Creating prefix chain script '/home/jubileo/install/setup.sh'
[4.156s] INFO:colcon.colcon_core.shell:Creating prefix script '/home/jubileo/install/local_setup.bash'
[4.157s] INFO:colcon.colcon_core.shell:Creating prefix chain script '/home/jubileo/install/setup.bash'
[4.159s] INFO:colcon.colcon_core.shell:Creating prefix script '/home/jubileo/install/local_setup.zsh'
[4.160s] INFO:colcon.colcon_core.shell:Creating prefix chain script '/home/jubileo/install/setup.zsh'
