[4.489s] Invoking command in '/home/dev_ws/src/utils': PYTHONPATH=/home/dev_ws/install/utils/lib/python3.8/site-packages:${PYTHONPATH} /usr/bin/python3 setup.py egg_info --egg-base ../../build/utils build --build-base /home/dev_ws/build/utils/build install --prefix /home/dev_ws/install/utils --record /home/dev_ws/build/utils/install.log --single-version-externally-managed
[5.164s] running egg_info
[5.166s] writing ../../build/utils/utils.egg-info/PKG-INFO
[5.167s] writing dependency_links to ../../build/utils/utils.egg-info/dependency_links.txt
[5.167s] writing entry points to ../../build/utils/utils.egg-info/entry_points.txt
[5.174s] writing requirements to ../../build/utils/utils.egg-info/requires.txt
[5.174s] writing top-level names to ../../build/utils/utils.egg-info/top_level.txt
[5.310s] reading manifest file '../../build/utils/utils.egg-info/SOURCES.txt'
[5.313s] writing manifest file '../../build/utils/utils.egg-info/SOURCES.txt'
[5.313s] running build
[5.314s] running build_py
[5.315s] running install
[5.317s] running install_lib
[5.321s] running install_data
[5.322s] running install_egg_info
[5.347s] removing '/home/dev_ws/install/utils/lib/python3.8/site-packages/utils-0.0.0-py3.8.egg-info' (and everything under it)
[5.349s] Copying ../../build/utils/utils.egg-info to /home/dev_ws/install/utils/lib/python3.8/site-packages/utils-0.0.0-py3.8.egg-info
[5.350s] running install_scripts
[5.421s] Installing utils script to /home/dev_ws/install/utils/lib/utils
[5.422s] writing list of installed files to '/home/dev_ws/build/utils/install.log'
[5.634s] Invoked command in '/home/dev_ws/src/utils' returned '0': PYTHONPATH=/home/dev_ws/install/utils/lib/python3.8/site-packages:${PYTHONPATH} /usr/bin/python3 setup.py egg_info --egg-base ../../build/utils build --build-base /home/dev_ws/build/utils/build install --prefix /home/dev_ws/install/utils --record /home/dev_ws/build/utils/install.log --single-version-externally-managed
