[4.328s] Invoking command in '/home/dev_ws/src/face_controller': PYTHONPATH=/home/dev_ws/install/face_controller/lib/python3.8/site-packages:${PYTHONPATH} /usr/bin/python3 setup.py egg_info --egg-base ../../build/face_controller build --build-base /home/dev_ws/build/face_controller/build install --prefix /home/dev_ws/install/face_controller --record /home/dev_ws/build/face_controller/install.log --single-version-externally-managed
[5.057s] running egg_info
[5.058s] writing ../../build/face_controller/face_controller.egg-info/PKG-INFO
[5.058s] writing dependency_links to ../../build/face_controller/face_controller.egg-info/dependency_links.txt
[5.058s] writing entry points to ../../build/face_controller/face_controller.egg-info/entry_points.txt
[5.059s] writing requirements to ../../build/face_controller/face_controller.egg-info/requires.txt
[5.059s] writing top-level names to ../../build/face_controller/face_controller.egg-info/top_level.txt
[5.175s] reading manifest file '../../build/face_controller/face_controller.egg-info/SOURCES.txt'
[5.178s] writing manifest file '../../build/face_controller/face_controller.egg-info/SOURCES.txt'
[5.179s] running build
[5.179s] running build_py
[5.181s] running install
[5.185s] running install_lib
[5.187s] running install_data
[5.188s] running install_egg_info
[5.215s] removing '/home/dev_ws/install/face_controller/lib/python3.8/site-packages/face_controller-0.0.0-py3.8.egg-info' (and everything under it)
[5.216s] Copying ../../build/face_controller/face_controller.egg-info to /home/dev_ws/install/face_controller/lib/python3.8/site-packages/face_controller-0.0.0-py3.8.egg-info
[5.216s] running install_scripts
[5.296s] Installing facial_expression script to /home/dev_ws/install/face_controller/lib/face_controller
[5.302s] writing list of installed files to '/home/dev_ws/build/face_controller/install.log'
[5.558s] Invoked command in '/home/dev_ws/src/face_controller' returned '0': PYTHONPATH=/home/dev_ws/install/face_controller/lib/python3.8/site-packages:${PYTHONPATH} /usr/bin/python3 setup.py egg_info --egg-base ../../build/face_controller build --build-base /home/dev_ws/build/face_controller/build install --prefix /home/dev_ws/install/face_controller --record /home/dev_ws/build/face_controller/install.log --single-version-externally-managed
