[2.738s] Invoking command in '/home/dev_ws/src/audio': PYTHONPATH=/home/dev_ws/install/audio/lib/python3.8/site-packages:${PYTHONPATH} /usr/bin/python3 setup.py egg_info --egg-base ../../build/audio build --build-base /home/dev_ws/build/audio/build install --prefix /home/dev_ws/install/audio --record /home/dev_ws/build/audio/install.log --single-version-externally-managed
[3.127s] running egg_info
[3.128s] writing ../../build/audio/audio.egg-info/PKG-INFO
[3.129s] writing dependency_links to ../../build/audio/audio.egg-info/dependency_links.txt
[3.130s] writing entry points to ../../build/audio/audio.egg-info/entry_points.txt
[3.130s] writing requirements to ../../build/audio/audio.egg-info/requires.txt
[3.130s] writing top-level names to ../../build/audio/audio.egg-info/top_level.txt
[3.213s] reading manifest file '../../build/audio/audio.egg-info/SOURCES.txt'
[3.215s] writing manifest file '../../build/audio/audio.egg-info/SOURCES.txt'
[3.215s] running build
[3.215s] running build_py
[3.216s] running install
[3.217s] running install_lib
[3.220s] running install_data
[3.221s] running install_egg_info
[3.224s] removing '/home/dev_ws/install/audio/lib/python3.8/site-packages/audio-0.0.0-py3.8.egg-info' (and everything under it)
[3.225s] Copying ../../build/audio/audio.egg-info to /home/dev_ws/install/audio/lib/python3.8/site-packages/audio-0.0.0-py3.8.egg-info
[3.229s] running install_scripts
[3.267s] Installing speech_to_text script to /home/dev_ws/install/audio/lib/audio
[3.268s] writing list of installed files to '/home/dev_ws/build/audio/install.log'
[3.355s] Invoked command in '/home/dev_ws/src/audio' returned '0': PYTHONPATH=/home/dev_ws/install/audio/lib/python3.8/site-packages:${PYTHONPATH} /usr/bin/python3 setup.py egg_info --egg-base ../../build/audio build --build-base /home/dev_ws/build/audio/build install --prefix /home/dev_ws/install/audio --record /home/dev_ws/build/audio/install.log --single-version-externally-managed
