[2.184s] Invoking command in '/home/dev_ws/src/vision': PYTHONPATH=/home/dev_ws/install/vision/lib/python3.8/site-packages:${PYTHONPATH} /usr/bin/python3 setup.py egg_info --egg-base ../../build/vision build --build-base /home/dev_ws/build/vision/build install --prefix /home/dev_ws/install/vision --record /home/dev_ws/build/vision/install.log --single-version-externally-managed
[2.543s] running egg_info
[2.544s] writing ../../build/vision/vision.egg-info/PKG-INFO
[2.545s] writing dependency_links to ../../build/vision/vision.egg-info/dependency_links.txt
[2.545s] writing entry points to ../../build/vision/vision.egg-info/entry_points.txt
[2.546s] writing requirements to ../../build/vision/vision.egg-info/requires.txt
[2.546s] writing top-level names to ../../build/vision/vision.egg-info/top_level.txt
[2.611s] reading manifest file '../../build/vision/vision.egg-info/SOURCES.txt'
[2.614s] writing manifest file '../../build/vision/vision.egg-info/SOURCES.txt'
[2.614s] running build
[2.614s] running build_py
[2.615s] running install
[2.617s] running install_lib
[2.620s] running install_data
[2.620s] running install_egg_info
[2.624s] removing '/home/dev_ws/install/vision/lib/python3.8/site-packages/vision-0.0.0-py3.8.egg-info' (and everything under it)
[2.625s] Copying ../../build/vision/vision.egg-info to /home/dev_ws/install/vision/lib/python3.8/site-packages/vision-0.0.0-py3.8.egg-info
[2.628s] running install_scripts
[2.665s] Installing color_detector script to /home/dev_ws/install/vision/lib/vision
[2.665s] Installing face_detector script to /home/dev_ws/install/vision/lib/vision
[2.666s] Installing face_recognizer script to /home/dev_ws/install/vision/lib/vision
[2.666s] Installing facial_expression_detector script to /home/dev_ws/install/vision/lib/vision
[2.666s] writing list of installed files to '/home/dev_ws/build/vision/install.log'
[2.757s] Invoked command in '/home/dev_ws/src/vision' returned '0': PYTHONPATH=/home/dev_ws/install/vision/lib/python3.8/site-packages:${PYTHONPATH} /usr/bin/python3 setup.py egg_info --egg-base ../../build/vision build --build-base /home/dev_ws/build/vision/build install --prefix /home/dev_ws/install/vision --record /home/dev_ws/build/vision/install.log --single-version-externally-managed
