[2.634s] Invoking command in '/home/dev_ws/src/face_controller': PYTHONPATH=/home/dev_ws/install/face_controller/lib/python3.8/site-packages:${PYTHONPATH} /usr/bin/python3 setup.py egg_info --egg-base ../../build/face_controller build --build-base /home/dev_ws/build/face_controller/build install --prefix /home/dev_ws/install/face_controller --record /home/dev_ws/build/face_controller/install.log --single-version-externally-managed
[3.095s] running egg_info
[3.096s] writing ../../build/face_controller/face_controller.egg-info/PKG-INFO
[3.097s] writing dependency_links to ../../build/face_controller/face_controller.egg-info/dependency_links.txt
[3.097s] writing entry points to ../../build/face_controller/face_controller.egg-info/entry_points.txt
[3.098s] writing requirements to ../../build/face_controller/face_controller.egg-info/requires.txt
[3.098s] writing top-level names to ../../build/face_controller/face_controller.egg-info/top_level.txt
[3.200s] reading manifest file '../../build/face_controller/face_controller.egg-info/SOURCES.txt'
[3.203s] writing manifest file '../../build/face_controller/face_controller.egg-info/SOURCES.txt'
[3.204s] running build
[3.204s] running build_py
[3.205s] running install
[3.207s] running install_lib
[3.211s] running install_data
[3.212s] running install_egg_info
[3.215s] removing '/home/dev_ws/install/face_controller/lib/python3.8/site-packages/face_controller-0.0.0-py3.8.egg-info' (and everything under it)
[3.216s] Copying ../../build/face_controller/face_controller.egg-info to /home/dev_ws/install/face_controller/lib/python3.8/site-packages/face_controller-0.0.0-py3.8.egg-info
[3.223s] running install_scripts
[3.277s] Installing facial_expression script to /home/dev_ws/install/face_controller/lib/face_controller
[3.278s] writing list of installed files to '/home/dev_ws/build/face_controller/install.log'
[3.398s] Invoked command in '/home/dev_ws/src/face_controller' returned '0': PYTHONPATH=/home/dev_ws/install/face_controller/lib/python3.8/site-packages:${PYTHONPATH} /usr/bin/python3 setup.py egg_info --egg-base ../../build/face_controller build --build-base /home/dev_ws/build/face_controller/build install --prefix /home/dev_ws/install/face_controller --record /home/dev_ws/build/face_controller/install.log --single-version-externally-managed
