[6.189s] Invoking command in '/home/dev_ws/src/utils': PYTHONPATH=/home/dev_ws/src/install/utils/lib/python3.8/site-packages:${PYTHONPATH} /usr/bin/python3 setup.py egg_info --egg-base ../build/utils build --build-base /home/dev_ws/src/build/utils/build install --prefix /home/dev_ws/src/install/utils --record /home/dev_ws/src/build/utils/install.log --single-version-externally-managed
[7.317s] running egg_info
[7.320s] writing ../build/utils/utils.egg-info/PKG-INFO
[7.322s] writing dependency_links to ../build/utils/utils.egg-info/dependency_links.txt
[7.322s] writing entry points to ../build/utils/utils.egg-info/entry_points.txt
[7.323s] writing requirements to ../build/utils/utils.egg-info/requires.txt
[7.324s] writing top-level names to ../build/utils/utils.egg-info/top_level.txt
[7.547s] reading manifest file '../build/utils/utils.egg-info/SOURCES.txt'
[7.550s] writing manifest file '../build/utils/utils.egg-info/SOURCES.txt'
[7.551s] running build
[7.555s] running build_py
[7.558s] copying utils/utils.py -> /home/dev_ws/src/build/utils/build/lib/utils
[7.568s] running install
[7.571s] running install_lib
[7.577s] copying /home/dev_ws/src/build/utils/build/lib/utils/utils.py -> /home/dev_ws/src/install/utils/lib/python3.8/site-packages/utils
[7.578s] byte-compiling /home/dev_ws/src/install/utils/lib/python3.8/site-packages/utils/utils.py to utils.cpython-38.pyc
[7.585s] running install_data
[7.586s] running install_egg_info
[7.594s] removing '/home/dev_ws/src/install/utils/lib/python3.8/site-packages/utils-0.0.0-py3.8.egg-info' (and everything under it)
[7.603s] Copying ../build/utils/utils.egg-info to /home/dev_ws/src/install/utils/lib/python3.8/site-packages/utils-0.0.0-py3.8.egg-info
[7.606s] running install_scripts
[7.708s] Installing utils script to /home/dev_ws/src/install/utils/lib/utils
[7.710s] writing list of installed files to '/home/dev_ws/src/build/utils/install.log'
[8.025s] Invoked command in '/home/dev_ws/src/utils' returned '0': PYTHONPATH=/home/dev_ws/src/install/utils/lib/python3.8/site-packages:${PYTHONPATH} /usr/bin/python3 setup.py egg_info --egg-base ../build/utils build --build-base /home/dev_ws/src/build/utils/build install --prefix /home/dev_ws/src/install/utils --record /home/dev_ws/src/build/utils/install.log --single-version-externally-managed
