[5.009s] Invoking command in '/home/dev_ws/src/face_controller': PYTHONPATH=/home/dev_ws/install/face_controller/lib/python3.8/site-packages:${PYTHONPATH} /usr/bin/python3 setup.py egg_info --egg-base ../../build/face_controller build --build-base /home/dev_ws/build/face_controller/build install --prefix /home/dev_ws/install/face_controller --record /home/dev_ws/build/face_controller/install.log --single-version-externally-managed
[5.950s] running egg_info
[5.963s] writing ../../build/face_controller/face_controller.egg-info/PKG-INFO
[5.964s] writing dependency_links to ../../build/face_controller/face_controller.egg-info/dependency_links.txt
[5.965s] writing entry points to ../../build/face_controller/face_controller.egg-info/entry_points.txt
[5.965s] writing requirements to ../../build/face_controller/face_controller.egg-info/requires.txt
[5.966s] writing top-level names to ../../build/face_controller/face_controller.egg-info/top_level.txt
[6.110s] reading manifest file '../../build/face_controller/face_controller.egg-info/SOURCES.txt'
[6.113s] writing manifest file '../../build/face_controller/face_controller.egg-info/SOURCES.txt'
[6.115s] running build
[6.115s] running build_py
[6.115s] copying face_controller/facial_expression.py -> /home/dev_ws/build/face_controller/build/lib/face_controller
[6.117s] running install
[6.119s] running install_lib
[6.127s] copying /home/dev_ws/build/face_controller/build/lib/face_controller/facial_expression.py -> /home/dev_ws/install/face_controller/lib/python3.8/site-packages/face_controller
[6.128s] byte-compiling /home/dev_ws/install/face_controller/lib/python3.8/site-packages/face_controller/facial_expression.py to facial_expression.cpython-38.pyc
[6.132s] running install_data
[6.132s] running install_egg_info
[6.145s] removing '/home/dev_ws/install/face_controller/lib/python3.8/site-packages/face_controller-0.0.0-py3.8.egg-info' (and everything under it)
[6.145s] Copying ../../build/face_controller/face_controller.egg-info to /home/dev_ws/install/face_controller/lib/python3.8/site-packages/face_controller-0.0.0-py3.8.egg-info
[6.149s] running install_scripts
[6.243s] Installing facial_expression script to /home/dev_ws/install/face_controller/lib/face_controller
[6.251s] writing list of installed files to '/home/dev_ws/build/face_controller/install.log'
[6.378s] Invoked command in '/home/dev_ws/src/face_controller' returned '0': PYTHONPATH=/home/dev_ws/install/face_controller/lib/python3.8/site-packages:${PYTHONPATH} /usr/bin/python3 setup.py egg_info --egg-base ../../build/face_controller build --build-base /home/dev_ws/build/face_controller/build install --prefix /home/dev_ws/install/face_controller --record /home/dev_ws/build/face_controller/install.log --single-version-externally-managed
