[1.380s] Invoking command in '/home/dev_ws/src/face_controller': PYTHONPATH=/home/dev_ws/install/face_controller/lib/python3.8/site-packages:${PYTHONPATH} /usr/bin/python3 setup.py egg_info --egg-base ../../build/face_controller build --build-base /home/dev_ws/build/face_controller/build install --prefix /home/dev_ws/install/face_controller --record /home/dev_ws/build/face_controller/install.log --single-version-externally-managed
[1.727s] running egg_info
[1.728s] writing ../../build/face_controller/face_controller.egg-info/PKG-INFO
[1.729s] writing dependency_links to ../../build/face_controller/face_controller.egg-info/dependency_links.txt
[1.729s] writing entry points to ../../build/face_controller/face_controller.egg-info/entry_points.txt
[1.729s] writing requirements to ../../build/face_controller/face_controller.egg-info/requires.txt
[1.730s] writing top-level names to ../../build/face_controller/face_controller.egg-info/top_level.txt
[1.802s] reading manifest file '../../build/face_controller/face_controller.egg-info/SOURCES.txt'
[1.804s] writing manifest file '../../build/face_controller/face_controller.egg-info/SOURCES.txt'
[1.804s] running build
[1.805s] running build_py
[1.805s] copying face_controller/facial_expression.py -> /home/dev_ws/build/face_controller/build/lib/face_controller
[1.806s] running install
[1.806s] running install_lib
[1.809s] copying /home/dev_ws/build/face_controller/build/lib/face_controller/facial_expression.py -> /home/dev_ws/install/face_controller/lib/python3.8/site-packages/face_controller
[1.810s] byte-compiling /home/dev_ws/install/face_controller/lib/python3.8/site-packages/face_controller/facial_expression.py to facial_expression.cpython-38.pyc
[1.813s] running install_data
[1.814s] running install_egg_info
[1.818s] removing '/home/dev_ws/install/face_controller/lib/python3.8/site-packages/face_controller-0.0.0-py3.8.egg-info' (and everything under it)
[1.818s] Copying ../../build/face_controller/face_controller.egg-info to /home/dev_ws/install/face_controller/lib/python3.8/site-packages/face_controller-0.0.0-py3.8.egg-info
[1.820s] running install_scripts
[1.850s] Installing facial_expression script to /home/dev_ws/install/face_controller/lib/face_controller
[1.851s] writing list of installed files to '/home/dev_ws/build/face_controller/install.log'
[1.889s] Invoked command in '/home/dev_ws/src/face_controller' returned '0': PYTHONPATH=/home/dev_ws/install/face_controller/lib/python3.8/site-packages:${PYTHONPATH} /usr/bin/python3 setup.py egg_info --egg-base ../../build/face_controller build --build-base /home/dev_ws/build/face_controller/build install --prefix /home/dev_ws/install/face_controller --record /home/dev_ws/build/face_controller/install.log --single-version-externally-managed
