[2.556s] Invoking command in '/home/dev_ws/src/audio': PYTHONPATH=/home/dev_ws/install/audio/lib/python3.8/site-packages:${PYTHONPATH} /usr/bin/python3 setup.py egg_info --egg-base ../../build/audio build --build-base /home/dev_ws/build/audio/build install --prefix /home/dev_ws/install/audio --record /home/dev_ws/build/audio/install.log --single-version-externally-managed
[2.975s] running egg_info
[2.977s] writing ../../build/audio/audio.egg-info/PKG-INFO
[2.978s] writing dependency_links to ../../build/audio/audio.egg-info/dependency_links.txt
[2.979s] writing entry points to ../../build/audio/audio.egg-info/entry_points.txt
[2.980s] writing requirements to ../../build/audio/audio.egg-info/requires.txt
[2.980s] writing top-level names to ../../build/audio/audio.egg-info/top_level.txt
[3.089s] reading manifest file '../../build/audio/audio.egg-info/SOURCES.txt'
[3.091s] writing manifest file '../../build/audio/audio.egg-info/SOURCES.txt'
[3.092s] running build
[3.094s] running build_py
[3.095s] running install
[3.099s] running install_lib
[3.101s] running install_data
[3.102s] running install_egg_info
[3.106s] removing '/home/dev_ws/install/audio/lib/python3.8/site-packages/audio-0.0.0-py3.8.egg-info' (and everything under it)
[3.108s] Copying ../../build/audio/audio.egg-info to /home/dev_ws/install/audio/lib/python3.8/site-packages/audio-0.0.0-py3.8.egg-info
[3.111s] running install_scripts
[3.151s] Installing text_to_speech script to /home/dev_ws/install/audio/lib/audio
[3.152s] writing list of installed files to '/home/dev_ws/build/audio/install.log'
[3.238s] Invoked command in '/home/dev_ws/src/audio' returned '0': PYTHONPATH=/home/dev_ws/install/audio/lib/python3.8/site-packages:${PYTHONPATH} /usr/bin/python3 setup.py egg_info --egg-base ../../build/audio build --build-base /home/dev_ws/build/audio/build install --prefix /home/dev_ws/install/audio --record /home/dev_ws/build/audio/install.log --single-version-externally-managed
