[3.119s] Invoking command in '/home/dev_ws/src/manipulation': PYTHONPATH=/home/dev_ws/install/manipulation/lib/python3.8/site-packages:${PYTHONPATH} /usr/bin/python3 setup.py egg_info --egg-base ../../build/manipulation build --build-base /home/dev_ws/build/manipulation/build install --prefix /home/dev_ws/install/manipulation --record /home/dev_ws/build/manipulation/install.log --single-version-externally-managed
[3.690s] running egg_info
[3.692s] writing ../../build/manipulation/manipulation.egg-info/PKG-INFO
[3.693s] writing dependency_links to ../../build/manipulation/manipulation.egg-info/dependency_links.txt
[3.694s] writing entry points to ../../build/manipulation/manipulation.egg-info/entry_points.txt
[3.695s] writing requirements to ../../build/manipulation/manipulation.egg-info/requires.txt
[3.695s] writing top-level names to ../../build/manipulation/manipulation.egg-info/top_level.txt
[3.798s] reading manifest file '../../build/manipulation/manipulation.egg-info/SOURCES.txt'
[3.801s] writing manifest file '../../build/manipulation/manipulation.egg-info/SOURCES.txt'
[3.802s] running build
[3.805s] running build_py
[3.805s] running install
[3.813s] running install_lib
[3.813s] running install_data
[3.815s] running install_egg_info
[3.820s] removing '/home/dev_ws/install/manipulation/lib/python3.8/site-packages/manipulation-0.0.0-py3.8.egg-info' (and everything under it)
[3.821s] Copying ../../build/manipulation/manipulation.egg-info to /home/dev_ws/install/manipulation/lib/python3.8/site-packages/manipulation-0.0.0-py3.8.egg-info
[3.822s] running install_scripts
[3.877s] Installing grab_object script to /home/dev_ws/install/manipulation/lib/manipulation
[3.878s] writing list of installed files to '/home/dev_ws/build/manipulation/install.log'
[4.058s] Invoked command in '/home/dev_ws/src/manipulation' returned '0': PYTHONPATH=/home/dev_ws/install/manipulation/lib/python3.8/site-packages:${PYTHONPATH} /usr/bin/python3 setup.py egg_info --egg-base ../../build/manipulation build --build-base /home/dev_ws/build/manipulation/build install --prefix /home/dev_ws/install/manipulation --record /home/dev_ws/build/manipulation/install.log --single-version-externally-managed
