[4.651s] Invoking command in '/home/dev_ws/src/unity_robotics_demo': PYTHONPATH=/home/dev_ws/install/unity_robotics_demo/lib/python3.8/site-packages:${PYTHONPATH} /usr/bin/python3 setup.py egg_info --egg-base ../../build/unity_robotics_demo build --build-base /home/dev_ws/build/unity_robotics_demo/build install --prefix /home/dev_ws/install/unity_robotics_demo --record /home/dev_ws/build/unity_robotics_demo/install.log --single-version-externally-managed
[5.478s] running egg_info
[5.482s] writing ../../build/unity_robotics_demo/unity_robotics_demo.egg-info/PKG-INFO
[5.483s] writing dependency_links to ../../build/unity_robotics_demo/unity_robotics_demo.egg-info/dependency_links.txt
[5.483s] writing entry points to ../../build/unity_robotics_demo/unity_robotics_demo.egg-info/entry_points.txt
[5.483s] writing requirements to ../../build/unity_robotics_demo/unity_robotics_demo.egg-info/requires.txt
[5.483s] writing top-level names to ../../build/unity_robotics_demo/unity_robotics_demo.egg-info/top_level.txt
[5.647s] reading manifest file '../../build/unity_robotics_demo/unity_robotics_demo.egg-info/SOURCES.txt'
[5.656s] writing manifest file '../../build/unity_robotics_demo/unity_robotics_demo.egg-info/SOURCES.txt'
[5.656s] running build
[5.657s] running build_py
[5.660s] running install
[5.663s] running install_lib
[5.665s] running install_data
[5.666s] running install_egg_info
[5.677s] removing '/home/dev_ws/install/unity_robotics_demo/lib/python3.8/site-packages/unity_robotics_demo-0.0.1-py3.8.egg-info' (and everything under it)
[5.680s] Copying ../../build/unity_robotics_demo/unity_robotics_demo.egg-info to /home/dev_ws/install/unity_robotics_demo/lib/python3.8/site-packages/unity_robotics_demo-0.0.1-py3.8.egg-info
[5.683s] running install_scripts
[5.781s] Installing color_publisher script to /home/dev_ws/install/unity_robotics_demo/lib/unity_robotics_demo
[5.782s] Installing position_service script to /home/dev_ws/install/unity_robotics_demo/lib/unity_robotics_demo
[5.783s] writing list of installed files to '/home/dev_ws/build/unity_robotics_demo/install.log'
[6.017s] Invoked command in '/home/dev_ws/src/unity_robotics_demo' returned '0': PYTHONPATH=/home/dev_ws/install/unity_robotics_demo/lib/python3.8/site-packages:${PYTHONPATH} /usr/bin/python3 setup.py egg_info --egg-base ../../build/unity_robotics_demo build --build-base /home/dev_ws/build/unity_robotics_demo/build install --prefix /home/dev_ws/install/unity_robotics_demo --record /home/dev_ws/build/unity_robotics_demo/install.log --single-version-externally-managed
