[2.434s] Invoking command in '/home/dev_ws/build/unity_robotics_demo_msgs': CMAKE_PREFIX_PATH=${CMAKE_PREFIX_PATH}:/opt/ros/foxy:/home/dev_ws/install/vision:/home/dev_ws/install/unity_robotics_demo:/home/dev_ws/install/ros_tcp_endpoint:/home/dev_ws/install/face_controller:/home/dev_ws/install/audio /usr/bin/cmake --build /home/dev_ws/build/unity_robotics_demo_msgs -- -j12 -l12
[3.114s] [  1%] Built target unity_robotics_demo_msgs__cpp
[3.116s] [ 12%] Built target unity_robotics_demo_msgs__rosidl_generator_c
[3.117s] [ 24%] Built target unity_robotics_demo_msgs__rosidl_typesupport_introspection_cpp
[3.119s] [ 35%] Built target unity_robotics_demo_msgs__rosidl_typesupport_cpp
[3.122s] [ 55%] Built target unity_robotics_demo_msgs__rosidl_typesupport_introspection_c
[3.129s] [ 68%] Built target unity_robotics_demo_msgs__rosidl_typesupport_c
[3.134s] [ 70%] Built target unity_robotics_demo_msgs__rosidl_typesupport_fastrtps_cpp
[3.136s] [ 81%] Built target unity_robotics_demo_msgs__rosidl_typesupport_fastrtps_c
[3.138s] [ 81%] Built target unity_robotics_demo_msgs
[3.142s] [ 82%] Built target unity_robotics_demo_msgs__py
[3.145s] [ 93%] Built target unity_robotics_demo_msgs__python
[3.147s] [ 95%] Built target unity_robotics_demo_msgs__rosidl_typesupport_c__pyext
[3.149s] [ 97%] Built target unity_robotics_demo_msgs__rosidl_typesupport_fastrtps_c__pyext
[3.152s] [100%] Built target unity_robotics_demo_msgs__rosidl_typesupport_introspection_c__pyext
[3.153s] Invoked command in '/home/dev_ws/build/unity_robotics_demo_msgs' returned '0': CMAKE_PREFIX_PATH=${CMAKE_PREFIX_PATH}:/opt/ros/foxy:/home/dev_ws/install/vision:/home/dev_ws/install/unity_robotics_demo:/home/dev_ws/install/ros_tcp_endpoint:/home/dev_ws/install/face_controller:/home/dev_ws/install/audio /usr/bin/cmake --build /home/dev_ws/build/unity_robotics_demo_msgs -- -j12 -l12
[3.846s] Invoking command in '/home/dev_ws/build/unity_robotics_demo_msgs': CMAKE_PREFIX_PATH=${CMAKE_PREFIX_PATH}:/opt/ros/foxy:/home/dev_ws/install/vision:/home/dev_ws/install/unity_robotics_demo:/home/dev_ws/install/ros_tcp_endpoint:/home/dev_ws/install/face_controller:/home/dev_ws/install/audio /usr/bin/cmake --install /home/dev_ws/build/unity_robotics_demo_msgs
[3.868s] -- Install configuration: ""
[3.869s] -- Up-to-date: /home/dev_ws/install/unity_robotics_demo_msgs/share/ament_index/resource_index/rosidl_interfaces/unity_robotics_demo_msgs
[3.869s] -- Up-to-date: /home/dev_ws/install/unity_robotics_demo_msgs/include/unity_robotics_demo_msgs
[3.870s] -- Up-to-date: /home/dev_ws/install/unity_robotics_demo_msgs/include/unity_robotics_demo_msgs/srv
[3.870s] -- Up-to-date: /home/dev_ws/install/unity_robotics_demo_msgs/include/unity_robotics_demo_msgs/srv/position_service.h
[3.871s] -- Up-to-date: /home/dev_ws/install/unity_robotics_demo_msgs/include/unity_robotics_demo_msgs/srv/object_pose_service.h
[3.871s] -- Up-to-date: /home/dev_ws/install/unity_robotics_demo_msgs/include/unity_robotics_demo_msgs/srv/detail
[3.871s] -- Up-to-date: /home/dev_ws/install/unity_robotics_demo_msgs/include/unity_robotics_demo_msgs/srv/detail/object_pose_service__struct.h
[3.872s] -- Up-to-date: /home/dev_ws/install/unity_robotics_demo_msgs/include/unity_robotics_demo_msgs/srv/detail/object_pose_service__type_support.h
[3.872s] -- Up-to-date: /home/dev_ws/install/unity_robotics_demo_msgs/include/unity_robotics_demo_msgs/srv/detail/position_service__functions.c
[3.873s] -- Up-to-date: /home/dev_ws/install/unity_robotics_demo_msgs/include/unity_robotics_demo_msgs/srv/detail/position_service__functions.h
[3.873s] -- Up-to-date: /home/dev_ws/install/unity_robotics_demo_msgs/include/unity_robotics_demo_msgs/srv/detail/position_service__struct.h
[3.873s] -- Up-to-date: /home/dev_ws/install/unity_robotics_demo_msgs/include/unity_robotics_demo_msgs/srv/detail/object_pose_service__functions.h
[3.874s] -- Up-to-date: /home/dev_ws/install/unity_robotics_demo_msgs/include/unity_robotics_demo_msgs/srv/detail/position_service__type_support.h
[3.874s] -- Up-to-date: /home/dev_ws/install/unity_robotics_demo_msgs/include/unity_robotics_demo_msgs/srv/detail/object_pose_service__functions.c
[3.875s] -- Up-to-date: /home/dev_ws/install/unity_robotics_demo_msgs/include/unity_robotics_demo_msgs/msg
[3.875s] -- Up-to-date: /home/dev_ws/install/unity_robotics_demo_msgs/include/unity_robotics_demo_msgs/msg/targets_reached.h
[3.876s] -- Up-to-date: /home/dev_ws/install/unity_robotics_demo_msgs/include/unity_robotics_demo_msgs/msg/pos_eyelids.h
[3.876s] -- Up-to-date: /home/dev_ws/install/unity_robotics_demo_msgs/include/unity_robotics_demo_msgs/msg/audio.h
[3.877s] -- Up-to-date: /home/dev_ws/install/unity_robotics_demo_msgs/include/unity_robotics_demo_msgs/msg/pos_rot.h
[3.877s] -- Up-to-date: /home/dev_ws/install/unity_robotics_demo_msgs/include/unity_robotics_demo_msgs/msg/rosidl_generator_c__visibility_control.h
[3.878s] -- Up-to-date: /home/dev_ws/install/unity_robotics_demo_msgs/include/unity_robotics_demo_msgs/msg/joints_to_target.h
[3.878s] -- Up-to-date: /home/dev_ws/install/unity_robotics_demo_msgs/include/unity_robotics_demo_msgs/msg/detail
[3.878s] -- Up-to-date: /home/dev_ws/install/unity_robotics_demo_msgs/include/unity_robotics_demo_msgs/msg/detail/audio__functions.c
[3.878s] -- Up-to-date: /home/dev_ws/install/unity_robotics_demo_msgs/include/unity_robotics_demo_msgs/msg/detail/pos_rot__type_support.h
[3.879s] -- Up-to-date: /home/dev_ws/install/unity_robotics_demo_msgs/include/unity_robotics_demo_msgs/msg/detail/unity_color__type_support.h
[3.879s] -- Up-to-date: /home/dev_ws/install/unity_robotics_demo_msgs/include/unity_robotics_demo_msgs/msg/detail/audio__struct.h
[3.880s] -- Up-to-date: /home/dev_ws/install/unity_robotics_demo_msgs/include/unity_robotics_demo_msgs/msg/detail/targets_reached__functions.h
[3.881s] -- Up-to-date: /home/dev_ws/install/unity_robotics_demo_msgs/include/unity_robotics_demo_msgs/msg/detail/joints_to_target__struct.h
[3.883s] -- Up-to-date: /home/dev_ws/install/unity_robotics_demo_msgs/include/unity_robotics_demo_msgs/msg/detail/targets_reached__functions.c
[3.884s] -- Up-to-date: /home/dev_ws/install/unity_robotics_demo_msgs/include/unity_robotics_demo_msgs/msg/detail/pos_rot__struct.h
[3.884s] -- Up-to-date: /home/dev_ws/install/unity_robotics_demo_msgs/include/unity_robotics_demo_msgs/msg/detail/unity_color__functions.c
[3.885s] -- Up-to-date: /home/dev_ws/install/unity_robotics_demo_msgs/include/unity_robotics_demo_msgs/msg/detail/pos_eyelids__type_support.h
[3.885s] -- Up-to-date: /home/dev_ws/install/unity_robotics_demo_msgs/include/unity_robotics_demo_msgs/msg/detail/unity_color__struct.h
[3.886s] -- Up-to-date: /home/dev_ws/install/unity_robotics_demo_msgs/include/unity_robotics_demo_msgs/msg/detail/pos_eyelids__functions.h
[3.887s] -- Up-to-date: /home/dev_ws/install/unity_robotics_demo_msgs/include/unity_robotics_demo_msgs/msg/detail/pos_rot__functions.h
[3.887s] -- Up-to-date: /home/dev_ws/install/unity_robotics_demo_msgs/include/unity_robotics_demo_msgs/msg/detail/audio__functions.h
[3.888s] -- Up-to-date: /home/dev_ws/install/unity_robotics_demo_msgs/include/unity_robotics_demo_msgs/msg/detail/joints_to_target__functions.h
[3.888s] -- Up-to-date: /home/dev_ws/install/unity_robotics_demo_msgs/include/unity_robotics_demo_msgs/msg/detail/targets_reached__struct.h
[3.888s] -- Up-to-date: /home/dev_ws/install/unity_robotics_demo_msgs/include/unity_robotics_demo_msgs/msg/detail/pos_eyelids__struct.h
[3.889s] -- Up-to-date: /home/dev_ws/install/unity_robotics_demo_msgs/include/unity_robotics_demo_msgs/msg/detail/audio__type_support.h
[3.889s] -- Up-to-date: /home/dev_ws/install/unity_robotics_demo_msgs/include/unity_robotics_demo_msgs/msg/detail/joints_to_target__type_support.h
[3.889s] -- Up-to-date: /home/dev_ws/install/unity_robotics_demo_msgs/include/unity_robotics_demo_msgs/msg/detail/targets_reached__type_support.h
[3.889s] -- Up-to-date: /home/dev_ws/install/unity_robotics_demo_msgs/include/unity_robotics_demo_msgs/msg/detail/joints_to_target__functions.c
[3.890s] -- Up-to-date: /home/dev_ws/install/unity_robotics_demo_msgs/include/unity_robotics_demo_msgs/msg/detail/pos_rot__functions.c
[3.890s] -- Up-to-date: /home/dev_ws/install/unity_robotics_demo_msgs/include/unity_robotics_demo_msgs/msg/detail/unity_color__functions.h
[3.891s] -- Up-to-date: /home/dev_ws/install/unity_robotics_demo_msgs/include/unity_robotics_demo_msgs/msg/detail/pos_eyelids__functions.c
[3.891s] -- Up-to-date: /home/dev_ws/install/unity_robotics_demo_msgs/include/unity_robotics_demo_msgs/msg/unity_color.h
[3.891s] -- Up-to-date: /home/dev_ws/install/unity_robotics_demo_msgs/share/unity_robotics_demo_msgs/environment/library_path.sh
[3.891s] -- Up-to-date: /home/dev_ws/install/unity_robotics_demo_msgs/share/unity_robotics_demo_msgs/environment/library_path.dsv
[3.892s] -- Up-to-date: /home/dev_ws/install/unity_robotics_demo_msgs/lib/libunity_robotics_demo_msgs__rosidl_generator_c.so
[3.892s] -- Up-to-date: /home/dev_ws/install/unity_robotics_demo_msgs/include/unity_robotics_demo_msgs
[3.892s] -- Up-to-date: /home/dev_ws/install/unity_robotics_demo_msgs/include/unity_robotics_demo_msgs/srv
[3.892s] -- Up-to-date: /home/dev_ws/install/unity_robotics_demo_msgs/include/unity_robotics_demo_msgs/srv/detail
[3.893s] -- Up-to-date: /home/dev_ws/install/unity_robotics_demo_msgs/include/unity_robotics_demo_msgs/srv/detail/object_pose_service__rosidl_typesupport_fastrtps_c.h
[3.893s] -- Up-to-date: /home/dev_ws/install/unity_robotics_demo_msgs/include/unity_robotics_demo_msgs/srv/detail/position_service__rosidl_typesupport_fastrtps_c.h
[3.895s] -- Up-to-date: /home/dev_ws/install/unity_robotics_demo_msgs/include/unity_robotics_demo_msgs/msg
[3.896s] -- Up-to-date: /home/dev_ws/install/unity_robotics_demo_msgs/include/unity_robotics_demo_msgs/msg/rosidl_typesupport_fastrtps_c__visibility_control.h
[3.896s] -- Up-to-date: /home/dev_ws/install/unity_robotics_demo_msgs/include/unity_robotics_demo_msgs/msg/detail
[3.896s] -- Up-to-date: /home/dev_ws/install/unity_robotics_demo_msgs/include/unity_robotics_demo_msgs/msg/detail/unity_color__rosidl_typesupport_fastrtps_c.h
[3.897s] -- Up-to-date: /home/dev_ws/install/unity_robotics_demo_msgs/include/unity_robotics_demo_msgs/msg/detail/pos_eyelids__rosidl_typesupport_fastrtps_c.h
[3.897s] -- Up-to-date: /home/dev_ws/install/unity_robotics_demo_msgs/include/unity_robotics_demo_msgs/msg/detail/targets_reached__rosidl_typesupport_fastrtps_c.h
[3.897s] -- Up-to-date: /home/dev_ws/install/unity_robotics_demo_msgs/include/unity_robotics_demo_msgs/msg/detail/joints_to_target__rosidl_typesupport_fastrtps_c.h
[3.897s] -- Up-to-date: /home/dev_ws/install/unity_robotics_demo_msgs/include/unity_robotics_demo_msgs/msg/detail/audio__rosidl_typesupport_fastrtps_c.h
[3.897s] -- Up-to-date: /home/dev_ws/install/unity_robotics_demo_msgs/include/unity_robotics_demo_msgs/msg/detail/pos_rot__rosidl_typesupport_fastrtps_c.h
[3.897s] -- Up-to-date: /home/dev_ws/install/unity_robotics_demo_msgs/lib/libunity_robotics_demo_msgs__rosidl_typesupport_fastrtps_c.so
[3.898s] -- Up-to-date: /home/dev_ws/install/unity_robotics_demo_msgs/include/unity_robotics_demo_msgs
[3.898s] -- Up-to-date: /home/dev_ws/install/unity_robotics_demo_msgs/include/unity_robotics_demo_msgs/srv
[3.898s] -- Up-to-date: /home/dev_ws/install/unity_robotics_demo_msgs/include/unity_robotics_demo_msgs/srv/detail
[3.898s] -- Up-to-date: /home/dev_ws/install/unity_robotics_demo_msgs/include/unity_robotics_demo_msgs/srv/detail/position_service__rosidl_typesupport_fastrtps_cpp.hpp
[3.899s] -- Up-to-date: /home/dev_ws/install/unity_robotics_demo_msgs/include/unity_robotics_demo_msgs/srv/detail/object_pose_service__rosidl_typesupport_fastrtps_cpp.hpp
[3.900s] -- Up-to-date: /home/dev_ws/install/unity_robotics_demo_msgs/include/unity_robotics_demo_msgs/srv/detail/dds_fastrtps
[3.900s] -- Up-to-date: /home/dev_ws/install/unity_robotics_demo_msgs/include/unity_robotics_demo_msgs/msg
[3.900s] -- Up-to-date: /home/dev_ws/install/unity_robotics_demo_msgs/include/unity_robotics_demo_msgs/msg/rosidl_typesupport_fastrtps_cpp__visibility_control.h
[3.901s] -- Up-to-date: /home/dev_ws/install/unity_robotics_demo_msgs/include/unity_robotics_demo_msgs/msg/detail
[3.901s] -- Up-to-date: /home/dev_ws/install/unity_robotics_demo_msgs/include/unity_robotics_demo_msgs/msg/detail/pos_rot__rosidl_typesupport_fastrtps_cpp.hpp
[3.902s] -- Up-to-date: /home/dev_ws/install/unity_robotics_demo_msgs/include/unity_robotics_demo_msgs/msg/detail/dds_fastrtps
[3.905s] -- Up-to-date: /home/dev_ws/install/unity_robotics_demo_msgs/include/unity_robotics_demo_msgs/msg/detail/joints_to_target__rosidl_typesupport_fastrtps_cpp.hpp
[3.906s] -- Up-to-date: /home/dev_ws/install/unity_robotics_demo_msgs/include/unity_robotics_demo_msgs/msg/detail/unity_color__rosidl_typesupport_fastrtps_cpp.hpp
[3.907s] -- Up-to-date: /home/dev_ws/install/unity_robotics_demo_msgs/include/unity_robotics_demo_msgs/msg/detail/targets_reached__rosidl_typesupport_fastrtps_cpp.hpp
[3.909s] -- Up-to-date: /home/dev_ws/install/unity_robotics_demo_msgs/include/unity_robotics_demo_msgs/msg/detail/pos_eyelids__rosidl_typesupport_fastrtps_cpp.hpp
[3.909s] -- Up-to-date: /home/dev_ws/install/unity_robotics_demo_msgs/include/unity_robotics_demo_msgs/msg/detail/audio__rosidl_typesupport_fastrtps_cpp.hpp
[3.910s] -- Up-to-date: /home/dev_ws/install/unity_robotics_demo_msgs/lib/libunity_robotics_demo_msgs__rosidl_typesupport_fastrtps_cpp.so
[3.910s] -- Up-to-date: /home/dev_ws/install/unity_robotics_demo_msgs/include/unity_robotics_demo_msgs
[3.911s] -- Up-to-date: /home/dev_ws/install/unity_robotics_demo_msgs/include/unity_robotics_demo_msgs/srv
[3.911s] -- Up-to-date: /home/dev_ws/install/unity_robotics_demo_msgs/include/unity_robotics_demo_msgs/srv/detail
[3.913s] -- Up-to-date: /home/dev_ws/install/unity_robotics_demo_msgs/include/unity_robotics_demo_msgs/srv/detail/position_service__type_support.c
[3.913s] -- Up-to-date: /home/dev_ws/install/unity_robotics_demo_msgs/include/unity_robotics_demo_msgs/srv/detail/position_service__rosidl_typesupport_introspection_c.h
[3.914s] -- Up-to-date: /home/dev_ws/install/unity_robotics_demo_msgs/include/unity_robotics_demo_msgs/srv/detail/object_pose_service__rosidl_typesupport_introspection_c.h
[3.914s] -- Up-to-date: /home/dev_ws/install/unity_robotics_demo_msgs/include/unity_robotics_demo_msgs/srv/detail/object_pose_service__type_support.c
[3.915s] -- Up-to-date: /home/dev_ws/install/unity_robotics_demo_msgs/include/unity_robotics_demo_msgs/msg
[3.915s] -- Up-to-date: /home/dev_ws/install/unity_robotics_demo_msgs/include/unity_robotics_demo_msgs/msg/rosidl_typesupport_introspection_c__visibility_control.h
[3.916s] -- Up-to-date: /home/dev_ws/install/unity_robotics_demo_msgs/include/unity_robotics_demo_msgs/msg/detail
[3.921s] -- Up-to-date: /home/dev_ws/install/unity_robotics_demo_msgs/include/unity_robotics_demo_msgs/msg/detail/pos_rot__rosidl_typesupport_introspection_c.h
[3.922s] -- Up-to-date: /home/dev_ws/install/unity_robotics_demo_msgs/include/unity_robotics_demo_msgs/msg/detail/pos_eyelids__rosidl_typesupport_introspection_c.h
[3.923s] -- Up-to-date: /home/dev_ws/install/unity_robotics_demo_msgs/include/unity_robotics_demo_msgs/msg/detail/unity_color__rosidl_typesupport_introspection_c.h
[3.923s] -- Up-to-date: /home/dev_ws/install/unity_robotics_demo_msgs/include/unity_robotics_demo_msgs/msg/detail/pos_eyelids__type_support.c
[3.923s] -- Up-to-date: /home/dev_ws/install/unity_robotics_demo_msgs/include/unity_robotics_demo_msgs/msg/detail/audio__rosidl_typesupport_introspection_c.h
[3.924s] -- Up-to-date: /home/dev_ws/install/unity_robotics_demo_msgs/include/unity_robotics_demo_msgs/msg/detail/joints_to_target__type_support.c
[3.924s] -- Up-to-date: /home/dev_ws/install/unity_robotics_demo_msgs/include/unity_robotics_demo_msgs/msg/detail/joints_to_target__rosidl_typesupport_introspection_c.h
[3.925s] -- Up-to-date: /home/dev_ws/install/unity_robotics_demo_msgs/include/unity_robotics_demo_msgs/msg/detail/pos_rot__type_support.c
[3.926s] -- Up-to-date: /home/dev_ws/install/unity_robotics_demo_msgs/include/unity_robotics_demo_msgs/msg/detail/targets_reached__rosidl_typesupport_introspection_c.h
[3.926s] -- Up-to-date: /home/dev_ws/install/unity_robotics_demo_msgs/include/unity_robotics_demo_msgs/msg/detail/audio__type_support.c
[3.926s] -- Up-to-date: /home/dev_ws/install/unity_robotics_demo_msgs/include/unity_robotics_demo_msgs/msg/detail/targets_reached__type_support.c
[3.927s] -- Up-to-date: /home/dev_ws/install/unity_robotics_demo_msgs/include/unity_robotics_demo_msgs/msg/detail/unity_color__type_support.c
[3.927s] -- Up-to-date: /home/dev_ws/install/unity_robotics_demo_msgs/lib/libunity_robotics_demo_msgs__rosidl_typesupport_introspection_c.so
[3.927s] -- Up-to-date: /home/dev_ws/install/unity_robotics_demo_msgs/lib/libunity_robotics_demo_msgs__rosidl_typesupport_c.so
[3.928s] -- Up-to-date: /home/dev_ws/install/unity_robotics_demo_msgs/include/unity_robotics_demo_msgs
[3.928s] -- Up-to-date: /home/dev_ws/install/unity_robotics_demo_msgs/include/unity_robotics_demo_msgs/srv
[3.928s] -- Up-to-date: /home/dev_ws/install/unity_robotics_demo_msgs/include/unity_robotics_demo_msgs/srv/position_service.hpp
[3.928s] -- Up-to-date: /home/dev_ws/install/unity_robotics_demo_msgs/include/unity_robotics_demo_msgs/srv/detail
[3.929s] -- Up-to-date: /home/dev_ws/install/unity_robotics_demo_msgs/include/unity_robotics_demo_msgs/srv/detail/position_service__builder.hpp
[3.929s] -- Up-to-date: /home/dev_ws/install/unity_robotics_demo_msgs/include/unity_robotics_demo_msgs/srv/detail/object_pose_service__struct.hpp
[3.929s] -- Up-to-date: /home/dev_ws/install/unity_robotics_demo_msgs/include/unity_robotics_demo_msgs/srv/detail/position_service__struct.hpp
[3.929s] -- Up-to-date: /home/dev_ws/install/unity_robotics_demo_msgs/include/unity_robotics_demo_msgs/srv/detail/position_service__traits.hpp
[3.930s] -- Up-to-date: /home/dev_ws/install/unity_robotics_demo_msgs/include/unity_robotics_demo_msgs/srv/detail/object_pose_service__builder.hpp
[3.930s] -- Up-to-date: /home/dev_ws/install/unity_robotics_demo_msgs/include/unity_robotics_demo_msgs/srv/detail/object_pose_service__traits.hpp
[3.930s] -- Up-to-date: /home/dev_ws/install/unity_robotics_demo_msgs/include/unity_robotics_demo_msgs/srv/object_pose_service.hpp
[3.930s] -- Up-to-date: /home/dev_ws/install/unity_robotics_demo_msgs/include/unity_robotics_demo_msgs/msg
[3.931s] -- Up-to-date: /home/dev_ws/install/unity_robotics_demo_msgs/include/unity_robotics_demo_msgs/msg/audio.hpp
[3.931s] -- Up-to-date: /home/dev_ws/install/unity_robotics_demo_msgs/include/unity_robotics_demo_msgs/msg/joints_to_target.hpp
[3.931s] -- Up-to-date: /home/dev_ws/install/unity_robotics_demo_msgs/include/unity_robotics_demo_msgs/msg/targets_reached.hpp
[3.931s] -- Up-to-date: /home/dev_ws/install/unity_robotics_demo_msgs/include/unity_robotics_demo_msgs/msg/pos_rot.hpp
[3.932s] -- Up-to-date: /home/dev_ws/install/unity_robotics_demo_msgs/include/unity_robotics_demo_msgs/msg/detail
[3.932s] -- Up-to-date: /home/dev_ws/install/unity_robotics_demo_msgs/include/unity_robotics_demo_msgs/msg/detail/pos_eyelids__traits.hpp
[3.932s] -- Up-to-date: /home/dev_ws/install/unity_robotics_demo_msgs/include/unity_robotics_demo_msgs/msg/detail/joints_to_target__builder.hpp
[3.932s] -- Up-to-date: /home/dev_ws/install/unity_robotics_demo_msgs/include/unity_robotics_demo_msgs/msg/detail/targets_reached__traits.hpp
[3.933s] -- Up-to-date: /home/dev_ws/install/unity_robotics_demo_msgs/include/unity_robotics_demo_msgs/msg/detail/targets_reached__struct.hpp
[3.933s] -- Up-to-date: /home/dev_ws/install/unity_robotics_demo_msgs/include/unity_robotics_demo_msgs/msg/detail/pos_rot__struct.hpp
[3.933s] -- Up-to-date: /home/dev_ws/install/unity_robotics_demo_msgs/include/unity_robotics_demo_msgs/msg/detail/audio__builder.hpp
[3.933s] -- Up-to-date: /home/dev_ws/install/unity_robotics_demo_msgs/include/unity_robotics_demo_msgs/msg/detail/unity_color__traits.hpp
[3.934s] -- Up-to-date: /home/dev_ws/install/unity_robotics_demo_msgs/include/unity_robotics_demo_msgs/msg/detail/targets_reached__builder.hpp
[3.934s] -- Up-to-date: /home/dev_ws/install/unity_robotics_demo_msgs/include/unity_robotics_demo_msgs/msg/detail/pos_eyelids__struct.hpp
[3.934s] -- Up-to-date: /home/dev_ws/install/unity_robotics_demo_msgs/include/unity_robotics_demo_msgs/msg/detail/pos_rot__traits.hpp
[3.934s] -- Up-to-date: /home/dev_ws/install/unity_robotics_demo_msgs/include/unity_robotics_demo_msgs/msg/detail/audio__struct.hpp
[3.934s] -- Up-to-date: /home/dev_ws/install/unity_robotics_demo_msgs/include/unity_robotics_demo_msgs/msg/detail/unity_color__builder.hpp
[3.937s] -- Up-to-date: /home/dev_ws/install/unity_robotics_demo_msgs/include/unity_robotics_demo_msgs/msg/detail/pos_eyelids__builder.hpp
[3.938s] -- Up-to-date: /home/dev_ws/install/unity_robotics_demo_msgs/include/unity_robotics_demo_msgs/msg/detail/unity_color__struct.hpp
[3.939s] -- Up-to-date: /home/dev_ws/install/unity_robotics_demo_msgs/include/unity_robotics_demo_msgs/msg/detail/pos_rot__builder.hpp
[3.940s] -- Up-to-date: /home/dev_ws/install/unity_robotics_demo_msgs/include/unity_robotics_demo_msgs/msg/detail/audio__traits.hpp
[3.951s] -- Up-to-date: /home/dev_ws/install/unity_robotics_demo_msgs/include/unity_robotics_demo_msgs/msg/detail/joints_to_target__traits.hpp
[3.951s] -- Up-to-date: /home/dev_ws/install/unity_robotics_demo_msgs/include/unity_robotics_demo_msgs/msg/detail/joints_to_target__struct.hpp
[3.951s] -- Up-to-date: /home/dev_ws/install/unity_robotics_demo_msgs/include/unity_robotics_demo_msgs/msg/pos_eyelids.hpp
[3.952s] -- Up-to-date: /home/dev_ws/install/unity_robotics_demo_msgs/include/unity_robotics_demo_msgs/msg/unity_color.hpp
[3.952s] -- Up-to-date: /home/dev_ws/install/unity_robotics_demo_msgs/include/unity_robotics_demo_msgs
[3.952s] -- Up-to-date: /home/dev_ws/install/unity_robotics_demo_msgs/include/unity_robotics_demo_msgs/srv
[3.952s] -- Up-to-date: /home/dev_ws/install/unity_robotics_demo_msgs/include/unity_robotics_demo_msgs/srv/detail
[3.952s] -- Up-to-date: /home/dev_ws/install/unity_robotics_demo_msgs/include/unity_robotics_demo_msgs/srv/detail/object_pose_service__type_support.cpp
[3.953s] -- Up-to-date: /home/dev_ws/install/unity_robotics_demo_msgs/include/unity_robotics_demo_msgs/srv/detail/position_service__type_support.cpp
[3.953s] -- Up-to-date: /home/dev_ws/install/unity_robotics_demo_msgs/include/unity_robotics_demo_msgs/srv/detail/object_pose_service__rosidl_typesupport_introspection_cpp.hpp
[3.953s] -- Up-to-date: /home/dev_ws/install/unity_robotics_demo_msgs/include/unity_robotics_demo_msgs/srv/detail/position_service__rosidl_typesupport_introspection_cpp.hpp
[3.953s] -- Up-to-date: /home/dev_ws/install/unity_robotics_demo_msgs/include/unity_robotics_demo_msgs/msg
[3.953s] -- Up-to-date: /home/dev_ws/install/unity_robotics_demo_msgs/include/unity_robotics_demo_msgs/msg/detail
[3.954s] -- Up-to-date: /home/dev_ws/install/unity_robotics_demo_msgs/include/unity_robotics_demo_msgs/msg/detail/pos_rot__type_support.cpp
[3.955s] -- Up-to-date: /home/dev_ws/install/unity_robotics_demo_msgs/include/unity_robotics_demo_msgs/msg/detail/targets_reached__type_support.cpp
[3.956s] -- Up-to-date: /home/dev_ws/install/unity_robotics_demo_msgs/include/unity_robotics_demo_msgs/msg/detail/pos_eyelids__rosidl_typesupport_introspection_cpp.hpp
[3.957s] -- Up-to-date: /home/dev_ws/install/unity_robotics_demo_msgs/include/unity_robotics_demo_msgs/msg/detail/targets_reached__rosidl_typesupport_introspection_cpp.hpp
[3.958s] -- Up-to-date: /home/dev_ws/install/unity_robotics_demo_msgs/include/unity_robotics_demo_msgs/msg/detail/unity_color__type_support.cpp
[3.959s] -- Up-to-date: /home/dev_ws/install/unity_robotics_demo_msgs/include/unity_robotics_demo_msgs/msg/detail/joints_to_target__type_support.cpp
[3.962s] -- Up-to-date: /home/dev_ws/install/unity_robotics_demo_msgs/include/unity_robotics_demo_msgs/msg/detail/joints_to_target__rosidl_typesupport_introspection_cpp.hpp
[3.963s] -- Up-to-date: /home/dev_ws/install/unity_robotics_demo_msgs/include/unity_robotics_demo_msgs/msg/detail/audio__rosidl_typesupport_introspection_cpp.hpp
[3.964s] -- Up-to-date: /home/dev_ws/install/unity_robotics_demo_msgs/include/unity_robotics_demo_msgs/msg/detail/pos_rot__rosidl_typesupport_introspection_cpp.hpp
[3.965s] -- Up-to-date: /home/dev_ws/install/unity_robotics_demo_msgs/include/unity_robotics_demo_msgs/msg/detail/pos_eyelids__type_support.cpp
[3.966s] -- Up-to-date: /home/dev_ws/install/unity_robotics_demo_msgs/include/unity_robotics_demo_msgs/msg/detail/unity_color__rosidl_typesupport_introspection_cpp.hpp
[3.967s] -- Up-to-date: /home/dev_ws/install/unity_robotics_demo_msgs/include/unity_robotics_demo_msgs/msg/detail/audio__type_support.cpp
[3.969s] -- Up-to-date: /home/dev_ws/install/unity_robotics_demo_msgs/lib/libunity_robotics_demo_msgs__rosidl_typesupport_introspection_cpp.so
[3.971s] -- Up-to-date: /home/dev_ws/install/unity_robotics_demo_msgs/lib/libunity_robotics_demo_msgs__rosidl_typesupport_cpp.so
[3.971s] -- Up-to-date: /home/dev_ws/install/unity_robotics_demo_msgs/share/unity_robotics_demo_msgs/environment/pythonpath.sh
[3.972s] -- Up-to-date: /home/dev_ws/install/unity_robotics_demo_msgs/share/unity_robotics_demo_msgs/environment/pythonpath.dsv
[3.972s] -- Up-to-date: /home/dev_ws/install/unity_robotics_demo_msgs/lib/python3.8/site-packages/unity_robotics_demo_msgs/__init__.py
[4.079s] -- Up-to-date: /home/dev_ws/install/unity_robotics_demo_msgs/lib/python3.8/site-packages/unity_robotics_demo_msgs/msg
[4.080s] -- Up-to-date: /home/dev_ws/install/unity_robotics_demo_msgs/lib/python3.8/site-packages/unity_robotics_demo_msgs/msg/_targets_reached_s.c
[4.080s] -- Up-to-date: /home/dev_ws/install/unity_robotics_demo_msgs/lib/python3.8/site-packages/unity_robotics_demo_msgs/msg/_unity_color.py
[4.081s] -- Up-to-date: /home/dev_ws/install/unity_robotics_demo_msgs/lib/python3.8/site-packages/unity_robotics_demo_msgs/msg/_targets_reached.py
[4.082s] -- Up-to-date: /home/dev_ws/install/unity_robotics_demo_msgs/lib/python3.8/site-packages/unity_robotics_demo_msgs/msg/_audio_s.c
[4.084s] -- Up-to-date: /home/dev_ws/install/unity_robotics_demo_msgs/lib/python3.8/site-packages/unity_robotics_demo_msgs/msg/_joints_to_target_s.c
[4.084s] -- Up-to-date: /home/dev_ws/install/unity_robotics_demo_msgs/lib/python3.8/site-packages/unity_robotics_demo_msgs/msg/_joints_to_target.py
[4.088s] -- Up-to-date: /home/dev_ws/install/unity_robotics_demo_msgs/lib/python3.8/site-packages/unity_robotics_demo_msgs/msg/_audio.py
[4.090s] -- Up-to-date: /home/dev_ws/install/unity_robotics_demo_msgs/lib/python3.8/site-packages/unity_robotics_demo_msgs/msg/_pos_eyelids_s.c
[4.095s] -- Up-to-date: /home/dev_ws/install/unity_robotics_demo_msgs/lib/python3.8/site-packages/unity_robotics_demo_msgs/msg/_pos_eyelids.py
[4.097s] -- Up-to-date: /home/dev_ws/install/unity_robotics_demo_msgs/lib/python3.8/site-packages/unity_robotics_demo_msgs/msg/_pos_rot.py
[4.099s] -- Up-to-date: /home/dev_ws/install/unity_robotics_demo_msgs/lib/python3.8/site-packages/unity_robotics_demo_msgs/msg/_unity_color_s.c
[4.101s] -- Up-to-date: /home/dev_ws/install/unity_robotics_demo_msgs/lib/python3.8/site-packages/unity_robotics_demo_msgs/msg/_pos_rot_s.c
[4.102s] -- Up-to-date: /home/dev_ws/install/unity_robotics_demo_msgs/lib/python3.8/site-packages/unity_robotics_demo_msgs/msg/__init__.py
[4.103s] -- Up-to-date: /home/dev_ws/install/unity_robotics_demo_msgs/lib/python3.8/site-packages/unity_robotics_demo_msgs/srv
[4.104s] -- Up-to-date: /home/dev_ws/install/unity_robotics_demo_msgs/lib/python3.8/site-packages/unity_robotics_demo_msgs/srv/_position_service.py
[4.108s] -- Up-to-date: /home/dev_ws/install/unity_robotics_demo_msgs/lib/python3.8/site-packages/unity_robotics_demo_msgs/srv/_object_pose_service_s.c
[4.111s] -- Up-to-date: /home/dev_ws/install/unity_robotics_demo_msgs/lib/python3.8/site-packages/unity_robotics_demo_msgs/srv/_position_service_s.c
[4.113s] -- Up-to-date: /home/dev_ws/install/unity_robotics_demo_msgs/lib/python3.8/site-packages/unity_robotics_demo_msgs/srv/__init__.py
[4.119s] -- Up-to-date: /home/dev_ws/install/unity_robotics_demo_msgs/lib/python3.8/site-packages/unity_robotics_demo_msgs/srv/_object_pose_service.py
[4.120s] -- Up-to-date: /home/dev_ws/install/unity_robotics_demo_msgs/lib/python3.8/site-packages/unity_robotics_demo_msgs/unity_robotics_demo_msgs_s__rosidl_typesupport_fastrtps_c.cpython-38-x86_64-linux-gnu.so
[4.122s] -- Up-to-date: /home/dev_ws/install/unity_robotics_demo_msgs/lib/python3.8/site-packages/unity_robotics_demo_msgs/unity_robotics_demo_msgs_s__rosidl_typesupport_introspection_c.cpython-38-x86_64-linux-gnu.so
[4.123s] -- Up-to-date: /home/dev_ws/install/unity_robotics_demo_msgs/lib/python3.8/site-packages/unity_robotics_demo_msgs/unity_robotics_demo_msgs_s__rosidl_typesupport_c.cpython-38-x86_64-linux-gnu.so
[4.124s] -- Up-to-date: /home/dev_ws/install/unity_robotics_demo_msgs/lib/libunity_robotics_demo_msgs__python.so
[4.125s] -- Up-to-date: /home/dev_ws/install/unity_robotics_demo_msgs/share/unity_robotics_demo_msgs/msg/TargetsReached.idl
[4.125s] -- Up-to-date: /home/dev_ws/install/unity_robotics_demo_msgs/share/unity_robotics_demo_msgs/msg/Audio.idl
[4.126s] -- Up-to-date: /home/dev_ws/install/unity_robotics_demo_msgs/share/unity_robotics_demo_msgs/msg/JointsToTarget.idl
[4.127s] -- Up-to-date: /home/dev_ws/install/unity_robotics_demo_msgs/share/unity_robotics_demo_msgs/msg/PosEyelids.idl
[4.128s] -- Up-to-date: /home/dev_ws/install/unity_robotics_demo_msgs/share/unity_robotics_demo_msgs/msg/PosRot.idl
[4.128s] -- Up-to-date: /home/dev_ws/install/unity_robotics_demo_msgs/share/unity_robotics_demo_msgs/msg/UnityColor.idl
[4.129s] -- Up-to-date: /home/dev_ws/install/unity_robotics_demo_msgs/share/unity_robotics_demo_msgs/srv/PositionService.idl
[4.132s] -- Up-to-date: /home/dev_ws/install/unity_robotics_demo_msgs/share/unity_robotics_demo_msgs/srv/ObjectPoseService.idl
[4.134s] -- Up-to-date: /home/dev_ws/install/unity_robotics_demo_msgs/share/unity_robotics_demo_msgs/msg/TargetsReached.msg
[4.139s] -- Up-to-date: /home/dev_ws/install/unity_robotics_demo_msgs/share/unity_robotics_demo_msgs/msg/Audio.msg
[4.139s] -- Up-to-date: /home/dev_ws/install/unity_robotics_demo_msgs/share/unity_robotics_demo_msgs/msg/JointsToTarget.msg
[4.140s] -- Up-to-date: /home/dev_ws/install/unity_robotics_demo_msgs/share/unity_robotics_demo_msgs/msg/PosEyelids.msg
[4.140s] -- Up-to-date: /home/dev_ws/install/unity_robotics_demo_msgs/share/unity_robotics_demo_msgs/msg/PosRot.msg
[4.141s] -- Up-to-date: /home/dev_ws/install/unity_robotics_demo_msgs/share/unity_robotics_demo_msgs/msg/UnityColor.msg
[4.142s] -- Up-to-date: /home/dev_ws/install/unity_robotics_demo_msgs/share/unity_robotics_demo_msgs/srv/PositionService.srv
[4.142s] -- Up-to-date: /home/dev_ws/install/unity_robotics_demo_msgs/share/unity_robotics_demo_msgs/srv/PositionService_Request.msg
[4.143s] -- Up-to-date: /home/dev_ws/install/unity_robotics_demo_msgs/share/unity_robotics_demo_msgs/srv/PositionService_Response.msg
[4.143s] -- Up-to-date: /home/dev_ws/install/unity_robotics_demo_msgs/share/unity_robotics_demo_msgs/srv/ObjectPoseService.srv
[4.143s] -- Up-to-date: /home/dev_ws/install/unity_robotics_demo_msgs/share/unity_robotics_demo_msgs/srv/ObjectPoseService_Request.msg
[4.144s] -- Up-to-date: /home/dev_ws/install/unity_robotics_demo_msgs/share/unity_robotics_demo_msgs/srv/ObjectPoseService_Response.msg
[4.146s] -- Up-to-date: /home/dev_ws/install/unity_robotics_demo_msgs/share/ament_index/resource_index/package_run_dependencies/unity_robotics_demo_msgs
[4.150s] -- Up-to-date: /home/dev_ws/install/unity_robotics_demo_msgs/share/ament_index/resource_index/parent_prefix_path/unity_robotics_demo_msgs
[4.154s] -- Up-to-date: /home/dev_ws/install/unity_robotics_demo_msgs/share/unity_robotics_demo_msgs/environment/ament_prefix_path.sh
[4.156s] -- Up-to-date: /home/dev_ws/install/unity_robotics_demo_msgs/share/unity_robotics_demo_msgs/environment/ament_prefix_path.dsv
[4.158s] -- Up-to-date: /home/dev_ws/install/unity_robotics_demo_msgs/share/unity_robotics_demo_msgs/environment/path.sh
[4.159s] -- Up-to-date: /home/dev_ws/install/unity_robotics_demo_msgs/share/unity_robotics_demo_msgs/environment/path.dsv
[4.160s] -- Up-to-date: /home/dev_ws/install/unity_robotics_demo_msgs/share/unity_robotics_demo_msgs/local_setup.bash
[4.161s] -- Up-to-date: /home/dev_ws/install/unity_robotics_demo_msgs/share/unity_robotics_demo_msgs/local_setup.sh
[4.162s] -- Up-to-date: /home/dev_ws/install/unity_robotics_demo_msgs/share/unity_robotics_demo_msgs/local_setup.zsh
[4.163s] -- Up-to-date: /home/dev_ws/install/unity_robotics_demo_msgs/share/unity_robotics_demo_msgs/local_setup.dsv
[4.169s] -- Installing: /home/dev_ws/install/unity_robotics_demo_msgs/share/unity_robotics_demo_msgs/package.dsv
[4.177s] -- Up-to-date: /home/dev_ws/install/unity_robotics_demo_msgs/share/ament_index/resource_index/packages/unity_robotics_demo_msgs
[4.179s] -- Up-to-date: /home/dev_ws/install/unity_robotics_demo_msgs/share/unity_robotics_demo_msgs/cmake/unity_robotics_demo_msgs__rosidl_generator_cExport.cmake
[4.192s] -- Up-to-date: /home/dev_ws/install/unity_robotics_demo_msgs/share/unity_robotics_demo_msgs/cmake/unity_robotics_demo_msgs__rosidl_generator_cExport-noconfig.cmake
[4.194s] -- Up-to-date: /home/dev_ws/install/unity_robotics_demo_msgs/share/unity_robotics_demo_msgs/cmake/unity_robotics_demo_msgs__rosidl_typesupport_introspection_cExport.cmake
[4.199s] -- Up-to-date: /home/dev_ws/install/unity_robotics_demo_msgs/share/unity_robotics_demo_msgs/cmake/unity_robotics_demo_msgs__rosidl_typesupport_introspection_cExport-noconfig.cmake
[4.200s] -- Up-to-date: /home/dev_ws/install/unity_robotics_demo_msgs/share/unity_robotics_demo_msgs/cmake/unity_robotics_demo_msgs__rosidl_typesupport_cExport.cmake
[4.200s] -- Up-to-date: /home/dev_ws/install/unity_robotics_demo_msgs/share/unity_robotics_demo_msgs/cmake/unity_robotics_demo_msgs__rosidl_typesupport_cExport-noconfig.cmake
[4.200s] -- Up-to-date: /home/dev_ws/install/unity_robotics_demo_msgs/share/unity_robotics_demo_msgs/cmake/unity_robotics_demo_msgs__rosidl_generator_cppExport.cmake
[4.207s] -- Up-to-date: /home/dev_ws/install/unity_robotics_demo_msgs/share/unity_robotics_demo_msgs/cmake/unity_robotics_demo_msgs__rosidl_typesupport_introspection_cppExport.cmake
[4.209s] -- Up-to-date: /home/dev_ws/install/unity_robotics_demo_msgs/share/unity_robotics_demo_msgs/cmake/unity_robotics_demo_msgs__rosidl_typesupport_introspection_cppExport-noconfig.cmake
[4.211s] -- Up-to-date: /home/dev_ws/install/unity_robotics_demo_msgs/share/unity_robotics_demo_msgs/cmake/unity_robotics_demo_msgs__rosidl_typesupport_cppExport.cmake
[4.212s] -- Up-to-date: /home/dev_ws/install/unity_robotics_demo_msgs/share/unity_robotics_demo_msgs/cmake/unity_robotics_demo_msgs__rosidl_typesupport_cppExport-noconfig.cmake
[4.214s] -- Up-to-date: /home/dev_ws/install/unity_robotics_demo_msgs/share/unity_robotics_demo_msgs/cmake/rosidl_cmake-extras.cmake
[4.220s] -- Up-to-date: /home/dev_ws/install/unity_robotics_demo_msgs/share/unity_robotics_demo_msgs/cmake/ament_cmake_export_dependencies-extras.cmake
[4.233s] -- Up-to-date: /home/dev_ws/install/unity_robotics_demo_msgs/share/unity_robotics_demo_msgs/cmake/ament_cmake_export_libraries-extras.cmake
[4.239s] -- Up-to-date: /home/dev_ws/install/unity_robotics_demo_msgs/share/unity_robotics_demo_msgs/cmake/ament_cmake_export_targets-extras.cmake
[4.240s] -- Up-to-date: /home/dev_ws/install/unity_robotics_demo_msgs/share/unity_robotics_demo_msgs/cmake/ament_cmake_export_include_directories-extras.cmake
[4.240s] -- Up-to-date: /home/dev_ws/install/unity_robotics_demo_msgs/share/unity_robotics_demo_msgs/cmake/rosidl_cmake_export_typesupport_libraries-extras.cmake
[4.240s] -- Up-to-date: /home/dev_ws/install/unity_robotics_demo_msgs/share/unity_robotics_demo_msgs/cmake/rosidl_cmake_export_typesupport_targets-extras.cmake
[4.243s] -- Up-to-date: /home/dev_ws/install/unity_robotics_demo_msgs/share/unity_robotics_demo_msgs/cmake/unity_robotics_demo_msgsConfig.cmake
[4.244s] -- Up-to-date: /home/dev_ws/install/unity_robotics_demo_msgs/share/unity_robotics_demo_msgs/cmake/unity_robotics_demo_msgsConfig-version.cmake
[4.245s] -- Up-to-date: /home/dev_ws/install/unity_robotics_demo_msgs/share/unity_robotics_demo_msgs/package.xml
[4.247s] Invoked command in '/home/dev_ws/build/unity_robotics_demo_msgs' returned '0': CMAKE_PREFIX_PATH=${CMAKE_PREFIX_PATH}:/opt/ros/foxy:/home/dev_ws/install/vision:/home/dev_ws/install/unity_robotics_demo:/home/dev_ws/install/ros_tcp_endpoint:/home/dev_ws/install/face_controller:/home/dev_ws/install/audio /usr/bin/cmake --install /home/dev_ws/build/unity_robotics_demo_msgs
