[4.349s] Invoking command in '/home/dev_ws/src/audio': PYTHONPATH=/home/dev_ws/install/audio/lib/python3.8/site-packages:${PYTHONPATH} /usr/bin/python3 setup.py egg_info --egg-base ../../build/audio build --build-base /home/dev_ws/build/audio/build install --prefix /home/dev_ws/install/audio --record /home/dev_ws/build/audio/install.log --single-version-externally-managed
[4.991s] running egg_info
[4.993s] writing ../../build/audio/audio.egg-info/PKG-INFO
[4.994s] writing dependency_links to ../../build/audio/audio.egg-info/dependency_links.txt
[4.995s] writing entry points to ../../build/audio/audio.egg-info/entry_points.txt
[4.995s] writing requirements to ../../build/audio/audio.egg-info/requires.txt
[4.996s] writing top-level names to ../../build/audio/audio.egg-info/top_level.txt
[5.131s] reading manifest file '../../build/audio/audio.egg-info/SOURCES.txt'
[5.139s] writing manifest file '../../build/audio/audio.egg-info/SOURCES.txt'
[5.140s] running build
[5.140s] running build_py
[5.140s] running install
[5.142s] running install_lib
[5.145s] running install_data
[5.148s] running install_egg_info
[5.157s] removing '/home/dev_ws/install/audio/lib/python3.8/site-packages/audio-0.0.0-py3.8.egg-info' (and everything under it)
[5.158s] Copying ../../build/audio/audio.egg-info to /home/dev_ws/install/audio/lib/python3.8/site-packages/audio-0.0.0-py3.8.egg-info
[5.162s] running install_scripts
[5.225s] Installing speech_to_text script to /home/dev_ws/install/audio/lib/audio
[5.227s] writing list of installed files to '/home/dev_ws/build/audio/install.log'
[5.377s] Invoked command in '/home/dev_ws/src/audio' returned '0': PYTHONPATH=/home/dev_ws/install/audio/lib/python3.8/site-packages:${PYTHONPATH} /usr/bin/python3 setup.py egg_info --egg-base ../../build/audio build --build-base /home/dev_ws/build/audio/build install --prefix /home/dev_ws/install/audio --record /home/dev_ws/build/audio/install.log --single-version-externally-managed
