[5.074s] Invoking command in '/home/dev_ws/src/face_controller': PYTHONPATH=/home/dev_ws/install/face_controller/lib/python3.8/site-packages:${PYTHONPATH} /usr/bin/python3 setup.py egg_info --egg-base ../../build/face_controller build --build-base /home/dev_ws/build/face_controller/build install --prefix /home/dev_ws/install/face_controller --record /home/dev_ws/build/face_controller/install.log --single-version-externally-managed
[5.883s] running egg_info
[5.886s] writing ../../build/face_controller/face_controller.egg-info/PKG-INFO
[5.886s] writing dependency_links to ../../build/face_controller/face_controller.egg-info/dependency_links.txt
[5.887s] writing entry points to ../../build/face_controller/face_controller.egg-info/entry_points.txt
[5.888s] writing requirements to ../../build/face_controller/face_controller.egg-info/requires.txt
[5.889s] writing top-level names to ../../build/face_controller/face_controller.egg-info/top_level.txt
[6.024s] reading manifest file '../../build/face_controller/face_controller.egg-info/SOURCES.txt'
[6.030s] writing manifest file '../../build/face_controller/face_controller.egg-info/SOURCES.txt'
[6.030s] running build
[6.031s] running build_py
[6.032s] running install
[6.044s] running install_lib
[6.056s] running install_data
[6.057s] running install_egg_info
[6.068s] removing '/home/dev_ws/install/face_controller/lib/python3.8/site-packages/face_controller-0.0.0-py3.8.egg-info' (and everything under it)
[6.071s] Copying ../../build/face_controller/face_controller.egg-info to /home/dev_ws/install/face_controller/lib/python3.8/site-packages/face_controller-0.0.0-py3.8.egg-info
[6.080s] running install_scripts
[6.170s] Installing facial_expression script to /home/dev_ws/install/face_controller/lib/face_controller
[6.172s] writing list of installed files to '/home/dev_ws/build/face_controller/install.log'
[6.331s] Invoked command in '/home/dev_ws/src/face_controller' returned '0': PYTHONPATH=/home/dev_ws/install/face_controller/lib/python3.8/site-packages:${PYTHONPATH} /usr/bin/python3 setup.py egg_info --egg-base ../../build/face_controller build --build-base /home/dev_ws/build/face_controller/build install --prefix /home/dev_ws/install/face_controller --record /home/dev_ws/build/face_controller/install.log --single-version-externally-managed
