[3.292s] Invoking command in '/home/dev_ws/src/audio': PYTHONPATH=/home/dev_ws/install/audio/lib/python3.8/site-packages:${PYTHONPATH} /usr/bin/python3 setup.py egg_info --egg-base ../../build/audio build --build-base /home/dev_ws/build/audio/build install --prefix /home/dev_ws/install/audio --record /home/dev_ws/build/audio/install.log --single-version-externally-managed
[3.857s] running egg_info
[3.861s] writing ../../build/audio/audio.egg-info/PKG-INFO
[3.863s] writing dependency_links to ../../build/audio/audio.egg-info/dependency_links.txt
[3.864s] writing entry points to ../../build/audio/audio.egg-info/entry_points.txt
[3.864s] writing requirements to ../../build/audio/audio.egg-info/requires.txt
[3.865s] writing top-level names to ../../build/audio/audio.egg-info/top_level.txt
[4.006s] reading manifest file '../../build/audio/audio.egg-info/SOURCES.txt'
[4.009s] writing manifest file '../../build/audio/audio.egg-info/SOURCES.txt'
[4.011s] running build
[4.014s] running build_py
[4.016s] copying audio/text_to_speech.py -> /home/dev_ws/build/audio/build/lib/audio
[4.017s] running install
[4.019s] running install_lib
[4.021s] copying /home/dev_ws/build/audio/build/lib/audio/text_to_speech.py -> /home/dev_ws/install/audio/lib/python3.8/site-packages/audio
[4.025s] byte-compiling /home/dev_ws/install/audio/lib/python3.8/site-packages/audio/text_to_speech.py to text_to_speech.cpython-38.pyc
[4.036s] running install_data
[4.037s] running install_egg_info
[4.050s] removing '/home/dev_ws/install/audio/lib/python3.8/site-packages/audio-0.0.0-py3.8.egg-info' (and everything under it)
[4.050s] Copying ../../build/audio/audio.egg-info to /home/dev_ws/install/audio/lib/python3.8/site-packages/audio-0.0.0-py3.8.egg-info
[4.054s] running install_scripts
[4.151s] Installing text_to_speech script to /home/dev_ws/install/audio/lib/audio
[4.153s] writing list of installed files to '/home/dev_ws/build/audio/install.log'
[4.399s] Invoked command in '/home/dev_ws/src/audio' returned '0': PYTHONPATH=/home/dev_ws/install/audio/lib/python3.8/site-packages:${PYTHONPATH} /usr/bin/python3 setup.py egg_info --egg-base ../../build/audio build --build-base /home/dev_ws/build/audio/build install --prefix /home/dev_ws/install/audio --record /home/dev_ws/build/audio/install.log --single-version-externally-managed
