[4.883s] Invoking command in '/home/dev_ws/src/face_controller': PYTHONPATH=/home/dev_ws/install/face_controller/lib/python3.8/site-packages:${PYTHONPATH} /usr/bin/python3 setup.py egg_info --egg-base ../../build/face_controller build --build-base /home/dev_ws/build/face_controller/build install --prefix /home/dev_ws/install/face_controller --record /home/dev_ws/build/face_controller/install.log --single-version-externally-managed
[5.611s] running egg_info
[5.612s] writing ../../build/face_controller/face_controller.egg-info/PKG-INFO
[5.613s] writing dependency_links to ../../build/face_controller/face_controller.egg-info/dependency_links.txt
[5.613s] writing entry points to ../../build/face_controller/face_controller.egg-info/entry_points.txt
[5.614s] writing requirements to ../../build/face_controller/face_controller.egg-info/requires.txt
[5.614s] writing top-level names to ../../build/face_controller/face_controller.egg-info/top_level.txt
[5.741s] reading manifest file '../../build/face_controller/face_controller.egg-info/SOURCES.txt'
[5.743s] writing manifest file '../../build/face_controller/face_controller.egg-info/SOURCES.txt'
[5.743s] running build
[5.744s] running build_py
[5.744s] running install
[5.745s] running install_lib
[5.748s] running install_data
[5.749s] running install_egg_info
[5.755s] removing '/home/dev_ws/install/face_controller/lib/python3.8/site-packages/face_controller-0.0.0-py3.8.egg-info' (and everything under it)
[5.756s] Copying ../../build/face_controller/face_controller.egg-info to /home/dev_ws/install/face_controller/lib/python3.8/site-packages/face_controller-0.0.0-py3.8.egg-info
[5.759s] running install_scripts
[5.836s] Installing facial_expression script to /home/dev_ws/install/face_controller/lib/face_controller
[5.837s] writing list of installed files to '/home/dev_ws/build/face_controller/install.log'
[5.967s] Invoked command in '/home/dev_ws/src/face_controller' returned '0': PYTHONPATH=/home/dev_ws/install/face_controller/lib/python3.8/site-packages:${PYTHONPATH} /usr/bin/python3 setup.py egg_info --egg-base ../../build/face_controller build --build-base /home/dev_ws/build/face_controller/build install --prefix /home/dev_ws/install/face_controller --record /home/dev_ws/build/face_controller/install.log --single-version-externally-managed
