[2.140s] Invoking command in '/home/dev_ws/src/audio': PYTHONPATH=/home/dev_ws/install/audio/lib/python3.8/site-packages:${PYTHONPATH} /usr/bin/python3 setup.py egg_info --egg-base ../../build/audio build --build-base /home/dev_ws/build/audio/build install --prefix /home/dev_ws/install/audio --record /home/dev_ws/build/audio/install.log --single-version-externally-managed
[2.576s] running egg_info
[2.579s] writing ../../build/audio/audio.egg-info/PKG-INFO
[2.579s] writing dependency_links to ../../build/audio/audio.egg-info/dependency_links.txt
[2.579s] writing entry points to ../../build/audio/audio.egg-info/entry_points.txt
[2.580s] writing requirements to ../../build/audio/audio.egg-info/requires.txt
[2.581s] writing top-level names to ../../build/audio/audio.egg-info/top_level.txt
[2.682s] reading manifest file '../../build/audio/audio.egg-info/SOURCES.txt'
[2.684s] writing manifest file '../../build/audio/audio.egg-info/SOURCES.txt'
[2.684s] running build
[2.685s] running build_py
[2.685s] copying audio/text_to_speech.py -> /home/dev_ws/build/audio/build/lib/audio
[2.686s] running install
[2.687s] running install_lib
[2.690s] copying /home/dev_ws/build/audio/build/lib/audio/text_to_speech.py -> /home/dev_ws/install/audio/lib/python3.8/site-packages/audio
[2.692s] byte-compiling /home/dev_ws/install/audio/lib/python3.8/site-packages/audio/text_to_speech.py to text_to_speech.cpython-38.pyc
[2.697s] running install_data
[2.698s] running install_egg_info
[2.702s] removing '/home/dev_ws/install/audio/lib/python3.8/site-packages/audio-0.0.0-py3.8.egg-info' (and everything under it)
[2.703s] Copying ../../build/audio/audio.egg-info to /home/dev_ws/install/audio/lib/python3.8/site-packages/audio-0.0.0-py3.8.egg-info
[2.704s] running install_scripts
[2.742s] Installing text_to_speech script to /home/dev_ws/install/audio/lib/audio
[2.743s] writing list of installed files to '/home/dev_ws/build/audio/install.log'
[2.890s] Invoked command in '/home/dev_ws/src/audio' returned '0': PYTHONPATH=/home/dev_ws/install/audio/lib/python3.8/site-packages:${PYTHONPATH} /usr/bin/python3 setup.py egg_info --egg-base ../../build/audio build --build-base /home/dev_ws/build/audio/build install --prefix /home/dev_ws/install/audio --record /home/dev_ws/build/audio/install.log --single-version-externally-managed
