[5.660s] Invoking command in '/home/dev_ws/src/vision': PYTHONPATH=/home/dev_ws/install/vision/lib/python3.8/site-packages:${PYTHONPATH} /usr/bin/python3 setup.py egg_info --egg-base ../../build/vision build --build-base /home/dev_ws/build/vision/build install --prefix /home/dev_ws/install/vision --record /home/dev_ws/build/vision/install.log --single-version-externally-managed
[6.549s] running egg_info
[6.551s] writing ../../build/vision/vision.egg-info/PKG-INFO
[6.552s] writing dependency_links to ../../build/vision/vision.egg-info/dependency_links.txt
[6.554s] writing entry points to ../../build/vision/vision.egg-info/entry_points.txt
[6.554s] writing requirements to ../../build/vision/vision.egg-info/requires.txt
[6.555s] writing top-level names to ../../build/vision/vision.egg-info/top_level.txt
[6.732s] reading manifest file '../../build/vision/vision.egg-info/SOURCES.txt'
[6.736s] writing manifest file '../../build/vision/vision.egg-info/SOURCES.txt'
[6.737s] running build
[6.737s] running build_py
[6.739s] running install
[6.744s] running install_lib
[6.751s] running install_data
[6.752s] running install_egg_info
[6.758s] removing '/home/dev_ws/install/vision/lib/python3.8/site-packages/vision-0.0.0-py3.8.egg-info' (and everything under it)
[6.759s] Copying ../../build/vision/vision.egg-info to /home/dev_ws/install/vision/lib/python3.8/site-packages/vision-0.0.0-py3.8.egg-info
[6.766s] running install_scripts
[6.842s] Installing color_detector script to /home/dev_ws/install/vision/lib/vision
[6.843s] writing list of installed files to '/home/dev_ws/build/vision/install.log'
[6.975s] Invoked command in '/home/dev_ws/src/vision' returned '0': PYTHONPATH=/home/dev_ws/install/vision/lib/python3.8/site-packages:${PYTHONPATH} /usr/bin/python3 setup.py egg_info --egg-base ../../build/vision build --build-base /home/dev_ws/build/vision/build install --prefix /home/dev_ws/install/vision --record /home/dev_ws/build/vision/install.log --single-version-externally-managed
