[5.193s] Invoking command in '/home/dev_ws/src/unity_robotics_demo': PYTHONPATH=/home/dev_ws/src/install/unity_robotics_demo/lib/python3.8/site-packages:${PYTHONPATH} /usr/bin/python3 setup.py egg_info --egg-base ../build/unity_robotics_demo build --build-base /home/dev_ws/src/build/unity_robotics_demo/build install --prefix /home/dev_ws/src/install/unity_robotics_demo --record /home/dev_ws/src/build/unity_robotics_demo/install.log --single-version-externally-managed
[6.162s] running egg_info
[6.164s] creating ../build/unity_robotics_demo/unity_robotics_demo.egg-info
[6.164s] writing ../build/unity_robotics_demo/unity_robotics_demo.egg-info/PKG-INFO
[6.165s] writing dependency_links to ../build/unity_robotics_demo/unity_robotics_demo.egg-info/dependency_links.txt
[6.166s] writing entry points to ../build/unity_robotics_demo/unity_robotics_demo.egg-info/entry_points.txt
[6.167s] writing requirements to ../build/unity_robotics_demo/unity_robotics_demo.egg-info/requires.txt
[6.167s] writing top-level names to ../build/unity_robotics_demo/unity_robotics_demo.egg-info/top_level.txt
[6.169s] writing manifest file '../build/unity_robotics_demo/unity_robotics_demo.egg-info/SOURCES.txt'
[6.344s] reading manifest file '../build/unity_robotics_demo/unity_robotics_demo.egg-info/SOURCES.txt'
[6.352s] writing manifest file '../build/unity_robotics_demo/unity_robotics_demo.egg-info/SOURCES.txt'
[6.353s] running build
[6.354s] running build_py
[6.354s] creating /home/dev_ws/src/build/unity_robotics_demo/build
[6.355s] creating /home/dev_ws/src/build/unity_robotics_demo/build/lib
[6.356s] creating /home/dev_ws/src/build/unity_robotics_demo/build/lib/unity_robotics_demo
[6.356s] copying unity_robotics_demo/color_publisher.py -> /home/dev_ws/src/build/unity_robotics_demo/build/lib/unity_robotics_demo
[6.357s] copying unity_robotics_demo/position_service.py -> /home/dev_ws/src/build/unity_robotics_demo/build/lib/unity_robotics_demo
[6.357s] copying unity_robotics_demo/__init__.py -> /home/dev_ws/src/build/unity_robotics_demo/build/lib/unity_robotics_demo
[6.358s] running install
[6.360s] running install_lib
[6.361s] creating /home/dev_ws/src/install/unity_robotics_demo/lib/python3.8/site-packages/unity_robotics_demo
[6.361s] copying /home/dev_ws/src/build/unity_robotics_demo/build/lib/unity_robotics_demo/color_publisher.py -> /home/dev_ws/src/install/unity_robotics_demo/lib/python3.8/site-packages/unity_robotics_demo
[6.362s] copying /home/dev_ws/src/build/unity_robotics_demo/build/lib/unity_robotics_demo/position_service.py -> /home/dev_ws/src/install/unity_robotics_demo/lib/python3.8/site-packages/unity_robotics_demo
[6.362s] copying /home/dev_ws/src/build/unity_robotics_demo/build/lib/unity_robotics_demo/__init__.py -> /home/dev_ws/src/install/unity_robotics_demo/lib/python3.8/site-packages/unity_robotics_demo
[6.363s] byte-compiling /home/dev_ws/src/install/unity_robotics_demo/lib/python3.8/site-packages/unity_robotics_demo/color_publisher.py to color_publisher.cpython-38.pyc
[6.367s] byte-compiling /home/dev_ws/src/install/unity_robotics_demo/lib/python3.8/site-packages/unity_robotics_demo/position_service.py to position_service.cpython-38.pyc
[6.368s] byte-compiling /home/dev_ws/src/install/unity_robotics_demo/lib/python3.8/site-packages/unity_robotics_demo/__init__.py to __init__.cpython-38.pyc
[6.368s] running install_data
[6.370s] creating /home/dev_ws/src/install/unity_robotics_demo/share/ament_index
[6.370s] creating /home/dev_ws/src/install/unity_robotics_demo/share/ament_index/resource_index
[6.373s] creating /home/dev_ws/src/install/unity_robotics_demo/share/ament_index/resource_index/packages
[6.374s] copying resource/unity_robotics_demo -> /home/dev_ws/src/install/unity_robotics_demo/share/ament_index/resource_index/packages
[6.375s] copying package.xml -> /home/dev_ws/src/install/unity_robotics_demo/share/unity_robotics_demo
[6.375s] running install_egg_info
[6.378s] Copying ../build/unity_robotics_demo/unity_robotics_demo.egg-info to /home/dev_ws/src/install/unity_robotics_demo/lib/python3.8/site-packages/unity_robotics_demo-0.0.1-py3.8.egg-info
[6.383s] running install_scripts
[6.489s] Installing color_publisher script to /home/dev_ws/src/install/unity_robotics_demo/lib/unity_robotics_demo
[6.490s] Installing position_service script to /home/dev_ws/src/install/unity_robotics_demo/lib/unity_robotics_demo
[6.490s] writing list of installed files to '/home/dev_ws/src/build/unity_robotics_demo/install.log'
[6.570s] Invoked command in '/home/dev_ws/src/unity_robotics_demo' returned '0': PYTHONPATH=/home/dev_ws/src/install/unity_robotics_demo/lib/python3.8/site-packages:${PYTHONPATH} /usr/bin/python3 setup.py egg_info --egg-base ../build/unity_robotics_demo build --build-base /home/dev_ws/src/build/unity_robotics_demo/build install --prefix /home/dev_ws/src/install/unity_robotics_demo --record /home/dev_ws/src/build/unity_robotics_demo/install.log --single-version-externally-managed
