[3.803s] Invoking command in '/home/dev_ws/src/face_controller': PYTHONPATH=/home/dev_ws/install/face_controller/lib/python3.8/site-packages:${PYTHONPATH} /usr/bin/python3 setup.py egg_info --egg-base ../../build/face_controller build --build-base /home/dev_ws/build/face_controller/build install --prefix /home/dev_ws/install/face_controller --record /home/dev_ws/build/face_controller/install.log --single-version-externally-managed
[4.397s] running egg_info
[4.399s] writing ../../build/face_controller/face_controller.egg-info/PKG-INFO
[4.401s] writing dependency_links to ../../build/face_controller/face_controller.egg-info/dependency_links.txt
[4.402s] writing entry points to ../../build/face_controller/face_controller.egg-info/entry_points.txt
[4.404s] writing requirements to ../../build/face_controller/face_controller.egg-info/requires.txt
[4.405s] writing top-level names to ../../build/face_controller/face_controller.egg-info/top_level.txt
[4.566s] reading manifest file '../../build/face_controller/face_controller.egg-info/SOURCES.txt'
[4.570s] writing manifest file '../../build/face_controller/face_controller.egg-info/SOURCES.txt'
[4.574s] running build
[4.574s] running build_py
[4.574s] copying face_controller/facial_expression.py -> /home/dev_ws/build/face_controller/build/lib/face_controller
[4.576s] running install
[4.577s] running install_lib
[4.580s] copying /home/dev_ws/build/face_controller/build/lib/face_controller/facial_expression.py -> /home/dev_ws/install/face_controller/lib/python3.8/site-packages/face_controller
[4.583s] byte-compiling /home/dev_ws/install/face_controller/lib/python3.8/site-packages/face_controller/facial_expression.py to facial_expression.cpython-38.pyc
[4.592s] running install_data
[4.594s] running install_egg_info
[4.602s] removing '/home/dev_ws/install/face_controller/lib/python3.8/site-packages/face_controller-0.0.0-py3.8.egg-info' (and everything under it)
[4.606s] Copying ../../build/face_controller/face_controller.egg-info to /home/dev_ws/install/face_controller/lib/python3.8/site-packages/face_controller-0.0.0-py3.8.egg-info
[4.612s] running install_scripts
[4.661s] Installing facial_expression script to /home/dev_ws/install/face_controller/lib/face_controller
[4.662s] writing list of installed files to '/home/dev_ws/build/face_controller/install.log'
[4.861s] Invoked command in '/home/dev_ws/src/face_controller' returned '0': PYTHONPATH=/home/dev_ws/install/face_controller/lib/python3.8/site-packages:${PYTHONPATH} /usr/bin/python3 setup.py egg_info --egg-base ../../build/face_controller build --build-base /home/dev_ws/build/face_controller/build install --prefix /home/dev_ws/install/face_controller --record /home/dev_ws/build/face_controller/install.log --single-version-externally-managed
