[2.706s] Invoking command in '/home/dev_ws/src/face_controller': PYTHONPATH=/home/dev_ws/install/face_controller/lib/python3.8/site-packages:${PYTHONPATH} /usr/bin/python3 setup.py egg_info --egg-base ../../build/face_controller build --build-base /home/dev_ws/build/face_controller/build install --prefix /home/dev_ws/install/face_controller --record /home/dev_ws/build/face_controller/install.log --single-version-externally-managed
[3.092s] running egg_info
[3.093s] writing ../../build/face_controller/face_controller.egg-info/PKG-INFO
[3.094s] writing dependency_links to ../../build/face_controller/face_controller.egg-info/dependency_links.txt
[3.095s] writing entry points to ../../build/face_controller/face_controller.egg-info/entry_points.txt
[3.095s] writing requirements to ../../build/face_controller/face_controller.egg-info/requires.txt
[3.095s] writing top-level names to ../../build/face_controller/face_controller.egg-info/top_level.txt
[3.172s] reading manifest file '../../build/face_controller/face_controller.egg-info/SOURCES.txt'
[3.174s] writing manifest file '../../build/face_controller/face_controller.egg-info/SOURCES.txt'
[3.175s] running build
[3.175s] running build_py
[3.176s] copying face_controller/facial_expression.py -> /home/dev_ws/build/face_controller/build/lib/face_controller
[3.177s] running install
[3.178s] running install_lib
[3.181s] copying /home/dev_ws/build/face_controller/build/lib/face_controller/facial_expression.py -> /home/dev_ws/install/face_controller/lib/python3.8/site-packages/face_controller
[3.182s] byte-compiling /home/dev_ws/install/face_controller/lib/python3.8/site-packages/face_controller/facial_expression.py to facial_expression.cpython-38.pyc
[3.185s] running install_data
[3.186s] running install_egg_info
[3.189s] removing '/home/dev_ws/install/face_controller/lib/python3.8/site-packages/face_controller-0.0.0-py3.8.egg-info' (and everything under it)
[3.190s] Copying ../../build/face_controller/face_controller.egg-info to /home/dev_ws/install/face_controller/lib/python3.8/site-packages/face_controller-0.0.0-py3.8.egg-info
[3.192s] running install_scripts
[3.229s] Installing facial_expression script to /home/dev_ws/install/face_controller/lib/face_controller
[3.230s] writing list of installed files to '/home/dev_ws/build/face_controller/install.log'
[3.303s] Invoked command in '/home/dev_ws/src/face_controller' returned '0': PYTHONPATH=/home/dev_ws/install/face_controller/lib/python3.8/site-packages:${PYTHONPATH} /usr/bin/python3 setup.py egg_info --egg-base ../../build/face_controller build --build-base /home/dev_ws/build/face_controller/build install --prefix /home/dev_ws/install/face_controller --record /home/dev_ws/build/face_controller/install.log --single-version-externally-managed
