[1.028s] Invoking command in '/home/dev_ws/build/unity_robotics_demo_msgs': CMAKE_PREFIX_PATH=${CMAKE_PREFIX_PATH}:/opt/ros/foxy:/home/dev_ws/install/vision:/home/dev_ws/install/utils:/home/dev_ws/install/unity_robotics_demo:/home/dev_ws/install/ros_tcp_endpoint:/home/dev_ws/install/manipulation:/home/dev_ws/install/face_controller:/home/dev_ws/install/audio /usr/bin/cmake --build /home/dev_ws/build/unity_robotics_demo_msgs -- -j12 -l12
[1.615s] [  1%] Built target unity_robotics_demo_msgs__cpp
[1.615s] [ 12%] Built target unity_robotics_demo_msgs__rosidl_generator_c
[1.616s] [ 24%] Built target unity_robotics_demo_msgs__rosidl_typesupport_cpp
[1.616s] [ 35%] Built target unity_robotics_demo_msgs__rosidl_typesupport_introspection_cpp
[1.616s] [ 47%] Built target unity_robotics_demo_msgs__rosidl_typesupport_introspection_c
[1.616s] [ 70%] Built target unity_robotics_demo_msgs__rosidl_typesupport_c
[1.616s] [ 70%] Built target unity_robotics_demo_msgs__rosidl_typesupport_fastrtps_cpp
[1.616s] [ 81%] Built target unity_robotics_demo_msgs__rosidl_typesupport_fastrtps_c
[1.617s] [ 81%] Built target unity_robotics_demo_msgs
[1.617s] [ 82%] Built target unity_robotics_demo_msgs__py
[1.617s] [ 93%] Built target unity_robotics_demo_msgs__python
[1.617s] [100%] Built target unity_robotics_demo_msgs__rosidl_typesupport_fastrtps_c__pyext
[1.617s] [100%] Built target unity_robotics_demo_msgs__rosidl_typesupport_introspection_c__pyext
[1.618s] [100%] Built target unity_robotics_demo_msgs__rosidl_typesupport_c__pyext
[1.619s] Invoked command in '/home/dev_ws/build/unity_robotics_demo_msgs' returned '0': CMAKE_PREFIX_PATH=${CMAKE_PREFIX_PATH}:/opt/ros/foxy:/home/dev_ws/install/vision:/home/dev_ws/install/utils:/home/dev_ws/install/unity_robotics_demo:/home/dev_ws/install/ros_tcp_endpoint:/home/dev_ws/install/manipulation:/home/dev_ws/install/face_controller:/home/dev_ws/install/audio /usr/bin/cmake --build /home/dev_ws/build/unity_robotics_demo_msgs -- -j12 -l12
[2.084s] Invoking command in '/home/dev_ws/build/unity_robotics_demo_msgs': CMAKE_PREFIX_PATH=${CMAKE_PREFIX_PATH}:/opt/ros/foxy:/home/dev_ws/install/vision:/home/dev_ws/install/utils:/home/dev_ws/install/unity_robotics_demo:/home/dev_ws/install/ros_tcp_endpoint:/home/dev_ws/install/manipulation:/home/dev_ws/install/face_controller:/home/dev_ws/install/audio /usr/bin/cmake --install /home/dev_ws/build/unity_robotics_demo_msgs
[2.103s] -- Install configuration: ""
[2.104s] -- Up-to-date: /home/dev_ws/install/unity_robotics_demo_msgs/share/ament_index/resource_index/rosidl_interfaces/unity_robotics_demo_msgs
[2.104s] -- Up-to-date: /home/dev_ws/install/unity_robotics_demo_msgs/include/unity_robotics_demo_msgs
[2.104s] -- Up-to-date: /home/dev_ws/install/unity_robotics_demo_msgs/include/unity_robotics_demo_msgs/msg
[2.105s] -- Up-to-date: /home/dev_ws/install/unity_robotics_demo_msgs/include/unity_robotics_demo_msgs/msg/joints_to_target.h
[2.105s] -- Up-to-date: /home/dev_ws/install/unity_robotics_demo_msgs/include/unity_robotics_demo_msgs/msg/audio.h
[2.105s] -- Up-to-date: /home/dev_ws/install/unity_robotics_demo_msgs/include/unity_robotics_demo_msgs/msg/rosidl_generator_c__visibility_control.h
[2.105s] -- Up-to-date: /home/dev_ws/install/unity_robotics_demo_msgs/include/unity_robotics_demo_msgs/msg/unity_color.h
[2.105s] -- Up-to-date: /home/dev_ws/install/unity_robotics_demo_msgs/include/unity_robotics_demo_msgs/msg/pos_eyelids.h
[2.105s] -- Up-to-date: /home/dev_ws/install/unity_robotics_demo_msgs/include/unity_robotics_demo_msgs/msg/targets_reached.h
[2.105s] -- Up-to-date: /home/dev_ws/install/unity_robotics_demo_msgs/include/unity_robotics_demo_msgs/msg/detail
[2.106s] -- Up-to-date: /home/dev_ws/install/unity_robotics_demo_msgs/include/unity_robotics_demo_msgs/msg/detail/pos_eyelids__functions.h
[2.106s] -- Up-to-date: /home/dev_ws/install/unity_robotics_demo_msgs/include/unity_robotics_demo_msgs/msg/detail/unity_color__type_support.h
[2.106s] -- Up-to-date: /home/dev_ws/install/unity_robotics_demo_msgs/include/unity_robotics_demo_msgs/msg/detail/targets_reached__functions.c
[2.106s] -- Up-to-date: /home/dev_ws/install/unity_robotics_demo_msgs/include/unity_robotics_demo_msgs/msg/detail/targets_reached__struct.h
[2.106s] -- Up-to-date: /home/dev_ws/install/unity_robotics_demo_msgs/include/unity_robotics_demo_msgs/msg/detail/pos_rot__functions.h
[2.106s] -- Up-to-date: /home/dev_ws/install/unity_robotics_demo_msgs/include/unity_robotics_demo_msgs/msg/detail/joints_to_target__type_support.h
[2.107s] -- Up-to-date: /home/dev_ws/install/unity_robotics_demo_msgs/include/unity_robotics_demo_msgs/msg/detail/joints_to_target__functions.c
[2.108s] -- Up-to-date: /home/dev_ws/install/unity_robotics_demo_msgs/include/unity_robotics_demo_msgs/msg/detail/audio__functions.h
[2.108s] -- Up-to-date: /home/dev_ws/install/unity_robotics_demo_msgs/include/unity_robotics_demo_msgs/msg/detail/pos_eyelids__functions.c
[2.108s] -- Up-to-date: /home/dev_ws/install/unity_robotics_demo_msgs/include/unity_robotics_demo_msgs/msg/detail/joints_to_target__struct.h
[2.109s] -- Up-to-date: /home/dev_ws/install/unity_robotics_demo_msgs/include/unity_robotics_demo_msgs/msg/detail/pos_rot__functions.c
[2.109s] -- Up-to-date: /home/dev_ws/install/unity_robotics_demo_msgs/include/unity_robotics_demo_msgs/msg/detail/pos_rot__struct.h
[2.109s] -- Up-to-date: /home/dev_ws/install/unity_robotics_demo_msgs/include/unity_robotics_demo_msgs/msg/detail/pos_rot__type_support.h
[2.110s] -- Up-to-date: /home/dev_ws/install/unity_robotics_demo_msgs/include/unity_robotics_demo_msgs/msg/detail/audio__type_support.h
[2.110s] -- Up-to-date: /home/dev_ws/install/unity_robotics_demo_msgs/include/unity_robotics_demo_msgs/msg/detail/audio__struct.h
[2.111s] -- Up-to-date: /home/dev_ws/install/unity_robotics_demo_msgs/include/unity_robotics_demo_msgs/msg/detail/unity_color__functions.h
[2.111s] -- Up-to-date: /home/dev_ws/install/unity_robotics_demo_msgs/include/unity_robotics_demo_msgs/msg/detail/audio__functions.c
[2.111s] -- Up-to-date: /home/dev_ws/install/unity_robotics_demo_msgs/include/unity_robotics_demo_msgs/msg/detail/unity_color__functions.c
[2.111s] -- Up-to-date: /home/dev_ws/install/unity_robotics_demo_msgs/include/unity_robotics_demo_msgs/msg/detail/joints_to_target__functions.h
[2.112s] -- Up-to-date: /home/dev_ws/install/unity_robotics_demo_msgs/include/unity_robotics_demo_msgs/msg/detail/pos_eyelids__type_support.h
[2.112s] -- Up-to-date: /home/dev_ws/install/unity_robotics_demo_msgs/include/unity_robotics_demo_msgs/msg/detail/pos_eyelids__struct.h
[2.112s] -- Up-to-date: /home/dev_ws/install/unity_robotics_demo_msgs/include/unity_robotics_demo_msgs/msg/detail/unity_color__struct.h
[2.112s] -- Up-to-date: /home/dev_ws/install/unity_robotics_demo_msgs/include/unity_robotics_demo_msgs/msg/detail/targets_reached__type_support.h
[2.113s] -- Up-to-date: /home/dev_ws/install/unity_robotics_demo_msgs/include/unity_robotics_demo_msgs/msg/detail/targets_reached__functions.h
[2.113s] -- Up-to-date: /home/dev_ws/install/unity_robotics_demo_msgs/include/unity_robotics_demo_msgs/msg/pos_rot.h
[2.113s] -- Up-to-date: /home/dev_ws/install/unity_robotics_demo_msgs/include/unity_robotics_demo_msgs/srv
[2.114s] -- Up-to-date: /home/dev_ws/install/unity_robotics_demo_msgs/include/unity_robotics_demo_msgs/srv/position_service.h
[2.114s] -- Up-to-date: /home/dev_ws/install/unity_robotics_demo_msgs/include/unity_robotics_demo_msgs/srv/object_pose_service.h
[2.115s] -- Up-to-date: /home/dev_ws/install/unity_robotics_demo_msgs/include/unity_robotics_demo_msgs/srv/detail
[2.115s] -- Up-to-date: /home/dev_ws/install/unity_robotics_demo_msgs/include/unity_robotics_demo_msgs/srv/detail/position_service__struct.h
[2.117s] -- Up-to-date: /home/dev_ws/install/unity_robotics_demo_msgs/include/unity_robotics_demo_msgs/srv/detail/position_service__functions.h
[2.118s] -- Up-to-date: /home/dev_ws/install/unity_robotics_demo_msgs/include/unity_robotics_demo_msgs/srv/detail/object_pose_service__type_support.h
[2.118s] -- Up-to-date: /home/dev_ws/install/unity_robotics_demo_msgs/include/unity_robotics_demo_msgs/srv/detail/object_pose_service__functions.c
[2.118s] -- Up-to-date: /home/dev_ws/install/unity_robotics_demo_msgs/include/unity_robotics_demo_msgs/srv/detail/object_pose_service__functions.h
[2.118s] -- Up-to-date: /home/dev_ws/install/unity_robotics_demo_msgs/include/unity_robotics_demo_msgs/srv/detail/position_service__type_support.h
[2.119s] -- Up-to-date: /home/dev_ws/install/unity_robotics_demo_msgs/include/unity_robotics_demo_msgs/srv/detail/object_pose_service__struct.h
[2.119s] -- Up-to-date: /home/dev_ws/install/unity_robotics_demo_msgs/include/unity_robotics_demo_msgs/srv/detail/position_service__functions.c
[2.120s] -- Up-to-date: /home/dev_ws/install/unity_robotics_demo_msgs/share/unity_robotics_demo_msgs/environment/library_path.sh
[2.122s] -- Up-to-date: /home/dev_ws/install/unity_robotics_demo_msgs/share/unity_robotics_demo_msgs/environment/library_path.dsv
[2.126s] -- Up-to-date: /home/dev_ws/install/unity_robotics_demo_msgs/lib/libunity_robotics_demo_msgs__rosidl_generator_c.so
[2.126s] -- Up-to-date: /home/dev_ws/install/unity_robotics_demo_msgs/include/unity_robotics_demo_msgs
[2.127s] -- Up-to-date: /home/dev_ws/install/unity_robotics_demo_msgs/include/unity_robotics_demo_msgs/msg
[2.127s] -- Up-to-date: /home/dev_ws/install/unity_robotics_demo_msgs/include/unity_robotics_demo_msgs/msg/rosidl_typesupport_fastrtps_c__visibility_control.h
[2.128s] -- Up-to-date: /home/dev_ws/install/unity_robotics_demo_msgs/include/unity_robotics_demo_msgs/msg/detail
[2.128s] -- Up-to-date: /home/dev_ws/install/unity_robotics_demo_msgs/include/unity_robotics_demo_msgs/msg/detail/targets_reached__rosidl_typesupport_fastrtps_c.h
[2.128s] -- Up-to-date: /home/dev_ws/install/unity_robotics_demo_msgs/include/unity_robotics_demo_msgs/msg/detail/unity_color__rosidl_typesupport_fastrtps_c.h
[2.128s] -- Up-to-date: /home/dev_ws/install/unity_robotics_demo_msgs/include/unity_robotics_demo_msgs/msg/detail/joints_to_target__rosidl_typesupport_fastrtps_c.h
[2.128s] -- Up-to-date: /home/dev_ws/install/unity_robotics_demo_msgs/include/unity_robotics_demo_msgs/msg/detail/pos_rot__rosidl_typesupport_fastrtps_c.h
[2.129s] -- Up-to-date: /home/dev_ws/install/unity_robotics_demo_msgs/include/unity_robotics_demo_msgs/msg/detail/pos_eyelids__rosidl_typesupport_fastrtps_c.h
[2.129s] -- Up-to-date: /home/dev_ws/install/unity_robotics_demo_msgs/include/unity_robotics_demo_msgs/msg/detail/audio__rosidl_typesupport_fastrtps_c.h
[2.129s] -- Up-to-date: /home/dev_ws/install/unity_robotics_demo_msgs/include/unity_robotics_demo_msgs/srv
[2.129s] -- Up-to-date: /home/dev_ws/install/unity_robotics_demo_msgs/include/unity_robotics_demo_msgs/srv/detail
[2.129s] -- Up-to-date: /home/dev_ws/install/unity_robotics_demo_msgs/include/unity_robotics_demo_msgs/srv/detail/position_service__rosidl_typesupport_fastrtps_c.h
[2.129s] -- Up-to-date: /home/dev_ws/install/unity_robotics_demo_msgs/include/unity_robotics_demo_msgs/srv/detail/object_pose_service__rosidl_typesupport_fastrtps_c.h
[2.130s] -- Up-to-date: /home/dev_ws/install/unity_robotics_demo_msgs/lib/libunity_robotics_demo_msgs__rosidl_typesupport_fastrtps_c.so
[2.130s] -- Up-to-date: /home/dev_ws/install/unity_robotics_demo_msgs/include/unity_robotics_demo_msgs
[2.130s] -- Up-to-date: /home/dev_ws/install/unity_robotics_demo_msgs/include/unity_robotics_demo_msgs/msg
[2.130s] -- Up-to-date: /home/dev_ws/install/unity_robotics_demo_msgs/include/unity_robotics_demo_msgs/msg/rosidl_typesupport_fastrtps_cpp__visibility_control.h
[2.130s] -- Up-to-date: /home/dev_ws/install/unity_robotics_demo_msgs/include/unity_robotics_demo_msgs/msg/detail
[2.131s] -- Up-to-date: /home/dev_ws/install/unity_robotics_demo_msgs/include/unity_robotics_demo_msgs/msg/detail/pos_rot__rosidl_typesupport_fastrtps_cpp.hpp
[2.131s] -- Up-to-date: /home/dev_ws/install/unity_robotics_demo_msgs/include/unity_robotics_demo_msgs/msg/detail/joints_to_target__rosidl_typesupport_fastrtps_cpp.hpp
[2.131s] -- Up-to-date: /home/dev_ws/install/unity_robotics_demo_msgs/include/unity_robotics_demo_msgs/msg/detail/pos_eyelids__rosidl_typesupport_fastrtps_cpp.hpp
[2.131s] -- Up-to-date: /home/dev_ws/install/unity_robotics_demo_msgs/include/unity_robotics_demo_msgs/msg/detail/dds_fastrtps
[2.131s] -- Up-to-date: /home/dev_ws/install/unity_robotics_demo_msgs/include/unity_robotics_demo_msgs/msg/detail/unity_color__rosidl_typesupport_fastrtps_cpp.hpp
[2.132s] -- Up-to-date: /home/dev_ws/install/unity_robotics_demo_msgs/include/unity_robotics_demo_msgs/msg/detail/targets_reached__rosidl_typesupport_fastrtps_cpp.hpp
[2.132s] -- Up-to-date: /home/dev_ws/install/unity_robotics_demo_msgs/include/unity_robotics_demo_msgs/msg/detail/audio__rosidl_typesupport_fastrtps_cpp.hpp
[2.132s] -- Up-to-date: /home/dev_ws/install/unity_robotics_demo_msgs/include/unity_robotics_demo_msgs/srv
[2.132s] -- Up-to-date: /home/dev_ws/install/unity_robotics_demo_msgs/include/unity_robotics_demo_msgs/srv/detail
[2.133s] -- Up-to-date: /home/dev_ws/install/unity_robotics_demo_msgs/include/unity_robotics_demo_msgs/srv/detail/dds_fastrtps
[2.133s] -- Up-to-date: /home/dev_ws/install/unity_robotics_demo_msgs/include/unity_robotics_demo_msgs/srv/detail/object_pose_service__rosidl_typesupport_fastrtps_cpp.hpp
[2.134s] -- Up-to-date: /home/dev_ws/install/unity_robotics_demo_msgs/include/unity_robotics_demo_msgs/srv/detail/position_service__rosidl_typesupport_fastrtps_cpp.hpp
[2.134s] -- Up-to-date: /home/dev_ws/install/unity_robotics_demo_msgs/lib/libunity_robotics_demo_msgs__rosidl_typesupport_fastrtps_cpp.so
[2.134s] -- Up-to-date: /home/dev_ws/install/unity_robotics_demo_msgs/include/unity_robotics_demo_msgs
[2.134s] -- Up-to-date: /home/dev_ws/install/unity_robotics_demo_msgs/include/unity_robotics_demo_msgs/msg
[2.134s] -- Up-to-date: /home/dev_ws/install/unity_robotics_demo_msgs/include/unity_robotics_demo_msgs/msg/rosidl_typesupport_introspection_c__visibility_control.h
[2.135s] -- Up-to-date: /home/dev_ws/install/unity_robotics_demo_msgs/include/unity_robotics_demo_msgs/msg/detail
[2.135s] -- Up-to-date: /home/dev_ws/install/unity_robotics_demo_msgs/include/unity_robotics_demo_msgs/msg/detail/pos_eyelids__rosidl_typesupport_introspection_c.h
[2.135s] -- Up-to-date: /home/dev_ws/install/unity_robotics_demo_msgs/include/unity_robotics_demo_msgs/msg/detail/targets_reached__rosidl_typesupport_introspection_c.h
[2.135s] -- Up-to-date: /home/dev_ws/install/unity_robotics_demo_msgs/include/unity_robotics_demo_msgs/msg/detail/joints_to_target__rosidl_typesupport_introspection_c.h
[2.136s] -- Up-to-date: /home/dev_ws/install/unity_robotics_demo_msgs/include/unity_robotics_demo_msgs/msg/detail/audio__type_support.c
[2.136s] -- Up-to-date: /home/dev_ws/install/unity_robotics_demo_msgs/include/unity_robotics_demo_msgs/msg/detail/unity_color__rosidl_typesupport_introspection_c.h
[2.136s] -- Up-to-date: /home/dev_ws/install/unity_robotics_demo_msgs/include/unity_robotics_demo_msgs/msg/detail/pos_rot__type_support.c
[2.136s] -- Up-to-date: /home/dev_ws/install/unity_robotics_demo_msgs/include/unity_robotics_demo_msgs/msg/detail/unity_color__type_support.c
[2.137s] -- Up-to-date: /home/dev_ws/install/unity_robotics_demo_msgs/include/unity_robotics_demo_msgs/msg/detail/targets_reached__type_support.c
[2.137s] -- Up-to-date: /home/dev_ws/install/unity_robotics_demo_msgs/include/unity_robotics_demo_msgs/msg/detail/pos_eyelids__type_support.c
[2.137s] -- Up-to-date: /home/dev_ws/install/unity_robotics_demo_msgs/include/unity_robotics_demo_msgs/msg/detail/audio__rosidl_typesupport_introspection_c.h
[2.138s] -- Up-to-date: /home/dev_ws/install/unity_robotics_demo_msgs/include/unity_robotics_demo_msgs/msg/detail/pos_rot__rosidl_typesupport_introspection_c.h
[2.138s] -- Up-to-date: /home/dev_ws/install/unity_robotics_demo_msgs/include/unity_robotics_demo_msgs/msg/detail/joints_to_target__type_support.c
[2.138s] -- Up-to-date: /home/dev_ws/install/unity_robotics_demo_msgs/include/unity_robotics_demo_msgs/srv
[2.138s] -- Up-to-date: /home/dev_ws/install/unity_robotics_demo_msgs/include/unity_robotics_demo_msgs/srv/detail
[2.139s] -- Up-to-date: /home/dev_ws/install/unity_robotics_demo_msgs/include/unity_robotics_demo_msgs/srv/detail/position_service__type_support.c
[2.140s] -- Up-to-date: /home/dev_ws/install/unity_robotics_demo_msgs/include/unity_robotics_demo_msgs/srv/detail/position_service__rosidl_typesupport_introspection_c.h
[2.141s] -- Up-to-date: /home/dev_ws/install/unity_robotics_demo_msgs/include/unity_robotics_demo_msgs/srv/detail/object_pose_service__type_support.c
[2.141s] -- Up-to-date: /home/dev_ws/install/unity_robotics_demo_msgs/include/unity_robotics_demo_msgs/srv/detail/object_pose_service__rosidl_typesupport_introspection_c.h
[2.142s] -- Up-to-date: /home/dev_ws/install/unity_robotics_demo_msgs/lib/libunity_robotics_demo_msgs__rosidl_typesupport_introspection_c.so
[2.142s] -- Up-to-date: /home/dev_ws/install/unity_robotics_demo_msgs/lib/libunity_robotics_demo_msgs__rosidl_typesupport_c.so
[2.142s] -- Up-to-date: /home/dev_ws/install/unity_robotics_demo_msgs/include/unity_robotics_demo_msgs
[2.142s] -- Up-to-date: /home/dev_ws/install/unity_robotics_demo_msgs/include/unity_robotics_demo_msgs/msg
[2.142s] -- Up-to-date: /home/dev_ws/install/unity_robotics_demo_msgs/include/unity_robotics_demo_msgs/msg/targets_reached.hpp
[2.142s] -- Up-to-date: /home/dev_ws/install/unity_robotics_demo_msgs/include/unity_robotics_demo_msgs/msg/detail
[2.143s] -- Up-to-date: /home/dev_ws/install/unity_robotics_demo_msgs/include/unity_robotics_demo_msgs/msg/detail/pos_eyelids__struct.hpp
[2.143s] -- Up-to-date: /home/dev_ws/install/unity_robotics_demo_msgs/include/unity_robotics_demo_msgs/msg/detail/audio__traits.hpp
[2.143s] -- Up-to-date: /home/dev_ws/install/unity_robotics_demo_msgs/include/unity_robotics_demo_msgs/msg/detail/unity_color__struct.hpp
[2.143s] -- Up-to-date: /home/dev_ws/install/unity_robotics_demo_msgs/include/unity_robotics_demo_msgs/msg/detail/targets_reached__struct.hpp
[2.143s] -- Up-to-date: /home/dev_ws/install/unity_robotics_demo_msgs/include/unity_robotics_demo_msgs/msg/detail/unity_color__builder.hpp
[2.143s] -- Up-to-date: /home/dev_ws/install/unity_robotics_demo_msgs/include/unity_robotics_demo_msgs/msg/detail/joints_to_target__builder.hpp
[2.144s] -- Up-to-date: /home/dev_ws/install/unity_robotics_demo_msgs/include/unity_robotics_demo_msgs/msg/detail/targets_reached__builder.hpp
[2.144s] -- Up-to-date: /home/dev_ws/install/unity_robotics_demo_msgs/include/unity_robotics_demo_msgs/msg/detail/pos_rot__traits.hpp
[2.144s] -- Up-to-date: /home/dev_ws/install/unity_robotics_demo_msgs/include/unity_robotics_demo_msgs/msg/detail/audio__struct.hpp
[2.145s] -- Up-to-date: /home/dev_ws/install/unity_robotics_demo_msgs/include/unity_robotics_demo_msgs/msg/detail/audio__builder.hpp
[2.145s] -- Up-to-date: /home/dev_ws/install/unity_robotics_demo_msgs/include/unity_robotics_demo_msgs/msg/detail/joints_to_target__traits.hpp
[2.146s] -- Up-to-date: /home/dev_ws/install/unity_robotics_demo_msgs/include/unity_robotics_demo_msgs/msg/detail/joints_to_target__struct.hpp
[2.146s] -- Up-to-date: /home/dev_ws/install/unity_robotics_demo_msgs/include/unity_robotics_demo_msgs/msg/detail/pos_rot__struct.hpp
[2.146s] -- Up-to-date: /home/dev_ws/install/unity_robotics_demo_msgs/include/unity_robotics_demo_msgs/msg/detail/pos_eyelids__builder.hpp
[2.146s] -- Up-to-date: /home/dev_ws/install/unity_robotics_demo_msgs/include/unity_robotics_demo_msgs/msg/detail/unity_color__traits.hpp
[2.146s] -- Up-to-date: /home/dev_ws/install/unity_robotics_demo_msgs/include/unity_robotics_demo_msgs/msg/detail/targets_reached__traits.hpp
[2.147s] -- Up-to-date: /home/dev_ws/install/unity_robotics_demo_msgs/include/unity_robotics_demo_msgs/msg/detail/pos_rot__builder.hpp
[2.147s] -- Up-to-date: /home/dev_ws/install/unity_robotics_demo_msgs/include/unity_robotics_demo_msgs/msg/detail/pos_eyelids__traits.hpp
[2.147s] -- Up-to-date: /home/dev_ws/install/unity_robotics_demo_msgs/include/unity_robotics_demo_msgs/msg/joints_to_target.hpp
[2.147s] -- Up-to-date: /home/dev_ws/install/unity_robotics_demo_msgs/include/unity_robotics_demo_msgs/msg/audio.hpp
[2.147s] -- Up-to-date: /home/dev_ws/install/unity_robotics_demo_msgs/include/unity_robotics_demo_msgs/msg/pos_rot.hpp
[2.148s] -- Up-to-date: /home/dev_ws/install/unity_robotics_demo_msgs/include/unity_robotics_demo_msgs/msg/unity_color.hpp
[2.148s] -- Up-to-date: /home/dev_ws/install/unity_robotics_demo_msgs/include/unity_robotics_demo_msgs/msg/pos_eyelids.hpp
[2.148s] -- Up-to-date: /home/dev_ws/install/unity_robotics_demo_msgs/include/unity_robotics_demo_msgs/srv
[2.148s] -- Up-to-date: /home/dev_ws/install/unity_robotics_demo_msgs/include/unity_robotics_demo_msgs/srv/detail
[2.149s] -- Up-to-date: /home/dev_ws/install/unity_robotics_demo_msgs/include/unity_robotics_demo_msgs/srv/detail/object_pose_service__builder.hpp
[2.149s] -- Up-to-date: /home/dev_ws/install/unity_robotics_demo_msgs/include/unity_robotics_demo_msgs/srv/detail/position_service__struct.hpp
[2.149s] -- Up-to-date: /home/dev_ws/install/unity_robotics_demo_msgs/include/unity_robotics_demo_msgs/srv/detail/position_service__builder.hpp
[2.149s] -- Up-to-date: /home/dev_ws/install/unity_robotics_demo_msgs/include/unity_robotics_demo_msgs/srv/detail/object_pose_service__struct.hpp
[2.150s] -- Up-to-date: /home/dev_ws/install/unity_robotics_demo_msgs/include/unity_robotics_demo_msgs/srv/detail/position_service__traits.hpp
[2.150s] -- Up-to-date: /home/dev_ws/install/unity_robotics_demo_msgs/include/unity_robotics_demo_msgs/srv/detail/object_pose_service__traits.hpp
[2.150s] -- Up-to-date: /home/dev_ws/install/unity_robotics_demo_msgs/include/unity_robotics_demo_msgs/srv/position_service.hpp
[2.150s] -- Up-to-date: /home/dev_ws/install/unity_robotics_demo_msgs/include/unity_robotics_demo_msgs/srv/object_pose_service.hpp
[2.150s] -- Up-to-date: /home/dev_ws/install/unity_robotics_demo_msgs/include/unity_robotics_demo_msgs
[2.150s] -- Up-to-date: /home/dev_ws/install/unity_robotics_demo_msgs/include/unity_robotics_demo_msgs/msg
[2.150s] -- Up-to-date: /home/dev_ws/install/unity_robotics_demo_msgs/include/unity_robotics_demo_msgs/msg/detail
[2.151s] -- Up-to-date: /home/dev_ws/install/unity_robotics_demo_msgs/include/unity_robotics_demo_msgs/msg/detail/pos_rot__type_support.cpp
[2.151s] -- Up-to-date: /home/dev_ws/install/unity_robotics_demo_msgs/include/unity_robotics_demo_msgs/msg/detail/audio__type_support.cpp
[2.151s] -- Up-to-date: /home/dev_ws/install/unity_robotics_demo_msgs/include/unity_robotics_demo_msgs/msg/detail/audio__rosidl_typesupport_introspection_cpp.hpp
[2.151s] -- Up-to-date: /home/dev_ws/install/unity_robotics_demo_msgs/include/unity_robotics_demo_msgs/msg/detail/targets_reached__type_support.cpp
[2.151s] -- Up-to-date: /home/dev_ws/install/unity_robotics_demo_msgs/include/unity_robotics_demo_msgs/msg/detail/joints_to_target__type_support.cpp
[2.151s] -- Up-to-date: /home/dev_ws/install/unity_robotics_demo_msgs/include/unity_robotics_demo_msgs/msg/detail/unity_color__rosidl_typesupport_introspection_cpp.hpp
[2.151s] -- Up-to-date: /home/dev_ws/install/unity_robotics_demo_msgs/include/unity_robotics_demo_msgs/msg/detail/targets_reached__rosidl_typesupport_introspection_cpp.hpp
[2.151s] -- Up-to-date: /home/dev_ws/install/unity_robotics_demo_msgs/include/unity_robotics_demo_msgs/msg/detail/pos_eyelids__rosidl_typesupport_introspection_cpp.hpp
[2.152s] -- Up-to-date: /home/dev_ws/install/unity_robotics_demo_msgs/include/unity_robotics_demo_msgs/msg/detail/unity_color__type_support.cpp
[2.152s] -- Up-to-date: /home/dev_ws/install/unity_robotics_demo_msgs/include/unity_robotics_demo_msgs/msg/detail/pos_rot__rosidl_typesupport_introspection_cpp.hpp
[2.152s] -- Up-to-date: /home/dev_ws/install/unity_robotics_demo_msgs/include/unity_robotics_demo_msgs/msg/detail/pos_eyelids__type_support.cpp
[2.152s] -- Up-to-date: /home/dev_ws/install/unity_robotics_demo_msgs/include/unity_robotics_demo_msgs/msg/detail/joints_to_target__rosidl_typesupport_introspection_cpp.hpp
[2.152s] -- Up-to-date: /home/dev_ws/install/unity_robotics_demo_msgs/include/unity_robotics_demo_msgs/srv
[2.152s] -- Up-to-date: /home/dev_ws/install/unity_robotics_demo_msgs/include/unity_robotics_demo_msgs/srv/detail
[2.152s] -- Up-to-date: /home/dev_ws/install/unity_robotics_demo_msgs/include/unity_robotics_demo_msgs/srv/detail/object_pose_service__rosidl_typesupport_introspection_cpp.hpp
[2.153s] -- Up-to-date: /home/dev_ws/install/unity_robotics_demo_msgs/include/unity_robotics_demo_msgs/srv/detail/position_service__type_support.cpp
[2.153s] -- Up-to-date: /home/dev_ws/install/unity_robotics_demo_msgs/include/unity_robotics_demo_msgs/srv/detail/position_service__rosidl_typesupport_introspection_cpp.hpp
[2.153s] -- Up-to-date: /home/dev_ws/install/unity_robotics_demo_msgs/include/unity_robotics_demo_msgs/srv/detail/object_pose_service__type_support.cpp
[2.153s] -- Up-to-date: /home/dev_ws/install/unity_robotics_demo_msgs/lib/libunity_robotics_demo_msgs__rosidl_typesupport_introspection_cpp.so
[2.154s] -- Up-to-date: /home/dev_ws/install/unity_robotics_demo_msgs/lib/libunity_robotics_demo_msgs__rosidl_typesupport_cpp.so
[2.154s] -- Up-to-date: /home/dev_ws/install/unity_robotics_demo_msgs/share/unity_robotics_demo_msgs/environment/pythonpath.sh
[2.154s] -- Up-to-date: /home/dev_ws/install/unity_robotics_demo_msgs/share/unity_robotics_demo_msgs/environment/pythonpath.dsv
[2.154s] -- Up-to-date: /home/dev_ws/install/unity_robotics_demo_msgs/lib/python3.8/site-packages/unity_robotics_demo_msgs/__init__.py
[2.233s] -- Up-to-date: /home/dev_ws/install/unity_robotics_demo_msgs/lib/python3.8/site-packages/unity_robotics_demo_msgs/msg
[2.234s] -- Up-to-date: /home/dev_ws/install/unity_robotics_demo_msgs/lib/python3.8/site-packages/unity_robotics_demo_msgs/msg/_pos_rot_s.c
[2.235s] -- Up-to-date: /home/dev_ws/install/unity_robotics_demo_msgs/lib/python3.8/site-packages/unity_robotics_demo_msgs/msg/_unity_color.py
[2.235s] -- Up-to-date: /home/dev_ws/install/unity_robotics_demo_msgs/lib/python3.8/site-packages/unity_robotics_demo_msgs/msg/_targets_reached.py
[2.237s] -- Up-to-date: /home/dev_ws/install/unity_robotics_demo_msgs/lib/python3.8/site-packages/unity_robotics_demo_msgs/msg/__init__.py
[2.238s] -- Up-to-date: /home/dev_ws/install/unity_robotics_demo_msgs/lib/python3.8/site-packages/unity_robotics_demo_msgs/msg/_audio_s.c
[2.238s] -- Up-to-date: /home/dev_ws/install/unity_robotics_demo_msgs/lib/python3.8/site-packages/unity_robotics_demo_msgs/msg/_targets_reached_s.c
[2.238s] -- Up-to-date: /home/dev_ws/install/unity_robotics_demo_msgs/lib/python3.8/site-packages/unity_robotics_demo_msgs/msg/_pos_eyelids.py
[2.239s] -- Up-to-date: /home/dev_ws/install/unity_robotics_demo_msgs/lib/python3.8/site-packages/unity_robotics_demo_msgs/msg/_joints_to_target.py
[2.240s] -- Up-to-date: /home/dev_ws/install/unity_robotics_demo_msgs/lib/python3.8/site-packages/unity_robotics_demo_msgs/msg/_pos_rot.py
[2.241s] -- Up-to-date: /home/dev_ws/install/unity_robotics_demo_msgs/lib/python3.8/site-packages/unity_robotics_demo_msgs/msg/_audio.py
[2.241s] -- Up-to-date: /home/dev_ws/install/unity_robotics_demo_msgs/lib/python3.8/site-packages/unity_robotics_demo_msgs/msg/_unity_color_s.c
[2.241s] -- Up-to-date: /home/dev_ws/install/unity_robotics_demo_msgs/lib/python3.8/site-packages/unity_robotics_demo_msgs/msg/_joints_to_target_s.c
[2.242s] -- Up-to-date: /home/dev_ws/install/unity_robotics_demo_msgs/lib/python3.8/site-packages/unity_robotics_demo_msgs/msg/_pos_eyelids_s.c
[2.242s] -- Up-to-date: /home/dev_ws/install/unity_robotics_demo_msgs/lib/python3.8/site-packages/unity_robotics_demo_msgs/srv
[2.242s] -- Up-to-date: /home/dev_ws/install/unity_robotics_demo_msgs/lib/python3.8/site-packages/unity_robotics_demo_msgs/srv/__init__.py
[2.243s] -- Up-to-date: /home/dev_ws/install/unity_robotics_demo_msgs/lib/python3.8/site-packages/unity_robotics_demo_msgs/srv/_object_pose_service.py
[2.243s] -- Up-to-date: /home/dev_ws/install/unity_robotics_demo_msgs/lib/python3.8/site-packages/unity_robotics_demo_msgs/srv/_position_service.py
[2.243s] -- Up-to-date: /home/dev_ws/install/unity_robotics_demo_msgs/lib/python3.8/site-packages/unity_robotics_demo_msgs/srv/_object_pose_service_s.c
[2.243s] -- Up-to-date: /home/dev_ws/install/unity_robotics_demo_msgs/lib/python3.8/site-packages/unity_robotics_demo_msgs/srv/_position_service_s.c
[2.245s] -- Up-to-date: /home/dev_ws/install/unity_robotics_demo_msgs/lib/python3.8/site-packages/unity_robotics_demo_msgs/unity_robotics_demo_msgs_s__rosidl_typesupport_fastrtps_c.cpython-38-x86_64-linux-gnu.so
[2.256s] -- Up-to-date: /home/dev_ws/install/unity_robotics_demo_msgs/lib/python3.8/site-packages/unity_robotics_demo_msgs/unity_robotics_demo_msgs_s__rosidl_typesupport_introspection_c.cpython-38-x86_64-linux-gnu.so
[2.256s] -- Up-to-date: /home/dev_ws/install/unity_robotics_demo_msgs/lib/python3.8/site-packages/unity_robotics_demo_msgs/unity_robotics_demo_msgs_s__rosidl_typesupport_c.cpython-38-x86_64-linux-gnu.so
[2.257s] -- Up-to-date: /home/dev_ws/install/unity_robotics_demo_msgs/lib/libunity_robotics_demo_msgs__python.so
[2.257s] -- Up-to-date: /home/dev_ws/install/unity_robotics_demo_msgs/share/unity_robotics_demo_msgs/msg/TargetsReached.idl
[2.257s] -- Up-to-date: /home/dev_ws/install/unity_robotics_demo_msgs/share/unity_robotics_demo_msgs/msg/Audio.idl
[2.258s] -- Up-to-date: /home/dev_ws/install/unity_robotics_demo_msgs/share/unity_robotics_demo_msgs/msg/JointsToTarget.idl
[2.258s] -- Up-to-date: /home/dev_ws/install/unity_robotics_demo_msgs/share/unity_robotics_demo_msgs/msg/PosEyelids.idl
[2.258s] -- Up-to-date: /home/dev_ws/install/unity_robotics_demo_msgs/share/unity_robotics_demo_msgs/msg/PosRot.idl
[2.258s] -- Up-to-date: /home/dev_ws/install/unity_robotics_demo_msgs/share/unity_robotics_demo_msgs/msg/UnityColor.idl
[2.258s] -- Up-to-date: /home/dev_ws/install/unity_robotics_demo_msgs/share/unity_robotics_demo_msgs/srv/PositionService.idl
[2.259s] -- Up-to-date: /home/dev_ws/install/unity_robotics_demo_msgs/share/unity_robotics_demo_msgs/srv/ObjectPoseService.idl
[2.259s] -- Up-to-date: /home/dev_ws/install/unity_robotics_demo_msgs/share/unity_robotics_demo_msgs/msg/TargetsReached.msg
[2.259s] -- Up-to-date: /home/dev_ws/install/unity_robotics_demo_msgs/share/unity_robotics_demo_msgs/msg/Audio.msg
[2.260s] -- Up-to-date: /home/dev_ws/install/unity_robotics_demo_msgs/share/unity_robotics_demo_msgs/msg/JointsToTarget.msg
[2.260s] -- Up-to-date: /home/dev_ws/install/unity_robotics_demo_msgs/share/unity_robotics_demo_msgs/msg/PosEyelids.msg
[2.260s] -- Up-to-date: /home/dev_ws/install/unity_robotics_demo_msgs/share/unity_robotics_demo_msgs/msg/PosRot.msg
[2.261s] -- Up-to-date: /home/dev_ws/install/unity_robotics_demo_msgs/share/unity_robotics_demo_msgs/msg/UnityColor.msg
[2.261s] -- Up-to-date: /home/dev_ws/install/unity_robotics_demo_msgs/share/unity_robotics_demo_msgs/srv/PositionService.srv
[2.261s] -- Up-to-date: /home/dev_ws/install/unity_robotics_demo_msgs/share/unity_robotics_demo_msgs/srv/PositionService_Request.msg
[2.263s] -- Up-to-date: /home/dev_ws/install/unity_robotics_demo_msgs/share/unity_robotics_demo_msgs/srv/PositionService_Response.msg
[2.264s] -- Up-to-date: /home/dev_ws/install/unity_robotics_demo_msgs/share/unity_robotics_demo_msgs/srv/ObjectPoseService.srv
[2.264s] -- Up-to-date: /home/dev_ws/install/unity_robotics_demo_msgs/share/unity_robotics_demo_msgs/srv/ObjectPoseService_Request.msg
[2.265s] -- Up-to-date: /home/dev_ws/install/unity_robotics_demo_msgs/share/unity_robotics_demo_msgs/srv/ObjectPoseService_Response.msg
[2.265s] -- Up-to-date: /home/dev_ws/install/unity_robotics_demo_msgs/share/ament_index/resource_index/package_run_dependencies/unity_robotics_demo_msgs
[2.265s] -- Up-to-date: /home/dev_ws/install/unity_robotics_demo_msgs/share/ament_index/resource_index/parent_prefix_path/unity_robotics_demo_msgs
[2.268s] -- Up-to-date: /home/dev_ws/install/unity_robotics_demo_msgs/share/unity_robotics_demo_msgs/environment/ament_prefix_path.sh
[2.269s] -- Up-to-date: /home/dev_ws/install/unity_robotics_demo_msgs/share/unity_robotics_demo_msgs/environment/ament_prefix_path.dsv
[2.270s] -- Up-to-date: /home/dev_ws/install/unity_robotics_demo_msgs/share/unity_robotics_demo_msgs/environment/path.sh
[2.270s] -- Up-to-date: /home/dev_ws/install/unity_robotics_demo_msgs/share/unity_robotics_demo_msgs/environment/path.dsv
[2.271s] -- Up-to-date: /home/dev_ws/install/unity_robotics_demo_msgs/share/unity_robotics_demo_msgs/local_setup.bash
[2.271s] -- Up-to-date: /home/dev_ws/install/unity_robotics_demo_msgs/share/unity_robotics_demo_msgs/local_setup.sh
[2.272s] -- Up-to-date: /home/dev_ws/install/unity_robotics_demo_msgs/share/unity_robotics_demo_msgs/local_setup.zsh
[2.272s] -- Up-to-date: /home/dev_ws/install/unity_robotics_demo_msgs/share/unity_robotics_demo_msgs/local_setup.dsv
[2.273s] -- Installing: /home/dev_ws/install/unity_robotics_demo_msgs/share/unity_robotics_demo_msgs/package.dsv
[2.273s] -- Up-to-date: /home/dev_ws/install/unity_robotics_demo_msgs/share/ament_index/resource_index/packages/unity_robotics_demo_msgs
[2.273s] -- Up-to-date: /home/dev_ws/install/unity_robotics_demo_msgs/share/unity_robotics_demo_msgs/cmake/unity_robotics_demo_msgs__rosidl_generator_cExport.cmake
[2.274s] -- Up-to-date: /home/dev_ws/install/unity_robotics_demo_msgs/share/unity_robotics_demo_msgs/cmake/unity_robotics_demo_msgs__rosidl_generator_cExport-noconfig.cmake
[2.274s] -- Up-to-date: /home/dev_ws/install/unity_robotics_demo_msgs/share/unity_robotics_demo_msgs/cmake/unity_robotics_demo_msgs__rosidl_typesupport_introspection_cExport.cmake
[2.275s] -- Up-to-date: /home/dev_ws/install/unity_robotics_demo_msgs/share/unity_robotics_demo_msgs/cmake/unity_robotics_demo_msgs__rosidl_typesupport_introspection_cExport-noconfig.cmake
[2.275s] -- Up-to-date: /home/dev_ws/install/unity_robotics_demo_msgs/share/unity_robotics_demo_msgs/cmake/unity_robotics_demo_msgs__rosidl_typesupport_cExport.cmake
[2.276s] -- Up-to-date: /home/dev_ws/install/unity_robotics_demo_msgs/share/unity_robotics_demo_msgs/cmake/unity_robotics_demo_msgs__rosidl_typesupport_cExport-noconfig.cmake
[2.276s] -- Up-to-date: /home/dev_ws/install/unity_robotics_demo_msgs/share/unity_robotics_demo_msgs/cmake/unity_robotics_demo_msgs__rosidl_generator_cppExport.cmake
[2.276s] -- Up-to-date: /home/dev_ws/install/unity_robotics_demo_msgs/share/unity_robotics_demo_msgs/cmake/unity_robotics_demo_msgs__rosidl_typesupport_introspection_cppExport.cmake
[2.277s] -- Up-to-date: /home/dev_ws/install/unity_robotics_demo_msgs/share/unity_robotics_demo_msgs/cmake/unity_robotics_demo_msgs__rosidl_typesupport_introspection_cppExport-noconfig.cmake
[2.277s] -- Up-to-date: /home/dev_ws/install/unity_robotics_demo_msgs/share/unity_robotics_demo_msgs/cmake/unity_robotics_demo_msgs__rosidl_typesupport_cppExport.cmake
[2.278s] -- Up-to-date: /home/dev_ws/install/unity_robotics_demo_msgs/share/unity_robotics_demo_msgs/cmake/unity_robotics_demo_msgs__rosidl_typesupport_cppExport-noconfig.cmake
[2.278s] -- Up-to-date: /home/dev_ws/install/unity_robotics_demo_msgs/share/unity_robotics_demo_msgs/cmake/rosidl_cmake-extras.cmake
[2.278s] -- Up-to-date: /home/dev_ws/install/unity_robotics_demo_msgs/share/unity_robotics_demo_msgs/cmake/ament_cmake_export_dependencies-extras.cmake
[2.279s] -- Up-to-date: /home/dev_ws/install/unity_robotics_demo_msgs/share/unity_robotics_demo_msgs/cmake/ament_cmake_export_libraries-extras.cmake
[2.279s] -- Up-to-date: /home/dev_ws/install/unity_robotics_demo_msgs/share/unity_robotics_demo_msgs/cmake/ament_cmake_export_targets-extras.cmake
[2.279s] -- Up-to-date: /home/dev_ws/install/unity_robotics_demo_msgs/share/unity_robotics_demo_msgs/cmake/ament_cmake_export_include_directories-extras.cmake
[2.279s] -- Up-to-date: /home/dev_ws/install/unity_robotics_demo_msgs/share/unity_robotics_demo_msgs/cmake/rosidl_cmake_export_typesupport_libraries-extras.cmake
[2.280s] -- Up-to-date: /home/dev_ws/install/unity_robotics_demo_msgs/share/unity_robotics_demo_msgs/cmake/rosidl_cmake_export_typesupport_targets-extras.cmake
[2.287s] -- Up-to-date: /home/dev_ws/install/unity_robotics_demo_msgs/share/unity_robotics_demo_msgs/cmake/unity_robotics_demo_msgsConfig.cmake
[2.287s] -- Up-to-date: /home/dev_ws/install/unity_robotics_demo_msgs/share/unity_robotics_demo_msgs/cmake/unity_robotics_demo_msgsConfig-version.cmake
[2.288s] -- Up-to-date: /home/dev_ws/install/unity_robotics_demo_msgs/share/unity_robotics_demo_msgs/package.xml
[2.288s] Invoked command in '/home/dev_ws/build/unity_robotics_demo_msgs' returned '0': CMAKE_PREFIX_PATH=${CMAKE_PREFIX_PATH}:/opt/ros/foxy:/home/dev_ws/install/vision:/home/dev_ws/install/utils:/home/dev_ws/install/unity_robotics_demo:/home/dev_ws/install/ros_tcp_endpoint:/home/dev_ws/install/manipulation:/home/dev_ws/install/face_controller:/home/dev_ws/install/audio /usr/bin/cmake --install /home/dev_ws/build/unity_robotics_demo_msgs
