[3.626s] Invoking command in '/home/dev_ws/src/utils': PYTHONPATH=/home/dev_ws/src/install/utils/lib/python3.8/site-packages:${PYTHONPATH} /usr/bin/python3 setup.py egg_info --egg-base ../build/utils build --build-base /home/dev_ws/src/build/utils/build install --prefix /home/dev_ws/src/install/utils --record /home/dev_ws/src/build/utils/install.log --single-version-externally-managed
[4.243s] running egg_info
[4.245s] writing ../build/utils/utils.egg-info/PKG-INFO
[4.246s] writing dependency_links to ../build/utils/utils.egg-info/dependency_links.txt
[4.247s] writing entry points to ../build/utils/utils.egg-info/entry_points.txt
[4.247s] writing requirements to ../build/utils/utils.egg-info/requires.txt
[4.248s] writing top-level names to ../build/utils/utils.egg-info/top_level.txt
[4.363s] reading manifest file '../build/utils/utils.egg-info/SOURCES.txt'
[4.367s] writing manifest file '../build/utils/utils.egg-info/SOURCES.txt'
[4.368s] running build
[4.368s] running build_py
[4.373s] running install
[4.374s] running install_lib
[4.377s] running install_data
[4.379s] running install_egg_info
[4.385s] removing '/home/dev_ws/src/install/utils/lib/python3.8/site-packages/utils-0.0.0-py3.8.egg-info' (and everything under it)
[4.386s] Copying ../build/utils/utils.egg-info to /home/dev_ws/src/install/utils/lib/python3.8/site-packages/utils-0.0.0-py3.8.egg-info
[4.390s] running install_scripts
[4.456s] Installing utils script to /home/dev_ws/src/install/utils/lib/utils
[4.459s] writing list of installed files to '/home/dev_ws/src/build/utils/install.log'
[4.618s] Invoked command in '/home/dev_ws/src/utils' returned '0': PYTHONPATH=/home/dev_ws/src/install/utils/lib/python3.8/site-packages:${PYTHONPATH} /usr/bin/python3 setup.py egg_info --egg-base ../build/utils build --build-base /home/dev_ws/src/build/utils/build install --prefix /home/dev_ws/src/install/utils --record /home/dev_ws/src/build/utils/install.log --single-version-externally-managed
