[5.212s] Invoking command in '/home/dev_ws/src/audio': PYTHONPATH=/home/dev_ws/install/audio/lib/python3.8/site-packages:${PYTHONPATH} /usr/bin/python3 setup.py egg_info --egg-base ../../build/audio build --build-base /home/dev_ws/build/audio/build install --prefix /home/dev_ws/install/audio --record /home/dev_ws/build/audio/install.log --single-version-externally-managed
[5.981s] running egg_info
[5.985s] writing ../../build/audio/audio.egg-info/PKG-INFO
[5.995s] writing dependency_links to ../../build/audio/audio.egg-info/dependency_links.txt
[5.996s] writing entry points to ../../build/audio/audio.egg-info/entry_points.txt
[5.996s] writing requirements to ../../build/audio/audio.egg-info/requires.txt
[5.997s] writing top-level names to ../../build/audio/audio.egg-info/top_level.txt
[6.133s] reading manifest file '../../build/audio/audio.egg-info/SOURCES.txt'
[6.136s] writing manifest file '../../build/audio/audio.egg-info/SOURCES.txt'
[6.137s] running build
[6.137s] running build_py
[6.139s] running install
[6.142s] running install_lib
[6.153s] running install_data
[6.153s] running install_egg_info
[6.156s] removing '/home/dev_ws/install/audio/lib/python3.8/site-packages/audio-0.0.0-py3.8.egg-info' (and everything under it)
[6.161s] Copying ../../build/audio/audio.egg-info to /home/dev_ws/install/audio/lib/python3.8/site-packages/audio-0.0.0-py3.8.egg-info
[6.163s] running install_scripts
[6.241s] Installing send_audio script to /home/dev_ws/install/audio/lib/audio
[6.243s] Installing speech_to_text script to /home/dev_ws/install/audio/lib/audio
[6.243s] Installing text_to_speech script to /home/dev_ws/install/audio/lib/audio
[6.244s] writing list of installed files to '/home/dev_ws/build/audio/install.log'
[6.432s] Invoked command in '/home/dev_ws/src/audio' returned '0': PYTHONPATH=/home/dev_ws/install/audio/lib/python3.8/site-packages:${PYTHONPATH} /usr/bin/python3 setup.py egg_info --egg-base ../../build/audio build --build-base /home/dev_ws/build/audio/build install --prefix /home/dev_ws/install/audio --record /home/dev_ws/build/audio/install.log --single-version-externally-managed
