[5.163s] Invoking command in '/home/dev_ws/src/manipulation': PYTHONPATH=/home/dev_ws/install/manipulation/lib/python3.8/site-packages:${PYTHONPATH} /usr/bin/python3 setup.py egg_info --egg-base ../../build/manipulation build --build-base /home/dev_ws/build/manipulation/build install --prefix /home/dev_ws/install/manipulation --record /home/dev_ws/build/manipulation/install.log --single-version-externally-managed
[6.100s] running egg_info
[6.103s] writing ../../build/manipulation/manipulation.egg-info/PKG-INFO
[6.104s] writing dependency_links to ../../build/manipulation/manipulation.egg-info/dependency_links.txt
[6.104s] writing entry points to ../../build/manipulation/manipulation.egg-info/entry_points.txt
[6.106s] writing requirements to ../../build/manipulation/manipulation.egg-info/requires.txt
[6.106s] writing top-level names to ../../build/manipulation/manipulation.egg-info/top_level.txt
[6.420s] reading manifest file '../../build/manipulation/manipulation.egg-info/SOURCES.txt'
[6.421s] writing manifest file '../../build/manipulation/manipulation.egg-info/SOURCES.txt'
[6.421s] running build
[6.421s] running build_py
[6.437s] running install
[6.437s] running install_lib
[6.439s] running install_data
[6.440s] running install_egg_info
[6.458s] removing '/home/dev_ws/install/manipulation/lib/python3.8/site-packages/manipulation-0.0.0-py3.8.egg-info' (and everything under it)
[6.459s] Copying ../../build/manipulation/manipulation.egg-info to /home/dev_ws/install/manipulation/lib/python3.8/site-packages/manipulation-0.0.0-py3.8.egg-info
[6.471s] running install_scripts
[6.584s] Installing grab_object script to /home/dev_ws/install/manipulation/lib/manipulation
[6.590s] writing list of installed files to '/home/dev_ws/build/manipulation/install.log'
[6.939s] Invoked command in '/home/dev_ws/src/manipulation' returned '0': PYTHONPATH=/home/dev_ws/install/manipulation/lib/python3.8/site-packages:${PYTHONPATH} /usr/bin/python3 setup.py egg_info --egg-base ../../build/manipulation build --build-base /home/dev_ws/build/manipulation/build install --prefix /home/dev_ws/install/manipulation --record /home/dev_ws/build/manipulation/install.log --single-version-externally-managed
