[3.100s] Invoking command in '/home/dev_ws/src/utils': PYTHONPATH=/home/dev_ws/install/utils/lib/python3.8/site-packages:${PYTHONPATH} /usr/bin/python3 setup.py egg_info --egg-base ../../build/utils build --build-base /home/dev_ws/build/utils/build install --prefix /home/dev_ws/install/utils --record /home/dev_ws/build/utils/install.log --single-version-externally-managed
[3.697s] running egg_info
[3.699s] writing ../../build/utils/utils.egg-info/PKG-INFO
[3.700s] writing dependency_links to ../../build/utils/utils.egg-info/dependency_links.txt
[3.701s] writing entry points to ../../build/utils/utils.egg-info/entry_points.txt
[3.702s] writing requirements to ../../build/utils/utils.egg-info/requires.txt
[3.703s] writing top-level names to ../../build/utils/utils.egg-info/top_level.txt
[3.822s] reading manifest file '../../build/utils/utils.egg-info/SOURCES.txt'
[3.828s] writing manifest file '../../build/utils/utils.egg-info/SOURCES.txt'
[3.828s] running build
[3.828s] running build_py
[3.830s] running install
[3.835s] running install_lib
[3.840s] running install_data
[3.843s] running install_egg_info
[3.848s] removing '/home/dev_ws/install/utils/lib/python3.8/site-packages/utils-0.0.0-py3.8.egg-info' (and everything under it)
[3.850s] Copying ../../build/utils/utils.egg-info to /home/dev_ws/install/utils/lib/python3.8/site-packages/utils-0.0.0-py3.8.egg-info
[3.858s] running install_scripts
[3.924s] Installing utils script to /home/dev_ws/install/utils/lib/utils
[3.927s] writing list of installed files to '/home/dev_ws/build/utils/install.log'
[4.070s] Invoked command in '/home/dev_ws/src/utils' returned '0': PYTHONPATH=/home/dev_ws/install/utils/lib/python3.8/site-packages:${PYTHONPATH} /usr/bin/python3 setup.py egg_info --egg-base ../../build/utils build --build-base /home/dev_ws/build/utils/build install --prefix /home/dev_ws/install/utils --record /home/dev_ws/build/utils/install.log --single-version-externally-managed
