[3.657s] Invoking command in '/home/dev_ws/src/manipulation': PYTHONPATH=/home/dev_ws/src/install/manipulation/lib/python3.8/site-packages:${PYTHONPATH} /usr/bin/python3 setup.py egg_info --egg-base ../build/manipulation build --build-base /home/dev_ws/src/build/manipulation/build install --prefix /home/dev_ws/src/install/manipulation --record /home/dev_ws/src/build/manipulation/install.log --single-version-externally-managed
[4.261s] running egg_info
[4.262s] writing ../build/manipulation/manipulation.egg-info/PKG-INFO
[4.266s] writing dependency_links to ../build/manipulation/manipulation.egg-info/dependency_links.txt
[4.267s] writing entry points to ../build/manipulation/manipulation.egg-info/entry_points.txt
[4.268s] writing requirements to ../build/manipulation/manipulation.egg-info/requires.txt
[4.269s] writing top-level names to ../build/manipulation/manipulation.egg-info/top_level.txt
[4.394s] reading manifest file '../build/manipulation/manipulation.egg-info/SOURCES.txt'
[4.397s] writing manifest file '../build/manipulation/manipulation.egg-info/SOURCES.txt'
[4.398s] running build
[4.398s] running build_py
[4.399s] copying manipulation/grab_object.py -> /home/dev_ws/src/build/manipulation/build/lib/manipulation
[4.401s] running install
[4.403s] running install_lib
[4.406s] copying /home/dev_ws/src/build/manipulation/build/lib/manipulation/grab_object.py -> /home/dev_ws/src/install/manipulation/lib/python3.8/site-packages/manipulation
[4.410s] byte-compiling /home/dev_ws/src/install/manipulation/lib/python3.8/site-packages/manipulation/grab_object.py to grab_object.cpython-38.pyc
[4.419s] running install_data
[4.419s] running install_egg_info
[4.422s] removing '/home/dev_ws/src/install/manipulation/lib/python3.8/site-packages/manipulation-0.0.0-py3.8.egg-info' (and everything under it)
[4.427s] Copying ../build/manipulation/manipulation.egg-info to /home/dev_ws/src/install/manipulation/lib/python3.8/site-packages/manipulation-0.0.0-py3.8.egg-info
[4.428s] running install_scripts
[4.483s] Installing grab_object script to /home/dev_ws/src/install/manipulation/lib/manipulation
[4.485s] writing list of installed files to '/home/dev_ws/src/build/manipulation/install.log'
[4.655s] Invoked command in '/home/dev_ws/src/manipulation' returned '0': PYTHONPATH=/home/dev_ws/src/install/manipulation/lib/python3.8/site-packages:${PYTHONPATH} /usr/bin/python3 setup.py egg_info --egg-base ../build/manipulation build --build-base /home/dev_ws/src/build/manipulation/build install --prefix /home/dev_ws/src/install/manipulation --record /home/dev_ws/src/build/manipulation/install.log --single-version-externally-managed
