[1.195s] Invoking command in '/home/dev_ws/src/ros_tcp_endpoint': PYTHONPATH=/home/dev_ws/install/ros_tcp_endpoint/lib/python3.8/site-packages:${PYTHONPATH} /usr/bin/python3 setup.py egg_info --egg-base ../../build/ros_tcp_endpoint build --build-base /home/dev_ws/build/ros_tcp_endpoint/build install --prefix /home/dev_ws/install/ros_tcp_endpoint --record /home/dev_ws/build/ros_tcp_endpoint/install.log --single-version-externally-managed
[1.476s] running egg_info
[1.477s] creating ../../build/ros_tcp_endpoint/ros_tcp_endpoint.egg-info
[1.478s] writing ../../build/ros_tcp_endpoint/ros_tcp_endpoint.egg-info/PKG-INFO
[1.479s] writing dependency_links to ../../build/ros_tcp_endpoint/ros_tcp_endpoint.egg-info/dependency_links.txt
[1.479s] writing entry points to ../../build/ros_tcp_endpoint/ros_tcp_endpoint.egg-info/entry_points.txt
[1.480s] writing requirements to ../../build/ros_tcp_endpoint/ros_tcp_endpoint.egg-info/requires.txt
[1.480s] writing top-level names to ../../build/ros_tcp_endpoint/ros_tcp_endpoint.egg-info/top_level.txt
[1.483s] writing manifest file '../../build/ros_tcp_endpoint/ros_tcp_endpoint.egg-info/SOURCES.txt'
[1.556s] reading manifest file '../../build/ros_tcp_endpoint/ros_tcp_endpoint.egg-info/SOURCES.txt'
[1.558s] writing manifest file '../../build/ros_tcp_endpoint/ros_tcp_endpoint.egg-info/SOURCES.txt'
[1.558s] running build
[1.559s] running build_py
[1.559s] creating /home/dev_ws/build/ros_tcp_endpoint/build
[1.560s] creating /home/dev_ws/build/ros_tcp_endpoint/build/lib
[1.560s] creating /home/dev_ws/build/ros_tcp_endpoint/build/lib/ros_tcp_endpoint
[1.560s] copying ros_tcp_endpoint/unity_service.py -> /home/dev_ws/build/ros_tcp_endpoint/build/lib/ros_tcp_endpoint
[1.560s] copying ros_tcp_endpoint/exceptions.py -> /home/dev_ws/build/ros_tcp_endpoint/build/lib/ros_tcp_endpoint
[1.560s] copying ros_tcp_endpoint/communication.py -> /home/dev_ws/build/ros_tcp_endpoint/build/lib/ros_tcp_endpoint
[1.561s] copying ros_tcp_endpoint/thread_pauser.py -> /home/dev_ws/build/ros_tcp_endpoint/build/lib/ros_tcp_endpoint
[1.561s] copying ros_tcp_endpoint/tcp_sender.py -> /home/dev_ws/build/ros_tcp_endpoint/build/lib/ros_tcp_endpoint
[1.561s] copying ros_tcp_endpoint/client.py -> /home/dev_ws/build/ros_tcp_endpoint/build/lib/ros_tcp_endpoint
[1.561s] copying ros_tcp_endpoint/default_server_endpoint.py -> /home/dev_ws/build/ros_tcp_endpoint/build/lib/ros_tcp_endpoint
[1.562s] copying ros_tcp_endpoint/subscriber.py -> /home/dev_ws/build/ros_tcp_endpoint/build/lib/ros_tcp_endpoint
[1.563s] copying ros_tcp_endpoint/service.py -> /home/dev_ws/build/ros_tcp_endpoint/build/lib/ros_tcp_endpoint
[1.563s] copying ros_tcp_endpoint/publisher.py -> /home/dev_ws/build/ros_tcp_endpoint/build/lib/ros_tcp_endpoint
[1.563s] copying ros_tcp_endpoint/__init__.py -> /home/dev_ws/build/ros_tcp_endpoint/build/lib/ros_tcp_endpoint
[1.563s] copying ros_tcp_endpoint/server.py -> /home/dev_ws/build/ros_tcp_endpoint/build/lib/ros_tcp_endpoint
[1.564s] running install
[1.566s] running install_lib
[1.568s] creating /home/dev_ws/install/ros_tcp_endpoint/lib/python3.8/site-packages/ros_tcp_endpoint
[1.568s] copying /home/dev_ws/build/ros_tcp_endpoint/build/lib/ros_tcp_endpoint/unity_service.py -> /home/dev_ws/install/ros_tcp_endpoint/lib/python3.8/site-packages/ros_tcp_endpoint
[1.569s] copying /home/dev_ws/build/ros_tcp_endpoint/build/lib/ros_tcp_endpoint/exceptions.py -> /home/dev_ws/install/ros_tcp_endpoint/lib/python3.8/site-packages/ros_tcp_endpoint
[1.569s] copying /home/dev_ws/build/ros_tcp_endpoint/build/lib/ros_tcp_endpoint/communication.py -> /home/dev_ws/install/ros_tcp_endpoint/lib/python3.8/site-packages/ros_tcp_endpoint
[1.569s] copying /home/dev_ws/build/ros_tcp_endpoint/build/lib/ros_tcp_endpoint/thread_pauser.py -> /home/dev_ws/install/ros_tcp_endpoint/lib/python3.8/site-packages/ros_tcp_endpoint
[1.570s] copying /home/dev_ws/build/ros_tcp_endpoint/build/lib/ros_tcp_endpoint/tcp_sender.py -> /home/dev_ws/install/ros_tcp_endpoint/lib/python3.8/site-packages/ros_tcp_endpoint
[1.570s] copying /home/dev_ws/build/ros_tcp_endpoint/build/lib/ros_tcp_endpoint/client.py -> /home/dev_ws/install/ros_tcp_endpoint/lib/python3.8/site-packages/ros_tcp_endpoint
[1.570s] copying /home/dev_ws/build/ros_tcp_endpoint/build/lib/ros_tcp_endpoint/default_server_endpoint.py -> /home/dev_ws/install/ros_tcp_endpoint/lib/python3.8/site-packages/ros_tcp_endpoint
[1.570s] copying /home/dev_ws/build/ros_tcp_endpoint/build/lib/ros_tcp_endpoint/subscriber.py -> /home/dev_ws/install/ros_tcp_endpoint/lib/python3.8/site-packages/ros_tcp_endpoint
[1.571s] copying /home/dev_ws/build/ros_tcp_endpoint/build/lib/ros_tcp_endpoint/service.py -> /home/dev_ws/install/ros_tcp_endpoint/lib/python3.8/site-packages/ros_tcp_endpoint
[1.571s] copying /home/dev_ws/build/ros_tcp_endpoint/build/lib/ros_tcp_endpoint/publisher.py -> /home/dev_ws/install/ros_tcp_endpoint/lib/python3.8/site-packages/ros_tcp_endpoint
[1.571s] copying /home/dev_ws/build/ros_tcp_endpoint/build/lib/ros_tcp_endpoint/__init__.py -> /home/dev_ws/install/ros_tcp_endpoint/lib/python3.8/site-packages/ros_tcp_endpoint
[1.571s] copying /home/dev_ws/build/ros_tcp_endpoint/build/lib/ros_tcp_endpoint/server.py -> /home/dev_ws/install/ros_tcp_endpoint/lib/python3.8/site-packages/ros_tcp_endpoint
[1.572s] byte-compiling /home/dev_ws/install/ros_tcp_endpoint/lib/python3.8/site-packages/ros_tcp_endpoint/unity_service.py to unity_service.cpython-38.pyc
[1.575s] byte-compiling /home/dev_ws/install/ros_tcp_endpoint/lib/python3.8/site-packages/ros_tcp_endpoint/exceptions.py to exceptions.cpython-38.pyc
[1.576s] byte-compiling /home/dev_ws/install/ros_tcp_endpoint/lib/python3.8/site-packages/ros_tcp_endpoint/communication.py to communication.cpython-38.pyc
[1.577s] byte-compiling /home/dev_ws/install/ros_tcp_endpoint/lib/python3.8/site-packages/ros_tcp_endpoint/thread_pauser.py to thread_pauser.cpython-38.pyc
[1.578s] byte-compiling /home/dev_ws/install/ros_tcp_endpoint/lib/python3.8/site-packages/ros_tcp_endpoint/tcp_sender.py to tcp_sender.cpython-38.pyc
[1.579s] byte-compiling /home/dev_ws/install/ros_tcp_endpoint/lib/python3.8/site-packages/ros_tcp_endpoint/client.py to client.cpython-38.pyc
[1.580s] byte-compiling /home/dev_ws/install/ros_tcp_endpoint/lib/python3.8/site-packages/ros_tcp_endpoint/default_server_endpoint.py to default_server_endpoint.cpython-38.pyc
[1.581s] byte-compiling /home/dev_ws/install/ros_tcp_endpoint/lib/python3.8/site-packages/ros_tcp_endpoint/subscriber.py to subscriber.cpython-38.pyc
[1.581s] byte-compiling /home/dev_ws/install/ros_tcp_endpoint/lib/python3.8/site-packages/ros_tcp_endpoint/service.py to service.cpython-38.pyc
[1.582s] byte-compiling /home/dev_ws/install/ros_tcp_endpoint/lib/python3.8/site-packages/ros_tcp_endpoint/publisher.py to publisher.cpython-38.pyc
[1.582s] byte-compiling /home/dev_ws/install/ros_tcp_endpoint/lib/python3.8/site-packages/ros_tcp_endpoint/__init__.py to __init__.cpython-38.pyc
[1.583s] byte-compiling /home/dev_ws/install/ros_tcp_endpoint/lib/python3.8/site-packages/ros_tcp_endpoint/server.py to server.cpython-38.pyc
[1.585s] running install_data
[1.586s] creating /home/dev_ws/install/ros_tcp_endpoint/share/ament_index
[1.587s] creating /home/dev_ws/install/ros_tcp_endpoint/share/ament_index/resource_index
[1.587s] creating /home/dev_ws/install/ros_tcp_endpoint/share/ament_index/resource_index/packages
[1.587s] copying resource/ros_tcp_endpoint -> /home/dev_ws/install/ros_tcp_endpoint/share/ament_index/resource_index/packages
[1.587s] copying package.xml -> /home/dev_ws/install/ros_tcp_endpoint/share/ros_tcp_endpoint
[1.587s] creating /home/dev_ws/install/ros_tcp_endpoint/share/ros_tcp_endpoint/launch
[1.587s] copying launch/endpoint.py -> /home/dev_ws/install/ros_tcp_endpoint/share/ros_tcp_endpoint/launch
[1.588s] running install_egg_info
[1.589s] Copying ../../build/ros_tcp_endpoint/ros_tcp_endpoint.egg-info to /home/dev_ws/install/ros_tcp_endpoint/lib/python3.8/site-packages/ros_tcp_endpoint-0.0.1-py3.8.egg-info
[1.590s] running install_scripts
[1.622s] Installing default_server_endpoint script to /home/dev_ws/install/ros_tcp_endpoint/lib/ros_tcp_endpoint
[1.623s] writing list of installed files to '/home/dev_ws/build/ros_tcp_endpoint/install.log'
[1.676s] Invoked command in '/home/dev_ws/src/ros_tcp_endpoint' returned '0': PYTHONPATH=/home/dev_ws/install/ros_tcp_endpoint/lib/python3.8/site-packages:${PYTHONPATH} /usr/bin/python3 setup.py egg_info --egg-base ../../build/ros_tcp_endpoint build --build-base /home/dev_ws/build/ros_tcp_endpoint/build install --prefix /home/dev_ws/install/ros_tcp_endpoint --record /home/dev_ws/build/ros_tcp_endpoint/install.log --single-version-externally-managed
