[4.377s] Invoking command in '/home/dev_ws/src/manipulation': PYTHONPATH=/home/dev_ws/install/manipulation/lib/python3.8/site-packages:${PYTHONPATH} /usr/bin/python3 setup.py egg_info --egg-base ../../build/manipulation build --build-base /home/dev_ws/build/manipulation/build install --prefix /home/dev_ws/install/manipulation --record /home/dev_ws/build/manipulation/install.log --single-version-externally-managed
[4.957s] running egg_info
[4.963s] writing ../../build/manipulation/manipulation.egg-info/PKG-INFO
[4.965s] writing dependency_links to ../../build/manipulation/manipulation.egg-info/dependency_links.txt
[4.966s] writing entry points to ../../build/manipulation/manipulation.egg-info/entry_points.txt
[4.966s] writing requirements to ../../build/manipulation/manipulation.egg-info/requires.txt
[4.967s] writing top-level names to ../../build/manipulation/manipulation.egg-info/top_level.txt
[5.081s] reading manifest file '../../build/manipulation/manipulation.egg-info/SOURCES.txt'
[5.083s] writing manifest file '../../build/manipulation/manipulation.egg-info/SOURCES.txt'
[5.083s] running build
[5.084s] running build_py
[5.085s] running install
[5.088s] running install_lib
[5.095s] running install_data
[5.096s] running install_egg_info
[5.102s] removing '/home/dev_ws/install/manipulation/lib/python3.8/site-packages/manipulation-0.0.0-py3.8.egg-info' (and everything under it)
[5.104s] Copying ../../build/manipulation/manipulation.egg-info to /home/dev_ws/install/manipulation/lib/python3.8/site-packages/manipulation-0.0.0-py3.8.egg-info
[5.110s] running install_scripts
[5.190s] Installing grab_object script to /home/dev_ws/install/manipulation/lib/manipulation
[5.191s] writing list of installed files to '/home/dev_ws/build/manipulation/install.log'
[5.391s] Invoked command in '/home/dev_ws/src/manipulation' returned '0': PYTHONPATH=/home/dev_ws/install/manipulation/lib/python3.8/site-packages:${PYTHONPATH} /usr/bin/python3 setup.py egg_info --egg-base ../../build/manipulation build --build-base /home/dev_ws/build/manipulation/build install --prefix /home/dev_ws/install/manipulation --record /home/dev_ws/build/manipulation/install.log --single-version-externally-managed
