[1.768s] Invoking command in '/home/dev_ws/build/unity_robotics_demo_msgs': CMAKE_PREFIX_PATH=${CMAKE_PREFIX_PATH}:/opt/ros/foxy:/home/dev_ws/install/vision:/home/dev_ws/install/utils:/home/dev_ws/install/unity_robotics_demo:/home/dev_ws/install/ros_tcp_endpoint:/home/dev_ws/install/face_controller:/home/dev_ws/install/audio /usr/bin/cmake --build /home/dev_ws/build/unity_robotics_demo_msgs -- -j12 -l12
[2.695s] [  1%] Built target unity_robotics_demo_msgs__cpp
[2.696s] [ 12%] Built target unity_robotics_demo_msgs__rosidl_generator_c
[2.697s] [ 29%] Built target unity_robotics_demo_msgs__rosidl_typesupport_cpp
[2.698s] [ 35%] Built target unity_robotics_demo_msgs__rosidl_typesupport_introspection_cpp
[2.698s] [ 58%] Built target unity_robotics_demo_msgs__rosidl_typesupport_fastrtps_cpp
[2.699s] [ 58%] Built target unity_robotics_demo_msgs__rosidl_typesupport_c
[2.700s] [ 70%] Built target unity_robotics_demo_msgs__rosidl_typesupport_introspection_c
[2.702s] [ 81%] Built target unity_robotics_demo_msgs__rosidl_typesupport_fastrtps_c
[2.705s] [ 81%] Built target unity_robotics_demo_msgs
[2.705s] [ 82%] Built target unity_robotics_demo_msgs__py
[2.709s] [ 93%] Built target unity_robotics_demo_msgs__python
[2.710s] [ 96%] Built target unity_robotics_demo_msgs__rosidl_typesupport_fastrtps_c__pyext
[2.711s] [ 98%] Built target unity_robotics_demo_msgs__rosidl_typesupport_c__pyext
[2.712s] [100%] Built target unity_robotics_demo_msgs__rosidl_typesupport_introspection_c__pyext
[2.714s] Invoked command in '/home/dev_ws/build/unity_robotics_demo_msgs' returned '0': CMAKE_PREFIX_PATH=${CMAKE_PREFIX_PATH}:/opt/ros/foxy:/home/dev_ws/install/vision:/home/dev_ws/install/utils:/home/dev_ws/install/unity_robotics_demo:/home/dev_ws/install/ros_tcp_endpoint:/home/dev_ws/install/face_controller:/home/dev_ws/install/audio /usr/bin/cmake --build /home/dev_ws/build/unity_robotics_demo_msgs -- -j12 -l12
[3.214s] Invoking command in '/home/dev_ws/build/unity_robotics_demo_msgs': CMAKE_PREFIX_PATH=${CMAKE_PREFIX_PATH}:/opt/ros/foxy:/home/dev_ws/install/vision:/home/dev_ws/install/utils:/home/dev_ws/install/unity_robotics_demo:/home/dev_ws/install/ros_tcp_endpoint:/home/dev_ws/install/face_controller:/home/dev_ws/install/audio /usr/bin/cmake --install /home/dev_ws/build/unity_robotics_demo_msgs
[3.243s] -- Install configuration: ""
[3.243s] -- Up-to-date: /home/dev_ws/install/unity_robotics_demo_msgs/share/ament_index/resource_index/rosidl_interfaces/unity_robotics_demo_msgs
[3.244s] -- Up-to-date: /home/dev_ws/install/unity_robotics_demo_msgs/include/unity_robotics_demo_msgs
[3.244s] -- Up-to-date: /home/dev_ws/install/unity_robotics_demo_msgs/include/unity_robotics_demo_msgs/srv
[3.245s] -- Up-to-date: /home/dev_ws/install/unity_robotics_demo_msgs/include/unity_robotics_demo_msgs/srv/position_service.h
[3.246s] -- Up-to-date: /home/dev_ws/install/unity_robotics_demo_msgs/include/unity_robotics_demo_msgs/srv/object_pose_service.h
[3.247s] -- Up-to-date: /home/dev_ws/install/unity_robotics_demo_msgs/include/unity_robotics_demo_msgs/srv/detail
[3.247s] -- Up-to-date: /home/dev_ws/install/unity_robotics_demo_msgs/include/unity_robotics_demo_msgs/srv/detail/object_pose_service__struct.h
[3.248s] -- Up-to-date: /home/dev_ws/install/unity_robotics_demo_msgs/include/unity_robotics_demo_msgs/srv/detail/object_pose_service__type_support.h
[3.249s] -- Up-to-date: /home/dev_ws/install/unity_robotics_demo_msgs/include/unity_robotics_demo_msgs/srv/detail/position_service__functions.c
[3.250s] -- Up-to-date: /home/dev_ws/install/unity_robotics_demo_msgs/include/unity_robotics_demo_msgs/srv/detail/position_service__functions.h
[3.251s] -- Up-to-date: /home/dev_ws/install/unity_robotics_demo_msgs/include/unity_robotics_demo_msgs/srv/detail/position_service__struct.h
[3.251s] -- Up-to-date: /home/dev_ws/install/unity_robotics_demo_msgs/include/unity_robotics_demo_msgs/srv/detail/object_pose_service__functions.h
[3.252s] -- Up-to-date: /home/dev_ws/install/unity_robotics_demo_msgs/include/unity_robotics_demo_msgs/srv/detail/position_service__type_support.h
[3.252s] -- Up-to-date: /home/dev_ws/install/unity_robotics_demo_msgs/include/unity_robotics_demo_msgs/srv/detail/object_pose_service__functions.c
[3.255s] -- Up-to-date: /home/dev_ws/install/unity_robotics_demo_msgs/include/unity_robotics_demo_msgs/msg
[3.257s] -- Up-to-date: /home/dev_ws/install/unity_robotics_demo_msgs/include/unity_robotics_demo_msgs/msg/targets_reached.h
[3.257s] -- Up-to-date: /home/dev_ws/install/unity_robotics_demo_msgs/include/unity_robotics_demo_msgs/msg/pos_eyelids.h
[3.258s] -- Up-to-date: /home/dev_ws/install/unity_robotics_demo_msgs/include/unity_robotics_demo_msgs/msg/audio.h
[3.258s] -- Up-to-date: /home/dev_ws/install/unity_robotics_demo_msgs/include/unity_robotics_demo_msgs/msg/pos_rot.h
[3.258s] -- Up-to-date: /home/dev_ws/install/unity_robotics_demo_msgs/include/unity_robotics_demo_msgs/msg/rosidl_generator_c__visibility_control.h
[3.259s] -- Up-to-date: /home/dev_ws/install/unity_robotics_demo_msgs/include/unity_robotics_demo_msgs/msg/joints_to_target.h
[3.260s] -- Up-to-date: /home/dev_ws/install/unity_robotics_demo_msgs/include/unity_robotics_demo_msgs/msg/detail
[3.260s] -- Up-to-date: /home/dev_ws/install/unity_robotics_demo_msgs/include/unity_robotics_demo_msgs/msg/detail/audio__functions.c
[3.261s] -- Up-to-date: /home/dev_ws/install/unity_robotics_demo_msgs/include/unity_robotics_demo_msgs/msg/detail/pos_rot__type_support.h
[3.262s] -- Up-to-date: /home/dev_ws/install/unity_robotics_demo_msgs/include/unity_robotics_demo_msgs/msg/detail/unity_color__type_support.h
[3.264s] -- Up-to-date: /home/dev_ws/install/unity_robotics_demo_msgs/include/unity_robotics_demo_msgs/msg/detail/audio__struct.h
[3.264s] -- Up-to-date: /home/dev_ws/install/unity_robotics_demo_msgs/include/unity_robotics_demo_msgs/msg/detail/targets_reached__functions.h
[3.266s] -- Up-to-date: /home/dev_ws/install/unity_robotics_demo_msgs/include/unity_robotics_demo_msgs/msg/detail/joints_to_target__struct.h
[3.267s] -- Up-to-date: /home/dev_ws/install/unity_robotics_demo_msgs/include/unity_robotics_demo_msgs/msg/detail/targets_reached__functions.c
[3.267s] -- Up-to-date: /home/dev_ws/install/unity_robotics_demo_msgs/include/unity_robotics_demo_msgs/msg/detail/pos_rot__struct.h
[3.268s] -- Up-to-date: /home/dev_ws/install/unity_robotics_demo_msgs/include/unity_robotics_demo_msgs/msg/detail/unity_color__functions.c
[3.269s] -- Up-to-date: /home/dev_ws/install/unity_robotics_demo_msgs/include/unity_robotics_demo_msgs/msg/detail/pos_eyelids__type_support.h
[3.269s] -- Up-to-date: /home/dev_ws/install/unity_robotics_demo_msgs/include/unity_robotics_demo_msgs/msg/detail/unity_color__struct.h
[3.270s] -- Up-to-date: /home/dev_ws/install/unity_robotics_demo_msgs/include/unity_robotics_demo_msgs/msg/detail/pos_eyelids__functions.h
[3.270s] -- Up-to-date: /home/dev_ws/install/unity_robotics_demo_msgs/include/unity_robotics_demo_msgs/msg/detail/pos_rot__functions.h
[3.271s] -- Up-to-date: /home/dev_ws/install/unity_robotics_demo_msgs/include/unity_robotics_demo_msgs/msg/detail/audio__functions.h
[3.271s] -- Up-to-date: /home/dev_ws/install/unity_robotics_demo_msgs/include/unity_robotics_demo_msgs/msg/detail/joints_to_target__functions.h
[3.272s] -- Up-to-date: /home/dev_ws/install/unity_robotics_demo_msgs/include/unity_robotics_demo_msgs/msg/detail/targets_reached__struct.h
[3.273s] -- Up-to-date: /home/dev_ws/install/unity_robotics_demo_msgs/include/unity_robotics_demo_msgs/msg/detail/pos_eyelids__struct.h
[3.274s] -- Up-to-date: /home/dev_ws/install/unity_robotics_demo_msgs/include/unity_robotics_demo_msgs/msg/detail/audio__type_support.h
[3.279s] -- Up-to-date: /home/dev_ws/install/unity_robotics_demo_msgs/include/unity_robotics_demo_msgs/msg/detail/joints_to_target__type_support.h
[3.279s] -- Up-to-date: /home/dev_ws/install/unity_robotics_demo_msgs/include/unity_robotics_demo_msgs/msg/detail/targets_reached__type_support.h
[3.280s] -- Up-to-date: /home/dev_ws/install/unity_robotics_demo_msgs/include/unity_robotics_demo_msgs/msg/detail/joints_to_target__functions.c
[3.281s] -- Up-to-date: /home/dev_ws/install/unity_robotics_demo_msgs/include/unity_robotics_demo_msgs/msg/detail/pos_rot__functions.c
[3.282s] -- Up-to-date: /home/dev_ws/install/unity_robotics_demo_msgs/include/unity_robotics_demo_msgs/msg/detail/unity_color__functions.h
[3.282s] -- Up-to-date: /home/dev_ws/install/unity_robotics_demo_msgs/include/unity_robotics_demo_msgs/msg/detail/pos_eyelids__functions.c
[3.283s] -- Up-to-date: /home/dev_ws/install/unity_robotics_demo_msgs/include/unity_robotics_demo_msgs/msg/unity_color.h
[3.284s] -- Up-to-date: /home/dev_ws/install/unity_robotics_demo_msgs/share/unity_robotics_demo_msgs/environment/library_path.sh
[3.284s] -- Up-to-date: /home/dev_ws/install/unity_robotics_demo_msgs/share/unity_robotics_demo_msgs/environment/library_path.dsv
[3.285s] -- Up-to-date: /home/dev_ws/install/unity_robotics_demo_msgs/lib/libunity_robotics_demo_msgs__rosidl_generator_c.so
[3.286s] -- Up-to-date: /home/dev_ws/install/unity_robotics_demo_msgs/include/unity_robotics_demo_msgs
[3.286s] -- Up-to-date: /home/dev_ws/install/unity_robotics_demo_msgs/include/unity_robotics_demo_msgs/srv
[3.286s] -- Up-to-date: /home/dev_ws/install/unity_robotics_demo_msgs/include/unity_robotics_demo_msgs/srv/detail
[3.287s] -- Up-to-date: /home/dev_ws/install/unity_robotics_demo_msgs/include/unity_robotics_demo_msgs/srv/detail/object_pose_service__rosidl_typesupport_fastrtps_c.h
[3.287s] -- Up-to-date: /home/dev_ws/install/unity_robotics_demo_msgs/include/unity_robotics_demo_msgs/srv/detail/position_service__rosidl_typesupport_fastrtps_c.h
[3.287s] -- Up-to-date: /home/dev_ws/install/unity_robotics_demo_msgs/include/unity_robotics_demo_msgs/msg
[3.288s] -- Up-to-date: /home/dev_ws/install/unity_robotics_demo_msgs/include/unity_robotics_demo_msgs/msg/rosidl_typesupport_fastrtps_c__visibility_control.h
[3.288s] -- Up-to-date: /home/dev_ws/install/unity_robotics_demo_msgs/include/unity_robotics_demo_msgs/msg/detail
[3.288s] -- Up-to-date: /home/dev_ws/install/unity_robotics_demo_msgs/include/unity_robotics_demo_msgs/msg/detail/unity_color__rosidl_typesupport_fastrtps_c.h
[3.288s] -- Up-to-date: /home/dev_ws/install/unity_robotics_demo_msgs/include/unity_robotics_demo_msgs/msg/detail/pos_eyelids__rosidl_typesupport_fastrtps_c.h
[3.289s] -- Up-to-date: /home/dev_ws/install/unity_robotics_demo_msgs/include/unity_robotics_demo_msgs/msg/detail/targets_reached__rosidl_typesupport_fastrtps_c.h
[3.289s] -- Up-to-date: /home/dev_ws/install/unity_robotics_demo_msgs/include/unity_robotics_demo_msgs/msg/detail/joints_to_target__rosidl_typesupport_fastrtps_c.h
[3.289s] -- Up-to-date: /home/dev_ws/install/unity_robotics_demo_msgs/include/unity_robotics_demo_msgs/msg/detail/audio__rosidl_typesupport_fastrtps_c.h
[3.290s] -- Up-to-date: /home/dev_ws/install/unity_robotics_demo_msgs/include/unity_robotics_demo_msgs/msg/detail/pos_rot__rosidl_typesupport_fastrtps_c.h
[3.290s] -- Up-to-date: /home/dev_ws/install/unity_robotics_demo_msgs/lib/libunity_robotics_demo_msgs__rosidl_typesupport_fastrtps_c.so
[3.290s] -- Up-to-date: /home/dev_ws/install/unity_robotics_demo_msgs/include/unity_robotics_demo_msgs
[3.291s] -- Up-to-date: /home/dev_ws/install/unity_robotics_demo_msgs/include/unity_robotics_demo_msgs/srv
[3.291s] -- Up-to-date: /home/dev_ws/install/unity_robotics_demo_msgs/include/unity_robotics_demo_msgs/srv/detail
[3.292s] -- Up-to-date: /home/dev_ws/install/unity_robotics_demo_msgs/include/unity_robotics_demo_msgs/srv/detail/position_service__rosidl_typesupport_fastrtps_cpp.hpp
[3.296s] -- Up-to-date: /home/dev_ws/install/unity_robotics_demo_msgs/include/unity_robotics_demo_msgs/srv/detail/object_pose_service__rosidl_typesupport_fastrtps_cpp.hpp
[3.296s] -- Up-to-date: /home/dev_ws/install/unity_robotics_demo_msgs/include/unity_robotics_demo_msgs/srv/detail/dds_fastrtps
[3.297s] -- Up-to-date: /home/dev_ws/install/unity_robotics_demo_msgs/include/unity_robotics_demo_msgs/msg
[3.297s] -- Up-to-date: /home/dev_ws/install/unity_robotics_demo_msgs/include/unity_robotics_demo_msgs/msg/rosidl_typesupport_fastrtps_cpp__visibility_control.h
[3.297s] -- Up-to-date: /home/dev_ws/install/unity_robotics_demo_msgs/include/unity_robotics_demo_msgs/msg/detail
[3.298s] -- Up-to-date: /home/dev_ws/install/unity_robotics_demo_msgs/include/unity_robotics_demo_msgs/msg/detail/pos_rot__rosidl_typesupport_fastrtps_cpp.hpp
[3.298s] -- Up-to-date: /home/dev_ws/install/unity_robotics_demo_msgs/include/unity_robotics_demo_msgs/msg/detail/dds_fastrtps
[3.298s] -- Up-to-date: /home/dev_ws/install/unity_robotics_demo_msgs/include/unity_robotics_demo_msgs/msg/detail/joints_to_target__rosidl_typesupport_fastrtps_cpp.hpp
[3.298s] -- Up-to-date: /home/dev_ws/install/unity_robotics_demo_msgs/include/unity_robotics_demo_msgs/msg/detail/unity_color__rosidl_typesupport_fastrtps_cpp.hpp
[3.299s] -- Up-to-date: /home/dev_ws/install/unity_robotics_demo_msgs/include/unity_robotics_demo_msgs/msg/detail/targets_reached__rosidl_typesupport_fastrtps_cpp.hpp
[3.300s] -- Up-to-date: /home/dev_ws/install/unity_robotics_demo_msgs/include/unity_robotics_demo_msgs/msg/detail/pos_eyelids__rosidl_typesupport_fastrtps_cpp.hpp
[3.302s] -- Up-to-date: /home/dev_ws/install/unity_robotics_demo_msgs/include/unity_robotics_demo_msgs/msg/detail/audio__rosidl_typesupport_fastrtps_cpp.hpp
[3.302s] -- Up-to-date: /home/dev_ws/install/unity_robotics_demo_msgs/lib/libunity_robotics_demo_msgs__rosidl_typesupport_fastrtps_cpp.so
[3.303s] -- Up-to-date: /home/dev_ws/install/unity_robotics_demo_msgs/include/unity_robotics_demo_msgs
[3.303s] -- Up-to-date: /home/dev_ws/install/unity_robotics_demo_msgs/include/unity_robotics_demo_msgs/srv
[3.303s] -- Up-to-date: /home/dev_ws/install/unity_robotics_demo_msgs/include/unity_robotics_demo_msgs/srv/detail
[3.304s] -- Up-to-date: /home/dev_ws/install/unity_robotics_demo_msgs/include/unity_robotics_demo_msgs/srv/detail/position_service__type_support.c
[3.304s] -- Up-to-date: /home/dev_ws/install/unity_robotics_demo_msgs/include/unity_robotics_demo_msgs/srv/detail/position_service__rosidl_typesupport_introspection_c.h
[3.304s] -- Up-to-date: /home/dev_ws/install/unity_robotics_demo_msgs/include/unity_robotics_demo_msgs/srv/detail/object_pose_service__rosidl_typesupport_introspection_c.h
[3.305s] -- Up-to-date: /home/dev_ws/install/unity_robotics_demo_msgs/include/unity_robotics_demo_msgs/srv/detail/object_pose_service__type_support.c
[3.305s] -- Up-to-date: /home/dev_ws/install/unity_robotics_demo_msgs/include/unity_robotics_demo_msgs/msg
[3.305s] -- Up-to-date: /home/dev_ws/install/unity_robotics_demo_msgs/include/unity_robotics_demo_msgs/msg/rosidl_typesupport_introspection_c__visibility_control.h
[3.306s] -- Up-to-date: /home/dev_ws/install/unity_robotics_demo_msgs/include/unity_robotics_demo_msgs/msg/detail
[3.306s] -- Up-to-date: /home/dev_ws/install/unity_robotics_demo_msgs/include/unity_robotics_demo_msgs/msg/detail/pos_rot__rosidl_typesupport_introspection_c.h
[3.306s] -- Up-to-date: /home/dev_ws/install/unity_robotics_demo_msgs/include/unity_robotics_demo_msgs/msg/detail/pos_eyelids__rosidl_typesupport_introspection_c.h
[3.306s] -- Up-to-date: /home/dev_ws/install/unity_robotics_demo_msgs/include/unity_robotics_demo_msgs/msg/detail/unity_color__rosidl_typesupport_introspection_c.h
[3.307s] -- Up-to-date: /home/dev_ws/install/unity_robotics_demo_msgs/include/unity_robotics_demo_msgs/msg/detail/pos_eyelids__type_support.c
[3.307s] -- Up-to-date: /home/dev_ws/install/unity_robotics_demo_msgs/include/unity_robotics_demo_msgs/msg/detail/audio__rosidl_typesupport_introspection_c.h
[3.307s] -- Up-to-date: /home/dev_ws/install/unity_robotics_demo_msgs/include/unity_robotics_demo_msgs/msg/detail/joints_to_target__type_support.c
[3.308s] -- Up-to-date: /home/dev_ws/install/unity_robotics_demo_msgs/include/unity_robotics_demo_msgs/msg/detail/joints_to_target__rosidl_typesupport_introspection_c.h
[3.308s] -- Up-to-date: /home/dev_ws/install/unity_robotics_demo_msgs/include/unity_robotics_demo_msgs/msg/detail/pos_rot__type_support.c
[3.308s] -- Up-to-date: /home/dev_ws/install/unity_robotics_demo_msgs/include/unity_robotics_demo_msgs/msg/detail/targets_reached__rosidl_typesupport_introspection_c.h
[3.308s] -- Up-to-date: /home/dev_ws/install/unity_robotics_demo_msgs/include/unity_robotics_demo_msgs/msg/detail/audio__type_support.c
[3.309s] -- Up-to-date: /home/dev_ws/install/unity_robotics_demo_msgs/include/unity_robotics_demo_msgs/msg/detail/targets_reached__type_support.c
[3.309s] -- Up-to-date: /home/dev_ws/install/unity_robotics_demo_msgs/include/unity_robotics_demo_msgs/msg/detail/unity_color__type_support.c
[3.309s] -- Up-to-date: /home/dev_ws/install/unity_robotics_demo_msgs/lib/libunity_robotics_demo_msgs__rosidl_typesupport_introspection_c.so
[3.310s] -- Up-to-date: /home/dev_ws/install/unity_robotics_demo_msgs/lib/libunity_robotics_demo_msgs__rosidl_typesupport_c.so
[3.311s] -- Up-to-date: /home/dev_ws/install/unity_robotics_demo_msgs/include/unity_robotics_demo_msgs
[3.311s] -- Up-to-date: /home/dev_ws/install/unity_robotics_demo_msgs/include/unity_robotics_demo_msgs/srv
[3.312s] -- Up-to-date: /home/dev_ws/install/unity_robotics_demo_msgs/include/unity_robotics_demo_msgs/srv/position_service.hpp
[3.312s] -- Up-to-date: /home/dev_ws/install/unity_robotics_demo_msgs/include/unity_robotics_demo_msgs/srv/detail
[3.312s] -- Up-to-date: /home/dev_ws/install/unity_robotics_demo_msgs/include/unity_robotics_demo_msgs/srv/detail/position_service__builder.hpp
[3.312s] -- Up-to-date: /home/dev_ws/install/unity_robotics_demo_msgs/include/unity_robotics_demo_msgs/srv/detail/object_pose_service__struct.hpp
[3.313s] -- Up-to-date: /home/dev_ws/install/unity_robotics_demo_msgs/include/unity_robotics_demo_msgs/srv/detail/position_service__struct.hpp
[3.313s] -- Up-to-date: /home/dev_ws/install/unity_robotics_demo_msgs/include/unity_robotics_demo_msgs/srv/detail/position_service__traits.hpp
[3.313s] -- Up-to-date: /home/dev_ws/install/unity_robotics_demo_msgs/include/unity_robotics_demo_msgs/srv/detail/object_pose_service__builder.hpp
[3.313s] -- Up-to-date: /home/dev_ws/install/unity_robotics_demo_msgs/include/unity_robotics_demo_msgs/srv/detail/object_pose_service__traits.hpp
[3.314s] -- Up-to-date: /home/dev_ws/install/unity_robotics_demo_msgs/include/unity_robotics_demo_msgs/srv/object_pose_service.hpp
[3.314s] -- Up-to-date: /home/dev_ws/install/unity_robotics_demo_msgs/include/unity_robotics_demo_msgs/msg
[3.315s] -- Up-to-date: /home/dev_ws/install/unity_robotics_demo_msgs/include/unity_robotics_demo_msgs/msg/audio.hpp
[3.315s] -- Up-to-date: /home/dev_ws/install/unity_robotics_demo_msgs/include/unity_robotics_demo_msgs/msg/joints_to_target.hpp
[3.316s] -- Up-to-date: /home/dev_ws/install/unity_robotics_demo_msgs/include/unity_robotics_demo_msgs/msg/targets_reached.hpp
[3.316s] -- Up-to-date: /home/dev_ws/install/unity_robotics_demo_msgs/include/unity_robotics_demo_msgs/msg/pos_rot.hpp
[3.317s] -- Up-to-date: /home/dev_ws/install/unity_robotics_demo_msgs/include/unity_robotics_demo_msgs/msg/detail
[3.317s] -- Up-to-date: /home/dev_ws/install/unity_robotics_demo_msgs/include/unity_robotics_demo_msgs/msg/detail/pos_eyelids__traits.hpp
[3.318s] -- Up-to-date: /home/dev_ws/install/unity_robotics_demo_msgs/include/unity_robotics_demo_msgs/msg/detail/joints_to_target__builder.hpp
[3.318s] -- Up-to-date: /home/dev_ws/install/unity_robotics_demo_msgs/include/unity_robotics_demo_msgs/msg/detail/targets_reached__traits.hpp
[3.319s] -- Up-to-date: /home/dev_ws/install/unity_robotics_demo_msgs/include/unity_robotics_demo_msgs/msg/detail/targets_reached__struct.hpp
[3.319s] -- Up-to-date: /home/dev_ws/install/unity_robotics_demo_msgs/include/unity_robotics_demo_msgs/msg/detail/pos_rot__struct.hpp
[3.319s] -- Up-to-date: /home/dev_ws/install/unity_robotics_demo_msgs/include/unity_robotics_demo_msgs/msg/detail/audio__builder.hpp
[3.320s] -- Up-to-date: /home/dev_ws/install/unity_robotics_demo_msgs/include/unity_robotics_demo_msgs/msg/detail/unity_color__traits.hpp
[3.320s] -- Up-to-date: /home/dev_ws/install/unity_robotics_demo_msgs/include/unity_robotics_demo_msgs/msg/detail/targets_reached__builder.hpp
[3.320s] -- Up-to-date: /home/dev_ws/install/unity_robotics_demo_msgs/include/unity_robotics_demo_msgs/msg/detail/pos_eyelids__struct.hpp
[3.321s] -- Up-to-date: /home/dev_ws/install/unity_robotics_demo_msgs/include/unity_robotics_demo_msgs/msg/detail/pos_rot__traits.hpp
[3.321s] -- Up-to-date: /home/dev_ws/install/unity_robotics_demo_msgs/include/unity_robotics_demo_msgs/msg/detail/audio__struct.hpp
[3.321s] -- Up-to-date: /home/dev_ws/install/unity_robotics_demo_msgs/include/unity_robotics_demo_msgs/msg/detail/unity_color__builder.hpp
[3.322s] -- Up-to-date: /home/dev_ws/install/unity_robotics_demo_msgs/include/unity_robotics_demo_msgs/msg/detail/pos_eyelids__builder.hpp
[3.322s] -- Up-to-date: /home/dev_ws/install/unity_robotics_demo_msgs/include/unity_robotics_demo_msgs/msg/detail/unity_color__struct.hpp
[3.322s] -- Up-to-date: /home/dev_ws/install/unity_robotics_demo_msgs/include/unity_robotics_demo_msgs/msg/detail/pos_rot__builder.hpp
[3.323s] -- Up-to-date: /home/dev_ws/install/unity_robotics_demo_msgs/include/unity_robotics_demo_msgs/msg/detail/audio__traits.hpp
[3.323s] -- Up-to-date: /home/dev_ws/install/unity_robotics_demo_msgs/include/unity_robotics_demo_msgs/msg/detail/joints_to_target__traits.hpp
[3.324s] -- Up-to-date: /home/dev_ws/install/unity_robotics_demo_msgs/include/unity_robotics_demo_msgs/msg/detail/joints_to_target__struct.hpp
[3.324s] -- Up-to-date: /home/dev_ws/install/unity_robotics_demo_msgs/include/unity_robotics_demo_msgs/msg/pos_eyelids.hpp
[3.324s] -- Up-to-date: /home/dev_ws/install/unity_robotics_demo_msgs/include/unity_robotics_demo_msgs/msg/unity_color.hpp
[3.325s] -- Up-to-date: /home/dev_ws/install/unity_robotics_demo_msgs/include/unity_robotics_demo_msgs
[3.325s] -- Up-to-date: /home/dev_ws/install/unity_robotics_demo_msgs/include/unity_robotics_demo_msgs/srv
[3.325s] -- Up-to-date: /home/dev_ws/install/unity_robotics_demo_msgs/include/unity_robotics_demo_msgs/srv/detail
[3.325s] -- Up-to-date: /home/dev_ws/install/unity_robotics_demo_msgs/include/unity_robotics_demo_msgs/srv/detail/object_pose_service__type_support.cpp
[3.325s] -- Up-to-date: /home/dev_ws/install/unity_robotics_demo_msgs/include/unity_robotics_demo_msgs/srv/detail/position_service__type_support.cpp
[3.326s] -- Up-to-date: /home/dev_ws/install/unity_robotics_demo_msgs/include/unity_robotics_demo_msgs/srv/detail/object_pose_service__rosidl_typesupport_introspection_cpp.hpp
[3.326s] -- Up-to-date: /home/dev_ws/install/unity_robotics_demo_msgs/include/unity_robotics_demo_msgs/srv/detail/position_service__rosidl_typesupport_introspection_cpp.hpp
[3.326s] -- Up-to-date: /home/dev_ws/install/unity_robotics_demo_msgs/include/unity_robotics_demo_msgs/msg
[3.327s] -- Up-to-date: /home/dev_ws/install/unity_robotics_demo_msgs/include/unity_robotics_demo_msgs/msg/detail
[3.327s] -- Up-to-date: /home/dev_ws/install/unity_robotics_demo_msgs/include/unity_robotics_demo_msgs/msg/detail/pos_rot__type_support.cpp
[3.327s] -- Up-to-date: /home/dev_ws/install/unity_robotics_demo_msgs/include/unity_robotics_demo_msgs/msg/detail/targets_reached__type_support.cpp
[3.328s] -- Up-to-date: /home/dev_ws/install/unity_robotics_demo_msgs/include/unity_robotics_demo_msgs/msg/detail/pos_eyelids__rosidl_typesupport_introspection_cpp.hpp
[3.328s] -- Up-to-date: /home/dev_ws/install/unity_robotics_demo_msgs/include/unity_robotics_demo_msgs/msg/detail/targets_reached__rosidl_typesupport_introspection_cpp.hpp
[3.328s] -- Up-to-date: /home/dev_ws/install/unity_robotics_demo_msgs/include/unity_robotics_demo_msgs/msg/detail/unity_color__type_support.cpp
[3.329s] -- Up-to-date: /home/dev_ws/install/unity_robotics_demo_msgs/include/unity_robotics_demo_msgs/msg/detail/joints_to_target__type_support.cpp
[3.329s] -- Up-to-date: /home/dev_ws/install/unity_robotics_demo_msgs/include/unity_robotics_demo_msgs/msg/detail/joints_to_target__rosidl_typesupport_introspection_cpp.hpp
[3.329s] -- Up-to-date: /home/dev_ws/install/unity_robotics_demo_msgs/include/unity_robotics_demo_msgs/msg/detail/audio__rosidl_typesupport_introspection_cpp.hpp
[3.329s] -- Up-to-date: /home/dev_ws/install/unity_robotics_demo_msgs/include/unity_robotics_demo_msgs/msg/detail/pos_rot__rosidl_typesupport_introspection_cpp.hpp
[3.330s] -- Up-to-date: /home/dev_ws/install/unity_robotics_demo_msgs/include/unity_robotics_demo_msgs/msg/detail/pos_eyelids__type_support.cpp
[3.330s] -- Up-to-date: /home/dev_ws/install/unity_robotics_demo_msgs/include/unity_robotics_demo_msgs/msg/detail/unity_color__rosidl_typesupport_introspection_cpp.hpp
[3.330s] -- Up-to-date: /home/dev_ws/install/unity_robotics_demo_msgs/include/unity_robotics_demo_msgs/msg/detail/audio__type_support.cpp
[3.330s] -- Up-to-date: /home/dev_ws/install/unity_robotics_demo_msgs/lib/libunity_robotics_demo_msgs__rosidl_typesupport_introspection_cpp.so
[3.331s] -- Up-to-date: /home/dev_ws/install/unity_robotics_demo_msgs/lib/libunity_robotics_demo_msgs__rosidl_typesupport_cpp.so
[3.331s] -- Up-to-date: /home/dev_ws/install/unity_robotics_demo_msgs/share/unity_robotics_demo_msgs/environment/pythonpath.sh
[3.331s] -- Up-to-date: /home/dev_ws/install/unity_robotics_demo_msgs/share/unity_robotics_demo_msgs/environment/pythonpath.dsv
[3.332s] -- Up-to-date: /home/dev_ws/install/unity_robotics_demo_msgs/lib/python3.8/site-packages/unity_robotics_demo_msgs/__init__.py
[3.444s] -- Up-to-date: /home/dev_ws/install/unity_robotics_demo_msgs/lib/python3.8/site-packages/unity_robotics_demo_msgs/msg
[3.444s] -- Up-to-date: /home/dev_ws/install/unity_robotics_demo_msgs/lib/python3.8/site-packages/unity_robotics_demo_msgs/msg/_targets_reached_s.c
[3.445s] -- Up-to-date: /home/dev_ws/install/unity_robotics_demo_msgs/lib/python3.8/site-packages/unity_robotics_demo_msgs/msg/_unity_color.py
[3.446s] -- Up-to-date: /home/dev_ws/install/unity_robotics_demo_msgs/lib/python3.8/site-packages/unity_robotics_demo_msgs/msg/_targets_reached.py
[3.446s] -- Up-to-date: /home/dev_ws/install/unity_robotics_demo_msgs/lib/python3.8/site-packages/unity_robotics_demo_msgs/msg/_audio_s.c
[3.447s] -- Up-to-date: /home/dev_ws/install/unity_robotics_demo_msgs/lib/python3.8/site-packages/unity_robotics_demo_msgs/msg/_joints_to_target_s.c
[3.447s] -- Up-to-date: /home/dev_ws/install/unity_robotics_demo_msgs/lib/python3.8/site-packages/unity_robotics_demo_msgs/msg/_joints_to_target.py
[3.448s] -- Up-to-date: /home/dev_ws/install/unity_robotics_demo_msgs/lib/python3.8/site-packages/unity_robotics_demo_msgs/msg/_audio.py
[3.449s] -- Up-to-date: /home/dev_ws/install/unity_robotics_demo_msgs/lib/python3.8/site-packages/unity_robotics_demo_msgs/msg/_pos_eyelids_s.c
[3.449s] -- Up-to-date: /home/dev_ws/install/unity_robotics_demo_msgs/lib/python3.8/site-packages/unity_robotics_demo_msgs/msg/_pos_eyelids.py
[3.449s] -- Up-to-date: /home/dev_ws/install/unity_robotics_demo_msgs/lib/python3.8/site-packages/unity_robotics_demo_msgs/msg/_pos_rot.py
[3.450s] -- Up-to-date: /home/dev_ws/install/unity_robotics_demo_msgs/lib/python3.8/site-packages/unity_robotics_demo_msgs/msg/_unity_color_s.c
[3.450s] -- Up-to-date: /home/dev_ws/install/unity_robotics_demo_msgs/lib/python3.8/site-packages/unity_robotics_demo_msgs/msg/_pos_rot_s.c
[3.451s] -- Up-to-date: /home/dev_ws/install/unity_robotics_demo_msgs/lib/python3.8/site-packages/unity_robotics_demo_msgs/msg/__init__.py
[3.453s] -- Up-to-date: /home/dev_ws/install/unity_robotics_demo_msgs/lib/python3.8/site-packages/unity_robotics_demo_msgs/srv
[3.459s] -- Up-to-date: /home/dev_ws/install/unity_robotics_demo_msgs/lib/python3.8/site-packages/unity_robotics_demo_msgs/srv/_position_service.py
[3.461s] -- Up-to-date: /home/dev_ws/install/unity_robotics_demo_msgs/lib/python3.8/site-packages/unity_robotics_demo_msgs/srv/_object_pose_service_s.c
[3.462s] -- Up-to-date: /home/dev_ws/install/unity_robotics_demo_msgs/lib/python3.8/site-packages/unity_robotics_demo_msgs/srv/_position_service_s.c
[3.462s] -- Up-to-date: /home/dev_ws/install/unity_robotics_demo_msgs/lib/python3.8/site-packages/unity_robotics_demo_msgs/srv/__init__.py
[3.462s] -- Up-to-date: /home/dev_ws/install/unity_robotics_demo_msgs/lib/python3.8/site-packages/unity_robotics_demo_msgs/srv/_object_pose_service.py
[3.463s] -- Up-to-date: /home/dev_ws/install/unity_robotics_demo_msgs/lib/python3.8/site-packages/unity_robotics_demo_msgs/unity_robotics_demo_msgs_s__rosidl_typesupport_fastrtps_c.cpython-38-x86_64-linux-gnu.so
[3.463s] -- Up-to-date: /home/dev_ws/install/unity_robotics_demo_msgs/lib/python3.8/site-packages/unity_robotics_demo_msgs/unity_robotics_demo_msgs_s__rosidl_typesupport_introspection_c.cpython-38-x86_64-linux-gnu.so
[3.464s] -- Up-to-date: /home/dev_ws/install/unity_robotics_demo_msgs/lib/python3.8/site-packages/unity_robotics_demo_msgs/unity_robotics_demo_msgs_s__rosidl_typesupport_c.cpython-38-x86_64-linux-gnu.so
[3.480s] -- Up-to-date: /home/dev_ws/install/unity_robotics_demo_msgs/lib/libunity_robotics_demo_msgs__python.so
[3.480s] -- Up-to-date: /home/dev_ws/install/unity_robotics_demo_msgs/share/unity_robotics_demo_msgs/msg/TargetsReached.idl
[3.481s] -- Up-to-date: /home/dev_ws/install/unity_robotics_demo_msgs/share/unity_robotics_demo_msgs/msg/Audio.idl
[3.481s] -- Up-to-date: /home/dev_ws/install/unity_robotics_demo_msgs/share/unity_robotics_demo_msgs/msg/JointsToTarget.idl
[3.482s] -- Up-to-date: /home/dev_ws/install/unity_robotics_demo_msgs/share/unity_robotics_demo_msgs/msg/PosEyelids.idl
[3.482s] -- Up-to-date: /home/dev_ws/install/unity_robotics_demo_msgs/share/unity_robotics_demo_msgs/msg/PosRot.idl
[3.483s] -- Up-to-date: /home/dev_ws/install/unity_robotics_demo_msgs/share/unity_robotics_demo_msgs/msg/UnityColor.idl
[3.483s] -- Up-to-date: /home/dev_ws/install/unity_robotics_demo_msgs/share/unity_robotics_demo_msgs/srv/PositionService.idl
[3.483s] -- Up-to-date: /home/dev_ws/install/unity_robotics_demo_msgs/share/unity_robotics_demo_msgs/srv/ObjectPoseService.idl
[3.484s] -- Up-to-date: /home/dev_ws/install/unity_robotics_demo_msgs/share/unity_robotics_demo_msgs/msg/TargetsReached.msg
[3.485s] -- Up-to-date: /home/dev_ws/install/unity_robotics_demo_msgs/share/unity_robotics_demo_msgs/msg/Audio.msg
[3.493s] -- Up-to-date: /home/dev_ws/install/unity_robotics_demo_msgs/share/unity_robotics_demo_msgs/msg/JointsToTarget.msg
[3.495s] -- Up-to-date: /home/dev_ws/install/unity_robotics_demo_msgs/share/unity_robotics_demo_msgs/msg/PosEyelids.msg
[3.496s] -- Up-to-date: /home/dev_ws/install/unity_robotics_demo_msgs/share/unity_robotics_demo_msgs/msg/PosRot.msg
[3.497s] -- Up-to-date: /home/dev_ws/install/unity_robotics_demo_msgs/share/unity_robotics_demo_msgs/msg/UnityColor.msg
[3.498s] -- Up-to-date: /home/dev_ws/install/unity_robotics_demo_msgs/share/unity_robotics_demo_msgs/srv/PositionService.srv
[3.501s] -- Up-to-date: /home/dev_ws/install/unity_robotics_demo_msgs/share/unity_robotics_demo_msgs/srv/PositionService_Request.msg
[3.502s] -- Up-to-date: /home/dev_ws/install/unity_robotics_demo_msgs/share/unity_robotics_demo_msgs/srv/PositionService_Response.msg
[3.502s] -- Up-to-date: /home/dev_ws/install/unity_robotics_demo_msgs/share/unity_robotics_demo_msgs/srv/ObjectPoseService.srv
[3.503s] -- Up-to-date: /home/dev_ws/install/unity_robotics_demo_msgs/share/unity_robotics_demo_msgs/srv/ObjectPoseService_Request.msg
[3.503s] -- Up-to-date: /home/dev_ws/install/unity_robotics_demo_msgs/share/unity_robotics_demo_msgs/srv/ObjectPoseService_Response.msg
[3.504s] -- Up-to-date: /home/dev_ws/install/unity_robotics_demo_msgs/share/ament_index/resource_index/package_run_dependencies/unity_robotics_demo_msgs
[3.506s] -- Up-to-date: /home/dev_ws/install/unity_robotics_demo_msgs/share/ament_index/resource_index/parent_prefix_path/unity_robotics_demo_msgs
[3.511s] -- Up-to-date: /home/dev_ws/install/unity_robotics_demo_msgs/share/unity_robotics_demo_msgs/environment/ament_prefix_path.sh
[3.516s] -- Up-to-date: /home/dev_ws/install/unity_robotics_demo_msgs/share/unity_robotics_demo_msgs/environment/ament_prefix_path.dsv
[3.518s] -- Up-to-date: /home/dev_ws/install/unity_robotics_demo_msgs/share/unity_robotics_demo_msgs/environment/path.sh
[3.520s] -- Up-to-date: /home/dev_ws/install/unity_robotics_demo_msgs/share/unity_robotics_demo_msgs/environment/path.dsv
[3.524s] -- Up-to-date: /home/dev_ws/install/unity_robotics_demo_msgs/share/unity_robotics_demo_msgs/local_setup.bash
[3.528s] -- Up-to-date: /home/dev_ws/install/unity_robotics_demo_msgs/share/unity_robotics_demo_msgs/local_setup.sh
[3.535s] -- Up-to-date: /home/dev_ws/install/unity_robotics_demo_msgs/share/unity_robotics_demo_msgs/local_setup.zsh
[3.538s] -- Up-to-date: /home/dev_ws/install/unity_robotics_demo_msgs/share/unity_robotics_demo_msgs/local_setup.dsv
[3.539s] -- Installing: /home/dev_ws/install/unity_robotics_demo_msgs/share/unity_robotics_demo_msgs/package.dsv
[3.540s] -- Up-to-date: /home/dev_ws/install/unity_robotics_demo_msgs/share/ament_index/resource_index/packages/unity_robotics_demo_msgs
[3.547s] -- Up-to-date: /home/dev_ws/install/unity_robotics_demo_msgs/share/unity_robotics_demo_msgs/cmake/unity_robotics_demo_msgs__rosidl_generator_cExport.cmake
[3.548s] -- Up-to-date: /home/dev_ws/install/unity_robotics_demo_msgs/share/unity_robotics_demo_msgs/cmake/unity_robotics_demo_msgs__rosidl_generator_cExport-noconfig.cmake
[3.549s] -- Up-to-date: /home/dev_ws/install/unity_robotics_demo_msgs/share/unity_robotics_demo_msgs/cmake/unity_robotics_demo_msgs__rosidl_typesupport_introspection_cExport.cmake
[3.550s] -- Up-to-date: /home/dev_ws/install/unity_robotics_demo_msgs/share/unity_robotics_demo_msgs/cmake/unity_robotics_demo_msgs__rosidl_typesupport_introspection_cExport-noconfig.cmake
[3.550s] -- Up-to-date: /home/dev_ws/install/unity_robotics_demo_msgs/share/unity_robotics_demo_msgs/cmake/unity_robotics_demo_msgs__rosidl_typesupport_cExport.cmake
[3.551s] -- Up-to-date: /home/dev_ws/install/unity_robotics_demo_msgs/share/unity_robotics_demo_msgs/cmake/unity_robotics_demo_msgs__rosidl_typesupport_cExport-noconfig.cmake
[3.551s] -- Up-to-date: /home/dev_ws/install/unity_robotics_demo_msgs/share/unity_robotics_demo_msgs/cmake/unity_robotics_demo_msgs__rosidl_generator_cppExport.cmake
[3.551s] -- Up-to-date: /home/dev_ws/install/unity_robotics_demo_msgs/share/unity_robotics_demo_msgs/cmake/unity_robotics_demo_msgs__rosidl_typesupport_introspection_cppExport.cmake
[3.551s] -- Up-to-date: /home/dev_ws/install/unity_robotics_demo_msgs/share/unity_robotics_demo_msgs/cmake/unity_robotics_demo_msgs__rosidl_typesupport_introspection_cppExport-noconfig.cmake
[3.551s] -- Up-to-date: /home/dev_ws/install/unity_robotics_demo_msgs/share/unity_robotics_demo_msgs/cmake/unity_robotics_demo_msgs__rosidl_typesupport_cppExport.cmake
[3.552s] -- Up-to-date: /home/dev_ws/install/unity_robotics_demo_msgs/share/unity_robotics_demo_msgs/cmake/unity_robotics_demo_msgs__rosidl_typesupport_cppExport-noconfig.cmake
[3.552s] -- Up-to-date: /home/dev_ws/install/unity_robotics_demo_msgs/share/unity_robotics_demo_msgs/cmake/rosidl_cmake-extras.cmake
[3.552s] -- Up-to-date: /home/dev_ws/install/unity_robotics_demo_msgs/share/unity_robotics_demo_msgs/cmake/ament_cmake_export_dependencies-extras.cmake
[3.552s] -- Up-to-date: /home/dev_ws/install/unity_robotics_demo_msgs/share/unity_robotics_demo_msgs/cmake/ament_cmake_export_libraries-extras.cmake
[3.553s] -- Up-to-date: /home/dev_ws/install/unity_robotics_demo_msgs/share/unity_robotics_demo_msgs/cmake/ament_cmake_export_targets-extras.cmake
[3.553s] -- Up-to-date: /home/dev_ws/install/unity_robotics_demo_msgs/share/unity_robotics_demo_msgs/cmake/ament_cmake_export_include_directories-extras.cmake
[3.553s] -- Up-to-date: /home/dev_ws/install/unity_robotics_demo_msgs/share/unity_robotics_demo_msgs/cmake/rosidl_cmake_export_typesupport_libraries-extras.cmake
[3.553s] -- Up-to-date: /home/dev_ws/install/unity_robotics_demo_msgs/share/unity_robotics_demo_msgs/cmake/rosidl_cmake_export_typesupport_targets-extras.cmake
[3.553s] -- Up-to-date: /home/dev_ws/install/unity_robotics_demo_msgs/share/unity_robotics_demo_msgs/cmake/unity_robotics_demo_msgsConfig.cmake
[3.554s] -- Up-to-date: /home/dev_ws/install/unity_robotics_demo_msgs/share/unity_robotics_demo_msgs/cmake/unity_robotics_demo_msgsConfig-version.cmake
[3.554s] -- Up-to-date: /home/dev_ws/install/unity_robotics_demo_msgs/share/unity_robotics_demo_msgs/package.xml
[3.554s] Invoked command in '/home/dev_ws/build/unity_robotics_demo_msgs' returned '0': CMAKE_PREFIX_PATH=${CMAKE_PREFIX_PATH}:/opt/ros/foxy:/home/dev_ws/install/vision:/home/dev_ws/install/utils:/home/dev_ws/install/unity_robotics_demo:/home/dev_ws/install/ros_tcp_endpoint:/home/dev_ws/install/face_controller:/home/dev_ws/install/audio /usr/bin/cmake --install /home/dev_ws/build/unity_robotics_demo_msgs
