[4.034s] Invoking command in '/home/dev_ws/src/audio': PYTHONPATH=/home/dev_ws/install/audio/lib/python3.8/site-packages:${PYTHONPATH} /usr/bin/python3 setup.py egg_info --egg-base ../../build/audio build --build-base /home/dev_ws/build/audio/build install --prefix /home/dev_ws/install/audio --record /home/dev_ws/build/audio/install.log --single-version-externally-managed
[4.693s] running egg_info
[4.698s] writing ../../build/audio/audio.egg-info/PKG-INFO
[4.698s] writing dependency_links to ../../build/audio/audio.egg-info/dependency_links.txt
[4.699s] writing entry points to ../../build/audio/audio.egg-info/entry_points.txt
[4.699s] writing requirements to ../../build/audio/audio.egg-info/requires.txt
[4.699s] writing top-level names to ../../build/audio/audio.egg-info/top_level.txt
[4.831s] reading manifest file '../../build/audio/audio.egg-info/SOURCES.txt'
[4.834s] writing manifest file '../../build/audio/audio.egg-info/SOURCES.txt'
[4.834s] running build
[4.836s] running build_py
[4.838s] running install
[4.840s] running install_lib
[4.843s] running install_data
[4.844s] running install_egg_info
[4.848s] removing '/home/dev_ws/install/audio/lib/python3.8/site-packages/audio-0.0.0-py3.8.egg-info' (and everything under it)
[4.850s] Copying ../../build/audio/audio.egg-info to /home/dev_ws/install/audio/lib/python3.8/site-packages/audio-0.0.0-py3.8.egg-info
[4.853s] running install_scripts
[4.930s] Installing text_to_speech script to /home/dev_ws/install/audio/lib/audio
[4.932s] writing list of installed files to '/home/dev_ws/build/audio/install.log'
[5.142s] Invoked command in '/home/dev_ws/src/audio' returned '0': PYTHONPATH=/home/dev_ws/install/audio/lib/python3.8/site-packages:${PYTHONPATH} /usr/bin/python3 setup.py egg_info --egg-base ../../build/audio build --build-base /home/dev_ws/build/audio/build install --prefix /home/dev_ws/install/audio --record /home/dev_ws/build/audio/install.log --single-version-externally-managed
