[5.531s] Invoking command in '/home/dev_ws/src/utils': PYTHONPATH=/home/dev_ws/install/utils/lib/python3.8/site-packages:${PYTHONPATH} /usr/bin/python3 setup.py egg_info --egg-base ../../build/utils build --build-base /home/dev_ws/build/utils/build install --prefix /home/dev_ws/install/utils --record /home/dev_ws/build/utils/install.log --single-version-externally-managed
[6.311s] running egg_info
[6.321s] writing ../../build/utils/utils.egg-info/PKG-INFO
[6.323s] writing dependency_links to ../../build/utils/utils.egg-info/dependency_links.txt
[6.324s] writing entry points to ../../build/utils/utils.egg-info/entry_points.txt
[6.324s] writing requirements to ../../build/utils/utils.egg-info/requires.txt
[6.325s] writing top-level names to ../../build/utils/utils.egg-info/top_level.txt
[6.460s] reading manifest file '../../build/utils/utils.egg-info/SOURCES.txt'
[6.472s] writing manifest file '../../build/utils/utils.egg-info/SOURCES.txt'
[6.473s] running build
[6.474s] running build_py
[6.480s] running install
[6.484s] running install_lib
[6.485s] running install_data
[6.487s] running install_egg_info
[6.490s] removing '/home/dev_ws/install/utils/lib/python3.8/site-packages/utils-0.0.0-py3.8.egg-info' (and everything under it)
[6.502s] Copying ../../build/utils/utils.egg-info to /home/dev_ws/install/utils/lib/python3.8/site-packages/utils-0.0.0-py3.8.egg-info
[6.503s] running install_scripts
[6.577s] Installing utils script to /home/dev_ws/install/utils/lib/utils
[6.578s] writing list of installed files to '/home/dev_ws/build/utils/install.log'
[6.688s] Invoked command in '/home/dev_ws/src/utils' returned '0': PYTHONPATH=/home/dev_ws/install/utils/lib/python3.8/site-packages:${PYTHONPATH} /usr/bin/python3 setup.py egg_info --egg-base ../../build/utils build --build-base /home/dev_ws/build/utils/build install --prefix /home/dev_ws/install/utils --record /home/dev_ws/build/utils/install.log --single-version-externally-managed
