running egg_info
writing ../../build/audio/audio.egg-info/PKG-INFO
writing dependency_links to ../../build/audio/audio.egg-info/dependency_links.txt
writing entry points to ../../build/audio/audio.egg-info/entry_points.txt
writing requirements to ../../build/audio/audio.egg-info/requires.txt
writing top-level names to ../../build/audio/audio.egg-info/top_level.txt
reading manifest file '../../build/audio/audio.egg-info/SOURCES.txt'
writing manifest file '../../build/audio/audio.egg-info/SOURCES.txt'
running build
running build_py
copying audio/__init__.py -> /home/jubileo/build/audio/build/lib/audio
copying audio/speech_to_text.py -> /home/jubileo/build/audio/build/lib/audio
running install
running install_lib
copying /home/jubileo/build/audio/build/lib/audio/__init__.py -> /home/jubileo/install/audio/lib/python3.8/site-packages/audio
copying /home/jubileo/build/audio/build/lib/audio/speech_to_text.py -> /home/jubileo/install/audio/lib/python3.8/site-packages/audio
byte-compiling /home/jubileo/install/audio/lib/python3.8/site-packages/audio/__init__.py to __init__.cpython-38.pyc
byte-compiling /home/jubileo/install/audio/lib/python3.8/site-packages/audio/speech_to_text.py to speech_to_text.cpython-38.pyc
running install_data
copying resource/audio -> /home/jubileo/install/audio/share/ament_index/resource_index/packages
copying package.xml -> /home/jubileo/install/audio/share/audio
running install_egg_info
removing '/home/jubileo/install/audio/lib/python3.8/site-packages/audio-0.0.0-py3.8.egg-info' (and everything under it)
Copying ../../build/audio/audio.egg-info to /home/jubileo/install/audio/lib/python3.8/site-packages/audio-0.0.0-py3.8.egg-info
running install_scripts
Installing speech_to_text script to /home/jubileo/install/audio/lib/audio
writing list of installed files to '/home/jubileo/build/audio/install.log'
