[2.030s] Invoking command in '/home/jubileo/src/audio': PYTHONPATH=/home/jubileo/install/audio/lib/python3.8/site-packages:${PYTHONPATH} /usr/bin/python3 setup.py egg_info --egg-base ../../build/audio build --build-base /home/jubileo/build/audio/build install --prefix /home/jubileo/install/audio --record /home/jubileo/build/audio/install.log --single-version-externally-managed
[2.326s] running egg_info
[2.327s] writing ../../build/audio/audio.egg-info/PKG-INFO
[2.328s] writing dependency_links to ../../build/audio/audio.egg-info/dependency_links.txt
[2.328s] writing entry points to ../../build/audio/audio.egg-info/entry_points.txt
[2.329s] writing requirements to ../../build/audio/audio.egg-info/requires.txt
[2.329s] writing top-level names to ../../build/audio/audio.egg-info/top_level.txt
[2.391s] reading manifest file '../../build/audio/audio.egg-info/SOURCES.txt'
[2.392s] writing manifest file '../../build/audio/audio.egg-info/SOURCES.txt'
[2.393s] running build
[2.393s] running build_py
[2.393s] copying audio/__init__.py -> /home/jubileo/build/audio/build/lib/audio
[2.393s] copying audio/speech_to_text.py -> /home/jubileo/build/audio/build/lib/audio
[2.394s] running install
[2.396s] running install_lib
[2.398s] copying /home/jubileo/build/audio/build/lib/audio/__init__.py -> /home/jubileo/install/audio/lib/python3.8/site-packages/audio
[2.399s] copying /home/jubileo/build/audio/build/lib/audio/speech_to_text.py -> /home/jubileo/install/audio/lib/python3.8/site-packages/audio
[2.399s] byte-compiling /home/jubileo/install/audio/lib/python3.8/site-packages/audio/__init__.py to __init__.cpython-38.pyc
[2.400s] byte-compiling /home/jubileo/install/audio/lib/python3.8/site-packages/audio/speech_to_text.py to speech_to_text.cpython-38.pyc
[2.402s] running install_data
[2.404s] copying resource/audio -> /home/jubileo/install/audio/share/ament_index/resource_index/packages
[2.404s] copying package.xml -> /home/jubileo/install/audio/share/audio
[2.404s] running install_egg_info
[2.406s] removing '/home/jubileo/install/audio/lib/python3.8/site-packages/audio-0.0.0-py3.8.egg-info' (and everything under it)
[2.406s] Copying ../../build/audio/audio.egg-info to /home/jubileo/install/audio/lib/python3.8/site-packages/audio-0.0.0-py3.8.egg-info
[2.410s] running install_scripts
[2.438s] Installing speech_to_text script to /home/jubileo/install/audio/lib/audio
[2.438s] writing list of installed files to '/home/jubileo/build/audio/install.log'
[2.533s] Invoked command in '/home/jubileo/src/audio' returned '0': PYTHONPATH=/home/jubileo/install/audio/lib/python3.8/site-packages:${PYTHONPATH} /usr/bin/python3 setup.py egg_info --egg-base ../../build/audio build --build-base /home/jubileo/build/audio/build install --prefix /home/jubileo/install/audio --record /home/jubileo/build/audio/install.log --single-version-externally-managed
