[2.833s] Invoking command in '/home/dev_ws/src/vision': PYTHONPATH=/home/dev_ws/install/vision/lib/python3.8/site-packages:${PYTHONPATH} /usr/bin/python3 setup.py egg_info --egg-base ../../build/vision build --build-base /home/dev_ws/build/vision/build install --prefix /home/dev_ws/install/vision --record /home/dev_ws/build/vision/install.log --single-version-externally-managed
[3.364s] running egg_info
[3.366s] writing ../../build/vision/vision.egg-info/PKG-INFO
[3.367s] writing dependency_links to ../../build/vision/vision.egg-info/dependency_links.txt
[3.368s] writing entry points to ../../build/vision/vision.egg-info/entry_points.txt
[3.369s] writing requirements to ../../build/vision/vision.egg-info/requires.txt
[3.369s] writing top-level names to ../../build/vision/vision.egg-info/top_level.txt
[3.487s] reading manifest file '../../build/vision/vision.egg-info/SOURCES.txt'
[3.491s] writing manifest file '../../build/vision/vision.egg-info/SOURCES.txt'
[3.492s] running build
[3.492s] running build_py
[3.494s] running install
[3.498s] running install_lib
[3.501s] running install_data
[3.503s] running install_egg_info
[3.506s] removing '/home/dev_ws/install/vision/lib/python3.8/site-packages/vision-0.0.0-py3.8.egg-info' (and everything under it)
[3.509s] Copying ../../build/vision/vision.egg-info to /home/dev_ws/install/vision/lib/python3.8/site-packages/vision-0.0.0-py3.8.egg-info
[3.514s] running install_scripts
[3.572s] Installing color_detector script to /home/dev_ws/install/vision/lib/vision
[3.574s] writing list of installed files to '/home/dev_ws/build/vision/install.log'
[3.756s] Invoked command in '/home/dev_ws/src/vision' returned '0': PYTHONPATH=/home/dev_ws/install/vision/lib/python3.8/site-packages:${PYTHONPATH} /usr/bin/python3 setup.py egg_info --egg-base ../../build/vision build --build-base /home/dev_ws/build/vision/build install --prefix /home/dev_ws/install/vision --record /home/dev_ws/build/vision/install.log --single-version-externally-managed
