[3.068s] Invoking command in '/home/dev_ws/src/vision': PYTHONPATH=/home/dev_ws/install/vision/lib/python3.8/site-packages:${PYTHONPATH} /usr/bin/python3 setup.py egg_info --egg-base ../../build/vision build --build-base /home/dev_ws/build/vision/build install --prefix /home/dev_ws/install/vision --record /home/dev_ws/build/vision/install.log --single-version-externally-managed
[3.657s] running egg_info
[3.658s] writing ../../build/vision/vision.egg-info/PKG-INFO
[3.658s] writing dependency_links to ../../build/vision/vision.egg-info/dependency_links.txt
[3.659s] writing entry points to ../../build/vision/vision.egg-info/entry_points.txt
[3.659s] writing requirements to ../../build/vision/vision.egg-info/requires.txt
[3.660s] writing top-level names to ../../build/vision/vision.egg-info/top_level.txt
[3.768s] reading manifest file '../../build/vision/vision.egg-info/SOURCES.txt'
[3.772s] writing manifest file '../../build/vision/vision.egg-info/SOURCES.txt'
[3.772s] running build
[3.773s] running build_py
[3.773s] running install
[3.774s] running install_lib
[3.787s] running install_data
[3.788s] running install_egg_info
[3.793s] removing '/home/dev_ws/install/vision/lib/python3.8/site-packages/vision-0.0.0-py3.8.egg-info' (and everything under it)
[3.794s] Copying ../../build/vision/vision.egg-info to /home/dev_ws/install/vision/lib/python3.8/site-packages/vision-0.0.0-py3.8.egg-info
[3.808s] running install_scripts
[3.878s] Installing color_detector script to /home/dev_ws/install/vision/lib/vision
[3.879s] writing list of installed files to '/home/dev_ws/build/vision/install.log'
[4.114s] Invoked command in '/home/dev_ws/src/vision' returned '0': PYTHONPATH=/home/dev_ws/install/vision/lib/python3.8/site-packages:${PYTHONPATH} /usr/bin/python3 setup.py egg_info --egg-base ../../build/vision build --build-base /home/dev_ws/build/vision/build install --prefix /home/dev_ws/install/vision --record /home/dev_ws/build/vision/install.log --single-version-externally-managed
