[4.212s] Invoking command in '/home/dev_ws/src/manipulation': PYTHONPATH=/home/dev_ws/install/manipulation/lib/python3.8/site-packages:${PYTHONPATH} /usr/bin/python3 setup.py egg_info --egg-base ../../build/manipulation build --build-base /home/dev_ws/build/manipulation/build install --prefix /home/dev_ws/install/manipulation --record /home/dev_ws/build/manipulation/install.log --single-version-externally-managed
[4.903s] running egg_info
[4.905s] writing ../../build/manipulation/manipulation.egg-info/PKG-INFO
[4.906s] writing dependency_links to ../../build/manipulation/manipulation.egg-info/dependency_links.txt
[4.907s] writing entry points to ../../build/manipulation/manipulation.egg-info/entry_points.txt
[4.909s] writing requirements to ../../build/manipulation/manipulation.egg-info/requires.txt
[4.913s] writing top-level names to ../../build/manipulation/manipulation.egg-info/top_level.txt
[5.056s] reading manifest file '../../build/manipulation/manipulation.egg-info/SOURCES.txt'
[5.061s] writing manifest file '../../build/manipulation/manipulation.egg-info/SOURCES.txt'
[5.062s] running build
[5.062s] running build_py
[5.062s] running install
[5.064s] running install_lib
[5.069s] running install_data
[5.073s] running install_egg_info
[5.078s] removing '/home/dev_ws/install/manipulation/lib/python3.8/site-packages/manipulation-0.0.0-py3.8.egg-info' (and everything under it)
[5.080s] Copying ../../build/manipulation/manipulation.egg-info to /home/dev_ws/install/manipulation/lib/python3.8/site-packages/manipulation-0.0.0-py3.8.egg-info
[5.085s] running install_scripts
[5.186s] Installing grab_object script to /home/dev_ws/install/manipulation/lib/manipulation
[5.186s] writing list of installed files to '/home/dev_ws/build/manipulation/install.log'
[5.384s] Invoked command in '/home/dev_ws/src/manipulation' returned '0': PYTHONPATH=/home/dev_ws/install/manipulation/lib/python3.8/site-packages:${PYTHONPATH} /usr/bin/python3 setup.py egg_info --egg-base ../../build/manipulation build --build-base /home/dev_ws/build/manipulation/build install --prefix /home/dev_ws/install/manipulation --record /home/dev_ws/build/manipulation/install.log --single-version-externally-managed
