[2.418s] Invoking command in '/home/jubileo/src/face_controller': PYTHONPATH=/home/jubileo/install/face_controller/lib/python3.8/site-packages:${PYTHONPATH} /usr/bin/python3 setup.py egg_info --egg-base ../../build/face_controller build --build-base /home/jubileo/build/face_controller/build install --prefix /home/jubileo/install/face_controller --record /home/jubileo/build/face_controller/install.log --single-version-externally-managed
[2.753s] running egg_info
[2.754s] writing ../../build/face_controller/face_controller.egg-info/PKG-INFO
[2.754s] writing dependency_links to ../../build/face_controller/face_controller.egg-info/dependency_links.txt
[2.754s] writing entry points to ../../build/face_controller/face_controller.egg-info/entry_points.txt
[2.755s] writing requirements to ../../build/face_controller/face_controller.egg-info/requires.txt
[2.755s] writing top-level names to ../../build/face_controller/face_controller.egg-info/top_level.txt
[2.816s] reading manifest file '../../build/face_controller/face_controller.egg-info/SOURCES.txt'
[2.818s] writing manifest file '../../build/face_controller/face_controller.egg-info/SOURCES.txt'
[2.819s] running build
[2.819s] running build_py
[2.819s] running install
[2.820s] running install_lib
[2.823s] running install_data
[2.824s] running install_egg_info
[2.827s] removing '/home/jubileo/install/face_controller/lib/python3.8/site-packages/face_controller-0.0.0-py3.8.egg-info' (and everything under it)
[2.828s] Copying ../../build/face_controller/face_controller.egg-info to /home/jubileo/install/face_controller/lib/python3.8/site-packages/face_controller-0.0.0-py3.8.egg-info
[2.833s] running install_scripts
[2.871s] Installing facial_expression script to /home/jubileo/install/face_controller/lib/face_controller
[2.872s] writing list of installed files to '/home/jubileo/build/face_controller/install.log'
[2.951s] Invoked command in '/home/jubileo/src/face_controller' returned '0': PYTHONPATH=/home/jubileo/install/face_controller/lib/python3.8/site-packages:${PYTHONPATH} /usr/bin/python3 setup.py egg_info --egg-base ../../build/face_controller build --build-base /home/jubileo/build/face_controller/build install --prefix /home/jubileo/install/face_controller --record /home/jubileo/build/face_controller/install.log --single-version-externally-managed
