[4.668s] Invoking command in '/home/dev_ws/src/face_controller': PYTHONPATH=/home/dev_ws/install/face_controller/lib/python3.8/site-packages:${PYTHONPATH} /usr/bin/python3 setup.py egg_info --egg-base ../../build/face_controller build --build-base /home/dev_ws/build/face_controller/build install --prefix /home/dev_ws/install/face_controller --record /home/dev_ws/build/face_controller/install.log --single-version-externally-managed
[5.409s] running egg_info
[5.412s] writing ../../build/face_controller/face_controller.egg-info/PKG-INFO
[5.414s] writing dependency_links to ../../build/face_controller/face_controller.egg-info/dependency_links.txt
[5.414s] writing entry points to ../../build/face_controller/face_controller.egg-info/entry_points.txt
[5.415s] writing requirements to ../../build/face_controller/face_controller.egg-info/requires.txt
[5.415s] writing top-level names to ../../build/face_controller/face_controller.egg-info/top_level.txt
[5.568s] reading manifest file '../../build/face_controller/face_controller.egg-info/SOURCES.txt'
[5.571s] writing manifest file '../../build/face_controller/face_controller.egg-info/SOURCES.txt'
[5.572s] running build
[5.572s] running build_py
[5.577s] running install
[5.578s] running install_lib
[5.582s] running install_data
[5.583s] running install_egg_info
[5.595s] removing '/home/dev_ws/install/face_controller/lib/python3.8/site-packages/face_controller-0.0.0-py3.8.egg-info' (and everything under it)
[5.596s] Copying ../../build/face_controller/face_controller.egg-info to /home/dev_ws/install/face_controller/lib/python3.8/site-packages/face_controller-0.0.0-py3.8.egg-info
[5.601s] running install_scripts
[5.675s] Installing facial_expression script to /home/dev_ws/install/face_controller/lib/face_controller
[5.676s] writing list of installed files to '/home/dev_ws/build/face_controller/install.log'
[5.817s] Invoked command in '/home/dev_ws/src/face_controller' returned '0': PYTHONPATH=/home/dev_ws/install/face_controller/lib/python3.8/site-packages:${PYTHONPATH} /usr/bin/python3 setup.py egg_info --egg-base ../../build/face_controller build --build-base /home/dev_ws/build/face_controller/build install --prefix /home/dev_ws/install/face_controller --record /home/dev_ws/build/face_controller/install.log --single-version-externally-managed
