[2.060s] Invoking command in '/home/dev_ws/src/vision': PYTHONPATH=/home/dev_ws/install/vision/lib/python3.8/site-packages:${PYTHONPATH} /usr/bin/python3 setup.py egg_info --egg-base ../../build/vision build --build-base /home/dev_ws/build/vision/build install --prefix /home/dev_ws/install/vision --record /home/dev_ws/build/vision/install.log --single-version-externally-managed
[2.346s] running egg_info
[2.347s] writing ../../build/vision/vision.egg-info/PKG-INFO
[2.348s] writing dependency_links to ../../build/vision/vision.egg-info/dependency_links.txt
[2.349s] writing entry points to ../../build/vision/vision.egg-info/entry_points.txt
[2.349s] writing requirements to ../../build/vision/vision.egg-info/requires.txt
[2.350s] writing top-level names to ../../build/vision/vision.egg-info/top_level.txt
[2.423s] reading manifest file '../../build/vision/vision.egg-info/SOURCES.txt'
[2.426s] writing manifest file '../../build/vision/vision.egg-info/SOURCES.txt'
[2.426s] running build
[2.427s] running build_py
[2.427s] running install
[2.428s] running install_lib
[2.430s] running install_data
[2.431s] running install_egg_info
[2.433s] removing '/home/dev_ws/install/vision/lib/python3.8/site-packages/vision-0.0.0-py3.8.egg-info' (and everything under it)
[2.434s] Copying ../../build/vision/vision.egg-info to /home/dev_ws/install/vision/lib/python3.8/site-packages/vision-0.0.0-py3.8.egg-info
[2.437s] running install_scripts
[2.471s] Installing color_detector script to /home/dev_ws/install/vision/lib/vision
[2.472s] Installing face_detector script to /home/dev_ws/install/vision/lib/vision
[2.473s] Installing face_recognizer script to /home/dev_ws/install/vision/lib/vision
[2.473s] Installing facial_expression_detector script to /home/dev_ws/install/vision/lib/vision
[2.474s] writing list of installed files to '/home/dev_ws/build/vision/install.log'
[2.593s] Invoked command in '/home/dev_ws/src/vision' returned '0': PYTHONPATH=/home/dev_ws/install/vision/lib/python3.8/site-packages:${PYTHONPATH} /usr/bin/python3 setup.py egg_info --egg-base ../../build/vision build --build-base /home/dev_ws/build/vision/build install --prefix /home/dev_ws/install/vision --record /home/dev_ws/build/vision/install.log --single-version-externally-managed
