[3.239s] Invoking command in '/home/dev_ws/src/utils': PYTHONPATH=/home/dev_ws/install/utils/lib/python3.8/site-packages:${PYTHONPATH} /usr/bin/python3 setup.py egg_info --egg-base ../../build/utils build --build-base /home/dev_ws/build/utils/build install --prefix /home/dev_ws/install/utils --record /home/dev_ws/build/utils/install.log --single-version-externally-managed
[3.946s] running egg_info
[3.947s] writing ../../build/utils/utils.egg-info/PKG-INFO
[3.947s] writing dependency_links to ../../build/utils/utils.egg-info/dependency_links.txt
[3.948s] writing entry points to ../../build/utils/utils.egg-info/entry_points.txt
[3.948s] writing requirements to ../../build/utils/utils.egg-info/requires.txt
[3.948s] writing top-level names to ../../build/utils/utils.egg-info/top_level.txt
[4.102s] reading manifest file '../../build/utils/utils.egg-info/SOURCES.txt'
[4.105s] writing manifest file '../../build/utils/utils.egg-info/SOURCES.txt'
[4.105s] running build
[4.105s] running build_py
[4.106s] running install
[4.107s] running install_lib
[4.122s] running install_data
[4.123s] running install_egg_info
[4.125s] removing '/home/dev_ws/install/utils/lib/python3.8/site-packages/utils-0.0.0-py3.8.egg-info' (and everything under it)
[4.126s] Copying ../../build/utils/utils.egg-info to /home/dev_ws/install/utils/lib/python3.8/site-packages/utils-0.0.0-py3.8.egg-info
[4.130s] running install_scripts
[4.161s] Installing utils script to /home/dev_ws/install/utils/lib/utils
[4.168s] writing list of installed files to '/home/dev_ws/build/utils/install.log'
[4.320s] Invoked command in '/home/dev_ws/src/utils' returned '0': PYTHONPATH=/home/dev_ws/install/utils/lib/python3.8/site-packages:${PYTHONPATH} /usr/bin/python3 setup.py egg_info --egg-base ../../build/utils build --build-base /home/dev_ws/build/utils/build install --prefix /home/dev_ws/install/utils --record /home/dev_ws/build/utils/install.log --single-version-externally-managed
