[0.181s] DEBUG:colcon:Command line arguments: ['/usr/bin/colcon', 'build']
[0.181s] DEBUG:colcon:Parsed command line arguments: Namespace(ament_cmake_args=None, base_paths=['.'], build_base='build', catkin_cmake_args=None, catkin_skip_building_tests=False, cmake_args=None, cmake_clean_cache=False, cmake_clean_first=False, cmake_force_configure=False, cmake_target=None, cmake_target_skip_unavailable=False, continue_on_error=False, event_handlers=None, executor='parallel', ignore_user_meta=False, install_base='install', log_base=None, log_level=None, main=<bound method BuildVerb.main of <colcon_core.verb.build.BuildVerb object at 0x7fbeac860f10>>, merge_install=False, metas=['./colcon.meta'], mixin=None, mixin_files=None, mixin_verb=('build',), packages_above=None, packages_above_and_dependencies=None, packages_above_depth=None, packages_end=None, packages_ignore=None, packages_ignore_regex=None, packages_select=None, packages_select_build_failed=False, packages_select_by_dep=None, packages_select_regex=None, packages_select_test_failures=False, packages_skip=None, packages_skip_build_finished=False, packages_skip_by_dep=None, packages_skip_regex=None, packages_skip_test_passed=False, packages_skip_up_to=None, packages_start=None, packages_up_to=None, packages_up_to_regex=None, parallel_workers=12, paths=None, symlink_install=False, test_result_base=None, verb_extension=<colcon_core.verb.build.BuildVerb object at 0x7fbeac860f10>, verb_name='build', verb_parser=<colcon_mixin.mixin.mixin_argument.MixinArgumentDecorator object at 0x7fbeac868550>)
[0.226s] Level 1:colcon.colcon_core.package_discovery:discover_packages(colcon_meta) check parameters
[0.227s] INFO:colcon.colcon_metadata.package_discovery.colcon_meta:Using configuration from '/root/.colcon/metadata/default/Gazebo.meta'
[0.228s] INFO:colcon.colcon_metadata.package_discovery.colcon_meta:Using configuration from '/root/.colcon/metadata/default/fastrtps.meta'
[0.228s] Level 1:colcon.colcon_core.package_discovery:discover_packages(recursive) check parameters
[0.228s] Level 1:colcon.colcon_core.package_discovery:discover_packages(ignore) check parameters
[0.228s] Level 1:colcon.colcon_core.package_discovery:discover_packages(path) check parameters
[0.228s] Level 1:colcon.colcon_core.package_discovery:discover_packages(colcon_meta) discover
[0.228s] Level 1:colcon.colcon_core.package_discovery:discover_packages(recursive) discover
[0.228s] INFO:colcon.colcon_core.package_discovery:Crawling recursively for packages in '/home/jubileo'
[0.228s] Level 1:colcon.colcon_core.package_identification:_identify(.) by extensions ['ignore', 'ignore_ament_install']
[0.228s] Level 1:colcon.colcon_core.package_identification:_identify(.) by extension 'ignore'
[0.228s] Level 1:colcon.colcon_core.package_identification:_identify(.) by extension 'ignore_ament_install'
[0.229s] Level 1:colcon.colcon_core.package_identification:_identify(.) by extensions ['colcon_pkg']
[0.229s] Level 1:colcon.colcon_core.package_identification:_identify(.) by extension 'colcon_pkg'
[0.229s] Level 1:colcon.colcon_core.package_identification:_identify(.) by extensions ['colcon_meta']
[0.229s] Level 1:colcon.colcon_core.package_identification:_identify(.) by extension 'colcon_meta'
[0.229s] Level 1:colcon.colcon_core.package_identification:_identify(.) by extensions ['ros']
[0.229s] Level 1:colcon.colcon_core.package_identification:_identify(.) by extension 'ros'
[0.252s] Level 1:colcon.colcon_core.package_identification:_identify(.) by extensions ['cmake', 'python']
[0.252s] Level 1:colcon.colcon_core.package_identification:_identify(.) by extension 'cmake'
[0.252s] Level 1:colcon.colcon_core.package_identification:_identify(.) by extension 'python'
[0.252s] Level 1:colcon.colcon_core.package_identification:_identify(.) by extensions ['python_setup_py']
[0.252s] Level 1:colcon.colcon_core.package_identification:_identify(.) by extension 'python_setup_py'
[0.252s] Level 1:colcon.colcon_core.package_identification:_identify(build) by extensions ['ignore', 'ignore_ament_install']
[0.252s] Level 1:colcon.colcon_core.package_identification:_identify(build) by extension 'ignore'
[0.253s] Level 1:colcon.colcon_core.package_identification:_identify(build) ignored
[0.253s] Level 1:colcon.colcon_core.package_identification:_identify(install) by extensions ['ignore', 'ignore_ament_install']
[0.253s] Level 1:colcon.colcon_core.package_identification:_identify(install) by extension 'ignore'
[0.253s] Level 1:colcon.colcon_core.package_identification:_identify(install) ignored
[0.253s] Level 1:colcon.colcon_core.package_identification:_identify(log) by extensions ['ignore', 'ignore_ament_install']
[0.253s] Level 1:colcon.colcon_core.package_identification:_identify(log) by extension 'ignore'
[0.253s] Level 1:colcon.colcon_core.package_identification:_identify(log) ignored
[0.253s] Level 1:colcon.colcon_core.package_identification:_identify(media) by extensions ['ignore', 'ignore_ament_install']
[0.253s] Level 1:colcon.colcon_core.package_identification:_identify(media) by extension 'ignore'
[0.254s] Level 1:colcon.colcon_core.package_identification:_identify(media) by extension 'ignore_ament_install'
[0.254s] Level 1:colcon.colcon_core.package_identification:_identify(media) by extensions ['colcon_pkg']
[0.254s] Level 1:colcon.colcon_core.package_identification:_identify(media) by extension 'colcon_pkg'
[0.254s] Level 1:colcon.colcon_core.package_identification:_identify(media) by extensions ['colcon_meta']
[0.254s] Level 1:colcon.colcon_core.package_identification:_identify(media) by extension 'colcon_meta'
[0.254s] Level 1:colcon.colcon_core.package_identification:_identify(media) by extensions ['ros']
[0.254s] Level 1:colcon.colcon_core.package_identification:_identify(media) by extension 'ros'
[0.254s] Level 1:colcon.colcon_core.package_identification:_identify(media) by extensions ['cmake', 'python']
[0.254s] Level 1:colcon.colcon_core.package_identification:_identify(media) by extension 'cmake'
[0.254s] Level 1:colcon.colcon_core.package_identification:_identify(media) by extension 'python'
[0.254s] Level 1:colcon.colcon_core.package_identification:_identify(media) by extensions ['python_setup_py']
[0.254s] Level 1:colcon.colcon_core.package_identification:_identify(media) by extension 'python_setup_py'
[0.254s] Level 1:colcon.colcon_core.package_identification:_identify(src) by extensions ['ignore', 'ignore_ament_install']
[0.254s] Level 1:colcon.colcon_core.package_identification:_identify(src) by extension 'ignore'
[0.254s] Level 1:colcon.colcon_core.package_identification:_identify(src) by extension 'ignore_ament_install'
[0.255s] Level 1:colcon.colcon_core.package_identification:_identify(src) by extensions ['colcon_pkg']
[0.255s] Level 1:colcon.colcon_core.package_identification:_identify(src) by extension 'colcon_pkg'
[0.255s] Level 1:colcon.colcon_core.package_identification:_identify(src) by extensions ['colcon_meta']
[0.255s] Level 1:colcon.colcon_core.package_identification:_identify(src) by extension 'colcon_meta'
[0.255s] Level 1:colcon.colcon_core.package_identification:_identify(src) by extensions ['ros']
[0.255s] Level 1:colcon.colcon_core.package_identification:_identify(src) by extension 'ros'
[0.255s] Level 1:colcon.colcon_core.package_identification:_identify(src) by extensions ['cmake', 'python']
[0.255s] Level 1:colcon.colcon_core.package_identification:_identify(src) by extension 'cmake'
[0.255s] Level 1:colcon.colcon_core.package_identification:_identify(src) by extension 'python'
[0.255s] Level 1:colcon.colcon_core.package_identification:_identify(src) by extensions ['python_setup_py']
[0.255s] Level 1:colcon.colcon_core.package_identification:_identify(src) by extension 'python_setup_py'
[0.255s] Level 1:colcon.colcon_core.package_identification:_identify(src/audio) by extensions ['ignore', 'ignore_ament_install']
[0.255s] Level 1:colcon.colcon_core.package_identification:_identify(src/audio) by extension 'ignore'
[0.255s] Level 1:colcon.colcon_core.package_identification:_identify(src/audio) by extension 'ignore_ament_install'
[0.255s] Level 1:colcon.colcon_core.package_identification:_identify(src/audio) by extensions ['colcon_pkg']
[0.255s] Level 1:colcon.colcon_core.package_identification:_identify(src/audio) by extension 'colcon_pkg'
[0.256s] Level 1:colcon.colcon_core.package_identification:_identify(src/audio) by extensions ['colcon_meta']
[0.256s] Level 1:colcon.colcon_core.package_identification:_identify(src/audio) by extension 'colcon_meta'
[0.256s] Level 1:colcon.colcon_core.package_identification:_identify(src/audio) by extensions ['ros']
[0.256s] Level 1:colcon.colcon_core.package_identification:_identify(src/audio) by extension 'ros'
[0.261s] DEBUG:colcon.colcon_core.package_identification:Package 'src/audio' with type 'ros.ament_python' and name 'audio'
[0.261s] Level 1:colcon.colcon_core.package_identification:_identify(src/build) by extensions ['ignore', 'ignore_ament_install']
[0.261s] Level 1:colcon.colcon_core.package_identification:_identify(src/build) by extension 'ignore'
[0.261s] Level 1:colcon.colcon_core.package_identification:_identify(src/build) ignored
[0.261s] Level 1:colcon.colcon_core.package_identification:_identify(src/face_controller) by extensions ['ignore', 'ignore_ament_install']
[0.261s] Level 1:colcon.colcon_core.package_identification:_identify(src/face_controller) by extension 'ignore'
[0.261s] Level 1:colcon.colcon_core.package_identification:_identify(src/face_controller) by extension 'ignore_ament_install'
[0.261s] Level 1:colcon.colcon_core.package_identification:_identify(src/face_controller) by extensions ['colcon_pkg']
[0.262s] Level 1:colcon.colcon_core.package_identification:_identify(src/face_controller) by extension 'colcon_pkg'
[0.262s] Level 1:colcon.colcon_core.package_identification:_identify(src/face_controller) by extensions ['colcon_meta']
[0.262s] Level 1:colcon.colcon_core.package_identification:_identify(src/face_controller) by extension 'colcon_meta'
[0.262s] Level 1:colcon.colcon_core.package_identification:_identify(src/face_controller) by extensions ['ros']
[0.262s] Level 1:colcon.colcon_core.package_identification:_identify(src/face_controller) by extension 'ros'
[0.262s] DEBUG:colcon.colcon_core.package_identification:Package 'src/face_controller' with type 'ros.ament_python' and name 'face_controller'
[0.262s] Level 1:colcon.colcon_core.package_identification:_identify(src/install) by extensions ['ignore', 'ignore_ament_install']
[0.263s] Level 1:colcon.colcon_core.package_identification:_identify(src/install) by extension 'ignore'
[0.263s] Level 1:colcon.colcon_core.package_identification:_identify(src/install) ignored
[0.263s] Level 1:colcon.colcon_core.package_identification:_identify(src/log) by extensions ['ignore', 'ignore_ament_install']
[0.263s] Level 1:colcon.colcon_core.package_identification:_identify(src/log) by extension 'ignore'
[0.263s] Level 1:colcon.colcon_core.package_identification:_identify(src/log) ignored
[0.263s] Level 1:colcon.colcon_core.package_identification:_identify(src/manipulation) by extensions ['ignore', 'ignore_ament_install']
[0.263s] Level 1:colcon.colcon_core.package_identification:_identify(src/manipulation) by extension 'ignore'
[0.263s] Level 1:colcon.colcon_core.package_identification:_identify(src/manipulation) by extension 'ignore_ament_install'
[0.264s] Level 1:colcon.colcon_core.package_identification:_identify(src/manipulation) by extensions ['colcon_pkg']
[0.264s] Level 1:colcon.colcon_core.package_identification:_identify(src/manipulation) by extension 'colcon_pkg'
[0.264s] Level 1:colcon.colcon_core.package_identification:_identify(src/manipulation) by extensions ['colcon_meta']
[0.264s] Level 1:colcon.colcon_core.package_identification:_identify(src/manipulation) by extension 'colcon_meta'
[0.264s] Level 1:colcon.colcon_core.package_identification:_identify(src/manipulation) by extensions ['ros']
[0.264s] Level 1:colcon.colcon_core.package_identification:_identify(src/manipulation) by extension 'ros'
[0.264s] DEBUG:colcon.colcon_core.package_identification:Package 'src/manipulation' with type 'ros.ament_python' and name 'manipulation'
[0.264s] Level 1:colcon.colcon_core.package_identification:_identify(src/ros_tcp_endpoint) by extensions ['ignore', 'ignore_ament_install']
[0.265s] Level 1:colcon.colcon_core.package_identification:_identify(src/ros_tcp_endpoint) by extension 'ignore'
[0.265s] Level 1:colcon.colcon_core.package_identification:_identify(src/ros_tcp_endpoint) by extension 'ignore_ament_install'
[0.265s] Level 1:colcon.colcon_core.package_identification:_identify(src/ros_tcp_endpoint) by extensions ['colcon_pkg']
[0.265s] Level 1:colcon.colcon_core.package_identification:_identify(src/ros_tcp_endpoint) by extension 'colcon_pkg'
[0.265s] Level 1:colcon.colcon_core.package_identification:_identify(src/ros_tcp_endpoint) by extensions ['colcon_meta']
[0.265s] Level 1:colcon.colcon_core.package_identification:_identify(src/ros_tcp_endpoint) by extension 'colcon_meta'
[0.265s] Level 1:colcon.colcon_core.package_identification:_identify(src/ros_tcp_endpoint) by extensions ['ros']
[0.265s] Level 1:colcon.colcon_core.package_identification:_identify(src/ros_tcp_endpoint) by extension 'ros'
[0.265s] Level 1:colcon.colcon_core.package_identification:_identify(src/ros_tcp_endpoint) by extensions ['cmake', 'python']
[0.265s] Level 1:colcon.colcon_core.package_identification:_identify(src/ros_tcp_endpoint) by extension 'cmake'
[0.265s] Level 1:colcon.colcon_core.package_identification:_identify(src/ros_tcp_endpoint) by extension 'python'
[0.265s] Level 1:colcon.colcon_core.package_identification:_identify(src/ros_tcp_endpoint) by extensions ['python_setup_py']
[0.265s] Level 1:colcon.colcon_core.package_identification:_identify(src/ros_tcp_endpoint) by extension 'python_setup_py'
[0.266s] Level 1:colcon.colcon_core.package_identification:_identify(src/unity_robotics_demo) by extensions ['ignore', 'ignore_ament_install']
[0.266s] Level 1:colcon.colcon_core.package_identification:_identify(src/unity_robotics_demo) by extension 'ignore'
[0.266s] Level 1:colcon.colcon_core.package_identification:_identify(src/unity_robotics_demo) by extension 'ignore_ament_install'
[0.266s] Level 1:colcon.colcon_core.package_identification:_identify(src/unity_robotics_demo) by extensions ['colcon_pkg']
[0.266s] Level 1:colcon.colcon_core.package_identification:_identify(src/unity_robotics_demo) by extension 'colcon_pkg'
[0.266s] Level 1:colcon.colcon_core.package_identification:_identify(src/unity_robotics_demo) by extensions ['colcon_meta']
[0.266s] Level 1:colcon.colcon_core.package_identification:_identify(src/unity_robotics_demo) by extension 'colcon_meta'
[0.266s] Level 1:colcon.colcon_core.package_identification:_identify(src/unity_robotics_demo) by extensions ['ros']
[0.266s] Level 1:colcon.colcon_core.package_identification:_identify(src/unity_robotics_demo) by extension 'ros'
[0.267s] DEBUG:colcon.colcon_core.package_identification:Package 'src/unity_robotics_demo' with type 'ros.ament_python' and name 'unity_robotics_demo'
[0.267s] Level 1:colcon.colcon_core.package_identification:_identify(src/unity_robotics_demo_msgs) by extensions ['ignore', 'ignore_ament_install']
[0.267s] Level 1:colcon.colcon_core.package_identification:_identify(src/unity_robotics_demo_msgs) by extension 'ignore'
[0.267s] Level 1:colcon.colcon_core.package_identification:_identify(src/unity_robotics_demo_msgs) by extension 'ignore_ament_install'
[0.268s] Level 1:colcon.colcon_core.package_identification:_identify(src/unity_robotics_demo_msgs) by extensions ['colcon_pkg']
[0.268s] Level 1:colcon.colcon_core.package_identification:_identify(src/unity_robotics_demo_msgs) by extension 'colcon_pkg'
[0.268s] Level 1:colcon.colcon_core.package_identification:_identify(src/unity_robotics_demo_msgs) by extensions ['colcon_meta']
[0.268s] Level 1:colcon.colcon_core.package_identification:_identify(src/unity_robotics_demo_msgs) by extension 'colcon_meta'
[0.268s] Level 1:colcon.colcon_core.package_identification:_identify(src/unity_robotics_demo_msgs) by extensions ['ros']
[0.268s] Level 1:colcon.colcon_core.package_identification:_identify(src/unity_robotics_demo_msgs) by extension 'ros'
[0.269s] DEBUG:colcon.colcon_core.package_identification:Package 'src/unity_robotics_demo_msgs' with type 'ros.ament_cmake' and name 'unity_robotics_demo_msgs'
[0.269s] Level 1:colcon.colcon_core.package_identification:_identify(src/utils) by extensions ['ignore', 'ignore_ament_install']
[0.269s] Level 1:colcon.colcon_core.package_identification:_identify(src/utils) by extension 'ignore'
[0.269s] Level 1:colcon.colcon_core.package_identification:_identify(src/utils) by extension 'ignore_ament_install'
[0.269s] Level 1:colcon.colcon_core.package_identification:_identify(src/utils) by extensions ['colcon_pkg']
[0.269s] Level 1:colcon.colcon_core.package_identification:_identify(src/utils) by extension 'colcon_pkg'
[0.269s] Level 1:colcon.colcon_core.package_identification:_identify(src/utils) by extensions ['colcon_meta']
[0.269s] Level 1:colcon.colcon_core.package_identification:_identify(src/utils) by extension 'colcon_meta'
[0.270s] Level 1:colcon.colcon_core.package_identification:_identify(src/utils) by extensions ['ros']
[0.270s] Level 1:colcon.colcon_core.package_identification:_identify(src/utils) by extension 'ros'
[0.270s] DEBUG:colcon.colcon_core.package_identification:Package 'src/utils' with type 'ros.ament_python' and name 'utils'
[0.270s] Level 1:colcon.colcon_core.package_identification:_identify(src/vision) by extensions ['ignore', 'ignore_ament_install']
[0.270s] Level 1:colcon.colcon_core.package_identification:_identify(src/vision) by extension 'ignore'
[0.270s] Level 1:colcon.colcon_core.package_identification:_identify(src/vision) by extension 'ignore_ament_install'
[0.271s] Level 1:colcon.colcon_core.package_identification:_identify(src/vision) by extensions ['colcon_pkg']
[0.271s] Level 1:colcon.colcon_core.package_identification:_identify(src/vision) by extension 'colcon_pkg'
[0.271s] Level 1:colcon.colcon_core.package_identification:_identify(src/vision) by extensions ['colcon_meta']
[0.271s] Level 1:colcon.colcon_core.package_identification:_identify(src/vision) by extension 'colcon_meta'
[0.271s] Level 1:colcon.colcon_core.package_identification:_identify(src/vision) by extensions ['ros']
[0.271s] Level 1:colcon.colcon_core.package_identification:_identify(src/vision) by extension 'ros'
[0.271s] DEBUG:colcon.colcon_core.package_identification:Package 'src/vision' with type 'ros.ament_python' and name 'vision'
[0.271s] Level 1:colcon.colcon_core.package_discovery:discover_packages(recursive) using defaults
[0.271s] Level 1:colcon.colcon_core.package_discovery:discover_packages(ignore) discover
[0.272s] Level 1:colcon.colcon_core.package_discovery:discover_packages(ignore) using defaults
[0.272s] Level 1:colcon.colcon_core.package_discovery:discover_packages(path) discover
[0.272s] Level 1:colcon.colcon_core.package_discovery:discover_packages(path) using defaults
[0.304s] Level 5:colcon.colcon_core.verb:set package 'audio' build argument 'cmake_args' from command line to 'None'
[0.304s] Level 5:colcon.colcon_core.verb:set package 'audio' build argument 'cmake_target' from command line to 'None'
[0.304s] Level 5:colcon.colcon_core.verb:set package 'audio' build argument 'cmake_target_skip_unavailable' from command line to 'False'
[0.304s] Level 5:colcon.colcon_core.verb:set package 'audio' build argument 'cmake_clean_cache' from command line to 'False'
[0.304s] Level 5:colcon.colcon_core.verb:set package 'audio' build argument 'cmake_clean_first' from command line to 'False'
[0.304s] Level 5:colcon.colcon_core.verb:set package 'audio' build argument 'cmake_force_configure' from command line to 'False'
[0.304s] Level 5:colcon.colcon_core.verb:set package 'audio' build argument 'ament_cmake_args' from command line to 'None'
[0.305s] Level 5:colcon.colcon_core.verb:set package 'audio' build argument 'catkin_cmake_args' from command line to 'None'
[0.305s] Level 5:colcon.colcon_core.verb:set package 'audio' build argument 'catkin_skip_building_tests' from command line to 'False'
[0.305s] DEBUG:colcon.colcon_core.verb:Building package 'audio' with the following arguments: {'ament_cmake_args': None, 'build_base': '/home/jubileo/build/audio', 'catkin_cmake_args': None, 'catkin_skip_building_tests': False, 'cmake_args': None, 'cmake_clean_cache': False, 'cmake_clean_first': False, 'cmake_force_configure': False, 'cmake_target': None, 'cmake_target_skip_unavailable': False, 'install_base': '/home/jubileo/install/audio', 'merge_install': False, 'path': '/home/jubileo/src/audio', 'symlink_install': False, 'test_result_base': None}
[0.305s] Level 5:colcon.colcon_core.verb:set package 'face_controller' build argument 'cmake_args' from command line to 'None'
[0.305s] Level 5:colcon.colcon_core.verb:set package 'face_controller' build argument 'cmake_target' from command line to 'None'
[0.305s] Level 5:colcon.colcon_core.verb:set package 'face_controller' build argument 'cmake_target_skip_unavailable' from command line to 'False'
[0.305s] Level 5:colcon.colcon_core.verb:set package 'face_controller' build argument 'cmake_clean_cache' from command line to 'False'
[0.305s] Level 5:colcon.colcon_core.verb:set package 'face_controller' build argument 'cmake_clean_first' from command line to 'False'
[0.305s] Level 5:colcon.colcon_core.verb:set package 'face_controller' build argument 'cmake_force_configure' from command line to 'False'
[0.305s] Level 5:colcon.colcon_core.verb:set package 'face_controller' build argument 'ament_cmake_args' from command line to 'None'
[0.305s] Level 5:colcon.colcon_core.verb:set package 'face_controller' build argument 'catkin_cmake_args' from command line to 'None'
[0.305s] Level 5:colcon.colcon_core.verb:set package 'face_controller' build argument 'catkin_skip_building_tests' from command line to 'False'
[0.306s] DEBUG:colcon.colcon_core.verb:Building package 'face_controller' with the following arguments: {'ament_cmake_args': None, 'build_base': '/home/jubileo/build/face_controller', 'catkin_cmake_args': None, 'catkin_skip_building_tests': False, 'cmake_args': None, 'cmake_clean_cache': False, 'cmake_clean_first': False, 'cmake_force_configure': False, 'cmake_target': None, 'cmake_target_skip_unavailable': False, 'install_base': '/home/jubileo/install/face_controller', 'merge_install': False, 'path': '/home/jubileo/src/face_controller', 'symlink_install': False, 'test_result_base': None}
[0.306s] Level 5:colcon.colcon_core.verb:set package 'manipulation' build argument 'cmake_args' from command line to 'None'
[0.306s] Level 5:colcon.colcon_core.verb:set package 'manipulation' build argument 'cmake_target' from command line to 'None'
[0.306s] Level 5:colcon.colcon_core.verb:set package 'manipulation' build argument 'cmake_target_skip_unavailable' from command line to 'False'
[0.306s] Level 5:colcon.colcon_core.verb:set package 'manipulation' build argument 'cmake_clean_cache' from command line to 'False'
[0.306s] Level 5:colcon.colcon_core.verb:set package 'manipulation' build argument 'cmake_clean_first' from command line to 'False'
[0.306s] Level 5:colcon.colcon_core.verb:set package 'manipulation' build argument 'cmake_force_configure' from command line to 'False'
[0.306s] Level 5:colcon.colcon_core.verb:set package 'manipulation' build argument 'ament_cmake_args' from command line to 'None'
[0.306s] Level 5:colcon.colcon_core.verb:set package 'manipulation' build argument 'catkin_cmake_args' from command line to 'None'
[0.306s] Level 5:colcon.colcon_core.verb:set package 'manipulation' build argument 'catkin_skip_building_tests' from command line to 'False'
[0.306s] DEBUG:colcon.colcon_core.verb:Building package 'manipulation' with the following arguments: {'ament_cmake_args': None, 'build_base': '/home/jubileo/build/manipulation', 'catkin_cmake_args': None, 'catkin_skip_building_tests': False, 'cmake_args': None, 'cmake_clean_cache': False, 'cmake_clean_first': False, 'cmake_force_configure': False, 'cmake_target': None, 'cmake_target_skip_unavailable': False, 'install_base': '/home/jubileo/install/manipulation', 'merge_install': False, 'path': '/home/jubileo/src/manipulation', 'symlink_install': False, 'test_result_base': None}
[0.307s] Level 5:colcon.colcon_core.verb:set package 'unity_robotics_demo' build argument 'cmake_args' from command line to 'None'
[0.307s] Level 5:colcon.colcon_core.verb:set package 'unity_robotics_demo' build argument 'cmake_target' from command line to 'None'
[0.307s] Level 5:colcon.colcon_core.verb:set package 'unity_robotics_demo' build argument 'cmake_target_skip_unavailable' from command line to 'False'
[0.307s] Level 5:colcon.colcon_core.verb:set package 'unity_robotics_demo' build argument 'cmake_clean_cache' from command line to 'False'
[0.307s] Level 5:colcon.colcon_core.verb:set package 'unity_robotics_demo' build argument 'cmake_clean_first' from command line to 'False'
[0.307s] Level 5:colcon.colcon_core.verb:set package 'unity_robotics_demo' build argument 'cmake_force_configure' from command line to 'False'
[0.307s] Level 5:colcon.colcon_core.verb:set package 'unity_robotics_demo' build argument 'ament_cmake_args' from command line to 'None'
[0.307s] Level 5:colcon.colcon_core.verb:set package 'unity_robotics_demo' build argument 'catkin_cmake_args' from command line to 'None'
[0.307s] Level 5:colcon.colcon_core.verb:set package 'unity_robotics_demo' build argument 'catkin_skip_building_tests' from command line to 'False'
[0.308s] DEBUG:colcon.colcon_core.verb:Building package 'unity_robotics_demo' with the following arguments: {'ament_cmake_args': None, 'build_base': '/home/jubileo/build/unity_robotics_demo', 'catkin_cmake_args': None, 'catkin_skip_building_tests': False, 'cmake_args': None, 'cmake_clean_cache': False, 'cmake_clean_first': False, 'cmake_force_configure': False, 'cmake_target': None, 'cmake_target_skip_unavailable': False, 'install_base': '/home/jubileo/install/unity_robotics_demo', 'merge_install': False, 'path': '/home/jubileo/src/unity_robotics_demo', 'symlink_install': False, 'test_result_base': None}
[0.308s] Level 5:colcon.colcon_core.verb:set package 'unity_robotics_demo_msgs' build argument 'cmake_args' from command line to 'None'
[0.308s] Level 5:colcon.colcon_core.verb:set package 'unity_robotics_demo_msgs' build argument 'cmake_target' from command line to 'None'
[0.308s] Level 5:colcon.colcon_core.verb:set package 'unity_robotics_demo_msgs' build argument 'cmake_target_skip_unavailable' from command line to 'False'
[0.309s] Level 5:colcon.colcon_core.verb:set package 'unity_robotics_demo_msgs' build argument 'cmake_clean_cache' from command line to 'False'
[0.309s] Level 5:colcon.colcon_core.verb:set package 'unity_robotics_demo_msgs' build argument 'cmake_clean_first' from command line to 'False'
[0.309s] Level 5:colcon.colcon_core.verb:set package 'unity_robotics_demo_msgs' build argument 'cmake_force_configure' from command line to 'False'
[0.309s] Level 5:colcon.colcon_core.verb:set package 'unity_robotics_demo_msgs' build argument 'ament_cmake_args' from command line to 'None'
[0.309s] Level 5:colcon.colcon_core.verb:set package 'unity_robotics_demo_msgs' build argument 'catkin_cmake_args' from command line to 'None'
[0.309s] Level 5:colcon.colcon_core.verb:set package 'unity_robotics_demo_msgs' build argument 'catkin_skip_building_tests' from command line to 'False'
[0.309s] DEBUG:colcon.colcon_core.verb:Building package 'unity_robotics_demo_msgs' with the following arguments: {'ament_cmake_args': None, 'build_base': '/home/jubileo/build/unity_robotics_demo_msgs', 'catkin_cmake_args': None, 'catkin_skip_building_tests': False, 'cmake_args': None, 'cmake_clean_cache': False, 'cmake_clean_first': False, 'cmake_force_configure': False, 'cmake_target': None, 'cmake_target_skip_unavailable': False, 'install_base': '/home/jubileo/install/unity_robotics_demo_msgs', 'merge_install': False, 'path': '/home/jubileo/src/unity_robotics_demo_msgs', 'symlink_install': False, 'test_result_base': None}
[0.309s] Level 5:colcon.colcon_core.verb:set package 'utils' build argument 'cmake_args' from command line to 'None'
[0.310s] Level 5:colcon.colcon_core.verb:set package 'utils' build argument 'cmake_target' from command line to 'None'
[0.310s] Level 5:colcon.colcon_core.verb:set package 'utils' build argument 'cmake_target_skip_unavailable' from command line to 'False'
[0.310s] Level 5:colcon.colcon_core.verb:set package 'utils' build argument 'cmake_clean_cache' from command line to 'False'
[0.310s] Level 5:colcon.colcon_core.verb:set package 'utils' build argument 'cmake_clean_first' from command line to 'False'
[0.310s] Level 5:colcon.colcon_core.verb:set package 'utils' build argument 'cmake_force_configure' from command line to 'False'
[0.310s] Level 5:colcon.colcon_core.verb:set package 'utils' build argument 'ament_cmake_args' from command line to 'None'
[0.310s] Level 5:colcon.colcon_core.verb:set package 'utils' build argument 'catkin_cmake_args' from command line to 'None'
[0.310s] Level 5:colcon.colcon_core.verb:set package 'utils' build argument 'catkin_skip_building_tests' from command line to 'False'
[0.310s] DEBUG:colcon.colcon_core.verb:Building package 'utils' with the following arguments: {'ament_cmake_args': None, 'build_base': '/home/jubileo/build/utils', 'catkin_cmake_args': None, 'catkin_skip_building_tests': False, 'cmake_args': None, 'cmake_clean_cache': False, 'cmake_clean_first': False, 'cmake_force_configure': False, 'cmake_target': None, 'cmake_target_skip_unavailable': False, 'install_base': '/home/jubileo/install/utils', 'merge_install': False, 'path': '/home/jubileo/src/utils', 'symlink_install': False, 'test_result_base': None}
[0.310s] Level 5:colcon.colcon_core.verb:set package 'vision' build argument 'cmake_args' from command line to 'None'
[0.310s] Level 5:colcon.colcon_core.verb:set package 'vision' build argument 'cmake_target' from command line to 'None'
[0.311s] Level 5:colcon.colcon_core.verb:set package 'vision' build argument 'cmake_target_skip_unavailable' from command line to 'False'
[0.311s] Level 5:colcon.colcon_core.verb:set package 'vision' build argument 'cmake_clean_cache' from command line to 'False'
[0.311s] Level 5:colcon.colcon_core.verb:set package 'vision' build argument 'cmake_clean_first' from command line to 'False'
[0.311s] Level 5:colcon.colcon_core.verb:set package 'vision' build argument 'cmake_force_configure' from command line to 'False'
[0.311s] Level 5:colcon.colcon_core.verb:set package 'vision' build argument 'ament_cmake_args' from command line to 'None'
[0.311s] Level 5:colcon.colcon_core.verb:set package 'vision' build argument 'catkin_cmake_args' from command line to 'None'
[0.311s] Level 5:colcon.colcon_core.verb:set package 'vision' build argument 'catkin_skip_building_tests' from command line to 'False'
[0.311s] DEBUG:colcon.colcon_core.verb:Building package 'vision' with the following arguments: {'ament_cmake_args': None, 'build_base': '/home/jubileo/build/vision', 'catkin_cmake_args': None, 'catkin_skip_building_tests': False, 'cmake_args': None, 'cmake_clean_cache': False, 'cmake_clean_first': False, 'cmake_force_configure': False, 'cmake_target': None, 'cmake_target_skip_unavailable': False, 'install_base': '/home/jubileo/install/vision', 'merge_install': False, 'path': '/home/jubileo/src/vision', 'symlink_install': False, 'test_result_base': None}
[0.311s] INFO:colcon.colcon_core.executor:Executing jobs using 'parallel' executor
[0.313s] DEBUG:colcon.colcon_parallel_executor.executor.parallel:run_until_complete
[0.314s] INFO:colcon.colcon_ros.task.ament_python.build:Building ROS package in '/home/jubileo/src/audio' with build type 'ament_python'
[0.315s] Level 1:colcon.colcon_core.shell:create_environment_hook('audio', 'ament_prefix_path')
[0.321s] INFO:colcon.colcon_core.plugin_system:Skipping extension 'colcon_core.shell.bat': Not used on non-Windows systems
[0.321s] INFO:colcon.colcon_core.shell:Creating environment hook '/home/jubileo/install/audio/share/audio/hook/ament_prefix_path.ps1'
[0.322s] INFO:colcon.colcon_core.shell:Creating environment descriptor '/home/jubileo/install/audio/share/audio/hook/ament_prefix_path.dsv'
[0.323s] INFO:colcon.colcon_core.shell:Creating environment hook '/home/jubileo/install/audio/share/audio/hook/ament_prefix_path.sh'
[0.325s] INFO:colcon.colcon_core.shell:Skip shell extension 'powershell' for command environment: Not usable outside of PowerShell
[0.325s] DEBUG:colcon.colcon_core.shell:Skip shell extension 'dsv' for command environment
[0.336s] INFO:colcon.colcon_ros.task.ament_python.build:Building ROS package in '/home/jubileo/src/face_controller' with build type 'ament_python'
[0.337s] Level 1:colcon.colcon_core.shell:create_environment_hook('face_controller', 'ament_prefix_path')
[0.337s] INFO:colcon.colcon_core.shell:Creating environment hook '/home/jubileo/install/face_controller/share/face_controller/hook/ament_prefix_path.ps1'
[0.340s] INFO:colcon.colcon_core.shell:Creating environment descriptor '/home/jubileo/install/face_controller/share/face_controller/hook/ament_prefix_path.dsv'
[0.340s] INFO:colcon.colcon_core.shell:Creating environment hook '/home/jubileo/install/face_controller/share/face_controller/hook/ament_prefix_path.sh'
[0.341s] INFO:colcon.colcon_core.shell:Skip shell extension 'powershell' for command environment: Not usable outside of PowerShell
[0.342s] DEBUG:colcon.colcon_core.shell:Skip shell extension 'dsv' for command environment
[0.350s] INFO:colcon.colcon_ros.task.ament_python.build:Building ROS package in '/home/jubileo/src/manipulation' with build type 'ament_python'
[0.350s] Level 1:colcon.colcon_core.shell:create_environment_hook('manipulation', 'ament_prefix_path')
[0.351s] INFO:colcon.colcon_core.shell:Creating environment hook '/home/jubileo/install/manipulation/share/manipulation/hook/ament_prefix_path.ps1'
[0.352s] INFO:colcon.colcon_core.shell:Creating environment descriptor '/home/jubileo/install/manipulation/share/manipulation/hook/ament_prefix_path.dsv'
[0.353s] INFO:colcon.colcon_core.shell:Creating environment hook '/home/jubileo/install/manipulation/share/manipulation/hook/ament_prefix_path.sh'
[0.354s] INFO:colcon.colcon_core.shell:Skip shell extension 'powershell' for command environment: Not usable outside of PowerShell
[0.354s] DEBUG:colcon.colcon_core.shell:Skip shell extension 'dsv' for command environment
[0.363s] INFO:colcon.colcon_ros.task.ament_python.build:Building ROS package in '/home/jubileo/src/unity_robotics_demo' with build type 'ament_python'
[0.364s] Level 1:colcon.colcon_core.shell:create_environment_hook('unity_robotics_demo', 'ament_prefix_path')
[0.364s] INFO:colcon.colcon_core.shell:Creating environment hook '/home/jubileo/install/unity_robotics_demo/share/unity_robotics_demo/hook/ament_prefix_path.ps1'
[0.366s] INFO:colcon.colcon_core.shell:Creating environment descriptor '/home/jubileo/install/unity_robotics_demo/share/unity_robotics_demo/hook/ament_prefix_path.dsv'
[0.366s] INFO:colcon.colcon_core.shell:Creating environment hook '/home/jubileo/install/unity_robotics_demo/share/unity_robotics_demo/hook/ament_prefix_path.sh'
[0.367s] INFO:colcon.colcon_core.shell:Skip shell extension 'powershell' for command environment: Not usable outside of PowerShell
[0.367s] DEBUG:colcon.colcon_core.shell:Skip shell extension 'dsv' for command environment
[0.374s] INFO:colcon.colcon_ros.task.ament_cmake.build:Building ROS package in '/home/jubileo/src/unity_robotics_demo_msgs' with build type 'ament_cmake'
[0.375s] INFO:colcon.colcon_cmake.task.cmake.build:Building CMake package in '/home/jubileo/src/unity_robotics_demo_msgs'
[0.377s] INFO:colcon.colcon_core.shell:Skip shell extension 'powershell' for command environment: Not usable outside of PowerShell
[0.378s] DEBUG:colcon.colcon_core.shell:Skip shell extension 'dsv' for command environment
[0.385s] INFO:colcon.colcon_ros.task.ament_python.build:Building ROS package in '/home/jubileo/src/utils' with build type 'ament_python'
[0.385s] Level 1:colcon.colcon_core.shell:create_environment_hook('utils', 'ament_prefix_path')
[0.386s] INFO:colcon.colcon_core.shell:Creating environment hook '/home/jubileo/install/utils/share/utils/hook/ament_prefix_path.ps1'
[0.388s] INFO:colcon.colcon_core.shell:Creating environment descriptor '/home/jubileo/install/utils/share/utils/hook/ament_prefix_path.dsv'
[0.388s] INFO:colcon.colcon_core.shell:Creating environment hook '/home/jubileo/install/utils/share/utils/hook/ament_prefix_path.sh'
[0.389s] INFO:colcon.colcon_core.shell:Skip shell extension 'powershell' for command environment: Not usable outside of PowerShell
[0.389s] DEBUG:colcon.colcon_core.shell:Skip shell extension 'dsv' for command environment
[0.398s] INFO:colcon.colcon_ros.task.ament_python.build:Building ROS package in '/home/jubileo/src/vision' with build type 'ament_python'
[0.399s] Level 1:colcon.colcon_core.shell:create_environment_hook('vision', 'ament_prefix_path')
[0.400s] INFO:colcon.colcon_core.shell:Creating environment hook '/home/jubileo/install/vision/share/vision/hook/ament_prefix_path.ps1'
[0.401s] INFO:colcon.colcon_core.shell:Creating environment descriptor '/home/jubileo/install/vision/share/vision/hook/ament_prefix_path.dsv'
[0.402s] INFO:colcon.colcon_core.shell:Creating environment hook '/home/jubileo/install/vision/share/vision/hook/ament_prefix_path.sh'
[0.402s] INFO:colcon.colcon_core.shell:Skip shell extension 'powershell' for command environment: Not usable outside of PowerShell
[0.402s] DEBUG:colcon.colcon_core.shell:Skip shell extension 'dsv' for command environment
[0.656s] INFO:colcon.colcon_core.task.python.build:Building Python package in '/home/jubileo/src/audio'
[0.658s] INFO:colcon.colcon_core.shell:Skip shell extension 'powershell' for command environment: Not usable outside of PowerShell
[0.658s] DEBUG:colcon.colcon_core.shell:Skip shell extension 'dsv' for command environment
[0.898s] INFO:colcon.colcon_core.task.python.build:Building Python package in '/home/jubileo/src/face_controller'
[0.899s] INFO:colcon.colcon_core.shell:Skip shell extension 'powershell' for command environment: Not usable outside of PowerShell
[0.899s] DEBUG:colcon.colcon_core.shell:Skip shell extension 'dsv' for command environment
[1.138s] INFO:colcon.colcon_core.task.python.build:Building Python package in '/home/jubileo/src/manipulation'
[1.139s] INFO:colcon.colcon_core.shell:Skip shell extension 'powershell' for command environment: Not usable outside of PowerShell
[1.140s] DEBUG:colcon.colcon_core.shell:Skip shell extension 'dsv' for command environment
[1.359s] INFO:colcon.colcon_core.task.python.build:Building Python package in '/home/jubileo/src/unity_robotics_demo'
[1.360s] INFO:colcon.colcon_core.shell:Skip shell extension 'powershell' for command environment: Not usable outside of PowerShell
[1.360s] DEBUG:colcon.colcon_core.shell:Skip shell extension 'dsv' for command environment
[1.377s] DEBUG:colcon.colcon_core.event_handler.log_command:Invoking command in '/home/jubileo/build/unity_robotics_demo_msgs': CMAKE_PREFIX_PATH=${CMAKE_PREFIX_PATH}:/home/jubileo/install/vision:/home/jubileo/install/utils:/home/jubileo/install/unity_robotics_demo:/home/jubileo/install/ros_tcp_endpoint:/home/jubileo/install/manipulation:/home/jubileo/install/face_controller:/home/jubileo/install/audio:/opt/ros/foxy:/home/dev_ws/install/vision:/home/dev_ws/install/utils:/home/dev_ws/install/unity_robotics_demo:/home/dev_ws/install/ros_tcp_endpoint:/home/dev_ws/install/face_controller:/home/dev_ws/install/audio /usr/bin/cmake --build /home/jubileo/build/unity_robotics_demo_msgs -- -j12 -l12
[1.601s] INFO:colcon.colcon_core.task.python.build:Building Python package in '/home/jubileo/src/utils'
[1.602s] INFO:colcon.colcon_core.shell:Skip shell extension 'powershell' for command environment: Not usable outside of PowerShell
[1.602s] DEBUG:colcon.colcon_core.shell:Skip shell extension 'dsv' for command environment
[1.845s] INFO:colcon.colcon_core.task.python.build:Building Python package in '/home/jubileo/src/vision'
[1.846s] INFO:colcon.colcon_core.shell:Skip shell extension 'powershell' for command environment: Not usable outside of PowerShell
[1.846s] DEBUG:colcon.colcon_core.shell:Skip shell extension 'dsv' for command environment
[2.619s] DEBUG:colcon.colcon_core.event_handler.log_command:Invoking command in '/home/jubileo/src/vision': PYTHONPATH=/home/jubileo/install/vision/lib/python3.8/site-packages:${PYTHONPATH} /usr/bin/python3 setup.py egg_info --egg-base ../../build/vision build --build-base /home/jubileo/build/vision/build install --prefix /home/jubileo/install/vision --record /home/jubileo/build/vision/install.log --single-version-externally-managed
[2.633s] DEBUG:colcon.colcon_core.event_handler.log_command:Invoking command in '/home/jubileo/src/face_controller': PYTHONPATH=/home/jubileo/install/face_controller/lib/python3.8/site-packages:${PYTHONPATH} /usr/bin/python3 setup.py egg_info --egg-base ../../build/face_controller build --build-base /home/jubileo/build/face_controller/build install --prefix /home/jubileo/install/face_controller --record /home/jubileo/build/face_controller/install.log --single-version-externally-managed
[2.648s] DEBUG:colcon.colcon_core.event_handler.log_command:Invoking command in '/home/jubileo/src/audio': PYTHONPATH=/home/jubileo/install/audio/lib/python3.8/site-packages:${PYTHONPATH} /usr/bin/python3 setup.py egg_info --egg-base ../../build/audio build --build-base /home/jubileo/build/audio/build install --prefix /home/jubileo/install/audio --record /home/jubileo/build/audio/install.log --single-version-externally-managed
[2.651s] DEBUG:colcon.colcon_core.event_handler.log_command:Invoking command in '/home/jubileo/src/manipulation': PYTHONPATH=/home/jubileo/install/manipulation/lib/python3.8/site-packages:${PYTHONPATH} /usr/bin/python3 setup.py egg_info --egg-base ../../build/manipulation build --build-base /home/jubileo/build/manipulation/build install --prefix /home/jubileo/install/manipulation --record /home/jubileo/build/manipulation/install.log --single-version-externally-managed
[2.655s] DEBUG:colcon.colcon_core.event_handler.log_command:Invoking command in '/home/jubileo/src/unity_robotics_demo': PYTHONPATH=/home/jubileo/install/unity_robotics_demo/lib/python3.8/site-packages:${PYTHONPATH} /usr/bin/python3 setup.py egg_info --egg-base ../../build/unity_robotics_demo build --build-base /home/jubileo/build/unity_robotics_demo/build install --prefix /home/jubileo/install/unity_robotics_demo --record /home/jubileo/build/unity_robotics_demo/install.log --single-version-externally-managed
[2.660s] DEBUG:colcon.colcon_core.event_handler.log_command:Invoking command in '/home/jubileo/src/utils': PYTHONPATH=/home/jubileo/install/utils/lib/python3.8/site-packages:${PYTHONPATH} /usr/bin/python3 setup.py egg_info --egg-base ../../build/utils build --build-base /home/jubileo/build/utils/build install --prefix /home/jubileo/install/utils --record /home/jubileo/build/utils/install.log --single-version-externally-managed
[3.188s] DEBUG:colcon.colcon_core.event_handler.log_command:Invoked command in '/home/jubileo/src/vision' returned '0': PYTHONPATH=/home/jubileo/install/vision/lib/python3.8/site-packages:${PYTHONPATH} /usr/bin/python3 setup.py egg_info --egg-base ../../build/vision build --build-base /home/jubileo/build/vision/build install --prefix /home/jubileo/install/vision --record /home/jubileo/build/vision/install.log --single-version-externally-managed
[3.203s] Level 1:colcon.colcon_core.environment:checking '/home/jubileo/install/vision' for CMake module files
[3.204s] Level 1:colcon.colcon_core.environment:checking '/home/jubileo/install/vision' for CMake config files
[3.206s] Level 1:colcon.colcon_core.environment:checking '/home/jubileo/install/vision/lib'
[3.207s] Level 1:colcon.colcon_core.environment:checking '/home/jubileo/install/vision/bin'
[3.207s] Level 1:colcon.colcon_core.environment:checking '/home/jubileo/install/vision/lib/pkgconfig/vision.pc'
[3.208s] Level 1:colcon.colcon_core.environment:checking '/home/jubileo/install/vision/lib/python3.8/site-packages'
[3.208s] Level 1:colcon.colcon_core.shell:create_environment_hook('vision', 'pythonpath')
[3.210s] INFO:colcon.colcon_core.shell:Creating environment hook '/home/jubileo/install/vision/share/vision/hook/pythonpath.ps1'
[3.212s] INFO:colcon.colcon_core.shell:Creating environment descriptor '/home/jubileo/install/vision/share/vision/hook/pythonpath.dsv'
[3.213s] INFO:colcon.colcon_core.shell:Creating environment hook '/home/jubileo/install/vision/share/vision/hook/pythonpath.sh'
[3.214s] Level 1:colcon.colcon_core.environment:checking '/home/jubileo/install/vision/bin'
[3.215s] Level 1:colcon.colcon_core.environment:create_environment_scripts_only(vision)
[3.216s] INFO:colcon.colcon_core.shell:Creating package script '/home/jubileo/install/vision/share/vision/package.ps1'
[3.220s] INFO:colcon.colcon_core.shell:Creating package descriptor '/home/jubileo/install/vision/share/vision/package.dsv'
[3.222s] INFO:colcon.colcon_core.shell:Creating package script '/home/jubileo/install/vision/share/vision/package.sh'
[3.226s] INFO:colcon.colcon_core.shell:Creating package script '/home/jubileo/install/vision/share/vision/package.bash'
[3.229s] INFO:colcon.colcon_core.shell:Creating package script '/home/jubileo/install/vision/share/vision/package.zsh'
[3.232s] Level 1:colcon.colcon_core.environment:create_file_with_runtime_dependencies(/home/jubileo/install/vision/share/colcon-core/packages/vision)
[3.244s] Level 1:colcon.colcon_core.environment:checking '/home/jubileo/install/face_controller' for CMake module files
[3.246s] DEBUG:colcon.colcon_core.event_handler.log_command:Invoked command in '/home/jubileo/src/face_controller' returned '0': PYTHONPATH=/home/jubileo/install/face_controller/lib/python3.8/site-packages:${PYTHONPATH} /usr/bin/python3 setup.py egg_info --egg-base ../../build/face_controller build --build-base /home/jubileo/build/face_controller/build install --prefix /home/jubileo/install/face_controller --record /home/jubileo/build/face_controller/install.log --single-version-externally-managed
[3.247s] Level 1:colcon.colcon_core.environment:checking '/home/jubileo/install/face_controller' for CMake config files
[3.248s] Level 1:colcon.colcon_core.environment:checking '/home/jubileo/install/face_controller/lib'
[3.249s] Level 1:colcon.colcon_core.environment:checking '/home/jubileo/install/face_controller/bin'
[3.249s] Level 1:colcon.colcon_core.environment:checking '/home/jubileo/install/face_controller/lib/pkgconfig/face_controller.pc'
[3.249s] Level 1:colcon.colcon_core.environment:checking '/home/jubileo/install/face_controller/lib/python3.8/site-packages'
[3.249s] Level 1:colcon.colcon_core.shell:create_environment_hook('face_controller', 'pythonpath')
[3.251s] INFO:colcon.colcon_core.shell:Creating environment hook '/home/jubileo/install/face_controller/share/face_controller/hook/pythonpath.ps1'
[3.252s] INFO:colcon.colcon_core.shell:Creating environment descriptor '/home/jubileo/install/face_controller/share/face_controller/hook/pythonpath.dsv'
[3.253s] INFO:colcon.colcon_core.shell:Creating environment hook '/home/jubileo/install/face_controller/share/face_controller/hook/pythonpath.sh'
[3.254s] Level 1:colcon.colcon_core.environment:checking '/home/jubileo/install/face_controller/bin'
[3.254s] Level 1:colcon.colcon_core.environment:create_environment_scripts_only(face_controller)
[3.255s] INFO:colcon.colcon_core.shell:Creating package script '/home/jubileo/install/face_controller/share/face_controller/package.ps1'
[3.257s] INFO:colcon.colcon_core.shell:Creating package descriptor '/home/jubileo/install/face_controller/share/face_controller/package.dsv'
[3.259s] INFO:colcon.colcon_core.shell:Creating package script '/home/jubileo/install/face_controller/share/face_controller/package.sh'
[3.261s] INFO:colcon.colcon_core.shell:Creating package script '/home/jubileo/install/face_controller/share/face_controller/package.bash'
[3.262s] INFO:colcon.colcon_core.shell:Creating package script '/home/jubileo/install/face_controller/share/face_controller/package.zsh'
[3.263s] Level 1:colcon.colcon_core.environment:create_file_with_runtime_dependencies(/home/jubileo/install/face_controller/share/colcon-core/packages/face_controller)
[3.267s] Level 1:colcon.colcon_core.environment:checking '/home/jubileo/install/manipulation' for CMake module files
[3.268s] DEBUG:colcon.colcon_core.event_handler.log_command:Invoked command in '/home/jubileo/src/manipulation' returned '0': PYTHONPATH=/home/jubileo/install/manipulation/lib/python3.8/site-packages:${PYTHONPATH} /usr/bin/python3 setup.py egg_info --egg-base ../../build/manipulation build --build-base /home/jubileo/build/manipulation/build install --prefix /home/jubileo/install/manipulation --record /home/jubileo/build/manipulation/install.log --single-version-externally-managed
[3.269s] Level 1:colcon.colcon_core.environment:checking '/home/jubileo/install/manipulation' for CMake config files
[3.269s] Level 1:colcon.colcon_core.environment:checking '/home/jubileo/install/manipulation/lib'
[3.269s] Level 1:colcon.colcon_core.environment:checking '/home/jubileo/install/manipulation/bin'
[3.270s] Level 1:colcon.colcon_core.environment:checking '/home/jubileo/install/manipulation/lib/pkgconfig/manipulation.pc'
[3.270s] Level 1:colcon.colcon_core.environment:checking '/home/jubileo/install/manipulation/lib/python3.8/site-packages'
[3.270s] Level 1:colcon.colcon_core.shell:create_environment_hook('manipulation', 'pythonpath')
[3.271s] INFO:colcon.colcon_core.shell:Creating environment hook '/home/jubileo/install/manipulation/share/manipulation/hook/pythonpath.ps1'
[3.271s] INFO:colcon.colcon_core.shell:Creating environment descriptor '/home/jubileo/install/manipulation/share/manipulation/hook/pythonpath.dsv'
[3.272s] INFO:colcon.colcon_core.shell:Creating environment hook '/home/jubileo/install/manipulation/share/manipulation/hook/pythonpath.sh'
[3.274s] Level 1:colcon.colcon_core.environment:checking '/home/jubileo/install/manipulation/bin'
[3.275s] Level 1:colcon.colcon_core.environment:create_environment_scripts_only(manipulation)
[3.276s] INFO:colcon.colcon_core.shell:Creating package script '/home/jubileo/install/manipulation/share/manipulation/package.ps1'
[3.277s] INFO:colcon.colcon_core.shell:Creating package descriptor '/home/jubileo/install/manipulation/share/manipulation/package.dsv'
[3.278s] INFO:colcon.colcon_core.shell:Creating package script '/home/jubileo/install/manipulation/share/manipulation/package.sh'
[3.278s] INFO:colcon.colcon_core.shell:Creating package script '/home/jubileo/install/manipulation/share/manipulation/package.bash'
[3.278s] INFO:colcon.colcon_core.shell:Creating package script '/home/jubileo/install/manipulation/share/manipulation/package.zsh'
[3.279s] Level 1:colcon.colcon_core.environment:create_file_with_runtime_dependencies(/home/jubileo/install/manipulation/share/colcon-core/packages/manipulation)
[3.280s] Level 1:colcon.colcon_core.environment:checking '/home/jubileo/install/audio' for CMake module files
[3.282s] Level 1:colcon.colcon_core.environment:checking '/home/jubileo/install/audio' for CMake config files
[3.282s] DEBUG:colcon.colcon_core.event_handler.log_command:Invoked command in '/home/jubileo/src/audio' returned '0': PYTHONPATH=/home/jubileo/install/audio/lib/python3.8/site-packages:${PYTHONPATH} /usr/bin/python3 setup.py egg_info --egg-base ../../build/audio build --build-base /home/jubileo/build/audio/build install --prefix /home/jubileo/install/audio --record /home/jubileo/build/audio/install.log --single-version-externally-managed
[3.283s] Level 1:colcon.colcon_core.environment:checking '/home/jubileo/install/audio/lib'
[3.283s] Level 1:colcon.colcon_core.environment:checking '/home/jubileo/install/audio/bin'
[3.283s] Level 1:colcon.colcon_core.environment:checking '/home/jubileo/install/audio/lib/pkgconfig/audio.pc'
[3.283s] Level 1:colcon.colcon_core.environment:checking '/home/jubileo/install/audio/lib/python3.8/site-packages'
[3.283s] Level 1:colcon.colcon_core.shell:create_environment_hook('audio', 'pythonpath')
[3.284s] INFO:colcon.colcon_core.shell:Creating environment hook '/home/jubileo/install/audio/share/audio/hook/pythonpath.ps1'
[3.284s] INFO:colcon.colcon_core.shell:Creating environment descriptor '/home/jubileo/install/audio/share/audio/hook/pythonpath.dsv'
[3.285s] INFO:colcon.colcon_core.shell:Creating environment hook '/home/jubileo/install/audio/share/audio/hook/pythonpath.sh'
[3.285s] Level 1:colcon.colcon_core.environment:checking '/home/jubileo/install/audio/bin'
[3.285s] Level 1:colcon.colcon_core.environment:create_environment_scripts_only(audio)
[3.286s] INFO:colcon.colcon_core.shell:Creating package script '/home/jubileo/install/audio/share/audio/package.ps1'
[3.287s] INFO:colcon.colcon_core.shell:Creating package descriptor '/home/jubileo/install/audio/share/audio/package.dsv'
[3.288s] INFO:colcon.colcon_core.shell:Creating package script '/home/jubileo/install/audio/share/audio/package.sh'
[3.290s] INFO:colcon.colcon_core.shell:Creating package script '/home/jubileo/install/audio/share/audio/package.bash'
[3.292s] INFO:colcon.colcon_core.shell:Creating package script '/home/jubileo/install/audio/share/audio/package.zsh'
[3.294s] Level 1:colcon.colcon_core.environment:create_file_with_runtime_dependencies(/home/jubileo/install/audio/share/colcon-core/packages/audio)
[3.295s] Level 1:colcon.colcon_core.environment:checking '/home/jubileo/install/utils' for CMake module files
[3.297s] Level 1:colcon.colcon_core.environment:checking '/home/jubileo/install/utils' for CMake config files
[3.298s] DEBUG:colcon.colcon_core.event_handler.log_command:Invoked command in '/home/jubileo/src/utils' returned '0': PYTHONPATH=/home/jubileo/install/utils/lib/python3.8/site-packages:${PYTHONPATH} /usr/bin/python3 setup.py egg_info --egg-base ../../build/utils build --build-base /home/jubileo/build/utils/build install --prefix /home/jubileo/install/utils --record /home/jubileo/build/utils/install.log --single-version-externally-managed
[3.299s] Level 1:colcon.colcon_core.environment:checking '/home/jubileo/install/utils/lib'
[3.299s] Level 1:colcon.colcon_core.environment:checking '/home/jubileo/install/utils/bin'
[3.299s] Level 1:colcon.colcon_core.environment:checking '/home/jubileo/install/utils/lib/pkgconfig/utils.pc'
[3.300s] Level 1:colcon.colcon_core.environment:checking '/home/jubileo/install/utils/lib/python3.8/site-packages'
[3.300s] Level 1:colcon.colcon_core.shell:create_environment_hook('utils', 'pythonpath')
[3.300s] INFO:colcon.colcon_core.shell:Creating environment hook '/home/jubileo/install/utils/share/utils/hook/pythonpath.ps1'
[3.301s] INFO:colcon.colcon_core.shell:Creating environment descriptor '/home/jubileo/install/utils/share/utils/hook/pythonpath.dsv'
[3.301s] INFO:colcon.colcon_core.shell:Creating environment hook '/home/jubileo/install/utils/share/utils/hook/pythonpath.sh'
[3.302s] Level 1:colcon.colcon_core.environment:checking '/home/jubileo/install/utils/bin'
[3.302s] Level 1:colcon.colcon_core.environment:create_environment_scripts_only(utils)
[3.303s] INFO:colcon.colcon_core.shell:Creating package script '/home/jubileo/install/utils/share/utils/package.ps1'
[3.304s] INFO:colcon.colcon_core.shell:Creating package descriptor '/home/jubileo/install/utils/share/utils/package.dsv'
[3.304s] INFO:colcon.colcon_core.shell:Creating package script '/home/jubileo/install/utils/share/utils/package.sh'
[3.306s] INFO:colcon.colcon_core.shell:Creating package script '/home/jubileo/install/utils/share/utils/package.bash'
[3.308s] INFO:colcon.colcon_core.shell:Creating package script '/home/jubileo/install/utils/share/utils/package.zsh'
[3.310s] Level 1:colcon.colcon_core.environment:create_file_with_runtime_dependencies(/home/jubileo/install/utils/share/colcon-core/packages/utils)
[3.313s] Level 1:colcon.colcon_core.environment:checking '/home/jubileo/install/unity_robotics_demo' for CMake module files
[3.315s] Level 1:colcon.colcon_core.environment:checking '/home/jubileo/install/unity_robotics_demo' for CMake config files
[3.316s] DEBUG:colcon.colcon_core.event_handler.log_command:Invoked command in '/home/jubileo/src/unity_robotics_demo' returned '0': PYTHONPATH=/home/jubileo/install/unity_robotics_demo/lib/python3.8/site-packages:${PYTHONPATH} /usr/bin/python3 setup.py egg_info --egg-base ../../build/unity_robotics_demo build --build-base /home/jubileo/build/unity_robotics_demo/build install --prefix /home/jubileo/install/unity_robotics_demo --record /home/jubileo/build/unity_robotics_demo/install.log --single-version-externally-managed
[3.317s] Level 1:colcon.colcon_core.environment:checking '/home/jubileo/install/unity_robotics_demo/lib'
[3.317s] Level 1:colcon.colcon_core.environment:checking '/home/jubileo/install/unity_robotics_demo/bin'
[3.317s] Level 1:colcon.colcon_core.environment:checking '/home/jubileo/install/unity_robotics_demo/lib/pkgconfig/unity_robotics_demo.pc'
[3.318s] Level 1:colcon.colcon_core.environment:checking '/home/jubileo/install/unity_robotics_demo/lib/python3.8/site-packages'
[3.318s] Level 1:colcon.colcon_core.shell:create_environment_hook('unity_robotics_demo', 'pythonpath')
[3.318s] INFO:colcon.colcon_core.shell:Creating environment hook '/home/jubileo/install/unity_robotics_demo/share/unity_robotics_demo/hook/pythonpath.ps1'
[3.319s] INFO:colcon.colcon_core.shell:Creating environment descriptor '/home/jubileo/install/unity_robotics_demo/share/unity_robotics_demo/hook/pythonpath.dsv'
[3.320s] INFO:colcon.colcon_core.shell:Creating environment hook '/home/jubileo/install/unity_robotics_demo/share/unity_robotics_demo/hook/pythonpath.sh'
[3.321s] Level 1:colcon.colcon_core.environment:checking '/home/jubileo/install/unity_robotics_demo/bin'
[3.322s] Level 1:colcon.colcon_core.environment:create_environment_scripts_only(unity_robotics_demo)
[3.324s] INFO:colcon.colcon_core.shell:Creating package script '/home/jubileo/install/unity_robotics_demo/share/unity_robotics_demo/package.ps1'
[3.326s] INFO:colcon.colcon_core.shell:Creating package descriptor '/home/jubileo/install/unity_robotics_demo/share/unity_robotics_demo/package.dsv'
[3.327s] INFO:colcon.colcon_core.shell:Creating package script '/home/jubileo/install/unity_robotics_demo/share/unity_robotics_demo/package.sh'
[3.327s] INFO:colcon.colcon_core.shell:Creating package script '/home/jubileo/install/unity_robotics_demo/share/unity_robotics_demo/package.bash'
[3.328s] INFO:colcon.colcon_core.shell:Creating package script '/home/jubileo/install/unity_robotics_demo/share/unity_robotics_demo/package.zsh'
[3.328s] Level 1:colcon.colcon_core.environment:create_file_with_runtime_dependencies(/home/jubileo/install/unity_robotics_demo/share/colcon-core/packages/unity_robotics_demo)
[4.060s] DEBUG:colcon.colcon_core.event_handler.log_command:Invoked command in '/home/jubileo/build/unity_robotics_demo_msgs' returned '0': CMAKE_PREFIX_PATH=${CMAKE_PREFIX_PATH}:/home/jubileo/install/vision:/home/jubileo/install/utils:/home/jubileo/install/unity_robotics_demo:/home/jubileo/install/ros_tcp_endpoint:/home/jubileo/install/manipulation:/home/jubileo/install/face_controller:/home/jubileo/install/audio:/opt/ros/foxy:/home/dev_ws/install/vision:/home/dev_ws/install/utils:/home/dev_ws/install/unity_robotics_demo:/home/dev_ws/install/ros_tcp_endpoint:/home/dev_ws/install/face_controller:/home/dev_ws/install/audio /usr/bin/cmake --build /home/jubileo/build/unity_robotics_demo_msgs -- -j12 -l12
[4.319s] DEBUG:colcon.colcon_core.event_handler.log_command:Invoking command in '/home/jubileo/build/unity_robotics_demo_msgs': CMAKE_PREFIX_PATH=${CMAKE_PREFIX_PATH}:/home/jubileo/install/vision:/home/jubileo/install/utils:/home/jubileo/install/unity_robotics_demo:/home/jubileo/install/ros_tcp_endpoint:/home/jubileo/install/manipulation:/home/jubileo/install/face_controller:/home/jubileo/install/audio:/opt/ros/foxy:/home/dev_ws/install/vision:/home/dev_ws/install/utils:/home/dev_ws/install/unity_robotics_demo:/home/dev_ws/install/ros_tcp_endpoint:/home/dev_ws/install/face_controller:/home/dev_ws/install/audio /usr/bin/cmake --install /home/jubileo/build/unity_robotics_demo_msgs
[4.518s] Level 1:colcon.colcon_core.environment:create_environment_scripts_only(unity_robotics_demo_msgs)
[4.519s] Level 1:colcon.colcon_core.environment:checking '/home/jubileo/install/unity_robotics_demo_msgs' for CMake module files
[4.521s] DEBUG:colcon.colcon_core.event_handler.log_command:Invoked command in '/home/jubileo/build/unity_robotics_demo_msgs' returned '0': CMAKE_PREFIX_PATH=${CMAKE_PREFIX_PATH}:/home/jubileo/install/vision:/home/jubileo/install/utils:/home/jubileo/install/unity_robotics_demo:/home/jubileo/install/ros_tcp_endpoint:/home/jubileo/install/manipulation:/home/jubileo/install/face_controller:/home/jubileo/install/audio:/opt/ros/foxy:/home/dev_ws/install/vision:/home/dev_ws/install/utils:/home/dev_ws/install/unity_robotics_demo:/home/dev_ws/install/ros_tcp_endpoint:/home/dev_ws/install/face_controller:/home/dev_ws/install/audio /usr/bin/cmake --install /home/jubileo/build/unity_robotics_demo_msgs
[4.522s] Level 1:colcon.colcon_core.environment:checking '/home/jubileo/install/unity_robotics_demo_msgs' for CMake config files
[4.523s] Level 1:colcon.colcon_core.shell:create_environment_hook('unity_robotics_demo_msgs', 'cmake_prefix_path')
[4.524s] INFO:colcon.colcon_core.shell:Creating environment hook '/home/jubileo/install/unity_robotics_demo_msgs/share/unity_robotics_demo_msgs/hook/cmake_prefix_path.ps1'
[4.526s] INFO:colcon.colcon_core.shell:Creating environment descriptor '/home/jubileo/install/unity_robotics_demo_msgs/share/unity_robotics_demo_msgs/hook/cmake_prefix_path.dsv'
[4.527s] INFO:colcon.colcon_core.shell:Creating environment hook '/home/jubileo/install/unity_robotics_demo_msgs/share/unity_robotics_demo_msgs/hook/cmake_prefix_path.sh'
[4.528s] Level 1:colcon.colcon_core.environment:checking '/home/jubileo/install/unity_robotics_demo_msgs/lib'
[4.529s] Level 1:colcon.colcon_core.shell:create_environment_hook('unity_robotics_demo_msgs', 'ld_library_path_lib')
[4.530s] INFO:colcon.colcon_core.shell:Creating environment hook '/home/jubileo/install/unity_robotics_demo_msgs/share/unity_robotics_demo_msgs/hook/ld_library_path_lib.ps1'
[4.531s] INFO:colcon.colcon_core.shell:Creating environment descriptor '/home/jubileo/install/unity_robotics_demo_msgs/share/unity_robotics_demo_msgs/hook/ld_library_path_lib.dsv'
[4.532s] INFO:colcon.colcon_core.shell:Creating environment hook '/home/jubileo/install/unity_robotics_demo_msgs/share/unity_robotics_demo_msgs/hook/ld_library_path_lib.sh'
[4.533s] Level 1:colcon.colcon_core.environment:checking '/home/jubileo/install/unity_robotics_demo_msgs/bin'
[4.533s] Level 1:colcon.colcon_core.environment:checking '/home/jubileo/install/unity_robotics_demo_msgs/lib/pkgconfig/unity_robotics_demo_msgs.pc'
[4.534s] Level 1:colcon.colcon_core.environment:checking '/home/jubileo/install/unity_robotics_demo_msgs/lib/python3.8/site-packages'
[4.534s] Level 1:colcon.colcon_core.shell:create_environment_hook('unity_robotics_demo_msgs', 'pythonpath')
[4.535s] INFO:colcon.colcon_core.shell:Creating environment hook '/home/jubileo/install/unity_robotics_demo_msgs/share/unity_robotics_demo_msgs/hook/pythonpath.ps1'
[4.536s] INFO:colcon.colcon_core.shell:Creating environment descriptor '/home/jubileo/install/unity_robotics_demo_msgs/share/unity_robotics_demo_msgs/hook/pythonpath.dsv'
[4.537s] INFO:colcon.colcon_core.shell:Creating environment hook '/home/jubileo/install/unity_robotics_demo_msgs/share/unity_robotics_demo_msgs/hook/pythonpath.sh'
[4.540s] Level 1:colcon.colcon_core.environment:checking '/home/jubileo/install/unity_robotics_demo_msgs/bin'
[4.542s] INFO:colcon.colcon_core.shell:Creating package script '/home/jubileo/install/unity_robotics_demo_msgs/share/unity_robotics_demo_msgs/package.ps1'
[4.545s] INFO:colcon.colcon_core.shell:Creating package descriptor '/home/jubileo/install/unity_robotics_demo_msgs/share/unity_robotics_demo_msgs/package.dsv'
[4.546s] INFO:colcon.colcon_core.shell:Creating package script '/home/jubileo/install/unity_robotics_demo_msgs/share/unity_robotics_demo_msgs/package.sh'
[4.551s] INFO:colcon.colcon_core.shell:Creating package script '/home/jubileo/install/unity_robotics_demo_msgs/share/unity_robotics_demo_msgs/package.bash'
[4.552s] INFO:colcon.colcon_core.shell:Creating package script '/home/jubileo/install/unity_robotics_demo_msgs/share/unity_robotics_demo_msgs/package.zsh'
[4.553s] Level 1:colcon.colcon_core.environment:create_file_with_runtime_dependencies(/home/jubileo/install/unity_robotics_demo_msgs/share/colcon-core/packages/unity_robotics_demo_msgs)
[4.857s] Level 1:colcon.colcon_core.environment:create_environment_scripts_only(unity_robotics_demo_msgs)
[4.859s] Level 1:colcon.colcon_core.environment:checking '/home/jubileo/install/unity_robotics_demo_msgs' for CMake module files
[4.861s] Level 1:colcon.colcon_core.environment:checking '/home/jubileo/install/unity_robotics_demo_msgs' for CMake config files
[4.862s] Level 1:colcon.colcon_core.shell:create_environment_hook('unity_robotics_demo_msgs', 'cmake_prefix_path')
[4.863s] INFO:colcon.colcon_core.shell:Creating environment hook '/home/jubileo/install/unity_robotics_demo_msgs/share/unity_robotics_demo_msgs/hook/cmake_prefix_path.ps1'
[4.864s] INFO:colcon.colcon_core.shell:Creating environment descriptor '/home/jubileo/install/unity_robotics_demo_msgs/share/unity_robotics_demo_msgs/hook/cmake_prefix_path.dsv'
[4.864s] INFO:colcon.colcon_core.shell:Creating environment hook '/home/jubileo/install/unity_robotics_demo_msgs/share/unity_robotics_demo_msgs/hook/cmake_prefix_path.sh'
[4.866s] Level 1:colcon.colcon_core.environment:checking '/home/jubileo/install/unity_robotics_demo_msgs/lib'
[4.866s] Level 1:colcon.colcon_core.shell:create_environment_hook('unity_robotics_demo_msgs', 'ld_library_path_lib')
[4.867s] INFO:colcon.colcon_core.shell:Creating environment hook '/home/jubileo/install/unity_robotics_demo_msgs/share/unity_robotics_demo_msgs/hook/ld_library_path_lib.ps1'
[4.868s] INFO:colcon.colcon_core.shell:Creating environment descriptor '/home/jubileo/install/unity_robotics_demo_msgs/share/unity_robotics_demo_msgs/hook/ld_library_path_lib.dsv'
[4.869s] INFO:colcon.colcon_core.shell:Creating environment hook '/home/jubileo/install/unity_robotics_demo_msgs/share/unity_robotics_demo_msgs/hook/ld_library_path_lib.sh'
[4.871s] Level 1:colcon.colcon_core.environment:checking '/home/jubileo/install/unity_robotics_demo_msgs/bin'
[4.871s] Level 1:colcon.colcon_core.environment:checking '/home/jubileo/install/unity_robotics_demo_msgs/lib/pkgconfig/unity_robotics_demo_msgs.pc'
[4.872s] Level 1:colcon.colcon_core.environment:checking '/home/jubileo/install/unity_robotics_demo_msgs/lib/python3.8/site-packages'
[4.872s] Level 1:colcon.colcon_core.shell:create_environment_hook('unity_robotics_demo_msgs', 'pythonpath')
[4.873s] INFO:colcon.colcon_core.shell:Creating environment hook '/home/jubileo/install/unity_robotics_demo_msgs/share/unity_robotics_demo_msgs/hook/pythonpath.ps1'
[4.875s] INFO:colcon.colcon_core.shell:Creating environment descriptor '/home/jubileo/install/unity_robotics_demo_msgs/share/unity_robotics_demo_msgs/hook/pythonpath.dsv'
[4.875s] INFO:colcon.colcon_core.shell:Creating environment hook '/home/jubileo/install/unity_robotics_demo_msgs/share/unity_robotics_demo_msgs/hook/pythonpath.sh'
[4.877s] Level 1:colcon.colcon_core.environment:checking '/home/jubileo/install/unity_robotics_demo_msgs/bin'
[4.878s] INFO:colcon.colcon_core.shell:Creating package script '/home/jubileo/install/unity_robotics_demo_msgs/share/unity_robotics_demo_msgs/package.ps1'
[4.879s] INFO:colcon.colcon_core.shell:Creating package descriptor '/home/jubileo/install/unity_robotics_demo_msgs/share/unity_robotics_demo_msgs/package.dsv'
[4.880s] INFO:colcon.colcon_core.shell:Creating package script '/home/jubileo/install/unity_robotics_demo_msgs/share/unity_robotics_demo_msgs/package.sh'
[4.881s] INFO:colcon.colcon_core.shell:Creating package script '/home/jubileo/install/unity_robotics_demo_msgs/share/unity_robotics_demo_msgs/package.bash'
[4.881s] INFO:colcon.colcon_core.shell:Creating package script '/home/jubileo/install/unity_robotics_demo_msgs/share/unity_robotics_demo_msgs/package.zsh'
[4.882s] Level 1:colcon.colcon_core.environment:create_file_with_runtime_dependencies(/home/jubileo/install/unity_robotics_demo_msgs/share/colcon-core/packages/unity_robotics_demo_msgs)
[4.883s] DEBUG:colcon.colcon_parallel_executor.executor.parallel:closing loop
[4.883s] DEBUG:colcon.colcon_parallel_executor.executor.parallel:loop closed
[4.884s] DEBUG:colcon.colcon_parallel_executor.executor.parallel:run_until_complete finished with '0'
[4.884s] DEBUG:colcon.colcon_core.event_reactor:joining thread
[4.922s] INFO:colcon.colcon_core.plugin_system:Skipping extension 'colcon_notification.desktop_notification.notify_send': Could not find 'notify-send'
[4.922s] INFO:colcon.colcon_core.plugin_system:Skipping extension 'colcon_notification.desktop_notification.terminal_notifier': Not used on non-Darwin systems
[4.922s] INFO:colcon.colcon_core.plugin_system:Skipping extension 'colcon_notification.desktop_notification.win32': Not used on non-Windows systems
[4.922s] INFO:colcon.colcon_notification.desktop_notification:Sending desktop notification using 'notify2'
[4.924s] DEBUG:colcon.colcon_notification.desktop_notification.notify2:Failed to initialize notify2: org.freedesktop.DBus.Error.NotSupported: Unable to autolaunch a dbus-daemon without a $DISPLAY for X11
[4.924s] DEBUG:colcon.colcon_core.event_reactor:joined thread
[4.925s] INFO:colcon.colcon_core.shell:Creating prefix script '/home/jubileo/install/local_setup.ps1'
[4.926s] INFO:colcon.colcon_core.shell:Creating prefix util module '/home/jubileo/install/_local_setup_util_ps1.py'
[4.928s] INFO:colcon.colcon_core.shell:Creating prefix chain script '/home/jubileo/install/setup.ps1'
[4.930s] INFO:colcon.colcon_core.shell:Creating prefix script '/home/jubileo/install/local_setup.sh'
[4.931s] INFO:colcon.colcon_core.shell:Creating prefix util module '/home/jubileo/install/_local_setup_util_sh.py'
[4.931s] INFO:colcon.colcon_core.shell:Creating prefix chain script '/home/jubileo/install/setup.sh'
[4.933s] INFO:colcon.colcon_core.shell:Creating prefix script '/home/jubileo/install/local_setup.bash'
[4.934s] INFO:colcon.colcon_core.shell:Creating prefix chain script '/home/jubileo/install/setup.bash'
[4.936s] INFO:colcon.colcon_core.shell:Creating prefix script '/home/jubileo/install/local_setup.zsh'
[4.936s] INFO:colcon.colcon_core.shell:Creating prefix chain script '/home/jubileo/install/setup.zsh'
