[1.120s] Invoking command in '/home/dev_ws/src/audio': PYTHONPATH=/home/dev_ws/install/audio/lib/python3.8/site-packages:${PYTHONPATH} /usr/bin/python3 setup.py egg_info --egg-base ../../build/audio build --build-base /home/dev_ws/build/audio/build install --prefix /home/dev_ws/install/audio --record /home/dev_ws/build/audio/install.log --single-version-externally-managed
[1.277s] /usr/local/lib/python3.8/dist-packages/setuptools/dist.py:755: SetuptoolsDeprecationWarning: Invalid dash-separated options
[1.277s] !!
[1.277s] 
[1.277s]         ********************************************************************************
[1.277s]         Usage of dash-separated 'script-dir' will not be supported in future
[1.277s]         versions. Please use the underscore name 'script_dir' instead.
[1.277s] 
[1.278s]         By 2023-Sep-26, you need to update your project and remove deprecated calls
[1.278s]         or your builds will no longer be supported.
[1.278s] 
[1.278s]         See https://setuptools.pypa.io/en/latest/userguide/declarative_config.html for details.
[1.278s]         ********************************************************************************
[1.278s] 
[1.278s] !!
[1.278s]   opt = self.warn_dash_deprecation(opt, section)
[1.279s] /usr/local/lib/python3.8/dist-packages/setuptools/dist.py:755: SetuptoolsDeprecationWarning: Invalid dash-separated options
[1.279s] !!
[1.279s] 
[1.279s]         ********************************************************************************
[1.279s]         Usage of dash-separated 'install-scripts' will not be supported in future
[1.279s]         versions. Please use the underscore name 'install_scripts' instead.
[1.279s] 
[1.279s]         By 2023-Sep-26, you need to update your project and remove deprecated calls
[1.280s]         or your builds will no longer be supported.
[1.280s] 
[1.280s]         See https://setuptools.pypa.io/en/latest/userguide/declarative_config.html for details.
[1.280s]         ********************************************************************************
[1.280s] 
[1.280s] !!
[1.280s]   opt = self.warn_dash_deprecation(opt, section)
[1.381s] running egg_info
[1.397s] writing ../../build/audio/audio.egg-info/PKG-INFO
[1.398s] writing dependency_links to ../../build/audio/audio.egg-info/dependency_links.txt
[1.398s] writing entry points to ../../build/audio/audio.egg-info/entry_points.txt
[1.398s] writing requirements to ../../build/audio/audio.egg-info/requires.txt
[1.399s] writing top-level names to ../../build/audio/audio.egg-info/top_level.txt
[1.537s] reading manifest file '../../build/audio/audio.egg-info/SOURCES.txt'
[1.546s] writing manifest file '../../build/audio/audio.egg-info/SOURCES.txt'
[1.547s] running build
[1.547s] running build_py
[1.548s] /usr/local/lib/python3.8/dist-packages/setuptools/_distutils/cmd.py:66: SetuptoolsDeprecationWarning: setup.py install is deprecated.
[1.548s] !!
[1.548s] 
[1.548s]         ********************************************************************************
[1.548s]         Please avoid running ``setup.py`` directly.
[1.548s]         Instead, use pypa/build, pypa/installer, pypa/build or
[1.548s]         other standards-based tools.
[1.548s] 
[1.548s]         See https://blog.ganssle.io/articles/2021/10/setup-py-deprecated.html for details.
[1.549s]         ********************************************************************************
[1.549s] 
[1.549s] !!
[1.549s]   self.initialize_options()
[1.553s] running install
[1.556s] running install_lib
[1.576s] running install_data
[1.591s] running install_egg_info
[1.610s] removing '/home/dev_ws/install/audio/lib/python3.8/site-packages/audio-0.0.0-py3.8.egg-info' (and everything under it)
[1.610s] Copying ../../build/audio/audio.egg-info to /home/dev_ws/install/audio/lib/python3.8/site-packages/audio-0.0.0-py3.8.egg-info
[1.612s] running install_scripts
[1.675s] Installing send_audio script to /home/dev_ws/install/audio/lib/audio
[1.675s] Installing speech_to_text script to /home/dev_ws/install/audio/lib/audio
[1.675s] Installing text_to_speech script to /home/dev_ws/install/audio/lib/audio
[1.675s] writing list of installed files to '/home/dev_ws/build/audio/install.log'
[1.707s] Invoked command in '/home/dev_ws/src/audio' returned '0': PYTHONPATH=/home/dev_ws/install/audio/lib/python3.8/site-packages:${PYTHONPATH} /usr/bin/python3 setup.py egg_info --egg-base ../../build/audio build --build-base /home/dev_ws/build/audio/build install --prefix /home/dev_ws/install/audio --record /home/dev_ws/build/audio/install.log --single-version-externally-managed
