[2.019s] Invoking command in '/home/jubileo/src/face_controller': PYTHONPATH=/home/jubileo/install/face_controller/lib/python3.8/site-packages:${PYTHONPATH} /usr/bin/python3 setup.py egg_info --egg-base ../../build/face_controller build --build-base /home/jubileo/build/face_controller/build install --prefix /home/jubileo/install/face_controller --record /home/jubileo/build/face_controller/install.log --single-version-externally-managed
[2.289s] running egg_info
[2.290s] writing ../../build/face_controller/face_controller.egg-info/PKG-INFO
[2.290s] writing dependency_links to ../../build/face_controller/face_controller.egg-info/dependency_links.txt
[2.291s] writing entry points to ../../build/face_controller/face_controller.egg-info/entry_points.txt
[2.291s] writing requirements to ../../build/face_controller/face_controller.egg-info/requires.txt
[2.291s] writing top-level names to ../../build/face_controller/face_controller.egg-info/top_level.txt
[2.350s] reading manifest file '../../build/face_controller/face_controller.egg-info/SOURCES.txt'
[2.352s] writing manifest file '../../build/face_controller/face_controller.egg-info/SOURCES.txt'
[2.352s] running build
[2.352s] running build_py
[2.353s] copying face_controller/__init__.py -> /home/jubileo/build/face_controller/build/lib/face_controller
[2.353s] copying face_controller/facial_expression.py -> /home/jubileo/build/face_controller/build/lib/face_controller
[2.353s] running install
[2.354s] running install_lib
[2.355s] copying /home/jubileo/build/face_controller/build/lib/face_controller/__init__.py -> /home/jubileo/install/face_controller/lib/python3.8/site-packages/face_controller
[2.356s] copying /home/jubileo/build/face_controller/build/lib/face_controller/facial_expression.py -> /home/jubileo/install/face_controller/lib/python3.8/site-packages/face_controller
[2.357s] byte-compiling /home/jubileo/install/face_controller/lib/python3.8/site-packages/face_controller/__init__.py to __init__.cpython-38.pyc
[2.359s] byte-compiling /home/jubileo/install/face_controller/lib/python3.8/site-packages/face_controller/facial_expression.py to facial_expression.cpython-38.pyc
[2.361s] running install_data
[2.363s] copying resource/face_controller -> /home/jubileo/install/face_controller/share/ament_index/resource_index/packages
[2.363s] copying package.xml -> /home/jubileo/install/face_controller/share/face_controller
[2.363s] running install_egg_info
[2.367s] removing '/home/jubileo/install/face_controller/lib/python3.8/site-packages/face_controller-0.0.0-py3.8.egg-info' (and everything under it)
[2.367s] Copying ../../build/face_controller/face_controller.egg-info to /home/jubileo/install/face_controller/lib/python3.8/site-packages/face_controller-0.0.0-py3.8.egg-info
[2.368s] running install_scripts
[2.402s] Installing facial_expression script to /home/jubileo/install/face_controller/lib/face_controller
[2.402s] writing list of installed files to '/home/jubileo/build/face_controller/install.log'
[2.506s] Invoked command in '/home/jubileo/src/face_controller' returned '0': PYTHONPATH=/home/jubileo/install/face_controller/lib/python3.8/site-packages:${PYTHONPATH} /usr/bin/python3 setup.py egg_info --egg-base ../../build/face_controller build --build-base /home/jubileo/build/face_controller/build install --prefix /home/jubileo/install/face_controller --record /home/jubileo/build/face_controller/install.log --single-version-externally-managed
