[6.285s] Invoking command in '/home/dev_ws/src/unity_robotics_demo': PYTHONPATH=/home/dev_ws/src/install/unity_robotics_demo/lib/python3.8/site-packages:${PYTHONPATH} /usr/bin/python3 setup.py egg_info --egg-base ../build/unity_robotics_demo build --build-base /home/dev_ws/src/build/unity_robotics_demo/build install --prefix /home/dev_ws/src/install/unity_robotics_demo --record /home/dev_ws/src/build/unity_robotics_demo/install.log --single-version-externally-managed
[7.496s] running egg_info
[7.499s] writing ../build/unity_robotics_demo/unity_robotics_demo.egg-info/PKG-INFO
[7.502s] writing dependency_links to ../build/unity_robotics_demo/unity_robotics_demo.egg-info/dependency_links.txt
[7.504s] writing entry points to ../build/unity_robotics_demo/unity_robotics_demo.egg-info/entry_points.txt
[7.505s] writing requirements to ../build/unity_robotics_demo/unity_robotics_demo.egg-info/requires.txt
[7.511s] writing top-level names to ../build/unity_robotics_demo/unity_robotics_demo.egg-info/top_level.txt
[7.769s] reading manifest file '../build/unity_robotics_demo/unity_robotics_demo.egg-info/SOURCES.txt'
[7.779s] writing manifest file '../build/unity_robotics_demo/unity_robotics_demo.egg-info/SOURCES.txt'
[7.780s] running build
[7.781s] running build_py
[7.782s] running install
[7.787s] running install_lib
[7.800s] running install_data
[7.803s] running install_egg_info
[7.817s] removing '/home/dev_ws/src/install/unity_robotics_demo/lib/python3.8/site-packages/unity_robotics_demo-0.0.1-py3.8.egg-info' (and everything under it)
[7.821s] Copying ../build/unity_robotics_demo/unity_robotics_demo.egg-info to /home/dev_ws/src/install/unity_robotics_demo/lib/python3.8/site-packages/unity_robotics_demo-0.0.1-py3.8.egg-info
[7.836s] running install_scripts
[7.963s] Installing color_publisher script to /home/dev_ws/src/install/unity_robotics_demo/lib/unity_robotics_demo
[7.965s] Installing position_service script to /home/dev_ws/src/install/unity_robotics_demo/lib/unity_robotics_demo
[7.968s] writing list of installed files to '/home/dev_ws/src/build/unity_robotics_demo/install.log'
[8.218s] Invoked command in '/home/dev_ws/src/unity_robotics_demo' returned '0': PYTHONPATH=/home/dev_ws/src/install/unity_robotics_demo/lib/python3.8/site-packages:${PYTHONPATH} /usr/bin/python3 setup.py egg_info --egg-base ../build/unity_robotics_demo build --build-base /home/dev_ws/src/build/unity_robotics_demo/build install --prefix /home/dev_ws/src/install/unity_robotics_demo --record /home/dev_ws/src/build/unity_robotics_demo/install.log --single-version-externally-managed
