[5.515s] Invoking command in '/home/dev_ws/src/utils': PYTHONPATH=/home/dev_ws/install/utils/lib/python3.8/site-packages:${PYTHONPATH} /usr/bin/python3 setup.py egg_info --egg-base ../../build/utils build --build-base /home/dev_ws/build/utils/build install --prefix /home/dev_ws/install/utils --record /home/dev_ws/build/utils/install.log --single-version-externally-managed
[6.335s] running egg_info
[6.336s] writing ../../build/utils/utils.egg-info/PKG-INFO
[6.338s] writing dependency_links to ../../build/utils/utils.egg-info/dependency_links.txt
[6.338s] writing entry points to ../../build/utils/utils.egg-info/entry_points.txt
[6.339s] writing requirements to ../../build/utils/utils.egg-info/requires.txt
[6.339s] writing top-level names to ../../build/utils/utils.egg-info/top_level.txt
[6.463s] reading manifest file '../../build/utils/utils.egg-info/SOURCES.txt'
[6.465s] writing manifest file '../../build/utils/utils.egg-info/SOURCES.txt'
[6.466s] running build
[6.466s] running build_py
[6.468s] running install
[6.470s] running install_lib
[6.474s] running install_data
[6.477s] running install_egg_info
[6.493s] removing '/home/dev_ws/install/utils/lib/python3.8/site-packages/utils-0.0.0-py3.8.egg-info' (and everything under it)
[6.493s] Copying ../../build/utils/utils.egg-info to /home/dev_ws/install/utils/lib/python3.8/site-packages/utils-0.0.0-py3.8.egg-info
[6.493s] running install_scripts
[6.582s] Installing utils script to /home/dev_ws/install/utils/lib/utils
[6.589s] writing list of installed files to '/home/dev_ws/build/utils/install.log'
[6.815s] Invoked command in '/home/dev_ws/src/utils' returned '0': PYTHONPATH=/home/dev_ws/install/utils/lib/python3.8/site-packages:${PYTHONPATH} /usr/bin/python3 setup.py egg_info --egg-base ../../build/utils build --build-base /home/dev_ws/build/utils/build install --prefix /home/dev_ws/install/utils --record /home/dev_ws/build/utils/install.log --single-version-externally-managed
