[4.842s] Invoking command in '/home/dev_ws/src/utils': PYTHONPATH=/home/dev_ws/install/utils/lib/python3.8/site-packages:${PYTHONPATH} /usr/bin/python3 setup.py egg_info --egg-base ../../build/utils build --build-base /home/dev_ws/build/utils/build install --prefix /home/dev_ws/install/utils --record /home/dev_ws/build/utils/install.log --single-version-externally-managed
[5.643s] running egg_info
[5.645s] writing ../../build/utils/utils.egg-info/PKG-INFO
[5.645s] writing dependency_links to ../../build/utils/utils.egg-info/dependency_links.txt
[5.646s] writing entry points to ../../build/utils/utils.egg-info/entry_points.txt
[5.647s] writing requirements to ../../build/utils/utils.egg-info/requires.txt
[5.647s] writing top-level names to ../../build/utils/utils.egg-info/top_level.txt
[5.884s] reading manifest file '../../build/utils/utils.egg-info/SOURCES.txt'
[5.897s] writing manifest file '../../build/utils/utils.egg-info/SOURCES.txt'
[5.897s] running build
[5.897s] running build_py
[5.898s] running install
[5.902s] running install_lib
[5.916s] running install_data
[5.917s] running install_egg_info
[5.928s] removing '/home/dev_ws/install/utils/lib/python3.8/site-packages/utils-0.0.0-py3.8.egg-info' (and everything under it)
[5.943s] Copying ../../build/utils/utils.egg-info to /home/dev_ws/install/utils/lib/python3.8/site-packages/utils-0.0.0-py3.8.egg-info
[5.944s] running install_scripts
[6.047s] Installing utils script to /home/dev_ws/install/utils/lib/utils
[6.049s] writing list of installed files to '/home/dev_ws/build/utils/install.log'
[6.306s] Invoked command in '/home/dev_ws/src/utils' returned '0': PYTHONPATH=/home/dev_ws/install/utils/lib/python3.8/site-packages:${PYTHONPATH} /usr/bin/python3 setup.py egg_info --egg-base ../../build/utils build --build-base /home/dev_ws/build/utils/build install --prefix /home/dev_ws/install/utils --record /home/dev_ws/build/utils/install.log --single-version-externally-managed
