[2.663s] Invoking command in '/home/dev_ws/src/vision': PYTHONPATH=/home/dev_ws/install/vision/lib/python3.8/site-packages:${PYTHONPATH} /usr/bin/python3 setup.py egg_info --egg-base ../../build/vision build --build-base /home/dev_ws/build/vision/build install --prefix /home/dev_ws/install/vision --record /home/dev_ws/build/vision/install.log --single-version-externally-managed
[3.031s] running egg_info
[3.032s] writing ../../build/vision/vision.egg-info/PKG-INFO
[3.032s] writing dependency_links to ../../build/vision/vision.egg-info/dependency_links.txt
[3.033s] writing entry points to ../../build/vision/vision.egg-info/entry_points.txt
[3.033s] writing requirements to ../../build/vision/vision.egg-info/requires.txt
[3.034s] writing top-level names to ../../build/vision/vision.egg-info/top_level.txt
[3.112s] reading manifest file '../../build/vision/vision.egg-info/SOURCES.txt'
[3.113s] writing manifest file '../../build/vision/vision.egg-info/SOURCES.txt'
[3.114s] running build
[3.114s] running build_py
[3.114s] running install
[3.116s] running install_lib
[3.121s] running install_data
[3.122s] running install_egg_info
[3.128s] removing '/home/dev_ws/install/vision/lib/python3.8/site-packages/vision-0.0.0-py3.8.egg-info' (and everything under it)
[3.128s] Copying ../../build/vision/vision.egg-info to /home/dev_ws/install/vision/lib/python3.8/site-packages/vision-0.0.0-py3.8.egg-info
[3.132s] running install_scripts
[3.201s] Installing color_detector script to /home/dev_ws/install/vision/lib/vision
[3.203s] Installing face_detector script to /home/dev_ws/install/vision/lib/vision
[3.207s] Installing face_recognizer script to /home/dev_ws/install/vision/lib/vision
[3.209s] Installing facial_expression_detector script to /home/dev_ws/install/vision/lib/vision
[3.212s] writing list of installed files to '/home/dev_ws/build/vision/install.log'
[3.343s] Invoked command in '/home/dev_ws/src/vision' returned '0': PYTHONPATH=/home/dev_ws/install/vision/lib/python3.8/site-packages:${PYTHONPATH} /usr/bin/python3 setup.py egg_info --egg-base ../../build/vision build --build-base /home/dev_ws/build/vision/build install --prefix /home/dev_ws/install/vision --record /home/dev_ws/build/vision/install.log --single-version-externally-managed
