[5.777s] Invoking command in '/home/dev_ws/src/face_controller': PYTHONPATH=/home/dev_ws/install/face_controller/lib/python3.8/site-packages:${PYTHONPATH} /usr/bin/python3 setup.py egg_info --egg-base ../../build/face_controller build --build-base /home/dev_ws/build/face_controller/build install --prefix /home/dev_ws/install/face_controller --record /home/dev_ws/build/face_controller/install.log --single-version-externally-managed
[6.652s] running egg_info
[6.657s] writing ../../build/face_controller/face_controller.egg-info/PKG-INFO
[6.659s] writing dependency_links to ../../build/face_controller/face_controller.egg-info/dependency_links.txt
[6.660s] writing entry points to ../../build/face_controller/face_controller.egg-info/entry_points.txt
[6.661s] writing requirements to ../../build/face_controller/face_controller.egg-info/requires.txt
[6.661s] writing top-level names to ../../build/face_controller/face_controller.egg-info/top_level.txt
[6.853s] reading manifest file '../../build/face_controller/face_controller.egg-info/SOURCES.txt'
[6.857s] writing manifest file '../../build/face_controller/face_controller.egg-info/SOURCES.txt'
[6.858s] running build
[6.859s] running build_py
[6.862s] running install
[6.867s] running install_lib
[6.871s] running install_data
[6.872s] running install_egg_info
[6.884s] removing '/home/dev_ws/install/face_controller/lib/python3.8/site-packages/face_controller-0.0.0-py3.8.egg-info' (and everything under it)
[6.886s] Copying ../../build/face_controller/face_controller.egg-info to /home/dev_ws/install/face_controller/lib/python3.8/site-packages/face_controller-0.0.0-py3.8.egg-info
[6.892s] running install_scripts
[6.964s] Installing facial_expression script to /home/dev_ws/install/face_controller/lib/face_controller
[6.964s] writing list of installed files to '/home/dev_ws/build/face_controller/install.log'
[7.061s] Invoked command in '/home/dev_ws/src/face_controller' returned '0': PYTHONPATH=/home/dev_ws/install/face_controller/lib/python3.8/site-packages:${PYTHONPATH} /usr/bin/python3 setup.py egg_info --egg-base ../../build/face_controller build --build-base /home/dev_ws/build/face_controller/build install --prefix /home/dev_ws/install/face_controller --record /home/dev_ws/build/face_controller/install.log --single-version-externally-managed
