[2.746s] Invoking command in '/home/dev_ws/src/ros_tcp_endpoint': PYTHONPATH=/home/dev_ws/install/ros_tcp_endpoint/lib/python3.8/site-packages:${PYTHONPATH} /usr/bin/python3 setup.py egg_info --egg-base ../../build/ros_tcp_endpoint build --build-base /home/dev_ws/build/ros_tcp_endpoint/build install --prefix /home/dev_ws/install/ros_tcp_endpoint --record /home/dev_ws/build/ros_tcp_endpoint/install.log --single-version-externally-managed
[3.235s] running egg_info
[3.238s] writing ../../build/ros_tcp_endpoint/ros_tcp_endpoint.egg-info/PKG-INFO
[3.239s] writing dependency_links to ../../build/ros_tcp_endpoint/ros_tcp_endpoint.egg-info/dependency_links.txt
[3.240s] writing entry points to ../../build/ros_tcp_endpoint/ros_tcp_endpoint.egg-info/entry_points.txt
[3.241s] writing requirements to ../../build/ros_tcp_endpoint/ros_tcp_endpoint.egg-info/requires.txt
[3.242s] writing top-level names to ../../build/ros_tcp_endpoint/ros_tcp_endpoint.egg-info/top_level.txt
[3.349s] reading manifest file '../../build/ros_tcp_endpoint/ros_tcp_endpoint.egg-info/SOURCES.txt'
[3.353s] writing manifest file '../../build/ros_tcp_endpoint/ros_tcp_endpoint.egg-info/SOURCES.txt'
[3.356s] running build
[3.357s] running build_py
[3.357s] running install
[3.358s] running install_lib
[3.363s] running install_data
[3.365s] running install_egg_info
[3.368s] removing '/home/dev_ws/install/ros_tcp_endpoint/lib/python3.8/site-packages/ros_tcp_endpoint-0.0.1-py3.8.egg-info' (and everything under it)
[3.369s] Copying ../../build/ros_tcp_endpoint/ros_tcp_endpoint.egg-info to /home/dev_ws/install/ros_tcp_endpoint/lib/python3.8/site-packages/ros_tcp_endpoint-0.0.1-py3.8.egg-info
[3.374s] running install_scripts
[3.419s] Installing default_server_endpoint script to /home/dev_ws/install/ros_tcp_endpoint/lib/ros_tcp_endpoint
[3.420s] writing list of installed files to '/home/dev_ws/build/ros_tcp_endpoint/install.log'
[3.564s] Invoked command in '/home/dev_ws/src/ros_tcp_endpoint' returned '0': PYTHONPATH=/home/dev_ws/install/ros_tcp_endpoint/lib/python3.8/site-packages:${PYTHONPATH} /usr/bin/python3 setup.py egg_info --egg-base ../../build/ros_tcp_endpoint build --build-base /home/dev_ws/build/ros_tcp_endpoint/build install --prefix /home/dev_ws/install/ros_tcp_endpoint --record /home/dev_ws/build/ros_tcp_endpoint/install.log --single-version-externally-managed
