[2.293s] Invoking command in '/home/dev_ws/src/manipulation': PYTHONPATH=/home/dev_ws/install/manipulation/lib/python3.8/site-packages:${PYTHONPATH} /usr/bin/python3 setup.py egg_info --egg-base ../../build/manipulation build --build-base /home/dev_ws/build/manipulation/build install --prefix /home/dev_ws/install/manipulation --record /home/dev_ws/build/manipulation/install.log --single-version-externally-managed
[2.697s] running egg_info
[2.699s] writing ../../build/manipulation/manipulation.egg-info/PKG-INFO
[2.699s] writing dependency_links to ../../build/manipulation/manipulation.egg-info/dependency_links.txt
[2.700s] writing entry points to ../../build/manipulation/manipulation.egg-info/entry_points.txt
[2.701s] writing requirements to ../../build/manipulation/manipulation.egg-info/requires.txt
[2.701s] writing top-level names to ../../build/manipulation/manipulation.egg-info/top_level.txt
[2.763s] reading manifest file '../../build/manipulation/manipulation.egg-info/SOURCES.txt'
[2.764s] writing manifest file '../../build/manipulation/manipulation.egg-info/SOURCES.txt'
[2.764s] running build
[2.765s] running build_py
[2.765s] running install
[2.766s] running install_lib
[2.767s] running install_data
[2.768s] running install_egg_info
[2.771s] removing '/home/dev_ws/install/manipulation/lib/python3.8/site-packages/manipulation-0.0.0-py3.8.egg-info' (and everything under it)
[2.773s] Copying ../../build/manipulation/manipulation.egg-info to /home/dev_ws/install/manipulation/lib/python3.8/site-packages/manipulation-0.0.0-py3.8.egg-info
[2.774s] running install_scripts
[2.800s] Installing grab_object script to /home/dev_ws/install/manipulation/lib/manipulation
[2.801s] writing list of installed files to '/home/dev_ws/build/manipulation/install.log'
[2.868s] Invoked command in '/home/dev_ws/src/manipulation' returned '0': PYTHONPATH=/home/dev_ws/install/manipulation/lib/python3.8/site-packages:${PYTHONPATH} /usr/bin/python3 setup.py egg_info --egg-base ../../build/manipulation build --build-base /home/dev_ws/build/manipulation/build install --prefix /home/dev_ws/install/manipulation --record /home/dev_ws/build/manipulation/install.log --single-version-externally-managed
