running egg_info
writing ../../build/face_controller/face_controller.egg-info/PKG-INFO
writing dependency_links to ../../build/face_controller/face_controller.egg-info/dependency_links.txt
writing entry points to ../../build/face_controller/face_controller.egg-info/entry_points.txt
writing requirements to ../../build/face_controller/face_controller.egg-info/requires.txt
writing top-level names to ../../build/face_controller/face_controller.egg-info/top_level.txt
reading manifest file '../../build/face_controller/face_controller.egg-info/SOURCES.txt'
writing manifest file '../../build/face_controller/face_controller.egg-info/SOURCES.txt'
running build
running build_py
copying face_controller/facial_expression.py -> /home/dev_ws/build/face_controller/build/lib/face_controller
running install
running install_lib
copying /home/dev_ws/build/face_controller/build/lib/face_controller/facial_expression.py -> /home/dev_ws/install/face_controller/lib/python3.8/site-packages/face_controller
byte-compiling /home/dev_ws/install/face_controller/lib/python3.8/site-packages/face_controller/facial_expression.py to facial_expression.cpython-38.pyc
running install_data
running install_egg_info
removing '/home/dev_ws/install/face_controller/lib/python3.8/site-packages/face_controller-0.0.0-py3.8.egg-info' (and everything under it)
Copying ../../build/face_controller/face_controller.egg-info to /home/dev_ws/install/face_controller/lib/python3.8/site-packages/face_controller-0.0.0-py3.8.egg-info
running install_scripts
Installing facial_expression script to /home/dev_ws/install/face_controller/lib/face_controller
writing list of installed files to '/home/dev_ws/build/face_controller/install.log'
