[1.747s] Invoking command in '/home/dev_ws/src/face_controller': PYTHONPATH=/home/dev_ws/install/face_controller/lib/python3.8/site-packages:${PYTHONPATH} /usr/bin/python3 setup.py egg_info --egg-base ../../build/face_controller build --build-base /home/dev_ws/build/face_controller/build install --prefix /home/dev_ws/install/face_controller --record /home/dev_ws/build/face_controller/install.log --single-version-externally-managed
[2.097s] running egg_info
[2.099s] writing ../../build/face_controller/face_controller.egg-info/PKG-INFO
[2.099s] writing dependency_links to ../../build/face_controller/face_controller.egg-info/dependency_links.txt
[2.100s] writing entry points to ../../build/face_controller/face_controller.egg-info/entry_points.txt
[2.101s] writing requirements to ../../build/face_controller/face_controller.egg-info/requires.txt
[2.102s] writing top-level names to ../../build/face_controller/face_controller.egg-info/top_level.txt
[2.185s] reading manifest file '../../build/face_controller/face_controller.egg-info/SOURCES.txt'
[2.187s] writing manifest file '../../build/face_controller/face_controller.egg-info/SOURCES.txt'
[2.187s] running build
[2.188s] running build_py
[2.189s] running install
[2.189s] running install_lib
[2.195s] running install_data
[2.198s] running install_egg_info
[2.200s] removing '/home/dev_ws/install/face_controller/lib/python3.8/site-packages/face_controller-0.0.0-py3.8.egg-info' (and everything under it)
[2.201s] Copying ../../build/face_controller/face_controller.egg-info to /home/dev_ws/install/face_controller/lib/python3.8/site-packages/face_controller-0.0.0-py3.8.egg-info
[2.203s] running install_scripts
[2.232s] Installing facial_expression script to /home/dev_ws/install/face_controller/lib/face_controller
[2.233s] writing list of installed files to '/home/dev_ws/build/face_controller/install.log'
[2.329s] Invoked command in '/home/dev_ws/src/face_controller' returned '0': PYTHONPATH=/home/dev_ws/install/face_controller/lib/python3.8/site-packages:${PYTHONPATH} /usr/bin/python3 setup.py egg_info --egg-base ../../build/face_controller build --build-base /home/dev_ws/build/face_controller/build install --prefix /home/dev_ws/install/face_controller --record /home/dev_ws/build/face_controller/install.log --single-version-externally-managed
