[2.478s] Invoking command in '/home/dev_ws/src/audio': PYTHONPATH=/home/dev_ws/install/audio/lib/python3.8/site-packages:${PYTHONPATH} /usr/bin/python3 setup.py egg_info --egg-base ../../build/audio build --build-base /home/dev_ws/build/audio/build install --prefix /home/dev_ws/install/audio --record /home/dev_ws/build/audio/install.log --single-version-externally-managed
[2.856s] running egg_info
[2.858s] writing ../../build/audio/audio.egg-info/PKG-INFO
[2.864s] writing dependency_links to ../../build/audio/audio.egg-info/dependency_links.txt
[2.864s] writing entry points to ../../build/audio/audio.egg-info/entry_points.txt
[2.865s] writing requirements to ../../build/audio/audio.egg-info/requires.txt
[2.865s] writing top-level names to ../../build/audio/audio.egg-info/top_level.txt
[3.008s] reading manifest file '../../build/audio/audio.egg-info/SOURCES.txt'
[3.012s] writing manifest file '../../build/audio/audio.egg-info/SOURCES.txt'
[3.012s] running build
[3.012s] running build_py
[3.013s] copying audio/send_audio.py -> /home/dev_ws/build/audio/build/lib/audio
[3.014s] running install
[3.016s] running install_lib
[3.022s] copying /home/dev_ws/build/audio/build/lib/audio/send_audio.py -> /home/dev_ws/install/audio/lib/python3.8/site-packages/audio
[3.030s] byte-compiling /home/dev_ws/install/audio/lib/python3.8/site-packages/audio/send_audio.py to send_audio.cpython-38.pyc
[3.035s] running install_data
[3.040s] running install_egg_info
[3.045s] removing '/home/dev_ws/install/audio/lib/python3.8/site-packages/audio-0.0.0-py3.8.egg-info' (and everything under it)
[3.046s] Copying ../../build/audio/audio.egg-info to /home/dev_ws/install/audio/lib/python3.8/site-packages/audio-0.0.0-py3.8.egg-info
[3.049s] running install_scripts
[3.121s] Installing send_audio script to /home/dev_ws/install/audio/lib/audio
[3.121s] Installing speech_to_text script to /home/dev_ws/install/audio/lib/audio
[3.122s] writing list of installed files to '/home/dev_ws/build/audio/install.log'
[3.306s] Invoked command in '/home/dev_ws/src/audio' returned '0': PYTHONPATH=/home/dev_ws/install/audio/lib/python3.8/site-packages:${PYTHONPATH} /usr/bin/python3 setup.py egg_info --egg-base ../../build/audio build --build-base /home/dev_ws/build/audio/build install --prefix /home/dev_ws/install/audio --record /home/dev_ws/build/audio/install.log --single-version-externally-managed
