[5.625s] Invoking command in '/home/dev_ws/src/manipulation': PYTHONPATH=/home/dev_ws/install/manipulation/lib/python3.8/site-packages:${PYTHONPATH} /usr/bin/python3 setup.py egg_info --egg-base ../../build/manipulation build --build-base /home/dev_ws/build/manipulation/build install --prefix /home/dev_ws/install/manipulation --record /home/dev_ws/build/manipulation/install.log --single-version-externally-managed
[6.361s] running egg_info
[6.364s] writing ../../build/manipulation/manipulation.egg-info/PKG-INFO
[6.365s] writing dependency_links to ../../build/manipulation/manipulation.egg-info/dependency_links.txt
[6.365s] writing entry points to ../../build/manipulation/manipulation.egg-info/entry_points.txt
[6.366s] writing requirements to ../../build/manipulation/manipulation.egg-info/requires.txt
[6.368s] writing top-level names to ../../build/manipulation/manipulation.egg-info/top_level.txt
[6.525s] reading manifest file '../../build/manipulation/manipulation.egg-info/SOURCES.txt'
[6.529s] writing manifest file '../../build/manipulation/manipulation.egg-info/SOURCES.txt'
[6.530s] running build
[6.531s] running build_py
[6.533s] copying manipulation/grab_object.py -> /home/dev_ws/build/manipulation/build/lib/manipulation
[6.534s] running install
[6.534s] running install_lib
[6.537s] copying /home/dev_ws/build/manipulation/build/lib/manipulation/grab_object.py -> /home/dev_ws/install/manipulation/lib/python3.8/site-packages/manipulation
[6.539s] byte-compiling /home/dev_ws/install/manipulation/lib/python3.8/site-packages/manipulation/grab_object.py to grab_object.cpython-38.pyc
[6.543s] running install_data
[6.546s] running install_egg_info
[6.553s] removing '/home/dev_ws/install/manipulation/lib/python3.8/site-packages/manipulation-0.0.0-py3.8.egg-info' (and everything under it)
[6.554s] Copying ../../build/manipulation/manipulation.egg-info to /home/dev_ws/install/manipulation/lib/python3.8/site-packages/manipulation-0.0.0-py3.8.egg-info
[6.559s] running install_scripts
[6.638s] Installing grab_object script to /home/dev_ws/install/manipulation/lib/manipulation
[6.639s] writing list of installed files to '/home/dev_ws/build/manipulation/install.log'
[6.779s] Invoked command in '/home/dev_ws/src/manipulation' returned '0': PYTHONPATH=/home/dev_ws/install/manipulation/lib/python3.8/site-packages:${PYTHONPATH} /usr/bin/python3 setup.py egg_info --egg-base ../../build/manipulation build --build-base /home/dev_ws/build/manipulation/build install --prefix /home/dev_ws/install/manipulation --record /home/dev_ws/build/manipulation/install.log --single-version-externally-managed
