[3.897s] Invoking command in '/home/dev_ws/src/utils': PYTHONPATH=/home/dev_ws/install/utils/lib/python3.8/site-packages:${PYTHONPATH} /usr/bin/python3 setup.py egg_info --egg-base ../../build/utils build --build-base /home/dev_ws/build/utils/build install --prefix /home/dev_ws/install/utils --record /home/dev_ws/build/utils/install.log --single-version-externally-managed
[4.725s] running egg_info
[4.734s] writing ../../build/utils/utils.egg-info/PKG-INFO
[4.736s] writing dependency_links to ../../build/utils/utils.egg-info/dependency_links.txt
[4.737s] writing entry points to ../../build/utils/utils.egg-info/entry_points.txt
[4.737s] writing requirements to ../../build/utils/utils.egg-info/requires.txt
[4.737s] writing top-level names to ../../build/utils/utils.egg-info/top_level.txt
[4.893s] reading manifest file '../../build/utils/utils.egg-info/SOURCES.txt'
[4.898s] writing manifest file '../../build/utils/utils.egg-info/SOURCES.txt'
[4.900s] running build
[4.901s] running build_py
[4.902s] running install
[4.904s] running install_lib
[4.913s] running install_data
[4.917s] running install_egg_info
[4.921s] removing '/home/dev_ws/install/utils/lib/python3.8/site-packages/utils-0.0.0-py3.8.egg-info' (and everything under it)
[4.922s] Copying ../../build/utils/utils.egg-info to /home/dev_ws/install/utils/lib/python3.8/site-packages/utils-0.0.0-py3.8.egg-info
[4.926s] running install_scripts
[5.007s] Installing utils script to /home/dev_ws/install/utils/lib/utils
[5.008s] writing list of installed files to '/home/dev_ws/build/utils/install.log'
[5.219s] Invoked command in '/home/dev_ws/src/utils' returned '0': PYTHONPATH=/home/dev_ws/install/utils/lib/python3.8/site-packages:${PYTHONPATH} /usr/bin/python3 setup.py egg_info --egg-base ../../build/utils build --build-base /home/dev_ws/build/utils/build install --prefix /home/dev_ws/install/utils --record /home/dev_ws/build/utils/install.log --single-version-externally-managed
