[0.885s] Invoking command in '/home/dev_ws/src/unity_robotics_demo': PYTHONPATH=/home/dev_ws/install/unity_robotics_demo/lib/python3.8/site-packages:${PYTHONPATH} /usr/bin/python3 setup.py egg_info --egg-base ../../build/unity_robotics_demo build --build-base /home/dev_ws/build/unity_robotics_demo/build install --prefix /home/dev_ws/install/unity_robotics_demo --record /home/dev_ws/build/unity_robotics_demo/install.log --single-version-externally-managed
[1.066s] /usr/local/lib/python3.8/dist-packages/setuptools/dist.py:755: SetuptoolsDeprecationWarning: Invalid dash-separated options
[1.066s] !!
[1.066s] 
[1.067s]         ********************************************************************************
[1.067s]         Usage of dash-separated 'script-dir' will not be supported in future
[1.067s]         versions. Please use the underscore name 'script_dir' instead.
[1.067s] 
[1.067s]         By 2023-Sep-26, you need to update your project and remove deprecated calls
[1.067s]         or your builds will no longer be supported.
[1.067s] 
[1.067s]         See https://setuptools.pypa.io/en/latest/userguide/declarative_config.html for details.
[1.067s]         ********************************************************************************
[1.068s] 
[1.068s] !!
[1.068s]   opt = self.warn_dash_deprecation(opt, section)
[1.070s] /usr/local/lib/python3.8/dist-packages/setuptools/dist.py:755: SetuptoolsDeprecationWarning: Invalid dash-separated options
[1.070s] !!
[1.070s] 
[1.071s]         ********************************************************************************
[1.071s]         Usage of dash-separated 'install-scripts' will not be supported in future
[1.071s]         versions. Please use the underscore name 'install_scripts' instead.
[1.071s] 
[1.071s]         By 2023-Sep-26, you need to update your project and remove deprecated calls
[1.071s]         or your builds will no longer be supported.
[1.071s] 
[1.071s]         See https://setuptools.pypa.io/en/latest/userguide/declarative_config.html for details.
[1.071s]         ********************************************************************************
[1.071s] 
[1.071s] !!
[1.071s]   opt = self.warn_dash_deprecation(opt, section)
[1.173s] running egg_info
[1.187s] writing ../../build/unity_robotics_demo/unity_robotics_demo.egg-info/PKG-INFO
[1.188s] writing dependency_links to ../../build/unity_robotics_demo/unity_robotics_demo.egg-info/dependency_links.txt
[1.189s] writing entry points to ../../build/unity_robotics_demo/unity_robotics_demo.egg-info/entry_points.txt
[1.190s] writing requirements to ../../build/unity_robotics_demo/unity_robotics_demo.egg-info/requires.txt
[1.190s] writing top-level names to ../../build/unity_robotics_demo/unity_robotics_demo.egg-info/top_level.txt
[1.318s] reading manifest file '../../build/unity_robotics_demo/unity_robotics_demo.egg-info/SOURCES.txt'
[1.319s] writing manifest file '../../build/unity_robotics_demo/unity_robotics_demo.egg-info/SOURCES.txt'
[1.320s] running build
[1.320s] running build_py
[1.320s] running install
[1.320s] /usr/local/lib/python3.8/dist-packages/setuptools/_distutils/cmd.py:66: SetuptoolsDeprecationWarning: setup.py install is deprecated.
[1.321s] !!
[1.321s] 
[1.321s]         ********************************************************************************
[1.321s]         Please avoid running ``setup.py`` directly.
[1.321s]         Instead, use pypa/build, pypa/installer, pypa/build or
[1.321s]         other standards-based tools.
[1.321s] 
[1.321s]         See https://blog.ganssle.io/articles/2021/10/setup-py-deprecated.html for details.
[1.321s]         ********************************************************************************
[1.321s] 
[1.321s] !!
[1.321s]   self.initialize_options()
[1.326s] running install_lib
[1.342s] running install_data
[1.373s] running install_egg_info
[1.396s] removing '/home/dev_ws/install/unity_robotics_demo/lib/python3.8/site-packages/unity_robotics_demo-0.0.1-py3.8.egg-info' (and everything under it)
[1.397s] Copying ../../build/unity_robotics_demo/unity_robotics_demo.egg-info to /home/dev_ws/install/unity_robotics_demo/lib/python3.8/site-packages/unity_robotics_demo-0.0.1-py3.8.egg-info
[1.400s] running install_scripts
[1.527s] Installing color_publisher script to /home/dev_ws/install/unity_robotics_demo/lib/unity_robotics_demo
[1.528s] Installing position_service script to /home/dev_ws/install/unity_robotics_demo/lib/unity_robotics_demo
[1.528s] writing list of installed files to '/home/dev_ws/build/unity_robotics_demo/install.log'
[1.562s] Invoked command in '/home/dev_ws/src/unity_robotics_demo' returned '0': PYTHONPATH=/home/dev_ws/install/unity_robotics_demo/lib/python3.8/site-packages:${PYTHONPATH} /usr/bin/python3 setup.py egg_info --egg-base ../../build/unity_robotics_demo build --build-base /home/dev_ws/build/unity_robotics_demo/build install --prefix /home/dev_ws/install/unity_robotics_demo --record /home/dev_ws/build/unity_robotics_demo/install.log --single-version-externally-managed
