[0.202s] DEBUG:colcon:Command line arguments: ['/usr/bin/colcon', 'build']
[0.202s] DEBUG:colcon:Parsed command line arguments: Namespace(ament_cmake_args=None, base_paths=['.'], build_base='build', catkin_cmake_args=None, catkin_skip_building_tests=False, cmake_args=None, cmake_clean_cache=False, cmake_clean_first=False, cmake_force_configure=False, cmake_target=None, cmake_target_skip_unavailable=False, continue_on_error=False, event_handlers=None, executor='parallel', ignore_user_meta=False, install_base='install', log_base=None, log_level=None, main=<bound method BuildVerb.main of <colcon_core.verb.build.BuildVerb object at 0x7f5df743dd60>>, merge_install=False, metas=['./colcon.meta'], mixin=None, mixin_files=None, mixin_verb=('build',), packages_above=None, packages_above_and_dependencies=None, packages_above_depth=None, packages_end=None, packages_ignore=None, packages_ignore_regex=None, packages_select=None, packages_select_build_failed=False, packages_select_by_dep=None, packages_select_regex=None, packages_select_test_failures=False, packages_skip=None, packages_skip_build_finished=False, packages_skip_by_dep=None, packages_skip_regex=None, packages_skip_test_passed=False, packages_skip_up_to=None, packages_start=None, packages_up_to=None, packages_up_to_regex=None, parallel_workers=12, paths=None, symlink_install=False, test_result_base=None, verb_extension=<colcon_core.verb.build.BuildVerb object at 0x7f5df743dd60>, verb_name='build', verb_parser=<colcon_mixin.mixin.mixin_argument.MixinArgumentDecorator object at 0x7f5df73ca370>)
[0.233s] Level 1:colcon.colcon_core.package_discovery:discover_packages(colcon_meta) check parameters
[0.234s] INFO:colcon.colcon_metadata.package_discovery.colcon_meta:Using configuration from '/root/.colcon/metadata/default/Gazebo.meta'
[0.235s] INFO:colcon.colcon_metadata.package_discovery.colcon_meta:Using configuration from '/root/.colcon/metadata/default/fastrtps.meta'
[0.235s] Level 1:colcon.colcon_core.package_discovery:discover_packages(recursive) check parameters
[0.235s] Level 1:colcon.colcon_core.package_discovery:discover_packages(ignore) check parameters
[0.235s] Level 1:colcon.colcon_core.package_discovery:discover_packages(path) check parameters
[0.235s] Level 1:colcon.colcon_core.package_discovery:discover_packages(colcon_meta) discover
[0.235s] Level 1:colcon.colcon_core.package_discovery:discover_packages(recursive) discover
[0.235s] INFO:colcon.colcon_core.package_discovery:Crawling recursively for packages in '/home/dev_ws'
[0.235s] Level 1:colcon.colcon_core.package_identification:_identify(.) by extensions ['ignore', 'ignore_ament_install']
[0.236s] Level 1:colcon.colcon_core.package_identification:_identify(.) by extension 'ignore'
[0.236s] Level 1:colcon.colcon_core.package_identification:_identify(.) by extension 'ignore_ament_install'
[0.236s] Level 1:colcon.colcon_core.package_identification:_identify(.) by extensions ['colcon_pkg']
[0.236s] Level 1:colcon.colcon_core.package_identification:_identify(.) by extension 'colcon_pkg'
[0.236s] Level 1:colcon.colcon_core.package_identification:_identify(.) by extensions ['colcon_meta']
[0.236s] Level 1:colcon.colcon_core.package_identification:_identify(.) by extension 'colcon_meta'
[0.236s] Level 1:colcon.colcon_core.package_identification:_identify(.) by extensions ['ros']
[0.236s] Level 1:colcon.colcon_core.package_identification:_identify(.) by extension 'ros'
[0.251s] Level 1:colcon.colcon_core.package_identification:_identify(.) by extensions ['cmake', 'python']
[0.251s] Level 1:colcon.colcon_core.package_identification:_identify(.) by extension 'cmake'
[0.251s] Level 1:colcon.colcon_core.package_identification:_identify(.) by extension 'python'
[0.251s] Level 1:colcon.colcon_core.package_identification:_identify(.) by extensions ['python_setup_py']
[0.251s] Level 1:colcon.colcon_core.package_identification:_identify(.) by extension 'python_setup_py'
[0.252s] Level 1:colcon.colcon_core.package_identification:_identify(build) by extensions ['ignore', 'ignore_ament_install']
[0.252s] Level 1:colcon.colcon_core.package_identification:_identify(build) by extension 'ignore'
[0.252s] Level 1:colcon.colcon_core.package_identification:_identify(build) ignored
[0.252s] Level 1:colcon.colcon_core.package_identification:_identify(install) by extensions ['ignore', 'ignore_ament_install']
[0.252s] Level 1:colcon.colcon_core.package_identification:_identify(install) by extension 'ignore'
[0.252s] Level 1:colcon.colcon_core.package_identification:_identify(install) ignored
[0.253s] Level 1:colcon.colcon_core.package_identification:_identify(log) by extensions ['ignore', 'ignore_ament_install']
[0.253s] Level 1:colcon.colcon_core.package_identification:_identify(log) by extension 'ignore'
[0.253s] Level 1:colcon.colcon_core.package_identification:_identify(log) ignored
[0.253s] Level 1:colcon.colcon_core.package_identification:_identify(rm) by extensions ['ignore', 'ignore_ament_install']
[0.253s] Level 1:colcon.colcon_core.package_identification:_identify(rm) by extension 'ignore'
[0.253s] Level 1:colcon.colcon_core.package_identification:_identify(rm) by extension 'ignore_ament_install'
[0.253s] Level 1:colcon.colcon_core.package_identification:_identify(rm) by extensions ['colcon_pkg']
[0.253s] Level 1:colcon.colcon_core.package_identification:_identify(rm) by extension 'colcon_pkg'
[0.254s] Level 1:colcon.colcon_core.package_identification:_identify(rm) by extensions ['colcon_meta']
[0.254s] Level 1:colcon.colcon_core.package_identification:_identify(rm) by extension 'colcon_meta'
[0.254s] Level 1:colcon.colcon_core.package_identification:_identify(rm) by extensions ['ros']
[0.254s] Level 1:colcon.colcon_core.package_identification:_identify(rm) by extension 'ros'
[0.254s] Level 1:colcon.colcon_core.package_identification:_identify(rm) by extensions ['cmake', 'python']
[0.254s] Level 1:colcon.colcon_core.package_identification:_identify(rm) by extension 'cmake'
[0.254s] Level 1:colcon.colcon_core.package_identification:_identify(rm) by extension 'python'
[0.254s] Level 1:colcon.colcon_core.package_identification:_identify(rm) by extensions ['python_setup_py']
[0.254s] Level 1:colcon.colcon_core.package_identification:_identify(rm) by extension 'python_setup_py'
[0.254s] Level 1:colcon.colcon_core.package_identification:_identify(src) by extensions ['ignore', 'ignore_ament_install']
[0.255s] Level 1:colcon.colcon_core.package_identification:_identify(src) by extension 'ignore'
[0.255s] Level 1:colcon.colcon_core.package_identification:_identify(src) by extension 'ignore_ament_install'
[0.255s] Level 1:colcon.colcon_core.package_identification:_identify(src) by extensions ['colcon_pkg']
[0.255s] Level 1:colcon.colcon_core.package_identification:_identify(src) by extension 'colcon_pkg'
[0.255s] Level 1:colcon.colcon_core.package_identification:_identify(src) by extensions ['colcon_meta']
[0.255s] Level 1:colcon.colcon_core.package_identification:_identify(src) by extension 'colcon_meta'
[0.255s] Level 1:colcon.colcon_core.package_identification:_identify(src) by extensions ['ros']
[0.255s] Level 1:colcon.colcon_core.package_identification:_identify(src) by extension 'ros'
[0.255s] Level 1:colcon.colcon_core.package_identification:_identify(src) by extensions ['cmake', 'python']
[0.256s] Level 1:colcon.colcon_core.package_identification:_identify(src) by extension 'cmake'
[0.256s] Level 1:colcon.colcon_core.package_identification:_identify(src) by extension 'python'
[0.256s] Level 1:colcon.colcon_core.package_identification:_identify(src) by extensions ['python_setup_py']
[0.256s] Level 1:colcon.colcon_core.package_identification:_identify(src) by extension 'python_setup_py'
[0.256s] Level 1:colcon.colcon_core.package_identification:_identify(src/audio) by extensions ['ignore', 'ignore_ament_install']
[0.256s] Level 1:colcon.colcon_core.package_identification:_identify(src/audio) by extension 'ignore'
[0.256s] Level 1:colcon.colcon_core.package_identification:_identify(src/audio) by extension 'ignore_ament_install'
[0.256s] Level 1:colcon.colcon_core.package_identification:_identify(src/audio) by extensions ['colcon_pkg']
[0.256s] Level 1:colcon.colcon_core.package_identification:_identify(src/audio) by extension 'colcon_pkg'
[0.256s] Level 1:colcon.colcon_core.package_identification:_identify(src/audio) by extensions ['colcon_meta']
[0.256s] Level 1:colcon.colcon_core.package_identification:_identify(src/audio) by extension 'colcon_meta'
[0.257s] Level 1:colcon.colcon_core.package_identification:_identify(src/audio) by extensions ['ros']
[0.257s] Level 1:colcon.colcon_core.package_identification:_identify(src/audio) by extension 'ros'
[0.260s] DEBUG:colcon.colcon_core.package_identification:Package 'src/audio' with type 'ros.ament_python' and name 'audio'
[0.260s] Level 1:colcon.colcon_core.package_identification:_identify(src/face_controller) by extensions ['ignore', 'ignore_ament_install']
[0.261s] Level 1:colcon.colcon_core.package_identification:_identify(src/face_controller) by extension 'ignore'
[0.261s] Level 1:colcon.colcon_core.package_identification:_identify(src/face_controller) by extension 'ignore_ament_install'
[0.261s] Level 1:colcon.colcon_core.package_identification:_identify(src/face_controller) by extensions ['colcon_pkg']
[0.261s] Level 1:colcon.colcon_core.package_identification:_identify(src/face_controller) by extension 'colcon_pkg'
[0.261s] Level 1:colcon.colcon_core.package_identification:_identify(src/face_controller) by extensions ['colcon_meta']
[0.261s] Level 1:colcon.colcon_core.package_identification:_identify(src/face_controller) by extension 'colcon_meta'
[0.261s] Level 1:colcon.colcon_core.package_identification:_identify(src/face_controller) by extensions ['ros']
[0.261s] Level 1:colcon.colcon_core.package_identification:_identify(src/face_controller) by extension 'ros'
[0.262s] DEBUG:colcon.colcon_core.package_identification:Package 'src/face_controller' with type 'ros.ament_python' and name 'face_controller'
[0.263s] Level 1:colcon.colcon_core.package_identification:_identify(src/ros_tcp_endpoint) by extensions ['ignore', 'ignore_ament_install']
[0.263s] Level 1:colcon.colcon_core.package_identification:_identify(src/ros_tcp_endpoint) by extension 'ignore'
[0.263s] Level 1:colcon.colcon_core.package_identification:_identify(src/ros_tcp_endpoint) by extension 'ignore_ament_install'
[0.264s] Level 1:colcon.colcon_core.package_identification:_identify(src/ros_tcp_endpoint) by extensions ['colcon_pkg']
[0.264s] Level 1:colcon.colcon_core.package_identification:_identify(src/ros_tcp_endpoint) by extension 'colcon_pkg'
[0.264s] Level 1:colcon.colcon_core.package_identification:_identify(src/ros_tcp_endpoint) by extensions ['colcon_meta']
[0.264s] Level 1:colcon.colcon_core.package_identification:_identify(src/ros_tcp_endpoint) by extension 'colcon_meta'
[0.264s] Level 1:colcon.colcon_core.package_identification:_identify(src/ros_tcp_endpoint) by extensions ['ros']
[0.264s] Level 1:colcon.colcon_core.package_identification:_identify(src/ros_tcp_endpoint) by extension 'ros'
[0.265s] DEBUG:colcon.colcon_core.package_identification:Package 'src/ros_tcp_endpoint' with type 'ros.ament_python' and name 'ros_tcp_endpoint'
[0.265s] Level 1:colcon.colcon_core.package_identification:_identify(src/unity_robotics_demo) by extensions ['ignore', 'ignore_ament_install']
[0.265s] Level 1:colcon.colcon_core.package_identification:_identify(src/unity_robotics_demo) by extension 'ignore'
[0.265s] Level 1:colcon.colcon_core.package_identification:_identify(src/unity_robotics_demo) by extension 'ignore_ament_install'
[0.265s] Level 1:colcon.colcon_core.package_identification:_identify(src/unity_robotics_demo) by extensions ['colcon_pkg']
[0.265s] Level 1:colcon.colcon_core.package_identification:_identify(src/unity_robotics_demo) by extension 'colcon_pkg'
[0.265s] Level 1:colcon.colcon_core.package_identification:_identify(src/unity_robotics_demo) by extensions ['colcon_meta']
[0.266s] Level 1:colcon.colcon_core.package_identification:_identify(src/unity_robotics_demo) by extension 'colcon_meta'
[0.266s] Level 1:colcon.colcon_core.package_identification:_identify(src/unity_robotics_demo) by extensions ['ros']
[0.266s] Level 1:colcon.colcon_core.package_identification:_identify(src/unity_robotics_demo) by extension 'ros'
[0.267s] DEBUG:colcon.colcon_core.package_identification:Package 'src/unity_robotics_demo' with type 'ros.ament_python' and name 'unity_robotics_demo'
[0.267s] Level 1:colcon.colcon_core.package_identification:_identify(src/unity_robotics_demo_msgs) by extensions ['ignore', 'ignore_ament_install']
[0.267s] Level 1:colcon.colcon_core.package_identification:_identify(src/unity_robotics_demo_msgs) by extension 'ignore'
[0.267s] Level 1:colcon.colcon_core.package_identification:_identify(src/unity_robotics_demo_msgs) by extension 'ignore_ament_install'
[0.267s] Level 1:colcon.colcon_core.package_identification:_identify(src/unity_robotics_demo_msgs) by extensions ['colcon_pkg']
[0.267s] Level 1:colcon.colcon_core.package_identification:_identify(src/unity_robotics_demo_msgs) by extension 'colcon_pkg'
[0.267s] Level 1:colcon.colcon_core.package_identification:_identify(src/unity_robotics_demo_msgs) by extensions ['colcon_meta']
[0.267s] Level 1:colcon.colcon_core.package_identification:_identify(src/unity_robotics_demo_msgs) by extension 'colcon_meta'
[0.267s] Level 1:colcon.colcon_core.package_identification:_identify(src/unity_robotics_demo_msgs) by extensions ['ros']
[0.268s] Level 1:colcon.colcon_core.package_identification:_identify(src/unity_robotics_demo_msgs) by extension 'ros'
[0.268s] DEBUG:colcon.colcon_core.package_identification:Package 'src/unity_robotics_demo_msgs' with type 'ros.ament_cmake' and name 'unity_robotics_demo_msgs'
[0.268s] Level 1:colcon.colcon_core.package_identification:_identify(src/vision) by extensions ['ignore', 'ignore_ament_install']
[0.269s] Level 1:colcon.colcon_core.package_identification:_identify(src/vision) by extension 'ignore'
[0.269s] Level 1:colcon.colcon_core.package_identification:_identify(src/vision) by extension 'ignore_ament_install'
[0.269s] Level 1:colcon.colcon_core.package_identification:_identify(src/vision) by extensions ['colcon_pkg']
[0.269s] Level 1:colcon.colcon_core.package_identification:_identify(src/vision) by extension 'colcon_pkg'
[0.269s] Level 1:colcon.colcon_core.package_identification:_identify(src/vision) by extensions ['colcon_meta']
[0.269s] Level 1:colcon.colcon_core.package_identification:_identify(src/vision) by extension 'colcon_meta'
[0.269s] Level 1:colcon.colcon_core.package_identification:_identify(src/vision) by extensions ['ros']
[0.269s] Level 1:colcon.colcon_core.package_identification:_identify(src/vision) by extension 'ros'
[0.270s] DEBUG:colcon.colcon_core.package_identification:Package 'src/vision' with type 'ros.ament_python' and name 'vision'
[0.270s] Level 1:colcon.colcon_core.package_discovery:discover_packages(recursive) using defaults
[0.270s] Level 1:colcon.colcon_core.package_discovery:discover_packages(ignore) discover
[0.270s] Level 1:colcon.colcon_core.package_discovery:discover_packages(ignore) using defaults
[0.270s] Level 1:colcon.colcon_core.package_discovery:discover_packages(path) discover
[0.270s] Level 1:colcon.colcon_core.package_discovery:discover_packages(path) using defaults
[0.296s] Level 5:colcon.colcon_core.verb:set package 'audio' build argument 'cmake_args' from command line to 'None'
[0.296s] Level 5:colcon.colcon_core.verb:set package 'audio' build argument 'cmake_target' from command line to 'None'
[0.296s] Level 5:colcon.colcon_core.verb:set package 'audio' build argument 'cmake_target_skip_unavailable' from command line to 'False'
[0.296s] Level 5:colcon.colcon_core.verb:set package 'audio' build argument 'cmake_clean_cache' from command line to 'False'
[0.296s] Level 5:colcon.colcon_core.verb:set package 'audio' build argument 'cmake_clean_first' from command line to 'False'
[0.296s] Level 5:colcon.colcon_core.verb:set package 'audio' build argument 'cmake_force_configure' from command line to 'False'
[0.296s] Level 5:colcon.colcon_core.verb:set package 'audio' build argument 'ament_cmake_args' from command line to 'None'
[0.296s] Level 5:colcon.colcon_core.verb:set package 'audio' build argument 'catkin_cmake_args' from command line to 'None'
[0.296s] Level 5:colcon.colcon_core.verb:set package 'audio' build argument 'catkin_skip_building_tests' from command line to 'False'
[0.296s] DEBUG:colcon.colcon_core.verb:Building package 'audio' with the following arguments: {'ament_cmake_args': None, 'build_base': '/home/dev_ws/build/audio', 'catkin_cmake_args': None, 'catkin_skip_building_tests': False, 'cmake_args': None, 'cmake_clean_cache': False, 'cmake_clean_first': False, 'cmake_force_configure': False, 'cmake_target': None, 'cmake_target_skip_unavailable': False, 'install_base': '/home/dev_ws/install/audio', 'merge_install': False, 'path': '/home/dev_ws/src/audio', 'symlink_install': False, 'test_result_base': None}
[0.298s] Level 5:colcon.colcon_core.verb:set package 'face_controller' build argument 'cmake_args' from command line to 'None'
[0.298s] Level 5:colcon.colcon_core.verb:set package 'face_controller' build argument 'cmake_target' from command line to 'None'
[0.298s] Level 5:colcon.colcon_core.verb:set package 'face_controller' build argument 'cmake_target_skip_unavailable' from command line to 'False'
[0.298s] Level 5:colcon.colcon_core.verb:set package 'face_controller' build argument 'cmake_clean_cache' from command line to 'False'
[0.298s] Level 5:colcon.colcon_core.verb:set package 'face_controller' build argument 'cmake_clean_first' from command line to 'False'
[0.298s] Level 5:colcon.colcon_core.verb:set package 'face_controller' build argument 'cmake_force_configure' from command line to 'False'
[0.298s] Level 5:colcon.colcon_core.verb:set package 'face_controller' build argument 'ament_cmake_args' from command line to 'None'
[0.298s] Level 5:colcon.colcon_core.verb:set package 'face_controller' build argument 'catkin_cmake_args' from command line to 'None'
[0.298s] Level 5:colcon.colcon_core.verb:set package 'face_controller' build argument 'catkin_skip_building_tests' from command line to 'False'
[0.298s] DEBUG:colcon.colcon_core.verb:Building package 'face_controller' with the following arguments: {'ament_cmake_args': None, 'build_base': '/home/dev_ws/build/face_controller', 'catkin_cmake_args': None, 'catkin_skip_building_tests': False, 'cmake_args': None, 'cmake_clean_cache': False, 'cmake_clean_first': False, 'cmake_force_configure': False, 'cmake_target': None, 'cmake_target_skip_unavailable': False, 'install_base': '/home/dev_ws/install/face_controller', 'merge_install': False, 'path': '/home/dev_ws/src/face_controller', 'symlink_install': False, 'test_result_base': None}
[0.299s] Level 5:colcon.colcon_core.verb:set package 'ros_tcp_endpoint' build argument 'cmake_args' from command line to 'None'
[0.299s] Level 5:colcon.colcon_core.verb:set package 'ros_tcp_endpoint' build argument 'cmake_target' from command line to 'None'
[0.299s] Level 5:colcon.colcon_core.verb:set package 'ros_tcp_endpoint' build argument 'cmake_target_skip_unavailable' from command line to 'False'
[0.299s] Level 5:colcon.colcon_core.verb:set package 'ros_tcp_endpoint' build argument 'cmake_clean_cache' from command line to 'False'
[0.299s] Level 5:colcon.colcon_core.verb:set package 'ros_tcp_endpoint' build argument 'cmake_clean_first' from command line to 'False'
[0.299s] Level 5:colcon.colcon_core.verb:set package 'ros_tcp_endpoint' build argument 'cmake_force_configure' from command line to 'False'
[0.300s] Level 5:colcon.colcon_core.verb:set package 'ros_tcp_endpoint' build argument 'ament_cmake_args' from command line to 'None'
[0.300s] Level 5:colcon.colcon_core.verb:set package 'ros_tcp_endpoint' build argument 'catkin_cmake_args' from command line to 'None'
[0.300s] Level 5:colcon.colcon_core.verb:set package 'ros_tcp_endpoint' build argument 'catkin_skip_building_tests' from command line to 'False'
[0.300s] DEBUG:colcon.colcon_core.verb:Building package 'ros_tcp_endpoint' with the following arguments: {'ament_cmake_args': None, 'build_base': '/home/dev_ws/build/ros_tcp_endpoint', 'catkin_cmake_args': None, 'catkin_skip_building_tests': False, 'cmake_args': None, 'cmake_clean_cache': False, 'cmake_clean_first': False, 'cmake_force_configure': False, 'cmake_target': None, 'cmake_target_skip_unavailable': False, 'install_base': '/home/dev_ws/install/ros_tcp_endpoint', 'merge_install': False, 'path': '/home/dev_ws/src/ros_tcp_endpoint', 'symlink_install': False, 'test_result_base': None}
[0.301s] Level 5:colcon.colcon_core.verb:set package 'unity_robotics_demo' build argument 'cmake_args' from command line to 'None'
[0.301s] Level 5:colcon.colcon_core.verb:set package 'unity_robotics_demo' build argument 'cmake_target' from command line to 'None'
[0.301s] Level 5:colcon.colcon_core.verb:set package 'unity_robotics_demo' build argument 'cmake_target_skip_unavailable' from command line to 'False'
[0.301s] Level 5:colcon.colcon_core.verb:set package 'unity_robotics_demo' build argument 'cmake_clean_cache' from command line to 'False'
[0.301s] Level 5:colcon.colcon_core.verb:set package 'unity_robotics_demo' build argument 'cmake_clean_first' from command line to 'False'
[0.301s] Level 5:colcon.colcon_core.verb:set package 'unity_robotics_demo' build argument 'cmake_force_configure' from command line to 'False'
[0.301s] Level 5:colcon.colcon_core.verb:set package 'unity_robotics_demo' build argument 'ament_cmake_args' from command line to 'None'
[0.301s] Level 5:colcon.colcon_core.verb:set package 'unity_robotics_demo' build argument 'catkin_cmake_args' from command line to 'None'
[0.301s] Level 5:colcon.colcon_core.verb:set package 'unity_robotics_demo' build argument 'catkin_skip_building_tests' from command line to 'False'
[0.301s] DEBUG:colcon.colcon_core.verb:Building package 'unity_robotics_demo' with the following arguments: {'ament_cmake_args': None, 'build_base': '/home/dev_ws/build/unity_robotics_demo', 'catkin_cmake_args': None, 'catkin_skip_building_tests': False, 'cmake_args': None, 'cmake_clean_cache': False, 'cmake_clean_first': False, 'cmake_force_configure': False, 'cmake_target': None, 'cmake_target_skip_unavailable': False, 'install_base': '/home/dev_ws/install/unity_robotics_demo', 'merge_install': False, 'path': '/home/dev_ws/src/unity_robotics_demo', 'symlink_install': False, 'test_result_base': None}
[0.302s] Level 5:colcon.colcon_core.verb:set package 'unity_robotics_demo_msgs' build argument 'cmake_args' from command line to 'None'
[0.302s] Level 5:colcon.colcon_core.verb:set package 'unity_robotics_demo_msgs' build argument 'cmake_target' from command line to 'None'
[0.302s] Level 5:colcon.colcon_core.verb:set package 'unity_robotics_demo_msgs' build argument 'cmake_target_skip_unavailable' from command line to 'False'
[0.302s] Level 5:colcon.colcon_core.verb:set package 'unity_robotics_demo_msgs' build argument 'cmake_clean_cache' from command line to 'False'
[0.302s] Level 5:colcon.colcon_core.verb:set package 'unity_robotics_demo_msgs' build argument 'cmake_clean_first' from command line to 'False'
[0.303s] Level 5:colcon.colcon_core.verb:set package 'unity_robotics_demo_msgs' build argument 'cmake_force_configure' from command line to 'False'
[0.303s] Level 5:colcon.colcon_core.verb:set package 'unity_robotics_demo_msgs' build argument 'ament_cmake_args' from command line to 'None'
[0.303s] Level 5:colcon.colcon_core.verb:set package 'unity_robotics_demo_msgs' build argument 'catkin_cmake_args' from command line to 'None'
[0.303s] Level 5:colcon.colcon_core.verb:set package 'unity_robotics_demo_msgs' build argument 'catkin_skip_building_tests' from command line to 'False'
[0.303s] DEBUG:colcon.colcon_core.verb:Building package 'unity_robotics_demo_msgs' with the following arguments: {'ament_cmake_args': None, 'build_base': '/home/dev_ws/build/unity_robotics_demo_msgs', 'catkin_cmake_args': None, 'catkin_skip_building_tests': False, 'cmake_args': None, 'cmake_clean_cache': False, 'cmake_clean_first': False, 'cmake_force_configure': False, 'cmake_target': None, 'cmake_target_skip_unavailable': False, 'install_base': '/home/dev_ws/install/unity_robotics_demo_msgs', 'merge_install': False, 'path': '/home/dev_ws/src/unity_robotics_demo_msgs', 'symlink_install': False, 'test_result_base': None}
[0.304s] Level 5:colcon.colcon_core.verb:set package 'vision' build argument 'cmake_args' from command line to 'None'
[0.304s] Level 5:colcon.colcon_core.verb:set package 'vision' build argument 'cmake_target' from command line to 'None'
[0.304s] Level 5:colcon.colcon_core.verb:set package 'vision' build argument 'cmake_target_skip_unavailable' from command line to 'False'
[0.304s] Level 5:colcon.colcon_core.verb:set package 'vision' build argument 'cmake_clean_cache' from command line to 'False'
[0.304s] Level 5:colcon.colcon_core.verb:set package 'vision' build argument 'cmake_clean_first' from command line to 'False'
[0.304s] Level 5:colcon.colcon_core.verb:set package 'vision' build argument 'cmake_force_configure' from command line to 'False'
[0.304s] Level 5:colcon.colcon_core.verb:set package 'vision' build argument 'ament_cmake_args' from command line to 'None'
[0.304s] Level 5:colcon.colcon_core.verb:set package 'vision' build argument 'catkin_cmake_args' from command line to 'None'
[0.304s] Level 5:colcon.colcon_core.verb:set package 'vision' build argument 'catkin_skip_building_tests' from command line to 'False'
[0.304s] DEBUG:colcon.colcon_core.verb:Building package 'vision' with the following arguments: {'ament_cmake_args': None, 'build_base': '/home/dev_ws/build/vision', 'catkin_cmake_args': None, 'catkin_skip_building_tests': False, 'cmake_args': None, 'cmake_clean_cache': False, 'cmake_clean_first': False, 'cmake_force_configure': False, 'cmake_target': None, 'cmake_target_skip_unavailable': False, 'install_base': '/home/dev_ws/install/vision', 'merge_install': False, 'path': '/home/dev_ws/src/vision', 'symlink_install': False, 'test_result_base': None}
[0.305s] INFO:colcon.colcon_core.executor:Executing jobs using 'parallel' executor
[0.308s] DEBUG:colcon.colcon_parallel_executor.executor.parallel:run_until_complete
[0.308s] INFO:colcon.colcon_ros.task.ament_python.build:Building ROS package in '/home/dev_ws/src/audio' with build type 'ament_python'
[0.309s] Level 1:colcon.colcon_core.shell:create_environment_hook('audio', 'ament_prefix_path')
[0.315s] INFO:colcon.colcon_core.plugin_system:Skipping extension 'colcon_core.shell.bat': Not used on non-Windows systems
[0.316s] INFO:colcon.colcon_core.shell:Creating environment hook '/home/dev_ws/install/audio/share/audio/hook/ament_prefix_path.ps1'
[0.317s] INFO:colcon.colcon_core.shell:Creating environment descriptor '/home/dev_ws/install/audio/share/audio/hook/ament_prefix_path.dsv'
[0.317s] INFO:colcon.colcon_core.shell:Creating environment hook '/home/dev_ws/install/audio/share/audio/hook/ament_prefix_path.sh'
[0.319s] INFO:colcon.colcon_core.shell:Skip shell extension 'powershell' for command environment: Not usable outside of PowerShell
[0.319s] DEBUG:colcon.colcon_core.shell:Skip shell extension 'dsv' for command environment
[0.326s] INFO:colcon.colcon_ros.task.ament_python.build:Building ROS package in '/home/dev_ws/src/face_controller' with build type 'ament_python'
[0.327s] Level 1:colcon.colcon_core.shell:create_environment_hook('face_controller', 'ament_prefix_path')
[0.328s] INFO:colcon.colcon_core.shell:Creating environment hook '/home/dev_ws/install/face_controller/share/face_controller/hook/ament_prefix_path.ps1'
[0.332s] INFO:colcon.colcon_core.shell:Creating environment descriptor '/home/dev_ws/install/face_controller/share/face_controller/hook/ament_prefix_path.dsv'
[0.333s] INFO:colcon.colcon_core.shell:Creating environment hook '/home/dev_ws/install/face_controller/share/face_controller/hook/ament_prefix_path.sh'
[0.334s] INFO:colcon.colcon_core.shell:Skip shell extension 'powershell' for command environment: Not usable outside of PowerShell
[0.334s] DEBUG:colcon.colcon_core.shell:Skip shell extension 'dsv' for command environment
[0.340s] INFO:colcon.colcon_ros.task.ament_python.build:Building ROS package in '/home/dev_ws/src/ros_tcp_endpoint' with build type 'ament_python'
[0.341s] Level 1:colcon.colcon_core.shell:create_environment_hook('ros_tcp_endpoint', 'ament_prefix_path')
[0.342s] INFO:colcon.colcon_core.shell:Creating environment hook '/home/dev_ws/install/ros_tcp_endpoint/share/ros_tcp_endpoint/hook/ament_prefix_path.ps1'
[0.343s] INFO:colcon.colcon_core.shell:Creating environment descriptor '/home/dev_ws/install/ros_tcp_endpoint/share/ros_tcp_endpoint/hook/ament_prefix_path.dsv'
[0.344s] INFO:colcon.colcon_core.shell:Creating environment hook '/home/dev_ws/install/ros_tcp_endpoint/share/ros_tcp_endpoint/hook/ament_prefix_path.sh'
[0.346s] INFO:colcon.colcon_core.shell:Skip shell extension 'powershell' for command environment: Not usable outside of PowerShell
[0.346s] DEBUG:colcon.colcon_core.shell:Skip shell extension 'dsv' for command environment
[0.354s] INFO:colcon.colcon_ros.task.ament_python.build:Building ROS package in '/home/dev_ws/src/unity_robotics_demo' with build type 'ament_python'
[0.355s] Level 1:colcon.colcon_core.shell:create_environment_hook('unity_robotics_demo', 'ament_prefix_path')
[0.356s] INFO:colcon.colcon_core.shell:Creating environment hook '/home/dev_ws/install/unity_robotics_demo/share/unity_robotics_demo/hook/ament_prefix_path.ps1'
[0.357s] INFO:colcon.colcon_core.shell:Creating environment descriptor '/home/dev_ws/install/unity_robotics_demo/share/unity_robotics_demo/hook/ament_prefix_path.dsv'
[0.358s] INFO:colcon.colcon_core.shell:Creating environment hook '/home/dev_ws/install/unity_robotics_demo/share/unity_robotics_demo/hook/ament_prefix_path.sh'
[0.359s] INFO:colcon.colcon_core.shell:Skip shell extension 'powershell' for command environment: Not usable outside of PowerShell
[0.360s] DEBUG:colcon.colcon_core.shell:Skip shell extension 'dsv' for command environment
[0.368s] INFO:colcon.colcon_ros.task.ament_cmake.build:Building ROS package in '/home/dev_ws/src/unity_robotics_demo_msgs' with build type 'ament_cmake'
[0.369s] INFO:colcon.colcon_cmake.task.cmake.build:Building CMake package in '/home/dev_ws/src/unity_robotics_demo_msgs'
[0.370s] INFO:colcon.colcon_core.shell:Skip shell extension 'powershell' for command environment: Not usable outside of PowerShell
[0.370s] DEBUG:colcon.colcon_core.shell:Skip shell extension 'dsv' for command environment
[0.377s] INFO:colcon.colcon_ros.task.ament_python.build:Building ROS package in '/home/dev_ws/src/vision' with build type 'ament_python'
[0.377s] Level 1:colcon.colcon_core.shell:create_environment_hook('vision', 'ament_prefix_path')
[0.379s] INFO:colcon.colcon_core.shell:Creating environment hook '/home/dev_ws/install/vision/share/vision/hook/ament_prefix_path.ps1'
[0.382s] INFO:colcon.colcon_core.shell:Creating environment descriptor '/home/dev_ws/install/vision/share/vision/hook/ament_prefix_path.dsv'
[0.384s] INFO:colcon.colcon_core.shell:Creating environment hook '/home/dev_ws/install/vision/share/vision/hook/ament_prefix_path.sh'
[0.385s] INFO:colcon.colcon_core.shell:Skip shell extension 'powershell' for command environment: Not usable outside of PowerShell
[0.385s] DEBUG:colcon.colcon_core.shell:Skip shell extension 'dsv' for command environment
[0.646s] INFO:colcon.colcon_core.task.python.build:Building Python package in '/home/dev_ws/src/audio'
[0.647s] INFO:colcon.colcon_core.shell:Skip shell extension 'powershell' for command environment: Not usable outside of PowerShell
[0.647s] DEBUG:colcon.colcon_core.shell:Skip shell extension 'dsv' for command environment
[0.902s] INFO:colcon.colcon_core.task.python.build:Building Python package in '/home/dev_ws/src/face_controller'
[0.903s] INFO:colcon.colcon_core.shell:Skip shell extension 'powershell' for command environment: Not usable outside of PowerShell
[0.903s] DEBUG:colcon.colcon_core.shell:Skip shell extension 'dsv' for command environment
[1.154s] INFO:colcon.colcon_core.task.python.build:Building Python package in '/home/dev_ws/src/ros_tcp_endpoint'
[1.155s] INFO:colcon.colcon_core.shell:Skip shell extension 'powershell' for command environment: Not usable outside of PowerShell
[1.155s] DEBUG:colcon.colcon_core.shell:Skip shell extension 'dsv' for command environment
[1.420s] INFO:colcon.colcon_core.task.python.build:Building Python package in '/home/dev_ws/src/unity_robotics_demo'
[1.421s] INFO:colcon.colcon_core.shell:Skip shell extension 'powershell' for command environment: Not usable outside of PowerShell
[1.421s] DEBUG:colcon.colcon_core.shell:Skip shell extension 'dsv' for command environment
[1.437s] DEBUG:colcon.colcon_core.event_handler.log_command:Invoking command in '/home/dev_ws/build/unity_robotics_demo_msgs': CMAKE_PREFIX_PATH=${CMAKE_PREFIX_PATH}:/opt/ros/foxy:/home/dev_ws/install/vision:/home/dev_ws/install/unity_robotics_demo:/home/dev_ws/install/ros_tcp_endpoint:/home/dev_ws/install/face_controller:/home/dev_ws/install/audio /usr/bin/cmake --build /home/dev_ws/build/unity_robotics_demo_msgs -- -j12 -l12
[1.749s] INFO:colcon.colcon_core.task.python.build:Building Python package in '/home/dev_ws/src/vision'
[1.751s] INFO:colcon.colcon_core.shell:Skip shell extension 'powershell' for command environment: Not usable outside of PowerShell
[1.752s] DEBUG:colcon.colcon_core.shell:Skip shell extension 'dsv' for command environment
[1.810s] DEBUG:colcon.colcon_core.event_handler.log_command:Invoked command in '/home/dev_ws/build/unity_robotics_demo_msgs' returned '0': CMAKE_PREFIX_PATH=${CMAKE_PREFIX_PATH}:/opt/ros/foxy:/home/dev_ws/install/vision:/home/dev_ws/install/unity_robotics_demo:/home/dev_ws/install/ros_tcp_endpoint:/home/dev_ws/install/face_controller:/home/dev_ws/install/audio /usr/bin/cmake --build /home/dev_ws/build/unity_robotics_demo_msgs -- -j12 -l12
[2.216s] DEBUG:colcon.colcon_core.event_handler.log_command:Invoking command in '/home/dev_ws/build/unity_robotics_demo_msgs': CMAKE_PREFIX_PATH=${CMAKE_PREFIX_PATH}:/opt/ros/foxy:/home/dev_ws/install/vision:/home/dev_ws/install/unity_robotics_demo:/home/dev_ws/install/ros_tcp_endpoint:/home/dev_ws/install/face_controller:/home/dev_ws/install/audio /usr/bin/cmake --install /home/dev_ws/build/unity_robotics_demo_msgs
[2.390s] Level 1:colcon.colcon_core.environment:create_environment_scripts_only(unity_robotics_demo_msgs)
[2.410s] Level 1:colcon.colcon_core.environment:checking '/home/dev_ws/install/unity_robotics_demo_msgs' for CMake module files
[2.417s] DEBUG:colcon.colcon_core.event_handler.log_command:Invoked command in '/home/dev_ws/build/unity_robotics_demo_msgs' returned '0': CMAKE_PREFIX_PATH=${CMAKE_PREFIX_PATH}:/opt/ros/foxy:/home/dev_ws/install/vision:/home/dev_ws/install/unity_robotics_demo:/home/dev_ws/install/ros_tcp_endpoint:/home/dev_ws/install/face_controller:/home/dev_ws/install/audio /usr/bin/cmake --install /home/dev_ws/build/unity_robotics_demo_msgs
[2.418s] Level 1:colcon.colcon_core.environment:checking '/home/dev_ws/install/unity_robotics_demo_msgs' for CMake config files
[2.421s] Level 1:colcon.colcon_core.shell:create_environment_hook('unity_robotics_demo_msgs', 'cmake_prefix_path')
[2.422s] INFO:colcon.colcon_core.shell:Creating environment hook '/home/dev_ws/install/unity_robotics_demo_msgs/share/unity_robotics_demo_msgs/hook/cmake_prefix_path.ps1'
[2.424s] INFO:colcon.colcon_core.shell:Creating environment descriptor '/home/dev_ws/install/unity_robotics_demo_msgs/share/unity_robotics_demo_msgs/hook/cmake_prefix_path.dsv'
[2.424s] INFO:colcon.colcon_core.shell:Creating environment hook '/home/dev_ws/install/unity_robotics_demo_msgs/share/unity_robotics_demo_msgs/hook/cmake_prefix_path.sh'
[2.426s] Level 1:colcon.colcon_core.environment:checking '/home/dev_ws/install/unity_robotics_demo_msgs/lib'
[2.427s] Level 1:colcon.colcon_core.shell:create_environment_hook('unity_robotics_demo_msgs', 'ld_library_path_lib')
[2.428s] INFO:colcon.colcon_core.shell:Creating environment hook '/home/dev_ws/install/unity_robotics_demo_msgs/share/unity_robotics_demo_msgs/hook/ld_library_path_lib.ps1'
[2.430s] INFO:colcon.colcon_core.shell:Creating environment descriptor '/home/dev_ws/install/unity_robotics_demo_msgs/share/unity_robotics_demo_msgs/hook/ld_library_path_lib.dsv'
[2.431s] INFO:colcon.colcon_core.shell:Creating environment hook '/home/dev_ws/install/unity_robotics_demo_msgs/share/unity_robotics_demo_msgs/hook/ld_library_path_lib.sh'
[2.432s] Level 1:colcon.colcon_core.environment:checking '/home/dev_ws/install/unity_robotics_demo_msgs/bin'
[2.432s] Level 1:colcon.colcon_core.environment:checking '/home/dev_ws/install/unity_robotics_demo_msgs/lib/pkgconfig/unity_robotics_demo_msgs.pc'
[2.433s] Level 1:colcon.colcon_core.environment:checking '/home/dev_ws/install/unity_robotics_demo_msgs/lib/python3.8/site-packages'
[2.433s] Level 1:colcon.colcon_core.shell:create_environment_hook('unity_robotics_demo_msgs', 'pythonpath')
[2.434s] INFO:colcon.colcon_core.shell:Creating environment hook '/home/dev_ws/install/unity_robotics_demo_msgs/share/unity_robotics_demo_msgs/hook/pythonpath.ps1'
[2.435s] INFO:colcon.colcon_core.shell:Creating environment descriptor '/home/dev_ws/install/unity_robotics_demo_msgs/share/unity_robotics_demo_msgs/hook/pythonpath.dsv'
[2.436s] INFO:colcon.colcon_core.shell:Creating environment hook '/home/dev_ws/install/unity_robotics_demo_msgs/share/unity_robotics_demo_msgs/hook/pythonpath.sh'
[2.437s] Level 1:colcon.colcon_core.environment:checking '/home/dev_ws/install/unity_robotics_demo_msgs/bin'
[2.439s] INFO:colcon.colcon_core.shell:Creating package script '/home/dev_ws/install/unity_robotics_demo_msgs/share/unity_robotics_demo_msgs/package.ps1'
[2.441s] INFO:colcon.colcon_core.shell:Creating package descriptor '/home/dev_ws/install/unity_robotics_demo_msgs/share/unity_robotics_demo_msgs/package.dsv'
[2.442s] INFO:colcon.colcon_core.shell:Creating package script '/home/dev_ws/install/unity_robotics_demo_msgs/share/unity_robotics_demo_msgs/package.sh'
[2.445s] INFO:colcon.colcon_core.shell:Creating package script '/home/dev_ws/install/unity_robotics_demo_msgs/share/unity_robotics_demo_msgs/package.bash'
[2.447s] INFO:colcon.colcon_core.shell:Creating package script '/home/dev_ws/install/unity_robotics_demo_msgs/share/unity_robotics_demo_msgs/package.zsh'
[2.449s] Level 1:colcon.colcon_core.environment:create_file_with_runtime_dependencies(/home/dev_ws/install/unity_robotics_demo_msgs/share/colcon-core/packages/unity_robotics_demo_msgs)
[2.638s] DEBUG:colcon.colcon_core.event_handler.log_command:Invoking command in '/home/dev_ws/src/audio': PYTHONPATH=/home/dev_ws/install/audio/lib/python3.8/site-packages:${PYTHONPATH} /usr/bin/python3 setup.py egg_info --egg-base ../../build/audio build --build-base /home/dev_ws/build/audio/build install --prefix /home/dev_ws/install/audio --record /home/dev_ws/build/audio/install.log --single-version-externally-managed
[2.659s] DEBUG:colcon.colcon_core.event_handler.log_command:Invoking command in '/home/dev_ws/src/ros_tcp_endpoint': PYTHONPATH=/home/dev_ws/install/ros_tcp_endpoint/lib/python3.8/site-packages:${PYTHONPATH} /usr/bin/python3 setup.py egg_info --egg-base ../../build/ros_tcp_endpoint build --build-base /home/dev_ws/build/ros_tcp_endpoint/build install --prefix /home/dev_ws/install/ros_tcp_endpoint --record /home/dev_ws/build/ros_tcp_endpoint/install.log --single-version-externally-managed
[2.677s] DEBUG:colcon.colcon_core.event_handler.log_command:Invoking command in '/home/dev_ws/src/face_controller': PYTHONPATH=/home/dev_ws/install/face_controller/lib/python3.8/site-packages:${PYTHONPATH} /usr/bin/python3 setup.py egg_info --egg-base ../../build/face_controller build --build-base /home/dev_ws/build/face_controller/build install --prefix /home/dev_ws/install/face_controller --record /home/dev_ws/build/face_controller/install.log --single-version-externally-managed
[2.688s] DEBUG:colcon.colcon_core.event_handler.log_command:Invoking command in '/home/dev_ws/src/unity_robotics_demo': PYTHONPATH=/home/dev_ws/install/unity_robotics_demo/lib/python3.8/site-packages:${PYTHONPATH} /usr/bin/python3 setup.py egg_info --egg-base ../../build/unity_robotics_demo build --build-base /home/dev_ws/build/unity_robotics_demo/build install --prefix /home/dev_ws/install/unity_robotics_demo --record /home/dev_ws/build/unity_robotics_demo/install.log --single-version-externally-managed
[2.703s] DEBUG:colcon.colcon_core.event_handler.log_command:Invoking command in '/home/dev_ws/src/vision': PYTHONPATH=/home/dev_ws/install/vision/lib/python3.8/site-packages:${PYTHONPATH} /usr/bin/python3 setup.py egg_info --egg-base ../../build/vision build --build-base /home/dev_ws/build/vision/build install --prefix /home/dev_ws/install/vision --record /home/dev_ws/build/vision/install.log --single-version-externally-managed
[2.889s] Level 1:colcon.colcon_core.environment:create_environment_scripts_only(unity_robotics_demo_msgs)
[2.891s] Level 1:colcon.colcon_core.environment:checking '/home/dev_ws/install/unity_robotics_demo_msgs' for CMake module files
[2.893s] Level 1:colcon.colcon_core.environment:checking '/home/dev_ws/install/unity_robotics_demo_msgs' for CMake config files
[2.895s] Level 1:colcon.colcon_core.shell:create_environment_hook('unity_robotics_demo_msgs', 'cmake_prefix_path')
[2.896s] INFO:colcon.colcon_core.shell:Creating environment hook '/home/dev_ws/install/unity_robotics_demo_msgs/share/unity_robotics_demo_msgs/hook/cmake_prefix_path.ps1'
[2.897s] INFO:colcon.colcon_core.shell:Creating environment descriptor '/home/dev_ws/install/unity_robotics_demo_msgs/share/unity_robotics_demo_msgs/hook/cmake_prefix_path.dsv'
[2.898s] INFO:colcon.colcon_core.shell:Creating environment hook '/home/dev_ws/install/unity_robotics_demo_msgs/share/unity_robotics_demo_msgs/hook/cmake_prefix_path.sh'
[2.899s] Level 1:colcon.colcon_core.environment:checking '/home/dev_ws/install/unity_robotics_demo_msgs/lib'
[2.899s] Level 1:colcon.colcon_core.shell:create_environment_hook('unity_robotics_demo_msgs', 'ld_library_path_lib')
[2.900s] INFO:colcon.colcon_core.shell:Creating environment hook '/home/dev_ws/install/unity_robotics_demo_msgs/share/unity_robotics_demo_msgs/hook/ld_library_path_lib.ps1'
[2.901s] INFO:colcon.colcon_core.shell:Creating environment descriptor '/home/dev_ws/install/unity_robotics_demo_msgs/share/unity_robotics_demo_msgs/hook/ld_library_path_lib.dsv'
[2.902s] INFO:colcon.colcon_core.shell:Creating environment hook '/home/dev_ws/install/unity_robotics_demo_msgs/share/unity_robotics_demo_msgs/hook/ld_library_path_lib.sh'
[2.903s] Level 1:colcon.colcon_core.environment:checking '/home/dev_ws/install/unity_robotics_demo_msgs/bin'
[2.904s] Level 1:colcon.colcon_core.environment:checking '/home/dev_ws/install/unity_robotics_demo_msgs/lib/pkgconfig/unity_robotics_demo_msgs.pc'
[2.904s] Level 1:colcon.colcon_core.environment:checking '/home/dev_ws/install/unity_robotics_demo_msgs/lib/python3.8/site-packages'
[2.904s] Level 1:colcon.colcon_core.shell:create_environment_hook('unity_robotics_demo_msgs', 'pythonpath')
[2.906s] INFO:colcon.colcon_core.shell:Creating environment hook '/home/dev_ws/install/unity_robotics_demo_msgs/share/unity_robotics_demo_msgs/hook/pythonpath.ps1'
[2.907s] INFO:colcon.colcon_core.shell:Creating environment descriptor '/home/dev_ws/install/unity_robotics_demo_msgs/share/unity_robotics_demo_msgs/hook/pythonpath.dsv'
[2.908s] INFO:colcon.colcon_core.shell:Creating environment hook '/home/dev_ws/install/unity_robotics_demo_msgs/share/unity_robotics_demo_msgs/hook/pythonpath.sh'
[2.909s] Level 1:colcon.colcon_core.environment:checking '/home/dev_ws/install/unity_robotics_demo_msgs/bin'
[2.911s] INFO:colcon.colcon_core.shell:Creating package script '/home/dev_ws/install/unity_robotics_demo_msgs/share/unity_robotics_demo_msgs/package.ps1'
[2.914s] INFO:colcon.colcon_core.shell:Creating package descriptor '/home/dev_ws/install/unity_robotics_demo_msgs/share/unity_robotics_demo_msgs/package.dsv'
[2.916s] INFO:colcon.colcon_core.shell:Creating package script '/home/dev_ws/install/unity_robotics_demo_msgs/share/unity_robotics_demo_msgs/package.sh'
[2.918s] INFO:colcon.colcon_core.shell:Creating package script '/home/dev_ws/install/unity_robotics_demo_msgs/share/unity_robotics_demo_msgs/package.bash'
[2.919s] INFO:colcon.colcon_core.shell:Creating package script '/home/dev_ws/install/unity_robotics_demo_msgs/share/unity_robotics_demo_msgs/package.zsh'
[2.926s] Level 1:colcon.colcon_core.environment:create_file_with_runtime_dependencies(/home/dev_ws/install/unity_robotics_demo_msgs/share/colcon-core/packages/unity_robotics_demo_msgs)
[3.314s] Level 1:colcon.colcon_core.environment:checking '/home/dev_ws/install/audio' for CMake module files
[3.315s] DEBUG:colcon.colcon_core.event_handler.log_command:Invoked command in '/home/dev_ws/src/audio' returned '0': PYTHONPATH=/home/dev_ws/install/audio/lib/python3.8/site-packages:${PYTHONPATH} /usr/bin/python3 setup.py egg_info --egg-base ../../build/audio build --build-base /home/dev_ws/build/audio/build install --prefix /home/dev_ws/install/audio --record /home/dev_ws/build/audio/install.log --single-version-externally-managed
[3.316s] Level 1:colcon.colcon_core.environment:checking '/home/dev_ws/install/audio' for CMake config files
[3.317s] Level 1:colcon.colcon_core.environment:checking '/home/dev_ws/install/audio/lib'
[3.318s] Level 1:colcon.colcon_core.environment:checking '/home/dev_ws/install/audio/bin'
[3.318s] Level 1:colcon.colcon_core.environment:checking '/home/dev_ws/install/audio/lib/pkgconfig/audio.pc'
[3.319s] Level 1:colcon.colcon_core.environment:checking '/home/dev_ws/install/audio/lib/python3.8/site-packages'
[3.319s] Level 1:colcon.colcon_core.shell:create_environment_hook('audio', 'pythonpath')
[3.320s] INFO:colcon.colcon_core.shell:Creating environment hook '/home/dev_ws/install/audio/share/audio/hook/pythonpath.ps1'
[3.321s] INFO:colcon.colcon_core.shell:Creating environment descriptor '/home/dev_ws/install/audio/share/audio/hook/pythonpath.dsv'
[3.321s] INFO:colcon.colcon_core.shell:Creating environment hook '/home/dev_ws/install/audio/share/audio/hook/pythonpath.sh'
[3.323s] Level 1:colcon.colcon_core.environment:checking '/home/dev_ws/install/audio/bin'
[3.324s] Level 1:colcon.colcon_core.environment:create_environment_scripts_only(audio)
[3.326s] INFO:colcon.colcon_core.shell:Creating package script '/home/dev_ws/install/audio/share/audio/package.ps1'
[3.328s] INFO:colcon.colcon_core.shell:Creating package descriptor '/home/dev_ws/install/audio/share/audio/package.dsv'
[3.330s] INFO:colcon.colcon_core.shell:Creating package script '/home/dev_ws/install/audio/share/audio/package.sh'
[3.331s] INFO:colcon.colcon_core.shell:Creating package script '/home/dev_ws/install/audio/share/audio/package.bash'
[3.332s] INFO:colcon.colcon_core.shell:Creating package script '/home/dev_ws/install/audio/share/audio/package.zsh'
[3.333s] Level 1:colcon.colcon_core.environment:create_file_with_runtime_dependencies(/home/dev_ws/install/audio/share/colcon-core/packages/audio)
[3.340s] Level 1:colcon.colcon_core.environment:checking '/home/dev_ws/install/ros_tcp_endpoint' for CMake module files
[3.342s] DEBUG:colcon.colcon_core.event_handler.log_command:Invoked command in '/home/dev_ws/src/ros_tcp_endpoint' returned '0': PYTHONPATH=/home/dev_ws/install/ros_tcp_endpoint/lib/python3.8/site-packages:${PYTHONPATH} /usr/bin/python3 setup.py egg_info --egg-base ../../build/ros_tcp_endpoint build --build-base /home/dev_ws/build/ros_tcp_endpoint/build install --prefix /home/dev_ws/install/ros_tcp_endpoint --record /home/dev_ws/build/ros_tcp_endpoint/install.log --single-version-externally-managed
[3.343s] Level 1:colcon.colcon_core.environment:checking '/home/dev_ws/install/ros_tcp_endpoint' for CMake config files
[3.344s] Level 1:colcon.colcon_core.environment:checking '/home/dev_ws/install/ros_tcp_endpoint/lib'
[3.345s] Level 1:colcon.colcon_core.environment:checking '/home/dev_ws/install/ros_tcp_endpoint/bin'
[3.345s] Level 1:colcon.colcon_core.environment:checking '/home/dev_ws/install/ros_tcp_endpoint/lib/pkgconfig/ros_tcp_endpoint.pc'
[3.345s] Level 1:colcon.colcon_core.environment:checking '/home/dev_ws/install/ros_tcp_endpoint/lib/python3.8/site-packages'
[3.346s] Level 1:colcon.colcon_core.shell:create_environment_hook('ros_tcp_endpoint', 'pythonpath')
[3.347s] INFO:colcon.colcon_core.shell:Creating environment hook '/home/dev_ws/install/ros_tcp_endpoint/share/ros_tcp_endpoint/hook/pythonpath.ps1'
[3.347s] INFO:colcon.colcon_core.shell:Creating environment descriptor '/home/dev_ws/install/ros_tcp_endpoint/share/ros_tcp_endpoint/hook/pythonpath.dsv'
[3.348s] INFO:colcon.colcon_core.shell:Creating environment hook '/home/dev_ws/install/ros_tcp_endpoint/share/ros_tcp_endpoint/hook/pythonpath.sh'
[3.350s] Level 1:colcon.colcon_core.environment:checking '/home/dev_ws/install/ros_tcp_endpoint/bin'
[3.350s] Level 1:colcon.colcon_core.environment:create_environment_scripts_only(ros_tcp_endpoint)
[3.353s] INFO:colcon.colcon_core.shell:Creating package script '/home/dev_ws/install/ros_tcp_endpoint/share/ros_tcp_endpoint/package.ps1'
[3.356s] INFO:colcon.colcon_core.shell:Creating package descriptor '/home/dev_ws/install/ros_tcp_endpoint/share/ros_tcp_endpoint/package.dsv'
[3.358s] INFO:colcon.colcon_core.shell:Creating package script '/home/dev_ws/install/ros_tcp_endpoint/share/ros_tcp_endpoint/package.sh'
[3.359s] INFO:colcon.colcon_core.shell:Creating package script '/home/dev_ws/install/ros_tcp_endpoint/share/ros_tcp_endpoint/package.bash'
[3.360s] INFO:colcon.colcon_core.shell:Creating package script '/home/dev_ws/install/ros_tcp_endpoint/share/ros_tcp_endpoint/package.zsh'
[3.362s] Level 1:colcon.colcon_core.environment:create_file_with_runtime_dependencies(/home/dev_ws/install/ros_tcp_endpoint/share/colcon-core/packages/ros_tcp_endpoint)
[3.373s] Level 1:colcon.colcon_core.environment:checking '/home/dev_ws/install/face_controller' for CMake module files
[3.375s] DEBUG:colcon.colcon_core.event_handler.log_command:Invoked command in '/home/dev_ws/src/face_controller' returned '0': PYTHONPATH=/home/dev_ws/install/face_controller/lib/python3.8/site-packages:${PYTHONPATH} /usr/bin/python3 setup.py egg_info --egg-base ../../build/face_controller build --build-base /home/dev_ws/build/face_controller/build install --prefix /home/dev_ws/install/face_controller --record /home/dev_ws/build/face_controller/install.log --single-version-externally-managed
[3.376s] Level 1:colcon.colcon_core.environment:checking '/home/dev_ws/install/face_controller' for CMake config files
[3.377s] Level 1:colcon.colcon_core.environment:checking '/home/dev_ws/install/face_controller/lib'
[3.377s] Level 1:colcon.colcon_core.environment:checking '/home/dev_ws/install/face_controller/bin'
[3.378s] Level 1:colcon.colcon_core.environment:checking '/home/dev_ws/install/face_controller/lib/pkgconfig/face_controller.pc'
[3.378s] Level 1:colcon.colcon_core.environment:checking '/home/dev_ws/install/face_controller/lib/python3.8/site-packages'
[3.378s] Level 1:colcon.colcon_core.shell:create_environment_hook('face_controller', 'pythonpath')
[3.379s] INFO:colcon.colcon_core.shell:Creating environment hook '/home/dev_ws/install/face_controller/share/face_controller/hook/pythonpath.ps1'
[3.380s] INFO:colcon.colcon_core.shell:Creating environment descriptor '/home/dev_ws/install/face_controller/share/face_controller/hook/pythonpath.dsv'
[3.382s] INFO:colcon.colcon_core.shell:Creating environment hook '/home/dev_ws/install/face_controller/share/face_controller/hook/pythonpath.sh'
[3.384s] Level 1:colcon.colcon_core.environment:checking '/home/dev_ws/install/face_controller/bin'
[3.384s] Level 1:colcon.colcon_core.environment:create_environment_scripts_only(face_controller)
[3.385s] INFO:colcon.colcon_core.shell:Creating package script '/home/dev_ws/install/face_controller/share/face_controller/package.ps1'
[3.386s] INFO:colcon.colcon_core.shell:Creating package descriptor '/home/dev_ws/install/face_controller/share/face_controller/package.dsv'
[3.386s] INFO:colcon.colcon_core.shell:Creating package script '/home/dev_ws/install/face_controller/share/face_controller/package.sh'
[3.387s] INFO:colcon.colcon_core.shell:Creating package script '/home/dev_ws/install/face_controller/share/face_controller/package.bash'
[3.387s] INFO:colcon.colcon_core.shell:Creating package script '/home/dev_ws/install/face_controller/share/face_controller/package.zsh'
[3.388s] Level 1:colcon.colcon_core.environment:create_file_with_runtime_dependencies(/home/dev_ws/install/face_controller/share/colcon-core/packages/face_controller)
[3.393s] Level 1:colcon.colcon_core.environment:checking '/home/dev_ws/install/vision' for CMake module files
[3.395s] DEBUG:colcon.colcon_core.event_handler.log_command:Invoked command in '/home/dev_ws/src/vision' returned '0': PYTHONPATH=/home/dev_ws/install/vision/lib/python3.8/site-packages:${PYTHONPATH} /usr/bin/python3 setup.py egg_info --egg-base ../../build/vision build --build-base /home/dev_ws/build/vision/build install --prefix /home/dev_ws/install/vision --record /home/dev_ws/build/vision/install.log --single-version-externally-managed
[3.397s] Level 1:colcon.colcon_core.environment:checking '/home/dev_ws/install/vision' for CMake config files
[3.399s] Level 1:colcon.colcon_core.environment:checking '/home/dev_ws/install/vision/lib'
[3.400s] Level 1:colcon.colcon_core.environment:checking '/home/dev_ws/install/vision/bin'
[3.400s] Level 1:colcon.colcon_core.environment:checking '/home/dev_ws/install/vision/lib/pkgconfig/vision.pc'
[3.400s] Level 1:colcon.colcon_core.environment:checking '/home/dev_ws/install/vision/lib/python3.8/site-packages'
[3.400s] Level 1:colcon.colcon_core.shell:create_environment_hook('vision', 'pythonpath')
[3.401s] INFO:colcon.colcon_core.shell:Creating environment hook '/home/dev_ws/install/vision/share/vision/hook/pythonpath.ps1'
[3.402s] INFO:colcon.colcon_core.shell:Creating environment descriptor '/home/dev_ws/install/vision/share/vision/hook/pythonpath.dsv'
[3.402s] INFO:colcon.colcon_core.shell:Creating environment hook '/home/dev_ws/install/vision/share/vision/hook/pythonpath.sh'
[3.403s] Level 1:colcon.colcon_core.environment:checking '/home/dev_ws/install/vision/bin'
[3.403s] Level 1:colcon.colcon_core.environment:create_environment_scripts_only(vision)
[3.404s] INFO:colcon.colcon_core.shell:Creating package script '/home/dev_ws/install/vision/share/vision/package.ps1'
[3.405s] INFO:colcon.colcon_core.shell:Creating package descriptor '/home/dev_ws/install/vision/share/vision/package.dsv'
[3.406s] INFO:colcon.colcon_core.shell:Creating package script '/home/dev_ws/install/vision/share/vision/package.sh'
[3.406s] INFO:colcon.colcon_core.shell:Creating package script '/home/dev_ws/install/vision/share/vision/package.bash'
[3.407s] INFO:colcon.colcon_core.shell:Creating package script '/home/dev_ws/install/vision/share/vision/package.zsh'
[3.407s] Level 1:colcon.colcon_core.environment:create_file_with_runtime_dependencies(/home/dev_ws/install/vision/share/colcon-core/packages/vision)
[3.409s] Level 1:colcon.colcon_core.environment:checking '/home/dev_ws/install/unity_robotics_demo' for CMake module files
[3.413s] Level 1:colcon.colcon_core.environment:checking '/home/dev_ws/install/unity_robotics_demo' for CMake config files
[3.414s] DEBUG:colcon.colcon_core.event_handler.log_command:Invoked command in '/home/dev_ws/src/unity_robotics_demo' returned '0': PYTHONPATH=/home/dev_ws/install/unity_robotics_demo/lib/python3.8/site-packages:${PYTHONPATH} /usr/bin/python3 setup.py egg_info --egg-base ../../build/unity_robotics_demo build --build-base /home/dev_ws/build/unity_robotics_demo/build install --prefix /home/dev_ws/install/unity_robotics_demo --record /home/dev_ws/build/unity_robotics_demo/install.log --single-version-externally-managed
[3.415s] Level 1:colcon.colcon_core.environment:checking '/home/dev_ws/install/unity_robotics_demo/lib'
[3.415s] Level 1:colcon.colcon_core.environment:checking '/home/dev_ws/install/unity_robotics_demo/bin'
[3.416s] Level 1:colcon.colcon_core.environment:checking '/home/dev_ws/install/unity_robotics_demo/lib/pkgconfig/unity_robotics_demo.pc'
[3.416s] Level 1:colcon.colcon_core.environment:checking '/home/dev_ws/install/unity_robotics_demo/lib/python3.8/site-packages'
[3.416s] Level 1:colcon.colcon_core.shell:create_environment_hook('unity_robotics_demo', 'pythonpath')
[3.418s] INFO:colcon.colcon_core.shell:Creating environment hook '/home/dev_ws/install/unity_robotics_demo/share/unity_robotics_demo/hook/pythonpath.ps1'
[3.419s] INFO:colcon.colcon_core.shell:Creating environment descriptor '/home/dev_ws/install/unity_robotics_demo/share/unity_robotics_demo/hook/pythonpath.dsv'
[3.420s] INFO:colcon.colcon_core.shell:Creating environment hook '/home/dev_ws/install/unity_robotics_demo/share/unity_robotics_demo/hook/pythonpath.sh'
[3.421s] Level 1:colcon.colcon_core.environment:checking '/home/dev_ws/install/unity_robotics_demo/bin'
[3.421s] Level 1:colcon.colcon_core.environment:create_environment_scripts_only(unity_robotics_demo)
[3.422s] INFO:colcon.colcon_core.shell:Creating package script '/home/dev_ws/install/unity_robotics_demo/share/unity_robotics_demo/package.ps1'
[3.422s] INFO:colcon.colcon_core.shell:Creating package descriptor '/home/dev_ws/install/unity_robotics_demo/share/unity_robotics_demo/package.dsv'
[3.423s] INFO:colcon.colcon_core.shell:Creating package script '/home/dev_ws/install/unity_robotics_demo/share/unity_robotics_demo/package.sh'
[3.426s] INFO:colcon.colcon_core.shell:Creating package script '/home/dev_ws/install/unity_robotics_demo/share/unity_robotics_demo/package.bash'
[3.427s] INFO:colcon.colcon_core.shell:Creating package script '/home/dev_ws/install/unity_robotics_demo/share/unity_robotics_demo/package.zsh'
[3.430s] Level 1:colcon.colcon_core.environment:create_file_with_runtime_dependencies(/home/dev_ws/install/unity_robotics_demo/share/colcon-core/packages/unity_robotics_demo)
[3.431s] DEBUG:colcon.colcon_parallel_executor.executor.parallel:closing loop
[3.432s] DEBUG:colcon.colcon_parallel_executor.executor.parallel:loop closed
[3.434s] DEBUG:colcon.colcon_parallel_executor.executor.parallel:run_until_complete finished with '0'
[3.435s] DEBUG:colcon.colcon_core.event_reactor:joining thread
[3.462s] INFO:colcon.colcon_core.plugin_system:Skipping extension 'colcon_notification.desktop_notification.notify_send': Could not find 'notify-send'
[3.463s] INFO:colcon.colcon_core.plugin_system:Skipping extension 'colcon_notification.desktop_notification.terminal_notifier': Not used on non-Darwin systems
[3.463s] INFO:colcon.colcon_core.plugin_system:Skipping extension 'colcon_notification.desktop_notification.win32': Not used on non-Windows systems
[3.463s] INFO:colcon.colcon_notification.desktop_notification:Sending desktop notification using 'notify2'
[3.463s] DEBUG:colcon.colcon_notification.desktop_notification.notify2:Failed to initialize notify2: org.freedesktop.DBus.Error.NotSupported: Unable to autolaunch a dbus-daemon without a $DISPLAY for X11
[3.464s] DEBUG:colcon.colcon_core.event_reactor:joined thread
[3.465s] INFO:colcon.colcon_core.shell:Creating prefix script '/home/dev_ws/install/local_setup.ps1'
[3.467s] INFO:colcon.colcon_core.shell:Creating prefix util module '/home/dev_ws/install/_local_setup_util_ps1.py'
[3.470s] INFO:colcon.colcon_core.shell:Creating prefix chain script '/home/dev_ws/install/setup.ps1'
[3.472s] INFO:colcon.colcon_core.shell:Creating prefix script '/home/dev_ws/install/local_setup.sh'
[3.473s] INFO:colcon.colcon_core.shell:Creating prefix util module '/home/dev_ws/install/_local_setup_util_sh.py'
[3.474s] INFO:colcon.colcon_core.shell:Creating prefix chain script '/home/dev_ws/install/setup.sh'
[3.477s] INFO:colcon.colcon_core.shell:Creating prefix script '/home/dev_ws/install/local_setup.bash'
[3.478s] INFO:colcon.colcon_core.shell:Creating prefix chain script '/home/dev_ws/install/setup.bash'
[3.481s] INFO:colcon.colcon_core.shell:Creating prefix script '/home/dev_ws/install/local_setup.zsh'
[3.482s] INFO:colcon.colcon_core.shell:Creating prefix chain script '/home/dev_ws/install/setup.zsh'
