[5.290s] Invoking command in '/home/dev_ws/src/audio': PYTHONPATH=/home/dev_ws/install/audio/lib/python3.8/site-packages:${PYTHONPATH} /usr/bin/python3 setup.py egg_info --egg-base ../../build/audio build --build-base /home/dev_ws/build/audio/build install --prefix /home/dev_ws/install/audio --record /home/dev_ws/build/audio/install.log --single-version-externally-managed
[6.236s] running egg_info
[6.236s] writing ../../build/audio/audio.egg-info/PKG-INFO
[6.238s] writing dependency_links to ../../build/audio/audio.egg-info/dependency_links.txt
[6.238s] writing entry points to ../../build/audio/audio.egg-info/entry_points.txt
[6.239s] writing requirements to ../../build/audio/audio.egg-info/requires.txt
[6.239s] writing top-level names to ../../build/audio/audio.egg-info/top_level.txt
[6.445s] reading manifest file '../../build/audio/audio.egg-info/SOURCES.txt'
[6.448s] writing manifest file '../../build/audio/audio.egg-info/SOURCES.txt'
[6.449s] running build
[6.449s] running build_py
[6.457s] running install
[6.458s] running install_lib
[6.462s] byte-compiling /home/dev_ws/install/audio/lib/python3.8/site-packages/audio/text_to_speech.py to text_to_speech.cpython-38.pyc
[6.478s] running install_data
[6.479s] running install_egg_info
[6.487s] removing '/home/dev_ws/install/audio/lib/python3.8/site-packages/audio-0.0.0-py3.8.egg-info' (and everything under it)
[6.488s] Copying ../../build/audio/audio.egg-info to /home/dev_ws/install/audio/lib/python3.8/site-packages/audio-0.0.0-py3.8.egg-info
[6.495s] running install_scripts
[6.565s] Installing text_to_speech script to /home/dev_ws/install/audio/lib/audio
[6.565s] writing list of installed files to '/home/dev_ws/build/audio/install.log'
[6.700s] Invoked command in '/home/dev_ws/src/audio' returned '0': PYTHONPATH=/home/dev_ws/install/audio/lib/python3.8/site-packages:${PYTHONPATH} /usr/bin/python3 setup.py egg_info --egg-base ../../build/audio build --build-base /home/dev_ws/build/audio/build install --prefix /home/dev_ws/install/audio --record /home/dev_ws/build/audio/install.log --single-version-externally-managed
