[5.424s] Invoking command in '/home/dev_ws/src/face_controller': PYTHONPATH=/home/dev_ws/install/face_controller/lib/python3.8/site-packages:${PYTHONPATH} /usr/bin/python3 setup.py egg_info --egg-base ../../build/face_controller build --build-base /home/dev_ws/build/face_controller/build install --prefix /home/dev_ws/install/face_controller --record /home/dev_ws/build/face_controller/install.log --single-version-externally-managed
[6.288s] running egg_info
[6.298s] writing ../../build/face_controller/face_controller.egg-info/PKG-INFO
[6.301s] writing dependency_links to ../../build/face_controller/face_controller.egg-info/dependency_links.txt
[6.301s] writing entry points to ../../build/face_controller/face_controller.egg-info/entry_points.txt
[6.303s] writing requirements to ../../build/face_controller/face_controller.egg-info/requires.txt
[6.304s] writing top-level names to ../../build/face_controller/face_controller.egg-info/top_level.txt
[6.481s] reading manifest file '../../build/face_controller/face_controller.egg-info/SOURCES.txt'
[6.486s] writing manifest file '../../build/face_controller/face_controller.egg-info/SOURCES.txt'
[6.487s] running build
[6.488s] running build_py
[6.497s] running install
[6.498s] running install_lib
[6.500s] running install_data
[6.500s] running install_egg_info
[6.509s] removing '/home/dev_ws/install/face_controller/lib/python3.8/site-packages/face_controller-0.0.0-py3.8.egg-info' (and everything under it)
[6.514s] Copying ../../build/face_controller/face_controller.egg-info to /home/dev_ws/install/face_controller/lib/python3.8/site-packages/face_controller-0.0.0-py3.8.egg-info
[6.520s] running install_scripts
[6.626s] Installing facial_expression script to /home/dev_ws/install/face_controller/lib/face_controller
[6.628s] writing list of installed files to '/home/dev_ws/build/face_controller/install.log'
[6.845s] Invoked command in '/home/dev_ws/src/face_controller' returned '0': PYTHONPATH=/home/dev_ws/install/face_controller/lib/python3.8/site-packages:${PYTHONPATH} /usr/bin/python3 setup.py egg_info --egg-base ../../build/face_controller build --build-base /home/dev_ws/build/face_controller/build install --prefix /home/dev_ws/install/face_controller --record /home/dev_ws/build/face_controller/install.log --single-version-externally-managed
