[5.949s] Invoking command in '/home/dev_ws/src/face_controller': PYTHONPATH=/home/dev_ws/install/face_controller/lib/python3.8/site-packages:${PYTHONPATH} /usr/bin/python3 setup.py egg_info --egg-base ../../build/face_controller build --build-base /home/dev_ws/build/face_controller/build install --prefix /home/dev_ws/install/face_controller --record /home/dev_ws/build/face_controller/install.log --single-version-externally-managed
[6.876s] running egg_info
[6.880s] writing ../../build/face_controller/face_controller.egg-info/PKG-INFO
[6.882s] writing dependency_links to ../../build/face_controller/face_controller.egg-info/dependency_links.txt
[6.883s] writing entry points to ../../build/face_controller/face_controller.egg-info/entry_points.txt
[6.886s] writing requirements to ../../build/face_controller/face_controller.egg-info/requires.txt
[6.889s] writing top-level names to ../../build/face_controller/face_controller.egg-info/top_level.txt
[7.078s] reading manifest file '../../build/face_controller/face_controller.egg-info/SOURCES.txt'
[7.095s] writing manifest file '../../build/face_controller/face_controller.egg-info/SOURCES.txt'
[7.097s] running build
[7.100s] running build_py
[7.100s] running install
[7.110s] running install_lib
[7.114s] running install_data
[7.123s] running install_egg_info
[7.129s] removing '/home/dev_ws/install/face_controller/lib/python3.8/site-packages/face_controller-0.0.0-py3.8.egg-info' (and everything under it)
[7.160s] Copying ../../build/face_controller/face_controller.egg-info to /home/dev_ws/install/face_controller/lib/python3.8/site-packages/face_controller-0.0.0-py3.8.egg-info
[7.161s] running install_scripts
[7.233s] Installing facial_expression script to /home/dev_ws/install/face_controller/lib/face_controller
[7.234s] writing list of installed files to '/home/dev_ws/build/face_controller/install.log'
[7.363s] Invoked command in '/home/dev_ws/src/face_controller' returned '0': PYTHONPATH=/home/dev_ws/install/face_controller/lib/python3.8/site-packages:${PYTHONPATH} /usr/bin/python3 setup.py egg_info --egg-base ../../build/face_controller build --build-base /home/dev_ws/build/face_controller/build install --prefix /home/dev_ws/install/face_controller --record /home/dev_ws/build/face_controller/install.log --single-version-externally-managed
