[3.668s] Invoking command in '/home/dev_ws/src/unity_robotics_demo': PYTHONPATH=/home/dev_ws/src/install/unity_robotics_demo/lib/python3.8/site-packages:${PYTHONPATH} /usr/bin/python3 setup.py egg_info --egg-base ../build/unity_robotics_demo build --build-base /home/dev_ws/src/build/unity_robotics_demo/build install --prefix /home/dev_ws/src/install/unity_robotics_demo --record /home/dev_ws/src/build/unity_robotics_demo/install.log --single-version-externally-managed
[4.302s] running egg_info
[4.305s] writing ../build/unity_robotics_demo/unity_robotics_demo.egg-info/PKG-INFO
[4.308s] writing dependency_links to ../build/unity_robotics_demo/unity_robotics_demo.egg-info/dependency_links.txt
[4.309s] writing entry points to ../build/unity_robotics_demo/unity_robotics_demo.egg-info/entry_points.txt
[4.309s] writing requirements to ../build/unity_robotics_demo/unity_robotics_demo.egg-info/requires.txt
[4.309s] writing top-level names to ../build/unity_robotics_demo/unity_robotics_demo.egg-info/top_level.txt
[4.428s] reading manifest file '../build/unity_robotics_demo/unity_robotics_demo.egg-info/SOURCES.txt'
[4.430s] writing manifest file '../build/unity_robotics_demo/unity_robotics_demo.egg-info/SOURCES.txt'
[4.431s] running build
[4.431s] running build_py
[4.432s] running install
[4.435s] running install_lib
[4.441s] running install_data
[4.443s] running install_egg_info
[4.447s] removing '/home/dev_ws/src/install/unity_robotics_demo/lib/python3.8/site-packages/unity_robotics_demo-0.0.1-py3.8.egg-info' (and everything under it)
[4.449s] Copying ../build/unity_robotics_demo/unity_robotics_demo.egg-info to /home/dev_ws/src/install/unity_robotics_demo/lib/python3.8/site-packages/unity_robotics_demo-0.0.1-py3.8.egg-info
[4.453s] running install_scripts
[4.536s] Installing color_publisher script to /home/dev_ws/src/install/unity_robotics_demo/lib/unity_robotics_demo
[4.537s] Installing position_service script to /home/dev_ws/src/install/unity_robotics_demo/lib/unity_robotics_demo
[4.537s] writing list of installed files to '/home/dev_ws/src/build/unity_robotics_demo/install.log'
[4.695s] Invoked command in '/home/dev_ws/src/unity_robotics_demo' returned '0': PYTHONPATH=/home/dev_ws/src/install/unity_robotics_demo/lib/python3.8/site-packages:${PYTHONPATH} /usr/bin/python3 setup.py egg_info --egg-base ../build/unity_robotics_demo build --build-base /home/dev_ws/src/build/unity_robotics_demo/build install --prefix /home/dev_ws/src/install/unity_robotics_demo --record /home/dev_ws/src/build/unity_robotics_demo/install.log --single-version-externally-managed
