[1.815s] Invoking command in '/home/dev_ws/src/vision': PYTHONPATH=/home/dev_ws/install/vision/lib/python3.8/site-packages:${PYTHONPATH} /usr/bin/python3 setup.py egg_info --egg-base ../../build/vision build --build-base /home/dev_ws/build/vision/build install --prefix /home/dev_ws/install/vision --record /home/dev_ws/build/vision/install.log --single-version-externally-managed
[2.158s] running egg_info
[2.159s] writing ../../build/vision/vision.egg-info/PKG-INFO
[2.159s] writing dependency_links to ../../build/vision/vision.egg-info/dependency_links.txt
[2.160s] writing entry points to ../../build/vision/vision.egg-info/entry_points.txt
[2.160s] writing requirements to ../../build/vision/vision.egg-info/requires.txt
[2.161s] writing top-level names to ../../build/vision/vision.egg-info/top_level.txt
[2.243s] reading manifest file '../../build/vision/vision.egg-info/SOURCES.txt'
[2.245s] writing manifest file '../../build/vision/vision.egg-info/SOURCES.txt'
[2.245s] running build
[2.245s] running build_py
[2.246s] copying vision/color_detector.py -> /home/dev_ws/build/vision/build/lib/vision
[2.246s] running install
[2.246s] running install_lib
[2.248s] copying /home/dev_ws/build/vision/build/lib/vision/color_detector.py -> /home/dev_ws/install/vision/lib/python3.8/site-packages/vision
[2.248s] byte-compiling /home/dev_ws/install/vision/lib/python3.8/site-packages/vision/color_detector.py to color_detector.cpython-38.pyc
[2.250s] running install_data
[2.251s] running install_egg_info
[2.254s] removing '/home/dev_ws/install/vision/lib/python3.8/site-packages/vision-0.0.0-py3.8.egg-info' (and everything under it)
[2.255s] Copying ../../build/vision/vision.egg-info to /home/dev_ws/install/vision/lib/python3.8/site-packages/vision-0.0.0-py3.8.egg-info
[2.257s] running install_scripts
[2.290s] Installing color_detector script to /home/dev_ws/install/vision/lib/vision
[2.291s] writing list of installed files to '/home/dev_ws/build/vision/install.log'
[2.385s] Invoked command in '/home/dev_ws/src/vision' returned '0': PYTHONPATH=/home/dev_ws/install/vision/lib/python3.8/site-packages:${PYTHONPATH} /usr/bin/python3 setup.py egg_info --egg-base ../../build/vision build --build-base /home/dev_ws/build/vision/build install --prefix /home/dev_ws/install/vision --record /home/dev_ws/build/vision/install.log --single-version-externally-managed
