[1.046s] Invoking command in '/home/dev_ws/src/manipulation': PYTHONPATH=/home/dev_ws/install/manipulation/lib/python3.8/site-packages:${PYTHONPATH} /usr/bin/python3 setup.py egg_info --egg-base ../../build/manipulation build --build-base /home/dev_ws/build/manipulation/build install --prefix /home/dev_ws/install/manipulation --record /home/dev_ws/build/manipulation/install.log --single-version-externally-managed
[1.223s] /usr/local/lib/python3.8/dist-packages/setuptools/dist.py:755: SetuptoolsDeprecationWarning: Invalid dash-separated options
[1.224s] !!
[1.224s] 
[1.224s]         ********************************************************************************
[1.224s]         Usage of dash-separated 'script-dir' will not be supported in future
[1.224s]         versions. Please use the underscore name 'script_dir' instead.
[1.224s] 
[1.224s]         By 2023-Sep-26, you need to update your project and remove deprecated calls
[1.224s]         or your builds will no longer be supported.
[1.225s] 
[1.225s]         See https://setuptools.pypa.io/en/latest/userguide/declarative_config.html for details.
[1.225s]         ********************************************************************************
[1.225s] 
[1.225s] !!
[1.225s]   opt = self.warn_dash_deprecation(opt, section)
[1.227s] /usr/local/lib/python3.8/dist-packages/setuptools/dist.py:755: SetuptoolsDeprecationWarning: Invalid dash-separated options
[1.227s] !!
[1.227s] 
[1.228s]         ********************************************************************************
[1.228s]         Usage of dash-separated 'install-scripts' will not be supported in future
[1.228s]         versions. Please use the underscore name 'install_scripts' instead.
[1.228s] 
[1.228s]         By 2023-Sep-26, you need to update your project and remove deprecated calls
[1.228s]         or your builds will no longer be supported.
[1.228s] 
[1.228s]         See https://setuptools.pypa.io/en/latest/userguide/declarative_config.html for details.
[1.229s]         ********************************************************************************
[1.229s] 
[1.229s] !!
[1.229s]   opt = self.warn_dash_deprecation(opt, section)
[1.391s] running egg_info
[1.411s] writing ../../build/manipulation/manipulation.egg-info/PKG-INFO
[1.412s] writing dependency_links to ../../build/manipulation/manipulation.egg-info/dependency_links.txt
[1.413s] writing entry points to ../../build/manipulation/manipulation.egg-info/entry_points.txt
[1.413s] writing requirements to ../../build/manipulation/manipulation.egg-info/requires.txt
[1.414s] writing top-level names to ../../build/manipulation/manipulation.egg-info/top_level.txt
[1.543s] reading manifest file '../../build/manipulation/manipulation.egg-info/SOURCES.txt'
[1.545s] writing manifest file '../../build/manipulation/manipulation.egg-info/SOURCES.txt'
[1.545s] running build
[1.545s] running build_py
[1.546s] running install
[1.547s] /usr/local/lib/python3.8/dist-packages/setuptools/_distutils/cmd.py:66: SetuptoolsDeprecationWarning: setup.py install is deprecated.
[1.547s] !!
[1.547s] 
[1.547s]         ********************************************************************************
[1.547s]         Please avoid running ``setup.py`` directly.
[1.547s]         Instead, use pypa/build, pypa/installer, pypa/build or
[1.547s]         other standards-based tools.
[1.547s] 
[1.547s]         See https://blog.ganssle.io/articles/2021/10/setup-py-deprecated.html for details.
[1.547s]         ********************************************************************************
[1.548s] 
[1.548s] !!
[1.548s]   self.initialize_options()
[1.559s] running install_lib
[1.592s] running install_data
[1.611s] running install_egg_info
[1.630s] removing '/home/dev_ws/install/manipulation/lib/python3.8/site-packages/manipulation-0.0.0-py3.8.egg-info' (and everything under it)
[1.631s] Copying ../../build/manipulation/manipulation.egg-info to /home/dev_ws/install/manipulation/lib/python3.8/site-packages/manipulation-0.0.0-py3.8.egg-info
[1.633s] running install_scripts
[1.699s] Installing grab_object script to /home/dev_ws/install/manipulation/lib/manipulation
[1.701s] writing list of installed files to '/home/dev_ws/build/manipulation/install.log'
[1.742s] Invoked command in '/home/dev_ws/src/manipulation' returned '0': PYTHONPATH=/home/dev_ws/install/manipulation/lib/python3.8/site-packages:${PYTHONPATH} /usr/bin/python3 setup.py egg_info --egg-base ../../build/manipulation build --build-base /home/dev_ws/build/manipulation/build install --prefix /home/dev_ws/install/manipulation --record /home/dev_ws/build/manipulation/install.log --single-version-externally-managed
