[4.642s] Invoking command in '/home/dev_ws/src/vision': PYTHONPATH=/home/dev_ws/install/vision/lib/python3.8/site-packages:${PYTHONPATH} /usr/bin/python3 setup.py egg_info --egg-base ../../build/vision build --build-base /home/dev_ws/build/vision/build install --prefix /home/dev_ws/install/vision --record /home/dev_ws/build/vision/install.log --single-version-externally-managed
[5.314s] running egg_info
[5.316s] writing ../../build/vision/vision.egg-info/PKG-INFO
[5.318s] writing dependency_links to ../../build/vision/vision.egg-info/dependency_links.txt
[5.319s] writing entry points to ../../build/vision/vision.egg-info/entry_points.txt
[5.320s] writing requirements to ../../build/vision/vision.egg-info/requires.txt
[5.321s] writing top-level names to ../../build/vision/vision.egg-info/top_level.txt
[5.465s] reading manifest file '../../build/vision/vision.egg-info/SOURCES.txt'
[5.469s] writing manifest file '../../build/vision/vision.egg-info/SOURCES.txt'
[5.470s] running build
[5.472s] running build_py
[5.472s] copying vision/color_detector.py -> /home/dev_ws/build/vision/build/lib/vision
[5.474s] running install
[5.475s] running install_lib
[5.478s] copying /home/dev_ws/build/vision/build/lib/vision/color_detector.py -> /home/dev_ws/install/vision/lib/python3.8/site-packages/vision
[5.480s] byte-compiling /home/dev_ws/install/vision/lib/python3.8/site-packages/vision/color_detector.py to color_detector.cpython-38.pyc
[5.486s] running install_data
[5.487s] running install_egg_info
[5.497s] removing '/home/dev_ws/install/vision/lib/python3.8/site-packages/vision-0.0.0-py3.8.egg-info' (and everything under it)
[5.498s] Copying ../../build/vision/vision.egg-info to /home/dev_ws/install/vision/lib/python3.8/site-packages/vision-0.0.0-py3.8.egg-info
[5.505s] running install_scripts
[5.589s] Installing color_detector script to /home/dev_ws/install/vision/lib/vision
[5.592s] writing list of installed files to '/home/dev_ws/build/vision/install.log'
[5.736s] Invoked command in '/home/dev_ws/src/vision' returned '0': PYTHONPATH=/home/dev_ws/install/vision/lib/python3.8/site-packages:${PYTHONPATH} /usr/bin/python3 setup.py egg_info --egg-base ../../build/vision build --build-base /home/dev_ws/build/vision/build install --prefix /home/dev_ws/install/vision --record /home/dev_ws/build/vision/install.log --single-version-externally-managed
