[2.405s] Invoking command in '/home/jubileo/src/vision': PYTHONPATH=/home/jubileo/install/vision/lib/python3.8/site-packages:${PYTHONPATH} /usr/bin/python3 setup.py egg_info --egg-base ../../build/vision build --build-base /home/jubileo/build/vision/build install --prefix /home/jubileo/install/vision --record /home/jubileo/build/vision/install.log --single-version-externally-managed
[2.745s] running egg_info
[2.746s] writing ../../build/vision/vision.egg-info/PKG-INFO
[2.746s] writing dependency_links to ../../build/vision/vision.egg-info/dependency_links.txt
[2.746s] writing entry points to ../../build/vision/vision.egg-info/entry_points.txt
[2.747s] writing requirements to ../../build/vision/vision.egg-info/requires.txt
[2.747s] writing top-level names to ../../build/vision/vision.egg-info/top_level.txt
[2.822s] reading manifest file '../../build/vision/vision.egg-info/SOURCES.txt'
[2.824s] writing manifest file '../../build/vision/vision.egg-info/SOURCES.txt'
[2.825s] running build
[2.825s] running build_py
[2.829s] running install
[2.830s] running install_lib
[2.833s] running install_data
[2.834s] running install_egg_info
[2.837s] removing '/home/jubileo/install/vision/lib/python3.8/site-packages/vision-0.0.0-py3.8.egg-info' (and everything under it)
[2.838s] Copying ../../build/vision/vision.egg-info to /home/jubileo/install/vision/lib/python3.8/site-packages/vision-0.0.0-py3.8.egg-info
[2.840s] running install_scripts
[2.882s] Installing color_detector script to /home/jubileo/install/vision/lib/vision
[2.882s] Installing face_detector script to /home/jubileo/install/vision/lib/vision
[2.882s] Installing face_recognizer script to /home/jubileo/install/vision/lib/vision
[2.883s] Installing facial_expression_detector script to /home/jubileo/install/vision/lib/vision
[2.884s] writing list of installed files to '/home/jubileo/build/vision/install.log'
[2.971s] Invoked command in '/home/jubileo/src/vision' returned '0': PYTHONPATH=/home/jubileo/install/vision/lib/python3.8/site-packages:${PYTHONPATH} /usr/bin/python3 setup.py egg_info --egg-base ../../build/vision build --build-base /home/jubileo/build/vision/build install --prefix /home/jubileo/install/vision --record /home/jubileo/build/vision/install.log --single-version-externally-managed
