[5.516s] Invoking command in '/home/dev_ws/src/audio': PYTHONPATH=/home/dev_ws/install/audio/lib/python3.8/site-packages:${PYTHONPATH} /usr/bin/python3 setup.py egg_info --egg-base ../../build/audio build --build-base /home/dev_ws/build/audio/build install --prefix /home/dev_ws/install/audio --record /home/dev_ws/build/audio/install.log --single-version-externally-managed
[6.278s] running egg_info
[6.279s] writing ../../build/audio/audio.egg-info/PKG-INFO
[6.280s] writing dependency_links to ../../build/audio/audio.egg-info/dependency_links.txt
[6.281s] writing entry points to ../../build/audio/audio.egg-info/entry_points.txt
[6.282s] writing requirements to ../../build/audio/audio.egg-info/requires.txt
[6.282s] writing top-level names to ../../build/audio/audio.egg-info/top_level.txt
[6.421s] reading manifest file '../../build/audio/audio.egg-info/SOURCES.txt'
[6.424s] writing manifest file '../../build/audio/audio.egg-info/SOURCES.txt'
[6.424s] running build
[6.425s] running build_py
[6.425s] running install
[6.427s] running install_lib
[6.432s] running install_data
[6.433s] running install_egg_info
[6.442s] removing '/home/dev_ws/install/audio/lib/python3.8/site-packages/audio-0.0.0-py3.8.egg-info' (and everything under it)
[6.444s] Copying ../../build/audio/audio.egg-info to /home/dev_ws/install/audio/lib/python3.8/site-packages/audio-0.0.0-py3.8.egg-info
[6.449s] running install_scripts
[6.512s] Installing speech_to_text script to /home/dev_ws/install/audio/lib/audio
[6.512s] writing list of installed files to '/home/dev_ws/build/audio/install.log'
[6.695s] Invoked command in '/home/dev_ws/src/audio' returned '0': PYTHONPATH=/home/dev_ws/install/audio/lib/python3.8/site-packages:${PYTHONPATH} /usr/bin/python3 setup.py egg_info --egg-base ../../build/audio build --build-base /home/dev_ws/build/audio/build install --prefix /home/dev_ws/install/audio --record /home/dev_ws/build/audio/install.log --single-version-externally-managed
