[3.685s] Invoking command in '/home/dev_ws/src/utils': PYTHONPATH=/home/dev_ws/install/utils/lib/python3.8/site-packages:${PYTHONPATH} /usr/bin/python3 setup.py egg_info --egg-base ../../build/utils build --build-base /home/dev_ws/build/utils/build install --prefix /home/dev_ws/install/utils --record /home/dev_ws/build/utils/install.log --single-version-externally-managed
[4.232s] running egg_info
[4.234s] writing ../../build/utils/utils.egg-info/PKG-INFO
[4.235s] writing dependency_links to ../../build/utils/utils.egg-info/dependency_links.txt
[4.236s] writing entry points to ../../build/utils/utils.egg-info/entry_points.txt
[4.237s] writing requirements to ../../build/utils/utils.egg-info/requires.txt
[4.237s] writing top-level names to ../../build/utils/utils.egg-info/top_level.txt
[4.351s] reading manifest file '../../build/utils/utils.egg-info/SOURCES.txt'
[4.354s] writing manifest file '../../build/utils/utils.egg-info/SOURCES.txt'
[4.354s] running build
[4.354s] running build_py
[4.356s] running install
[4.358s] running install_lib
[4.365s] running install_data
[4.367s] running install_egg_info
[4.373s] removing '/home/dev_ws/install/utils/lib/python3.8/site-packages/utils-0.0.0-py3.8.egg-info' (and everything under it)
[4.374s] Copying ../../build/utils/utils.egg-info to /home/dev_ws/install/utils/lib/python3.8/site-packages/utils-0.0.0-py3.8.egg-info
[4.382s] running install_scripts
[4.448s] Installing utils script to /home/dev_ws/install/utils/lib/utils
[4.450s] writing list of installed files to '/home/dev_ws/build/utils/install.log'
[4.596s] Invoked command in '/home/dev_ws/src/utils' returned '0': PYTHONPATH=/home/dev_ws/install/utils/lib/python3.8/site-packages:${PYTHONPATH} /usr/bin/python3 setup.py egg_info --egg-base ../../build/utils build --build-base /home/dev_ws/build/utils/build install --prefix /home/dev_ws/install/utils --record /home/dev_ws/build/utils/install.log --single-version-externally-managed
