[5.225s] Invoking command in '/home/dev_ws/src/utils': PYTHONPATH=/home/dev_ws/src/install/utils/lib/python3.8/site-packages:${PYTHONPATH} /usr/bin/python3 setup.py egg_info --egg-base ../build/utils build --build-base /home/dev_ws/src/build/utils/build install --prefix /home/dev_ws/src/install/utils --record /home/dev_ws/src/build/utils/install.log --single-version-externally-managed
[5.988s] running egg_info
[5.990s] writing ../build/utils/utils.egg-info/PKG-INFO
[5.991s] writing dependency_links to ../build/utils/utils.egg-info/dependency_links.txt
[5.993s] writing entry points to ../build/utils/utils.egg-info/entry_points.txt
[5.993s] writing requirements to ../build/utils/utils.egg-info/requires.txt
[5.993s] writing top-level names to ../build/utils/utils.egg-info/top_level.txt
[6.138s] reading manifest file '../build/utils/utils.egg-info/SOURCES.txt'
[6.139s] writing manifest file '../build/utils/utils.egg-info/SOURCES.txt'
[6.140s] running build
[6.140s] running build_py
[6.147s] running install
[6.157s] running install_lib
[6.158s] running install_data
[6.158s] running install_egg_info
[6.162s] removing '/home/dev_ws/src/install/utils/lib/python3.8/site-packages/utils-0.0.0-py3.8.egg-info' (and everything under it)
[6.162s] Copying ../build/utils/utils.egg-info to /home/dev_ws/src/install/utils/lib/python3.8/site-packages/utils-0.0.0-py3.8.egg-info
[6.169s] running install_scripts
[6.244s] Installing utils script to /home/dev_ws/src/install/utils/lib/utils
[6.246s] writing list of installed files to '/home/dev_ws/src/build/utils/install.log'
[6.465s] Invoked command in '/home/dev_ws/src/utils' returned '0': PYTHONPATH=/home/dev_ws/src/install/utils/lib/python3.8/site-packages:${PYTHONPATH} /usr/bin/python3 setup.py egg_info --egg-base ../build/utils build --build-base /home/dev_ws/src/build/utils/build install --prefix /home/dev_ws/src/install/utils --record /home/dev_ws/src/build/utils/install.log --single-version-externally-managed
