[4.047s] Invoking command in '/home/dev_ws/src/manipulation': PYTHONPATH=/home/dev_ws/install/manipulation/lib/python3.8/site-packages:${PYTHONPATH} /usr/bin/python3 setup.py egg_info --egg-base ../../build/manipulation build --build-base /home/dev_ws/build/manipulation/build install --prefix /home/dev_ws/install/manipulation --record /home/dev_ws/build/manipulation/install.log --single-version-externally-managed
[4.624s] running egg_info
[4.626s] writing ../../build/manipulation/manipulation.egg-info/PKG-INFO
[4.626s] writing dependency_links to ../../build/manipulation/manipulation.egg-info/dependency_links.txt
[4.627s] writing entry points to ../../build/manipulation/manipulation.egg-info/entry_points.txt
[4.628s] writing requirements to ../../build/manipulation/manipulation.egg-info/requires.txt
[4.628s] writing top-level names to ../../build/manipulation/manipulation.egg-info/top_level.txt
[4.770s] reading manifest file '../../build/manipulation/manipulation.egg-info/SOURCES.txt'
[4.772s] writing manifest file '../../build/manipulation/manipulation.egg-info/SOURCES.txt'
[4.773s] running build
[4.773s] running build_py
[4.774s] running install
[4.776s] running install_lib
[4.786s] running install_data
[4.787s] running install_egg_info
[4.792s] removing '/home/dev_ws/install/manipulation/lib/python3.8/site-packages/manipulation-0.0.0-py3.8.egg-info' (and everything under it)
[4.793s] Copying ../../build/manipulation/manipulation.egg-info to /home/dev_ws/install/manipulation/lib/python3.8/site-packages/manipulation-0.0.0-py3.8.egg-info
[4.802s] running install_scripts
[4.867s] Installing grab_object script to /home/dev_ws/install/manipulation/lib/manipulation
[4.868s] writing list of installed files to '/home/dev_ws/build/manipulation/install.log'
[4.969s] Invoked command in '/home/dev_ws/src/manipulation' returned '0': PYTHONPATH=/home/dev_ws/install/manipulation/lib/python3.8/site-packages:${PYTHONPATH} /usr/bin/python3 setup.py egg_info --egg-base ../../build/manipulation build --build-base /home/dev_ws/build/manipulation/build install --prefix /home/dev_ws/install/manipulation --record /home/dev_ws/build/manipulation/install.log --single-version-externally-managed
