[4.312s] Invoking command in '/home/dev_ws/src/vision': PYTHONPATH=/home/dev_ws/install/vision/lib/python3.8/site-packages:${PYTHONPATH} /usr/bin/python3 setup.py egg_info --egg-base ../../build/vision build --build-base /home/dev_ws/build/vision/build install --prefix /home/dev_ws/install/vision --record /home/dev_ws/build/vision/install.log --single-version-externally-managed
[5.072s] running egg_info
[5.074s] writing ../../build/vision/vision.egg-info/PKG-INFO
[5.076s] writing dependency_links to ../../build/vision/vision.egg-info/dependency_links.txt
[5.076s] writing entry points to ../../build/vision/vision.egg-info/entry_points.txt
[5.077s] writing requirements to ../../build/vision/vision.egg-info/requires.txt
[5.077s] writing top-level names to ../../build/vision/vision.egg-info/top_level.txt
[5.246s] reading manifest file '../../build/vision/vision.egg-info/SOURCES.txt'
[5.269s] writing manifest file '../../build/vision/vision.egg-info/SOURCES.txt'
[5.269s] running build
[5.273s] running build_py
[5.273s] running install
[5.274s] running install_lib
[5.274s] running install_data
[5.274s] running install_egg_info
[5.276s] removing '/home/dev_ws/install/vision/lib/python3.8/site-packages/vision-0.0.0-py3.8.egg-info' (and everything under it)
[5.276s] Copying ../../build/vision/vision.egg-info to /home/dev_ws/install/vision/lib/python3.8/site-packages/vision-0.0.0-py3.8.egg-info
[5.279s] running install_scripts
[5.363s] Installing color_detector script to /home/dev_ws/install/vision/lib/vision
[5.366s] writing list of installed files to '/home/dev_ws/build/vision/install.log'
[5.508s] Invoked command in '/home/dev_ws/src/vision' returned '0': PYTHONPATH=/home/dev_ws/install/vision/lib/python3.8/site-packages:${PYTHONPATH} /usr/bin/python3 setup.py egg_info --egg-base ../../build/vision build --build-base /home/dev_ws/build/vision/build install --prefix /home/dev_ws/install/vision --record /home/dev_ws/build/vision/install.log --single-version-externally-managed
