[4.403s] Invoking command in '/home/dev_ws/src/vision': PYTHONPATH=/home/dev_ws/install/vision/lib/python3.8/site-packages:${PYTHONPATH} /usr/bin/python3 setup.py egg_info --egg-base ../../build/vision build --build-base /home/dev_ws/build/vision/build install --prefix /home/dev_ws/install/vision --record /home/dev_ws/build/vision/install.log --single-version-externally-managed
[4.974s] running egg_info
[4.977s] writing ../../build/vision/vision.egg-info/PKG-INFO
[4.979s] writing dependency_links to ../../build/vision/vision.egg-info/dependency_links.txt
[4.980s] writing entry points to ../../build/vision/vision.egg-info/entry_points.txt
[4.981s] writing requirements to ../../build/vision/vision.egg-info/requires.txt
[4.982s] writing top-level names to ../../build/vision/vision.egg-info/top_level.txt
[5.123s] reading manifest file '../../build/vision/vision.egg-info/SOURCES.txt'
[5.126s] writing manifest file '../../build/vision/vision.egg-info/SOURCES.txt'
[5.126s] running build
[5.127s] running build_py
[5.128s] running install
[5.144s] running install_lib
[5.144s] running install_data
[5.152s] running install_egg_info
[5.166s] removing '/home/dev_ws/install/vision/lib/python3.8/site-packages/vision-0.0.0-py3.8.egg-info' (and everything under it)
[5.172s] Copying ../../build/vision/vision.egg-info to /home/dev_ws/install/vision/lib/python3.8/site-packages/vision-0.0.0-py3.8.egg-info
[5.178s] running install_scripts
[5.269s] Installing color_detector script to /home/dev_ws/install/vision/lib/vision
[5.270s] Installing face_detector script to /home/dev_ws/install/vision/lib/vision
[5.272s] Installing face_recognizer script to /home/dev_ws/install/vision/lib/vision
[5.272s] Installing facial_expression_detector script to /home/dev_ws/install/vision/lib/vision
[5.273s] writing list of installed files to '/home/dev_ws/build/vision/install.log'
[5.449s] Invoked command in '/home/dev_ws/src/vision' returned '0': PYTHONPATH=/home/dev_ws/install/vision/lib/python3.8/site-packages:${PYTHONPATH} /usr/bin/python3 setup.py egg_info --egg-base ../../build/vision build --build-base /home/dev_ws/build/vision/build install --prefix /home/dev_ws/install/vision --record /home/dev_ws/build/vision/install.log --single-version-externally-managed
