[5.221s] Invoking command in '/home/dev_ws/src/face_controller': PYTHONPATH=/home/dev_ws/src/install/face_controller/lib/python3.8/site-packages:${PYTHONPATH} /usr/bin/python3 setup.py egg_info --egg-base ../build/face_controller build --build-base /home/dev_ws/src/build/face_controller/build install --prefix /home/dev_ws/src/install/face_controller --record /home/dev_ws/src/build/face_controller/install.log --single-version-externally-managed
[6.040s] running egg_info
[6.047s] writing ../build/face_controller/face_controller.egg-info/PKG-INFO
[6.051s] writing dependency_links to ../build/face_controller/face_controller.egg-info/dependency_links.txt
[6.052s] writing entry points to ../build/face_controller/face_controller.egg-info/entry_points.txt
[6.053s] writing requirements to ../build/face_controller/face_controller.egg-info/requires.txt
[6.053s] writing top-level names to ../build/face_controller/face_controller.egg-info/top_level.txt
[6.202s] reading manifest file '../build/face_controller/face_controller.egg-info/SOURCES.txt'
[6.205s] writing manifest file '../build/face_controller/face_controller.egg-info/SOURCES.txt'
[6.206s] running build
[6.206s] running build_py
[6.209s] running install
[6.211s] running install_lib
[6.216s] running install_data
[6.219s] running install_egg_info
[6.225s] removing '/home/dev_ws/src/install/face_controller/lib/python3.8/site-packages/face_controller-0.0.0-py3.8.egg-info' (and everything under it)
[6.228s] Copying ../build/face_controller/face_controller.egg-info to /home/dev_ws/src/install/face_controller/lib/python3.8/site-packages/face_controller-0.0.0-py3.8.egg-info
[6.228s] running install_scripts
[6.304s] Installing facial_expression script to /home/dev_ws/src/install/face_controller/lib/face_controller
[6.311s] writing list of installed files to '/home/dev_ws/src/build/face_controller/install.log'
[6.444s] Invoked command in '/home/dev_ws/src/face_controller' returned '0': PYTHONPATH=/home/dev_ws/src/install/face_controller/lib/python3.8/site-packages:${PYTHONPATH} /usr/bin/python3 setup.py egg_info --egg-base ../build/face_controller build --build-base /home/dev_ws/src/build/face_controller/build install --prefix /home/dev_ws/src/install/face_controller --record /home/dev_ws/src/build/face_controller/install.log --single-version-externally-managed
