[4.748s] Invoking command in '/home/dev_ws/src/audio': PYTHONPATH=/home/dev_ws/install/audio/lib/python3.8/site-packages:${PYTHONPATH} /usr/bin/python3 setup.py egg_info --egg-base ../../build/audio build --build-base /home/dev_ws/build/audio/build install --prefix /home/dev_ws/install/audio --record /home/dev_ws/build/audio/install.log --single-version-externally-managed
[5.512s] running egg_info
[5.514s] writing ../../build/audio/audio.egg-info/PKG-INFO
[5.525s] writing dependency_links to ../../build/audio/audio.egg-info/dependency_links.txt
[5.525s] writing entry points to ../../build/audio/audio.egg-info/entry_points.txt
[5.526s] writing requirements to ../../build/audio/audio.egg-info/requires.txt
[5.527s] writing top-level names to ../../build/audio/audio.egg-info/top_level.txt
[5.699s] reading manifest file '../../build/audio/audio.egg-info/SOURCES.txt'
[5.702s] writing manifest file '../../build/audio/audio.egg-info/SOURCES.txt'
[5.702s] running build
[5.702s] running build_py
[5.703s] copying audio/send_audio.py -> /home/dev_ws/build/audio/build/lib/audio
[5.707s] running install
[5.710s] running install_lib
[5.713s] copying /home/dev_ws/build/audio/build/lib/audio/send_audio.py -> /home/dev_ws/install/audio/lib/python3.8/site-packages/audio
[5.715s] byte-compiling /home/dev_ws/install/audio/lib/python3.8/site-packages/audio/send_audio.py to send_audio.cpython-38.pyc
[5.724s] running install_data
[5.728s] running install_egg_info
[5.733s] removing '/home/dev_ws/install/audio/lib/python3.8/site-packages/audio-0.0.0-py3.8.egg-info' (and everything under it)
[5.734s] Copying ../../build/audio/audio.egg-info to /home/dev_ws/install/audio/lib/python3.8/site-packages/audio-0.0.0-py3.8.egg-info
[5.742s] running install_scripts
[5.820s] Installing send_audio script to /home/dev_ws/install/audio/lib/audio
[5.821s] Installing speech_to_text script to /home/dev_ws/install/audio/lib/audio
[5.822s] writing list of installed files to '/home/dev_ws/build/audio/install.log'
[6.019s] Invoked command in '/home/dev_ws/src/audio' returned '0': PYTHONPATH=/home/dev_ws/install/audio/lib/python3.8/site-packages:${PYTHONPATH} /usr/bin/python3 setup.py egg_info --egg-base ../../build/audio build --build-base /home/dev_ws/build/audio/build install --prefix /home/dev_ws/install/audio --record /home/dev_ws/build/audio/install.log --single-version-externally-managed
