[2.230s] Invoking command in '/home/dev_ws/src/audio': PYTHONPATH=/home/dev_ws/install/audio/lib/python3.8/site-packages:${PYTHONPATH} /usr/bin/python3 setup.py egg_info --egg-base ../../build/audio build --build-base /home/dev_ws/build/audio/build install --prefix /home/dev_ws/install/audio --record /home/dev_ws/build/audio/install.log --single-version-externally-managed
[2.555s] running egg_info
[2.556s] writing ../../build/audio/audio.egg-info/PKG-INFO
[2.557s] writing dependency_links to ../../build/audio/audio.egg-info/dependency_links.txt
[2.557s] writing entry points to ../../build/audio/audio.egg-info/entry_points.txt
[2.558s] writing requirements to ../../build/audio/audio.egg-info/requires.txt
[2.558s] writing top-level names to ../../build/audio/audio.egg-info/top_level.txt
[2.621s] reading manifest file '../../build/audio/audio.egg-info/SOURCES.txt'
[2.622s] writing manifest file '../../build/audio/audio.egg-info/SOURCES.txt'
[2.623s] running build
[2.623s] running build_py
[2.623s] copying audio/send_audio.py -> /home/dev_ws/build/audio/build/lib/audio
[2.624s] running install
[2.624s] running install_lib
[2.626s] copying /home/dev_ws/build/audio/build/lib/audio/send_audio.py -> /home/dev_ws/install/audio/lib/python3.8/site-packages/audio
[2.627s] byte-compiling /home/dev_ws/install/audio/lib/python3.8/site-packages/audio/send_audio.py to send_audio.cpython-38.pyc
[2.629s] running install_data
[2.630s] running install_egg_info
[2.632s] removing '/home/dev_ws/install/audio/lib/python3.8/site-packages/audio-0.0.0-py3.8.egg-info' (and everything under it)
[2.633s] Copying ../../build/audio/audio.egg-info to /home/dev_ws/install/audio/lib/python3.8/site-packages/audio-0.0.0-py3.8.egg-info
[2.637s] running install_scripts
[2.672s] Installing send_audio script to /home/dev_ws/install/audio/lib/audio
[2.673s] Installing speech_to_text script to /home/dev_ws/install/audio/lib/audio
[2.673s] writing list of installed files to '/home/dev_ws/build/audio/install.log'
[2.742s] Invoked command in '/home/dev_ws/src/audio' returned '0': PYTHONPATH=/home/dev_ws/install/audio/lib/python3.8/site-packages:${PYTHONPATH} /usr/bin/python3 setup.py egg_info --egg-base ../../build/audio build --build-base /home/dev_ws/build/audio/build install --prefix /home/dev_ws/install/audio --record /home/dev_ws/build/audio/install.log --single-version-externally-managed
