[2.783s] Invoking command in '/home/dev_ws/src/audio': PYTHONPATH=/home/dev_ws/install/audio/lib/python3.8/site-packages:${PYTHONPATH} /usr/bin/python3 setup.py egg_info --egg-base ../../build/audio build --build-base /home/dev_ws/build/audio/build install --prefix /home/dev_ws/install/audio --record /home/dev_ws/build/audio/install.log --single-version-externally-managed
[3.291s] running egg_info
[3.292s] writing ../../build/audio/audio.egg-info/PKG-INFO
[3.293s] writing dependency_links to ../../build/audio/audio.egg-info/dependency_links.txt
[3.294s] writing entry points to ../../build/audio/audio.egg-info/entry_points.txt
[3.295s] writing requirements to ../../build/audio/audio.egg-info/requires.txt
[3.295s] writing top-level names to ../../build/audio/audio.egg-info/top_level.txt
[3.392s] reading manifest file '../../build/audio/audio.egg-info/SOURCES.txt'
[3.395s] writing manifest file '../../build/audio/audio.egg-info/SOURCES.txt'
[3.395s] running build
[3.396s] running build_py
[3.396s] running install
[3.398s] running install_lib
[3.401s] running install_data
[3.402s] running install_egg_info
[3.405s] removing '/home/dev_ws/install/audio/lib/python3.8/site-packages/audio-0.0.0-py3.8.egg-info' (and everything under it)
[3.406s] Copying ../../build/audio/audio.egg-info to /home/dev_ws/install/audio/lib/python3.8/site-packages/audio-0.0.0-py3.8.egg-info
[3.410s] running install_scripts
[3.470s] Installing speech_to_text script to /home/dev_ws/install/audio/lib/audio
[3.472s] writing list of installed files to '/home/dev_ws/build/audio/install.log'
[3.604s] Invoked command in '/home/dev_ws/src/audio' returned '0': PYTHONPATH=/home/dev_ws/install/audio/lib/python3.8/site-packages:${PYTHONPATH} /usr/bin/python3 setup.py egg_info --egg-base ../../build/audio build --build-base /home/dev_ws/build/audio/build install --prefix /home/dev_ws/install/audio --record /home/dev_ws/build/audio/install.log --single-version-externally-managed
