[2.691s] Invoking command in '/home/dev_ws/src/utils': PYTHONPATH=/home/dev_ws/install/utils/lib/python3.8/site-packages:${PYTHONPATH} /usr/bin/python3 setup.py egg_info --egg-base ../../build/utils build --build-base /home/dev_ws/build/utils/build install --prefix /home/dev_ws/install/utils --record /home/dev_ws/build/utils/install.log --single-version-externally-managed
[3.090s] running egg_info
[3.090s] writing ../../build/utils/utils.egg-info/PKG-INFO
[3.091s] writing dependency_links to ../../build/utils/utils.egg-info/dependency_links.txt
[3.091s] writing entry points to ../../build/utils/utils.egg-info/entry_points.txt
[3.092s] writing requirements to ../../build/utils/utils.egg-info/requires.txt
[3.092s] writing top-level names to ../../build/utils/utils.egg-info/top_level.txt
[3.182s] reading manifest file '../../build/utils/utils.egg-info/SOURCES.txt'
[3.183s] writing manifest file '../../build/utils/utils.egg-info/SOURCES.txt'
[3.183s] running build
[3.185s] running build_py
[3.185s] running install
[3.190s] running install_lib
[3.191s] running install_data
[3.191s] running install_egg_info
[3.194s] removing '/home/dev_ws/install/utils/lib/python3.8/site-packages/utils-0.0.0-py3.8.egg-info' (and everything under it)
[3.195s] Copying ../../build/utils/utils.egg-info to /home/dev_ws/install/utils/lib/python3.8/site-packages/utils-0.0.0-py3.8.egg-info
[3.198s] running install_scripts
[3.248s] Installing utils script to /home/dev_ws/install/utils/lib/utils
[3.250s] writing list of installed files to '/home/dev_ws/build/utils/install.log'
[3.390s] Invoked command in '/home/dev_ws/src/utils' returned '0': PYTHONPATH=/home/dev_ws/install/utils/lib/python3.8/site-packages:${PYTHONPATH} /usr/bin/python3 setup.py egg_info --egg-base ../../build/utils build --build-base /home/dev_ws/build/utils/build install --prefix /home/dev_ws/install/utils --record /home/dev_ws/build/utils/install.log --single-version-externally-managed
