[1.043s] Invoking command in '/home/dev_ws/src/audio': PYTHONPATH=/home/dev_ws/install/audio/lib/python3.8/site-packages:${PYTHONPATH} /usr/bin/python3 setup.py egg_info --egg-base ../../build/audio build --build-base /home/dev_ws/build/audio/build install --prefix /home/dev_ws/install/audio --record /home/dev_ws/build/audio/install.log --single-version-externally-managed
[1.186s] /usr/local/lib/python3.8/dist-packages/setuptools/dist.py:755: SetuptoolsDeprecationWarning: Invalid dash-separated options
[1.186s] !!
[1.186s] 
[1.186s]         ********************************************************************************
[1.187s]         Usage of dash-separated 'script-dir' will not be supported in future
[1.187s]         versions. Please use the underscore name 'script_dir' instead.
[1.187s] 
[1.187s]         By 2023-Sep-26, you need to update your project and remove deprecated calls
[1.187s]         or your builds will no longer be supported.
[1.187s] 
[1.187s]         See https://setuptools.pypa.io/en/latest/userguide/declarative_config.html for details.
[1.187s]         ********************************************************************************
[1.187s] 
[1.187s] !!
[1.187s]   opt = self.warn_dash_deprecation(opt, section)
[1.190s] /usr/local/lib/python3.8/dist-packages/setuptools/dist.py:755: SetuptoolsDeprecationWarning: Invalid dash-separated options
[1.190s] !!
[1.190s] 
[1.190s]         ********************************************************************************
[1.190s]         Usage of dash-separated 'install-scripts' will not be supported in future
[1.190s]         versions. Please use the underscore name 'install_scripts' instead.
[1.190s] 
[1.190s]         By 2023-Sep-26, you need to update your project and remove deprecated calls
[1.190s]         or your builds will no longer be supported.
[1.190s] 
[1.191s]         See https://setuptools.pypa.io/en/latest/userguide/declarative_config.html for details.
[1.191s]         ********************************************************************************
[1.191s] 
[1.191s] !!
[1.191s]   opt = self.warn_dash_deprecation(opt, section)
[1.289s] running egg_info
[1.315s] writing ../../build/audio/audio.egg-info/PKG-INFO
[1.316s] writing dependency_links to ../../build/audio/audio.egg-info/dependency_links.txt
[1.316s] writing entry points to ../../build/audio/audio.egg-info/entry_points.txt
[1.317s] writing requirements to ../../build/audio/audio.egg-info/requires.txt
[1.317s] writing top-level names to ../../build/audio/audio.egg-info/top_level.txt
[1.440s] reading manifest file '../../build/audio/audio.egg-info/SOURCES.txt'
[1.441s] writing manifest file '../../build/audio/audio.egg-info/SOURCES.txt'
[1.441s] running build
[1.442s] running build_py
[1.442s] running install
[1.443s] /usr/local/lib/python3.8/dist-packages/setuptools/_distutils/cmd.py:66: SetuptoolsDeprecationWarning: setup.py install is deprecated.
[1.443s] !!
[1.443s] 
[1.443s]         ********************************************************************************
[1.443s]         Please avoid running ``setup.py`` directly.
[1.443s]         Instead, use pypa/build, pypa/installer, pypa/build or
[1.443s]         other standards-based tools.
[1.443s] 
[1.444s]         See https://blog.ganssle.io/articles/2021/10/setup-py-deprecated.html for details.
[1.444s]         ********************************************************************************
[1.444s] 
[1.444s] !!
[1.444s]   self.initialize_options()
[1.450s] running install_lib
[1.466s] running install_data
[1.481s] running install_egg_info
[1.498s] removing '/home/dev_ws/install/audio/lib/python3.8/site-packages/audio-0.0.0-py3.8.egg-info' (and everything under it)
[1.499s] Copying ../../build/audio/audio.egg-info to /home/dev_ws/install/audio/lib/python3.8/site-packages/audio-0.0.0-py3.8.egg-info
[1.501s] running install_scripts
[1.569s] Installing send_audio script to /home/dev_ws/install/audio/lib/audio
[1.569s] Installing speech_to_text script to /home/dev_ws/install/audio/lib/audio
[1.570s] Installing text_to_speech script to /home/dev_ws/install/audio/lib/audio
[1.571s] writing list of installed files to '/home/dev_ws/build/audio/install.log'
[1.600s] Invoked command in '/home/dev_ws/src/audio' returned '0': PYTHONPATH=/home/dev_ws/install/audio/lib/python3.8/site-packages:${PYTHONPATH} /usr/bin/python3 setup.py egg_info --egg-base ../../build/audio build --build-base /home/dev_ws/build/audio/build install --prefix /home/dev_ws/install/audio --record /home/dev_ws/build/audio/install.log --single-version-externally-managed
