[5.239s] Invoking command in '/home/dev_ws/src/utils': PYTHONPATH=/home/dev_ws/install/utils/lib/python3.8/site-packages:${PYTHONPATH} /usr/bin/python3 setup.py egg_info --egg-base ../../build/utils build --build-base /home/dev_ws/build/utils/build install --prefix /home/dev_ws/install/utils --record /home/dev_ws/build/utils/install.log --single-version-externally-managed
[5.973s] running egg_info
[5.975s] writing ../../build/utils/utils.egg-info/PKG-INFO
[5.976s] writing dependency_links to ../../build/utils/utils.egg-info/dependency_links.txt
[5.978s] writing entry points to ../../build/utils/utils.egg-info/entry_points.txt
[5.978s] writing requirements to ../../build/utils/utils.egg-info/requires.txt
[5.979s] writing top-level names to ../../build/utils/utils.egg-info/top_level.txt
[6.106s] reading manifest file '../../build/utils/utils.egg-info/SOURCES.txt'
[6.109s] writing manifest file '../../build/utils/utils.egg-info/SOURCES.txt'
[6.109s] running build
[6.110s] running build_py
[6.110s] running install
[6.113s] running install_lib
[6.117s] running install_data
[6.119s] running install_egg_info
[6.130s] removing '/home/dev_ws/install/utils/lib/python3.8/site-packages/utils-0.0.0-py3.8.egg-info' (and everything under it)
[6.131s] Copying ../../build/utils/utils.egg-info to /home/dev_ws/install/utils/lib/python3.8/site-packages/utils-0.0.0-py3.8.egg-info
[6.135s] running install_scripts
[6.254s] Installing utils script to /home/dev_ws/install/utils/lib/utils
[6.266s] writing list of installed files to '/home/dev_ws/build/utils/install.log'
[6.541s] Invoked command in '/home/dev_ws/src/utils' returned '0': PYTHONPATH=/home/dev_ws/install/utils/lib/python3.8/site-packages:${PYTHONPATH} /usr/bin/python3 setup.py egg_info --egg-base ../../build/utils build --build-base /home/dev_ws/build/utils/build install --prefix /home/dev_ws/install/utils --record /home/dev_ws/build/utils/install.log --single-version-externally-managed
