[2.431s] Invoking command in '/home/jubileo/src/unity_robotics_demo': PYTHONPATH=/home/jubileo/install/unity_robotics_demo/lib/python3.8/site-packages:${PYTHONPATH} /usr/bin/python3 setup.py egg_info --egg-base ../../build/unity_robotics_demo build --build-base /home/jubileo/build/unity_robotics_demo/build install --prefix /home/jubileo/install/unity_robotics_demo --record /home/jubileo/build/unity_robotics_demo/install.log --single-version-externally-managed
[2.757s] running egg_info
[2.758s] writing ../../build/unity_robotics_demo/unity_robotics_demo.egg-info/PKG-INFO
[2.758s] writing dependency_links to ../../build/unity_robotics_demo/unity_robotics_demo.egg-info/dependency_links.txt
[2.759s] writing entry points to ../../build/unity_robotics_demo/unity_robotics_demo.egg-info/entry_points.txt
[2.759s] writing requirements to ../../build/unity_robotics_demo/unity_robotics_demo.egg-info/requires.txt
[2.759s] writing top-level names to ../../build/unity_robotics_demo/unity_robotics_demo.egg-info/top_level.txt
[2.823s] reading manifest file '../../build/unity_robotics_demo/unity_robotics_demo.egg-info/SOURCES.txt'
[2.824s] writing manifest file '../../build/unity_robotics_demo/unity_robotics_demo.egg-info/SOURCES.txt'
[2.825s] running build
[2.825s] running build_py
[2.825s] running install
[2.827s] running install_lib
[2.829s] running install_data
[2.830s] running install_egg_info
[2.834s] removing '/home/jubileo/install/unity_robotics_demo/lib/python3.8/site-packages/unity_robotics_demo-0.0.1-py3.8.egg-info' (and everything under it)
[2.834s] Copying ../../build/unity_robotics_demo/unity_robotics_demo.egg-info to /home/jubileo/install/unity_robotics_demo/lib/python3.8/site-packages/unity_robotics_demo-0.0.1-py3.8.egg-info
[2.838s] running install_scripts
[2.866s] Installing color_publisher script to /home/jubileo/install/unity_robotics_demo/lib/unity_robotics_demo
[2.870s] Installing position_service script to /home/jubileo/install/unity_robotics_demo/lib/unity_robotics_demo
[2.870s] writing list of installed files to '/home/jubileo/build/unity_robotics_demo/install.log'
[2.988s] Invoked command in '/home/jubileo/src/unity_robotics_demo' returned '0': PYTHONPATH=/home/jubileo/install/unity_robotics_demo/lib/python3.8/site-packages:${PYTHONPATH} /usr/bin/python3 setup.py egg_info --egg-base ../../build/unity_robotics_demo build --build-base /home/jubileo/build/unity_robotics_demo/build install --prefix /home/jubileo/install/unity_robotics_demo --record /home/jubileo/build/unity_robotics_demo/install.log --single-version-externally-managed
