[3.880s] Invoking command in '/home/dev_ws/src/vision': PYTHONPATH=/home/dev_ws/install/vision/lib/python3.8/site-packages:${PYTHONPATH} /usr/bin/python3 setup.py egg_info --egg-base ../../build/vision build --build-base /home/dev_ws/build/vision/build install --prefix /home/dev_ws/install/vision --record /home/dev_ws/build/vision/install.log --single-version-externally-managed
[4.553s] running egg_info
[4.556s] writing ../../build/vision/vision.egg-info/PKG-INFO
[4.557s] writing dependency_links to ../../build/vision/vision.egg-info/dependency_links.txt
[4.558s] writing entry points to ../../build/vision/vision.egg-info/entry_points.txt
[4.562s] writing requirements to ../../build/vision/vision.egg-info/requires.txt
[4.563s] writing top-level names to ../../build/vision/vision.egg-info/top_level.txt
[4.746s] reading manifest file '../../build/vision/vision.egg-info/SOURCES.txt'
[4.750s] writing manifest file '../../build/vision/vision.egg-info/SOURCES.txt'
[4.751s] running build
[4.751s] running build_py
[4.752s] running install
[4.754s] running install_lib
[4.758s] running install_data
[4.765s] running install_egg_info
[4.769s] removing '/home/dev_ws/install/vision/lib/python3.8/site-packages/vision-0.0.0-py3.8.egg-info' (and everything under it)
[4.770s] Copying ../../build/vision/vision.egg-info to /home/dev_ws/install/vision/lib/python3.8/site-packages/vision-0.0.0-py3.8.egg-info
[4.774s] running install_scripts
[4.862s] Installing color_detector script to /home/dev_ws/install/vision/lib/vision
[4.866s] writing list of installed files to '/home/dev_ws/build/vision/install.log'
[5.070s] Invoked command in '/home/dev_ws/src/vision' returned '0': PYTHONPATH=/home/dev_ws/install/vision/lib/python3.8/site-packages:${PYTHONPATH} /usr/bin/python3 setup.py egg_info --egg-base ../../build/vision build --build-base /home/dev_ws/build/vision/build install --prefix /home/dev_ws/install/vision --record /home/dev_ws/build/vision/install.log --single-version-externally-managed
