[3.128s] Invoking command in '/home/dev_ws/src/utils': PYTHONPATH=/home/dev_ws/install/utils/lib/python3.8/site-packages:${PYTHONPATH} /usr/bin/python3 setup.py egg_info --egg-base ../../build/utils build --build-base /home/dev_ws/build/utils/build install --prefix /home/dev_ws/install/utils --record /home/dev_ws/build/utils/install.log --single-version-externally-managed
[3.411s] /usr/local/lib/python3.8/dist-packages/setuptools/dist.py:755: SetuptoolsDeprecationWarning: Invalid dash-separated options
[3.412s] !!
[3.412s] 
[3.413s]         ********************************************************************************
[3.413s]         Usage of dash-separated 'script-dir' will not be supported in future
[3.413s]         versions. Please use the underscore name 'script_dir' instead.
[3.413s] 
[3.414s]         By 2023-Sep-26, you need to update your project and remove deprecated calls
[3.414s]         or your builds will no longer be supported.
[3.414s] 
[3.414s]         See https://setuptools.pypa.io/en/latest/userguide/declarative_config.html for details.
[3.415s]         ********************************************************************************
[3.415s] 
[3.415s] !!
[3.416s]   opt = self.warn_dash_deprecation(opt, section)
[3.416s] /usr/local/lib/python3.8/dist-packages/setuptools/dist.py:755: SetuptoolsDeprecationWarning: Invalid dash-separated options
[3.416s] !!
[3.416s] 
[3.417s]         ********************************************************************************
[3.417s]         Usage of dash-separated 'install-scripts' will not be supported in future
[3.417s]         versions. Please use the underscore name 'install_scripts' instead.
[3.417s] 
[3.418s]         By 2023-Sep-26, you need to update your project and remove deprecated calls
[3.418s]         or your builds will no longer be supported.
[3.419s] 
[3.419s]         See https://setuptools.pypa.io/en/latest/userguide/declarative_config.html for details.
[3.419s]         ********************************************************************************
[3.420s] 
[3.420s] !!
[3.421s]   opt = self.warn_dash_deprecation(opt, section)
[3.643s] running egg_info
[3.673s] writing ../../build/utils/utils.egg-info/PKG-INFO
[3.675s] writing dependency_links to ../../build/utils/utils.egg-info/dependency_links.txt
[3.676s] writing entry points to ../../build/utils/utils.egg-info/entry_points.txt
[3.676s] writing requirements to ../../build/utils/utils.egg-info/requires.txt
[3.677s] writing top-level names to ../../build/utils/utils.egg-info/top_level.txt
[3.914s] reading manifest file '../../build/utils/utils.egg-info/SOURCES.txt'
[3.917s] writing manifest file '../../build/utils/utils.egg-info/SOURCES.txt'
[3.917s] running build
[3.918s] running build_py
[3.923s] running install
[3.924s] /usr/local/lib/python3.8/dist-packages/setuptools/_distutils/cmd.py:66: SetuptoolsDeprecationWarning: setup.py install is deprecated.
[3.924s] !!
[3.924s] 
[3.924s]         ********************************************************************************
[3.925s]         Please avoid running ``setup.py`` directly.
[3.925s]         Instead, use pypa/build, pypa/installer, pypa/build or
[3.925s]         other standards-based tools.
[3.925s] 
[3.925s]         See https://blog.ganssle.io/articles/2021/10/setup-py-deprecated.html for details.
[3.925s]         ********************************************************************************
[3.925s] 
[3.926s] !!
[3.926s]   self.initialize_options()
[3.931s] running install_lib
[3.956s] running install_data
[3.986s] running install_egg_info
[4.011s] removing '/home/dev_ws/install/utils/lib/python3.8/site-packages/utils-0.0.0-py3.8.egg-info' (and everything under it)
[4.012s] Copying ../../build/utils/utils.egg-info to /home/dev_ws/install/utils/lib/python3.8/site-packages/utils-0.0.0-py3.8.egg-info
[4.015s] running install_scripts
[4.128s] Installing utils script to /home/dev_ws/install/utils/lib/utils
[4.130s] writing list of installed files to '/home/dev_ws/build/utils/install.log'
[4.252s] Invoked command in '/home/dev_ws/src/utils' returned '0': PYTHONPATH=/home/dev_ws/install/utils/lib/python3.8/site-packages:${PYTHONPATH} /usr/bin/python3 setup.py egg_info --egg-base ../../build/utils build --build-base /home/dev_ws/build/utils/build install --prefix /home/dev_ws/install/utils --record /home/dev_ws/build/utils/install.log --single-version-externally-managed
