[2.403s] Invoking command in '/home/dev_ws/src/audio': PYTHONPATH=/home/dev_ws/install/audio/lib/python3.8/site-packages:${PYTHONPATH} /usr/bin/python3 setup.py egg_info --egg-base ../../build/audio build --build-base /home/dev_ws/build/audio/build install --prefix /home/dev_ws/install/audio --record /home/dev_ws/build/audio/install.log --single-version-externally-managed
[2.789s] running egg_info
[2.790s] writing ../../build/audio/audio.egg-info/PKG-INFO
[2.790s] writing dependency_links to ../../build/audio/audio.egg-info/dependency_links.txt
[2.791s] writing entry points to ../../build/audio/audio.egg-info/entry_points.txt
[2.791s] writing requirements to ../../build/audio/audio.egg-info/requires.txt
[2.791s] writing top-level names to ../../build/audio/audio.egg-info/top_level.txt
[2.859s] reading manifest file '../../build/audio/audio.egg-info/SOURCES.txt'
[2.861s] writing manifest file '../../build/audio/audio.egg-info/SOURCES.txt'
[2.862s] running build
[2.862s] running build_py
[2.863s] copying audio/text_to_speech.py -> /home/dev_ws/build/audio/build/lib/audio
[2.863s] running install
[2.865s] running install_lib
[2.865s] copying /home/dev_ws/build/audio/build/lib/audio/text_to_speech.py -> /home/dev_ws/install/audio/lib/python3.8/site-packages/audio
[2.866s] byte-compiling /home/dev_ws/install/audio/lib/python3.8/site-packages/audio/text_to_speech.py to text_to_speech.cpython-38.pyc
[2.868s] running install_data
[2.869s] running install_egg_info
[2.873s] removing '/home/dev_ws/install/audio/lib/python3.8/site-packages/audio-0.0.0-py3.8.egg-info' (and everything under it)
[2.873s] Copying ../../build/audio/audio.egg-info to /home/dev_ws/install/audio/lib/python3.8/site-packages/audio-0.0.0-py3.8.egg-info
[2.876s] running install_scripts
[2.911s] Installing send_audio script to /home/dev_ws/install/audio/lib/audio
[2.911s] Installing speech_to_text script to /home/dev_ws/install/audio/lib/audio
[2.912s] Installing text_to_speech script to /home/dev_ws/install/audio/lib/audio
[2.912s] writing list of installed files to '/home/dev_ws/build/audio/install.log'
[3.012s] Invoked command in '/home/dev_ws/src/audio' returned '0': PYTHONPATH=/home/dev_ws/install/audio/lib/python3.8/site-packages:${PYTHONPATH} /usr/bin/python3 setup.py egg_info --egg-base ../../build/audio build --build-base /home/dev_ws/build/audio/build install --prefix /home/dev_ws/install/audio --record /home/dev_ws/build/audio/install.log --single-version-externally-managed
