[2.995s] Invoking command in '/home/dev_ws/src/vision': PYTHONPATH=/home/dev_ws/install/vision/lib/python3.8/site-packages:${PYTHONPATH} /usr/bin/python3 setup.py egg_info --egg-base ../../build/vision build --build-base /home/dev_ws/build/vision/build install --prefix /home/dev_ws/install/vision --record /home/dev_ws/build/vision/install.log --single-version-externally-managed
[3.531s] running egg_info
[3.532s] writing ../../build/vision/vision.egg-info/PKG-INFO
[3.534s] writing dependency_links to ../../build/vision/vision.egg-info/dependency_links.txt
[3.534s] writing entry points to ../../build/vision/vision.egg-info/entry_points.txt
[3.535s] writing requirements to ../../build/vision/vision.egg-info/requires.txt
[3.535s] writing top-level names to ../../build/vision/vision.egg-info/top_level.txt
[3.637s] reading manifest file '../../build/vision/vision.egg-info/SOURCES.txt'
[3.639s] writing manifest file '../../build/vision/vision.egg-info/SOURCES.txt'
[3.640s] running build
[3.640s] running build_py
[3.642s] running install
[3.645s] running install_lib
[3.647s] running install_data
[3.648s] running install_egg_info
[3.651s] removing '/home/dev_ws/install/vision/lib/python3.8/site-packages/vision-0.0.0-py3.8.egg-info' (and everything under it)
[3.652s] Copying ../../build/vision/vision.egg-info to /home/dev_ws/install/vision/lib/python3.8/site-packages/vision-0.0.0-py3.8.egg-info
[3.656s] running install_scripts
[3.712s] Installing color_detector script to /home/dev_ws/install/vision/lib/vision
[3.714s] writing list of installed files to '/home/dev_ws/build/vision/install.log'
[3.819s] Invoked command in '/home/dev_ws/src/vision' returned '0': PYTHONPATH=/home/dev_ws/install/vision/lib/python3.8/site-packages:${PYTHONPATH} /usr/bin/python3 setup.py egg_info --egg-base ../../build/vision build --build-base /home/dev_ws/build/vision/build install --prefix /home/dev_ws/install/vision --record /home/dev_ws/build/vision/install.log --single-version-externally-managed
