[0.202s] DEBUG:colcon:Command line arguments: ['/usr/bin/colcon', 'build']
[0.202s] DEBUG:colcon:Parsed command line arguments: Namespace(ament_cmake_args=None, base_paths=['.'], build_base='build', catkin_cmake_args=None, catkin_skip_building_tests=False, cmake_args=None, cmake_clean_cache=False, cmake_clean_first=False, cmake_force_configure=False, cmake_target=None, cmake_target_skip_unavailable=False, continue_on_error=False, event_handlers=None, executor='parallel', ignore_user_meta=False, install_base='install', log_base=None, log_level=None, main=<bound method BuildVerb.main of <colcon_core.verb.build.BuildVerb object at 0x7fbe3772c220>>, merge_install=False, metas=['./colcon.meta'], mixin=None, mixin_files=None, mixin_verb=('build',), packages_above=None, packages_above_and_dependencies=None, packages_above_depth=None, packages_end=None, packages_ignore=None, packages_ignore_regex=None, packages_select=None, packages_select_build_failed=False, packages_select_by_dep=None, packages_select_regex=None, packages_select_test_failures=False, packages_skip=None, packages_skip_build_finished=False, packages_skip_by_dep=None, packages_skip_regex=None, packages_skip_test_passed=False, packages_skip_up_to=None, packages_start=None, packages_up_to=None, packages_up_to_regex=None, parallel_workers=12, paths=None, symlink_install=False, test_result_base=None, verb_extension=<colcon_core.verb.build.BuildVerb object at 0x7fbe3772c220>, verb_name='build', verb_parser=<colcon_mixin.mixin.mixin_argument.MixinArgumentDecorator object at 0x7fbe3772c880>)
[0.236s] Level 1:colcon.colcon_core.package_discovery:discover_packages(colcon_meta) check parameters
[0.237s] INFO:colcon.colcon_metadata.package_discovery.colcon_meta:Using configuration from '/root/.colcon/metadata/default/Gazebo.meta'
[0.238s] INFO:colcon.colcon_metadata.package_discovery.colcon_meta:Using configuration from '/root/.colcon/metadata/default/fastrtps.meta'
[0.238s] Level 1:colcon.colcon_core.package_discovery:discover_packages(recursive) check parameters
[0.238s] Level 1:colcon.colcon_core.package_discovery:discover_packages(ignore) check parameters
[0.239s] Level 1:colcon.colcon_core.package_discovery:discover_packages(path) check parameters
[0.239s] Level 1:colcon.colcon_core.package_discovery:discover_packages(colcon_meta) discover
[0.239s] Level 1:colcon.colcon_core.package_discovery:discover_packages(recursive) discover
[0.239s] INFO:colcon.colcon_core.package_discovery:Crawling recursively for packages in '/home/dev_ws/src'
[0.239s] Level 1:colcon.colcon_core.package_identification:_identify(.) by extensions ['ignore', 'ignore_ament_install']
[0.239s] Level 1:colcon.colcon_core.package_identification:_identify(.) by extension 'ignore'
[0.239s] Level 1:colcon.colcon_core.package_identification:_identify(.) by extension 'ignore_ament_install'
[0.239s] Level 1:colcon.colcon_core.package_identification:_identify(.) by extensions ['colcon_pkg']
[0.239s] Level 1:colcon.colcon_core.package_identification:_identify(.) by extension 'colcon_pkg'
[0.239s] Level 1:colcon.colcon_core.package_identification:_identify(.) by extensions ['colcon_meta']
[0.240s] Level 1:colcon.colcon_core.package_identification:_identify(.) by extension 'colcon_meta'
[0.240s] Level 1:colcon.colcon_core.package_identification:_identify(.) by extensions ['ros']
[0.240s] Level 1:colcon.colcon_core.package_identification:_identify(.) by extension 'ros'
[0.255s] Level 1:colcon.colcon_core.package_identification:_identify(.) by extensions ['cmake', 'python']
[0.255s] Level 1:colcon.colcon_core.package_identification:_identify(.) by extension 'cmake'
[0.256s] Level 1:colcon.colcon_core.package_identification:_identify(.) by extension 'python'
[0.256s] Level 1:colcon.colcon_core.package_identification:_identify(.) by extensions ['python_setup_py']
[0.256s] Level 1:colcon.colcon_core.package_identification:_identify(.) by extension 'python_setup_py'
[0.256s] Level 1:colcon.colcon_core.package_identification:_identify(audio) by extensions ['ignore', 'ignore_ament_install']
[0.256s] Level 1:colcon.colcon_core.package_identification:_identify(audio) by extension 'ignore'
[0.256s] Level 1:colcon.colcon_core.package_identification:_identify(audio) by extension 'ignore_ament_install'
[0.256s] Level 1:colcon.colcon_core.package_identification:_identify(audio) by extensions ['colcon_pkg']
[0.256s] Level 1:colcon.colcon_core.package_identification:_identify(audio) by extension 'colcon_pkg'
[0.257s] Level 1:colcon.colcon_core.package_identification:_identify(audio) by extensions ['colcon_meta']
[0.257s] Level 1:colcon.colcon_core.package_identification:_identify(audio) by extension 'colcon_meta'
[0.257s] Level 1:colcon.colcon_core.package_identification:_identify(audio) by extensions ['ros']
[0.257s] Level 1:colcon.colcon_core.package_identification:_identify(audio) by extension 'ros'
[0.260s] DEBUG:colcon.colcon_core.package_identification:Package 'audio' with type 'ros.ament_python' and name 'audio'
[0.261s] Level 1:colcon.colcon_core.package_identification:_identify(build) by extensions ['ignore', 'ignore_ament_install']
[0.261s] Level 1:colcon.colcon_core.package_identification:_identify(build) by extension 'ignore'
[0.261s] Level 1:colcon.colcon_core.package_identification:_identify(build) ignored
[0.261s] Level 1:colcon.colcon_core.package_identification:_identify(face_controller) by extensions ['ignore', 'ignore_ament_install']
[0.261s] Level 1:colcon.colcon_core.package_identification:_identify(face_controller) by extension 'ignore'
[0.262s] Level 1:colcon.colcon_core.package_identification:_identify(face_controller) by extension 'ignore_ament_install'
[0.262s] Level 1:colcon.colcon_core.package_identification:_identify(face_controller) by extensions ['colcon_pkg']
[0.262s] Level 1:colcon.colcon_core.package_identification:_identify(face_controller) by extension 'colcon_pkg'
[0.262s] Level 1:colcon.colcon_core.package_identification:_identify(face_controller) by extensions ['colcon_meta']
[0.262s] Level 1:colcon.colcon_core.package_identification:_identify(face_controller) by extension 'colcon_meta'
[0.262s] Level 1:colcon.colcon_core.package_identification:_identify(face_controller) by extensions ['ros']
[0.262s] Level 1:colcon.colcon_core.package_identification:_identify(face_controller) by extension 'ros'
[0.263s] DEBUG:colcon.colcon_core.package_identification:Package 'face_controller' with type 'ros.ament_python' and name 'face_controller'
[0.263s] Level 1:colcon.colcon_core.package_identification:_identify(install) by extensions ['ignore', 'ignore_ament_install']
[0.263s] Level 1:colcon.colcon_core.package_identification:_identify(install) by extension 'ignore'
[0.263s] Level 1:colcon.colcon_core.package_identification:_identify(install) ignored
[0.264s] Level 1:colcon.colcon_core.package_identification:_identify(log) by extensions ['ignore', 'ignore_ament_install']
[0.264s] Level 1:colcon.colcon_core.package_identification:_identify(log) by extension 'ignore'
[0.264s] Level 1:colcon.colcon_core.package_identification:_identify(log) ignored
[0.264s] Level 1:colcon.colcon_core.package_identification:_identify(manipulation) by extensions ['ignore', 'ignore_ament_install']
[0.265s] Level 1:colcon.colcon_core.package_identification:_identify(manipulation) by extension 'ignore'
[0.265s] Level 1:colcon.colcon_core.package_identification:_identify(manipulation) by extension 'ignore_ament_install'
[0.265s] Level 1:colcon.colcon_core.package_identification:_identify(manipulation) by extensions ['colcon_pkg']
[0.265s] Level 1:colcon.colcon_core.package_identification:_identify(manipulation) by extension 'colcon_pkg'
[0.266s] Level 1:colcon.colcon_core.package_identification:_identify(manipulation) by extensions ['colcon_meta']
[0.266s] Level 1:colcon.colcon_core.package_identification:_identify(manipulation) by extension 'colcon_meta'
[0.266s] Level 1:colcon.colcon_core.package_identification:_identify(manipulation) by extensions ['ros']
[0.266s] Level 1:colcon.colcon_core.package_identification:_identify(manipulation) by extension 'ros'
[0.267s] DEBUG:colcon.colcon_core.package_identification:Package 'manipulation' with type 'ros.ament_python' and name 'manipulation'
[0.267s] Level 1:colcon.colcon_core.package_identification:_identify(ros_tcp_endpoint) by extensions ['ignore', 'ignore_ament_install']
[0.267s] Level 1:colcon.colcon_core.package_identification:_identify(ros_tcp_endpoint) by extension 'ignore'
[0.267s] Level 1:colcon.colcon_core.package_identification:_identify(ros_tcp_endpoint) by extension 'ignore_ament_install'
[0.267s] Level 1:colcon.colcon_core.package_identification:_identify(ros_tcp_endpoint) by extensions ['colcon_pkg']
[0.267s] Level 1:colcon.colcon_core.package_identification:_identify(ros_tcp_endpoint) by extension 'colcon_pkg'
[0.268s] Level 1:colcon.colcon_core.package_identification:_identify(ros_tcp_endpoint) by extensions ['colcon_meta']
[0.268s] Level 1:colcon.colcon_core.package_identification:_identify(ros_tcp_endpoint) by extension 'colcon_meta'
[0.268s] Level 1:colcon.colcon_core.package_identification:_identify(ros_tcp_endpoint) by extensions ['ros']
[0.268s] Level 1:colcon.colcon_core.package_identification:_identify(ros_tcp_endpoint) by extension 'ros'
[0.269s] DEBUG:colcon.colcon_core.package_identification:Package 'ros_tcp_endpoint' with type 'ros.ament_python' and name 'ros_tcp_endpoint'
[0.269s] Level 1:colcon.colcon_core.package_identification:_identify(unity_robotics_demo) by extensions ['ignore', 'ignore_ament_install']
[0.269s] Level 1:colcon.colcon_core.package_identification:_identify(unity_robotics_demo) by extension 'ignore'
[0.269s] Level 1:colcon.colcon_core.package_identification:_identify(unity_robotics_demo) by extension 'ignore_ament_install'
[0.269s] Level 1:colcon.colcon_core.package_identification:_identify(unity_robotics_demo) by extensions ['colcon_pkg']
[0.269s] Level 1:colcon.colcon_core.package_identification:_identify(unity_robotics_demo) by extension 'colcon_pkg'
[0.269s] Level 1:colcon.colcon_core.package_identification:_identify(unity_robotics_demo) by extensions ['colcon_meta']
[0.269s] Level 1:colcon.colcon_core.package_identification:_identify(unity_robotics_demo) by extension 'colcon_meta'
[0.270s] Level 1:colcon.colcon_core.package_identification:_identify(unity_robotics_demo) by extensions ['ros']
[0.270s] Level 1:colcon.colcon_core.package_identification:_identify(unity_robotics_demo) by extension 'ros'
[0.270s] DEBUG:colcon.colcon_core.package_identification:Package 'unity_robotics_demo' with type 'ros.ament_python' and name 'unity_robotics_demo'
[0.271s] Level 1:colcon.colcon_core.package_identification:_identify(unity_robotics_demo_msgs) by extensions ['ignore', 'ignore_ament_install']
[0.271s] Level 1:colcon.colcon_core.package_identification:_identify(unity_robotics_demo_msgs) by extension 'ignore'
[0.271s] Level 1:colcon.colcon_core.package_identification:_identify(unity_robotics_demo_msgs) by extension 'ignore_ament_install'
[0.271s] Level 1:colcon.colcon_core.package_identification:_identify(unity_robotics_demo_msgs) by extensions ['colcon_pkg']
[0.271s] Level 1:colcon.colcon_core.package_identification:_identify(unity_robotics_demo_msgs) by extension 'colcon_pkg'
[0.271s] Level 1:colcon.colcon_core.package_identification:_identify(unity_robotics_demo_msgs) by extensions ['colcon_meta']
[0.271s] Level 1:colcon.colcon_core.package_identification:_identify(unity_robotics_demo_msgs) by extension 'colcon_meta'
[0.271s] Level 1:colcon.colcon_core.package_identification:_identify(unity_robotics_demo_msgs) by extensions ['ros']
[0.271s] Level 1:colcon.colcon_core.package_identification:_identify(unity_robotics_demo_msgs) by extension 'ros'
[0.272s] DEBUG:colcon.colcon_core.package_identification:Package 'unity_robotics_demo_msgs' with type 'ros.ament_cmake' and name 'unity_robotics_demo_msgs'
[0.272s] Level 1:colcon.colcon_core.package_identification:_identify(utils) by extensions ['ignore', 'ignore_ament_install']
[0.272s] Level 1:colcon.colcon_core.package_identification:_identify(utils) by extension 'ignore'
[0.272s] Level 1:colcon.colcon_core.package_identification:_identify(utils) by extension 'ignore_ament_install'
[0.273s] Level 1:colcon.colcon_core.package_identification:_identify(utils) by extensions ['colcon_pkg']
[0.273s] Level 1:colcon.colcon_core.package_identification:_identify(utils) by extension 'colcon_pkg'
[0.273s] Level 1:colcon.colcon_core.package_identification:_identify(utils) by extensions ['colcon_meta']
[0.273s] Level 1:colcon.colcon_core.package_identification:_identify(utils) by extension 'colcon_meta'
[0.273s] Level 1:colcon.colcon_core.package_identification:_identify(utils) by extensions ['ros']
[0.273s] Level 1:colcon.colcon_core.package_identification:_identify(utils) by extension 'ros'
[0.273s] DEBUG:colcon.colcon_core.package_identification:Package 'utils' with type 'ros.ament_python' and name 'utils'
[0.274s] Level 1:colcon.colcon_core.package_identification:_identify(vision) by extensions ['ignore', 'ignore_ament_install']
[0.274s] Level 1:colcon.colcon_core.package_identification:_identify(vision) by extension 'ignore'
[0.274s] Level 1:colcon.colcon_core.package_identification:_identify(vision) by extension 'ignore_ament_install'
[0.274s] Level 1:colcon.colcon_core.package_identification:_identify(vision) by extensions ['colcon_pkg']
[0.274s] Level 1:colcon.colcon_core.package_identification:_identify(vision) by extension 'colcon_pkg'
[0.274s] Level 1:colcon.colcon_core.package_identification:_identify(vision) by extensions ['colcon_meta']
[0.274s] Level 1:colcon.colcon_core.package_identification:_identify(vision) by extension 'colcon_meta'
[0.274s] Level 1:colcon.colcon_core.package_identification:_identify(vision) by extensions ['ros']
[0.274s] Level 1:colcon.colcon_core.package_identification:_identify(vision) by extension 'ros'
[0.275s] DEBUG:colcon.colcon_core.package_identification:Package 'vision' with type 'ros.ament_python' and name 'vision'
[0.275s] Level 1:colcon.colcon_core.package_discovery:discover_packages(recursive) using defaults
[0.275s] Level 1:colcon.colcon_core.package_discovery:discover_packages(ignore) discover
[0.275s] Level 1:colcon.colcon_core.package_discovery:discover_packages(ignore) using defaults
[0.275s] Level 1:colcon.colcon_core.package_discovery:discover_packages(path) discover
[0.275s] Level 1:colcon.colcon_core.package_discovery:discover_packages(path) using defaults
[0.302s] Level 5:colcon.colcon_core.verb:set package 'audio' build argument 'cmake_args' from command line to 'None'
[0.302s] Level 5:colcon.colcon_core.verb:set package 'audio' build argument 'cmake_target' from command line to 'None'
[0.302s] Level 5:colcon.colcon_core.verb:set package 'audio' build argument 'cmake_target_skip_unavailable' from command line to 'False'
[0.302s] Level 5:colcon.colcon_core.verb:set package 'audio' build argument 'cmake_clean_cache' from command line to 'False'
[0.302s] Level 5:colcon.colcon_core.verb:set package 'audio' build argument 'cmake_clean_first' from command line to 'False'
[0.302s] Level 5:colcon.colcon_core.verb:set package 'audio' build argument 'cmake_force_configure' from command line to 'False'
[0.302s] Level 5:colcon.colcon_core.verb:set package 'audio' build argument 'ament_cmake_args' from command line to 'None'
[0.302s] Level 5:colcon.colcon_core.verb:set package 'audio' build argument 'catkin_cmake_args' from command line to 'None'
[0.303s] Level 5:colcon.colcon_core.verb:set package 'audio' build argument 'catkin_skip_building_tests' from command line to 'False'
[0.303s] DEBUG:colcon.colcon_core.verb:Building package 'audio' with the following arguments: {'ament_cmake_args': None, 'build_base': '/home/dev_ws/src/build/audio', 'catkin_cmake_args': None, 'catkin_skip_building_tests': False, 'cmake_args': None, 'cmake_clean_cache': False, 'cmake_clean_first': False, 'cmake_force_configure': False, 'cmake_target': None, 'cmake_target_skip_unavailable': False, 'install_base': '/home/dev_ws/src/install/audio', 'merge_install': False, 'path': '/home/dev_ws/src/audio', 'symlink_install': False, 'test_result_base': None}
[0.303s] Level 5:colcon.colcon_core.verb:set package 'face_controller' build argument 'cmake_args' from command line to 'None'
[0.303s] Level 5:colcon.colcon_core.verb:set package 'face_controller' build argument 'cmake_target' from command line to 'None'
[0.304s] Level 5:colcon.colcon_core.verb:set package 'face_controller' build argument 'cmake_target_skip_unavailable' from command line to 'False'
[0.304s] Level 5:colcon.colcon_core.verb:set package 'face_controller' build argument 'cmake_clean_cache' from command line to 'False'
[0.304s] Level 5:colcon.colcon_core.verb:set package 'face_controller' build argument 'cmake_clean_first' from command line to 'False'
[0.304s] Level 5:colcon.colcon_core.verb:set package 'face_controller' build argument 'cmake_force_configure' from command line to 'False'
[0.304s] Level 5:colcon.colcon_core.verb:set package 'face_controller' build argument 'ament_cmake_args' from command line to 'None'
[0.304s] Level 5:colcon.colcon_core.verb:set package 'face_controller' build argument 'catkin_cmake_args' from command line to 'None'
[0.304s] Level 5:colcon.colcon_core.verb:set package 'face_controller' build argument 'catkin_skip_building_tests' from command line to 'False'
[0.304s] DEBUG:colcon.colcon_core.verb:Building package 'face_controller' with the following arguments: {'ament_cmake_args': None, 'build_base': '/home/dev_ws/src/build/face_controller', 'catkin_cmake_args': None, 'catkin_skip_building_tests': False, 'cmake_args': None, 'cmake_clean_cache': False, 'cmake_clean_first': False, 'cmake_force_configure': False, 'cmake_target': None, 'cmake_target_skip_unavailable': False, 'install_base': '/home/dev_ws/src/install/face_controller', 'merge_install': False, 'path': '/home/dev_ws/src/face_controller', 'symlink_install': False, 'test_result_base': None}
[0.305s] Level 5:colcon.colcon_core.verb:set package 'manipulation' build argument 'cmake_args' from command line to 'None'
[0.305s] Level 5:colcon.colcon_core.verb:set package 'manipulation' build argument 'cmake_target' from command line to 'None'
[0.305s] Level 5:colcon.colcon_core.verb:set package 'manipulation' build argument 'cmake_target_skip_unavailable' from command line to 'False'
[0.305s] Level 5:colcon.colcon_core.verb:set package 'manipulation' build argument 'cmake_clean_cache' from command line to 'False'
[0.305s] Level 5:colcon.colcon_core.verb:set package 'manipulation' build argument 'cmake_clean_first' from command line to 'False'
[0.305s] Level 5:colcon.colcon_core.verb:set package 'manipulation' build argument 'cmake_force_configure' from command line to 'False'
[0.305s] Level 5:colcon.colcon_core.verb:set package 'manipulation' build argument 'ament_cmake_args' from command line to 'None'
[0.305s] Level 5:colcon.colcon_core.verb:set package 'manipulation' build argument 'catkin_cmake_args' from command line to 'None'
[0.305s] Level 5:colcon.colcon_core.verb:set package 'manipulation' build argument 'catkin_skip_building_tests' from command line to 'False'
[0.305s] DEBUG:colcon.colcon_core.verb:Building package 'manipulation' with the following arguments: {'ament_cmake_args': None, 'build_base': '/home/dev_ws/src/build/manipulation', 'catkin_cmake_args': None, 'catkin_skip_building_tests': False, 'cmake_args': None, 'cmake_clean_cache': False, 'cmake_clean_first': False, 'cmake_force_configure': False, 'cmake_target': None, 'cmake_target_skip_unavailable': False, 'install_base': '/home/dev_ws/src/install/manipulation', 'merge_install': False, 'path': '/home/dev_ws/src/manipulation', 'symlink_install': False, 'test_result_base': None}
[0.306s] Level 5:colcon.colcon_core.verb:set package 'ros_tcp_endpoint' build argument 'cmake_args' from command line to 'None'
[0.306s] Level 5:colcon.colcon_core.verb:set package 'ros_tcp_endpoint' build argument 'cmake_target' from command line to 'None'
[0.306s] Level 5:colcon.colcon_core.verb:set package 'ros_tcp_endpoint' build argument 'cmake_target_skip_unavailable' from command line to 'False'
[0.306s] Level 5:colcon.colcon_core.verb:set package 'ros_tcp_endpoint' build argument 'cmake_clean_cache' from command line to 'False'
[0.306s] Level 5:colcon.colcon_core.verb:set package 'ros_tcp_endpoint' build argument 'cmake_clean_first' from command line to 'False'
[0.306s] Level 5:colcon.colcon_core.verb:set package 'ros_tcp_endpoint' build argument 'cmake_force_configure' from command line to 'False'
[0.306s] Level 5:colcon.colcon_core.verb:set package 'ros_tcp_endpoint' build argument 'ament_cmake_args' from command line to 'None'
[0.307s] Level 5:colcon.colcon_core.verb:set package 'ros_tcp_endpoint' build argument 'catkin_cmake_args' from command line to 'None'
[0.307s] Level 5:colcon.colcon_core.verb:set package 'ros_tcp_endpoint' build argument 'catkin_skip_building_tests' from command line to 'False'
[0.307s] DEBUG:colcon.colcon_core.verb:Building package 'ros_tcp_endpoint' with the following arguments: {'ament_cmake_args': None, 'build_base': '/home/dev_ws/src/build/ros_tcp_endpoint', 'catkin_cmake_args': None, 'catkin_skip_building_tests': False, 'cmake_args': None, 'cmake_clean_cache': False, 'cmake_clean_first': False, 'cmake_force_configure': False, 'cmake_target': None, 'cmake_target_skip_unavailable': False, 'install_base': '/home/dev_ws/src/install/ros_tcp_endpoint', 'merge_install': False, 'path': '/home/dev_ws/src/ros_tcp_endpoint', 'symlink_install': False, 'test_result_base': None}
[0.308s] Level 5:colcon.colcon_core.verb:set package 'unity_robotics_demo' build argument 'cmake_args' from command line to 'None'
[0.308s] Level 5:colcon.colcon_core.verb:set package 'unity_robotics_demo' build argument 'cmake_target' from command line to 'None'
[0.308s] Level 5:colcon.colcon_core.verb:set package 'unity_robotics_demo' build argument 'cmake_target_skip_unavailable' from command line to 'False'
[0.308s] Level 5:colcon.colcon_core.verb:set package 'unity_robotics_demo' build argument 'cmake_clean_cache' from command line to 'False'
[0.308s] Level 5:colcon.colcon_core.verb:set package 'unity_robotics_demo' build argument 'cmake_clean_first' from command line to 'False'
[0.308s] Level 5:colcon.colcon_core.verb:set package 'unity_robotics_demo' build argument 'cmake_force_configure' from command line to 'False'
[0.308s] Level 5:colcon.colcon_core.verb:set package 'unity_robotics_demo' build argument 'ament_cmake_args' from command line to 'None'
[0.308s] Level 5:colcon.colcon_core.verb:set package 'unity_robotics_demo' build argument 'catkin_cmake_args' from command line to 'None'
[0.308s] Level 5:colcon.colcon_core.verb:set package 'unity_robotics_demo' build argument 'catkin_skip_building_tests' from command line to 'False'
[0.308s] DEBUG:colcon.colcon_core.verb:Building package 'unity_robotics_demo' with the following arguments: {'ament_cmake_args': None, 'build_base': '/home/dev_ws/src/build/unity_robotics_demo', 'catkin_cmake_args': None, 'catkin_skip_building_tests': False, 'cmake_args': None, 'cmake_clean_cache': False, 'cmake_clean_first': False, 'cmake_force_configure': False, 'cmake_target': None, 'cmake_target_skip_unavailable': False, 'install_base': '/home/dev_ws/src/install/unity_robotics_demo', 'merge_install': False, 'path': '/home/dev_ws/src/unity_robotics_demo', 'symlink_install': False, 'test_result_base': None}
[0.309s] Level 5:colcon.colcon_core.verb:set package 'unity_robotics_demo_msgs' build argument 'cmake_args' from command line to 'None'
[0.309s] Level 5:colcon.colcon_core.verb:set package 'unity_robotics_demo_msgs' build argument 'cmake_target' from command line to 'None'
[0.309s] Level 5:colcon.colcon_core.verb:set package 'unity_robotics_demo_msgs' build argument 'cmake_target_skip_unavailable' from command line to 'False'
[0.309s] Level 5:colcon.colcon_core.verb:set package 'unity_robotics_demo_msgs' build argument 'cmake_clean_cache' from command line to 'False'
[0.309s] Level 5:colcon.colcon_core.verb:set package 'unity_robotics_demo_msgs' build argument 'cmake_clean_first' from command line to 'False'
[0.309s] Level 5:colcon.colcon_core.verb:set package 'unity_robotics_demo_msgs' build argument 'cmake_force_configure' from command line to 'False'
[0.309s] Level 5:colcon.colcon_core.verb:set package 'unity_robotics_demo_msgs' build argument 'ament_cmake_args' from command line to 'None'
[0.309s] Level 5:colcon.colcon_core.verb:set package 'unity_robotics_demo_msgs' build argument 'catkin_cmake_args' from command line to 'None'
[0.310s] Level 5:colcon.colcon_core.verb:set package 'unity_robotics_demo_msgs' build argument 'catkin_skip_building_tests' from command line to 'False'
[0.310s] DEBUG:colcon.colcon_core.verb:Building package 'unity_robotics_demo_msgs' with the following arguments: {'ament_cmake_args': None, 'build_base': '/home/dev_ws/src/build/unity_robotics_demo_msgs', 'catkin_cmake_args': None, 'catkin_skip_building_tests': False, 'cmake_args': None, 'cmake_clean_cache': False, 'cmake_clean_first': False, 'cmake_force_configure': False, 'cmake_target': None, 'cmake_target_skip_unavailable': False, 'install_base': '/home/dev_ws/src/install/unity_robotics_demo_msgs', 'merge_install': False, 'path': '/home/dev_ws/src/unity_robotics_demo_msgs', 'symlink_install': False, 'test_result_base': None}
[0.310s] Level 5:colcon.colcon_core.verb:set package 'utils' build argument 'cmake_args' from command line to 'None'
[0.311s] Level 5:colcon.colcon_core.verb:set package 'utils' build argument 'cmake_target' from command line to 'None'
[0.311s] Level 5:colcon.colcon_core.verb:set package 'utils' build argument 'cmake_target_skip_unavailable' from command line to 'False'
[0.311s] Level 5:colcon.colcon_core.verb:set package 'utils' build argument 'cmake_clean_cache' from command line to 'False'
[0.311s] Level 5:colcon.colcon_core.verb:set package 'utils' build argument 'cmake_clean_first' from command line to 'False'
[0.311s] Level 5:colcon.colcon_core.verb:set package 'utils' build argument 'cmake_force_configure' from command line to 'False'
[0.311s] Level 5:colcon.colcon_core.verb:set package 'utils' build argument 'ament_cmake_args' from command line to 'None'
[0.311s] Level 5:colcon.colcon_core.verb:set package 'utils' build argument 'catkin_cmake_args' from command line to 'None'
[0.311s] Level 5:colcon.colcon_core.verb:set package 'utils' build argument 'catkin_skip_building_tests' from command line to 'False'
[0.311s] DEBUG:colcon.colcon_core.verb:Building package 'utils' with the following arguments: {'ament_cmake_args': None, 'build_base': '/home/dev_ws/src/build/utils', 'catkin_cmake_args': None, 'catkin_skip_building_tests': False, 'cmake_args': None, 'cmake_clean_cache': False, 'cmake_clean_first': False, 'cmake_force_configure': False, 'cmake_target': None, 'cmake_target_skip_unavailable': False, 'install_base': '/home/dev_ws/src/install/utils', 'merge_install': False, 'path': '/home/dev_ws/src/utils', 'symlink_install': False, 'test_result_base': None}
[0.312s] Level 5:colcon.colcon_core.verb:set package 'vision' build argument 'cmake_args' from command line to 'None'
[0.312s] Level 5:colcon.colcon_core.verb:set package 'vision' build argument 'cmake_target' from command line to 'None'
[0.312s] Level 5:colcon.colcon_core.verb:set package 'vision' build argument 'cmake_target_skip_unavailable' from command line to 'False'
[0.312s] Level 5:colcon.colcon_core.verb:set package 'vision' build argument 'cmake_clean_cache' from command line to 'False'
[0.312s] Level 5:colcon.colcon_core.verb:set package 'vision' build argument 'cmake_clean_first' from command line to 'False'
[0.312s] Level 5:colcon.colcon_core.verb:set package 'vision' build argument 'cmake_force_configure' from command line to 'False'
[0.312s] Level 5:colcon.colcon_core.verb:set package 'vision' build argument 'ament_cmake_args' from command line to 'None'
[0.312s] Level 5:colcon.colcon_core.verb:set package 'vision' build argument 'catkin_cmake_args' from command line to 'None'
[0.312s] Level 5:colcon.colcon_core.verb:set package 'vision' build argument 'catkin_skip_building_tests' from command line to 'False'
[0.313s] DEBUG:colcon.colcon_core.verb:Building package 'vision' with the following arguments: {'ament_cmake_args': None, 'build_base': '/home/dev_ws/src/build/vision', 'catkin_cmake_args': None, 'catkin_skip_building_tests': False, 'cmake_args': None, 'cmake_clean_cache': False, 'cmake_clean_first': False, 'cmake_force_configure': False, 'cmake_target': None, 'cmake_target_skip_unavailable': False, 'install_base': '/home/dev_ws/src/install/vision', 'merge_install': False, 'path': '/home/dev_ws/src/vision', 'symlink_install': False, 'test_result_base': None}
[0.313s] INFO:colcon.colcon_core.executor:Executing jobs using 'parallel' executor
[0.316s] DEBUG:colcon.colcon_parallel_executor.executor.parallel:run_until_complete
[0.317s] INFO:colcon.colcon_ros.task.ament_python.build:Building ROS package in '/home/dev_ws/src/audio' with build type 'ament_python'
[0.317s] Level 1:colcon.colcon_core.shell:create_environment_hook('audio', 'ament_prefix_path')
[0.323s] INFO:colcon.colcon_core.plugin_system:Skipping extension 'colcon_core.shell.bat': Not used on non-Windows systems
[0.323s] INFO:colcon.colcon_core.shell:Creating environment hook '/home/dev_ws/src/install/audio/share/audio/hook/ament_prefix_path.ps1'
[0.324s] INFO:colcon.colcon_core.shell:Creating environment descriptor '/home/dev_ws/src/install/audio/share/audio/hook/ament_prefix_path.dsv'
[0.325s] INFO:colcon.colcon_core.shell:Creating environment hook '/home/dev_ws/src/install/audio/share/audio/hook/ament_prefix_path.sh'
[0.326s] INFO:colcon.colcon_core.shell:Skip shell extension 'powershell' for command environment: Not usable outside of PowerShell
[0.326s] DEBUG:colcon.colcon_core.shell:Skip shell extension 'dsv' for command environment
[0.338s] INFO:colcon.colcon_ros.task.ament_python.build:Building ROS package in '/home/dev_ws/src/face_controller' with build type 'ament_python'
[0.338s] Level 1:colcon.colcon_core.shell:create_environment_hook('face_controller', 'ament_prefix_path')
[0.339s] INFO:colcon.colcon_core.shell:Creating environment hook '/home/dev_ws/src/install/face_controller/share/face_controller/hook/ament_prefix_path.ps1'
[0.340s] INFO:colcon.colcon_core.shell:Creating environment descriptor '/home/dev_ws/src/install/face_controller/share/face_controller/hook/ament_prefix_path.dsv'
[0.341s] INFO:colcon.colcon_core.shell:Creating environment hook '/home/dev_ws/src/install/face_controller/share/face_controller/hook/ament_prefix_path.sh'
[0.343s] INFO:colcon.colcon_core.shell:Skip shell extension 'powershell' for command environment: Not usable outside of PowerShell
[0.343s] DEBUG:colcon.colcon_core.shell:Skip shell extension 'dsv' for command environment
[0.354s] INFO:colcon.colcon_ros.task.ament_python.build:Building ROS package in '/home/dev_ws/src/manipulation' with build type 'ament_python'
[0.355s] Level 1:colcon.colcon_core.shell:create_environment_hook('manipulation', 'ament_prefix_path')
[0.356s] INFO:colcon.colcon_core.shell:Creating environment hook '/home/dev_ws/src/install/manipulation/share/manipulation/hook/ament_prefix_path.ps1'
[0.357s] INFO:colcon.colcon_core.shell:Creating environment descriptor '/home/dev_ws/src/install/manipulation/share/manipulation/hook/ament_prefix_path.dsv'
[0.357s] INFO:colcon.colcon_core.shell:Creating environment hook '/home/dev_ws/src/install/manipulation/share/manipulation/hook/ament_prefix_path.sh'
[0.359s] INFO:colcon.colcon_core.shell:Skip shell extension 'powershell' for command environment: Not usable outside of PowerShell
[0.359s] DEBUG:colcon.colcon_core.shell:Skip shell extension 'dsv' for command environment
[0.370s] INFO:colcon.colcon_ros.task.ament_python.build:Building ROS package in '/home/dev_ws/src/ros_tcp_endpoint' with build type 'ament_python'
[0.371s] Level 1:colcon.colcon_core.shell:create_environment_hook('ros_tcp_endpoint', 'ament_prefix_path')
[0.372s] INFO:colcon.colcon_core.shell:Creating environment hook '/home/dev_ws/src/install/ros_tcp_endpoint/share/ros_tcp_endpoint/hook/ament_prefix_path.ps1'
[0.373s] INFO:colcon.colcon_core.shell:Creating environment descriptor '/home/dev_ws/src/install/ros_tcp_endpoint/share/ros_tcp_endpoint/hook/ament_prefix_path.dsv'
[0.374s] INFO:colcon.colcon_core.shell:Creating environment hook '/home/dev_ws/src/install/ros_tcp_endpoint/share/ros_tcp_endpoint/hook/ament_prefix_path.sh'
[0.375s] INFO:colcon.colcon_core.shell:Skip shell extension 'powershell' for command environment: Not usable outside of PowerShell
[0.375s] DEBUG:colcon.colcon_core.shell:Skip shell extension 'dsv' for command environment
[0.388s] INFO:colcon.colcon_ros.task.ament_python.build:Building ROS package in '/home/dev_ws/src/unity_robotics_demo' with build type 'ament_python'
[0.388s] Level 1:colcon.colcon_core.shell:create_environment_hook('unity_robotics_demo', 'ament_prefix_path')
[0.389s] INFO:colcon.colcon_core.shell:Creating environment hook '/home/dev_ws/src/install/unity_robotics_demo/share/unity_robotics_demo/hook/ament_prefix_path.ps1'
[0.391s] INFO:colcon.colcon_core.shell:Creating environment descriptor '/home/dev_ws/src/install/unity_robotics_demo/share/unity_robotics_demo/hook/ament_prefix_path.dsv'
[0.391s] INFO:colcon.colcon_core.shell:Creating environment hook '/home/dev_ws/src/install/unity_robotics_demo/share/unity_robotics_demo/hook/ament_prefix_path.sh'
[0.392s] INFO:colcon.colcon_core.shell:Skip shell extension 'powershell' for command environment: Not usable outside of PowerShell
[0.393s] DEBUG:colcon.colcon_core.shell:Skip shell extension 'dsv' for command environment
[0.404s] INFO:colcon.colcon_ros.task.ament_cmake.build:Building ROS package in '/home/dev_ws/src/unity_robotics_demo_msgs' with build type 'ament_cmake'
[0.405s] INFO:colcon.colcon_cmake.task.cmake.build:Building CMake package in '/home/dev_ws/src/unity_robotics_demo_msgs'
[0.405s] INFO:colcon.colcon_core.shell:Skip shell extension 'powershell' for command environment: Not usable outside of PowerShell
[0.406s] DEBUG:colcon.colcon_core.shell:Skip shell extension 'dsv' for command environment
[0.418s] INFO:colcon.colcon_ros.task.ament_python.build:Building ROS package in '/home/dev_ws/src/utils' with build type 'ament_python'
[0.419s] Level 1:colcon.colcon_core.shell:create_environment_hook('utils', 'ament_prefix_path')
[0.421s] INFO:colcon.colcon_core.shell:Creating environment hook '/home/dev_ws/src/install/utils/share/utils/hook/ament_prefix_path.ps1'
[0.423s] INFO:colcon.colcon_core.shell:Creating environment descriptor '/home/dev_ws/src/install/utils/share/utils/hook/ament_prefix_path.dsv'
[0.424s] INFO:colcon.colcon_core.shell:Creating environment hook '/home/dev_ws/src/install/utils/share/utils/hook/ament_prefix_path.sh'
[0.425s] INFO:colcon.colcon_core.shell:Skip shell extension 'powershell' for command environment: Not usable outside of PowerShell
[0.426s] DEBUG:colcon.colcon_core.shell:Skip shell extension 'dsv' for command environment
[0.438s] INFO:colcon.colcon_ros.task.ament_python.build:Building ROS package in '/home/dev_ws/src/vision' with build type 'ament_python'
[0.439s] Level 1:colcon.colcon_core.shell:create_environment_hook('vision', 'ament_prefix_path')
[0.440s] INFO:colcon.colcon_core.shell:Creating environment hook '/home/dev_ws/src/install/vision/share/vision/hook/ament_prefix_path.ps1'
[0.442s] INFO:colcon.colcon_core.shell:Creating environment descriptor '/home/dev_ws/src/install/vision/share/vision/hook/ament_prefix_path.dsv'
[0.442s] INFO:colcon.colcon_core.shell:Creating environment hook '/home/dev_ws/src/install/vision/share/vision/hook/ament_prefix_path.sh'
[0.444s] INFO:colcon.colcon_core.shell:Skip shell extension 'powershell' for command environment: Not usable outside of PowerShell
[0.444s] DEBUG:colcon.colcon_core.shell:Skip shell extension 'dsv' for command environment
[0.744s] INFO:colcon.colcon_core.task.python.build:Building Python package in '/home/dev_ws/src/audio'
[0.745s] INFO:colcon.colcon_core.shell:Skip shell extension 'powershell' for command environment: Not usable outside of PowerShell
[0.745s] DEBUG:colcon.colcon_core.shell:Skip shell extension 'dsv' for command environment
[1.034s] INFO:colcon.colcon_core.task.python.build:Building Python package in '/home/dev_ws/src/face_controller'
[1.035s] INFO:colcon.colcon_core.shell:Skip shell extension 'powershell' for command environment: Not usable outside of PowerShell
[1.035s] DEBUG:colcon.colcon_core.shell:Skip shell extension 'dsv' for command environment
[1.340s] INFO:colcon.colcon_core.task.python.build:Building Python package in '/home/dev_ws/src/manipulation'
[1.341s] INFO:colcon.colcon_core.shell:Skip shell extension 'powershell' for command environment: Not usable outside of PowerShell
[1.341s] DEBUG:colcon.colcon_core.shell:Skip shell extension 'dsv' for command environment
[1.669s] INFO:colcon.colcon_core.task.python.build:Building Python package in '/home/dev_ws/src/ros_tcp_endpoint'
[1.671s] INFO:colcon.colcon_core.shell:Skip shell extension 'powershell' for command environment: Not usable outside of PowerShell
[1.671s] DEBUG:colcon.colcon_core.shell:Skip shell extension 'dsv' for command environment
[1.954s] INFO:colcon.colcon_core.task.python.build:Building Python package in '/home/dev_ws/src/unity_robotics_demo'
[1.955s] INFO:colcon.colcon_core.shell:Skip shell extension 'powershell' for command environment: Not usable outside of PowerShell
[1.955s] DEBUG:colcon.colcon_core.shell:Skip shell extension 'dsv' for command environment
[1.971s] DEBUG:colcon.colcon_core.event_handler.log_command:Invoking command in '/home/dev_ws/src/build/unity_robotics_demo_msgs': CMAKE_PREFIX_PATH=${CMAKE_PREFIX_PATH}:/home/dev_ws/install/manipulation:/home/dev_ws/src/install/vision:/home/dev_ws/src/install/utils:/home/dev_ws/src/install/unity_robotics_demo:/home/dev_ws/src/install/ros_tcp_endpoint:/home/dev_ws/src/install/manipulation:/home/dev_ws/src/install/face_controller:/home/dev_ws/src/install/audio:/opt/ros/foxy:/home/dev_ws/install/vision:/home/dev_ws/install/utils:/home/dev_ws/install/unity_robotics_demo:/home/dev_ws/install/ros_tcp_endpoint:/home/dev_ws/install/face_controller:/home/dev_ws/install/audio /usr/bin/cmake --build /home/dev_ws/src/build/unity_robotics_demo_msgs -- -j12 -l12
[2.345s] INFO:colcon.colcon_core.task.python.build:Building Python package in '/home/dev_ws/src/utils'
[2.347s] INFO:colcon.colcon_core.shell:Skip shell extension 'powershell' for command environment: Not usable outside of PowerShell
[2.348s] DEBUG:colcon.colcon_core.shell:Skip shell extension 'dsv' for command environment
[2.719s] INFO:colcon.colcon_core.task.python.build:Building Python package in '/home/dev_ws/src/vision'
[2.721s] INFO:colcon.colcon_core.shell:Skip shell extension 'powershell' for command environment: Not usable outside of PowerShell
[2.721s] DEBUG:colcon.colcon_core.shell:Skip shell extension 'dsv' for command environment
[2.768s] DEBUG:colcon.colcon_core.event_handler.log_command:Invoked command in '/home/dev_ws/src/build/unity_robotics_demo_msgs' returned '0': CMAKE_PREFIX_PATH=${CMAKE_PREFIX_PATH}:/home/dev_ws/install/manipulation:/home/dev_ws/src/install/vision:/home/dev_ws/src/install/utils:/home/dev_ws/src/install/unity_robotics_demo:/home/dev_ws/src/install/ros_tcp_endpoint:/home/dev_ws/src/install/manipulation:/home/dev_ws/src/install/face_controller:/home/dev_ws/src/install/audio:/opt/ros/foxy:/home/dev_ws/install/vision:/home/dev_ws/install/utils:/home/dev_ws/install/unity_robotics_demo:/home/dev_ws/install/ros_tcp_endpoint:/home/dev_ws/install/face_controller:/home/dev_ws/install/audio /usr/bin/cmake --build /home/dev_ws/src/build/unity_robotics_demo_msgs -- -j12 -l12
[3.354s] DEBUG:colcon.colcon_core.event_handler.log_command:Invoking command in '/home/dev_ws/src/build/unity_robotics_demo_msgs': CMAKE_PREFIX_PATH=${CMAKE_PREFIX_PATH}:/home/dev_ws/install/manipulation:/home/dev_ws/src/install/vision:/home/dev_ws/src/install/utils:/home/dev_ws/src/install/unity_robotics_demo:/home/dev_ws/src/install/ros_tcp_endpoint:/home/dev_ws/src/install/manipulation:/home/dev_ws/src/install/face_controller:/home/dev_ws/src/install/audio:/opt/ros/foxy:/home/dev_ws/install/vision:/home/dev_ws/install/utils:/home/dev_ws/install/unity_robotics_demo:/home/dev_ws/install/ros_tcp_endpoint:/home/dev_ws/install/face_controller:/home/dev_ws/install/audio /usr/bin/cmake --install /home/dev_ws/src/build/unity_robotics_demo_msgs
[3.592s] Level 1:colcon.colcon_core.environment:create_environment_scripts_only(unity_robotics_demo_msgs)
[3.622s] Level 1:colcon.colcon_core.environment:checking '/home/dev_ws/src/install/unity_robotics_demo_msgs' for CMake module files
[3.630s] Level 1:colcon.colcon_core.environment:checking '/home/dev_ws/src/install/unity_robotics_demo_msgs' for CMake config files
[3.639s] Level 1:colcon.colcon_core.shell:create_environment_hook('unity_robotics_demo_msgs', 'cmake_prefix_path')
[3.641s] INFO:colcon.colcon_core.shell:Creating environment hook '/home/dev_ws/src/install/unity_robotics_demo_msgs/share/unity_robotics_demo_msgs/hook/cmake_prefix_path.ps1'
[3.645s] DEBUG:colcon.colcon_core.event_handler.log_command:Invoked command in '/home/dev_ws/src/build/unity_robotics_demo_msgs' returned '0': CMAKE_PREFIX_PATH=${CMAKE_PREFIX_PATH}:/home/dev_ws/install/manipulation:/home/dev_ws/src/install/vision:/home/dev_ws/src/install/utils:/home/dev_ws/src/install/unity_robotics_demo:/home/dev_ws/src/install/ros_tcp_endpoint:/home/dev_ws/src/install/manipulation:/home/dev_ws/src/install/face_controller:/home/dev_ws/src/install/audio:/opt/ros/foxy:/home/dev_ws/install/vision:/home/dev_ws/install/utils:/home/dev_ws/install/unity_robotics_demo:/home/dev_ws/install/ros_tcp_endpoint:/home/dev_ws/install/face_controller:/home/dev_ws/install/audio /usr/bin/cmake --install /home/dev_ws/src/build/unity_robotics_demo_msgs
[3.650s] INFO:colcon.colcon_core.shell:Creating environment descriptor '/home/dev_ws/src/install/unity_robotics_demo_msgs/share/unity_robotics_demo_msgs/hook/cmake_prefix_path.dsv'
[3.651s] INFO:colcon.colcon_core.shell:Creating environment hook '/home/dev_ws/src/install/unity_robotics_demo_msgs/share/unity_robotics_demo_msgs/hook/cmake_prefix_path.sh'
[3.653s] Level 1:colcon.colcon_core.environment:checking '/home/dev_ws/src/install/unity_robotics_demo_msgs/lib'
[3.654s] Level 1:colcon.colcon_core.shell:create_environment_hook('unity_robotics_demo_msgs', 'ld_library_path_lib')
[3.655s] INFO:colcon.colcon_core.shell:Creating environment hook '/home/dev_ws/src/install/unity_robotics_demo_msgs/share/unity_robotics_demo_msgs/hook/ld_library_path_lib.ps1'
[3.656s] INFO:colcon.colcon_core.shell:Creating environment descriptor '/home/dev_ws/src/install/unity_robotics_demo_msgs/share/unity_robotics_demo_msgs/hook/ld_library_path_lib.dsv'
[3.657s] INFO:colcon.colcon_core.shell:Creating environment hook '/home/dev_ws/src/install/unity_robotics_demo_msgs/share/unity_robotics_demo_msgs/hook/ld_library_path_lib.sh'
[3.660s] Level 1:colcon.colcon_core.environment:checking '/home/dev_ws/src/install/unity_robotics_demo_msgs/bin'
[3.660s] Level 1:colcon.colcon_core.environment:checking '/home/dev_ws/src/install/unity_robotics_demo_msgs/lib/pkgconfig/unity_robotics_demo_msgs.pc'
[3.661s] Level 1:colcon.colcon_core.environment:checking '/home/dev_ws/src/install/unity_robotics_demo_msgs/lib/python3.8/site-packages'
[3.662s] Level 1:colcon.colcon_core.shell:create_environment_hook('unity_robotics_demo_msgs', 'pythonpath')
[3.664s] INFO:colcon.colcon_core.shell:Creating environment hook '/home/dev_ws/src/install/unity_robotics_demo_msgs/share/unity_robotics_demo_msgs/hook/pythonpath.ps1'
[3.667s] INFO:colcon.colcon_core.shell:Creating environment descriptor '/home/dev_ws/src/install/unity_robotics_demo_msgs/share/unity_robotics_demo_msgs/hook/pythonpath.dsv'
[3.668s] INFO:colcon.colcon_core.shell:Creating environment hook '/home/dev_ws/src/install/unity_robotics_demo_msgs/share/unity_robotics_demo_msgs/hook/pythonpath.sh'
[3.669s] Level 1:colcon.colcon_core.environment:checking '/home/dev_ws/src/install/unity_robotics_demo_msgs/bin'
[3.671s] INFO:colcon.colcon_core.shell:Creating package script '/home/dev_ws/src/install/unity_robotics_demo_msgs/share/unity_robotics_demo_msgs/package.ps1'
[3.674s] INFO:colcon.colcon_core.shell:Creating package descriptor '/home/dev_ws/src/install/unity_robotics_demo_msgs/share/unity_robotics_demo_msgs/package.dsv'
[3.676s] INFO:colcon.colcon_core.shell:Creating package script '/home/dev_ws/src/install/unity_robotics_demo_msgs/share/unity_robotics_demo_msgs/package.sh'
[3.679s] INFO:colcon.colcon_core.shell:Creating package script '/home/dev_ws/src/install/unity_robotics_demo_msgs/share/unity_robotics_demo_msgs/package.bash'
[3.682s] INFO:colcon.colcon_core.shell:Creating package script '/home/dev_ws/src/install/unity_robotics_demo_msgs/share/unity_robotics_demo_msgs/package.zsh'
[3.684s] Level 1:colcon.colcon_core.environment:create_file_with_runtime_dependencies(/home/dev_ws/src/install/unity_robotics_demo_msgs/share/colcon-core/packages/unity_robotics_demo_msgs)
[3.970s] DEBUG:colcon.colcon_core.event_handler.log_command:Invoking command in '/home/dev_ws/src/audio': PYTHONPATH=/home/dev_ws/src/install/audio/lib/python3.8/site-packages:${PYTHONPATH} /usr/bin/python3 setup.py egg_info --egg-base ../build/audio build --build-base /home/dev_ws/src/build/audio/build install --prefix /home/dev_ws/src/install/audio --record /home/dev_ws/src/build/audio/install.log --single-version-externally-managed
[4.004s] DEBUG:colcon.colcon_core.event_handler.log_command:Invoking command in '/home/dev_ws/src/face_controller': PYTHONPATH=/home/dev_ws/src/install/face_controller/lib/python3.8/site-packages:${PYTHONPATH} /usr/bin/python3 setup.py egg_info --egg-base ../build/face_controller build --build-base /home/dev_ws/src/build/face_controller/build install --prefix /home/dev_ws/src/install/face_controller --record /home/dev_ws/src/build/face_controller/install.log --single-version-externally-managed
[4.013s] DEBUG:colcon.colcon_core.event_handler.log_command:Invoking command in '/home/dev_ws/src/manipulation': PYTHONPATH=/home/dev_ws/src/install/manipulation/lib/python3.8/site-packages:${PYTHONPATH} /usr/bin/python3 setup.py egg_info --egg-base ../build/manipulation build --build-base /home/dev_ws/src/build/manipulation/build install --prefix /home/dev_ws/src/install/manipulation --record /home/dev_ws/src/build/manipulation/install.log --single-version-externally-managed
[4.036s] DEBUG:colcon.colcon_core.event_handler.log_command:Invoking command in '/home/dev_ws/src/ros_tcp_endpoint': PYTHONPATH=/home/dev_ws/src/install/ros_tcp_endpoint/lib/python3.8/site-packages:${PYTHONPATH} /usr/bin/python3 setup.py egg_info --egg-base ../build/ros_tcp_endpoint build --build-base /home/dev_ws/src/build/ros_tcp_endpoint/build install --prefix /home/dev_ws/src/install/ros_tcp_endpoint --record /home/dev_ws/src/build/ros_tcp_endpoint/install.log --single-version-externally-managed
[4.047s] DEBUG:colcon.colcon_core.event_handler.log_command:Invoking command in '/home/dev_ws/src/utils': PYTHONPATH=/home/dev_ws/src/install/utils/lib/python3.8/site-packages:${PYTHONPATH} /usr/bin/python3 setup.py egg_info --egg-base ../build/utils build --build-base /home/dev_ws/src/build/utils/build install --prefix /home/dev_ws/src/install/utils --record /home/dev_ws/src/build/utils/install.log --single-version-externally-managed
[4.058s] DEBUG:colcon.colcon_core.event_handler.log_command:Invoking command in '/home/dev_ws/src/unity_robotics_demo': PYTHONPATH=/home/dev_ws/src/install/unity_robotics_demo/lib/python3.8/site-packages:${PYTHONPATH} /usr/bin/python3 setup.py egg_info --egg-base ../build/unity_robotics_demo build --build-base /home/dev_ws/src/build/unity_robotics_demo/build install --prefix /home/dev_ws/src/install/unity_robotics_demo --record /home/dev_ws/src/build/unity_robotics_demo/install.log --single-version-externally-managed
[4.085s] DEBUG:colcon.colcon_core.event_handler.log_command:Invoking command in '/home/dev_ws/src/vision': PYTHONPATH=/home/dev_ws/src/install/vision/lib/python3.8/site-packages:${PYTHONPATH} /usr/bin/python3 setup.py egg_info --egg-base ../build/vision build --build-base /home/dev_ws/src/build/vision/build install --prefix /home/dev_ws/src/install/vision --record /home/dev_ws/src/build/vision/install.log --single-version-externally-managed
[4.314s] Level 1:colcon.colcon_core.environment:create_environment_scripts_only(unity_robotics_demo_msgs)
[4.317s] Level 1:colcon.colcon_core.environment:checking '/home/dev_ws/src/install/unity_robotics_demo_msgs' for CMake module files
[4.320s] Level 1:colcon.colcon_core.environment:checking '/home/dev_ws/src/install/unity_robotics_demo_msgs' for CMake config files
[4.326s] Level 1:colcon.colcon_core.shell:create_environment_hook('unity_robotics_demo_msgs', 'cmake_prefix_path')
[4.330s] INFO:colcon.colcon_core.shell:Creating environment hook '/home/dev_ws/src/install/unity_robotics_demo_msgs/share/unity_robotics_demo_msgs/hook/cmake_prefix_path.ps1'
[4.332s] INFO:colcon.colcon_core.shell:Creating environment descriptor '/home/dev_ws/src/install/unity_robotics_demo_msgs/share/unity_robotics_demo_msgs/hook/cmake_prefix_path.dsv'
[4.333s] INFO:colcon.colcon_core.shell:Creating environment hook '/home/dev_ws/src/install/unity_robotics_demo_msgs/share/unity_robotics_demo_msgs/hook/cmake_prefix_path.sh'
[4.335s] Level 1:colcon.colcon_core.environment:checking '/home/dev_ws/src/install/unity_robotics_demo_msgs/lib'
[4.335s] Level 1:colcon.colcon_core.shell:create_environment_hook('unity_robotics_demo_msgs', 'ld_library_path_lib')
[4.336s] INFO:colcon.colcon_core.shell:Creating environment hook '/home/dev_ws/src/install/unity_robotics_demo_msgs/share/unity_robotics_demo_msgs/hook/ld_library_path_lib.ps1'
[4.338s] INFO:colcon.colcon_core.shell:Creating environment descriptor '/home/dev_ws/src/install/unity_robotics_demo_msgs/share/unity_robotics_demo_msgs/hook/ld_library_path_lib.dsv'
[4.339s] INFO:colcon.colcon_core.shell:Creating environment hook '/home/dev_ws/src/install/unity_robotics_demo_msgs/share/unity_robotics_demo_msgs/hook/ld_library_path_lib.sh'
[4.341s] Level 1:colcon.colcon_core.environment:checking '/home/dev_ws/src/install/unity_robotics_demo_msgs/bin'
[4.341s] Level 1:colcon.colcon_core.environment:checking '/home/dev_ws/src/install/unity_robotics_demo_msgs/lib/pkgconfig/unity_robotics_demo_msgs.pc'
[4.342s] Level 1:colcon.colcon_core.environment:checking '/home/dev_ws/src/install/unity_robotics_demo_msgs/lib/python3.8/site-packages'
[4.342s] Level 1:colcon.colcon_core.shell:create_environment_hook('unity_robotics_demo_msgs', 'pythonpath')
[4.343s] INFO:colcon.colcon_core.shell:Creating environment hook '/home/dev_ws/src/install/unity_robotics_demo_msgs/share/unity_robotics_demo_msgs/hook/pythonpath.ps1'
[4.345s] INFO:colcon.colcon_core.shell:Creating environment descriptor '/home/dev_ws/src/install/unity_robotics_demo_msgs/share/unity_robotics_demo_msgs/hook/pythonpath.dsv'
[4.346s] INFO:colcon.colcon_core.shell:Creating environment hook '/home/dev_ws/src/install/unity_robotics_demo_msgs/share/unity_robotics_demo_msgs/hook/pythonpath.sh'
[4.348s] Level 1:colcon.colcon_core.environment:checking '/home/dev_ws/src/install/unity_robotics_demo_msgs/bin'
[4.350s] INFO:colcon.colcon_core.shell:Creating package script '/home/dev_ws/src/install/unity_robotics_demo_msgs/share/unity_robotics_demo_msgs/package.ps1'
[4.353s] INFO:colcon.colcon_core.shell:Creating package descriptor '/home/dev_ws/src/install/unity_robotics_demo_msgs/share/unity_robotics_demo_msgs/package.dsv'
[4.355s] INFO:colcon.colcon_core.shell:Creating package script '/home/dev_ws/src/install/unity_robotics_demo_msgs/share/unity_robotics_demo_msgs/package.sh'
[4.356s] INFO:colcon.colcon_core.shell:Creating package script '/home/dev_ws/src/install/unity_robotics_demo_msgs/share/unity_robotics_demo_msgs/package.bash'
[4.384s] INFO:colcon.colcon_core.shell:Creating package script '/home/dev_ws/src/install/unity_robotics_demo_msgs/share/unity_robotics_demo_msgs/package.zsh'
[4.385s] Level 1:colcon.colcon_core.environment:create_file_with_runtime_dependencies(/home/dev_ws/src/install/unity_robotics_demo_msgs/share/colcon-core/packages/unity_robotics_demo_msgs)
[4.922s] Level 1:colcon.colcon_core.environment:checking '/home/dev_ws/src/install/face_controller' for CMake module files
[4.924s] DEBUG:colcon.colcon_core.event_handler.log_command:Invoked command in '/home/dev_ws/src/face_controller' returned '0': PYTHONPATH=/home/dev_ws/src/install/face_controller/lib/python3.8/site-packages:${PYTHONPATH} /usr/bin/python3 setup.py egg_info --egg-base ../build/face_controller build --build-base /home/dev_ws/src/build/face_controller/build install --prefix /home/dev_ws/src/install/face_controller --record /home/dev_ws/src/build/face_controller/install.log --single-version-externally-managed
[4.928s] Level 1:colcon.colcon_core.environment:checking '/home/dev_ws/src/install/face_controller' for CMake config files
[4.932s] Level 1:colcon.colcon_core.environment:checking '/home/dev_ws/src/install/face_controller/lib'
[4.933s] Level 1:colcon.colcon_core.environment:checking '/home/dev_ws/src/install/face_controller/bin'
[4.933s] Level 1:colcon.colcon_core.environment:checking '/home/dev_ws/src/install/face_controller/lib/pkgconfig/face_controller.pc'
[4.934s] Level 1:colcon.colcon_core.environment:checking '/home/dev_ws/src/install/face_controller/lib/python3.8/site-packages'
[4.935s] Level 1:colcon.colcon_core.shell:create_environment_hook('face_controller', 'pythonpath')
[4.936s] INFO:colcon.colcon_core.shell:Creating environment hook '/home/dev_ws/src/install/face_controller/share/face_controller/hook/pythonpath.ps1'
[4.938s] INFO:colcon.colcon_core.shell:Creating environment descriptor '/home/dev_ws/src/install/face_controller/share/face_controller/hook/pythonpath.dsv'
[4.940s] INFO:colcon.colcon_core.shell:Creating environment hook '/home/dev_ws/src/install/face_controller/share/face_controller/hook/pythonpath.sh'
[4.942s] Level 1:colcon.colcon_core.environment:checking '/home/dev_ws/src/install/face_controller/bin'
[4.943s] Level 1:colcon.colcon_core.environment:create_environment_scripts_only(face_controller)
[4.945s] INFO:colcon.colcon_core.shell:Creating package script '/home/dev_ws/src/install/face_controller/share/face_controller/package.ps1'
[4.950s] INFO:colcon.colcon_core.shell:Creating package descriptor '/home/dev_ws/src/install/face_controller/share/face_controller/package.dsv'
[4.952s] INFO:colcon.colcon_core.shell:Creating package script '/home/dev_ws/src/install/face_controller/share/face_controller/package.sh'
[4.955s] INFO:colcon.colcon_core.shell:Creating package script '/home/dev_ws/src/install/face_controller/share/face_controller/package.bash'
[4.957s] INFO:colcon.colcon_core.shell:Creating package script '/home/dev_ws/src/install/face_controller/share/face_controller/package.zsh'
[4.959s] Level 1:colcon.colcon_core.environment:create_file_with_runtime_dependencies(/home/dev_ws/src/install/face_controller/share/colcon-core/packages/face_controller)
[4.969s] Level 1:colcon.colcon_core.environment:checking '/home/dev_ws/src/install/audio' for CMake module files
[4.972s] DEBUG:colcon.colcon_core.event_handler.log_command:Invoked command in '/home/dev_ws/src/audio' returned '0': PYTHONPATH=/home/dev_ws/src/install/audio/lib/python3.8/site-packages:${PYTHONPATH} /usr/bin/python3 setup.py egg_info --egg-base ../build/audio build --build-base /home/dev_ws/src/build/audio/build install --prefix /home/dev_ws/src/install/audio --record /home/dev_ws/src/build/audio/install.log --single-version-externally-managed
[4.975s] Level 1:colcon.colcon_core.environment:checking '/home/dev_ws/src/install/audio' for CMake config files
[4.977s] Level 1:colcon.colcon_core.environment:checking '/home/dev_ws/src/install/audio/lib'
[4.978s] Level 1:colcon.colcon_core.environment:checking '/home/dev_ws/src/install/audio/bin'
[4.978s] Level 1:colcon.colcon_core.environment:checking '/home/dev_ws/src/install/audio/lib/pkgconfig/audio.pc'
[4.979s] Level 1:colcon.colcon_core.environment:checking '/home/dev_ws/src/install/audio/lib/python3.8/site-packages'
[4.980s] Level 1:colcon.colcon_core.shell:create_environment_hook('audio', 'pythonpath')
[4.983s] INFO:colcon.colcon_core.shell:Creating environment hook '/home/dev_ws/src/install/audio/share/audio/hook/pythonpath.ps1'
[4.985s] INFO:colcon.colcon_core.shell:Creating environment descriptor '/home/dev_ws/src/install/audio/share/audio/hook/pythonpath.dsv'
[4.986s] INFO:colcon.colcon_core.shell:Creating environment hook '/home/dev_ws/src/install/audio/share/audio/hook/pythonpath.sh'
[4.988s] Level 1:colcon.colcon_core.environment:checking '/home/dev_ws/src/install/audio/bin'
[4.989s] Level 1:colcon.colcon_core.environment:create_environment_scripts_only(audio)
[4.990s] INFO:colcon.colcon_core.shell:Creating package script '/home/dev_ws/src/install/audio/share/audio/package.ps1'
[4.991s] INFO:colcon.colcon_core.shell:Creating package descriptor '/home/dev_ws/src/install/audio/share/audio/package.dsv'
[4.993s] INFO:colcon.colcon_core.shell:Creating package script '/home/dev_ws/src/install/audio/share/audio/package.sh'
[4.995s] INFO:colcon.colcon_core.shell:Creating package script '/home/dev_ws/src/install/audio/share/audio/package.bash'
[4.996s] INFO:colcon.colcon_core.shell:Creating package script '/home/dev_ws/src/install/audio/share/audio/package.zsh'
[4.998s] Level 1:colcon.colcon_core.environment:create_file_with_runtime_dependencies(/home/dev_ws/src/install/audio/share/colcon-core/packages/audio)
[5.009s] Level 1:colcon.colcon_core.environment:checking '/home/dev_ws/src/install/manipulation' for CMake module files
[5.012s] DEBUG:colcon.colcon_core.event_handler.log_command:Invoked command in '/home/dev_ws/src/manipulation' returned '0': PYTHONPATH=/home/dev_ws/src/install/manipulation/lib/python3.8/site-packages:${PYTHONPATH} /usr/bin/python3 setup.py egg_info --egg-base ../build/manipulation build --build-base /home/dev_ws/src/build/manipulation/build install --prefix /home/dev_ws/src/install/manipulation --record /home/dev_ws/src/build/manipulation/install.log --single-version-externally-managed
[5.013s] Level 1:colcon.colcon_core.environment:checking '/home/dev_ws/src/install/manipulation' for CMake config files
[5.014s] Level 1:colcon.colcon_core.environment:checking '/home/dev_ws/src/install/manipulation/lib'
[5.015s] Level 1:colcon.colcon_core.environment:checking '/home/dev_ws/src/install/manipulation/bin'
[5.015s] Level 1:colcon.colcon_core.environment:checking '/home/dev_ws/src/install/manipulation/lib/pkgconfig/manipulation.pc'
[5.017s] Level 1:colcon.colcon_core.environment:checking '/home/dev_ws/src/install/manipulation/lib/python3.8/site-packages'
[5.017s] Level 1:colcon.colcon_core.shell:create_environment_hook('manipulation', 'pythonpath')
[5.019s] INFO:colcon.colcon_core.shell:Creating environment hook '/home/dev_ws/src/install/manipulation/share/manipulation/hook/pythonpath.ps1'
[5.020s] INFO:colcon.colcon_core.shell:Creating environment descriptor '/home/dev_ws/src/install/manipulation/share/manipulation/hook/pythonpath.dsv'
[5.021s] INFO:colcon.colcon_core.shell:Creating environment hook '/home/dev_ws/src/install/manipulation/share/manipulation/hook/pythonpath.sh'
[5.022s] Level 1:colcon.colcon_core.environment:checking '/home/dev_ws/src/install/manipulation/bin'
[5.022s] Level 1:colcon.colcon_core.environment:create_environment_scripts_only(manipulation)
[5.023s] INFO:colcon.colcon_core.shell:Creating package script '/home/dev_ws/src/install/manipulation/share/manipulation/package.ps1'
[5.024s] INFO:colcon.colcon_core.shell:Creating package descriptor '/home/dev_ws/src/install/manipulation/share/manipulation/package.dsv'
[5.025s] INFO:colcon.colcon_core.shell:Creating package script '/home/dev_ws/src/install/manipulation/share/manipulation/package.sh'
[5.028s] INFO:colcon.colcon_core.shell:Creating package script '/home/dev_ws/src/install/manipulation/share/manipulation/package.bash'
[5.030s] INFO:colcon.colcon_core.shell:Creating package script '/home/dev_ws/src/install/manipulation/share/manipulation/package.zsh'
[5.031s] Level 1:colcon.colcon_core.environment:create_file_with_runtime_dependencies(/home/dev_ws/src/install/manipulation/share/colcon-core/packages/manipulation)
[5.034s] Level 1:colcon.colcon_core.environment:checking '/home/dev_ws/src/install/utils' for CMake module files
[5.037s] DEBUG:colcon.colcon_core.event_handler.log_command:Invoked command in '/home/dev_ws/src/utils' returned '0': PYTHONPATH=/home/dev_ws/src/install/utils/lib/python3.8/site-packages:${PYTHONPATH} /usr/bin/python3 setup.py egg_info --egg-base ../build/utils build --build-base /home/dev_ws/src/build/utils/build install --prefix /home/dev_ws/src/install/utils --record /home/dev_ws/src/build/utils/install.log --single-version-externally-managed
[5.038s] Level 1:colcon.colcon_core.environment:checking '/home/dev_ws/src/install/utils' for CMake config files
[5.040s] Level 1:colcon.colcon_core.environment:checking '/home/dev_ws/src/install/utils/lib'
[5.040s] Level 1:colcon.colcon_core.environment:checking '/home/dev_ws/src/install/utils/bin'
[5.040s] Level 1:colcon.colcon_core.environment:checking '/home/dev_ws/src/install/utils/lib/pkgconfig/utils.pc'
[5.041s] Level 1:colcon.colcon_core.environment:checking '/home/dev_ws/src/install/utils/lib/python3.8/site-packages'
[5.041s] Level 1:colcon.colcon_core.shell:create_environment_hook('utils', 'pythonpath')
[5.042s] INFO:colcon.colcon_core.shell:Creating environment hook '/home/dev_ws/src/install/utils/share/utils/hook/pythonpath.ps1'
[5.045s] INFO:colcon.colcon_core.shell:Creating environment descriptor '/home/dev_ws/src/install/utils/share/utils/hook/pythonpath.dsv'
[5.047s] INFO:colcon.colcon_core.shell:Creating environment hook '/home/dev_ws/src/install/utils/share/utils/hook/pythonpath.sh'
[5.049s] Level 1:colcon.colcon_core.environment:checking '/home/dev_ws/src/install/utils/bin'
[5.050s] Level 1:colcon.colcon_core.environment:create_environment_scripts_only(utils)
[5.051s] INFO:colcon.colcon_core.shell:Creating package script '/home/dev_ws/src/install/utils/share/utils/package.ps1'
[5.052s] INFO:colcon.colcon_core.shell:Creating package descriptor '/home/dev_ws/src/install/utils/share/utils/package.dsv'
[5.053s] INFO:colcon.colcon_core.shell:Creating package script '/home/dev_ws/src/install/utils/share/utils/package.sh'
[5.054s] INFO:colcon.colcon_core.shell:Creating package script '/home/dev_ws/src/install/utils/share/utils/package.bash'
[5.055s] INFO:colcon.colcon_core.shell:Creating package script '/home/dev_ws/src/install/utils/share/utils/package.zsh'
[5.056s] Level 1:colcon.colcon_core.environment:create_file_with_runtime_dependencies(/home/dev_ws/src/install/utils/share/colcon-core/packages/utils)
[5.058s] Level 1:colcon.colcon_core.environment:checking '/home/dev_ws/src/install/ros_tcp_endpoint' for CMake module files
[5.063s] DEBUG:colcon.colcon_core.event_handler.log_command:Invoked command in '/home/dev_ws/src/ros_tcp_endpoint' returned '0': PYTHONPATH=/home/dev_ws/src/install/ros_tcp_endpoint/lib/python3.8/site-packages:${PYTHONPATH} /usr/bin/python3 setup.py egg_info --egg-base ../build/ros_tcp_endpoint build --build-base /home/dev_ws/src/build/ros_tcp_endpoint/build install --prefix /home/dev_ws/src/install/ros_tcp_endpoint --record /home/dev_ws/src/build/ros_tcp_endpoint/install.log --single-version-externally-managed
[5.063s] Level 1:colcon.colcon_core.environment:checking '/home/dev_ws/src/install/ros_tcp_endpoint' for CMake config files
[5.065s] Level 1:colcon.colcon_core.environment:checking '/home/dev_ws/src/install/ros_tcp_endpoint/lib'
[5.066s] Level 1:colcon.colcon_core.environment:checking '/home/dev_ws/src/install/ros_tcp_endpoint/bin'
[5.067s] Level 1:colcon.colcon_core.environment:checking '/home/dev_ws/src/install/ros_tcp_endpoint/lib/pkgconfig/ros_tcp_endpoint.pc'
[5.067s] Level 1:colcon.colcon_core.environment:checking '/home/dev_ws/src/install/ros_tcp_endpoint/lib/python3.8/site-packages'
[5.067s] Level 1:colcon.colcon_core.shell:create_environment_hook('ros_tcp_endpoint', 'pythonpath')
[5.068s] INFO:colcon.colcon_core.shell:Creating environment hook '/home/dev_ws/src/install/ros_tcp_endpoint/share/ros_tcp_endpoint/hook/pythonpath.ps1'
[5.069s] INFO:colcon.colcon_core.shell:Creating environment descriptor '/home/dev_ws/src/install/ros_tcp_endpoint/share/ros_tcp_endpoint/hook/pythonpath.dsv'
[5.069s] INFO:colcon.colcon_core.shell:Creating environment hook '/home/dev_ws/src/install/ros_tcp_endpoint/share/ros_tcp_endpoint/hook/pythonpath.sh'
[5.070s] Level 1:colcon.colcon_core.environment:checking '/home/dev_ws/src/install/ros_tcp_endpoint/bin'
[5.070s] Level 1:colcon.colcon_core.environment:create_environment_scripts_only(ros_tcp_endpoint)
[5.071s] INFO:colcon.colcon_core.shell:Creating package script '/home/dev_ws/src/install/ros_tcp_endpoint/share/ros_tcp_endpoint/package.ps1'
[5.072s] INFO:colcon.colcon_core.shell:Creating package descriptor '/home/dev_ws/src/install/ros_tcp_endpoint/share/ros_tcp_endpoint/package.dsv'
[5.073s] INFO:colcon.colcon_core.shell:Creating package script '/home/dev_ws/src/install/ros_tcp_endpoint/share/ros_tcp_endpoint/package.sh'
[5.073s] INFO:colcon.colcon_core.shell:Creating package script '/home/dev_ws/src/install/ros_tcp_endpoint/share/ros_tcp_endpoint/package.bash'
[5.074s] INFO:colcon.colcon_core.shell:Creating package script '/home/dev_ws/src/install/ros_tcp_endpoint/share/ros_tcp_endpoint/package.zsh'
[5.075s] Level 1:colcon.colcon_core.environment:create_file_with_runtime_dependencies(/home/dev_ws/src/install/ros_tcp_endpoint/share/colcon-core/packages/ros_tcp_endpoint)
[5.084s] Level 1:colcon.colcon_core.environment:checking '/home/dev_ws/src/install/unity_robotics_demo' for CMake module files
[5.085s] DEBUG:colcon.colcon_core.event_handler.log_command:Invoked command in '/home/dev_ws/src/unity_robotics_demo' returned '0': PYTHONPATH=/home/dev_ws/src/install/unity_robotics_demo/lib/python3.8/site-packages:${PYTHONPATH} /usr/bin/python3 setup.py egg_info --egg-base ../build/unity_robotics_demo build --build-base /home/dev_ws/src/build/unity_robotics_demo/build install --prefix /home/dev_ws/src/install/unity_robotics_demo --record /home/dev_ws/src/build/unity_robotics_demo/install.log --single-version-externally-managed
[5.086s] Level 1:colcon.colcon_core.environment:checking '/home/dev_ws/src/install/unity_robotics_demo' for CMake config files
[5.087s] Level 1:colcon.colcon_core.environment:checking '/home/dev_ws/src/install/unity_robotics_demo/lib'
[5.087s] Level 1:colcon.colcon_core.environment:checking '/home/dev_ws/src/install/unity_robotics_demo/bin'
[5.087s] Level 1:colcon.colcon_core.environment:checking '/home/dev_ws/src/install/unity_robotics_demo/lib/pkgconfig/unity_robotics_demo.pc'
[5.088s] Level 1:colcon.colcon_core.environment:checking '/home/dev_ws/src/install/unity_robotics_demo/lib/python3.8/site-packages'
[5.088s] Level 1:colcon.colcon_core.shell:create_environment_hook('unity_robotics_demo', 'pythonpath')
[5.089s] INFO:colcon.colcon_core.shell:Creating environment hook '/home/dev_ws/src/install/unity_robotics_demo/share/unity_robotics_demo/hook/pythonpath.ps1'
[5.090s] INFO:colcon.colcon_core.shell:Creating environment descriptor '/home/dev_ws/src/install/unity_robotics_demo/share/unity_robotics_demo/hook/pythonpath.dsv'
[5.090s] INFO:colcon.colcon_core.shell:Creating environment hook '/home/dev_ws/src/install/unity_robotics_demo/share/unity_robotics_demo/hook/pythonpath.sh'
[5.091s] Level 1:colcon.colcon_core.environment:checking '/home/dev_ws/src/install/unity_robotics_demo/bin'
[5.091s] Level 1:colcon.colcon_core.environment:create_environment_scripts_only(unity_robotics_demo)
[5.092s] INFO:colcon.colcon_core.shell:Creating package script '/home/dev_ws/src/install/unity_robotics_demo/share/unity_robotics_demo/package.ps1'
[5.093s] INFO:colcon.colcon_core.shell:Creating package descriptor '/home/dev_ws/src/install/unity_robotics_demo/share/unity_robotics_demo/package.dsv'
[5.094s] INFO:colcon.colcon_core.shell:Creating package script '/home/dev_ws/src/install/unity_robotics_demo/share/unity_robotics_demo/package.sh'
[5.096s] INFO:colcon.colcon_core.shell:Creating package script '/home/dev_ws/src/install/unity_robotics_demo/share/unity_robotics_demo/package.bash'
[5.097s] INFO:colcon.colcon_core.shell:Creating package script '/home/dev_ws/src/install/unity_robotics_demo/share/unity_robotics_demo/package.zsh'
[5.100s] Level 1:colcon.colcon_core.environment:create_file_with_runtime_dependencies(/home/dev_ws/src/install/unity_robotics_demo/share/colcon-core/packages/unity_robotics_demo)
[5.102s] Level 1:colcon.colcon_core.environment:checking '/home/dev_ws/src/install/vision' for CMake module files
[5.106s] DEBUG:colcon.colcon_core.event_handler.log_command:Invoked command in '/home/dev_ws/src/vision' returned '0': PYTHONPATH=/home/dev_ws/src/install/vision/lib/python3.8/site-packages:${PYTHONPATH} /usr/bin/python3 setup.py egg_info --egg-base ../build/vision build --build-base /home/dev_ws/src/build/vision/build install --prefix /home/dev_ws/src/install/vision --record /home/dev_ws/src/build/vision/install.log --single-version-externally-managed
[5.106s] Level 1:colcon.colcon_core.environment:checking '/home/dev_ws/src/install/vision' for CMake config files
[5.108s] Level 1:colcon.colcon_core.environment:checking '/home/dev_ws/src/install/vision/lib'
[5.108s] Level 1:colcon.colcon_core.environment:checking '/home/dev_ws/src/install/vision/bin'
[5.108s] Level 1:colcon.colcon_core.environment:checking '/home/dev_ws/src/install/vision/lib/pkgconfig/vision.pc'
[5.109s] Level 1:colcon.colcon_core.environment:checking '/home/dev_ws/src/install/vision/lib/python3.8/site-packages'
[5.109s] Level 1:colcon.colcon_core.shell:create_environment_hook('vision', 'pythonpath')
[5.110s] INFO:colcon.colcon_core.shell:Creating environment hook '/home/dev_ws/src/install/vision/share/vision/hook/pythonpath.ps1'
[5.112s] INFO:colcon.colcon_core.shell:Creating environment descriptor '/home/dev_ws/src/install/vision/share/vision/hook/pythonpath.dsv'
[5.114s] INFO:colcon.colcon_core.shell:Creating environment hook '/home/dev_ws/src/install/vision/share/vision/hook/pythonpath.sh'
[5.116s] Level 1:colcon.colcon_core.environment:checking '/home/dev_ws/src/install/vision/bin'
[5.117s] Level 1:colcon.colcon_core.environment:create_environment_scripts_only(vision)
[5.117s] INFO:colcon.colcon_core.shell:Creating package script '/home/dev_ws/src/install/vision/share/vision/package.ps1'
[5.118s] INFO:colcon.colcon_core.shell:Creating package descriptor '/home/dev_ws/src/install/vision/share/vision/package.dsv'
[5.119s] INFO:colcon.colcon_core.shell:Creating package script '/home/dev_ws/src/install/vision/share/vision/package.sh'
[5.120s] INFO:colcon.colcon_core.shell:Creating package script '/home/dev_ws/src/install/vision/share/vision/package.bash'
[5.120s] INFO:colcon.colcon_core.shell:Creating package script '/home/dev_ws/src/install/vision/share/vision/package.zsh'
[5.121s] Level 1:colcon.colcon_core.environment:create_file_with_runtime_dependencies(/home/dev_ws/src/install/vision/share/colcon-core/packages/vision)
[5.121s] DEBUG:colcon.colcon_parallel_executor.executor.parallel:closing loop
[5.123s] DEBUG:colcon.colcon_parallel_executor.executor.parallel:loop closed
[5.123s] DEBUG:colcon.colcon_parallel_executor.executor.parallel:run_until_complete finished with '0'
[5.124s] DEBUG:colcon.colcon_core.event_reactor:joining thread
[5.146s] INFO:colcon.colcon_core.plugin_system:Skipping extension 'colcon_notification.desktop_notification.notify_send': Could not find 'notify-send'
[5.146s] INFO:colcon.colcon_core.plugin_system:Skipping extension 'colcon_notification.desktop_notification.terminal_notifier': Not used on non-Darwin systems
[5.147s] INFO:colcon.colcon_core.plugin_system:Skipping extension 'colcon_notification.desktop_notification.win32': Not used on non-Windows systems
[5.147s] INFO:colcon.colcon_notification.desktop_notification:Sending desktop notification using 'notify2'
[5.148s] DEBUG:colcon.colcon_notification.desktop_notification.notify2:Failed to initialize notify2: org.freedesktop.DBus.Error.NotSupported: Unable to autolaunch a dbus-daemon without a $DISPLAY for X11
[5.148s] DEBUG:colcon.colcon_core.event_reactor:joined thread
[5.150s] INFO:colcon.colcon_core.shell:Creating prefix script '/home/dev_ws/src/install/local_setup.ps1'
[5.152s] INFO:colcon.colcon_core.shell:Creating prefix util module '/home/dev_ws/src/install/_local_setup_util_ps1.py'
[5.155s] INFO:colcon.colcon_core.shell:Creating prefix chain script '/home/dev_ws/src/install/setup.ps1'
[5.159s] INFO:colcon.colcon_core.shell:Creating prefix script '/home/dev_ws/src/install/local_setup.sh'
[5.160s] INFO:colcon.colcon_core.shell:Creating prefix util module '/home/dev_ws/src/install/_local_setup_util_sh.py'
[5.162s] INFO:colcon.colcon_core.shell:Creating prefix chain script '/home/dev_ws/src/install/setup.sh'
[5.169s] INFO:colcon.colcon_core.shell:Creating prefix script '/home/dev_ws/src/install/local_setup.bash'
[5.170s] INFO:colcon.colcon_core.shell:Creating prefix chain script '/home/dev_ws/src/install/setup.bash'
[5.174s] INFO:colcon.colcon_core.shell:Creating prefix script '/home/dev_ws/src/install/local_setup.zsh'
[5.175s] INFO:colcon.colcon_core.shell:Creating prefix chain script '/home/dev_ws/src/install/setup.zsh'
