[5.792s] Invoking command in '/home/dev_ws/src/face_controller': PYTHONPATH=/home/dev_ws/install/face_controller/lib/python3.8/site-packages:${PYTHONPATH} /usr/bin/python3 setup.py egg_info --egg-base ../../build/face_controller build --build-base /home/dev_ws/build/face_controller/build install --prefix /home/dev_ws/install/face_controller --record /home/dev_ws/build/face_controller/install.log --single-version-externally-managed
[6.716s] running egg_info
[6.718s] writing ../../build/face_controller/face_controller.egg-info/PKG-INFO
[6.719s] writing dependency_links to ../../build/face_controller/face_controller.egg-info/dependency_links.txt
[6.719s] writing entry points to ../../build/face_controller/face_controller.egg-info/entry_points.txt
[6.720s] writing requirements to ../../build/face_controller/face_controller.egg-info/requires.txt
[6.720s] writing top-level names to ../../build/face_controller/face_controller.egg-info/top_level.txt
[6.876s] reading manifest file '../../build/face_controller/face_controller.egg-info/SOURCES.txt'
[6.884s] writing manifest file '../../build/face_controller/face_controller.egg-info/SOURCES.txt'
[6.888s] running build
[6.888s] running build_py
[6.895s] running install
[6.898s] running install_lib
[6.903s] running install_data
[6.904s] running install_egg_info
[6.921s] removing '/home/dev_ws/install/face_controller/lib/python3.8/site-packages/face_controller-0.0.0-py3.8.egg-info' (and everything under it)
[6.923s] Copying ../../build/face_controller/face_controller.egg-info to /home/dev_ws/install/face_controller/lib/python3.8/site-packages/face_controller-0.0.0-py3.8.egg-info
[6.936s] running install_scripts
[7.038s] Installing facial_expression script to /home/dev_ws/install/face_controller/lib/face_controller
[7.039s] writing list of installed files to '/home/dev_ws/build/face_controller/install.log'
[7.272s] Invoked command in '/home/dev_ws/src/face_controller' returned '0': PYTHONPATH=/home/dev_ws/install/face_controller/lib/python3.8/site-packages:${PYTHONPATH} /usr/bin/python3 setup.py egg_info --egg-base ../../build/face_controller build --build-base /home/dev_ws/build/face_controller/build install --prefix /home/dev_ws/install/face_controller --record /home/dev_ws/build/face_controller/install.log --single-version-externally-managed
