[3.929s] Invoking command in '/home/dev_ws/src/manipulation': PYTHONPATH=/home/dev_ws/install/manipulation/lib/python3.8/site-packages:${PYTHONPATH} /usr/bin/python3 setup.py egg_info --egg-base ../../build/manipulation build --build-base /home/dev_ws/build/manipulation/build install --prefix /home/dev_ws/install/manipulation --record /home/dev_ws/build/manipulation/install.log --single-version-externally-managed
[4.461s] running egg_info
[4.462s] writing ../../build/manipulation/manipulation.egg-info/PKG-INFO
[4.463s] writing dependency_links to ../../build/manipulation/manipulation.egg-info/dependency_links.txt
[4.464s] writing entry points to ../../build/manipulation/manipulation.egg-info/entry_points.txt
[4.464s] writing requirements to ../../build/manipulation/manipulation.egg-info/requires.txt
[4.464s] writing top-level names to ../../build/manipulation/manipulation.egg-info/top_level.txt
[4.583s] reading manifest file '../../build/manipulation/manipulation.egg-info/SOURCES.txt'
[4.586s] writing manifest file '../../build/manipulation/manipulation.egg-info/SOURCES.txt'
[4.589s] running build
[4.590s] running build_py
[4.591s] running install
[4.594s] running install_lib
[4.599s] running install_data
[4.600s] running install_egg_info
[4.606s] removing '/home/dev_ws/install/manipulation/lib/python3.8/site-packages/manipulation-0.0.0-py3.8.egg-info' (and everything under it)
[4.607s] Copying ../../build/manipulation/manipulation.egg-info to /home/dev_ws/install/manipulation/lib/python3.8/site-packages/manipulation-0.0.0-py3.8.egg-info
[4.610s] running install_scripts
[4.678s] Installing grab_object script to /home/dev_ws/install/manipulation/lib/manipulation
[4.680s] writing list of installed files to '/home/dev_ws/build/manipulation/install.log'
[4.807s] Invoked command in '/home/dev_ws/src/manipulation' returned '0': PYTHONPATH=/home/dev_ws/install/manipulation/lib/python3.8/site-packages:${PYTHONPATH} /usr/bin/python3 setup.py egg_info --egg-base ../../build/manipulation build --build-base /home/dev_ws/build/manipulation/build install --prefix /home/dev_ws/install/manipulation --record /home/dev_ws/build/manipulation/install.log --single-version-externally-managed
