[1.538s] Invoking command in '/home/dev_ws/src/face_controller': PYTHONPATH=/home/dev_ws/install/face_controller/lib/python3.8/site-packages:${PYTHONPATH} /usr/bin/python3 setup.py egg_info --egg-base ../../build/face_controller build --build-base /home/dev_ws/build/face_controller/build install --prefix /home/dev_ws/install/face_controller --record /home/dev_ws/build/face_controller/install.log --single-version-externally-managed
[1.935s] running egg_info
[1.937s] writing ../../build/face_controller/face_controller.egg-info/PKG-INFO
[1.938s] writing dependency_links to ../../build/face_controller/face_controller.egg-info/dependency_links.txt
[1.939s] writing entry points to ../../build/face_controller/face_controller.egg-info/entry_points.txt
[1.940s] writing requirements to ../../build/face_controller/face_controller.egg-info/requires.txt
[1.941s] writing top-level names to ../../build/face_controller/face_controller.egg-info/top_level.txt
[2.010s] reading manifest file '../../build/face_controller/face_controller.egg-info/SOURCES.txt'
[2.012s] writing manifest file '../../build/face_controller/face_controller.egg-info/SOURCES.txt'
[2.013s] running build
[2.013s] running build_py
[2.014s] copying face_controller/facial_expression.py -> /home/dev_ws/build/face_controller/build/lib/face_controller
[2.014s] running install
[2.015s] running install_lib
[2.019s] copying /home/dev_ws/build/face_controller/build/lib/face_controller/facial_expression.py -> /home/dev_ws/install/face_controller/lib/python3.8/site-packages/face_controller
[2.020s] byte-compiling /home/dev_ws/install/face_controller/lib/python3.8/site-packages/face_controller/facial_expression.py to facial_expression.cpython-38.pyc
[2.022s] running install_data
[2.023s] running install_egg_info
[2.026s] removing '/home/dev_ws/install/face_controller/lib/python3.8/site-packages/face_controller-0.0.0-py3.8.egg-info' (and everything under it)
[2.026s] Copying ../../build/face_controller/face_controller.egg-info to /home/dev_ws/install/face_controller/lib/python3.8/site-packages/face_controller-0.0.0-py3.8.egg-info
[2.028s] running install_scripts
[2.065s] Installing facial_expression script to /home/dev_ws/install/face_controller/lib/face_controller
[2.066s] writing list of installed files to '/home/dev_ws/build/face_controller/install.log'
[2.132s] Invoked command in '/home/dev_ws/src/face_controller' returned '0': PYTHONPATH=/home/dev_ws/install/face_controller/lib/python3.8/site-packages:${PYTHONPATH} /usr/bin/python3 setup.py egg_info --egg-base ../../build/face_controller build --build-base /home/dev_ws/build/face_controller/build install --prefix /home/dev_ws/install/face_controller --record /home/dev_ws/build/face_controller/install.log --single-version-externally-managed
