[4.753s] Invoking command in '/home/dev_ws/src/vision': PYTHONPATH=/home/dev_ws/install/vision/lib/python3.8/site-packages:${PYTHONPATH} /usr/bin/python3 setup.py egg_info --egg-base ../../build/vision build --build-base /home/dev_ws/build/vision/build install --prefix /home/dev_ws/install/vision --record /home/dev_ws/build/vision/install.log --single-version-externally-managed
[5.128s] /usr/local/lib/python3.8/dist-packages/setuptools/dist.py:755: SetuptoolsDeprecationWarning: Invalid dash-separated options
[5.128s] !!
[5.128s] 
[5.129s]         ********************************************************************************
[5.129s]         Usage of dash-separated 'script-dir' will not be supported in future
[5.129s]         versions. Please use the underscore name 'script_dir' instead.
[5.130s] 
[5.131s]         By 2023-Sep-26, you need to update your project and remove deprecated calls
[5.131s]         or your builds will no longer be supported.
[5.131s] 
[5.131s]         See https://setuptools.pypa.io/en/latest/userguide/declarative_config.html for details.
[5.132s]         ********************************************************************************
[5.132s] 
[5.133s] !!
[5.133s]   opt = self.warn_dash_deprecation(opt, section)
[5.134s] /usr/local/lib/python3.8/dist-packages/setuptools/dist.py:755: SetuptoolsDeprecationWarning: Invalid dash-separated options
[5.134s] !!
[5.134s] 
[5.135s]         ********************************************************************************
[5.135s]         Usage of dash-separated 'install-scripts' will not be supported in future
[5.136s]         versions. Please use the underscore name 'install_scripts' instead.
[5.136s] 
[5.137s]         By 2023-Sep-26, you need to update your project and remove deprecated calls
[5.137s]         or your builds will no longer be supported.
[5.137s] 
[5.138s]         See https://setuptools.pypa.io/en/latest/userguide/declarative_config.html for details.
[5.138s]         ********************************************************************************
[5.138s] 
[5.138s] !!
[5.138s]   opt = self.warn_dash_deprecation(opt, section)
[5.408s] running egg_info
[5.451s] writing ../../build/vision/vision.egg-info/PKG-INFO
[5.451s] writing dependency_links to ../../build/vision/vision.egg-info/dependency_links.txt
[5.453s] writing entry points to ../../build/vision/vision.egg-info/entry_points.txt
[5.454s] writing requirements to ../../build/vision/vision.egg-info/requires.txt
[5.454s] writing top-level names to ../../build/vision/vision.egg-info/top_level.txt
[5.807s] reading manifest file '../../build/vision/vision.egg-info/SOURCES.txt'
[5.816s] /usr/local/lib/python3.8/dist-packages/setuptools/_distutils/cmd.py:66: SetuptoolsDeprecationWarning: setup.py install is deprecated.
[5.816s] !!
[5.816s] 
[5.817s]         ********************************************************************************
[5.817s]         Please avoid running ``setup.py`` directly.
[5.817s]         Instead, use pypa/build, pypa/installer, pypa/build or
[5.817s]         other standards-based tools.
[5.817s] 
[5.818s]         See https://blog.ganssle.io/articles/2021/10/setup-py-deprecated.html for details.
[5.818s]         ********************************************************************************
[5.818s] 
[5.818s] !!
[5.819s]   self.initialize_options()
[5.832s] writing manifest file '../../build/vision/vision.egg-info/SOURCES.txt'
[5.833s] running build
[5.833s] running build_py
[5.833s] running install
[5.834s] running install_lib
[5.883s] running install_data
[5.923s] running install_egg_info
[5.979s] removing '/home/dev_ws/install/vision/lib/python3.8/site-packages/vision-0.0.0-py3.8.egg-info' (and everything under it)
[5.980s] Copying ../../build/vision/vision.egg-info to /home/dev_ws/install/vision/lib/python3.8/site-packages/vision-0.0.0-py3.8.egg-info
[5.984s] running install_scripts
[6.178s] Installing color_detector script to /home/dev_ws/install/vision/lib/vision
[6.181s] Installing face_detector script to /home/dev_ws/install/vision/lib/vision
[6.181s] Installing face_recognizer script to /home/dev_ws/install/vision/lib/vision
[6.182s] Installing facial_expression_detector script to /home/dev_ws/install/vision/lib/vision
[6.182s] writing list of installed files to '/home/dev_ws/build/vision/install.log'
[6.377s] Invoked command in '/home/dev_ws/src/vision' returned '0': PYTHONPATH=/home/dev_ws/install/vision/lib/python3.8/site-packages:${PYTHONPATH} /usr/bin/python3 setup.py egg_info --egg-base ../../build/vision build --build-base /home/dev_ws/build/vision/build install --prefix /home/dev_ws/install/vision --record /home/dev_ws/build/vision/install.log --single-version-externally-managed
