[2.209s] Invoking command in '/home/dev_ws/src/manipulation': PYTHONPATH=/home/dev_ws/install/manipulation/lib/python3.8/site-packages:${PYTHONPATH} /usr/bin/python3 setup.py egg_info --egg-base ../../build/manipulation build --build-base /home/dev_ws/build/manipulation/build install --prefix /home/dev_ws/install/manipulation --record /home/dev_ws/build/manipulation/install.log --single-version-externally-managed
[2.519s] running egg_info
[2.521s] writing ../../build/manipulation/manipulation.egg-info/PKG-INFO
[2.521s] writing dependency_links to ../../build/manipulation/manipulation.egg-info/dependency_links.txt
[2.522s] writing entry points to ../../build/manipulation/manipulation.egg-info/entry_points.txt
[2.523s] writing requirements to ../../build/manipulation/manipulation.egg-info/requires.txt
[2.523s] writing top-level names to ../../build/manipulation/manipulation.egg-info/top_level.txt
[2.605s] reading manifest file '../../build/manipulation/manipulation.egg-info/SOURCES.txt'
[2.607s] writing manifest file '../../build/manipulation/manipulation.egg-info/SOURCES.txt'
[2.608s] running build
[2.608s] running build_py
[2.609s] running install
[2.610s] running install_lib
[2.612s] running install_data
[2.612s] running install_egg_info
[2.615s] removing '/home/dev_ws/install/manipulation/lib/python3.8/site-packages/manipulation-0.0.0-py3.8.egg-info' (and everything under it)
[2.616s] Copying ../../build/manipulation/manipulation.egg-info to /home/dev_ws/install/manipulation/lib/python3.8/site-packages/manipulation-0.0.0-py3.8.egg-info
[2.621s] running install_scripts
[2.668s] Installing grab_object script to /home/dev_ws/install/manipulation/lib/manipulation
[2.671s] writing list of installed files to '/home/dev_ws/build/manipulation/install.log'
[2.761s] Invoked command in '/home/dev_ws/src/manipulation' returned '0': PYTHONPATH=/home/dev_ws/install/manipulation/lib/python3.8/site-packages:${PYTHONPATH} /usr/bin/python3 setup.py egg_info --egg-base ../../build/manipulation build --build-base /home/dev_ws/build/manipulation/build install --prefix /home/dev_ws/install/manipulation --record /home/dev_ws/build/manipulation/install.log --single-version-externally-managed
