[3.547s] Invoking command in '/home/dev_ws/src/vision': PYTHONPATH=/home/dev_ws/install/vision/lib/python3.8/site-packages:${PYTHONPATH} /usr/bin/python3 setup.py egg_info --egg-base ../../build/vision build --build-base /home/dev_ws/build/vision/build install --prefix /home/dev_ws/install/vision --record /home/dev_ws/build/vision/install.log --single-version-externally-managed
[4.282s] running egg_info
[4.283s] writing ../../build/vision/vision.egg-info/PKG-INFO
[4.284s] writing dependency_links to ../../build/vision/vision.egg-info/dependency_links.txt
[4.285s] writing entry points to ../../build/vision/vision.egg-info/entry_points.txt
[4.287s] writing requirements to ../../build/vision/vision.egg-info/requires.txt
[4.287s] writing top-level names to ../../build/vision/vision.egg-info/top_level.txt
[4.414s] reading manifest file '../../build/vision/vision.egg-info/SOURCES.txt'
[4.418s] writing manifest file '../../build/vision/vision.egg-info/SOURCES.txt'
[4.418s] running build
[4.419s] running build_py
[4.420s] running install
[4.423s] running install_lib
[4.427s] running install_data
[4.430s] running install_egg_info
[4.435s] removing '/home/dev_ws/install/vision/lib/python3.8/site-packages/vision-0.0.0-py3.8.egg-info' (and everything under it)
[4.438s] Copying ../../build/vision/vision.egg-info to /home/dev_ws/install/vision/lib/python3.8/site-packages/vision-0.0.0-py3.8.egg-info
[4.444s] running install_scripts
[4.523s] Installing color_detector script to /home/dev_ws/install/vision/lib/vision
[4.526s] writing list of installed files to '/home/dev_ws/build/vision/install.log'
[4.677s] Invoked command in '/home/dev_ws/src/vision' returned '0': PYTHONPATH=/home/dev_ws/install/vision/lib/python3.8/site-packages:${PYTHONPATH} /usr/bin/python3 setup.py egg_info --egg-base ../../build/vision build --build-base /home/dev_ws/build/vision/build install --prefix /home/dev_ws/install/vision --record /home/dev_ws/build/vision/install.log --single-version-externally-managed
