[6.336s] Invoking command in '/home/dev_ws/src/audio': PYTHONPATH=/home/dev_ws/src/install/audio/lib/python3.8/site-packages:${PYTHONPATH} /usr/bin/python3 setup.py egg_info --egg-base ../build/audio build --build-base /home/dev_ws/src/build/audio/build install --prefix /home/dev_ws/src/install/audio --record /home/dev_ws/src/build/audio/install.log --single-version-externally-managed
[7.476s] running egg_info
[7.477s] writing ../build/audio/audio.egg-info/PKG-INFO
[7.480s] writing dependency_links to ../build/audio/audio.egg-info/dependency_links.txt
[7.490s] writing entry points to ../build/audio/audio.egg-info/entry_points.txt
[7.491s] writing requirements to ../build/audio/audio.egg-info/requires.txt
[7.492s] writing top-level names to ../build/audio/audio.egg-info/top_level.txt
[7.723s] reading manifest file '../build/audio/audio.egg-info/SOURCES.txt'
[7.726s] writing manifest file '../build/audio/audio.egg-info/SOURCES.txt'
[7.738s] running build
[7.739s] running build_py
[7.739s] running install
[7.740s] running install_lib
[7.744s] running install_data
[7.745s] running install_egg_info
[7.758s] removing '/home/dev_ws/src/install/audio/lib/python3.8/site-packages/audio-0.0.0-py3.8.egg-info' (and everything under it)
[7.769s] Copying ../build/audio/audio.egg-info to /home/dev_ws/src/install/audio/lib/python3.8/site-packages/audio-0.0.0-py3.8.egg-info
[7.776s] running install_scripts
[7.877s] Installing speech_to_text script to /home/dev_ws/src/install/audio/lib/audio
[7.879s] writing list of installed files to '/home/dev_ws/src/build/audio/install.log'
[8.076s] Invoked command in '/home/dev_ws/src/audio' returned '0': PYTHONPATH=/home/dev_ws/src/install/audio/lib/python3.8/site-packages:${PYTHONPATH} /usr/bin/python3 setup.py egg_info --egg-base ../build/audio build --build-base /home/dev_ws/src/build/audio/build install --prefix /home/dev_ws/src/install/audio --record /home/dev_ws/src/build/audio/install.log --single-version-externally-managed
