[2.466s] Invoking command in '/home/dev_ws/src/utils': PYTHONPATH=/home/dev_ws/install/utils/lib/python3.8/site-packages:${PYTHONPATH} /usr/bin/python3 setup.py egg_info --egg-base ../../build/utils build --build-base /home/dev_ws/build/utils/build install --prefix /home/dev_ws/install/utils --record /home/dev_ws/build/utils/install.log --single-version-externally-managed
[2.842s] running egg_info
[2.843s] writing ../../build/utils/utils.egg-info/PKG-INFO
[2.844s] writing dependency_links to ../../build/utils/utils.egg-info/dependency_links.txt
[2.844s] writing entry points to ../../build/utils/utils.egg-info/entry_points.txt
[2.845s] writing requirements to ../../build/utils/utils.egg-info/requires.txt
[2.845s] writing top-level names to ../../build/utils/utils.egg-info/top_level.txt
[2.915s] reading manifest file '../../build/utils/utils.egg-info/SOURCES.txt'
[2.918s] writing manifest file '../../build/utils/utils.egg-info/SOURCES.txt'
[2.918s] running build
[2.919s] running build_py
[2.919s] running install
[2.920s] running install_lib
[2.922s] running install_data
[2.923s] running install_egg_info
[2.926s] removing '/home/dev_ws/install/utils/lib/python3.8/site-packages/utils-0.0.0-py3.8.egg-info' (and everything under it)
[2.928s] Copying ../../build/utils/utils.egg-info to /home/dev_ws/install/utils/lib/python3.8/site-packages/utils-0.0.0-py3.8.egg-info
[2.930s] running install_scripts
[2.970s] Installing utils script to /home/dev_ws/install/utils/lib/utils
[2.971s] writing list of installed files to '/home/dev_ws/build/utils/install.log'
[3.101s] Invoked command in '/home/dev_ws/src/utils' returned '0': PYTHONPATH=/home/dev_ws/install/utils/lib/python3.8/site-packages:${PYTHONPATH} /usr/bin/python3 setup.py egg_info --egg-base ../../build/utils build --build-base /home/dev_ws/build/utils/build install --prefix /home/dev_ws/install/utils --record /home/dev_ws/build/utils/install.log --single-version-externally-managed
