[2.332s] Invoking command in '/home/jubileo/src/audio': PYTHONPATH=/home/jubileo/install/audio/lib/python3.8/site-packages:${PYTHONPATH} /usr/bin/python3 setup.py egg_info --egg-base ../../build/audio build --build-base /home/jubileo/build/audio/build install --prefix /home/jubileo/install/audio --record /home/jubileo/build/audio/install.log --single-version-externally-managed
[2.654s] running egg_info
[2.655s] writing ../../build/audio/audio.egg-info/PKG-INFO
[2.656s] writing dependency_links to ../../build/audio/audio.egg-info/dependency_links.txt
[2.657s] writing entry points to ../../build/audio/audio.egg-info/entry_points.txt
[2.659s] writing requirements to ../../build/audio/audio.egg-info/requires.txt
[2.660s] writing top-level names to ../../build/audio/audio.egg-info/top_level.txt
[2.739s] reading manifest file '../../build/audio/audio.egg-info/SOURCES.txt'
[2.741s] writing manifest file '../../build/audio/audio.egg-info/SOURCES.txt'
[2.745s] running build
[2.745s] running build_py
[2.746s] copying audio/send_audio.py -> /home/jubileo/build/audio/build/lib/audio
[2.747s] running install
[2.749s] running install_lib
[2.751s] copying /home/jubileo/build/audio/build/lib/audio/send_audio.py -> /home/jubileo/install/audio/lib/python3.8/site-packages/audio
[2.753s] byte-compiling /home/jubileo/install/audio/lib/python3.8/site-packages/audio/send_audio.py to send_audio.cpython-38.pyc
[2.762s] running install_data
[2.762s] running install_egg_info
[2.766s] removing '/home/jubileo/install/audio/lib/python3.8/site-packages/audio-0.0.0-py3.8.egg-info' (and everything under it)
[2.767s] Copying ../../build/audio/audio.egg-info to /home/jubileo/install/audio/lib/python3.8/site-packages/audio-0.0.0-py3.8.egg-info
[2.772s] running install_scripts
[2.822s] Installing send_audio script to /home/jubileo/install/audio/lib/audio
[2.823s] Installing speech_to_text script to /home/jubileo/install/audio/lib/audio
[2.825s] writing list of installed files to '/home/jubileo/build/audio/install.log'
[2.967s] Invoked command in '/home/jubileo/src/audio' returned '0': PYTHONPATH=/home/jubileo/install/audio/lib/python3.8/site-packages:${PYTHONPATH} /usr/bin/python3 setup.py egg_info --egg-base ../../build/audio build --build-base /home/jubileo/build/audio/build install --prefix /home/jubileo/install/audio --record /home/jubileo/build/audio/install.log --single-version-externally-managed
