[5.620s] Invoking command in '/home/dev_ws/src/utils': PYTHONPATH=/home/dev_ws/install/utils/lib/python3.8/site-packages:${PYTHONPATH} /usr/bin/python3 setup.py egg_info --egg-base ../../build/utils build --build-base /home/dev_ws/build/utils/build install --prefix /home/dev_ws/install/utils --record /home/dev_ws/build/utils/install.log --single-version-externally-managed
[6.361s] running egg_info
[6.365s] writing ../../build/utils/utils.egg-info/PKG-INFO
[6.368s] writing dependency_links to ../../build/utils/utils.egg-info/dependency_links.txt
[6.368s] writing entry points to ../../build/utils/utils.egg-info/entry_points.txt
[6.372s] writing requirements to ../../build/utils/utils.egg-info/requires.txt
[6.373s] writing top-level names to ../../build/utils/utils.egg-info/top_level.txt
[6.526s] reading manifest file '../../build/utils/utils.egg-info/SOURCES.txt'
[6.529s] writing manifest file '../../build/utils/utils.egg-info/SOURCES.txt'
[6.530s] running build
[6.531s] running build_py
[6.531s] copying utils/utils.py -> /home/dev_ws/build/utils/build/lib/utils
[6.534s] running install
[6.537s] running install_lib
[6.540s] copying /home/dev_ws/build/utils/build/lib/utils/utils.py -> /home/dev_ws/install/utils/lib/python3.8/site-packages/utils
[6.543s] byte-compiling /home/dev_ws/install/utils/lib/python3.8/site-packages/utils/utils.py to utils.cpython-38.pyc
[6.550s] running install_data
[6.551s] running install_egg_info
[6.555s] removing '/home/dev_ws/install/utils/lib/python3.8/site-packages/utils-0.0.0-py3.8.egg-info' (and everything under it)
[6.557s] Copying ../../build/utils/utils.egg-info to /home/dev_ws/install/utils/lib/python3.8/site-packages/utils-0.0.0-py3.8.egg-info
[6.566s] running install_scripts
[6.642s] Installing utils script to /home/dev_ws/install/utils/lib/utils
[6.643s] writing list of installed files to '/home/dev_ws/build/utils/install.log'
[6.794s] Invoked command in '/home/dev_ws/src/utils' returned '0': PYTHONPATH=/home/dev_ws/install/utils/lib/python3.8/site-packages:${PYTHONPATH} /usr/bin/python3 setup.py egg_info --egg-base ../../build/utils build --build-base /home/dev_ws/build/utils/build install --prefix /home/dev_ws/install/utils --record /home/dev_ws/build/utils/install.log --single-version-externally-managed
