[6.465s] Invoking command in '/home/dev_ws/src/manipulation': PYTHONPATH=/home/dev_ws/install/manipulation/lib/python3.8/site-packages:${PYTHONPATH} /usr/bin/python3 setup.py egg_info --egg-base ../../build/manipulation build --build-base /home/dev_ws/build/manipulation/build install --prefix /home/dev_ws/install/manipulation --record /home/dev_ws/build/manipulation/install.log --single-version-externally-managed
[7.472s] running egg_info
[7.476s] writing ../../build/manipulation/manipulation.egg-info/PKG-INFO
[7.478s] writing dependency_links to ../../build/manipulation/manipulation.egg-info/dependency_links.txt
[7.479s] writing entry points to ../../build/manipulation/manipulation.egg-info/entry_points.txt
[7.480s] writing requirements to ../../build/manipulation/manipulation.egg-info/requires.txt
[7.480s] writing top-level names to ../../build/manipulation/manipulation.egg-info/top_level.txt
[7.667s] reading manifest file '../../build/manipulation/manipulation.egg-info/SOURCES.txt'
[7.671s] writing manifest file '../../build/manipulation/manipulation.egg-info/SOURCES.txt'
[7.673s] running build
[7.673s] running build_py
[7.674s] running install
[7.676s] running install_lib
[7.682s] running install_data
[7.683s] running install_egg_info
[7.693s] removing '/home/dev_ws/install/manipulation/lib/python3.8/site-packages/manipulation-0.0.0-py3.8.egg-info' (and everything under it)
[7.694s] Copying ../../build/manipulation/manipulation.egg-info to /home/dev_ws/install/manipulation/lib/python3.8/site-packages/manipulation-0.0.0-py3.8.egg-info
[7.698s] running install_scripts
[7.840s] Installing grab_object script to /home/dev_ws/install/manipulation/lib/manipulation
[7.841s] writing list of installed files to '/home/dev_ws/build/manipulation/install.log'
[8.134s] Invoked command in '/home/dev_ws/src/manipulation' returned '0': PYTHONPATH=/home/dev_ws/install/manipulation/lib/python3.8/site-packages:${PYTHONPATH} /usr/bin/python3 setup.py egg_info --egg-base ../../build/manipulation build --build-base /home/dev_ws/build/manipulation/build install --prefix /home/dev_ws/install/manipulation --record /home/dev_ws/build/manipulation/install.log --single-version-externally-managed
