[1.185s] Invoking command in '/home/dev_ws/src/audio': PYTHONPATH=/home/dev_ws/install/audio/lib/python3.8/site-packages:${PYTHONPATH} /usr/bin/python3 setup.py egg_info --egg-base ../../build/audio build --build-base /home/dev_ws/build/audio/build install --prefix /home/dev_ws/install/audio --record /home/dev_ws/build/audio/install.log --single-version-externally-managed
[1.355s] /usr/local/lib/python3.8/dist-packages/setuptools/dist.py:755: SetuptoolsDeprecationWarning: Invalid dash-separated options
[1.355s] !!
[1.355s] 
[1.355s]         ********************************************************************************
[1.355s]         Usage of dash-separated 'script-dir' will not be supported in future
[1.355s]         versions. Please use the underscore name 'script_dir' instead.
[1.355s] 
[1.355s]         By 2023-Sep-26, you need to update your project and remove deprecated calls
[1.355s]         or your builds will no longer be supported.
[1.355s] 
[1.355s]         See https://setuptools.pypa.io/en/latest/userguide/declarative_config.html for details.
[1.356s]         ********************************************************************************
[1.356s] 
[1.356s] !!
[1.356s]   opt = self.warn_dash_deprecation(opt, section)
[1.357s] /usr/local/lib/python3.8/dist-packages/setuptools/dist.py:755: SetuptoolsDeprecationWarning: Invalid dash-separated options
[1.358s] !!
[1.358s] 
[1.358s]         ********************************************************************************
[1.358s]         Usage of dash-separated 'install-scripts' will not be supported in future
[1.358s]         versions. Please use the underscore name 'install_scripts' instead.
[1.358s] 
[1.358s]         By 2023-Sep-26, you need to update your project and remove deprecated calls
[1.358s]         or your builds will no longer be supported.
[1.358s] 
[1.358s]         See https://setuptools.pypa.io/en/latest/userguide/declarative_config.html for details.
[1.358s]         ********************************************************************************
[1.358s] 
[1.358s] !!
[1.358s]   opt = self.warn_dash_deprecation(opt, section)
[1.457s] running egg_info
[1.472s] writing ../../build/audio/audio.egg-info/PKG-INFO
[1.473s] writing dependency_links to ../../build/audio/audio.egg-info/dependency_links.txt
[1.474s] writing entry points to ../../build/audio/audio.egg-info/entry_points.txt
[1.474s] writing requirements to ../../build/audio/audio.egg-info/requires.txt
[1.474s] writing top-level names to ../../build/audio/audio.egg-info/top_level.txt
[1.618s] reading manifest file '../../build/audio/audio.egg-info/SOURCES.txt'
[1.619s] writing manifest file '../../build/audio/audio.egg-info/SOURCES.txt'
[1.619s] running build
[1.619s] running build_py
[1.620s] running install
[1.621s] /usr/local/lib/python3.8/dist-packages/setuptools/_distutils/cmd.py:66: SetuptoolsDeprecationWarning: setup.py install is deprecated.
[1.621s] !!
[1.621s] 
[1.621s]         ********************************************************************************
[1.621s]         Please avoid running ``setup.py`` directly.
[1.621s]         Instead, use pypa/build, pypa/installer, pypa/build or
[1.621s]         other standards-based tools.
[1.621s] 
[1.621s]         See https://blog.ganssle.io/articles/2021/10/setup-py-deprecated.html for details.
[1.621s]         ********************************************************************************
[1.621s] 
[1.621s] !!
[1.622s]   self.initialize_options()
[1.626s] running install_lib
[1.652s] running install_data
[1.671s] running install_egg_info
[1.687s] removing '/home/dev_ws/install/audio/lib/python3.8/site-packages/audio-0.0.0-py3.8.egg-info' (and everything under it)
[1.688s] Copying ../../build/audio/audio.egg-info to /home/dev_ws/install/audio/lib/python3.8/site-packages/audio-0.0.0-py3.8.egg-info
[1.689s] running install_scripts
[1.753s] Installing send_audio script to /home/dev_ws/install/audio/lib/audio
[1.754s] Installing speech_to_text script to /home/dev_ws/install/audio/lib/audio
[1.754s] Installing text_to_speech script to /home/dev_ws/install/audio/lib/audio
[1.755s] writing list of installed files to '/home/dev_ws/build/audio/install.log'
[1.837s] Invoked command in '/home/dev_ws/src/audio' returned '0': PYTHONPATH=/home/dev_ws/install/audio/lib/python3.8/site-packages:${PYTHONPATH} /usr/bin/python3 setup.py egg_info --egg-base ../../build/audio build --build-base /home/dev_ws/build/audio/build install --prefix /home/dev_ws/install/audio --record /home/dev_ws/build/audio/install.log --single-version-externally-managed
