running egg_info
writing ../../build/unity_robotics_demo/unity_robotics_demo.egg-info/PKG-INFO
writing dependency_links to ../../build/unity_robotics_demo/unity_robotics_demo.egg-info/dependency_links.txt
writing entry points to ../../build/unity_robotics_demo/unity_robotics_demo.egg-info/entry_points.txt
writing requirements to ../../build/unity_robotics_demo/unity_robotics_demo.egg-info/requires.txt
writing top-level names to ../../build/unity_robotics_demo/unity_robotics_demo.egg-info/top_level.txt
reading manifest file '../../build/unity_robotics_demo/unity_robotics_demo.egg-info/SOURCES.txt'
writing manifest file '../../build/unity_robotics_demo/unity_robotics_demo.egg-info/SOURCES.txt'
running build
running build_py
copying unity_robotics_demo/__init__.py -> /home/jubileo/build/unity_robotics_demo/build/lib/unity_robotics_demo
copying unity_robotics_demo/position_service.py -> /home/jubileo/build/unity_robotics_demo/build/lib/unity_robotics_demo
copying unity_robotics_demo/color_publisher.py -> /home/jubileo/build/unity_robotics_demo/build/lib/unity_robotics_demo
running install
running install_lib
copying /home/jubileo/build/unity_robotics_demo/build/lib/unity_robotics_demo/__init__.py -> /home/jubileo/install/unity_robotics_demo/lib/python3.8/site-packages/unity_robotics_demo
copying /home/jubileo/build/unity_robotics_demo/build/lib/unity_robotics_demo/position_service.py -> /home/jubileo/install/unity_robotics_demo/lib/python3.8/site-packages/unity_robotics_demo
copying /home/jubileo/build/unity_robotics_demo/build/lib/unity_robotics_demo/color_publisher.py -> /home/jubileo/install/unity_robotics_demo/lib/python3.8/site-packages/unity_robotics_demo
byte-compiling /home/jubileo/install/unity_robotics_demo/lib/python3.8/site-packages/unity_robotics_demo/__init__.py to __init__.cpython-38.pyc
byte-compiling /home/jubileo/install/unity_robotics_demo/lib/python3.8/site-packages/unity_robotics_demo/position_service.py to position_service.cpython-38.pyc
byte-compiling /home/jubileo/install/unity_robotics_demo/lib/python3.8/site-packages/unity_robotics_demo/color_publisher.py to color_publisher.cpython-38.pyc
running install_data
copying resource/unity_robotics_demo -> /home/jubileo/install/unity_robotics_demo/share/ament_index/resource_index/packages
copying package.xml -> /home/jubileo/install/unity_robotics_demo/share/unity_robotics_demo
running install_egg_info
removing '/home/jubileo/install/unity_robotics_demo/lib/python3.8/site-packages/unity_robotics_demo-0.0.1-py3.8.egg-info' (and everything under it)
Copying ../../build/unity_robotics_demo/unity_robotics_demo.egg-info to /home/jubileo/install/unity_robotics_demo/lib/python3.8/site-packages/unity_robotics_demo-0.0.1-py3.8.egg-info
running install_scripts
Installing color_publisher script to /home/jubileo/install/unity_robotics_demo/lib/unity_robotics_demo
Installing position_service script to /home/jubileo/install/unity_robotics_demo/lib/unity_robotics_demo
writing list of installed files to '/home/jubileo/build/unity_robotics_demo/install.log'
