[0.930s] Invoking command in '/home/dev_ws/src/unity_robotics_demo': PYTHONPATH=/home/dev_ws/install/unity_robotics_demo/lib/python3.8/site-packages:${PYTHONPATH} /usr/bin/python3 setup.py egg_info --egg-base ../../build/unity_robotics_demo build --build-base /home/dev_ws/build/unity_robotics_demo/build install --prefix /home/dev_ws/install/unity_robotics_demo --record /home/dev_ws/build/unity_robotics_demo/install.log --single-version-externally-managed
[1.106s] /usr/local/lib/python3.8/dist-packages/setuptools/dist.py:755: SetuptoolsDeprecationWarning: Invalid dash-separated options
[1.106s] !!
[1.107s] 
[1.108s]         ********************************************************************************
[1.108s]         Usage of dash-separated 'script-dir' will not be supported in future
[1.108s]         versions. Please use the underscore name 'script_dir' instead.
[1.108s] 
[1.108s]         By 2023-Sep-26, you need to update your project and remove deprecated calls
[1.108s]         or your builds will no longer be supported.
[1.108s] 
[1.109s]         See https://setuptools.pypa.io/en/latest/userguide/declarative_config.html for details.
[1.109s]         ********************************************************************************
[1.109s] 
[1.109s] !!
[1.109s]   opt = self.warn_dash_deprecation(opt, section)
[1.114s] /usr/local/lib/python3.8/dist-packages/setuptools/dist.py:755: SetuptoolsDeprecationWarning: Invalid dash-separated options
[1.114s] !!
[1.114s] 
[1.114s]         ********************************************************************************
[1.114s]         Usage of dash-separated 'install-scripts' will not be supported in future
[1.114s]         versions. Please use the underscore name 'install_scripts' instead.
[1.115s] 
[1.115s]         By 2023-Sep-26, you need to update your project and remove deprecated calls
[1.115s]         or your builds will no longer be supported.
[1.115s] 
[1.115s]         See https://setuptools.pypa.io/en/latest/userguide/declarative_config.html for details.
[1.115s]         ********************************************************************************
[1.115s] 
[1.115s] !!
[1.115s]   opt = self.warn_dash_deprecation(opt, section)
[1.209s] running egg_info
[1.232s] writing ../../build/unity_robotics_demo/unity_robotics_demo.egg-info/PKG-INFO
[1.232s] writing dependency_links to ../../build/unity_robotics_demo/unity_robotics_demo.egg-info/dependency_links.txt
[1.233s] writing entry points to ../../build/unity_robotics_demo/unity_robotics_demo.egg-info/entry_points.txt
[1.234s] writing requirements to ../../build/unity_robotics_demo/unity_robotics_demo.egg-info/requires.txt
[1.234s] writing top-level names to ../../build/unity_robotics_demo/unity_robotics_demo.egg-info/top_level.txt
[1.352s] reading manifest file '../../build/unity_robotics_demo/unity_robotics_demo.egg-info/SOURCES.txt'
[1.353s] writing manifest file '../../build/unity_robotics_demo/unity_robotics_demo.egg-info/SOURCES.txt'
[1.353s] running build
[1.354s] running build_py
[1.354s] running install
[1.354s] /usr/local/lib/python3.8/dist-packages/setuptools/_distutils/cmd.py:66: SetuptoolsDeprecationWarning: setup.py install is deprecated.
[1.355s] !!
[1.355s] 
[1.355s]         ********************************************************************************
[1.355s]         Please avoid running ``setup.py`` directly.
[1.355s]         Instead, use pypa/build, pypa/installer, pypa/build or
[1.355s]         other standards-based tools.
[1.355s] 
[1.355s]         See https://blog.ganssle.io/articles/2021/10/setup-py-deprecated.html for details.
[1.355s]         ********************************************************************************
[1.355s] 
[1.355s] !!
[1.355s]   self.initialize_options()
[1.360s] running install_lib
[1.387s] running install_data
[1.405s] running install_egg_info
[1.427s] removing '/home/dev_ws/install/unity_robotics_demo/lib/python3.8/site-packages/unity_robotics_demo-0.0.1-py3.8.egg-info' (and everything under it)
[1.428s] Copying ../../build/unity_robotics_demo/unity_robotics_demo.egg-info to /home/dev_ws/install/unity_robotics_demo/lib/python3.8/site-packages/unity_robotics_demo-0.0.1-py3.8.egg-info
[1.444s] running install_scripts
[1.547s] Installing color_publisher script to /home/dev_ws/install/unity_robotics_demo/lib/unity_robotics_demo
[1.547s] Installing position_service script to /home/dev_ws/install/unity_robotics_demo/lib/unity_robotics_demo
[1.548s] writing list of installed files to '/home/dev_ws/build/unity_robotics_demo/install.log'
[1.618s] Invoked command in '/home/dev_ws/src/unity_robotics_demo' returned '0': PYTHONPATH=/home/dev_ws/install/unity_robotics_demo/lib/python3.8/site-packages:${PYTHONPATH} /usr/bin/python3 setup.py egg_info --egg-base ../../build/unity_robotics_demo build --build-base /home/dev_ws/build/unity_robotics_demo/build install --prefix /home/dev_ws/install/unity_robotics_demo --record /home/dev_ws/build/unity_robotics_demo/install.log --single-version-externally-managed
