[3.166s] Invoking command in '/home/dev_ws/src/face_controller': PYTHONPATH=/home/dev_ws/install/face_controller/lib/python3.8/site-packages:${PYTHONPATH} /usr/bin/python3 setup.py egg_info --egg-base ../../build/face_controller build --build-base /home/dev_ws/build/face_controller/build install --prefix /home/dev_ws/install/face_controller --record /home/dev_ws/build/face_controller/install.log --single-version-externally-managed
[3.460s] /usr/local/lib/python3.8/dist-packages/setuptools/dist.py:755: SetuptoolsDeprecationWarning: Invalid dash-separated options
[3.460s] !!
[3.460s] 
[3.461s]         ********************************************************************************
[3.461s]         Usage of dash-separated 'script-dir' will not be supported in future
[3.461s]         versions. Please use the underscore name 'script_dir' instead.
[3.461s] 
[3.462s]         By 2023-Sep-26, you need to update your project and remove deprecated calls
[3.462s]         or your builds will no longer be supported.
[3.463s] 
[3.463s]         See https://setuptools.pypa.io/en/latest/userguide/declarative_config.html for details.
[3.463s]         ********************************************************************************
[3.463s] 
[3.463s] !!
[3.463s]   opt = self.warn_dash_deprecation(opt, section)
[3.463s] /usr/local/lib/python3.8/dist-packages/setuptools/dist.py:755: SetuptoolsDeprecationWarning: Invalid dash-separated options
[3.464s] !!
[3.464s] 
[3.464s]         ********************************************************************************
[3.464s]         Usage of dash-separated 'install-scripts' will not be supported in future
[3.464s]         versions. Please use the underscore name 'install_scripts' instead.
[3.464s] 
[3.464s]         By 2023-Sep-26, you need to update your project and remove deprecated calls
[3.464s]         or your builds will no longer be supported.
[3.465s] 
[3.465s]         See https://setuptools.pypa.io/en/latest/userguide/declarative_config.html for details.
[3.465s]         ********************************************************************************
[3.465s] 
[3.466s] !!
[3.466s]   opt = self.warn_dash_deprecation(opt, section)
[3.664s] running egg_info
[3.698s] writing ../../build/face_controller/face_controller.egg-info/PKG-INFO
[3.699s] writing dependency_links to ../../build/face_controller/face_controller.egg-info/dependency_links.txt
[3.699s] writing entry points to ../../build/face_controller/face_controller.egg-info/entry_points.txt
[3.699s] writing requirements to ../../build/face_controller/face_controller.egg-info/requires.txt
[3.699s] writing top-level names to ../../build/face_controller/face_controller.egg-info/top_level.txt
[3.909s] reading manifest file '../../build/face_controller/face_controller.egg-info/SOURCES.txt'
[3.909s] writing manifest file '../../build/face_controller/face_controller.egg-info/SOURCES.txt'
[3.910s] running build
[3.910s] running build_py
[3.910s] running install
[3.910s] /usr/local/lib/python3.8/dist-packages/setuptools/_distutils/cmd.py:66: SetuptoolsDeprecationWarning: setup.py install is deprecated.
[3.911s] !!
[3.911s] 
[3.911s]         ********************************************************************************
[3.911s]         Please avoid running ``setup.py`` directly.
[3.911s]         Instead, use pypa/build, pypa/installer, pypa/build or
[3.911s]         other standards-based tools.
[3.911s] 
[3.912s]         See https://blog.ganssle.io/articles/2021/10/setup-py-deprecated.html for details.
[3.912s]         ********************************************************************************
[3.912s] 
[3.912s] !!
[3.912s]   self.initialize_options()
[3.920s] running install_lib
[3.950s] running install_data
[3.974s] running install_egg_info
[3.995s] removing '/home/dev_ws/install/face_controller/lib/python3.8/site-packages/face_controller-0.0.0-py3.8.egg-info' (and everything under it)
[3.995s] Copying ../../build/face_controller/face_controller.egg-info to /home/dev_ws/install/face_controller/lib/python3.8/site-packages/face_controller-0.0.0-py3.8.egg-info
[3.998s] running install_scripts
[4.124s] Installing facial_expression script to /home/dev_ws/install/face_controller/lib/face_controller
[4.127s] writing list of installed files to '/home/dev_ws/build/face_controller/install.log'
[4.262s] Invoked command in '/home/dev_ws/src/face_controller' returned '0': PYTHONPATH=/home/dev_ws/install/face_controller/lib/python3.8/site-packages:${PYTHONPATH} /usr/bin/python3 setup.py egg_info --egg-base ../../build/face_controller build --build-base /home/dev_ws/build/face_controller/build install --prefix /home/dev_ws/install/face_controller --record /home/dev_ws/build/face_controller/install.log --single-version-externally-managed
