[4.367s] Invoking command in '/home/dev_ws/src/vision': PYTHONPATH=/home/dev_ws/install/vision/lib/python3.8/site-packages:${PYTHONPATH} /usr/bin/python3 setup.py egg_info --egg-base ../../build/vision build --build-base /home/dev_ws/build/vision/build install --prefix /home/dev_ws/install/vision --record /home/dev_ws/build/vision/install.log --single-version-externally-managed
[5.007s] running egg_info
[5.011s] writing ../../build/vision/vision.egg-info/PKG-INFO
[5.014s] writing dependency_links to ../../build/vision/vision.egg-info/dependency_links.txt
[5.016s] writing entry points to ../../build/vision/vision.egg-info/entry_points.txt
[5.017s] writing requirements to ../../build/vision/vision.egg-info/requires.txt
[5.018s] writing top-level names to ../../build/vision/vision.egg-info/top_level.txt
[5.160s] reading manifest file '../../build/vision/vision.egg-info/SOURCES.txt'
[5.162s] writing manifest file '../../build/vision/vision.egg-info/SOURCES.txt'
[5.164s] running build
[5.164s] running build_py
[5.165s] copying vision/facial_expression_detector.py -> /home/dev_ws/build/vision/build/lib/vision
[5.166s] copying vision/face_detector.py -> /home/dev_ws/build/vision/build/lib/vision
[5.169s] running install
[5.172s] running install_lib
[5.178s] copying /home/dev_ws/build/vision/build/lib/vision/facial_expression_detector.py -> /home/dev_ws/install/vision/lib/python3.8/site-packages/vision
[5.181s] copying /home/dev_ws/build/vision/build/lib/vision/face_detector.py -> /home/dev_ws/install/vision/lib/python3.8/site-packages/vision
[5.182s] byte-compiling /home/dev_ws/install/vision/lib/python3.8/site-packages/vision/facial_expression_detector.py to facial_expression_detector.cpython-38.pyc
[5.189s] byte-compiling /home/dev_ws/install/vision/lib/python3.8/site-packages/vision/face_detector.py to face_detector.cpython-38.pyc
[5.193s] running install_data
[5.200s] running install_egg_info
[5.217s] removing '/home/dev_ws/install/vision/lib/python3.8/site-packages/vision-0.0.0-py3.8.egg-info' (and everything under it)
[5.225s] Copying ../../build/vision/vision.egg-info to /home/dev_ws/install/vision/lib/python3.8/site-packages/vision-0.0.0-py3.8.egg-info
[5.226s] running install_scripts
[5.284s] Installing color_detector script to /home/dev_ws/install/vision/lib/vision
[5.288s] Installing face_detector script to /home/dev_ws/install/vision/lib/vision
[5.290s] Installing face_recognizer script to /home/dev_ws/install/vision/lib/vision
[5.291s] Installing facial_expression_detector script to /home/dev_ws/install/vision/lib/vision
[5.292s] writing list of installed files to '/home/dev_ws/build/vision/install.log'
[5.431s] Invoked command in '/home/dev_ws/src/vision' returned '0': PYTHONPATH=/home/dev_ws/install/vision/lib/python3.8/site-packages:${PYTHONPATH} /usr/bin/python3 setup.py egg_info --egg-base ../../build/vision build --build-base /home/dev_ws/build/vision/build install --prefix /home/dev_ws/install/vision --record /home/dev_ws/build/vision/install.log --single-version-externally-managed
