[3.124s] Invoking command in '/home/dev_ws/src/face_controller': PYTHONPATH=/home/dev_ws/install/face_controller/lib/python3.8/site-packages:${PYTHONPATH} /usr/bin/python3 setup.py egg_info --egg-base ../../build/face_controller build --build-base /home/dev_ws/build/face_controller/build install --prefix /home/dev_ws/install/face_controller --record /home/dev_ws/build/face_controller/install.log --single-version-externally-managed
[3.616s] running egg_info
[3.617s] writing ../../build/face_controller/face_controller.egg-info/PKG-INFO
[3.618s] writing dependency_links to ../../build/face_controller/face_controller.egg-info/dependency_links.txt
[3.619s] writing entry points to ../../build/face_controller/face_controller.egg-info/entry_points.txt
[3.620s] writing requirements to ../../build/face_controller/face_controller.egg-info/requires.txt
[3.620s] writing top-level names to ../../build/face_controller/face_controller.egg-info/top_level.txt
[3.729s] reading manifest file '../../build/face_controller/face_controller.egg-info/SOURCES.txt'
[3.732s] writing manifest file '../../build/face_controller/face_controller.egg-info/SOURCES.txt'
[3.732s] running build
[3.733s] running build_py
[3.733s] copying face_controller/facial_expression.py -> /home/dev_ws/build/face_controller/build/lib/face_controller
[3.734s] running install
[3.736s] running install_lib
[3.738s] copying /home/dev_ws/build/face_controller/build/lib/face_controller/facial_expression.py -> /home/dev_ws/install/face_controller/lib/python3.8/site-packages/face_controller
[3.740s] byte-compiling /home/dev_ws/install/face_controller/lib/python3.8/site-packages/face_controller/facial_expression.py to facial_expression.cpython-38.pyc
[3.745s] running install_data
[3.747s] running install_egg_info
[3.752s] removing '/home/dev_ws/install/face_controller/lib/python3.8/site-packages/face_controller-0.0.0-py3.8.egg-info' (and everything under it)
[3.754s] Copying ../../build/face_controller/face_controller.egg-info to /home/dev_ws/install/face_controller/lib/python3.8/site-packages/face_controller-0.0.0-py3.8.egg-info
[3.758s] running install_scripts
[3.811s] Installing facial_expression script to /home/dev_ws/install/face_controller/lib/face_controller
[3.813s] writing list of installed files to '/home/dev_ws/build/face_controller/install.log'
[3.977s] Invoked command in '/home/dev_ws/src/face_controller' returned '0': PYTHONPATH=/home/dev_ws/install/face_controller/lib/python3.8/site-packages:${PYTHONPATH} /usr/bin/python3 setup.py egg_info --egg-base ../../build/face_controller build --build-base /home/dev_ws/build/face_controller/build install --prefix /home/dev_ws/install/face_controller --record /home/dev_ws/build/face_controller/install.log --single-version-externally-managed
