[1.135s] Invoking command in '/home/dev_ws/src/audio': PYTHONPATH=/home/dev_ws/install/audio/lib/python3.8/site-packages:${PYTHONPATH} /usr/bin/python3 setup.py egg_info --egg-base ../../build/audio build --build-base /home/dev_ws/build/audio/build install --prefix /home/dev_ws/install/audio --record /home/dev_ws/build/audio/install.log --single-version-externally-managed
[1.293s] /usr/local/lib/python3.8/dist-packages/setuptools/dist.py:755: SetuptoolsDeprecationWarning: Invalid dash-separated options
[1.293s] !!
[1.293s] 
[1.293s]         ********************************************************************************
[1.293s]         Usage of dash-separated 'script-dir' will not be supported in future
[1.293s]         versions. Please use the underscore name 'script_dir' instead.
[1.294s] 
[1.295s]         By 2023-Sep-26, you need to update your project and remove deprecated calls
[1.295s]         or your builds will no longer be supported.
[1.295s] 
[1.295s]         See https://setuptools.pypa.io/en/latest/userguide/declarative_config.html for details.
[1.295s]         ********************************************************************************
[1.295s] 
[1.295s] !!
[1.295s]   opt = self.warn_dash_deprecation(opt, section)
[1.297s] /usr/local/lib/python3.8/dist-packages/setuptools/dist.py:755: SetuptoolsDeprecationWarning: Invalid dash-separated options
[1.298s] !!
[1.298s] 
[1.298s]         ********************************************************************************
[1.298s]         Usage of dash-separated 'install-scripts' will not be supported in future
[1.298s]         versions. Please use the underscore name 'install_scripts' instead.
[1.298s] 
[1.298s]         By 2023-Sep-26, you need to update your project and remove deprecated calls
[1.298s]         or your builds will no longer be supported.
[1.298s] 
[1.298s]         See https://setuptools.pypa.io/en/latest/userguide/declarative_config.html for details.
[1.298s]         ********************************************************************************
[1.299s] 
[1.299s] !!
[1.299s]   opt = self.warn_dash_deprecation(opt, section)
[1.414s] running egg_info
[1.429s] writing ../../build/audio/audio.egg-info/PKG-INFO
[1.429s] writing dependency_links to ../../build/audio/audio.egg-info/dependency_links.txt
[1.430s] writing entry points to ../../build/audio/audio.egg-info/entry_points.txt
[1.430s] writing requirements to ../../build/audio/audio.egg-info/requires.txt
[1.431s] writing top-level names to ../../build/audio/audio.egg-info/top_level.txt
[1.557s] reading manifest file '../../build/audio/audio.egg-info/SOURCES.txt'
[1.559s] writing manifest file '../../build/audio/audio.egg-info/SOURCES.txt'
[1.560s] running build
[1.560s] running build_py
[1.561s] running install
[1.561s] /usr/local/lib/python3.8/dist-packages/setuptools/_distutils/cmd.py:66: SetuptoolsDeprecationWarning: setup.py install is deprecated.
[1.562s] !!
[1.562s] 
[1.562s]         ********************************************************************************
[1.562s]         Please avoid running ``setup.py`` directly.
[1.562s]         Instead, use pypa/build, pypa/installer, pypa/build or
[1.562s]         other standards-based tools.
[1.562s] 
[1.562s]         See https://blog.ganssle.io/articles/2021/10/setup-py-deprecated.html for details.
[1.562s]         ********************************************************************************
[1.562s] 
[1.562s] !!
[1.562s]   self.initialize_options()
[1.570s] running install_lib
[1.586s] running install_data
[1.601s] running install_egg_info
[1.618s] removing '/home/dev_ws/install/audio/lib/python3.8/site-packages/audio-0.0.0-py3.8.egg-info' (and everything under it)
[1.621s] Copying ../../build/audio/audio.egg-info to /home/dev_ws/install/audio/lib/python3.8/site-packages/audio-0.0.0-py3.8.egg-info
[1.628s] running install_scripts
[1.696s] Installing send_audio script to /home/dev_ws/install/audio/lib/audio
[1.696s] Installing speech_to_text script to /home/dev_ws/install/audio/lib/audio
[1.696s] Installing text_to_speech script to /home/dev_ws/install/audio/lib/audio
[1.696s] writing list of installed files to '/home/dev_ws/build/audio/install.log'
[1.894s] Invoked command in '/home/dev_ws/src/audio' returned '0': PYTHONPATH=/home/dev_ws/install/audio/lib/python3.8/site-packages:${PYTHONPATH} /usr/bin/python3 setup.py egg_info --egg-base ../../build/audio build --build-base /home/dev_ws/build/audio/build install --prefix /home/dev_ws/install/audio --record /home/dev_ws/build/audio/install.log --single-version-externally-managed
