[3.740s] Invoking command in '/home/dev_ws/src/utils': PYTHONPATH=/home/dev_ws/install/utils/lib/python3.8/site-packages:${PYTHONPATH} /usr/bin/python3 setup.py egg_info --egg-base ../../build/utils build --build-base /home/dev_ws/build/utils/build install --prefix /home/dev_ws/install/utils --record /home/dev_ws/build/utils/install.log --single-version-externally-managed
[4.380s] running egg_info
[4.382s] writing ../../build/utils/utils.egg-info/PKG-INFO
[4.383s] writing dependency_links to ../../build/utils/utils.egg-info/dependency_links.txt
[4.383s] writing entry points to ../../build/utils/utils.egg-info/entry_points.txt
[4.384s] writing requirements to ../../build/utils/utils.egg-info/requires.txt
[4.385s] writing top-level names to ../../build/utils/utils.egg-info/top_level.txt
[4.526s] reading manifest file '../../build/utils/utils.egg-info/SOURCES.txt'
[4.528s] writing manifest file '../../build/utils/utils.egg-info/SOURCES.txt'
[4.529s] running build
[4.529s] running build_py
[4.530s] copying utils/utils.py -> /home/dev_ws/build/utils/build/lib/utils
[4.531s] running install
[4.537s] running install_lib
[4.544s] copying /home/dev_ws/build/utils/build/lib/utils/utils.py -> /home/dev_ws/install/utils/lib/python3.8/site-packages/utils
[4.551s] byte-compiling /home/dev_ws/install/utils/lib/python3.8/site-packages/utils/utils.py to utils.cpython-38.pyc
[4.554s] running install_data
[4.558s] running install_egg_info
[4.566s] removing '/home/dev_ws/install/utils/lib/python3.8/site-packages/utils-0.0.0-py3.8.egg-info' (and everything under it)
[4.566s] Copying ../../build/utils/utils.egg-info to /home/dev_ws/install/utils/lib/python3.8/site-packages/utils-0.0.0-py3.8.egg-info
[4.573s] running install_scripts
[4.649s] Installing utils script to /home/dev_ws/install/utils/lib/utils
[4.651s] writing list of installed files to '/home/dev_ws/build/utils/install.log'
[4.868s] Invoked command in '/home/dev_ws/src/utils' returned '0': PYTHONPATH=/home/dev_ws/install/utils/lib/python3.8/site-packages:${PYTHONPATH} /usr/bin/python3 setup.py egg_info --egg-base ../../build/utils build --build-base /home/dev_ws/build/utils/build install --prefix /home/dev_ws/install/utils --record /home/dev_ws/build/utils/install.log --single-version-externally-managed
