[3.256s] Invoking command in '/home/dev_ws/src/face_controller': PYTHONPATH=/home/dev_ws/install/face_controller/lib/python3.8/site-packages:${PYTHONPATH} /usr/bin/python3 setup.py egg_info --egg-base ../../build/face_controller build --build-base /home/dev_ws/build/face_controller/build install --prefix /home/dev_ws/install/face_controller --record /home/dev_ws/build/face_controller/install.log --single-version-externally-managed
[3.908s] running egg_info
[3.911s] writing ../../build/face_controller/face_controller.egg-info/PKG-INFO
[3.911s] writing dependency_links to ../../build/face_controller/face_controller.egg-info/dependency_links.txt
[3.912s] writing entry points to ../../build/face_controller/face_controller.egg-info/entry_points.txt
[3.913s] writing requirements to ../../build/face_controller/face_controller.egg-info/requires.txt
[3.913s] writing top-level names to ../../build/face_controller/face_controller.egg-info/top_level.txt
[4.041s] reading manifest file '../../build/face_controller/face_controller.egg-info/SOURCES.txt'
[4.044s] writing manifest file '../../build/face_controller/face_controller.egg-info/SOURCES.txt'
[4.045s] running build
[4.046s] running build_py
[4.046s] running install
[4.048s] running install_lib
[4.055s] running install_data
[4.056s] running install_egg_info
[4.061s] removing '/home/dev_ws/install/face_controller/lib/python3.8/site-packages/face_controller-0.0.0-py3.8.egg-info' (and everything under it)
[4.062s] Copying ../../build/face_controller/face_controller.egg-info to /home/dev_ws/install/face_controller/lib/python3.8/site-packages/face_controller-0.0.0-py3.8.egg-info
[4.062s] running install_scripts
[4.111s] Installing facial_expression script to /home/dev_ws/install/face_controller/lib/face_controller
[4.113s] writing list of installed files to '/home/dev_ws/build/face_controller/install.log'
[4.219s] Invoked command in '/home/dev_ws/src/face_controller' returned '0': PYTHONPATH=/home/dev_ws/install/face_controller/lib/python3.8/site-packages:${PYTHONPATH} /usr/bin/python3 setup.py egg_info --egg-base ../../build/face_controller build --build-base /home/dev_ws/build/face_controller/build install --prefix /home/dev_ws/install/face_controller --record /home/dev_ws/build/face_controller/install.log --single-version-externally-managed
