[2.783s] Invoking command in '/home/dev_ws/src/face_controller': PYTHONPATH=/home/dev_ws/install/face_controller/lib/python3.8/site-packages:${PYTHONPATH} /usr/bin/python3 setup.py egg_info --egg-base ../../build/face_controller build --build-base /home/dev_ws/build/face_controller/build install --prefix /home/dev_ws/install/face_controller --record /home/dev_ws/build/face_controller/install.log --single-version-externally-managed
[3.131s] running egg_info
[3.132s] writing ../../build/face_controller/face_controller.egg-info/PKG-INFO
[3.133s] writing dependency_links to ../../build/face_controller/face_controller.egg-info/dependency_links.txt
[3.134s] writing entry points to ../../build/face_controller/face_controller.egg-info/entry_points.txt
[3.134s] writing requirements to ../../build/face_controller/face_controller.egg-info/requires.txt
[3.135s] writing top-level names to ../../build/face_controller/face_controller.egg-info/top_level.txt
[3.204s] reading manifest file '../../build/face_controller/face_controller.egg-info/SOURCES.txt'
[3.206s] writing manifest file '../../build/face_controller/face_controller.egg-info/SOURCES.txt'
[3.206s] running build
[3.206s] running build_py
[3.206s] running install
[3.208s] running install_lib
[3.210s] running install_data
[3.211s] running install_egg_info
[3.213s] removing '/home/dev_ws/install/face_controller/lib/python3.8/site-packages/face_controller-0.0.0-py3.8.egg-info' (and everything under it)
[3.213s] Copying ../../build/face_controller/face_controller.egg-info to /home/dev_ws/install/face_controller/lib/python3.8/site-packages/face_controller-0.0.0-py3.8.egg-info
[3.215s] running install_scripts
[3.253s] Installing facial_expression script to /home/dev_ws/install/face_controller/lib/face_controller
[3.254s] writing list of installed files to '/home/dev_ws/build/face_controller/install.log'
[3.351s] Invoked command in '/home/dev_ws/src/face_controller' returned '0': PYTHONPATH=/home/dev_ws/install/face_controller/lib/python3.8/site-packages:${PYTHONPATH} /usr/bin/python3 setup.py egg_info --egg-base ../../build/face_controller build --build-base /home/dev_ws/build/face_controller/build install --prefix /home/dev_ws/install/face_controller --record /home/dev_ws/build/face_controller/install.log --single-version-externally-managed
