[2.324s] Invoking command in '/home/dev_ws/src/face_controller': PYTHONPATH=/home/dev_ws/install/face_controller/lib/python3.8/site-packages:${PYTHONPATH} /usr/bin/python3 setup.py egg_info --egg-base ../../build/face_controller build --build-base /home/dev_ws/build/face_controller/build install --prefix /home/dev_ws/install/face_controller --record /home/dev_ws/build/face_controller/install.log --single-version-externally-managed
[2.725s] running egg_info
[2.726s] writing ../../build/face_controller/face_controller.egg-info/PKG-INFO
[2.727s] writing dependency_links to ../../build/face_controller/face_controller.egg-info/dependency_links.txt
[2.727s] writing entry points to ../../build/face_controller/face_controller.egg-info/entry_points.txt
[2.728s] writing requirements to ../../build/face_controller/face_controller.egg-info/requires.txt
[2.728s] writing top-level names to ../../build/face_controller/face_controller.egg-info/top_level.txt
[2.790s] reading manifest file '../../build/face_controller/face_controller.egg-info/SOURCES.txt'
[2.792s] writing manifest file '../../build/face_controller/face_controller.egg-info/SOURCES.txt'
[2.792s] running build
[2.792s] running build_py
[2.793s] running install
[2.794s] running install_lib
[2.798s] running install_data
[2.799s] running install_egg_info
[2.802s] removing '/home/dev_ws/install/face_controller/lib/python3.8/site-packages/face_controller-0.0.0-py3.8.egg-info' (and everything under it)
[2.802s] Copying ../../build/face_controller/face_controller.egg-info to /home/dev_ws/install/face_controller/lib/python3.8/site-packages/face_controller-0.0.0-py3.8.egg-info
[2.805s] running install_scripts
[2.840s] Installing facial_expression script to /home/dev_ws/install/face_controller/lib/face_controller
[2.840s] writing list of installed files to '/home/dev_ws/build/face_controller/install.log'
[2.949s] Invoked command in '/home/dev_ws/src/face_controller' returned '0': PYTHONPATH=/home/dev_ws/install/face_controller/lib/python3.8/site-packages:${PYTHONPATH} /usr/bin/python3 setup.py egg_info --egg-base ../../build/face_controller build --build-base /home/dev_ws/build/face_controller/build install --prefix /home/dev_ws/install/face_controller --record /home/dev_ws/build/face_controller/install.log --single-version-externally-managed
