[4.322s] Invoking command in '/home/dev_ws/src/utils': PYTHONPATH=/home/dev_ws/install/utils/lib/python3.8/site-packages:${PYTHONPATH} /usr/bin/python3 setup.py egg_info --egg-base ../../build/utils build --build-base /home/dev_ws/build/utils/build install --prefix /home/dev_ws/install/utils --record /home/dev_ws/build/utils/install.log --single-version-externally-managed
[4.963s] running egg_info
[4.964s] writing ../../build/utils/utils.egg-info/PKG-INFO
[4.964s] writing dependency_links to ../../build/utils/utils.egg-info/dependency_links.txt
[4.965s] writing entry points to ../../build/utils/utils.egg-info/entry_points.txt
[4.966s] writing requirements to ../../build/utils/utils.egg-info/requires.txt
[4.966s] writing top-level names to ../../build/utils/utils.egg-info/top_level.txt
[5.085s] reading manifest file '../../build/utils/utils.egg-info/SOURCES.txt'
[5.087s] writing manifest file '../../build/utils/utils.egg-info/SOURCES.txt'
[5.089s] running build
[5.089s] running build_py
[5.090s] running install
[5.096s] running install_lib
[5.099s] running install_data
[5.105s] running install_egg_info
[5.124s] removing '/home/dev_ws/install/utils/lib/python3.8/site-packages/utils-0.0.0-py3.8.egg-info' (and everything under it)
[5.124s] Copying ../../build/utils/utils.egg-info to /home/dev_ws/install/utils/lib/python3.8/site-packages/utils-0.0.0-py3.8.egg-info
[5.124s] running install_scripts
[5.204s] Installing utils script to /home/dev_ws/install/utils/lib/utils
[5.205s] writing list of installed files to '/home/dev_ws/build/utils/install.log'
[5.380s] Invoked command in '/home/dev_ws/src/utils' returned '0': PYTHONPATH=/home/dev_ws/install/utils/lib/python3.8/site-packages:${PYTHONPATH} /usr/bin/python3 setup.py egg_info --egg-base ../../build/utils build --build-base /home/dev_ws/build/utils/build install --prefix /home/dev_ws/install/utils --record /home/dev_ws/build/utils/install.log --single-version-externally-managed
