[1.699s] Invoking command in '/home/dev_ws/src/face_controller': PYTHONPATH=/home/dev_ws/install/face_controller/lib/python3.8/site-packages:${PYTHONPATH} /usr/bin/python3 setup.py egg_info --egg-base ../../build/face_controller build --build-base /home/dev_ws/build/face_controller/build install --prefix /home/dev_ws/install/face_controller --record /home/dev_ws/build/face_controller/install.log --single-version-externally-managed
[1.952s] /usr/local/lib/python3.8/dist-packages/setuptools/dist.py:755: SetuptoolsDeprecationWarning: Invalid dash-separated options
[1.952s] !!
[1.952s] 
[1.952s]         ********************************************************************************
[1.953s]         Usage of dash-separated 'script-dir' will not be supported in future
[1.953s]         versions. Please use the underscore name 'script_dir' instead.
[1.953s] 
[1.953s]         By 2023-Sep-26, you need to update your project and remove deprecated calls
[1.953s]         or your builds will no longer be supported.
[1.953s] 
[1.953s]         See https://setuptools.pypa.io/en/latest/userguide/declarative_config.html for details.
[1.953s]         ********************************************************************************
[1.953s] 
[1.953s] !!
[1.953s]   opt = self.warn_dash_deprecation(opt, section)
[1.960s] /usr/local/lib/python3.8/dist-packages/setuptools/dist.py:755: SetuptoolsDeprecationWarning: Invalid dash-separated options
[1.960s] !!
[1.960s] 
[1.960s]         ********************************************************************************
[1.960s]         Usage of dash-separated 'install-scripts' will not be supported in future
[1.960s]         versions. Please use the underscore name 'install_scripts' instead.
[1.960s] 
[1.960s]         By 2023-Sep-26, you need to update your project and remove deprecated calls
[1.961s]         or your builds will no longer be supported.
[1.961s] 
[1.961s]         See https://setuptools.pypa.io/en/latest/userguide/declarative_config.html for details.
[1.961s]         ********************************************************************************
[1.962s] 
[1.962s] !!
[1.962s]   opt = self.warn_dash_deprecation(opt, section)
[2.123s] running egg_info
[2.177s] writing ../../build/face_controller/face_controller.egg-info/PKG-INFO
[2.180s] writing dependency_links to ../../build/face_controller/face_controller.egg-info/dependency_links.txt
[2.184s] writing entry points to ../../build/face_controller/face_controller.egg-info/entry_points.txt
[2.186s] writing requirements to ../../build/face_controller/face_controller.egg-info/requires.txt
[2.188s] writing top-level names to ../../build/face_controller/face_controller.egg-info/top_level.txt
[2.402s] reading manifest file '../../build/face_controller/face_controller.egg-info/SOURCES.txt'
[2.407s] writing manifest file '../../build/face_controller/face_controller.egg-info/SOURCES.txt'
[2.408s] running build
[2.409s] running build_py
[2.410s] running install
[2.411s] /usr/local/lib/python3.8/dist-packages/setuptools/_distutils/cmd.py:66: SetuptoolsDeprecationWarning: setup.py install is deprecated.
[2.411s] !!
[2.411s] 
[2.411s]         ********************************************************************************
[2.411s]         Please avoid running ``setup.py`` directly.
[2.412s]         Instead, use pypa/build, pypa/installer, pypa/build or
[2.412s]         other standards-based tools.
[2.412s] 
[2.412s]         See https://blog.ganssle.io/articles/2021/10/setup-py-deprecated.html for details.
[2.412s]         ********************************************************************************
[2.412s] 
[2.412s] !!
[2.412s]   self.initialize_options()
[2.433s] running install_lib
[2.462s] running install_data
[2.484s] running install_egg_info
[2.522s] removing '/home/dev_ws/install/face_controller/lib/python3.8/site-packages/face_controller-0.0.0-py3.8.egg-info' (and everything under it)
[2.531s] Copying ../../build/face_controller/face_controller.egg-info to /home/dev_ws/install/face_controller/lib/python3.8/site-packages/face_controller-0.0.0-py3.8.egg-info
[2.533s] running install_scripts
[2.663s] Installing facial_expression script to /home/dev_ws/install/face_controller/lib/face_controller
[2.664s] writing list of installed files to '/home/dev_ws/build/face_controller/install.log'
[2.802s] Invoked command in '/home/dev_ws/src/face_controller' returned '0': PYTHONPATH=/home/dev_ws/install/face_controller/lib/python3.8/site-packages:${PYTHONPATH} /usr/bin/python3 setup.py egg_info --egg-base ../../build/face_controller build --build-base /home/dev_ws/build/face_controller/build install --prefix /home/dev_ws/install/face_controller --record /home/dev_ws/build/face_controller/install.log --single-version-externally-managed
