[3.663s] Invoking command in '/home/dev_ws/src/ros_tcp_endpoint': PYTHONPATH=/home/dev_ws/src/install/ros_tcp_endpoint/lib/python3.8/site-packages:${PYTHONPATH} /usr/bin/python3 setup.py egg_info --egg-base ../build/ros_tcp_endpoint build --build-base /home/dev_ws/src/build/ros_tcp_endpoint/build install --prefix /home/dev_ws/src/install/ros_tcp_endpoint --record /home/dev_ws/src/build/ros_tcp_endpoint/install.log --single-version-externally-managed
[4.271s] running egg_info
[4.273s] writing ../build/ros_tcp_endpoint/ros_tcp_endpoint.egg-info/PKG-INFO
[4.277s] writing dependency_links to ../build/ros_tcp_endpoint/ros_tcp_endpoint.egg-info/dependency_links.txt
[4.278s] writing entry points to ../build/ros_tcp_endpoint/ros_tcp_endpoint.egg-info/entry_points.txt
[4.284s] writing requirements to ../build/ros_tcp_endpoint/ros_tcp_endpoint.egg-info/requires.txt
[4.284s] writing top-level names to ../build/ros_tcp_endpoint/ros_tcp_endpoint.egg-info/top_level.txt
[4.412s] reading manifest file '../build/ros_tcp_endpoint/ros_tcp_endpoint.egg-info/SOURCES.txt'
[4.416s] writing manifest file '../build/ros_tcp_endpoint/ros_tcp_endpoint.egg-info/SOURCES.txt'
[4.419s] running build
[4.420s] running build_py
[4.421s] running install
[4.422s] running install_lib
[4.428s] running install_data
[4.429s] running install_egg_info
[4.433s] removing '/home/dev_ws/src/install/ros_tcp_endpoint/lib/python3.8/site-packages/ros_tcp_endpoint-0.0.1-py3.8.egg-info' (and everything under it)
[4.434s] Copying ../build/ros_tcp_endpoint/ros_tcp_endpoint.egg-info to /home/dev_ws/src/install/ros_tcp_endpoint/lib/python3.8/site-packages/ros_tcp_endpoint-0.0.1-py3.8.egg-info
[4.441s] running install_scripts
[4.506s] Installing default_server_endpoint script to /home/dev_ws/src/install/ros_tcp_endpoint/lib/ros_tcp_endpoint
[4.511s] writing list of installed files to '/home/dev_ws/src/build/ros_tcp_endpoint/install.log'
[4.690s] Invoked command in '/home/dev_ws/src/ros_tcp_endpoint' returned '0': PYTHONPATH=/home/dev_ws/src/install/ros_tcp_endpoint/lib/python3.8/site-packages:${PYTHONPATH} /usr/bin/python3 setup.py egg_info --egg-base ../build/ros_tcp_endpoint build --build-base /home/dev_ws/src/build/ros_tcp_endpoint/build install --prefix /home/dev_ws/src/install/ros_tcp_endpoint --record /home/dev_ws/src/build/ros_tcp_endpoint/install.log --single-version-externally-managed
