[2.795s] Invoking command in '/home/dev_ws/src/unity_robotics_demo': PYTHONPATH=/home/dev_ws/install/unity_robotics_demo/lib/python3.8/site-packages:${PYTHONPATH} /usr/bin/python3 setup.py egg_info --egg-base ../../build/unity_robotics_demo build --build-base /home/dev_ws/build/unity_robotics_demo/build install --prefix /home/dev_ws/install/unity_robotics_demo --record /home/dev_ws/build/unity_robotics_demo/install.log --single-version-externally-managed
[3.312s] running egg_info
[3.313s] writing ../../build/unity_robotics_demo/unity_robotics_demo.egg-info/PKG-INFO
[3.314s] writing dependency_links to ../../build/unity_robotics_demo/unity_robotics_demo.egg-info/dependency_links.txt
[3.315s] writing entry points to ../../build/unity_robotics_demo/unity_robotics_demo.egg-info/entry_points.txt
[3.315s] writing requirements to ../../build/unity_robotics_demo/unity_robotics_demo.egg-info/requires.txt
[3.315s] writing top-level names to ../../build/unity_robotics_demo/unity_robotics_demo.egg-info/top_level.txt
[3.410s] reading manifest file '../../build/unity_robotics_demo/unity_robotics_demo.egg-info/SOURCES.txt'
[3.417s] writing manifest file '../../build/unity_robotics_demo/unity_robotics_demo.egg-info/SOURCES.txt'
[3.418s] running build
[3.418s] running build_py
[3.419s] running install
[3.421s] running install_lib
[3.426s] running install_data
[3.427s] running install_egg_info
[3.436s] removing '/home/dev_ws/install/unity_robotics_demo/lib/python3.8/site-packages/unity_robotics_demo-0.0.1-py3.8.egg-info' (and everything under it)
[3.438s] Copying ../../build/unity_robotics_demo/unity_robotics_demo.egg-info to /home/dev_ws/install/unity_robotics_demo/lib/python3.8/site-packages/unity_robotics_demo-0.0.1-py3.8.egg-info
[3.448s] running install_scripts
[3.505s] Installing color_publisher script to /home/dev_ws/install/unity_robotics_demo/lib/unity_robotics_demo
[3.506s] Installing position_service script to /home/dev_ws/install/unity_robotics_demo/lib/unity_robotics_demo
[3.507s] writing list of installed files to '/home/dev_ws/build/unity_robotics_demo/install.log'
[3.674s] Invoked command in '/home/dev_ws/src/unity_robotics_demo' returned '0': PYTHONPATH=/home/dev_ws/install/unity_robotics_demo/lib/python3.8/site-packages:${PYTHONPATH} /usr/bin/python3 setup.py egg_info --egg-base ../../build/unity_robotics_demo build --build-base /home/dev_ws/build/unity_robotics_demo/build install --prefix /home/dev_ws/install/unity_robotics_demo --record /home/dev_ws/build/unity_robotics_demo/install.log --single-version-externally-managed
