[5.192s] Invoking command in '/home/dev_ws/src/face_controller': PYTHONPATH=/home/dev_ws/install/face_controller/lib/python3.8/site-packages:${PYTHONPATH} /usr/bin/python3 setup.py egg_info --egg-base ../../build/face_controller build --build-base /home/dev_ws/build/face_controller/build install --prefix /home/dev_ws/install/face_controller --record /home/dev_ws/build/face_controller/install.log --single-version-externally-managed
[6.077s] running egg_info
[6.080s] writing ../../build/face_controller/face_controller.egg-info/PKG-INFO
[6.081s] writing dependency_links to ../../build/face_controller/face_controller.egg-info/dependency_links.txt
[6.082s] writing entry points to ../../build/face_controller/face_controller.egg-info/entry_points.txt
[6.082s] writing requirements to ../../build/face_controller/face_controller.egg-info/requires.txt
[6.093s] writing top-level names to ../../build/face_controller/face_controller.egg-info/top_level.txt
[6.310s] reading manifest file '../../build/face_controller/face_controller.egg-info/SOURCES.txt'
[6.316s] writing manifest file '../../build/face_controller/face_controller.egg-info/SOURCES.txt'
[6.317s] running build
[6.318s] running build_py
[6.322s] running install
[6.324s] running install_lib
[6.341s] running install_data
[6.341s] running install_egg_info
[6.341s] removing '/home/dev_ws/install/face_controller/lib/python3.8/site-packages/face_controller-0.0.0-py3.8.egg-info' (and everything under it)
[6.342s] Copying ../../build/face_controller/face_controller.egg-info to /home/dev_ws/install/face_controller/lib/python3.8/site-packages/face_controller-0.0.0-py3.8.egg-info
[6.354s] running install_scripts
[6.418s] Installing facial_expression script to /home/dev_ws/install/face_controller/lib/face_controller
[6.425s] writing list of installed files to '/home/dev_ws/build/face_controller/install.log'
[6.574s] Invoked command in '/home/dev_ws/src/face_controller' returned '0': PYTHONPATH=/home/dev_ws/install/face_controller/lib/python3.8/site-packages:${PYTHONPATH} /usr/bin/python3 setup.py egg_info --egg-base ../../build/face_controller build --build-base /home/dev_ws/build/face_controller/build install --prefix /home/dev_ws/install/face_controller --record /home/dev_ws/build/face_controller/install.log --single-version-externally-managed
