[4.932s] Invoking command in '/home/dev_ws/src/utils': PYTHONPATH=/home/dev_ws/install/utils/lib/python3.8/site-packages:${PYTHONPATH} /usr/bin/python3 setup.py egg_info --egg-base ../../build/utils build --build-base /home/dev_ws/build/utils/build install --prefix /home/dev_ws/install/utils --record /home/dev_ws/build/utils/install.log --single-version-externally-managed
[5.639s] running egg_info
[5.642s] writing ../../build/utils/utils.egg-info/PKG-INFO
[5.642s] writing dependency_links to ../../build/utils/utils.egg-info/dependency_links.txt
[5.642s] writing entry points to ../../build/utils/utils.egg-info/entry_points.txt
[5.642s] writing requirements to ../../build/utils/utils.egg-info/requires.txt
[5.642s] writing top-level names to ../../build/utils/utils.egg-info/top_level.txt
[5.779s] reading manifest file '../../build/utils/utils.egg-info/SOURCES.txt'
[5.782s] writing manifest file '../../build/utils/utils.egg-info/SOURCES.txt'
[5.783s] running build
[5.784s] running build_py
[5.785s] running install
[5.792s] running install_lib
[5.798s] running install_data
[5.799s] running install_egg_info
[5.809s] removing '/home/dev_ws/install/utils/lib/python3.8/site-packages/utils-0.0.0-py3.8.egg-info' (and everything under it)
[5.810s] Copying ../../build/utils/utils.egg-info to /home/dev_ws/install/utils/lib/python3.8/site-packages/utils-0.0.0-py3.8.egg-info
[5.816s] running install_scripts
[5.892s] Installing utils script to /home/dev_ws/install/utils/lib/utils
[5.895s] writing list of installed files to '/home/dev_ws/build/utils/install.log'
[6.135s] Invoked command in '/home/dev_ws/src/utils' returned '0': PYTHONPATH=/home/dev_ws/install/utils/lib/python3.8/site-packages:${PYTHONPATH} /usr/bin/python3 setup.py egg_info --egg-base ../../build/utils build --build-base /home/dev_ws/build/utils/build install --prefix /home/dev_ws/install/utils --record /home/dev_ws/build/utils/install.log --single-version-externally-managed
