[2.413s] Invoking command in '/home/jubileo/src/utils': PYTHONPATH=/home/jubileo/install/utils/lib/python3.8/site-packages:${PYTHONPATH} /usr/bin/python3 setup.py egg_info --egg-base ../../build/utils build --build-base /home/jubileo/build/utils/build install --prefix /home/jubileo/install/utils --record /home/jubileo/build/utils/install.log --single-version-externally-managed
[2.713s] running egg_info
[2.713s] writing ../../build/utils/utils.egg-info/PKG-INFO
[2.715s] writing dependency_links to ../../build/utils/utils.egg-info/dependency_links.txt
[2.716s] writing entry points to ../../build/utils/utils.egg-info/entry_points.txt
[2.716s] writing requirements to ../../build/utils/utils.egg-info/requires.txt
[2.716s] writing top-level names to ../../build/utils/utils.egg-info/top_level.txt
[2.770s] reading manifest file '../../build/utils/utils.egg-info/SOURCES.txt'
[2.773s] writing manifest file '../../build/utils/utils.egg-info/SOURCES.txt'
[2.774s] running build
[2.774s] running build_py
[2.774s] running install
[2.775s] running install_lib
[2.779s] running install_data
[2.779s] running install_egg_info
[2.782s] removing '/home/jubileo/install/utils/lib/python3.8/site-packages/utils-0.0.0-py3.8.egg-info' (and everything under it)
[2.783s] Copying ../../build/utils/utils.egg-info to /home/jubileo/install/utils/lib/python3.8/site-packages/utils-0.0.0-py3.8.egg-info
[2.786s] running install_scripts
[2.821s] Installing utils script to /home/jubileo/install/utils/lib/utils
[2.822s] writing list of installed files to '/home/jubileo/build/utils/install.log'
[2.929s] Invoked command in '/home/jubileo/src/utils' returned '0': PYTHONPATH=/home/jubileo/install/utils/lib/python3.8/site-packages:${PYTHONPATH} /usr/bin/python3 setup.py egg_info --egg-base ../../build/utils build --build-base /home/jubileo/build/utils/build install --prefix /home/jubileo/install/utils --record /home/jubileo/build/utils/install.log --single-version-externally-managed
