[5.419s] Invoking command in '/home/dev_ws/src/audio': PYTHONPATH=/home/dev_ws/install/audio/lib/python3.8/site-packages:${PYTHONPATH} /usr/bin/python3 setup.py egg_info --egg-base ../../build/audio build --build-base /home/dev_ws/build/audio/build install --prefix /home/dev_ws/install/audio --record /home/dev_ws/build/audio/install.log --single-version-externally-managed
[6.398s] running egg_info
[6.403s] writing ../../build/audio/audio.egg-info/PKG-INFO
[6.404s] writing dependency_links to ../../build/audio/audio.egg-info/dependency_links.txt
[6.415s] writing entry points to ../../build/audio/audio.egg-info/entry_points.txt
[6.415s] writing requirements to ../../build/audio/audio.egg-info/requires.txt
[6.416s] writing top-level names to ../../build/audio/audio.egg-info/top_level.txt
[6.557s] reading manifest file '../../build/audio/audio.egg-info/SOURCES.txt'
[6.562s] writing manifest file '../../build/audio/audio.egg-info/SOURCES.txt'
[6.568s] running build
[6.570s] running build_py
[6.571s] copying audio/send_audio.py -> /home/dev_ws/build/audio/build/lib/audio
[6.573s] running install
[6.590s] running install_lib
[6.591s] copying /home/dev_ws/build/audio/build/lib/audio/send_audio.py -> /home/dev_ws/install/audio/lib/python3.8/site-packages/audio
[6.593s] byte-compiling /home/dev_ws/install/audio/lib/python3.8/site-packages/audio/send_audio.py to send_audio.cpython-38.pyc
[6.610s] running install_data
[6.611s] running install_egg_info
[6.620s] removing '/home/dev_ws/install/audio/lib/python3.8/site-packages/audio-0.0.0-py3.8.egg-info' (and everything under it)
[6.620s] Copying ../../build/audio/audio.egg-info to /home/dev_ws/install/audio/lib/python3.8/site-packages/audio-0.0.0-py3.8.egg-info
[6.625s] running install_scripts
[6.736s] Installing send_audio script to /home/dev_ws/install/audio/lib/audio
[6.736s] Installing speech_to_text script to /home/dev_ws/install/audio/lib/audio
[6.745s] writing list of installed files to '/home/dev_ws/build/audio/install.log'
[6.871s] Invoked command in '/home/dev_ws/src/audio' returned '0': PYTHONPATH=/home/dev_ws/install/audio/lib/python3.8/site-packages:${PYTHONPATH} /usr/bin/python3 setup.py egg_info --egg-base ../../build/audio build --build-base /home/dev_ws/build/audio/build install --prefix /home/dev_ws/install/audio --record /home/dev_ws/build/audio/install.log --single-version-externally-managed
