[5.908s] Invoking command in '/home/dev_ws/src/audio': PYTHONPATH=/home/dev_ws/install/audio/lib/python3.8/site-packages:${PYTHONPATH} /usr/bin/python3 setup.py egg_info --egg-base ../../build/audio build --build-base /home/dev_ws/build/audio/build install --prefix /home/dev_ws/install/audio --record /home/dev_ws/build/audio/install.log --single-version-externally-managed
[6.776s] running egg_info
[6.779s] writing ../../build/audio/audio.egg-info/PKG-INFO
[6.780s] writing dependency_links to ../../build/audio/audio.egg-info/dependency_links.txt
[6.782s] writing entry points to ../../build/audio/audio.egg-info/entry_points.txt
[6.782s] writing requirements to ../../build/audio/audio.egg-info/requires.txt
[6.783s] writing top-level names to ../../build/audio/audio.egg-info/top_level.txt
[6.974s] reading manifest file '../../build/audio/audio.egg-info/SOURCES.txt'
[6.979s] writing manifest file '../../build/audio/audio.egg-info/SOURCES.txt'
[6.979s] running build
[6.980s] running build_py
[6.981s] copying audio/text_to_speech.py -> /home/dev_ws/build/audio/build/lib/audio
[6.982s] running install
[6.986s] running install_lib
[6.988s] copying /home/dev_ws/build/audio/build/lib/audio/text_to_speech.py -> /home/dev_ws/install/audio/lib/python3.8/site-packages/audio
[6.991s] byte-compiling /home/dev_ws/install/audio/lib/python3.8/site-packages/audio/text_to_speech.py to text_to_speech.cpython-38.pyc
[6.996s] running install_data
[6.997s] running install_egg_info
[7.007s] removing '/home/dev_ws/install/audio/lib/python3.8/site-packages/audio-0.0.0-py3.8.egg-info' (and everything under it)
[7.009s] Copying ../../build/audio/audio.egg-info to /home/dev_ws/install/audio/lib/python3.8/site-packages/audio-0.0.0-py3.8.egg-info
[7.015s] running install_scripts
[7.125s] Installing text_to_speech script to /home/dev_ws/install/audio/lib/audio
[7.130s] writing list of installed files to '/home/dev_ws/build/audio/install.log'
[7.283s] Invoked command in '/home/dev_ws/src/audio' returned '0': PYTHONPATH=/home/dev_ws/install/audio/lib/python3.8/site-packages:${PYTHONPATH} /usr/bin/python3 setup.py egg_info --egg-base ../../build/audio build --build-base /home/dev_ws/build/audio/build install --prefix /home/dev_ws/install/audio --record /home/dev_ws/build/audio/install.log --single-version-externally-managed
