[3.477s] Invoking command in '/home/dev_ws/src/vision': PYTHONPATH=/home/dev_ws/install/vision/lib/python3.8/site-packages:${PYTHONPATH} /usr/bin/python3 setup.py egg_info --egg-base ../../build/vision build --build-base /home/dev_ws/build/vision/build install --prefix /home/dev_ws/install/vision --record /home/dev_ws/build/vision/install.log --single-version-externally-managed
[4.064s] running egg_info
[4.065s] writing ../../build/vision/vision.egg-info/PKG-INFO
[4.066s] writing dependency_links to ../../build/vision/vision.egg-info/dependency_links.txt
[4.067s] writing entry points to ../../build/vision/vision.egg-info/entry_points.txt
[4.068s] writing requirements to ../../build/vision/vision.egg-info/requires.txt
[4.068s] writing top-level names to ../../build/vision/vision.egg-info/top_level.txt
[4.226s] reading manifest file '../../build/vision/vision.egg-info/SOURCES.txt'
[4.228s] writing manifest file '../../build/vision/vision.egg-info/SOURCES.txt'
[4.229s] running build
[4.229s] running build_py
[4.230s] running install
[4.232s] running install_lib
[4.241s] running install_data
[4.241s] running install_egg_info
[4.255s] removing '/home/dev_ws/install/vision/lib/python3.8/site-packages/vision-0.0.0-py3.8.egg-info' (and everything under it)
[4.257s] Copying ../../build/vision/vision.egg-info to /home/dev_ws/install/vision/lib/python3.8/site-packages/vision-0.0.0-py3.8.egg-info
[4.261s] running install_scripts
[4.314s] Installing color_detector script to /home/dev_ws/install/vision/lib/vision
[4.315s] Installing face_detector script to /home/dev_ws/install/vision/lib/vision
[4.316s] Installing face_recognizer script to /home/dev_ws/install/vision/lib/vision
[4.317s] Installing facial_expression_detector script to /home/dev_ws/install/vision/lib/vision
[4.318s] writing list of installed files to '/home/dev_ws/build/vision/install.log'
[4.431s] Invoked command in '/home/dev_ws/src/vision' returned '0': PYTHONPATH=/home/dev_ws/install/vision/lib/python3.8/site-packages:${PYTHONPATH} /usr/bin/python3 setup.py egg_info --egg-base ../../build/vision build --build-base /home/dev_ws/build/vision/build install --prefix /home/dev_ws/install/vision --record /home/dev_ws/build/vision/install.log --single-version-externally-managed
