[4.974s] Invoking command in '/home/dev_ws/src/audio': PYTHONPATH=/home/dev_ws/install/audio/lib/python3.8/site-packages:${PYTHONPATH} /usr/bin/python3 setup.py egg_info --egg-base ../../build/audio build --build-base /home/dev_ws/build/audio/build install --prefix /home/dev_ws/install/audio --record /home/dev_ws/build/audio/install.log --single-version-externally-managed
[5.758s] running egg_info
[5.762s] writing ../../build/audio/audio.egg-info/PKG-INFO
[5.762s] writing dependency_links to ../../build/audio/audio.egg-info/dependency_links.txt
[5.762s] writing entry points to ../../build/audio/audio.egg-info/entry_points.txt
[5.764s] writing requirements to ../../build/audio/audio.egg-info/requires.txt
[5.765s] writing top-level names to ../../build/audio/audio.egg-info/top_level.txt
[5.920s] reading manifest file '../../build/audio/audio.egg-info/SOURCES.txt'
[5.920s] writing manifest file '../../build/audio/audio.egg-info/SOURCES.txt'
[5.921s] running build
[5.921s] running build_py
[5.924s] copying audio/send_audio.py -> /home/dev_ws/build/audio/build/lib/audio
[5.929s] running install
[5.937s] running install_lib
[5.939s] copying /home/dev_ws/build/audio/build/lib/audio/send_audio.py -> /home/dev_ws/install/audio/lib/python3.8/site-packages/audio
[5.941s] byte-compiling /home/dev_ws/install/audio/lib/python3.8/site-packages/audio/send_audio.py to send_audio.cpython-38.pyc
[5.951s] running install_data
[5.953s] running install_egg_info
[5.959s] removing '/home/dev_ws/install/audio/lib/python3.8/site-packages/audio-0.0.0-py3.8.egg-info' (and everything under it)
[5.961s] Copying ../../build/audio/audio.egg-info to /home/dev_ws/install/audio/lib/python3.8/site-packages/audio-0.0.0-py3.8.egg-info
[5.966s] running install_scripts
[6.063s] Installing send_audio script to /home/dev_ws/install/audio/lib/audio
[6.063s] Installing speech_to_text script to /home/dev_ws/install/audio/lib/audio
[6.065s] writing list of installed files to '/home/dev_ws/build/audio/install.log'
[6.219s] Invoked command in '/home/dev_ws/src/audio' returned '0': PYTHONPATH=/home/dev_ws/install/audio/lib/python3.8/site-packages:${PYTHONPATH} /usr/bin/python3 setup.py egg_info --egg-base ../../build/audio build --build-base /home/dev_ws/build/audio/build install --prefix /home/dev_ws/install/audio --record /home/dev_ws/build/audio/install.log --single-version-externally-managed
