[5.242s] Invoking command in '/home/dev_ws/src/manipulation': PYTHONPATH=/home/dev_ws/src/install/manipulation/lib/python3.8/site-packages:${PYTHONPATH} /usr/bin/python3 setup.py egg_info --egg-base ../build/manipulation build --build-base /home/dev_ws/src/build/manipulation/build install --prefix /home/dev_ws/src/install/manipulation --record /home/dev_ws/src/build/manipulation/install.log --single-version-externally-managed
[6.038s] running egg_info
[6.042s] writing ../build/manipulation/manipulation.egg-info/PKG-INFO
[6.044s] writing dependency_links to ../build/manipulation/manipulation.egg-info/dependency_links.txt
[6.045s] writing entry points to ../build/manipulation/manipulation.egg-info/entry_points.txt
[6.046s] writing requirements to ../build/manipulation/manipulation.egg-info/requires.txt
[6.047s] writing top-level names to ../build/manipulation/manipulation.egg-info/top_level.txt
[6.190s] reading manifest file '../build/manipulation/manipulation.egg-info/SOURCES.txt'
[6.194s] writing manifest file '../build/manipulation/manipulation.egg-info/SOURCES.txt'
[6.194s] running build
[6.195s] running build_py
[6.195s] copying manipulation/grab_object.py -> /home/dev_ws/src/build/manipulation/build/lib/manipulation
[6.196s] running install
[6.198s] running install_lib
[6.203s] copying /home/dev_ws/src/build/manipulation/build/lib/manipulation/grab_object.py -> /home/dev_ws/src/install/manipulation/lib/python3.8/site-packages/manipulation
[6.205s] byte-compiling /home/dev_ws/src/install/manipulation/lib/python3.8/site-packages/manipulation/grab_object.py to grab_object.cpython-38.pyc
[6.222s] running install_data
[6.223s] running install_egg_info
[6.223s] removing '/home/dev_ws/src/install/manipulation/lib/python3.8/site-packages/manipulation-0.0.0-py3.8.egg-info' (and everything under it)
[6.224s] Copying ../build/manipulation/manipulation.egg-info to /home/dev_ws/src/install/manipulation/lib/python3.8/site-packages/manipulation-0.0.0-py3.8.egg-info
[6.238s] running install_scripts
[6.305s] Installing grab_object script to /home/dev_ws/src/install/manipulation/lib/manipulation
[6.306s] writing list of installed files to '/home/dev_ws/src/build/manipulation/install.log'
[6.474s] Invoked command in '/home/dev_ws/src/manipulation' returned '0': PYTHONPATH=/home/dev_ws/src/install/manipulation/lib/python3.8/site-packages:${PYTHONPATH} /usr/bin/python3 setup.py egg_info --egg-base ../build/manipulation build --build-base /home/dev_ws/src/build/manipulation/build install --prefix /home/dev_ws/src/install/manipulation --record /home/dev_ws/src/build/manipulation/install.log --single-version-externally-managed
