[4.238s] Invoking command in '/home/dev_ws/src/utils': PYTHONPATH=/home/dev_ws/install/utils/lib/python3.8/site-packages:${PYTHONPATH} /usr/bin/python3 setup.py egg_info --egg-base ../../build/utils build --build-base /home/dev_ws/build/utils/build install --prefix /home/dev_ws/install/utils --record /home/dev_ws/build/utils/install.log --single-version-externally-managed
[4.978s] running egg_info
[4.980s] writing ../../build/utils/utils.egg-info/PKG-INFO
[4.980s] writing dependency_links to ../../build/utils/utils.egg-info/dependency_links.txt
[4.980s] writing entry points to ../../build/utils/utils.egg-info/entry_points.txt
[4.986s] writing requirements to ../../build/utils/utils.egg-info/requires.txt
[4.986s] writing top-level names to ../../build/utils/utils.egg-info/top_level.txt
[5.126s] reading manifest file '../../build/utils/utils.egg-info/SOURCES.txt'
[5.131s] writing manifest file '../../build/utils/utils.egg-info/SOURCES.txt'
[5.131s] running build
[5.131s] running build_py
[5.132s] running install
[5.134s] running install_lib
[5.159s] running install_data
[5.160s] running install_egg_info
[5.160s] removing '/home/dev_ws/install/utils/lib/python3.8/site-packages/utils-0.0.0-py3.8.egg-info' (and everything under it)
[5.173s] Copying ../../build/utils/utils.egg-info to /home/dev_ws/install/utils/lib/python3.8/site-packages/utils-0.0.0-py3.8.egg-info
[5.174s] running install_scripts
[5.246s] Installing utils script to /home/dev_ws/install/utils/lib/utils
[5.247s] writing list of installed files to '/home/dev_ws/build/utils/install.log'
[5.422s] Invoked command in '/home/dev_ws/src/utils' returned '0': PYTHONPATH=/home/dev_ws/install/utils/lib/python3.8/site-packages:${PYTHONPATH} /usr/bin/python3 setup.py egg_info --egg-base ../../build/utils build --build-base /home/dev_ws/build/utils/build install --prefix /home/dev_ws/install/utils --record /home/dev_ws/build/utils/install.log --single-version-externally-managed
