[2.574s] Invoking command in '/home/dev_ws/src/build/unity_robotics_demo_msgs': CMAKE_PREFIX_PATH=${CMAKE_PREFIX_PATH}:/opt/ros/foxy:/home/dev_ws/install/vision:/home/dev_ws/install/utils:/home/dev_ws/install/unity_robotics_demo:/home/dev_ws/install/ros_tcp_endpoint:/home/dev_ws/install/face_controller:/home/dev_ws/install/audio /usr/bin/cmake /home/dev_ws/src/unity_robotics_demo_msgs -DCMAKE_INSTALL_PREFIX=/home/dev_ws/src/install/unity_robotics_demo_msgs
[3.605s] -- The C compiler identification is GNU 9.4.0
[3.606s] -- The CXX compiler identification is GNU 9.4.0
[3.606s] -- Check for working C compiler: /usr/bin/cc
[3.607s] -- Check for working C compiler: /usr/bin/cc -- works
[3.607s] -- Detecting C compiler ABI info
[3.608s] -- Detecting C compiler ABI info - done
[3.609s] -- Detecting C compile features
[3.609s] -- Detecting C compile features - done
[3.610s] -- Check for working CXX compiler: /usr/bin/c++
[3.903s] -- Check for working CXX compiler: /usr/bin/c++ -- works
[3.907s] -- Detecting CXX compiler ABI info
[4.246s] -- Detecting CXX compiler ABI info - done
[4.296s] -- Detecting CXX compile features
[4.298s] -- Detecting CXX compile features - done
[4.311s] -- Found rosidl_default_generators: 1.0.1 (/opt/ros/foxy/share/rosidl_default_generators/cmake)
[4.317s] -- Found ament_cmake_core: 0.9.9 (/opt/ros/foxy/share/ament_cmake_core/cmake)
[4.436s] -- Found PythonInterp: /usr/bin/python3 (found suitable version "3.8.10", minimum required is "3") 
[4.437s] -- Using PYTHON_EXECUTABLE: /usr/bin/python3
[5.249s] -- Using all available rosidl_typesupport_c: rosidl_typesupport_fastrtps_c;rosidl_typesupport_introspection_c
[5.313s] -- Found rosidl_adapter: 1.2.1 (/opt/ros/foxy/share/rosidl_adapter/cmake)
[6.041s] -- Found OpenSSL: /usr/lib/x86_64-linux-gnu/libcrypto.so (found version "1.1.1f")  
[6.154s] -- Found FastRTPS: /opt/ros/foxy/include  
[6.588s] -- Using all available rosidl_typesupport_cpp: rosidl_typesupport_fastrtps_cpp;rosidl_typesupport_introspection_cpp
[6.727s] -- Found builtin_interfaces: 1.0.0 (/opt/ros/foxy/share/builtin_interfaces/cmake)
[6.806s] -- Found geometry_msgs: 2.0.5 (/opt/ros/foxy/share/geometry_msgs/cmake)
[7.094s] -- Found PythonInterp: /usr/bin/python3 (found version "3.8.10") 
[7.810s] -- Found ament_cmake_ros: 0.9.2 (/opt/ros/foxy/share/ament_cmake_ros/cmake)
[8.501s] -- Using all available rosidl_typesupport_c: rosidl_typesupport_fastrtps_c;rosidl_typesupport_introspection_c
[8.850s] -- Using all available rosidl_typesupport_cpp: rosidl_typesupport_fastrtps_cpp;rosidl_typesupport_introspection_cpp
[8.925s] -- Found PythonInterp: /usr/bin/python3 (found suitable version "3.8.10", minimum required is "3.5") 
[8.930s] -- Found python_cmake_module: 0.8.1 (/opt/ros/foxy/share/python_cmake_module/cmake)
[8.996s] -- Found PythonLibs: /usr/lib/x86_64-linux-gnu/libpython3.8.so (found suitable version "3.8.10", minimum required is "3.5") 
[8.997s] -- Using PYTHON_EXECUTABLE: /usr/bin/python3
[8.997s] -- Using PYTHON_INCLUDE_DIRS: /usr/include/python3.8
[8.997s] -- Using PYTHON_LIBRARIES: /usr/lib/x86_64-linux-gnu/libpython3.8.so
[9.052s] -- Found PythonExtra: .so  
[9.282s] -- Found ament_lint_auto: 0.9.6 (/opt/ros/foxy/share/ament_lint_auto/cmake)
[9.371s] -- Added test 'copyright' to check source files copyright and LICENSE
[9.380s] -- Added test 'lint_cmake' to check CMake code style
[9.385s] -- Added test 'xmllint' to check XML markup files
[9.400s] -- Configuring done
[9.650s] -- Generating done
[9.662s] -- Build files have been written to: /home/dev_ws/src/build/unity_robotics_demo_msgs
[9.678s] Invoked command in '/home/dev_ws/src/build/unity_robotics_demo_msgs' returned '0': CMAKE_PREFIX_PATH=${CMAKE_PREFIX_PATH}:/opt/ros/foxy:/home/dev_ws/install/vision:/home/dev_ws/install/utils:/home/dev_ws/install/unity_robotics_demo:/home/dev_ws/install/ros_tcp_endpoint:/home/dev_ws/install/face_controller:/home/dev_ws/install/audio /usr/bin/cmake /home/dev_ws/src/unity_robotics_demo_msgs -DCMAKE_INSTALL_PREFIX=/home/dev_ws/src/install/unity_robotics_demo_msgs
[9.686s] Invoking command in '/home/dev_ws/src/build/unity_robotics_demo_msgs': CMAKE_PREFIX_PATH=${CMAKE_PREFIX_PATH}:/opt/ros/foxy:/home/dev_ws/install/vision:/home/dev_ws/install/utils:/home/dev_ws/install/unity_robotics_demo:/home/dev_ws/install/ros_tcp_endpoint:/home/dev_ws/install/face_controller:/home/dev_ws/install/audio /usr/bin/cmake --build /home/dev_ws/src/build/unity_robotics_demo_msgs -- -j12 -l12
[9.796s] [35m[1mScanning dependencies of target unity_robotics_demo_msgs__cpp[0m
[9.802s] [  1%] [34m[1mGenerating C code for ROS interfaces[0m
[9.826s] [  2%] [34m[1mGenerating C++ code for ROS interfaces[0m
[11.709s] [  2%] Built target unity_robotics_demo_msgs__cpp
[11.750s] [  3%] [34m[1mGenerating C++ type support dispatch for ROS interfaces[0m
[11.771s] [  5%] [34m[1mGenerating C++ introspection for ROS interfaces[0m
[11.772s] [  5%] [34m[1mGenerating C++ type support for eProsima Fast-RTPS[0m
[11.865s] [35m[1mScanning dependencies of target unity_robotics_demo_msgs__rosidl_generator_c[0m
[11.923s] [  8%] [32mBuilding C object CMakeFiles/unity_robotics_demo_msgs__rosidl_generator_c.dir/rosidl_generator_c/unity_robotics_demo_msgs/msg/detail/targets_reached__functions.c.o[0m
[11.926s] [  8%] [32mBuilding C object CMakeFiles/unity_robotics_demo_msgs__rosidl_generator_c.dir/rosidl_generator_c/unity_robotics_demo_msgs/msg/detail/audio__functions.c.o[0m
[11.926s] [  9%] [32mBuilding C object CMakeFiles/unity_robotics_demo_msgs__rosidl_generator_c.dir/rosidl_generator_c/unity_robotics_demo_msgs/msg/detail/pos_eyelids__functions.c.o[0m
[11.930s] [ 11%] [32mBuilding C object CMakeFiles/unity_robotics_demo_msgs__rosidl_generator_c.dir/rosidl_generator_c/unity_robotics_demo_msgs/msg/detail/joints_to_target__functions.c.o[0m
[11.931s] [ 11%] [32mBuilding C object CMakeFiles/unity_robotics_demo_msgs__rosidl_generator_c.dir/rosidl_generator_c/unity_robotics_demo_msgs/msg/detail/unity_color__functions.c.o[0m
[11.931s] [ 12%] [32mBuilding C object CMakeFiles/unity_robotics_demo_msgs__rosidl_generator_c.dir/rosidl_generator_c/unity_robotics_demo_msgs/msg/detail/pos_rot__functions.c.o[0m
[11.943s] [ 13%] [32mBuilding C object CMakeFiles/unity_robotics_demo_msgs__rosidl_generator_c.dir/rosidl_generator_c/unity_robotics_demo_msgs/srv/detail/position_service__functions.c.o[0m
[11.948s] [ 14%] [32mBuilding C object CMakeFiles/unity_robotics_demo_msgs__rosidl_generator_c.dir/rosidl_generator_c/unity_robotics_demo_msgs/srv/detail/object_pose_service__functions.c.o[0m
[12.127s] [ 16%] [32m[1mLinking C shared library libunity_robotics_demo_msgs__rosidl_generator_c.so[0m
[12.247s] [ 16%] Built target unity_robotics_demo_msgs__rosidl_generator_c
[12.273s] [ 17%] [34m[1mGenerating C introspection for ROS interfaces[0m
[12.275s] [ 18%] [34m[1mGenerating C type support dispatch for ROS interfaces[0m
[13.113s] [35m[1mScanning dependencies of target unity_robotics_demo_msgs__rosidl_typesupport_cpp[0m
[13.182s] [ 19%] [32mBuilding CXX object CMakeFiles/unity_robotics_demo_msgs__rosidl_typesupport_cpp.dir/rosidl_typesupport_cpp/unity_robotics_demo_msgs/msg/unity_color__type_support.cpp.o[0m
[13.182s] [ 20%] [32mBuilding CXX object CMakeFiles/unity_robotics_demo_msgs__rosidl_typesupport_cpp.dir/rosidl_typesupport_cpp/unity_robotics_demo_msgs/msg/pos_rot__type_support.cpp.o[0m
[13.183s] [ 21%] [32mBuilding CXX object CMakeFiles/unity_robotics_demo_msgs__rosidl_typesupport_cpp.dir/rosidl_typesupport_cpp/unity_robotics_demo_msgs/msg/joints_to_target__type_support.cpp.o[0m
[13.183s] [ 22%] [32mBuilding CXX object CMakeFiles/unity_robotics_demo_msgs__rosidl_typesupport_cpp.dir/rosidl_typesupport_cpp/unity_robotics_demo_msgs/srv/position_service__type_support.cpp.o[0m
[13.185s] [ 24%] [32mBuilding CXX object CMakeFiles/unity_robotics_demo_msgs__rosidl_typesupport_cpp.dir/rosidl_typesupport_cpp/unity_robotics_demo_msgs/msg/targets_reached__type_support.cpp.o[0m
[13.186s] [ 25%] [32mBuilding CXX object CMakeFiles/unity_robotics_demo_msgs__rosidl_typesupport_cpp.dir/rosidl_typesupport_cpp/unity_robotics_demo_msgs/msg/audio__type_support.cpp.o[0m
[13.200s] [ 26%] [32mBuilding CXX object CMakeFiles/unity_robotics_demo_msgs__rosidl_typesupport_cpp.dir/rosidl_typesupport_cpp/unity_robotics_demo_msgs/msg/pos_eyelids__type_support.cpp.o[0m
[13.218s] [ 27%] [32mBuilding CXX object CMakeFiles/unity_robotics_demo_msgs__rosidl_typesupport_cpp.dir/rosidl_typesupport_cpp/unity_robotics_demo_msgs/srv/object_pose_service__type_support.cpp.o[0m
[14.500s] [35m[1mScanning dependencies of target unity_robotics_demo_msgs__rosidl_typesupport_c[0m
[14.552s] [35m[1mScanning dependencies of target unity_robotics_demo_msgs__rosidl_typesupport_introspection_cpp[0m
[14.582s] [ 28%] [32mBuilding CXX object CMakeFiles/unity_robotics_demo_msgs__rosidl_typesupport_c.dir/rosidl_typesupport_c/unity_robotics_demo_msgs/msg/targets_reached__type_support.cpp.o[0m
[14.620s] [ 29%] [32mBuilding CXX object CMakeFiles/unity_robotics_demo_msgs__rosidl_typesupport_c.dir/rosidl_typesupport_c/unity_robotics_demo_msgs/msg/audio__type_support.cpp.o[0m
[14.631s] [ 31%] [32mBuilding CXX object CMakeFiles/unity_robotics_demo_msgs__rosidl_typesupport_c.dir/rosidl_typesupport_c/unity_robotics_demo_msgs/msg/joints_to_target__type_support.cpp.o[0m
[14.658s] [ 32%] [32mBuilding CXX object CMakeFiles/unity_robotics_demo_msgs__rosidl_typesupport_introspection_cpp.dir/rosidl_typesupport_introspection_cpp/unity_robotics_demo_msgs/msg/detail/targets_reached__type_support.cpp.o[0m
[14.668s] [ 34%] [32mBuilding CXX object CMakeFiles/unity_robotics_demo_msgs__rosidl_typesupport_c.dir/rosidl_typesupport_c/unity_robotics_demo_msgs/msg/pos_eyelids__type_support.cpp.o[0m
[14.668s] [ 34%] [32mBuilding CXX object CMakeFiles/unity_robotics_demo_msgs__rosidl_typesupport_c.dir/rosidl_typesupport_c/unity_robotics_demo_msgs/msg/pos_rot__type_support.cpp.o[0m
[14.699s] [35m[1mScanning dependencies of target unity_robotics_demo_msgs__rosidl_typesupport_fastrtps_cpp[0m
[14.740s] [ 35%] [32mBuilding CXX object CMakeFiles/unity_robotics_demo_msgs__rosidl_typesupport_c.dir/rosidl_typesupport_c/unity_robotics_demo_msgs/msg/unity_color__type_support.cpp.o[0m
[14.745s] [ 36%] [32mBuilding CXX object CMakeFiles/unity_robotics_demo_msgs__rosidl_typesupport_c.dir/rosidl_typesupport_c/unity_robotics_demo_msgs/srv/position_service__type_support.cpp.o[0m
[14.747s] [ 37%] [32mBuilding CXX object CMakeFiles/unity_robotics_demo_msgs__rosidl_typesupport_c.dir/rosidl_typesupport_c/unity_robotics_demo_msgs/srv/object_pose_service__type_support.cpp.o[0m
[14.757s] [ 39%] [32mBuilding CXX object CMakeFiles/unity_robotics_demo_msgs__rosidl_typesupport_introspection_cpp.dir/rosidl_typesupport_introspection_cpp/unity_robotics_demo_msgs/msg/detail/audio__type_support.cpp.o[0m
[14.780s] [ 40%] [32mBuilding CXX object CMakeFiles/unity_robotics_demo_msgs__rosidl_typesupport_introspection_cpp.dir/rosidl_typesupport_introspection_cpp/unity_robotics_demo_msgs/msg/detail/joints_to_target__type_support.cpp.o[0m
[14.781s] [ 41%] [32mBuilding CXX object CMakeFiles/unity_robotics_demo_msgs__rosidl_typesupport_introspection_cpp.dir/rosidl_typesupport_introspection_cpp/unity_robotics_demo_msgs/msg/detail/pos_eyelids__type_support.cpp.o[0m
[14.782s] [35m[1mScanning dependencies of target unity_robotics_demo_msgs__rosidl_typesupport_introspection_c[0m
[14.828s] [ 42%] [32mBuilding CXX object CMakeFiles/unity_robotics_demo_msgs__rosidl_typesupport_introspection_cpp.dir/rosidl_typesupport_introspection_cpp/unity_robotics_demo_msgs/msg/detail/unity_color__type_support.cpp.o[0m
[14.853s] [ 43%] [32mBuilding CXX object CMakeFiles/unity_robotics_demo_msgs__rosidl_typesupport_introspection_cpp.dir/rosidl_typesupport_introspection_cpp/unity_robotics_demo_msgs/msg/detail/pos_rot__type_support.cpp.o[0m
[14.881s] [ 44%] [32m[1mLinking CXX shared library libunity_robotics_demo_msgs__rosidl_typesupport_cpp.so[0m
[14.884s] [ 45%] [32mBuilding CXX object CMakeFiles/unity_robotics_demo_msgs__rosidl_typesupport_fastrtps_cpp.dir/rosidl_typesupport_fastrtps_cpp/unity_robotics_demo_msgs/msg/detail/dds_fastrtps/targets_reached__type_support.cpp.o[0m
[14.889s] [ 47%] [32mBuilding CXX object CMakeFiles/unity_robotics_demo_msgs__rosidl_typesupport_fastrtps_cpp.dir/rosidl_typesupport_fastrtps_cpp/unity_robotics_demo_msgs/msg/detail/dds_fastrtps/audio__type_support.cpp.o[0m
[14.909s] [ 48%] [32mBuilding CXX object CMakeFiles/unity_robotics_demo_msgs__rosidl_typesupport_introspection_cpp.dir/rosidl_typesupport_introspection_cpp/unity_robotics_demo_msgs/srv/detail/position_service__type_support.cpp.o[0m
[14.917s] [ 49%] [32m[1mLinking CXX shared library libunity_robotics_demo_msgs__rosidl_typesupport_c.so[0m
[14.933s] [ 50%] [32mBuilding C object CMakeFiles/unity_robotics_demo_msgs__rosidl_typesupport_introspection_c.dir/rosidl_typesupport_introspection_c/unity_robotics_demo_msgs/msg/detail/targets_reached__type_support.c.o[0m
[15.186s] [ 50%] Built target unity_robotics_demo_msgs__rosidl_typesupport_cpp
[15.191s] [ 51%] [32mBuilding C object CMakeFiles/unity_robotics_demo_msgs__rosidl_typesupport_introspection_c.dir/rosidl_typesupport_introspection_c/unity_robotics_demo_msgs/msg/detail/audio__type_support.c.o[0m
[15.220s] [ 52%] [32mBuilding CXX object CMakeFiles/unity_robotics_demo_msgs__rosidl_typesupport_fastrtps_cpp.dir/rosidl_typesupport_fastrtps_cpp/unity_robotics_demo_msgs/msg/detail/dds_fastrtps/joints_to_target__type_support.cpp.o[0m
[15.223s] [ 52%] Built target unity_robotics_demo_msgs__rosidl_typesupport_c
[15.298s] [ 54%] [32mBuilding C object CMakeFiles/unity_robotics_demo_msgs__rosidl_typesupport_introspection_c.dir/rosidl_typesupport_introspection_c/unity_robotics_demo_msgs/msg/detail/joints_to_target__type_support.c.o[0m
[15.428s] [ 55%] [32mBuilding CXX object CMakeFiles/unity_robotics_demo_msgs__rosidl_typesupport_fastrtps_cpp.dir/rosidl_typesupport_fastrtps_cpp/unity_robotics_demo_msgs/msg/detail/dds_fastrtps/pos_eyelids__type_support.cpp.o[0m
[15.566s] [ 56%] [32mBuilding C object CMakeFiles/unity_robotics_demo_msgs__rosidl_typesupport_introspection_c.dir/rosidl_typesupport_introspection_c/unity_robotics_demo_msgs/msg/detail/pos_eyelids__type_support.c.o[0m
[15.839s] [ 57%] [32mBuilding C object CMakeFiles/unity_robotics_demo_msgs__rosidl_typesupport_introspection_c.dir/rosidl_typesupport_introspection_c/unity_robotics_demo_msgs/msg/detail/pos_rot__type_support.c.o[0m
[16.058s] [ 58%] [32mBuilding C object CMakeFiles/unity_robotics_demo_msgs__rosidl_typesupport_introspection_c.dir/rosidl_typesupport_introspection_c/unity_robotics_demo_msgs/msg/detail/unity_color__type_support.c.o[0m
[16.092s] [ 59%] [32mBuilding CXX object CMakeFiles/unity_robotics_demo_msgs__rosidl_typesupport_introspection_cpp.dir/rosidl_typesupport_introspection_cpp/unity_robotics_demo_msgs/srv/detail/object_pose_service__type_support.cpp.o[0m
[16.208s] [ 60%] [32mBuilding C object CMakeFiles/unity_robotics_demo_msgs__rosidl_typesupport_introspection_c.dir/rosidl_typesupport_introspection_c/unity_robotics_demo_msgs/srv/detail/object_pose_service__type_support.c.o[0m
[16.211s] [ 62%] [32mBuilding C object CMakeFiles/unity_robotics_demo_msgs__rosidl_typesupport_introspection_c.dir/rosidl_typesupport_introspection_c/unity_robotics_demo_msgs/srv/detail/position_service__type_support.c.o[0m
[16.232s] [ 63%] [32mBuilding CXX object CMakeFiles/unity_robotics_demo_msgs__rosidl_typesupport_fastrtps_cpp.dir/rosidl_typesupport_fastrtps_cpp/unity_robotics_demo_msgs/msg/detail/dds_fastrtps/pos_rot__type_support.cpp.o[0m
[16.316s] [ 64%] [32mBuilding CXX object CMakeFiles/unity_robotics_demo_msgs__rosidl_typesupport_fastrtps_cpp.dir/rosidl_typesupport_fastrtps_cpp/unity_robotics_demo_msgs/msg/detail/dds_fastrtps/unity_color__type_support.cpp.o[0m
[16.348s] [ 65%] [32mBuilding CXX object CMakeFiles/unity_robotics_demo_msgs__rosidl_typesupport_fastrtps_cpp.dir/rosidl_typesupport_fastrtps_cpp/unity_robotics_demo_msgs/srv/detail/dds_fastrtps/position_service__type_support.cpp.o[0m
[16.373s] [ 66%] [32mBuilding CXX object CMakeFiles/unity_robotics_demo_msgs__rosidl_typesupport_fastrtps_cpp.dir/rosidl_typesupport_fastrtps_cpp/unity_robotics_demo_msgs/srv/detail/dds_fastrtps/object_pose_service__type_support.cpp.o[0m
[16.407s] [ 67%] [32m[1mLinking C shared library libunity_robotics_demo_msgs__rosidl_typesupport_introspection_c.so[0m
[16.600s] [ 67%] Built target unity_robotics_demo_msgs__rosidl_typesupport_introspection_c
[17.316s] [ 68%] [32m[1mLinking CXX shared library libunity_robotics_demo_msgs__rosidl_typesupport_introspection_cpp.so[0m
[17.616s] [ 68%] Built target unity_robotics_demo_msgs__rosidl_typesupport_introspection_cpp
[17.953s] [ 70%] [32m[1mLinking CXX shared library libunity_robotics_demo_msgs__rosidl_typesupport_fastrtps_cpp.so[0m
[18.187s] [ 70%] Built target unity_robotics_demo_msgs__rosidl_typesupport_fastrtps_cpp
[18.210s] [ 71%] [34m[1mGenerating C type support for eProsima Fast-RTPS[0m
[19.676s] [35m[1mScanning dependencies of target unity_robotics_demo_msgs__rosidl_typesupport_fastrtps_c[0m
[19.753s] [ 73%] [32mBuilding CXX object CMakeFiles/unity_robotics_demo_msgs__rosidl_typesupport_fastrtps_c.dir/rosidl_typesupport_fastrtps_c/unity_robotics_demo_msgs/msg/detail/audio__type_support_c.cpp.o[0m
[19.753s] [ 73%] [32mBuilding CXX object CMakeFiles/unity_robotics_demo_msgs__rosidl_typesupport_fastrtps_c.dir/rosidl_typesupport_fastrtps_c/unity_robotics_demo_msgs/msg/detail/pos_eyelids__type_support_c.cpp.o[0m
[19.754s] [ 74%] [32mBuilding CXX object CMakeFiles/unity_robotics_demo_msgs__rosidl_typesupport_fastrtps_c.dir/rosidl_typesupport_fastrtps_c/unity_robotics_demo_msgs/msg/detail/joints_to_target__type_support_c.cpp.o[0m
[19.756s] [ 77%] [32mBuilding CXX object CMakeFiles/unity_robotics_demo_msgs__rosidl_typesupport_fastrtps_c.dir/rosidl_typesupport_fastrtps_c/unity_robotics_demo_msgs/msg/detail/pos_rot__type_support_c.cpp.o[0m
[19.756s] [ 77%] [32mBuilding CXX object CMakeFiles/unity_robotics_demo_msgs__rosidl_typesupport_fastrtps_c.dir/rosidl_typesupport_fastrtps_c/unity_robotics_demo_msgs/msg/detail/targets_reached__type_support_c.cpp.o[0m
[19.757s] [ 78%] [32mBuilding CXX object CMakeFiles/unity_robotics_demo_msgs__rosidl_typesupport_fastrtps_c.dir/rosidl_typesupport_fastrtps_c/unity_robotics_demo_msgs/msg/detail/unity_color__type_support_c.cpp.o[0m
[19.763s] [ 79%] [32mBuilding CXX object CMakeFiles/unity_robotics_demo_msgs__rosidl_typesupport_fastrtps_c.dir/rosidl_typesupport_fastrtps_c/unity_robotics_demo_msgs/srv/detail/position_service__type_support_c.cpp.o[0m
[19.766s] [ 80%] [32mBuilding CXX object CMakeFiles/unity_robotics_demo_msgs__rosidl_typesupport_fastrtps_c.dir/rosidl_typesupport_fastrtps_c/unity_robotics_demo_msgs/srv/detail/object_pose_service__type_support_c.cpp.o[0m
[21.230s] [ 81%] [32m[1mLinking CXX shared library libunity_robotics_demo_msgs__rosidl_typesupport_fastrtps_c.so[0m
[21.456s] [ 81%] Built target unity_robotics_demo_msgs__rosidl_typesupport_fastrtps_c
[21.479s] [35m[1mScanning dependencies of target unity_robotics_demo_msgs[0m
[21.502s] [ 81%] Built target unity_robotics_demo_msgs
[21.528s] [35m[1mScanning dependencies of target unity_robotics_demo_msgs__py[0m
[21.552s] [ 82%] [34m[1mGenerating Python code for ROS interfaces[0m
[24.869s] [ 82%] Built target unity_robotics_demo_msgs__py
[24.889s] [35m[1mScanning dependencies of target unity_robotics_demo_msgs__python[0m
[25.033s] [ 88%] [32mBuilding C object CMakeFiles/unity_robotics_demo_msgs__python.dir/rosidl_generator_py/unity_robotics_demo_msgs/msg/_unity_color_s.c.o[0m
[25.033s] [ 88%] [32mBuilding C object CMakeFiles/unity_robotics_demo_msgs__python.dir/rosidl_generator_py/unity_robotics_demo_msgs/msg/_audio_s.c.o[0m
[25.034s] [ 88%] [32mBuilding C object CMakeFiles/unity_robotics_demo_msgs__python.dir/rosidl_generator_py/unity_robotics_demo_msgs/msg/_joints_to_target_s.c.o[0m
[25.034s] [ 88%] [32mBuilding C object CMakeFiles/unity_robotics_demo_msgs__python.dir/rosidl_generator_py/unity_robotics_demo_msgs/msg/_pos_rot_s.c.o[0m
[25.035s] [ 88%] [32mBuilding C object CMakeFiles/unity_robotics_demo_msgs__python.dir/rosidl_generator_py/unity_robotics_demo_msgs/msg/_targets_reached_s.c.o[0m
[25.035s] [ 89%] [32mBuilding C object CMakeFiles/unity_robotics_demo_msgs__python.dir/rosidl_generator_py/unity_robotics_demo_msgs/msg/_pos_eyelids_s.c.o[0m
[25.036s] [ 90%] [32mBuilding C object CMakeFiles/unity_robotics_demo_msgs__python.dir/rosidl_generator_py/unity_robotics_demo_msgs/srv/_position_service_s.c.o[0m
[25.040s] [ 91%] [32mBuilding C object CMakeFiles/unity_robotics_demo_msgs__python.dir/rosidl_generator_py/unity_robotics_demo_msgs/srv/_object_pose_service_s.c.o[0m
[25.382s] [ 93%] [32m[1mLinking C shared library rosidl_generator_py/unity_robotics_demo_msgs/libunity_robotics_demo_msgs__python.so[0m
[25.483s] [ 93%] Built target unity_robotics_demo_msgs__python
[25.506s] [35m[1mScanning dependencies of target unity_robotics_demo_msgs__rosidl_typesupport_c__pyext[0m
[25.507s] [35m[1mScanning dependencies of target unity_robotics_demo_msgs__rosidl_typesupport_introspection_c__pyext[0m
[25.507s] [35m[1mScanning dependencies of target unity_robotics_demo_msgs__rosidl_typesupport_fastrtps_c__pyext[0m
[25.557s] [ 94%] [32mBuilding C object CMakeFiles/unity_robotics_demo_msgs__rosidl_typesupport_c__pyext.dir/rosidl_generator_py/unity_robotics_demo_msgs/_unity_robotics_demo_msgs_s.ep.rosidl_typesupport_c.c.o[0m
[25.557s] [ 95%] [32mBuilding C object CMakeFiles/unity_robotics_demo_msgs__rosidl_typesupport_introspection_c__pyext.dir/rosidl_generator_py/unity_robotics_demo_msgs/_unity_robotics_demo_msgs_s.ep.rosidl_typesupport_introspection_c.c.o[0m
[25.566s] [ 96%] [32mBuilding C object CMakeFiles/unity_robotics_demo_msgs__rosidl_typesupport_fastrtps_c__pyext.dir/rosidl_generator_py/unity_robotics_demo_msgs/_unity_robotics_demo_msgs_s.ep.rosidl_typesupport_fastrtps_c.c.o[0m
[25.837s] [ 98%] [32m[1mLinking C shared library rosidl_generator_py/unity_robotics_demo_msgs/unity_robotics_demo_msgs_s__rosidl_typesupport_c.cpython-38-x86_64-linux-gnu.so[0m
[25.837s] [ 98%] [32m[1mLinking C shared library rosidl_generator_py/unity_robotics_demo_msgs/unity_robotics_demo_msgs_s__rosidl_typesupport_introspection_c.cpython-38-x86_64-linux-gnu.so[0m
[25.844s] [100%] [32m[1mLinking CXX shared library rosidl_generator_py/unity_robotics_demo_msgs/unity_robotics_demo_msgs_s__rosidl_typesupport_fastrtps_c.cpython-38-x86_64-linux-gnu.so[0m
[25.944s] [100%] Built target unity_robotics_demo_msgs__rosidl_typesupport_introspection_c__pyext
[25.945s] [100%] Built target unity_robotics_demo_msgs__rosidl_typesupport_c__pyext
[26.017s] [100%] Built target unity_robotics_demo_msgs__rosidl_typesupport_fastrtps_c__pyext
[26.047s] Invoked command in '/home/dev_ws/src/build/unity_robotics_demo_msgs' returned '0': CMAKE_PREFIX_PATH=${CMAKE_PREFIX_PATH}:/opt/ros/foxy:/home/dev_ws/install/vision:/home/dev_ws/install/utils:/home/dev_ws/install/unity_robotics_demo:/home/dev_ws/install/ros_tcp_endpoint:/home/dev_ws/install/face_controller:/home/dev_ws/install/audio /usr/bin/cmake --build /home/dev_ws/src/build/unity_robotics_demo_msgs -- -j12 -l12
[26.442s] Invoking command in '/home/dev_ws/src/build/unity_robotics_demo_msgs': CMAKE_PREFIX_PATH=${CMAKE_PREFIX_PATH}:/opt/ros/foxy:/home/dev_ws/install/vision:/home/dev_ws/install/utils:/home/dev_ws/install/unity_robotics_demo:/home/dev_ws/install/ros_tcp_endpoint:/home/dev_ws/install/face_controller:/home/dev_ws/install/audio /usr/bin/cmake --install /home/dev_ws/src/build/unity_robotics_demo_msgs
[26.459s] -- Install configuration: ""
[26.459s] -- Installing: /home/dev_ws/src/install/unity_robotics_demo_msgs/share/ament_index/resource_index/rosidl_interfaces/unity_robotics_demo_msgs
[26.460s] -- Installing: /home/dev_ws/src/install/unity_robotics_demo_msgs/include/unity_robotics_demo_msgs
[26.461s] -- Installing: /home/dev_ws/src/install/unity_robotics_demo_msgs/include/unity_robotics_demo_msgs/srv
[26.461s] -- Installing: /home/dev_ws/src/install/unity_robotics_demo_msgs/include/unity_robotics_demo_msgs/srv/position_service.h
[26.462s] -- Installing: /home/dev_ws/src/install/unity_robotics_demo_msgs/include/unity_robotics_demo_msgs/srv/object_pose_service.h
[26.462s] -- Installing: /home/dev_ws/src/install/unity_robotics_demo_msgs/include/unity_robotics_demo_msgs/srv/detail
[26.463s] -- Installing: /home/dev_ws/src/install/unity_robotics_demo_msgs/include/unity_robotics_demo_msgs/srv/detail/object_pose_service__struct.h
[26.464s] -- Installing: /home/dev_ws/src/install/unity_robotics_demo_msgs/include/unity_robotics_demo_msgs/srv/detail/object_pose_service__type_support.h
[26.464s] -- Installing: /home/dev_ws/src/install/unity_robotics_demo_msgs/include/unity_robotics_demo_msgs/srv/detail/position_service__functions.c
[26.465s] -- Installing: /home/dev_ws/src/install/unity_robotics_demo_msgs/include/unity_robotics_demo_msgs/srv/detail/position_service__functions.h
[26.466s] -- Installing: /home/dev_ws/src/install/unity_robotics_demo_msgs/include/unity_robotics_demo_msgs/srv/detail/position_service__struct.h
[26.466s] -- Installing: /home/dev_ws/src/install/unity_robotics_demo_msgs/include/unity_robotics_demo_msgs/srv/detail/object_pose_service__functions.h
[26.467s] -- Installing: /home/dev_ws/src/install/unity_robotics_demo_msgs/include/unity_robotics_demo_msgs/srv/detail/position_service__type_support.h
[26.467s] -- Installing: /home/dev_ws/src/install/unity_robotics_demo_msgs/include/unity_robotics_demo_msgs/srv/detail/object_pose_service__functions.c
[26.468s] -- Installing: /home/dev_ws/src/install/unity_robotics_demo_msgs/include/unity_robotics_demo_msgs/msg
[26.468s] -- Installing: /home/dev_ws/src/install/unity_robotics_demo_msgs/include/unity_robotics_demo_msgs/msg/targets_reached.h
[26.469s] -- Installing: /home/dev_ws/src/install/unity_robotics_demo_msgs/include/unity_robotics_demo_msgs/msg/pos_eyelids.h
[26.470s] -- Installing: /home/dev_ws/src/install/unity_robotics_demo_msgs/include/unity_robotics_demo_msgs/msg/audio.h
[26.470s] -- Installing: /home/dev_ws/src/install/unity_robotics_demo_msgs/include/unity_robotics_demo_msgs/msg/pos_rot.h
[26.471s] -- Installing: /home/dev_ws/src/install/unity_robotics_demo_msgs/include/unity_robotics_demo_msgs/msg/rosidl_generator_c__visibility_control.h
[26.471s] -- Installing: /home/dev_ws/src/install/unity_robotics_demo_msgs/include/unity_robotics_demo_msgs/msg/joints_to_target.h
[26.472s] -- Installing: /home/dev_ws/src/install/unity_robotics_demo_msgs/include/unity_robotics_demo_msgs/msg/detail
[26.472s] -- Installing: /home/dev_ws/src/install/unity_robotics_demo_msgs/include/unity_robotics_demo_msgs/msg/detail/audio__functions.c
[26.472s] -- Installing: /home/dev_ws/src/install/unity_robotics_demo_msgs/include/unity_robotics_demo_msgs/msg/detail/pos_rot__type_support.h
[26.473s] -- Installing: /home/dev_ws/src/install/unity_robotics_demo_msgs/include/unity_robotics_demo_msgs/msg/detail/unity_color__type_support.h
[26.473s] -- Installing: /home/dev_ws/src/install/unity_robotics_demo_msgs/include/unity_robotics_demo_msgs/msg/detail/audio__struct.h
[26.473s] -- Installing: /home/dev_ws/src/install/unity_robotics_demo_msgs/include/unity_robotics_demo_msgs/msg/detail/targets_reached__functions.h
[26.474s] -- Installing: /home/dev_ws/src/install/unity_robotics_demo_msgs/include/unity_robotics_demo_msgs/msg/detail/joints_to_target__struct.h
[26.474s] -- Installing: /home/dev_ws/src/install/unity_robotics_demo_msgs/include/unity_robotics_demo_msgs/msg/detail/targets_reached__functions.c
[26.475s] -- Installing: /home/dev_ws/src/install/unity_robotics_demo_msgs/include/unity_robotics_demo_msgs/msg/detail/pos_rot__struct.h
[26.475s] -- Installing: /home/dev_ws/src/install/unity_robotics_demo_msgs/include/unity_robotics_demo_msgs/msg/detail/unity_color__functions.c
[26.476s] -- Installing: /home/dev_ws/src/install/unity_robotics_demo_msgs/include/unity_robotics_demo_msgs/msg/detail/pos_eyelids__type_support.h
[26.476s] -- Installing: /home/dev_ws/src/install/unity_robotics_demo_msgs/include/unity_robotics_demo_msgs/msg/detail/unity_color__struct.h
[26.476s] -- Installing: /home/dev_ws/src/install/unity_robotics_demo_msgs/include/unity_robotics_demo_msgs/msg/detail/pos_eyelids__functions.h
[26.477s] -- Installing: /home/dev_ws/src/install/unity_robotics_demo_msgs/include/unity_robotics_demo_msgs/msg/detail/pos_rot__functions.h
[26.477s] -- Installing: /home/dev_ws/src/install/unity_robotics_demo_msgs/include/unity_robotics_demo_msgs/msg/detail/audio__functions.h
[26.477s] -- Installing: /home/dev_ws/src/install/unity_robotics_demo_msgs/include/unity_robotics_demo_msgs/msg/detail/joints_to_target__functions.h
[26.477s] -- Installing: /home/dev_ws/src/install/unity_robotics_demo_msgs/include/unity_robotics_demo_msgs/msg/detail/targets_reached__struct.h
[26.478s] -- Installing: /home/dev_ws/src/install/unity_robotics_demo_msgs/include/unity_robotics_demo_msgs/msg/detail/pos_eyelids__struct.h
[26.478s] -- Installing: /home/dev_ws/src/install/unity_robotics_demo_msgs/include/unity_robotics_demo_msgs/msg/detail/audio__type_support.h
[26.479s] -- Installing: /home/dev_ws/src/install/unity_robotics_demo_msgs/include/unity_robotics_demo_msgs/msg/detail/joints_to_target__type_support.h
[26.479s] -- Installing: /home/dev_ws/src/install/unity_robotics_demo_msgs/include/unity_robotics_demo_msgs/msg/detail/targets_reached__type_support.h
[26.480s] -- Installing: /home/dev_ws/src/install/unity_robotics_demo_msgs/include/unity_robotics_demo_msgs/msg/detail/joints_to_target__functions.c
[26.480s] -- Installing: /home/dev_ws/src/install/unity_robotics_demo_msgs/include/unity_robotics_demo_msgs/msg/detail/pos_rot__functions.c
[26.481s] -- Installing: /home/dev_ws/src/install/unity_robotics_demo_msgs/include/unity_robotics_demo_msgs/msg/detail/unity_color__functions.h
[26.481s] -- Installing: /home/dev_ws/src/install/unity_robotics_demo_msgs/include/unity_robotics_demo_msgs/msg/detail/pos_eyelids__functions.c
[26.481s] -- Installing: /home/dev_ws/src/install/unity_robotics_demo_msgs/include/unity_robotics_demo_msgs/msg/unity_color.h
[26.482s] -- Installing: /home/dev_ws/src/install/unity_robotics_demo_msgs/share/unity_robotics_demo_msgs/environment/library_path.sh
[26.482s] -- Installing: /home/dev_ws/src/install/unity_robotics_demo_msgs/share/unity_robotics_demo_msgs/environment/library_path.dsv
[26.482s] -- Installing: /home/dev_ws/src/install/unity_robotics_demo_msgs/lib/libunity_robotics_demo_msgs__rosidl_generator_c.so
[26.482s] -- Set runtime path of "/home/dev_ws/src/install/unity_robotics_demo_msgs/lib/libunity_robotics_demo_msgs__rosidl_generator_c.so" to ""
[26.483s] -- Up-to-date: /home/dev_ws/src/install/unity_robotics_demo_msgs/include/unity_robotics_demo_msgs
[26.483s] -- Up-to-date: /home/dev_ws/src/install/unity_robotics_demo_msgs/include/unity_robotics_demo_msgs/srv
[26.484s] -- Up-to-date: /home/dev_ws/src/install/unity_robotics_demo_msgs/include/unity_robotics_demo_msgs/srv/detail
[26.485s] -- Installing: /home/dev_ws/src/install/unity_robotics_demo_msgs/include/unity_robotics_demo_msgs/srv/detail/object_pose_service__rosidl_typesupport_fastrtps_c.h
[26.486s] -- Installing: /home/dev_ws/src/install/unity_robotics_demo_msgs/include/unity_robotics_demo_msgs/srv/detail/position_service__rosidl_typesupport_fastrtps_c.h
[26.486s] -- Up-to-date: /home/dev_ws/src/install/unity_robotics_demo_msgs/include/unity_robotics_demo_msgs/msg
[26.487s] -- Installing: /home/dev_ws/src/install/unity_robotics_demo_msgs/include/unity_robotics_demo_msgs/msg/rosidl_typesupport_fastrtps_c__visibility_control.h
[26.487s] -- Up-to-date: /home/dev_ws/src/install/unity_robotics_demo_msgs/include/unity_robotics_demo_msgs/msg/detail
[26.487s] -- Installing: /home/dev_ws/src/install/unity_robotics_demo_msgs/include/unity_robotics_demo_msgs/msg/detail/unity_color__rosidl_typesupport_fastrtps_c.h
[26.488s] -- Installing: /home/dev_ws/src/install/unity_robotics_demo_msgs/include/unity_robotics_demo_msgs/msg/detail/pos_eyelids__rosidl_typesupport_fastrtps_c.h
[26.488s] -- Installing: /home/dev_ws/src/install/unity_robotics_demo_msgs/include/unity_robotics_demo_msgs/msg/detail/targets_reached__rosidl_typesupport_fastrtps_c.h
[26.488s] -- Installing: /home/dev_ws/src/install/unity_robotics_demo_msgs/include/unity_robotics_demo_msgs/msg/detail/joints_to_target__rosidl_typesupport_fastrtps_c.h
[26.488s] -- Installing: /home/dev_ws/src/install/unity_robotics_demo_msgs/include/unity_robotics_demo_msgs/msg/detail/audio__rosidl_typesupport_fastrtps_c.h
[26.489s] -- Installing: /home/dev_ws/src/install/unity_robotics_demo_msgs/include/unity_robotics_demo_msgs/msg/detail/pos_rot__rosidl_typesupport_fastrtps_c.h
[26.489s] -- Installing: /home/dev_ws/src/install/unity_robotics_demo_msgs/lib/libunity_robotics_demo_msgs__rosidl_typesupport_fastrtps_c.so
[26.489s] -- Set runtime path of "/home/dev_ws/src/install/unity_robotics_demo_msgs/lib/libunity_robotics_demo_msgs__rosidl_typesupport_fastrtps_c.so" to ""
[26.489s] -- Up-to-date: /home/dev_ws/src/install/unity_robotics_demo_msgs/include/unity_robotics_demo_msgs
[26.490s] -- Up-to-date: /home/dev_ws/src/install/unity_robotics_demo_msgs/include/unity_robotics_demo_msgs/srv
[26.491s] -- Up-to-date: /home/dev_ws/src/install/unity_robotics_demo_msgs/include/unity_robotics_demo_msgs/srv/detail
[26.491s] -- Installing: /home/dev_ws/src/install/unity_robotics_demo_msgs/include/unity_robotics_demo_msgs/srv/detail/position_service__rosidl_typesupport_fastrtps_cpp.hpp
[26.491s] -- Installing: /home/dev_ws/src/install/unity_robotics_demo_msgs/include/unity_robotics_demo_msgs/srv/detail/object_pose_service__rosidl_typesupport_fastrtps_cpp.hpp
[26.492s] -- Installing: /home/dev_ws/src/install/unity_robotics_demo_msgs/include/unity_robotics_demo_msgs/srv/detail/dds_fastrtps
[26.492s] -- Up-to-date: /home/dev_ws/src/install/unity_robotics_demo_msgs/include/unity_robotics_demo_msgs/msg
[26.493s] -- Installing: /home/dev_ws/src/install/unity_robotics_demo_msgs/include/unity_robotics_demo_msgs/msg/rosidl_typesupport_fastrtps_cpp__visibility_control.h
[26.493s] -- Up-to-date: /home/dev_ws/src/install/unity_robotics_demo_msgs/include/unity_robotics_demo_msgs/msg/detail
[26.494s] -- Installing: /home/dev_ws/src/install/unity_robotics_demo_msgs/include/unity_robotics_demo_msgs/msg/detail/pos_rot__rosidl_typesupport_fastrtps_cpp.hpp
[26.494s] -- Installing: /home/dev_ws/src/install/unity_robotics_demo_msgs/include/unity_robotics_demo_msgs/msg/detail/dds_fastrtps
[26.495s] -- Installing: /home/dev_ws/src/install/unity_robotics_demo_msgs/include/unity_robotics_demo_msgs/msg/detail/joints_to_target__rosidl_typesupport_fastrtps_cpp.hpp
[26.495s] -- Installing: /home/dev_ws/src/install/unity_robotics_demo_msgs/include/unity_robotics_demo_msgs/msg/detail/unity_color__rosidl_typesupport_fastrtps_cpp.hpp
[26.496s] -- Installing: /home/dev_ws/src/install/unity_robotics_demo_msgs/include/unity_robotics_demo_msgs/msg/detail/targets_reached__rosidl_typesupport_fastrtps_cpp.hpp
[26.496s] -- Installing: /home/dev_ws/src/install/unity_robotics_demo_msgs/include/unity_robotics_demo_msgs/msg/detail/pos_eyelids__rosidl_typesupport_fastrtps_cpp.hpp
[26.496s] -- Installing: /home/dev_ws/src/install/unity_robotics_demo_msgs/include/unity_robotics_demo_msgs/msg/detail/audio__rosidl_typesupport_fastrtps_cpp.hpp
[26.496s] -- Installing: /home/dev_ws/src/install/unity_robotics_demo_msgs/lib/libunity_robotics_demo_msgs__rosidl_typesupport_fastrtps_cpp.so
[26.497s] -- Set runtime path of "/home/dev_ws/src/install/unity_robotics_demo_msgs/lib/libunity_robotics_demo_msgs__rosidl_typesupport_fastrtps_cpp.so" to ""
[26.497s] -- Up-to-date: /home/dev_ws/src/install/unity_robotics_demo_msgs/include/unity_robotics_demo_msgs
[26.497s] -- Up-to-date: /home/dev_ws/src/install/unity_robotics_demo_msgs/include/unity_robotics_demo_msgs/srv
[26.497s] -- Up-to-date: /home/dev_ws/src/install/unity_robotics_demo_msgs/include/unity_robotics_demo_msgs/srv/detail
[26.497s] -- Installing: /home/dev_ws/src/install/unity_robotics_demo_msgs/include/unity_robotics_demo_msgs/srv/detail/position_service__type_support.c
[26.498s] -- Installing: /home/dev_ws/src/install/unity_robotics_demo_msgs/include/unity_robotics_demo_msgs/srv/detail/position_service__rosidl_typesupport_introspection_c.h
[26.498s] -- Installing: /home/dev_ws/src/install/unity_robotics_demo_msgs/include/unity_robotics_demo_msgs/srv/detail/object_pose_service__rosidl_typesupport_introspection_c.h
[26.498s] -- Installing: /home/dev_ws/src/install/unity_robotics_demo_msgs/include/unity_robotics_demo_msgs/srv/detail/object_pose_service__type_support.c
[26.499s] -- Up-to-date: /home/dev_ws/src/install/unity_robotics_demo_msgs/include/unity_robotics_demo_msgs/msg
[26.499s] -- Installing: /home/dev_ws/src/install/unity_robotics_demo_msgs/include/unity_robotics_demo_msgs/msg/rosidl_typesupport_introspection_c__visibility_control.h
[26.500s] -- Up-to-date: /home/dev_ws/src/install/unity_robotics_demo_msgs/include/unity_robotics_demo_msgs/msg/detail
[26.500s] -- Installing: /home/dev_ws/src/install/unity_robotics_demo_msgs/include/unity_robotics_demo_msgs/msg/detail/pos_rot__rosidl_typesupport_introspection_c.h
[26.501s] -- Installing: /home/dev_ws/src/install/unity_robotics_demo_msgs/include/unity_robotics_demo_msgs/msg/detail/pos_eyelids__rosidl_typesupport_introspection_c.h
[26.501s] -- Installing: /home/dev_ws/src/install/unity_robotics_demo_msgs/include/unity_robotics_demo_msgs/msg/detail/unity_color__rosidl_typesupport_introspection_c.h
[26.502s] -- Installing: /home/dev_ws/src/install/unity_robotics_demo_msgs/include/unity_robotics_demo_msgs/msg/detail/pos_eyelids__type_support.c
[26.502s] -- Installing: /home/dev_ws/src/install/unity_robotics_demo_msgs/include/unity_robotics_demo_msgs/msg/detail/audio__rosidl_typesupport_introspection_c.h
[26.503s] -- Installing: /home/dev_ws/src/install/unity_robotics_demo_msgs/include/unity_robotics_demo_msgs/msg/detail/joints_to_target__type_support.c
[26.503s] -- Installing: /home/dev_ws/src/install/unity_robotics_demo_msgs/include/unity_robotics_demo_msgs/msg/detail/joints_to_target__rosidl_typesupport_introspection_c.h
[26.504s] -- Installing: /home/dev_ws/src/install/unity_robotics_demo_msgs/include/unity_robotics_demo_msgs/msg/detail/pos_rot__type_support.c
[26.504s] -- Installing: /home/dev_ws/src/install/unity_robotics_demo_msgs/include/unity_robotics_demo_msgs/msg/detail/targets_reached__rosidl_typesupport_introspection_c.h
[26.505s] -- Installing: /home/dev_ws/src/install/unity_robotics_demo_msgs/include/unity_robotics_demo_msgs/msg/detail/audio__type_support.c
[26.505s] -- Installing: /home/dev_ws/src/install/unity_robotics_demo_msgs/include/unity_robotics_demo_msgs/msg/detail/targets_reached__type_support.c
[26.506s] -- Installing: /home/dev_ws/src/install/unity_robotics_demo_msgs/include/unity_robotics_demo_msgs/msg/detail/unity_color__type_support.c
[26.506s] -- Installing: /home/dev_ws/src/install/unity_robotics_demo_msgs/lib/libunity_robotics_demo_msgs__rosidl_typesupport_introspection_c.so
[26.507s] -- Set runtime path of "/home/dev_ws/src/install/unity_robotics_demo_msgs/lib/libunity_robotics_demo_msgs__rosidl_typesupport_introspection_c.so" to ""
[26.507s] -- Installing: /home/dev_ws/src/install/unity_robotics_demo_msgs/lib/libunity_robotics_demo_msgs__rosidl_typesupport_c.so
[26.507s] -- Set runtime path of "/home/dev_ws/src/install/unity_robotics_demo_msgs/lib/libunity_robotics_demo_msgs__rosidl_typesupport_c.so" to ""
[26.508s] -- Up-to-date: /home/dev_ws/src/install/unity_robotics_demo_msgs/include/unity_robotics_demo_msgs
[26.508s] -- Up-to-date: /home/dev_ws/src/install/unity_robotics_demo_msgs/include/unity_robotics_demo_msgs/srv
[26.509s] -- Installing: /home/dev_ws/src/install/unity_robotics_demo_msgs/include/unity_robotics_demo_msgs/srv/position_service.hpp
[26.509s] -- Up-to-date: /home/dev_ws/src/install/unity_robotics_demo_msgs/include/unity_robotics_demo_msgs/srv/detail
[26.509s] -- Installing: /home/dev_ws/src/install/unity_robotics_demo_msgs/include/unity_robotics_demo_msgs/srv/detail/position_service__builder.hpp
[26.510s] -- Installing: /home/dev_ws/src/install/unity_robotics_demo_msgs/include/unity_robotics_demo_msgs/srv/detail/object_pose_service__struct.hpp
[26.510s] -- Installing: /home/dev_ws/src/install/unity_robotics_demo_msgs/include/unity_robotics_demo_msgs/srv/detail/position_service__struct.hpp
[26.511s] -- Installing: /home/dev_ws/src/install/unity_robotics_demo_msgs/include/unity_robotics_demo_msgs/srv/detail/position_service__traits.hpp
[26.511s] -- Installing: /home/dev_ws/src/install/unity_robotics_demo_msgs/include/unity_robotics_demo_msgs/srv/detail/object_pose_service__builder.hpp
[26.512s] -- Installing: /home/dev_ws/src/install/unity_robotics_demo_msgs/include/unity_robotics_demo_msgs/srv/detail/object_pose_service__traits.hpp
[26.512s] -- Installing: /home/dev_ws/src/install/unity_robotics_demo_msgs/include/unity_robotics_demo_msgs/srv/object_pose_service.hpp
[26.513s] -- Up-to-date: /home/dev_ws/src/install/unity_robotics_demo_msgs/include/unity_robotics_demo_msgs/msg
[26.513s] -- Installing: /home/dev_ws/src/install/unity_robotics_demo_msgs/include/unity_robotics_demo_msgs/msg/audio.hpp
[26.513s] -- Installing: /home/dev_ws/src/install/unity_robotics_demo_msgs/include/unity_robotics_demo_msgs/msg/joints_to_target.hpp
[26.514s] -- Installing: /home/dev_ws/src/install/unity_robotics_demo_msgs/include/unity_robotics_demo_msgs/msg/targets_reached.hpp
[26.514s] -- Installing: /home/dev_ws/src/install/unity_robotics_demo_msgs/include/unity_robotics_demo_msgs/msg/pos_rot.hpp
[26.515s] -- Up-to-date: /home/dev_ws/src/install/unity_robotics_demo_msgs/include/unity_robotics_demo_msgs/msg/detail
[26.515s] -- Installing: /home/dev_ws/src/install/unity_robotics_demo_msgs/include/unity_robotics_demo_msgs/msg/detail/pos_eyelids__traits.hpp
[26.516s] -- Installing: /home/dev_ws/src/install/unity_robotics_demo_msgs/include/unity_robotics_demo_msgs/msg/detail/joints_to_target__builder.hpp
[26.516s] -- Installing: /home/dev_ws/src/install/unity_robotics_demo_msgs/include/unity_robotics_demo_msgs/msg/detail/targets_reached__traits.hpp
[26.516s] -- Installing: /home/dev_ws/src/install/unity_robotics_demo_msgs/include/unity_robotics_demo_msgs/msg/detail/targets_reached__struct.hpp
[26.517s] -- Installing: /home/dev_ws/src/install/unity_robotics_demo_msgs/include/unity_robotics_demo_msgs/msg/detail/pos_rot__struct.hpp
[26.517s] -- Installing: /home/dev_ws/src/install/unity_robotics_demo_msgs/include/unity_robotics_demo_msgs/msg/detail/audio__builder.hpp
[26.517s] -- Installing: /home/dev_ws/src/install/unity_robotics_demo_msgs/include/unity_robotics_demo_msgs/msg/detail/unity_color__traits.hpp
[26.518s] -- Installing: /home/dev_ws/src/install/unity_robotics_demo_msgs/include/unity_robotics_demo_msgs/msg/detail/targets_reached__builder.hpp
[26.518s] -- Installing: /home/dev_ws/src/install/unity_robotics_demo_msgs/include/unity_robotics_demo_msgs/msg/detail/pos_eyelids__struct.hpp
[26.519s] -- Installing: /home/dev_ws/src/install/unity_robotics_demo_msgs/include/unity_robotics_demo_msgs/msg/detail/pos_rot__traits.hpp
[26.520s] -- Installing: /home/dev_ws/src/install/unity_robotics_demo_msgs/include/unity_robotics_demo_msgs/msg/detail/audio__struct.hpp
[26.521s] -- Installing: /home/dev_ws/src/install/unity_robotics_demo_msgs/include/unity_robotics_demo_msgs/msg/detail/unity_color__builder.hpp
[26.521s] -- Installing: /home/dev_ws/src/install/unity_robotics_demo_msgs/include/unity_robotics_demo_msgs/msg/detail/pos_eyelids__builder.hpp
[26.522s] -- Installing: /home/dev_ws/src/install/unity_robotics_demo_msgs/include/unity_robotics_demo_msgs/msg/detail/unity_color__struct.hpp
[26.522s] -- Installing: /home/dev_ws/src/install/unity_robotics_demo_msgs/include/unity_robotics_demo_msgs/msg/detail/pos_rot__builder.hpp
[26.522s] -- Installing: /home/dev_ws/src/install/unity_robotics_demo_msgs/include/unity_robotics_demo_msgs/msg/detail/audio__traits.hpp
[26.523s] -- Installing: /home/dev_ws/src/install/unity_robotics_demo_msgs/include/unity_robotics_demo_msgs/msg/detail/joints_to_target__traits.hpp
[26.524s] -- Installing: /home/dev_ws/src/install/unity_robotics_demo_msgs/include/unity_robotics_demo_msgs/msg/detail/joints_to_target__struct.hpp
[26.524s] -- Installing: /home/dev_ws/src/install/unity_robotics_demo_msgs/include/unity_robotics_demo_msgs/msg/pos_eyelids.hpp
[26.524s] -- Installing: /home/dev_ws/src/install/unity_robotics_demo_msgs/include/unity_robotics_demo_msgs/msg/unity_color.hpp
[26.524s] -- Up-to-date: /home/dev_ws/src/install/unity_robotics_demo_msgs/include/unity_robotics_demo_msgs
[26.525s] -- Up-to-date: /home/dev_ws/src/install/unity_robotics_demo_msgs/include/unity_robotics_demo_msgs/srv
[26.525s] -- Up-to-date: /home/dev_ws/src/install/unity_robotics_demo_msgs/include/unity_robotics_demo_msgs/srv/detail
[26.525s] -- Installing: /home/dev_ws/src/install/unity_robotics_demo_msgs/include/unity_robotics_demo_msgs/srv/detail/object_pose_service__type_support.cpp
[26.525s] -- Installing: /home/dev_ws/src/install/unity_robotics_demo_msgs/include/unity_robotics_demo_msgs/srv/detail/position_service__type_support.cpp
[26.525s] -- Installing: /home/dev_ws/src/install/unity_robotics_demo_msgs/include/unity_robotics_demo_msgs/srv/detail/object_pose_service__rosidl_typesupport_introspection_cpp.hpp
[26.526s] -- Installing: /home/dev_ws/src/install/unity_robotics_demo_msgs/include/unity_robotics_demo_msgs/srv/detail/position_service__rosidl_typesupport_introspection_cpp.hpp
[26.526s] -- Up-to-date: /home/dev_ws/src/install/unity_robotics_demo_msgs/include/unity_robotics_demo_msgs/msg
[26.526s] -- Up-to-date: /home/dev_ws/src/install/unity_robotics_demo_msgs/include/unity_robotics_demo_msgs/msg/detail
[26.526s] -- Installing: /home/dev_ws/src/install/unity_robotics_demo_msgs/include/unity_robotics_demo_msgs/msg/detail/pos_rot__type_support.cpp
[26.527s] -- Installing: /home/dev_ws/src/install/unity_robotics_demo_msgs/include/unity_robotics_demo_msgs/msg/detail/targets_reached__type_support.cpp
[26.527s] -- Installing: /home/dev_ws/src/install/unity_robotics_demo_msgs/include/unity_robotics_demo_msgs/msg/detail/pos_eyelids__rosidl_typesupport_introspection_cpp.hpp
[26.527s] -- Installing: /home/dev_ws/src/install/unity_robotics_demo_msgs/include/unity_robotics_demo_msgs/msg/detail/targets_reached__rosidl_typesupport_introspection_cpp.hpp
[26.527s] -- Installing: /home/dev_ws/src/install/unity_robotics_demo_msgs/include/unity_robotics_demo_msgs/msg/detail/unity_color__type_support.cpp
[26.527s] -- Installing: /home/dev_ws/src/install/unity_robotics_demo_msgs/include/unity_robotics_demo_msgs/msg/detail/joints_to_target__type_support.cpp
[26.527s] -- Installing: /home/dev_ws/src/install/unity_robotics_demo_msgs/include/unity_robotics_demo_msgs/msg/detail/joints_to_target__rosidl_typesupport_introspection_cpp.hpp
[26.528s] -- Installing: /home/dev_ws/src/install/unity_robotics_demo_msgs/include/unity_robotics_demo_msgs/msg/detail/audio__rosidl_typesupport_introspection_cpp.hpp
[26.528s] -- Installing: /home/dev_ws/src/install/unity_robotics_demo_msgs/include/unity_robotics_demo_msgs/msg/detail/pos_rot__rosidl_typesupport_introspection_cpp.hpp
[26.528s] -- Installing: /home/dev_ws/src/install/unity_robotics_demo_msgs/include/unity_robotics_demo_msgs/msg/detail/pos_eyelids__type_support.cpp
[26.528s] -- Installing: /home/dev_ws/src/install/unity_robotics_demo_msgs/include/unity_robotics_demo_msgs/msg/detail/unity_color__rosidl_typesupport_introspection_cpp.hpp
[26.528s] -- Installing: /home/dev_ws/src/install/unity_robotics_demo_msgs/include/unity_robotics_demo_msgs/msg/detail/audio__type_support.cpp
[26.528s] -- Installing: /home/dev_ws/src/install/unity_robotics_demo_msgs/lib/libunity_robotics_demo_msgs__rosidl_typesupport_introspection_cpp.so
[26.529s] -- Set runtime path of "/home/dev_ws/src/install/unity_robotics_demo_msgs/lib/libunity_robotics_demo_msgs__rosidl_typesupport_introspection_cpp.so" to ""
[26.529s] -- Installing: /home/dev_ws/src/install/unity_robotics_demo_msgs/lib/libunity_robotics_demo_msgs__rosidl_typesupport_cpp.so
[26.529s] -- Set runtime path of "/home/dev_ws/src/install/unity_robotics_demo_msgs/lib/libunity_robotics_demo_msgs__rosidl_typesupport_cpp.so" to ""
[26.529s] -- Installing: /home/dev_ws/src/install/unity_robotics_demo_msgs/share/unity_robotics_demo_msgs/environment/pythonpath.sh
[26.529s] -- Installing: /home/dev_ws/src/install/unity_robotics_demo_msgs/share/unity_robotics_demo_msgs/environment/pythonpath.dsv
[26.530s] -- Installing: /home/dev_ws/src/install/unity_robotics_demo_msgs/lib/python3.8/site-packages/unity_robotics_demo_msgs/__init__.py
[26.608s] Compiling '/home/dev_ws/src/install/unity_robotics_demo_msgs/lib/python3.8/site-packages/unity_robotics_demo_msgs/__init__.py'...
[26.621s] -- Installing: /home/dev_ws/src/install/unity_robotics_demo_msgs/lib/python3.8/site-packages/unity_robotics_demo_msgs/msg
[26.621s] -- Installing: /home/dev_ws/src/install/unity_robotics_demo_msgs/lib/python3.8/site-packages/unity_robotics_demo_msgs/msg/_targets_reached_s.c
[26.622s] -- Installing: /home/dev_ws/src/install/unity_robotics_demo_msgs/lib/python3.8/site-packages/unity_robotics_demo_msgs/msg/_unity_color.py
[26.622s] -- Installing: /home/dev_ws/src/install/unity_robotics_demo_msgs/lib/python3.8/site-packages/unity_robotics_demo_msgs/msg/_targets_reached.py
[26.622s] -- Installing: /home/dev_ws/src/install/unity_robotics_demo_msgs/lib/python3.8/site-packages/unity_robotics_demo_msgs/msg/_audio_s.c
[26.623s] -- Installing: /home/dev_ws/src/install/unity_robotics_demo_msgs/lib/python3.8/site-packages/unity_robotics_demo_msgs/msg/_joints_to_target_s.c
[26.623s] -- Installing: /home/dev_ws/src/install/unity_robotics_demo_msgs/lib/python3.8/site-packages/unity_robotics_demo_msgs/msg/_joints_to_target.py
[26.624s] -- Installing: /home/dev_ws/src/install/unity_robotics_demo_msgs/lib/python3.8/site-packages/unity_robotics_demo_msgs/msg/_audio.py
[26.624s] -- Installing: /home/dev_ws/src/install/unity_robotics_demo_msgs/lib/python3.8/site-packages/unity_robotics_demo_msgs/msg/_pos_eyelids_s.c
[26.625s] -- Installing: /home/dev_ws/src/install/unity_robotics_demo_msgs/lib/python3.8/site-packages/unity_robotics_demo_msgs/msg/_pos_eyelids.py
[26.625s] -- Installing: /home/dev_ws/src/install/unity_robotics_demo_msgs/lib/python3.8/site-packages/unity_robotics_demo_msgs/msg/_pos_rot.py
[26.626s] -- Installing: /home/dev_ws/src/install/unity_robotics_demo_msgs/lib/python3.8/site-packages/unity_robotics_demo_msgs/msg/_unity_color_s.c
[26.626s] -- Installing: /home/dev_ws/src/install/unity_robotics_demo_msgs/lib/python3.8/site-packages/unity_robotics_demo_msgs/msg/_pos_rot_s.c
[26.626s] -- Installing: /home/dev_ws/src/install/unity_robotics_demo_msgs/lib/python3.8/site-packages/unity_robotics_demo_msgs/msg/__init__.py
[26.626s] -- Installing: /home/dev_ws/src/install/unity_robotics_demo_msgs/lib/python3.8/site-packages/unity_robotics_demo_msgs/srv
[26.627s] -- Installing: /home/dev_ws/src/install/unity_robotics_demo_msgs/lib/python3.8/site-packages/unity_robotics_demo_msgs/srv/_position_service.py
[26.627s] -- Installing: /home/dev_ws/src/install/unity_robotics_demo_msgs/lib/python3.8/site-packages/unity_robotics_demo_msgs/srv/_object_pose_service_s.c
[26.627s] -- Installing: /home/dev_ws/src/install/unity_robotics_demo_msgs/lib/python3.8/site-packages/unity_robotics_demo_msgs/srv/_position_service_s.c
[26.628s] -- Installing: /home/dev_ws/src/install/unity_robotics_demo_msgs/lib/python3.8/site-packages/unity_robotics_demo_msgs/srv/__init__.py
[26.628s] -- Installing: /home/dev_ws/src/install/unity_robotics_demo_msgs/lib/python3.8/site-packages/unity_robotics_demo_msgs/srv/_object_pose_service.py
[26.628s] -- Installing: /home/dev_ws/src/install/unity_robotics_demo_msgs/lib/python3.8/site-packages/unity_robotics_demo_msgs/unity_robotics_demo_msgs_s__rosidl_typesupport_fastrtps_c.cpython-38-x86_64-linux-gnu.so
[26.629s] -- Set runtime path of "/home/dev_ws/src/install/unity_robotics_demo_msgs/lib/python3.8/site-packages/unity_robotics_demo_msgs/unity_robotics_demo_msgs_s__rosidl_typesupport_fastrtps_c.cpython-38-x86_64-linux-gnu.so" to ""
[26.629s] -- Installing: /home/dev_ws/src/install/unity_robotics_demo_msgs/lib/python3.8/site-packages/unity_robotics_demo_msgs/unity_robotics_demo_msgs_s__rosidl_typesupport_introspection_c.cpython-38-x86_64-linux-gnu.so
[26.631s] -- Set runtime path of "/home/dev_ws/src/install/unity_robotics_demo_msgs/lib/python3.8/site-packages/unity_robotics_demo_msgs/unity_robotics_demo_msgs_s__rosidl_typesupport_introspection_c.cpython-38-x86_64-linux-gnu.so" to ""
[26.631s] -- Installing: /home/dev_ws/src/install/unity_robotics_demo_msgs/lib/python3.8/site-packages/unity_robotics_demo_msgs/unity_robotics_demo_msgs_s__rosidl_typesupport_c.cpython-38-x86_64-linux-gnu.so
[26.632s] -- Set runtime path of "/home/dev_ws/src/install/unity_robotics_demo_msgs/lib/python3.8/site-packages/unity_robotics_demo_msgs/unity_robotics_demo_msgs_s__rosidl_typesupport_c.cpython-38-x86_64-linux-gnu.so" to ""
[26.633s] -- Installing: /home/dev_ws/src/install/unity_robotics_demo_msgs/lib/libunity_robotics_demo_msgs__python.so
[26.634s] -- Set runtime path of "/home/dev_ws/src/install/unity_robotics_demo_msgs/lib/libunity_robotics_demo_msgs__python.so" to ""
[26.635s] -- Installing: /home/dev_ws/src/install/unity_robotics_demo_msgs/share/unity_robotics_demo_msgs/msg/TargetsReached.idl
[26.635s] -- Installing: /home/dev_ws/src/install/unity_robotics_demo_msgs/share/unity_robotics_demo_msgs/msg/Audio.idl
[26.636s] -- Installing: /home/dev_ws/src/install/unity_robotics_demo_msgs/share/unity_robotics_demo_msgs/msg/JointsToTarget.idl
[26.636s] -- Installing: /home/dev_ws/src/install/unity_robotics_demo_msgs/share/unity_robotics_demo_msgs/msg/PosEyelids.idl
[26.636s] -- Installing: /home/dev_ws/src/install/unity_robotics_demo_msgs/share/unity_robotics_demo_msgs/msg/PosRot.idl
[26.636s] -- Installing: /home/dev_ws/src/install/unity_robotics_demo_msgs/share/unity_robotics_demo_msgs/msg/UnityColor.idl
[26.637s] -- Installing: /home/dev_ws/src/install/unity_robotics_demo_msgs/share/unity_robotics_demo_msgs/srv/PositionService.idl
[26.637s] -- Installing: /home/dev_ws/src/install/unity_robotics_demo_msgs/share/unity_robotics_demo_msgs/srv/ObjectPoseService.idl
[26.638s] -- Installing: /home/dev_ws/src/install/unity_robotics_demo_msgs/share/unity_robotics_demo_msgs/msg/TargetsReached.msg
[26.638s] -- Installing: /home/dev_ws/src/install/unity_robotics_demo_msgs/share/unity_robotics_demo_msgs/msg/Audio.msg
[26.639s] -- Installing: /home/dev_ws/src/install/unity_robotics_demo_msgs/share/unity_robotics_demo_msgs/msg/JointsToTarget.msg
[26.639s] -- Installing: /home/dev_ws/src/install/unity_robotics_demo_msgs/share/unity_robotics_demo_msgs/msg/PosEyelids.msg
[26.640s] -- Installing: /home/dev_ws/src/install/unity_robotics_demo_msgs/share/unity_robotics_demo_msgs/msg/PosRot.msg
[26.640s] -- Installing: /home/dev_ws/src/install/unity_robotics_demo_msgs/share/unity_robotics_demo_msgs/msg/UnityColor.msg
[26.640s] -- Installing: /home/dev_ws/src/install/unity_robotics_demo_msgs/share/unity_robotics_demo_msgs/srv/PositionService.srv
[26.641s] -- Installing: /home/dev_ws/src/install/unity_robotics_demo_msgs/share/unity_robotics_demo_msgs/srv/PositionService_Request.msg
[26.641s] -- Installing: /home/dev_ws/src/install/unity_robotics_demo_msgs/share/unity_robotics_demo_msgs/srv/PositionService_Response.msg
[26.642s] -- Installing: /home/dev_ws/src/install/unity_robotics_demo_msgs/share/unity_robotics_demo_msgs/srv/ObjectPoseService.srv
[26.642s] -- Installing: /home/dev_ws/src/install/unity_robotics_demo_msgs/share/unity_robotics_demo_msgs/srv/ObjectPoseService_Request.msg
[26.643s] -- Installing: /home/dev_ws/src/install/unity_robotics_demo_msgs/share/unity_robotics_demo_msgs/srv/ObjectPoseService_Response.msg
[26.643s] -- Installing: /home/dev_ws/src/install/unity_robotics_demo_msgs/share/ament_index/resource_index/package_run_dependencies/unity_robotics_demo_msgs
[26.644s] -- Installing: /home/dev_ws/src/install/unity_robotics_demo_msgs/share/ament_index/resource_index/parent_prefix_path/unity_robotics_demo_msgs
[26.644s] -- Installing: /home/dev_ws/src/install/unity_robotics_demo_msgs/share/unity_robotics_demo_msgs/environment/ament_prefix_path.sh
[26.645s] -- Installing: /home/dev_ws/src/install/unity_robotics_demo_msgs/share/unity_robotics_demo_msgs/environment/ament_prefix_path.dsv
[26.645s] -- Installing: /home/dev_ws/src/install/unity_robotics_demo_msgs/share/unity_robotics_demo_msgs/environment/path.sh
[26.646s] -- Installing: /home/dev_ws/src/install/unity_robotics_demo_msgs/share/unity_robotics_demo_msgs/environment/path.dsv
[26.646s] -- Installing: /home/dev_ws/src/install/unity_robotics_demo_msgs/share/unity_robotics_demo_msgs/local_setup.bash
[26.646s] -- Installing: /home/dev_ws/src/install/unity_robotics_demo_msgs/share/unity_robotics_demo_msgs/local_setup.sh
[26.647s] -- Installing: /home/dev_ws/src/install/unity_robotics_demo_msgs/share/unity_robotics_demo_msgs/local_setup.zsh
[26.648s] -- Installing: /home/dev_ws/src/install/unity_robotics_demo_msgs/share/unity_robotics_demo_msgs/local_setup.dsv
[26.648s] -- Installing: /home/dev_ws/src/install/unity_robotics_demo_msgs/share/unity_robotics_demo_msgs/package.dsv
[26.648s] -- Installing: /home/dev_ws/src/install/unity_robotics_demo_msgs/share/ament_index/resource_index/packages/unity_robotics_demo_msgs
[26.649s] -- Installing: /home/dev_ws/src/install/unity_robotics_demo_msgs/share/unity_robotics_demo_msgs/cmake/unity_robotics_demo_msgs__rosidl_generator_cExport.cmake
[26.649s] -- Installing: /home/dev_ws/src/install/unity_robotics_demo_msgs/share/unity_robotics_demo_msgs/cmake/unity_robotics_demo_msgs__rosidl_generator_cExport-noconfig.cmake
[26.649s] -- Installing: /home/dev_ws/src/install/unity_robotics_demo_msgs/share/unity_robotics_demo_msgs/cmake/unity_robotics_demo_msgs__rosidl_typesupport_introspection_cExport.cmake
[26.650s] -- Installing: /home/dev_ws/src/install/unity_robotics_demo_msgs/share/unity_robotics_demo_msgs/cmake/unity_robotics_demo_msgs__rosidl_typesupport_introspection_cExport-noconfig.cmake
[26.650s] -- Installing: /home/dev_ws/src/install/unity_robotics_demo_msgs/share/unity_robotics_demo_msgs/cmake/unity_robotics_demo_msgs__rosidl_typesupport_cExport.cmake
[26.651s] -- Installing: /home/dev_ws/src/install/unity_robotics_demo_msgs/share/unity_robotics_demo_msgs/cmake/unity_robotics_demo_msgs__rosidl_typesupport_cExport-noconfig.cmake
[26.651s] -- Installing: /home/dev_ws/src/install/unity_robotics_demo_msgs/share/unity_robotics_demo_msgs/cmake/unity_robotics_demo_msgs__rosidl_generator_cppExport.cmake
[26.652s] -- Installing: /home/dev_ws/src/install/unity_robotics_demo_msgs/share/unity_robotics_demo_msgs/cmake/unity_robotics_demo_msgs__rosidl_typesupport_introspection_cppExport.cmake
[26.652s] -- Installing: /home/dev_ws/src/install/unity_robotics_demo_msgs/share/unity_robotics_demo_msgs/cmake/unity_robotics_demo_msgs__rosidl_typesupport_introspection_cppExport-noconfig.cmake
[26.653s] -- Installing: /home/dev_ws/src/install/unity_robotics_demo_msgs/share/unity_robotics_demo_msgs/cmake/unity_robotics_demo_msgs__rosidl_typesupport_cppExport.cmake
[26.653s] -- Installing: /home/dev_ws/src/install/unity_robotics_demo_msgs/share/unity_robotics_demo_msgs/cmake/unity_robotics_demo_msgs__rosidl_typesupport_cppExport-noconfig.cmake
[26.653s] -- Installing: /home/dev_ws/src/install/unity_robotics_demo_msgs/share/unity_robotics_demo_msgs/cmake/rosidl_cmake-extras.cmake
[26.654s] -- Installing: /home/dev_ws/src/install/unity_robotics_demo_msgs/share/unity_robotics_demo_msgs/cmake/ament_cmake_export_dependencies-extras.cmake
[26.654s] -- Installing: /home/dev_ws/src/install/unity_robotics_demo_msgs/share/unity_robotics_demo_msgs/cmake/ament_cmake_export_libraries-extras.cmake
[26.654s] -- Installing: /home/dev_ws/src/install/unity_robotics_demo_msgs/share/unity_robotics_demo_msgs/cmake/ament_cmake_export_targets-extras.cmake
[26.655s] -- Installing: /home/dev_ws/src/install/unity_robotics_demo_msgs/share/unity_robotics_demo_msgs/cmake/ament_cmake_export_include_directories-extras.cmake
[26.655s] -- Installing: /home/dev_ws/src/install/unity_robotics_demo_msgs/share/unity_robotics_demo_msgs/cmake/rosidl_cmake_export_typesupport_libraries-extras.cmake
[26.655s] -- Installing: /home/dev_ws/src/install/unity_robotics_demo_msgs/share/unity_robotics_demo_msgs/cmake/rosidl_cmake_export_typesupport_targets-extras.cmake
[26.656s] -- Installing: /home/dev_ws/src/install/unity_robotics_demo_msgs/share/unity_robotics_demo_msgs/cmake/unity_robotics_demo_msgsConfig.cmake
[26.656s] -- Installing: /home/dev_ws/src/install/unity_robotics_demo_msgs/share/unity_robotics_demo_msgs/cmake/unity_robotics_demo_msgsConfig-version.cmake
[26.656s] -- Installing: /home/dev_ws/src/install/unity_robotics_demo_msgs/share/unity_robotics_demo_msgs/package.xml
[26.664s] Invoked command in '/home/dev_ws/src/build/unity_robotics_demo_msgs' returned '0': CMAKE_PREFIX_PATH=${CMAKE_PREFIX_PATH}:/opt/ros/foxy:/home/dev_ws/install/vision:/home/dev_ws/install/utils:/home/dev_ws/install/unity_robotics_demo:/home/dev_ws/install/ros_tcp_endpoint:/home/dev_ws/install/face_controller:/home/dev_ws/install/audio /usr/bin/cmake --install /home/dev_ws/src/build/unity_robotics_demo_msgs
