[2.223s] Invoking command in '/home/jubileo/src/manipulation': PYTHONPATH=/home/jubileo/install/manipulation/lib/python3.8/site-packages:${PYTHONPATH} /usr/bin/python3 setup.py egg_info --egg-base ../../build/manipulation build --build-base /home/jubileo/build/manipulation/build install --prefix /home/jubileo/install/manipulation --record /home/jubileo/build/manipulation/install.log --single-version-externally-managed
[2.596s] running egg_info
[2.597s] writing ../../build/manipulation/manipulation.egg-info/PKG-INFO
[2.597s] writing dependency_links to ../../build/manipulation/manipulation.egg-info/dependency_links.txt
[2.598s] writing entry points to ../../build/manipulation/manipulation.egg-info/entry_points.txt
[2.598s] writing requirements to ../../build/manipulation/manipulation.egg-info/requires.txt
[2.598s] writing top-level names to ../../build/manipulation/manipulation.egg-info/top_level.txt
[2.677s] reading manifest file '../../build/manipulation/manipulation.egg-info/SOURCES.txt'
[2.679s] writing manifest file '../../build/manipulation/manipulation.egg-info/SOURCES.txt'
[2.680s] running build
[2.680s] running build_py
[2.680s] running install
[2.683s] running install_lib
[2.685s] running install_data
[2.686s] running install_egg_info
[2.689s] removing '/home/jubileo/install/manipulation/lib/python3.8/site-packages/manipulation-0.0.0-py3.8.egg-info' (and everything under it)
[2.690s] Copying ../../build/manipulation/manipulation.egg-info to /home/jubileo/install/manipulation/lib/python3.8/site-packages/manipulation-0.0.0-py3.8.egg-info
[2.692s] running install_scripts
[2.738s] Installing grab_object script to /home/jubileo/install/manipulation/lib/manipulation
[2.739s] writing list of installed files to '/home/jubileo/build/manipulation/install.log'
[2.825s] Invoked command in '/home/jubileo/src/manipulation' returned '0': PYTHONPATH=/home/jubileo/install/manipulation/lib/python3.8/site-packages:${PYTHONPATH} /usr/bin/python3 setup.py egg_info --egg-base ../../build/manipulation build --build-base /home/jubileo/build/manipulation/build install --prefix /home/jubileo/install/manipulation --record /home/jubileo/build/manipulation/install.log --single-version-externally-managed
