[5.049s] Invoking command in '/home/dev_ws/src/audio': PYTHONPATH=/home/dev_ws/install/audio/lib/python3.8/site-packages:${PYTHONPATH} /usr/bin/python3 setup.py egg_info --egg-base ../../build/audio build --build-base /home/dev_ws/build/audio/build install --prefix /home/dev_ws/install/audio --record /home/dev_ws/build/audio/install.log --single-version-externally-managed
[5.977s] running egg_info
[5.980s] writing ../../build/audio/audio.egg-info/PKG-INFO
[5.980s] writing dependency_links to ../../build/audio/audio.egg-info/dependency_links.txt
[5.981s] writing entry points to ../../build/audio/audio.egg-info/entry_points.txt
[5.982s] writing requirements to ../../build/audio/audio.egg-info/requires.txt
[5.984s] writing top-level names to ../../build/audio/audio.egg-info/top_level.txt
[6.122s] reading manifest file '../../build/audio/audio.egg-info/SOURCES.txt'
[6.123s] writing manifest file '../../build/audio/audio.egg-info/SOURCES.txt'
[6.123s] running build
[6.123s] running build_py
[6.124s] copying audio/send_audio.py -> /home/dev_ws/build/audio/build/lib/audio
[6.124s] running install
[6.129s] running install_lib
[6.139s] copying /home/dev_ws/build/audio/build/lib/audio/send_audio.py -> /home/dev_ws/install/audio/lib/python3.8/site-packages/audio
[6.141s] byte-compiling /home/dev_ws/install/audio/lib/python3.8/site-packages/audio/send_audio.py to send_audio.cpython-38.pyc
[6.144s] running install_data
[6.146s] running install_egg_info
[6.157s] removing '/home/dev_ws/install/audio/lib/python3.8/site-packages/audio-0.0.0-py3.8.egg-info' (and everything under it)
[6.158s] Copying ../../build/audio/audio.egg-info to /home/dev_ws/install/audio/lib/python3.8/site-packages/audio-0.0.0-py3.8.egg-info
[6.165s] running install_scripts
[6.256s] Installing send_audio script to /home/dev_ws/install/audio/lib/audio
[6.256s] Installing speech_to_text script to /home/dev_ws/install/audio/lib/audio
[6.260s] writing list of installed files to '/home/dev_ws/build/audio/install.log'
[6.441s] Invoked command in '/home/dev_ws/src/audio' returned '0': PYTHONPATH=/home/dev_ws/install/audio/lib/python3.8/site-packages:${PYTHONPATH} /usr/bin/python3 setup.py egg_info --egg-base ../../build/audio build --build-base /home/dev_ws/build/audio/build install --prefix /home/dev_ws/install/audio --record /home/dev_ws/build/audio/install.log --single-version-externally-managed
