[3.981s] Invoking command in '/home/dev_ws/src/face_controller': PYTHONPATH=/home/dev_ws/install/face_controller/lib/python3.8/site-packages:${PYTHONPATH} /usr/bin/python3 setup.py egg_info --egg-base ../../build/face_controller build --build-base /home/dev_ws/build/face_controller/build install --prefix /home/dev_ws/install/face_controller --record /home/dev_ws/build/face_controller/install.log --single-version-externally-managed
[4.771s] running egg_info
[4.773s] writing ../../build/face_controller/face_controller.egg-info/PKG-INFO
[4.774s] writing dependency_links to ../../build/face_controller/face_controller.egg-info/dependency_links.txt
[4.775s] writing entry points to ../../build/face_controller/face_controller.egg-info/entry_points.txt
[4.777s] writing requirements to ../../build/face_controller/face_controller.egg-info/requires.txt
[4.778s] writing top-level names to ../../build/face_controller/face_controller.egg-info/top_level.txt
[4.976s] reading manifest file '../../build/face_controller/face_controller.egg-info/SOURCES.txt'
[4.977s] writing manifest file '../../build/face_controller/face_controller.egg-info/SOURCES.txt'
[4.978s] running build
[4.978s] running build_py
[4.978s] running install
[4.986s] running install_lib
[5.001s] running install_data
[5.003s] running install_egg_info
[5.010s] removing '/home/dev_ws/install/face_controller/lib/python3.8/site-packages/face_controller-0.0.0-py3.8.egg-info' (and everything under it)
[5.017s] Copying ../../build/face_controller/face_controller.egg-info to /home/dev_ws/install/face_controller/lib/python3.8/site-packages/face_controller-0.0.0-py3.8.egg-info
[5.024s] running install_scripts
[5.109s] Installing facial_expression script to /home/dev_ws/install/face_controller/lib/face_controller
[5.118s] writing list of installed files to '/home/dev_ws/build/face_controller/install.log'
[5.298s] Invoked command in '/home/dev_ws/src/face_controller' returned '0': PYTHONPATH=/home/dev_ws/install/face_controller/lib/python3.8/site-packages:${PYTHONPATH} /usr/bin/python3 setup.py egg_info --egg-base ../../build/face_controller build --build-base /home/dev_ws/build/face_controller/build install --prefix /home/dev_ws/install/face_controller --record /home/dev_ws/build/face_controller/install.log --single-version-externally-managed
