[2.258s] Invoking command in '/home/dev_ws/src/audio': PYTHONPATH=/home/dev_ws/install/audio/lib/python3.8/site-packages:${PYTHONPATH} /usr/bin/python3 setup.py egg_info --egg-base ../../build/audio build --build-base /home/dev_ws/build/audio/build install --prefix /home/dev_ws/install/audio --record /home/dev_ws/build/audio/install.log --single-version-externally-managed
[2.632s] running egg_info
[2.633s] writing ../../build/audio/audio.egg-info/PKG-INFO
[2.633s] writing dependency_links to ../../build/audio/audio.egg-info/dependency_links.txt
[2.634s] writing entry points to ../../build/audio/audio.egg-info/entry_points.txt
[2.634s] writing requirements to ../../build/audio/audio.egg-info/requires.txt
[2.634s] writing top-level names to ../../build/audio/audio.egg-info/top_level.txt
[2.690s] reading manifest file '../../build/audio/audio.egg-info/SOURCES.txt'
[2.691s] writing manifest file '../../build/audio/audio.egg-info/SOURCES.txt'
[2.691s] running build
[2.691s] running build_py
[2.692s] running install
[2.694s] running install_lib
[2.697s] running install_data
[2.698s] running install_egg_info
[2.701s] removing '/home/dev_ws/install/audio/lib/python3.8/site-packages/audio-0.0.0-py3.8.egg-info' (and everything under it)
[2.701s] Copying ../../build/audio/audio.egg-info to /home/dev_ws/install/audio/lib/python3.8/site-packages/audio-0.0.0-py3.8.egg-info
[2.704s] running install_scripts
[2.731s] Installing send_audio script to /home/dev_ws/install/audio/lib/audio
[2.733s] Installing speech_to_text script to /home/dev_ws/install/audio/lib/audio
[2.733s] writing list of installed files to '/home/dev_ws/build/audio/install.log'
[2.791s] Invoked command in '/home/dev_ws/src/audio' returned '0': PYTHONPATH=/home/dev_ws/install/audio/lib/python3.8/site-packages:${PYTHONPATH} /usr/bin/python3 setup.py egg_info --egg-base ../../build/audio build --build-base /home/dev_ws/build/audio/build install --prefix /home/dev_ws/install/audio --record /home/dev_ws/build/audio/install.log --single-version-externally-managed
