[4.168s] Invoking command in '/home/dev_ws/src/face_controller': PYTHONPATH=/home/dev_ws/install/face_controller/lib/python3.8/site-packages:${PYTHONPATH} /usr/bin/python3 setup.py egg_info --egg-base ../../build/face_controller build --build-base /home/dev_ws/build/face_controller/build install --prefix /home/dev_ws/install/face_controller --record /home/dev_ws/build/face_controller/install.log --single-version-externally-managed
[4.992s] running egg_info
[4.993s] writing ../../build/face_controller/face_controller.egg-info/PKG-INFO
[4.993s] writing dependency_links to ../../build/face_controller/face_controller.egg-info/dependency_links.txt
[4.994s] writing entry points to ../../build/face_controller/face_controller.egg-info/entry_points.txt
[4.995s] writing requirements to ../../build/face_controller/face_controller.egg-info/requires.txt
[4.995s] writing top-level names to ../../build/face_controller/face_controller.egg-info/top_level.txt
[5.133s] reading manifest file '../../build/face_controller/face_controller.egg-info/SOURCES.txt'
[5.140s] writing manifest file '../../build/face_controller/face_controller.egg-info/SOURCES.txt'
[5.141s] running build
[5.141s] running build_py
[5.142s] running install
[5.148s] running install_lib
[5.153s] running install_data
[5.158s] running install_egg_info
[5.167s] removing '/home/dev_ws/install/face_controller/lib/python3.8/site-packages/face_controller-0.0.0-py3.8.egg-info' (and everything under it)
[5.167s] Copying ../../build/face_controller/face_controller.egg-info to /home/dev_ws/install/face_controller/lib/python3.8/site-packages/face_controller-0.0.0-py3.8.egg-info
[5.169s] running install_scripts
[5.259s] Installing facial_expression script to /home/dev_ws/install/face_controller/lib/face_controller
[5.260s] writing list of installed files to '/home/dev_ws/build/face_controller/install.log'
[5.451s] Invoked command in '/home/dev_ws/src/face_controller' returned '0': PYTHONPATH=/home/dev_ws/install/face_controller/lib/python3.8/site-packages:${PYTHONPATH} /usr/bin/python3 setup.py egg_info --egg-base ../../build/face_controller build --build-base /home/dev_ws/build/face_controller/build install --prefix /home/dev_ws/install/face_controller --record /home/dev_ws/build/face_controller/install.log --single-version-externally-managed
